[2024-03-02T09:36:56.912-0300] {processor.py:161} INFO - Started process (PID=7749) to work on /home/victor/Área de Trabalho/airflow/venv/lib/python3.10/site-packages/airflow/example_dags/subdags/subdag.py
[2024-03-02T09:36:56.912-0300] {processor.py:830} INFO - Processing file /home/victor/Área de Trabalho/airflow/venv/lib/python3.10/site-packages/airflow/example_dags/subdags/subdag.py for tasks to queue
[2024-03-02T09:36:56.913-0300] {logging_mixin.py:188} INFO - [2024-03-02T09:36:56.912-0300] {dagbag.py:540} INFO - Filling up the DagBag from /home/victor/Área de Trabalho/airflow/venv/lib/python3.10/site-packages/airflow/example_dags/subdags/subdag.py
[2024-03-02T09:36:56.914-0300] {processor.py:842} WARNING - No viable dags retrieved from /home/victor/Área de Trabalho/airflow/venv/lib/python3.10/site-packages/airflow/example_dags/subdags/subdag.py
[2024-03-02T09:36:56.946-0300] {processor.py:183} INFO - Processing /home/victor/Área de Trabalho/airflow/venv/lib/python3.10/site-packages/airflow/example_dags/subdags/subdag.py took 0.037 seconds
[2024-03-02T09:37:27.676-0300] {processor.py:161} INFO - Started process (PID=9185) to work on /home/victor/Área de Trabalho/airflow/venv/lib/python3.10/site-packages/airflow/example_dags/subdags/subdag.py
[2024-03-02T09:37:27.677-0300] {processor.py:830} INFO - Processing file /home/victor/Área de Trabalho/airflow/venv/lib/python3.10/site-packages/airflow/example_dags/subdags/subdag.py for tasks to queue
[2024-03-02T09:37:27.678-0300] {logging_mixin.py:188} INFO - [2024-03-02T09:37:27.677-0300] {dagbag.py:540} INFO - Filling up the DagBag from /home/victor/Área de Trabalho/airflow/venv/lib/python3.10/site-packages/airflow/example_dags/subdags/subdag.py
[2024-03-02T09:37:27.680-0300] {processor.py:842} WARNING - No viable dags retrieved from /home/victor/Área de Trabalho/airflow/venv/lib/python3.10/site-packages/airflow/example_dags/subdags/subdag.py
[2024-03-02T09:37:27.698-0300] {processor.py:183} INFO - Processing /home/victor/Área de Trabalho/airflow/venv/lib/python3.10/site-packages/airflow/example_dags/subdags/subdag.py took 0.026 seconds
[2024-03-02T09:37:57.768-0300] {processor.py:161} INFO - Started process (PID=9691) to work on /home/victor/Área de Trabalho/airflow/venv/lib/python3.10/site-packages/airflow/example_dags/subdags/subdag.py
[2024-03-02T09:37:57.770-0300] {processor.py:830} INFO - Processing file /home/victor/Área de Trabalho/airflow/venv/lib/python3.10/site-packages/airflow/example_dags/subdags/subdag.py for tasks to queue
[2024-03-02T09:37:57.770-0300] {logging_mixin.py:188} INFO - [2024-03-02T09:37:57.770-0300] {dagbag.py:540} INFO - Filling up the DagBag from /home/victor/Área de Trabalho/airflow/venv/lib/python3.10/site-packages/airflow/example_dags/subdags/subdag.py
[2024-03-02T09:37:57.772-0300] {processor.py:842} WARNING - No viable dags retrieved from /home/victor/Área de Trabalho/airflow/venv/lib/python3.10/site-packages/airflow/example_dags/subdags/subdag.py
[2024-03-02T09:37:57.792-0300] {processor.py:183} INFO - Processing /home/victor/Área de Trabalho/airflow/venv/lib/python3.10/site-packages/airflow/example_dags/subdags/subdag.py took 0.026 seconds
[2024-03-02T09:38:28.111-0300] {processor.py:161} INFO - Started process (PID=10161) to work on /home/victor/Área de Trabalho/airflow/venv/lib/python3.10/site-packages/airflow/example_dags/subdags/subdag.py
[2024-03-02T09:38:28.112-0300] {processor.py:830} INFO - Processing file /home/victor/Área de Trabalho/airflow/venv/lib/python3.10/site-packages/airflow/example_dags/subdags/subdag.py for tasks to queue
[2024-03-02T09:38:28.113-0300] {logging_mixin.py:188} INFO - [2024-03-02T09:38:28.113-0300] {dagbag.py:540} INFO - Filling up the DagBag from /home/victor/Área de Trabalho/airflow/venv/lib/python3.10/site-packages/airflow/example_dags/subdags/subdag.py
[2024-03-02T09:38:28.115-0300] {processor.py:842} WARNING - No viable dags retrieved from /home/victor/Área de Trabalho/airflow/venv/lib/python3.10/site-packages/airflow/example_dags/subdags/subdag.py
[2024-03-02T09:38:28.137-0300] {processor.py:183} INFO - Processing /home/victor/Área de Trabalho/airflow/venv/lib/python3.10/site-packages/airflow/example_dags/subdags/subdag.py took 0.030 seconds
[2024-03-02T09:38:58.499-0300] {processor.py:161} INFO - Started process (PID=10569) to work on /home/victor/Área de Trabalho/airflow/venv/lib/python3.10/site-packages/airflow/example_dags/subdags/subdag.py
[2024-03-02T09:38:58.500-0300] {processor.py:830} INFO - Processing file /home/victor/Área de Trabalho/airflow/venv/lib/python3.10/site-packages/airflow/example_dags/subdags/subdag.py for tasks to queue
[2024-03-02T09:38:58.501-0300] {logging_mixin.py:188} INFO - [2024-03-02T09:38:58.501-0300] {dagbag.py:540} INFO - Filling up the DagBag from /home/victor/Área de Trabalho/airflow/venv/lib/python3.10/site-packages/airflow/example_dags/subdags/subdag.py
[2024-03-02T09:38:58.503-0300] {processor.py:842} WARNING - No viable dags retrieved from /home/victor/Área de Trabalho/airflow/venv/lib/python3.10/site-packages/airflow/example_dags/subdags/subdag.py
[2024-03-02T09:38:58.523-0300] {processor.py:183} INFO - Processing /home/victor/Área de Trabalho/airflow/venv/lib/python3.10/site-packages/airflow/example_dags/subdags/subdag.py took 0.028 seconds
[2024-03-02T09:39:28.850-0300] {processor.py:161} INFO - Started process (PID=11247) to work on /home/victor/Área de Trabalho/airflow/venv/lib/python3.10/site-packages/airflow/example_dags/subdags/subdag.py
[2024-03-02T09:39:28.852-0300] {processor.py:830} INFO - Processing file /home/victor/Área de Trabalho/airflow/venv/lib/python3.10/site-packages/airflow/example_dags/subdags/subdag.py for tasks to queue
[2024-03-02T09:39:28.853-0300] {logging_mixin.py:188} INFO - [2024-03-02T09:39:28.852-0300] {dagbag.py:540} INFO - Filling up the DagBag from /home/victor/Área de Trabalho/airflow/venv/lib/python3.10/site-packages/airflow/example_dags/subdags/subdag.py
[2024-03-02T09:39:28.855-0300] {processor.py:842} WARNING - No viable dags retrieved from /home/victor/Área de Trabalho/airflow/venv/lib/python3.10/site-packages/airflow/example_dags/subdags/subdag.py
[2024-03-02T09:39:28.874-0300] {processor.py:183} INFO - Processing /home/victor/Área de Trabalho/airflow/venv/lib/python3.10/site-packages/airflow/example_dags/subdags/subdag.py took 0.027 seconds
[2024-03-02T09:39:59.139-0300] {processor.py:161} INFO - Started process (PID=11792) to work on /home/victor/Área de Trabalho/airflow/venv/lib/python3.10/site-packages/airflow/example_dags/subdags/subdag.py
[2024-03-02T09:39:59.140-0300] {processor.py:830} INFO - Processing file /home/victor/Área de Trabalho/airflow/venv/lib/python3.10/site-packages/airflow/example_dags/subdags/subdag.py for tasks to queue
[2024-03-02T09:39:59.142-0300] {logging_mixin.py:188} INFO - [2024-03-02T09:39:59.141-0300] {dagbag.py:540} INFO - Filling up the DagBag from /home/victor/Área de Trabalho/airflow/venv/lib/python3.10/site-packages/airflow/example_dags/subdags/subdag.py
[2024-03-02T09:39:59.143-0300] {processor.py:842} WARNING - No viable dags retrieved from /home/victor/Área de Trabalho/airflow/venv/lib/python3.10/site-packages/airflow/example_dags/subdags/subdag.py
[2024-03-02T09:39:59.164-0300] {processor.py:183} INFO - Processing /home/victor/Área de Trabalho/airflow/venv/lib/python3.10/site-packages/airflow/example_dags/subdags/subdag.py took 0.028 seconds
[2024-03-02T09:40:29.322-0300] {processor.py:161} INFO - Started process (PID=12170) to work on /home/victor/Área de Trabalho/airflow/venv/lib/python3.10/site-packages/airflow/example_dags/subdags/subdag.py
[2024-03-02T09:40:29.323-0300] {processor.py:830} INFO - Processing file /home/victor/Área de Trabalho/airflow/venv/lib/python3.10/site-packages/airflow/example_dags/subdags/subdag.py for tasks to queue
[2024-03-02T09:40:29.323-0300] {logging_mixin.py:188} INFO - [2024-03-02T09:40:29.323-0300] {dagbag.py:540} INFO - Filling up the DagBag from /home/victor/Área de Trabalho/airflow/venv/lib/python3.10/site-packages/airflow/example_dags/subdags/subdag.py
[2024-03-02T09:40:29.325-0300] {processor.py:842} WARNING - No viable dags retrieved from /home/victor/Área de Trabalho/airflow/venv/lib/python3.10/site-packages/airflow/example_dags/subdags/subdag.py
[2024-03-02T09:40:29.347-0300] {processor.py:183} INFO - Processing /home/victor/Área de Trabalho/airflow/venv/lib/python3.10/site-packages/airflow/example_dags/subdags/subdag.py took 0.028 seconds
[2024-03-02T09:40:59.887-0300] {processor.py:161} INFO - Started process (PID=12647) to work on /home/victor/Área de Trabalho/airflow/venv/lib/python3.10/site-packages/airflow/example_dags/subdags/subdag.py
[2024-03-02T09:40:59.888-0300] {processor.py:830} INFO - Processing file /home/victor/Área de Trabalho/airflow/venv/lib/python3.10/site-packages/airflow/example_dags/subdags/subdag.py for tasks to queue
[2024-03-02T09:40:59.889-0300] {logging_mixin.py:188} INFO - [2024-03-02T09:40:59.889-0300] {dagbag.py:540} INFO - Filling up the DagBag from /home/victor/Área de Trabalho/airflow/venv/lib/python3.10/site-packages/airflow/example_dags/subdags/subdag.py
[2024-03-02T09:40:59.891-0300] {processor.py:842} WARNING - No viable dags retrieved from /home/victor/Área de Trabalho/airflow/venv/lib/python3.10/site-packages/airflow/example_dags/subdags/subdag.py
[2024-03-02T09:40:59.912-0300] {processor.py:183} INFO - Processing /home/victor/Área de Trabalho/airflow/venv/lib/python3.10/site-packages/airflow/example_dags/subdags/subdag.py took 0.027 seconds
[2024-03-02T09:41:29.968-0300] {processor.py:161} INFO - Started process (PID=12962) to work on /home/victor/Área de Trabalho/airflow/venv/lib/python3.10/site-packages/airflow/example_dags/subdags/subdag.py
[2024-03-02T09:41:29.973-0300] {processor.py:830} INFO - Processing file /home/victor/Área de Trabalho/airflow/venv/lib/python3.10/site-packages/airflow/example_dags/subdags/subdag.py for tasks to queue
[2024-03-02T09:41:29.975-0300] {logging_mixin.py:188} INFO - [2024-03-02T09:41:29.974-0300] {dagbag.py:540} INFO - Filling up the DagBag from /home/victor/Área de Trabalho/airflow/venv/lib/python3.10/site-packages/airflow/example_dags/subdags/subdag.py
[2024-03-02T09:41:29.977-0300] {processor.py:842} WARNING - No viable dags retrieved from /home/victor/Área de Trabalho/airflow/venv/lib/python3.10/site-packages/airflow/example_dags/subdags/subdag.py
[2024-03-02T09:41:30.005-0300] {processor.py:183} INFO - Processing /home/victor/Área de Trabalho/airflow/venv/lib/python3.10/site-packages/airflow/example_dags/subdags/subdag.py took 0.041 seconds
[2024-03-02T09:42:00.559-0300] {processor.py:161} INFO - Started process (PID=13443) to work on /home/victor/Área de Trabalho/airflow/venv/lib/python3.10/site-packages/airflow/example_dags/subdags/subdag.py
[2024-03-02T09:42:00.560-0300] {processor.py:830} INFO - Processing file /home/victor/Área de Trabalho/airflow/venv/lib/python3.10/site-packages/airflow/example_dags/subdags/subdag.py for tasks to queue
[2024-03-02T09:42:00.561-0300] {logging_mixin.py:188} INFO - [2024-03-02T09:42:00.561-0300] {dagbag.py:540} INFO - Filling up the DagBag from /home/victor/Área de Trabalho/airflow/venv/lib/python3.10/site-packages/airflow/example_dags/subdags/subdag.py
[2024-03-02T09:42:00.563-0300] {processor.py:842} WARNING - No viable dags retrieved from /home/victor/Área de Trabalho/airflow/venv/lib/python3.10/site-packages/airflow/example_dags/subdags/subdag.py
[2024-03-02T09:42:00.583-0300] {processor.py:183} INFO - Processing /home/victor/Área de Trabalho/airflow/venv/lib/python3.10/site-packages/airflow/example_dags/subdags/subdag.py took 0.026 seconds
[2024-03-02T09:42:31.518-0300] {processor.py:161} INFO - Started process (PID=13916) to work on /home/victor/Área de Trabalho/airflow/venv/lib/python3.10/site-packages/airflow/example_dags/subdags/subdag.py
[2024-03-02T09:42:31.520-0300] {processor.py:830} INFO - Processing file /home/victor/Área de Trabalho/airflow/venv/lib/python3.10/site-packages/airflow/example_dags/subdags/subdag.py for tasks to queue
[2024-03-02T09:42:31.520-0300] {logging_mixin.py:188} INFO - [2024-03-02T09:42:31.520-0300] {dagbag.py:540} INFO - Filling up the DagBag from /home/victor/Área de Trabalho/airflow/venv/lib/python3.10/site-packages/airflow/example_dags/subdags/subdag.py
[2024-03-02T09:42:31.522-0300] {processor.py:842} WARNING - No viable dags retrieved from /home/victor/Área de Trabalho/airflow/venv/lib/python3.10/site-packages/airflow/example_dags/subdags/subdag.py
[2024-03-02T09:42:31.542-0300] {processor.py:183} INFO - Processing /home/victor/Área de Trabalho/airflow/venv/lib/python3.10/site-packages/airflow/example_dags/subdags/subdag.py took 0.026 seconds
[2024-03-02T09:43:01.713-0300] {processor.py:161} INFO - Started process (PID=14394) to work on /home/victor/Área de Trabalho/airflow/venv/lib/python3.10/site-packages/airflow/example_dags/subdags/subdag.py
[2024-03-02T09:43:01.715-0300] {processor.py:830} INFO - Processing file /home/victor/Área de Trabalho/airflow/venv/lib/python3.10/site-packages/airflow/example_dags/subdags/subdag.py for tasks to queue
[2024-03-02T09:43:01.716-0300] {logging_mixin.py:188} INFO - [2024-03-02T09:43:01.716-0300] {dagbag.py:540} INFO - Filling up the DagBag from /home/victor/Área de Trabalho/airflow/venv/lib/python3.10/site-packages/airflow/example_dags/subdags/subdag.py
[2024-03-02T09:43:01.718-0300] {processor.py:842} WARNING - No viable dags retrieved from /home/victor/Área de Trabalho/airflow/venv/lib/python3.10/site-packages/airflow/example_dags/subdags/subdag.py
[2024-03-02T09:43:01.739-0300] {processor.py:183} INFO - Processing /home/victor/Área de Trabalho/airflow/venv/lib/python3.10/site-packages/airflow/example_dags/subdags/subdag.py took 0.029 seconds
[2024-03-02T09:43:32.740-0300] {processor.py:161} INFO - Started process (PID=14716) to work on /home/victor/Área de Trabalho/airflow/venv/lib/python3.10/site-packages/airflow/example_dags/subdags/subdag.py
[2024-03-02T09:43:32.741-0300] {processor.py:830} INFO - Processing file /home/victor/Área de Trabalho/airflow/venv/lib/python3.10/site-packages/airflow/example_dags/subdags/subdag.py for tasks to queue
[2024-03-02T09:43:32.742-0300] {logging_mixin.py:188} INFO - [2024-03-02T09:43:32.741-0300] {dagbag.py:540} INFO - Filling up the DagBag from /home/victor/Área de Trabalho/airflow/venv/lib/python3.10/site-packages/airflow/example_dags/subdags/subdag.py
[2024-03-02T09:43:32.743-0300] {processor.py:842} WARNING - No viable dags retrieved from /home/victor/Área de Trabalho/airflow/venv/lib/python3.10/site-packages/airflow/example_dags/subdags/subdag.py
[2024-03-02T09:43:32.762-0300] {processor.py:183} INFO - Processing /home/victor/Área de Trabalho/airflow/venv/lib/python3.10/site-packages/airflow/example_dags/subdags/subdag.py took 0.025 seconds
[2024-03-02T09:44:03.159-0300] {processor.py:161} INFO - Started process (PID=15198) to work on /home/victor/Área de Trabalho/airflow/venv/lib/python3.10/site-packages/airflow/example_dags/subdags/subdag.py
[2024-03-02T09:44:03.160-0300] {processor.py:830} INFO - Processing file /home/victor/Área de Trabalho/airflow/venv/lib/python3.10/site-packages/airflow/example_dags/subdags/subdag.py for tasks to queue
[2024-03-02T09:44:03.161-0300] {logging_mixin.py:188} INFO - [2024-03-02T09:44:03.161-0300] {dagbag.py:540} INFO - Filling up the DagBag from /home/victor/Área de Trabalho/airflow/venv/lib/python3.10/site-packages/airflow/example_dags/subdags/subdag.py
[2024-03-02T09:44:03.163-0300] {processor.py:842} WARNING - No viable dags retrieved from /home/victor/Área de Trabalho/airflow/venv/lib/python3.10/site-packages/airflow/example_dags/subdags/subdag.py
[2024-03-02T09:44:03.184-0300] {processor.py:183} INFO - Processing /home/victor/Área de Trabalho/airflow/venv/lib/python3.10/site-packages/airflow/example_dags/subdags/subdag.py took 0.028 seconds
[2024-03-02T09:44:33.732-0300] {processor.py:161} INFO - Started process (PID=15521) to work on /home/victor/Área de Trabalho/airflow/venv/lib/python3.10/site-packages/airflow/example_dags/subdags/subdag.py
[2024-03-02T09:44:33.734-0300] {processor.py:830} INFO - Processing file /home/victor/Área de Trabalho/airflow/venv/lib/python3.10/site-packages/airflow/example_dags/subdags/subdag.py for tasks to queue
[2024-03-02T09:44:33.734-0300] {logging_mixin.py:188} INFO - [2024-03-02T09:44:33.734-0300] {dagbag.py:540} INFO - Filling up the DagBag from /home/victor/Área de Trabalho/airflow/venv/lib/python3.10/site-packages/airflow/example_dags/subdags/subdag.py
[2024-03-02T09:44:33.736-0300] {processor.py:842} WARNING - No viable dags retrieved from /home/victor/Área de Trabalho/airflow/venv/lib/python3.10/site-packages/airflow/example_dags/subdags/subdag.py
[2024-03-02T09:44:33.759-0300] {processor.py:183} INFO - Processing /home/victor/Área de Trabalho/airflow/venv/lib/python3.10/site-packages/airflow/example_dags/subdags/subdag.py took 0.030 seconds
[2024-03-02T09:45:04.428-0300] {processor.py:161} INFO - Started process (PID=16006) to work on /home/victor/Área de Trabalho/airflow/venv/lib/python3.10/site-packages/airflow/example_dags/subdags/subdag.py
[2024-03-02T09:45:04.428-0300] {processor.py:830} INFO - Processing file /home/victor/Área de Trabalho/airflow/venv/lib/python3.10/site-packages/airflow/example_dags/subdags/subdag.py for tasks to queue
[2024-03-02T09:45:04.429-0300] {logging_mixin.py:188} INFO - [2024-03-02T09:45:04.429-0300] {dagbag.py:540} INFO - Filling up the DagBag from /home/victor/Área de Trabalho/airflow/venv/lib/python3.10/site-packages/airflow/example_dags/subdags/subdag.py
[2024-03-02T09:45:04.431-0300] {processor.py:842} WARNING - No viable dags retrieved from /home/victor/Área de Trabalho/airflow/venv/lib/python3.10/site-packages/airflow/example_dags/subdags/subdag.py
[2024-03-02T09:45:04.455-0300] {processor.py:183} INFO - Processing /home/victor/Área de Trabalho/airflow/venv/lib/python3.10/site-packages/airflow/example_dags/subdags/subdag.py took 0.030 seconds
[2024-03-02T09:45:34.760-0300] {processor.py:161} INFO - Started process (PID=16513) to work on /home/victor/Área de Trabalho/airflow/venv/lib/python3.10/site-packages/airflow/example_dags/subdags/subdag.py
[2024-03-02T09:45:34.762-0300] {processor.py:830} INFO - Processing file /home/victor/Área de Trabalho/airflow/venv/lib/python3.10/site-packages/airflow/example_dags/subdags/subdag.py for tasks to queue
[2024-03-02T09:45:34.763-0300] {logging_mixin.py:188} INFO - [2024-03-02T09:45:34.762-0300] {dagbag.py:540} INFO - Filling up the DagBag from /home/victor/Área de Trabalho/airflow/venv/lib/python3.10/site-packages/airflow/example_dags/subdags/subdag.py
[2024-03-02T09:45:34.765-0300] {processor.py:842} WARNING - No viable dags retrieved from /home/victor/Área de Trabalho/airflow/venv/lib/python3.10/site-packages/airflow/example_dags/subdags/subdag.py
[2024-03-02T09:45:34.784-0300] {processor.py:183} INFO - Processing /home/victor/Área de Trabalho/airflow/venv/lib/python3.10/site-packages/airflow/example_dags/subdags/subdag.py took 0.027 seconds
[2024-03-02T09:46:05.167-0300] {processor.py:161} INFO - Started process (PID=16997) to work on /home/victor/Área de Trabalho/airflow/venv/lib/python3.10/site-packages/airflow/example_dags/subdags/subdag.py
[2024-03-02T09:46:05.168-0300] {processor.py:830} INFO - Processing file /home/victor/Área de Trabalho/airflow/venv/lib/python3.10/site-packages/airflow/example_dags/subdags/subdag.py for tasks to queue
[2024-03-02T09:46:05.169-0300] {logging_mixin.py:188} INFO - [2024-03-02T09:46:05.168-0300] {dagbag.py:540} INFO - Filling up the DagBag from /home/victor/Área de Trabalho/airflow/venv/lib/python3.10/site-packages/airflow/example_dags/subdags/subdag.py
[2024-03-02T09:46:05.171-0300] {processor.py:842} WARNING - No viable dags retrieved from /home/victor/Área de Trabalho/airflow/venv/lib/python3.10/site-packages/airflow/example_dags/subdags/subdag.py
[2024-03-02T09:46:05.191-0300] {processor.py:183} INFO - Processing /home/victor/Área de Trabalho/airflow/venv/lib/python3.10/site-packages/airflow/example_dags/subdags/subdag.py took 0.027 seconds
[2024-03-02T09:46:36.034-0300] {processor.py:161} INFO - Started process (PID=17319) to work on /home/victor/Área de Trabalho/airflow/venv/lib/python3.10/site-packages/airflow/example_dags/subdags/subdag.py
[2024-03-02T09:46:36.035-0300] {processor.py:830} INFO - Processing file /home/victor/Área de Trabalho/airflow/venv/lib/python3.10/site-packages/airflow/example_dags/subdags/subdag.py for tasks to queue
[2024-03-02T09:46:36.036-0300] {logging_mixin.py:188} INFO - [2024-03-02T09:46:36.036-0300] {dagbag.py:540} INFO - Filling up the DagBag from /home/victor/Área de Trabalho/airflow/venv/lib/python3.10/site-packages/airflow/example_dags/subdags/subdag.py
[2024-03-02T09:46:36.038-0300] {processor.py:842} WARNING - No viable dags retrieved from /home/victor/Área de Trabalho/airflow/venv/lib/python3.10/site-packages/airflow/example_dags/subdags/subdag.py
[2024-03-02T09:46:36.058-0300] {processor.py:183} INFO - Processing /home/victor/Área de Trabalho/airflow/venv/lib/python3.10/site-packages/airflow/example_dags/subdags/subdag.py took 0.029 seconds
[2024-03-02T09:47:06.640-0300] {processor.py:161} INFO - Started process (PID=17984) to work on /home/victor/Área de Trabalho/airflow/venv/lib/python3.10/site-packages/airflow/example_dags/subdags/subdag.py
[2024-03-02T09:47:06.642-0300] {processor.py:830} INFO - Processing file /home/victor/Área de Trabalho/airflow/venv/lib/python3.10/site-packages/airflow/example_dags/subdags/subdag.py for tasks to queue
[2024-03-02T09:47:06.643-0300] {logging_mixin.py:188} INFO - [2024-03-02T09:47:06.643-0300] {dagbag.py:540} INFO - Filling up the DagBag from /home/victor/Área de Trabalho/airflow/venv/lib/python3.10/site-packages/airflow/example_dags/subdags/subdag.py
[2024-03-02T09:47:06.645-0300] {processor.py:842} WARNING - No viable dags retrieved from /home/victor/Área de Trabalho/airflow/venv/lib/python3.10/site-packages/airflow/example_dags/subdags/subdag.py
[2024-03-02T09:47:06.665-0300] {processor.py:183} INFO - Processing /home/victor/Área de Trabalho/airflow/venv/lib/python3.10/site-packages/airflow/example_dags/subdags/subdag.py took 0.027 seconds
[2024-03-02T09:47:37.626-0300] {processor.py:161} INFO - Started process (PID=18298) to work on /home/victor/Área de Trabalho/airflow/venv/lib/python3.10/site-packages/airflow/example_dags/subdags/subdag.py
[2024-03-02T09:47:37.629-0300] {processor.py:830} INFO - Processing file /home/victor/Área de Trabalho/airflow/venv/lib/python3.10/site-packages/airflow/example_dags/subdags/subdag.py for tasks to queue
[2024-03-02T09:47:37.630-0300] {logging_mixin.py:188} INFO - [2024-03-02T09:47:37.630-0300] {dagbag.py:540} INFO - Filling up the DagBag from /home/victor/Área de Trabalho/airflow/venv/lib/python3.10/site-packages/airflow/example_dags/subdags/subdag.py
[2024-03-02T09:47:37.632-0300] {processor.py:842} WARNING - No viable dags retrieved from /home/victor/Área de Trabalho/airflow/venv/lib/python3.10/site-packages/airflow/example_dags/subdags/subdag.py
[2024-03-02T09:47:37.653-0300] {processor.py:183} INFO - Processing /home/victor/Área de Trabalho/airflow/venv/lib/python3.10/site-packages/airflow/example_dags/subdags/subdag.py took 0.029 seconds
[2024-03-02T09:48:08.234-0300] {processor.py:161} INFO - Started process (PID=18784) to work on /home/victor/Área de Trabalho/airflow/venv/lib/python3.10/site-packages/airflow/example_dags/subdags/subdag.py
[2024-03-02T09:48:08.235-0300] {processor.py:830} INFO - Processing file /home/victor/Área de Trabalho/airflow/venv/lib/python3.10/site-packages/airflow/example_dags/subdags/subdag.py for tasks to queue
[2024-03-02T09:48:08.236-0300] {logging_mixin.py:188} INFO - [2024-03-02T09:48:08.235-0300] {dagbag.py:540} INFO - Filling up the DagBag from /home/victor/Área de Trabalho/airflow/venv/lib/python3.10/site-packages/airflow/example_dags/subdags/subdag.py
[2024-03-02T09:48:08.238-0300] {processor.py:842} WARNING - No viable dags retrieved from /home/victor/Área de Trabalho/airflow/venv/lib/python3.10/site-packages/airflow/example_dags/subdags/subdag.py
[2024-03-02T09:48:08.263-0300] {processor.py:183} INFO - Processing /home/victor/Área de Trabalho/airflow/venv/lib/python3.10/site-packages/airflow/example_dags/subdags/subdag.py took 0.032 seconds
[2024-03-02T09:48:38.854-0300] {processor.py:161} INFO - Started process (PID=19127) to work on /home/victor/Área de Trabalho/airflow/venv/lib/python3.10/site-packages/airflow/example_dags/subdags/subdag.py
[2024-03-02T09:48:38.856-0300] {processor.py:830} INFO - Processing file /home/victor/Área de Trabalho/airflow/venv/lib/python3.10/site-packages/airflow/example_dags/subdags/subdag.py for tasks to queue
[2024-03-02T09:48:38.857-0300] {logging_mixin.py:188} INFO - [2024-03-02T09:48:38.856-0300] {dagbag.py:540} INFO - Filling up the DagBag from /home/victor/Área de Trabalho/airflow/venv/lib/python3.10/site-packages/airflow/example_dags/subdags/subdag.py
[2024-03-02T09:48:38.858-0300] {processor.py:842} WARNING - No viable dags retrieved from /home/victor/Área de Trabalho/airflow/venv/lib/python3.10/site-packages/airflow/example_dags/subdags/subdag.py
[2024-03-02T09:48:38.877-0300] {processor.py:183} INFO - Processing /home/victor/Área de Trabalho/airflow/venv/lib/python3.10/site-packages/airflow/example_dags/subdags/subdag.py took 0.026 seconds
[2024-03-02T09:49:09.722-0300] {processor.py:161} INFO - Started process (PID=19609) to work on /home/victor/Área de Trabalho/airflow/venv/lib/python3.10/site-packages/airflow/example_dags/subdags/subdag.py
[2024-03-02T09:49:09.723-0300] {processor.py:830} INFO - Processing file /home/victor/Área de Trabalho/airflow/venv/lib/python3.10/site-packages/airflow/example_dags/subdags/subdag.py for tasks to queue
[2024-03-02T09:49:09.725-0300] {logging_mixin.py:188} INFO - [2024-03-02T09:49:09.724-0300] {dagbag.py:540} INFO - Filling up the DagBag from /home/victor/Área de Trabalho/airflow/venv/lib/python3.10/site-packages/airflow/example_dags/subdags/subdag.py
[2024-03-02T09:49:09.727-0300] {processor.py:842} WARNING - No viable dags retrieved from /home/victor/Área de Trabalho/airflow/venv/lib/python3.10/site-packages/airflow/example_dags/subdags/subdag.py
[2024-03-02T09:49:09.752-0300] {processor.py:183} INFO - Processing /home/victor/Área de Trabalho/airflow/venv/lib/python3.10/site-packages/airflow/example_dags/subdags/subdag.py took 0.034 seconds
[2024-03-02T09:49:40.491-0300] {processor.py:161} INFO - Started process (PID=19931) to work on /home/victor/Área de Trabalho/airflow/venv/lib/python3.10/site-packages/airflow/example_dags/subdags/subdag.py
[2024-03-02T09:49:40.492-0300] {processor.py:830} INFO - Processing file /home/victor/Área de Trabalho/airflow/venv/lib/python3.10/site-packages/airflow/example_dags/subdags/subdag.py for tasks to queue
[2024-03-02T09:49:40.492-0300] {logging_mixin.py:188} INFO - [2024-03-02T09:49:40.492-0300] {dagbag.py:540} INFO - Filling up the DagBag from /home/victor/Área de Trabalho/airflow/venv/lib/python3.10/site-packages/airflow/example_dags/subdags/subdag.py
[2024-03-02T09:49:40.494-0300] {processor.py:842} WARNING - No viable dags retrieved from /home/victor/Área de Trabalho/airflow/venv/lib/python3.10/site-packages/airflow/example_dags/subdags/subdag.py
[2024-03-02T09:49:40.513-0300] {processor.py:183} INFO - Processing /home/victor/Área de Trabalho/airflow/venv/lib/python3.10/site-packages/airflow/example_dags/subdags/subdag.py took 0.025 seconds
[2024-03-02T09:50:11.139-0300] {processor.py:161} INFO - Started process (PID=20412) to work on /home/victor/Área de Trabalho/airflow/venv/lib/python3.10/site-packages/airflow/example_dags/subdags/subdag.py
[2024-03-02T09:50:11.140-0300] {processor.py:830} INFO - Processing file /home/victor/Área de Trabalho/airflow/venv/lib/python3.10/site-packages/airflow/example_dags/subdags/subdag.py for tasks to queue
[2024-03-02T09:50:11.141-0300] {logging_mixin.py:188} INFO - [2024-03-02T09:50:11.141-0300] {dagbag.py:540} INFO - Filling up the DagBag from /home/victor/Área de Trabalho/airflow/venv/lib/python3.10/site-packages/airflow/example_dags/subdags/subdag.py
[2024-03-02T09:50:11.143-0300] {processor.py:842} WARNING - No viable dags retrieved from /home/victor/Área de Trabalho/airflow/venv/lib/python3.10/site-packages/airflow/example_dags/subdags/subdag.py
[2024-03-02T09:50:11.162-0300] {processor.py:183} INFO - Processing /home/victor/Área de Trabalho/airflow/venv/lib/python3.10/site-packages/airflow/example_dags/subdags/subdag.py took 0.026 seconds
[2024-03-02T09:50:41.549-0300] {processor.py:161} INFO - Started process (PID=20748) to work on /home/victor/Área de Trabalho/airflow/venv/lib/python3.10/site-packages/airflow/example_dags/subdags/subdag.py
[2024-03-02T09:50:41.550-0300] {processor.py:830} INFO - Processing file /home/victor/Área de Trabalho/airflow/venv/lib/python3.10/site-packages/airflow/example_dags/subdags/subdag.py for tasks to queue
[2024-03-02T09:50:41.550-0300] {logging_mixin.py:188} INFO - [2024-03-02T09:50:41.550-0300] {dagbag.py:540} INFO - Filling up the DagBag from /home/victor/Área de Trabalho/airflow/venv/lib/python3.10/site-packages/airflow/example_dags/subdags/subdag.py
[2024-03-02T09:50:41.552-0300] {processor.py:842} WARNING - No viable dags retrieved from /home/victor/Área de Trabalho/airflow/venv/lib/python3.10/site-packages/airflow/example_dags/subdags/subdag.py
[2024-03-02T09:50:41.573-0300] {processor.py:183} INFO - Processing /home/victor/Área de Trabalho/airflow/venv/lib/python3.10/site-packages/airflow/example_dags/subdags/subdag.py took 0.026 seconds
[2024-03-02T09:51:12.321-0300] {processor.py:161} INFO - Started process (PID=21251) to work on /home/victor/Área de Trabalho/airflow/venv/lib/python3.10/site-packages/airflow/example_dags/subdags/subdag.py
[2024-03-02T09:51:12.322-0300] {processor.py:830} INFO - Processing file /home/victor/Área de Trabalho/airflow/venv/lib/python3.10/site-packages/airflow/example_dags/subdags/subdag.py for tasks to queue
[2024-03-02T09:51:12.323-0300] {logging_mixin.py:188} INFO - [2024-03-02T09:51:12.323-0300] {dagbag.py:540} INFO - Filling up the DagBag from /home/victor/Área de Trabalho/airflow/venv/lib/python3.10/site-packages/airflow/example_dags/subdags/subdag.py
[2024-03-02T09:51:12.325-0300] {processor.py:842} WARNING - No viable dags retrieved from /home/victor/Área de Trabalho/airflow/venv/lib/python3.10/site-packages/airflow/example_dags/subdags/subdag.py
[2024-03-02T09:51:12.345-0300] {processor.py:183} INFO - Processing /home/victor/Área de Trabalho/airflow/venv/lib/python3.10/site-packages/airflow/example_dags/subdags/subdag.py took 0.027 seconds
[2024-03-02T09:51:42.844-0300] {processor.py:161} INFO - Started process (PID=21572) to work on /home/victor/Área de Trabalho/airflow/venv/lib/python3.10/site-packages/airflow/example_dags/subdags/subdag.py
[2024-03-02T09:51:42.845-0300] {processor.py:830} INFO - Processing file /home/victor/Área de Trabalho/airflow/venv/lib/python3.10/site-packages/airflow/example_dags/subdags/subdag.py for tasks to queue
[2024-03-02T09:51:42.846-0300] {logging_mixin.py:188} INFO - [2024-03-02T09:51:42.845-0300] {dagbag.py:540} INFO - Filling up the DagBag from /home/victor/Área de Trabalho/airflow/venv/lib/python3.10/site-packages/airflow/example_dags/subdags/subdag.py
[2024-03-02T09:51:42.847-0300] {processor.py:842} WARNING - No viable dags retrieved from /home/victor/Área de Trabalho/airflow/venv/lib/python3.10/site-packages/airflow/example_dags/subdags/subdag.py
[2024-03-02T09:51:42.867-0300] {processor.py:183} INFO - Processing /home/victor/Área de Trabalho/airflow/venv/lib/python3.10/site-packages/airflow/example_dags/subdags/subdag.py took 0.026 seconds
[2024-03-02T09:52:13.522-0300] {processor.py:161} INFO - Started process (PID=22215) to work on /home/victor/Área de Trabalho/airflow/venv/lib/python3.10/site-packages/airflow/example_dags/subdags/subdag.py
[2024-03-02T09:52:13.524-0300] {processor.py:830} INFO - Processing file /home/victor/Área de Trabalho/airflow/venv/lib/python3.10/site-packages/airflow/example_dags/subdags/subdag.py for tasks to queue
[2024-03-02T09:52:13.525-0300] {logging_mixin.py:188} INFO - [2024-03-02T09:52:13.525-0300] {dagbag.py:540} INFO - Filling up the DagBag from /home/victor/Área de Trabalho/airflow/venv/lib/python3.10/site-packages/airflow/example_dags/subdags/subdag.py
[2024-03-02T09:52:13.527-0300] {processor.py:842} WARNING - No viable dags retrieved from /home/victor/Área de Trabalho/airflow/venv/lib/python3.10/site-packages/airflow/example_dags/subdags/subdag.py
[2024-03-02T09:52:13.547-0300] {processor.py:183} INFO - Processing /home/victor/Área de Trabalho/airflow/venv/lib/python3.10/site-packages/airflow/example_dags/subdags/subdag.py took 0.027 seconds
[2024-03-02T09:52:44.219-0300] {processor.py:161} INFO - Started process (PID=22538) to work on /home/victor/Área de Trabalho/airflow/venv/lib/python3.10/site-packages/airflow/example_dags/subdags/subdag.py
[2024-03-02T09:52:44.219-0300] {processor.py:830} INFO - Processing file /home/victor/Área de Trabalho/airflow/venv/lib/python3.10/site-packages/airflow/example_dags/subdags/subdag.py for tasks to queue
[2024-03-02T09:52:44.220-0300] {logging_mixin.py:188} INFO - [2024-03-02T09:52:44.220-0300] {dagbag.py:540} INFO - Filling up the DagBag from /home/victor/Área de Trabalho/airflow/venv/lib/python3.10/site-packages/airflow/example_dags/subdags/subdag.py
[2024-03-02T09:52:44.222-0300] {processor.py:842} WARNING - No viable dags retrieved from /home/victor/Área de Trabalho/airflow/venv/lib/python3.10/site-packages/airflow/example_dags/subdags/subdag.py
[2024-03-02T09:52:44.242-0300] {processor.py:183} INFO - Processing /home/victor/Área de Trabalho/airflow/venv/lib/python3.10/site-packages/airflow/example_dags/subdags/subdag.py took 0.027 seconds
[2024-03-02T09:53:14.857-0300] {processor.py:161} INFO - Started process (PID=23024) to work on /home/victor/Área de Trabalho/airflow/venv/lib/python3.10/site-packages/airflow/example_dags/subdags/subdag.py
[2024-03-02T09:53:14.858-0300] {processor.py:830} INFO - Processing file /home/victor/Área de Trabalho/airflow/venv/lib/python3.10/site-packages/airflow/example_dags/subdags/subdag.py for tasks to queue
[2024-03-02T09:53:14.859-0300] {logging_mixin.py:188} INFO - [2024-03-02T09:53:14.859-0300] {dagbag.py:540} INFO - Filling up the DagBag from /home/victor/Área de Trabalho/airflow/venv/lib/python3.10/site-packages/airflow/example_dags/subdags/subdag.py
[2024-03-02T09:53:14.861-0300] {processor.py:842} WARNING - No viable dags retrieved from /home/victor/Área de Trabalho/airflow/venv/lib/python3.10/site-packages/airflow/example_dags/subdags/subdag.py
[2024-03-02T09:53:14.880-0300] {processor.py:183} INFO - Processing /home/victor/Área de Trabalho/airflow/venv/lib/python3.10/site-packages/airflow/example_dags/subdags/subdag.py took 0.027 seconds
[2024-03-02T09:53:45.264-0300] {processor.py:161} INFO - Started process (PID=23345) to work on /home/victor/Área de Trabalho/airflow/venv/lib/python3.10/site-packages/airflow/example_dags/subdags/subdag.py
[2024-03-02T09:53:45.265-0300] {processor.py:830} INFO - Processing file /home/victor/Área de Trabalho/airflow/venv/lib/python3.10/site-packages/airflow/example_dags/subdags/subdag.py for tasks to queue
[2024-03-02T09:53:45.265-0300] {logging_mixin.py:188} INFO - [2024-03-02T09:53:45.265-0300] {dagbag.py:540} INFO - Filling up the DagBag from /home/victor/Área de Trabalho/airflow/venv/lib/python3.10/site-packages/airflow/example_dags/subdags/subdag.py
[2024-03-02T09:53:45.267-0300] {processor.py:842} WARNING - No viable dags retrieved from /home/victor/Área de Trabalho/airflow/venv/lib/python3.10/site-packages/airflow/example_dags/subdags/subdag.py
[2024-03-02T09:53:45.286-0300] {processor.py:183} INFO - Processing /home/victor/Área de Trabalho/airflow/venv/lib/python3.10/site-packages/airflow/example_dags/subdags/subdag.py took 0.025 seconds
[2024-03-02T09:54:16.111-0300] {processor.py:161} INFO - Started process (PID=23987) to work on /home/victor/Área de Trabalho/airflow/venv/lib/python3.10/site-packages/airflow/example_dags/subdags/subdag.py
[2024-03-02T09:54:16.113-0300] {processor.py:830} INFO - Processing file /home/victor/Área de Trabalho/airflow/venv/lib/python3.10/site-packages/airflow/example_dags/subdags/subdag.py for tasks to queue
[2024-03-02T09:54:16.115-0300] {logging_mixin.py:188} INFO - [2024-03-02T09:54:16.114-0300] {dagbag.py:540} INFO - Filling up the DagBag from /home/victor/Área de Trabalho/airflow/venv/lib/python3.10/site-packages/airflow/example_dags/subdags/subdag.py
[2024-03-02T09:54:16.117-0300] {processor.py:842} WARNING - No viable dags retrieved from /home/victor/Área de Trabalho/airflow/venv/lib/python3.10/site-packages/airflow/example_dags/subdags/subdag.py
[2024-03-02T09:54:16.139-0300] {processor.py:183} INFO - Processing /home/victor/Área de Trabalho/airflow/venv/lib/python3.10/site-packages/airflow/example_dags/subdags/subdag.py took 0.031 seconds
[2024-03-02T09:54:46.341-0300] {processor.py:161} INFO - Started process (PID=24338) to work on /home/victor/Área de Trabalho/airflow/venv/lib/python3.10/site-packages/airflow/example_dags/subdags/subdag.py
[2024-03-02T09:54:46.342-0300] {processor.py:830} INFO - Processing file /home/victor/Área de Trabalho/airflow/venv/lib/python3.10/site-packages/airflow/example_dags/subdags/subdag.py for tasks to queue
[2024-03-02T09:54:46.343-0300] {logging_mixin.py:188} INFO - [2024-03-02T09:54:46.342-0300] {dagbag.py:540} INFO - Filling up the DagBag from /home/victor/Área de Trabalho/airflow/venv/lib/python3.10/site-packages/airflow/example_dags/subdags/subdag.py
[2024-03-02T09:54:46.345-0300] {processor.py:842} WARNING - No viable dags retrieved from /home/victor/Área de Trabalho/airflow/venv/lib/python3.10/site-packages/airflow/example_dags/subdags/subdag.py
[2024-03-02T09:54:46.367-0300] {processor.py:183} INFO - Processing /home/victor/Área de Trabalho/airflow/venv/lib/python3.10/site-packages/airflow/example_dags/subdags/subdag.py took 0.029 seconds
[2024-03-02T09:55:16.870-0300] {processor.py:161} INFO - Started process (PID=25020) to work on /home/victor/Área de Trabalho/airflow/venv/lib/python3.10/site-packages/airflow/example_dags/subdags/subdag.py
[2024-03-02T09:55:16.871-0300] {processor.py:830} INFO - Processing file /home/victor/Área de Trabalho/airflow/venv/lib/python3.10/site-packages/airflow/example_dags/subdags/subdag.py for tasks to queue
[2024-03-02T09:55:16.872-0300] {logging_mixin.py:188} INFO - [2024-03-02T09:55:16.871-0300] {dagbag.py:540} INFO - Filling up the DagBag from /home/victor/Área de Trabalho/airflow/venv/lib/python3.10/site-packages/airflow/example_dags/subdags/subdag.py
[2024-03-02T09:55:16.873-0300] {processor.py:842} WARNING - No viable dags retrieved from /home/victor/Área de Trabalho/airflow/venv/lib/python3.10/site-packages/airflow/example_dags/subdags/subdag.py
[2024-03-02T09:55:16.892-0300] {processor.py:183} INFO - Processing /home/victor/Área de Trabalho/airflow/venv/lib/python3.10/site-packages/airflow/example_dags/subdags/subdag.py took 0.025 seconds
[2024-03-02T09:55:47.400-0300] {processor.py:161} INFO - Started process (PID=25344) to work on /home/victor/Área de Trabalho/airflow/venv/lib/python3.10/site-packages/airflow/example_dags/subdags/subdag.py
[2024-03-02T09:55:47.401-0300] {processor.py:830} INFO - Processing file /home/victor/Área de Trabalho/airflow/venv/lib/python3.10/site-packages/airflow/example_dags/subdags/subdag.py for tasks to queue
[2024-03-02T09:55:47.402-0300] {logging_mixin.py:188} INFO - [2024-03-02T09:55:47.401-0300] {dagbag.py:540} INFO - Filling up the DagBag from /home/victor/Área de Trabalho/airflow/venv/lib/python3.10/site-packages/airflow/example_dags/subdags/subdag.py
[2024-03-02T09:55:47.403-0300] {processor.py:842} WARNING - No viable dags retrieved from /home/victor/Área de Trabalho/airflow/venv/lib/python3.10/site-packages/airflow/example_dags/subdags/subdag.py
[2024-03-02T09:55:47.422-0300] {processor.py:183} INFO - Processing /home/victor/Área de Trabalho/airflow/venv/lib/python3.10/site-packages/airflow/example_dags/subdags/subdag.py took 0.025 seconds
[2024-03-02T09:56:17.693-0300] {processor.py:161} INFO - Started process (PID=25846) to work on /home/victor/Área de Trabalho/airflow/venv/lib/python3.10/site-packages/airflow/example_dags/subdags/subdag.py
[2024-03-02T09:56:17.694-0300] {processor.py:830} INFO - Processing file /home/victor/Área de Trabalho/airflow/venv/lib/python3.10/site-packages/airflow/example_dags/subdags/subdag.py for tasks to queue
[2024-03-02T09:56:17.694-0300] {logging_mixin.py:188} INFO - [2024-03-02T09:56:17.694-0300] {dagbag.py:540} INFO - Filling up the DagBag from /home/victor/Área de Trabalho/airflow/venv/lib/python3.10/site-packages/airflow/example_dags/subdags/subdag.py
[2024-03-02T09:56:17.696-0300] {processor.py:842} WARNING - No viable dags retrieved from /home/victor/Área de Trabalho/airflow/venv/lib/python3.10/site-packages/airflow/example_dags/subdags/subdag.py
[2024-03-02T09:56:17.714-0300] {processor.py:183} INFO - Processing /home/victor/Área de Trabalho/airflow/venv/lib/python3.10/site-packages/airflow/example_dags/subdags/subdag.py took 0.025 seconds
[2024-03-02T09:56:48.013-0300] {processor.py:161} INFO - Started process (PID=26169) to work on /home/victor/Área de Trabalho/airflow/venv/lib/python3.10/site-packages/airflow/example_dags/subdags/subdag.py
[2024-03-02T09:56:48.014-0300] {processor.py:830} INFO - Processing file /home/victor/Área de Trabalho/airflow/venv/lib/python3.10/site-packages/airflow/example_dags/subdags/subdag.py for tasks to queue
[2024-03-02T09:56:48.015-0300] {logging_mixin.py:188} INFO - [2024-03-02T09:56:48.015-0300] {dagbag.py:540} INFO - Filling up the DagBag from /home/victor/Área de Trabalho/airflow/venv/lib/python3.10/site-packages/airflow/example_dags/subdags/subdag.py
[2024-03-02T09:56:48.017-0300] {processor.py:842} WARNING - No viable dags retrieved from /home/victor/Área de Trabalho/airflow/venv/lib/python3.10/site-packages/airflow/example_dags/subdags/subdag.py
[2024-03-02T09:56:48.037-0300] {processor.py:183} INFO - Processing /home/victor/Área de Trabalho/airflow/venv/lib/python3.10/site-packages/airflow/example_dags/subdags/subdag.py took 0.027 seconds
[2024-03-02T09:57:18.623-0300] {processor.py:161} INFO - Started process (PID=26811) to work on /home/victor/Área de Trabalho/airflow/venv/lib/python3.10/site-packages/airflow/example_dags/subdags/subdag.py
[2024-03-02T09:57:18.626-0300] {processor.py:830} INFO - Processing file /home/victor/Área de Trabalho/airflow/venv/lib/python3.10/site-packages/airflow/example_dags/subdags/subdag.py for tasks to queue
[2024-03-02T09:57:18.626-0300] {logging_mixin.py:188} INFO - [2024-03-02T09:57:18.626-0300] {dagbag.py:540} INFO - Filling up the DagBag from /home/victor/Área de Trabalho/airflow/venv/lib/python3.10/site-packages/airflow/example_dags/subdags/subdag.py
[2024-03-02T09:57:18.628-0300] {processor.py:842} WARNING - No viable dags retrieved from /home/victor/Área de Trabalho/airflow/venv/lib/python3.10/site-packages/airflow/example_dags/subdags/subdag.py
[2024-03-02T09:57:18.646-0300] {processor.py:183} INFO - Processing /home/victor/Área de Trabalho/airflow/venv/lib/python3.10/site-packages/airflow/example_dags/subdags/subdag.py took 0.026 seconds
[2024-03-02T09:57:49.101-0300] {processor.py:161} INFO - Started process (PID=27132) to work on /home/victor/Área de Trabalho/airflow/venv/lib/python3.10/site-packages/airflow/example_dags/subdags/subdag.py
[2024-03-02T09:57:49.102-0300] {processor.py:830} INFO - Processing file /home/victor/Área de Trabalho/airflow/venv/lib/python3.10/site-packages/airflow/example_dags/subdags/subdag.py for tasks to queue
[2024-03-02T09:57:49.103-0300] {logging_mixin.py:188} INFO - [2024-03-02T09:57:49.103-0300] {dagbag.py:540} INFO - Filling up the DagBag from /home/victor/Área de Trabalho/airflow/venv/lib/python3.10/site-packages/airflow/example_dags/subdags/subdag.py
[2024-03-02T09:57:49.105-0300] {processor.py:842} WARNING - No viable dags retrieved from /home/victor/Área de Trabalho/airflow/venv/lib/python3.10/site-packages/airflow/example_dags/subdags/subdag.py
[2024-03-02T09:57:49.123-0300] {processor.py:183} INFO - Processing /home/victor/Área de Trabalho/airflow/venv/lib/python3.10/site-packages/airflow/example_dags/subdags/subdag.py took 0.025 seconds
[2024-03-02T09:58:19.775-0300] {processor.py:161} INFO - Started process (PID=27723) to work on /home/victor/Área de Trabalho/airflow/venv/lib/python3.10/site-packages/airflow/example_dags/subdags/subdag.py
[2024-03-02T09:58:19.777-0300] {processor.py:830} INFO - Processing file /home/victor/Área de Trabalho/airflow/venv/lib/python3.10/site-packages/airflow/example_dags/subdags/subdag.py for tasks to queue
[2024-03-02T09:58:19.778-0300] {logging_mixin.py:188} INFO - [2024-03-02T09:58:19.778-0300] {dagbag.py:540} INFO - Filling up the DagBag from /home/victor/Área de Trabalho/airflow/venv/lib/python3.10/site-packages/airflow/example_dags/subdags/subdag.py
[2024-03-02T09:58:19.779-0300] {processor.py:842} WARNING - No viable dags retrieved from /home/victor/Área de Trabalho/airflow/venv/lib/python3.10/site-packages/airflow/example_dags/subdags/subdag.py
[2024-03-02T09:58:19.798-0300] {processor.py:183} INFO - Processing /home/victor/Área de Trabalho/airflow/venv/lib/python3.10/site-packages/airflow/example_dags/subdags/subdag.py took 0.026 seconds
[2024-03-02T09:58:50.400-0300] {processor.py:161} INFO - Started process (PID=29060) to work on /home/victor/Área de Trabalho/airflow/venv/lib/python3.10/site-packages/airflow/example_dags/subdags/subdag.py
[2024-03-02T09:58:50.403-0300] {processor.py:830} INFO - Processing file /home/victor/Área de Trabalho/airflow/venv/lib/python3.10/site-packages/airflow/example_dags/subdags/subdag.py for tasks to queue
[2024-03-02T09:58:50.404-0300] {logging_mixin.py:188} INFO - [2024-03-02T09:58:50.403-0300] {dagbag.py:540} INFO - Filling up the DagBag from /home/victor/Área de Trabalho/airflow/venv/lib/python3.10/site-packages/airflow/example_dags/subdags/subdag.py
[2024-03-02T09:58:50.405-0300] {processor.py:842} WARNING - No viable dags retrieved from /home/victor/Área de Trabalho/airflow/venv/lib/python3.10/site-packages/airflow/example_dags/subdags/subdag.py
[2024-03-02T09:58:50.426-0300] {processor.py:183} INFO - Processing /home/victor/Área de Trabalho/airflow/venv/lib/python3.10/site-packages/airflow/example_dags/subdags/subdag.py took 0.028 seconds
[2024-03-02T09:59:20.773-0300] {processor.py:161} INFO - Started process (PID=29570) to work on /home/victor/Área de Trabalho/airflow/venv/lib/python3.10/site-packages/airflow/example_dags/subdags/subdag.py
[2024-03-02T09:59:20.774-0300] {processor.py:830} INFO - Processing file /home/victor/Área de Trabalho/airflow/venv/lib/python3.10/site-packages/airflow/example_dags/subdags/subdag.py for tasks to queue
[2024-03-02T09:59:20.775-0300] {logging_mixin.py:188} INFO - [2024-03-02T09:59:20.774-0300] {dagbag.py:540} INFO - Filling up the DagBag from /home/victor/Área de Trabalho/airflow/venv/lib/python3.10/site-packages/airflow/example_dags/subdags/subdag.py
[2024-03-02T09:59:20.776-0300] {processor.py:842} WARNING - No viable dags retrieved from /home/victor/Área de Trabalho/airflow/venv/lib/python3.10/site-packages/airflow/example_dags/subdags/subdag.py
[2024-03-02T09:59:20.797-0300] {processor.py:183} INFO - Processing /home/victor/Área de Trabalho/airflow/venv/lib/python3.10/site-packages/airflow/example_dags/subdags/subdag.py took 0.027 seconds
