[2024-03-02T09:36:58.694-0300] {processor.py:161} INFO - Started process (PID=7917) to work on /home/victor/Área de Trabalho/airflow/venv/lib/python3.10/site-packages/airflow/example_dags/plugins/event_listener.py
[2024-03-02T09:36:58.695-0300] {processor.py:830} INFO - Processing file /home/victor/Área de Trabalho/airflow/venv/lib/python3.10/site-packages/airflow/example_dags/plugins/event_listener.py for tasks to queue
[2024-03-02T09:36:58.696-0300] {logging_mixin.py:188} INFO - [2024-03-02T09:36:58.695-0300] {dagbag.py:540} INFO - Filling up the DagBag from /home/victor/Área de Trabalho/airflow/venv/lib/python3.10/site-packages/airflow/example_dags/plugins/event_listener.py
[2024-03-02T09:36:58.698-0300] {processor.py:842} WARNING - No viable dags retrieved from /home/victor/Área de Trabalho/airflow/venv/lib/python3.10/site-packages/airflow/example_dags/plugins/event_listener.py
[2024-03-02T09:36:58.719-0300] {processor.py:183} INFO - Processing /home/victor/Área de Trabalho/airflow/venv/lib/python3.10/site-packages/airflow/example_dags/plugins/event_listener.py took 0.028 seconds
[2024-03-02T09:37:29.796-0300] {processor.py:161} INFO - Started process (PID=9327) to work on /home/victor/Área de Trabalho/airflow/venv/lib/python3.10/site-packages/airflow/example_dags/plugins/event_listener.py
[2024-03-02T09:37:29.797-0300] {processor.py:830} INFO - Processing file /home/victor/Área de Trabalho/airflow/venv/lib/python3.10/site-packages/airflow/example_dags/plugins/event_listener.py for tasks to queue
[2024-03-02T09:37:29.798-0300] {logging_mixin.py:188} INFO - [2024-03-02T09:37:29.797-0300] {dagbag.py:540} INFO - Filling up the DagBag from /home/victor/Área de Trabalho/airflow/venv/lib/python3.10/site-packages/airflow/example_dags/plugins/event_listener.py
[2024-03-02T09:37:29.799-0300] {processor.py:842} WARNING - No viable dags retrieved from /home/victor/Área de Trabalho/airflow/venv/lib/python3.10/site-packages/airflow/example_dags/plugins/event_listener.py
[2024-03-02T09:37:29.819-0300] {processor.py:183} INFO - Processing /home/victor/Área de Trabalho/airflow/venv/lib/python3.10/site-packages/airflow/example_dags/plugins/event_listener.py took 0.025 seconds
[2024-03-02T09:38:00.243-0300] {processor.py:161} INFO - Started process (PID=9992) to work on /home/victor/Área de Trabalho/airflow/venv/lib/python3.10/site-packages/airflow/example_dags/plugins/event_listener.py
[2024-03-02T09:38:00.244-0300] {processor.py:830} INFO - Processing file /home/victor/Área de Trabalho/airflow/venv/lib/python3.10/site-packages/airflow/example_dags/plugins/event_listener.py for tasks to queue
[2024-03-02T09:38:00.245-0300] {logging_mixin.py:188} INFO - [2024-03-02T09:38:00.244-0300] {dagbag.py:540} INFO - Filling up the DagBag from /home/victor/Área de Trabalho/airflow/venv/lib/python3.10/site-packages/airflow/example_dags/plugins/event_listener.py
[2024-03-02T09:38:00.247-0300] {processor.py:842} WARNING - No viable dags retrieved from /home/victor/Área de Trabalho/airflow/venv/lib/python3.10/site-packages/airflow/example_dags/plugins/event_listener.py
[2024-03-02T09:38:00.267-0300] {processor.py:183} INFO - Processing /home/victor/Área de Trabalho/airflow/venv/lib/python3.10/site-packages/airflow/example_dags/plugins/event_listener.py took 0.027 seconds
[2024-03-02T09:38:31.693-0300] {processor.py:161} INFO - Started process (PID=10309) to work on /home/victor/Área de Trabalho/airflow/venv/lib/python3.10/site-packages/airflow/example_dags/plugins/event_listener.py
[2024-03-02T09:38:31.694-0300] {processor.py:830} INFO - Processing file /home/victor/Área de Trabalho/airflow/venv/lib/python3.10/site-packages/airflow/example_dags/plugins/event_listener.py for tasks to queue
[2024-03-02T09:38:31.695-0300] {logging_mixin.py:188} INFO - [2024-03-02T09:38:31.695-0300] {dagbag.py:540} INFO - Filling up the DagBag from /home/victor/Área de Trabalho/airflow/venv/lib/python3.10/site-packages/airflow/example_dags/plugins/event_listener.py
[2024-03-02T09:38:31.697-0300] {processor.py:842} WARNING - No viable dags retrieved from /home/victor/Área de Trabalho/airflow/venv/lib/python3.10/site-packages/airflow/example_dags/plugins/event_listener.py
[2024-03-02T09:38:31.716-0300] {processor.py:183} INFO - Processing /home/victor/Área de Trabalho/airflow/venv/lib/python3.10/site-packages/airflow/example_dags/plugins/event_listener.py took 0.025 seconds
[2024-03-02T09:39:03.109-0300] {processor.py:161} INFO - Started process (PID=10862) to work on /home/victor/Área de Trabalho/airflow/venv/lib/python3.10/site-packages/airflow/example_dags/plugins/event_listener.py
[2024-03-02T09:39:03.110-0300] {processor.py:830} INFO - Processing file /home/victor/Área de Trabalho/airflow/venv/lib/python3.10/site-packages/airflow/example_dags/plugins/event_listener.py for tasks to queue
[2024-03-02T09:39:03.111-0300] {logging_mixin.py:188} INFO - [2024-03-02T09:39:03.111-0300] {dagbag.py:540} INFO - Filling up the DagBag from /home/victor/Área de Trabalho/airflow/venv/lib/python3.10/site-packages/airflow/example_dags/plugins/event_listener.py
[2024-03-02T09:39:03.113-0300] {processor.py:842} WARNING - No viable dags retrieved from /home/victor/Área de Trabalho/airflow/venv/lib/python3.10/site-packages/airflow/example_dags/plugins/event_listener.py
[2024-03-02T09:39:03.133-0300] {processor.py:183} INFO - Processing /home/victor/Área de Trabalho/airflow/venv/lib/python3.10/site-packages/airflow/example_dags/plugins/event_listener.py took 0.027 seconds
[2024-03-02T09:39:34.285-0300] {processor.py:161} INFO - Started process (PID=11463) to work on /home/victor/Área de Trabalho/airflow/venv/lib/python3.10/site-packages/airflow/example_dags/plugins/event_listener.py
[2024-03-02T09:39:34.286-0300] {processor.py:830} INFO - Processing file /home/victor/Área de Trabalho/airflow/venv/lib/python3.10/site-packages/airflow/example_dags/plugins/event_listener.py for tasks to queue
[2024-03-02T09:39:34.287-0300] {logging_mixin.py:188} INFO - [2024-03-02T09:39:34.287-0300] {dagbag.py:540} INFO - Filling up the DagBag from /home/victor/Área de Trabalho/airflow/venv/lib/python3.10/site-packages/airflow/example_dags/plugins/event_listener.py
[2024-03-02T09:39:34.289-0300] {processor.py:842} WARNING - No viable dags retrieved from /home/victor/Área de Trabalho/airflow/venv/lib/python3.10/site-packages/airflow/example_dags/plugins/event_listener.py
[2024-03-02T09:39:34.309-0300] {processor.py:183} INFO - Processing /home/victor/Área de Trabalho/airflow/venv/lib/python3.10/site-packages/airflow/example_dags/plugins/event_listener.py took 0.027 seconds
[2024-03-02T09:40:05.590-0300] {processor.py:161} INFO - Started process (PID=11939) to work on /home/victor/Área de Trabalho/airflow/venv/lib/python3.10/site-packages/airflow/example_dags/plugins/event_listener.py
[2024-03-02T09:40:05.591-0300] {processor.py:830} INFO - Processing file /home/victor/Área de Trabalho/airflow/venv/lib/python3.10/site-packages/airflow/example_dags/plugins/event_listener.py for tasks to queue
[2024-03-02T09:40:05.592-0300] {logging_mixin.py:188} INFO - [2024-03-02T09:40:05.592-0300] {dagbag.py:540} INFO - Filling up the DagBag from /home/victor/Área de Trabalho/airflow/venv/lib/python3.10/site-packages/airflow/example_dags/plugins/event_listener.py
[2024-03-02T09:40:05.594-0300] {processor.py:842} WARNING - No viable dags retrieved from /home/victor/Área de Trabalho/airflow/venv/lib/python3.10/site-packages/airflow/example_dags/plugins/event_listener.py
[2024-03-02T09:40:05.613-0300] {processor.py:183} INFO - Processing /home/victor/Área de Trabalho/airflow/venv/lib/python3.10/site-packages/airflow/example_dags/plugins/event_listener.py took 0.025 seconds
[2024-03-02T09:40:36.949-0300] {processor.py:161} INFO - Started process (PID=12317) to work on /home/victor/Área de Trabalho/airflow/venv/lib/python3.10/site-packages/airflow/example_dags/plugins/event_listener.py
[2024-03-02T09:40:36.950-0300] {processor.py:830} INFO - Processing file /home/victor/Área de Trabalho/airflow/venv/lib/python3.10/site-packages/airflow/example_dags/plugins/event_listener.py for tasks to queue
[2024-03-02T09:40:36.951-0300] {logging_mixin.py:188} INFO - [2024-03-02T09:40:36.951-0300] {dagbag.py:540} INFO - Filling up the DagBag from /home/victor/Área de Trabalho/airflow/venv/lib/python3.10/site-packages/airflow/example_dags/plugins/event_listener.py
[2024-03-02T09:40:36.954-0300] {processor.py:842} WARNING - No viable dags retrieved from /home/victor/Área de Trabalho/airflow/venv/lib/python3.10/site-packages/airflow/example_dags/plugins/event_listener.py
[2024-03-02T09:40:36.981-0300] {processor.py:183} INFO - Processing /home/victor/Área de Trabalho/airflow/venv/lib/python3.10/site-packages/airflow/example_dags/plugins/event_listener.py took 0.035 seconds
[2024-03-02T09:41:07.881-0300] {processor.py:161} INFO - Started process (PID=12793) to work on /home/victor/Área de Trabalho/airflow/venv/lib/python3.10/site-packages/airflow/example_dags/plugins/event_listener.py
[2024-03-02T09:41:07.882-0300] {processor.py:830} INFO - Processing file /home/victor/Área de Trabalho/airflow/venv/lib/python3.10/site-packages/airflow/example_dags/plugins/event_listener.py for tasks to queue
[2024-03-02T09:41:07.883-0300] {logging_mixin.py:188} INFO - [2024-03-02T09:41:07.883-0300] {dagbag.py:540} INFO - Filling up the DagBag from /home/victor/Área de Trabalho/airflow/venv/lib/python3.10/site-packages/airflow/example_dags/plugins/event_listener.py
[2024-03-02T09:41:07.886-0300] {processor.py:842} WARNING - No viable dags retrieved from /home/victor/Área de Trabalho/airflow/venv/lib/python3.10/site-packages/airflow/example_dags/plugins/event_listener.py
[2024-03-02T09:41:07.935-0300] {processor.py:183} INFO - Processing /home/victor/Área de Trabalho/airflow/venv/lib/python3.10/site-packages/airflow/example_dags/plugins/event_listener.py took 0.058 seconds
[2024-03-02T09:41:38.680-0300] {processor.py:161} INFO - Started process (PID=13108) to work on /home/victor/Área de Trabalho/airflow/venv/lib/python3.10/site-packages/airflow/example_dags/plugins/event_listener.py
[2024-03-02T09:41:38.680-0300] {processor.py:830} INFO - Processing file /home/victor/Área de Trabalho/airflow/venv/lib/python3.10/site-packages/airflow/example_dags/plugins/event_listener.py for tasks to queue
[2024-03-02T09:41:38.681-0300] {logging_mixin.py:188} INFO - [2024-03-02T09:41:38.681-0300] {dagbag.py:540} INFO - Filling up the DagBag from /home/victor/Área de Trabalho/airflow/venv/lib/python3.10/site-packages/airflow/example_dags/plugins/event_listener.py
[2024-03-02T09:41:38.683-0300] {processor.py:842} WARNING - No viable dags retrieved from /home/victor/Área de Trabalho/airflow/venv/lib/python3.10/site-packages/airflow/example_dags/plugins/event_listener.py
[2024-03-02T09:41:38.705-0300] {processor.py:183} INFO - Processing /home/victor/Área de Trabalho/airflow/venv/lib/python3.10/site-packages/airflow/example_dags/plugins/event_listener.py took 0.028 seconds
[2024-03-02T09:42:09.498-0300] {processor.py:161} INFO - Started process (PID=13741) to work on /home/victor/Área de Trabalho/airflow/venv/lib/python3.10/site-packages/airflow/example_dags/plugins/event_listener.py
[2024-03-02T09:42:09.499-0300] {processor.py:830} INFO - Processing file /home/victor/Área de Trabalho/airflow/venv/lib/python3.10/site-packages/airflow/example_dags/plugins/event_listener.py for tasks to queue
[2024-03-02T09:42:09.500-0300] {logging_mixin.py:188} INFO - [2024-03-02T09:42:09.499-0300] {dagbag.py:540} INFO - Filling up the DagBag from /home/victor/Área de Trabalho/airflow/venv/lib/python3.10/site-packages/airflow/example_dags/plugins/event_listener.py
[2024-03-02T09:42:09.502-0300] {processor.py:842} WARNING - No viable dags retrieved from /home/victor/Área de Trabalho/airflow/venv/lib/python3.10/site-packages/airflow/example_dags/plugins/event_listener.py
[2024-03-02T09:42:09.523-0300] {processor.py:183} INFO - Processing /home/victor/Área de Trabalho/airflow/venv/lib/python3.10/site-packages/airflow/example_dags/plugins/event_listener.py took 0.028 seconds
[2024-03-02T09:42:40.366-0300] {processor.py:161} INFO - Started process (PID=14062) to work on /home/victor/Área de Trabalho/airflow/venv/lib/python3.10/site-packages/airflow/example_dags/plugins/event_listener.py
[2024-03-02T09:42:40.367-0300] {processor.py:830} INFO - Processing file /home/victor/Área de Trabalho/airflow/venv/lib/python3.10/site-packages/airflow/example_dags/plugins/event_listener.py for tasks to queue
[2024-03-02T09:42:40.368-0300] {logging_mixin.py:188} INFO - [2024-03-02T09:42:40.367-0300] {dagbag.py:540} INFO - Filling up the DagBag from /home/victor/Área de Trabalho/airflow/venv/lib/python3.10/site-packages/airflow/example_dags/plugins/event_listener.py
[2024-03-02T09:42:40.370-0300] {processor.py:842} WARNING - No viable dags retrieved from /home/victor/Área de Trabalho/airflow/venv/lib/python3.10/site-packages/airflow/example_dags/plugins/event_listener.py
[2024-03-02T09:42:40.394-0300] {processor.py:183} INFO - Processing /home/victor/Área de Trabalho/airflow/venv/lib/python3.10/site-packages/airflow/example_dags/plugins/event_listener.py took 0.031 seconds
[2024-03-02T09:43:11.486-0300] {processor.py:161} INFO - Started process (PID=14542) to work on /home/victor/Área de Trabalho/airflow/venv/lib/python3.10/site-packages/airflow/example_dags/plugins/event_listener.py
[2024-03-02T09:43:11.486-0300] {processor.py:830} INFO - Processing file /home/victor/Área de Trabalho/airflow/venv/lib/python3.10/site-packages/airflow/example_dags/plugins/event_listener.py for tasks to queue
[2024-03-02T09:43:11.487-0300] {logging_mixin.py:188} INFO - [2024-03-02T09:43:11.487-0300] {dagbag.py:540} INFO - Filling up the DagBag from /home/victor/Área de Trabalho/airflow/venv/lib/python3.10/site-packages/airflow/example_dags/plugins/event_listener.py
[2024-03-02T09:43:11.489-0300] {processor.py:842} WARNING - No viable dags retrieved from /home/victor/Área de Trabalho/airflow/venv/lib/python3.10/site-packages/airflow/example_dags/plugins/event_listener.py
[2024-03-02T09:43:11.512-0300] {processor.py:183} INFO - Processing /home/victor/Área de Trabalho/airflow/venv/lib/python3.10/site-packages/airflow/example_dags/plugins/event_listener.py took 0.029 seconds
[2024-03-02T09:43:42.268-0300] {processor.py:161} INFO - Started process (PID=14864) to work on /home/victor/Área de Trabalho/airflow/venv/lib/python3.10/site-packages/airflow/example_dags/plugins/event_listener.py
[2024-03-02T09:43:42.269-0300] {processor.py:830} INFO - Processing file /home/victor/Área de Trabalho/airflow/venv/lib/python3.10/site-packages/airflow/example_dags/plugins/event_listener.py for tasks to queue
[2024-03-02T09:43:42.269-0300] {logging_mixin.py:188} INFO - [2024-03-02T09:43:42.269-0300] {dagbag.py:540} INFO - Filling up the DagBag from /home/victor/Área de Trabalho/airflow/venv/lib/python3.10/site-packages/airflow/example_dags/plugins/event_listener.py
[2024-03-02T09:43:42.271-0300] {processor.py:842} WARNING - No viable dags retrieved from /home/victor/Área de Trabalho/airflow/venv/lib/python3.10/site-packages/airflow/example_dags/plugins/event_listener.py
[2024-03-02T09:43:42.293-0300] {processor.py:183} INFO - Processing /home/victor/Área de Trabalho/airflow/venv/lib/python3.10/site-packages/airflow/example_dags/plugins/event_listener.py took 0.028 seconds
[2024-03-02T09:44:13.691-0300] {processor.py:161} INFO - Started process (PID=15339) to work on /home/victor/Área de Trabalho/airflow/venv/lib/python3.10/site-packages/airflow/example_dags/plugins/event_listener.py
[2024-03-02T09:44:13.692-0300] {processor.py:830} INFO - Processing file /home/victor/Área de Trabalho/airflow/venv/lib/python3.10/site-packages/airflow/example_dags/plugins/event_listener.py for tasks to queue
[2024-03-02T09:44:13.693-0300] {logging_mixin.py:188} INFO - [2024-03-02T09:44:13.692-0300] {dagbag.py:540} INFO - Filling up the DagBag from /home/victor/Área de Trabalho/airflow/venv/lib/python3.10/site-packages/airflow/example_dags/plugins/event_listener.py
[2024-03-02T09:44:13.697-0300] {processor.py:842} WARNING - No viable dags retrieved from /home/victor/Área de Trabalho/airflow/venv/lib/python3.10/site-packages/airflow/example_dags/plugins/event_listener.py
[2024-03-02T09:44:13.721-0300] {processor.py:183} INFO - Processing /home/victor/Área de Trabalho/airflow/venv/lib/python3.10/site-packages/airflow/example_dags/plugins/event_listener.py took 0.032 seconds
[2024-03-02T09:44:44.456-0300] {processor.py:161} INFO - Started process (PID=15668) to work on /home/victor/Área de Trabalho/airflow/venv/lib/python3.10/site-packages/airflow/example_dags/plugins/event_listener.py
[2024-03-02T09:44:44.457-0300] {processor.py:830} INFO - Processing file /home/victor/Área de Trabalho/airflow/venv/lib/python3.10/site-packages/airflow/example_dags/plugins/event_listener.py for tasks to queue
[2024-03-02T09:44:44.457-0300] {logging_mixin.py:188} INFO - [2024-03-02T09:44:44.457-0300] {dagbag.py:540} INFO - Filling up the DagBag from /home/victor/Área de Trabalho/airflow/venv/lib/python3.10/site-packages/airflow/example_dags/plugins/event_listener.py
[2024-03-02T09:44:44.459-0300] {processor.py:842} WARNING - No viable dags retrieved from /home/victor/Área de Trabalho/airflow/venv/lib/python3.10/site-packages/airflow/example_dags/plugins/event_listener.py
[2024-03-02T09:44:44.485-0300] {processor.py:183} INFO - Processing /home/victor/Área de Trabalho/airflow/venv/lib/python3.10/site-packages/airflow/example_dags/plugins/event_listener.py took 0.034 seconds
[2024-03-02T09:45:15.240-0300] {processor.py:161} INFO - Started process (PID=16161) to work on /home/victor/Área de Trabalho/airflow/venv/lib/python3.10/site-packages/airflow/example_dags/plugins/event_listener.py
[2024-03-02T09:45:15.241-0300] {processor.py:830} INFO - Processing file /home/victor/Área de Trabalho/airflow/venv/lib/python3.10/site-packages/airflow/example_dags/plugins/event_listener.py for tasks to queue
[2024-03-02T09:45:15.241-0300] {logging_mixin.py:188} INFO - [2024-03-02T09:45:15.241-0300] {dagbag.py:540} INFO - Filling up the DagBag from /home/victor/Área de Trabalho/airflow/venv/lib/python3.10/site-packages/airflow/example_dags/plugins/event_listener.py
[2024-03-02T09:45:15.244-0300] {processor.py:842} WARNING - No viable dags retrieved from /home/victor/Área de Trabalho/airflow/venv/lib/python3.10/site-packages/airflow/example_dags/plugins/event_listener.py
[2024-03-02T09:45:15.267-0300] {processor.py:183} INFO - Processing /home/victor/Área de Trabalho/airflow/venv/lib/python3.10/site-packages/airflow/example_dags/plugins/event_listener.py took 0.030 seconds
[2024-03-02T09:45:46.308-0300] {processor.py:161} INFO - Started process (PID=16669) to work on /home/victor/Área de Trabalho/airflow/venv/lib/python3.10/site-packages/airflow/example_dags/plugins/event_listener.py
[2024-03-02T09:45:46.308-0300] {processor.py:830} INFO - Processing file /home/victor/Área de Trabalho/airflow/venv/lib/python3.10/site-packages/airflow/example_dags/plugins/event_listener.py for tasks to queue
[2024-03-02T09:45:46.309-0300] {logging_mixin.py:188} INFO - [2024-03-02T09:45:46.309-0300] {dagbag.py:540} INFO - Filling up the DagBag from /home/victor/Área de Trabalho/airflow/venv/lib/python3.10/site-packages/airflow/example_dags/plugins/event_listener.py
[2024-03-02T09:45:46.311-0300] {processor.py:842} WARNING - No viable dags retrieved from /home/victor/Área de Trabalho/airflow/venv/lib/python3.10/site-packages/airflow/example_dags/plugins/event_listener.py
[2024-03-02T09:45:46.332-0300] {processor.py:183} INFO - Processing /home/victor/Área de Trabalho/airflow/venv/lib/python3.10/site-packages/airflow/example_dags/plugins/event_listener.py took 0.031 seconds
[2024-03-02T09:46:17.807-0300] {processor.py:161} INFO - Started process (PID=17146) to work on /home/victor/Área de Trabalho/airflow/venv/lib/python3.10/site-packages/airflow/example_dags/plugins/event_listener.py
[2024-03-02T09:46:17.809-0300] {processor.py:830} INFO - Processing file /home/victor/Área de Trabalho/airflow/venv/lib/python3.10/site-packages/airflow/example_dags/plugins/event_listener.py for tasks to queue
[2024-03-02T09:46:17.810-0300] {logging_mixin.py:188} INFO - [2024-03-02T09:46:17.810-0300] {dagbag.py:540} INFO - Filling up the DagBag from /home/victor/Área de Trabalho/airflow/venv/lib/python3.10/site-packages/airflow/example_dags/plugins/event_listener.py
[2024-03-02T09:46:17.812-0300] {processor.py:842} WARNING - No viable dags retrieved from /home/victor/Área de Trabalho/airflow/venv/lib/python3.10/site-packages/airflow/example_dags/plugins/event_listener.py
[2024-03-02T09:46:17.834-0300] {processor.py:183} INFO - Processing /home/victor/Área de Trabalho/airflow/venv/lib/python3.10/site-packages/airflow/example_dags/plugins/event_listener.py took 0.031 seconds
[2024-03-02T09:46:48.563-0300] {processor.py:161} INFO - Started process (PID=17469) to work on /home/victor/Área de Trabalho/airflow/venv/lib/python3.10/site-packages/airflow/example_dags/plugins/event_listener.py
[2024-03-02T09:46:48.565-0300] {processor.py:830} INFO - Processing file /home/victor/Área de Trabalho/airflow/venv/lib/python3.10/site-packages/airflow/example_dags/plugins/event_listener.py for tasks to queue
[2024-03-02T09:46:48.566-0300] {logging_mixin.py:188} INFO - [2024-03-02T09:46:48.565-0300] {dagbag.py:540} INFO - Filling up the DagBag from /home/victor/Área de Trabalho/airflow/venv/lib/python3.10/site-packages/airflow/example_dags/plugins/event_listener.py
[2024-03-02T09:46:48.568-0300] {processor.py:842} WARNING - No viable dags retrieved from /home/victor/Área de Trabalho/airflow/venv/lib/python3.10/site-packages/airflow/example_dags/plugins/event_listener.py
[2024-03-02T09:46:48.587-0300] {processor.py:183} INFO - Processing /home/victor/Área de Trabalho/airflow/venv/lib/python3.10/site-packages/airflow/example_dags/plugins/event_listener.py took 0.028 seconds
[2024-03-02T09:47:19.514-0300] {processor.py:161} INFO - Started process (PID=18131) to work on /home/victor/Área de Trabalho/airflow/venv/lib/python3.10/site-packages/airflow/example_dags/plugins/event_listener.py
[2024-03-02T09:47:19.515-0300] {processor.py:830} INFO - Processing file /home/victor/Área de Trabalho/airflow/venv/lib/python3.10/site-packages/airflow/example_dags/plugins/event_listener.py for tasks to queue
[2024-03-02T09:47:19.516-0300] {logging_mixin.py:188} INFO - [2024-03-02T09:47:19.516-0300] {dagbag.py:540} INFO - Filling up the DagBag from /home/victor/Área de Trabalho/airflow/venv/lib/python3.10/site-packages/airflow/example_dags/plugins/event_listener.py
[2024-03-02T09:47:19.518-0300] {processor.py:842} WARNING - No viable dags retrieved from /home/victor/Área de Trabalho/airflow/venv/lib/python3.10/site-packages/airflow/example_dags/plugins/event_listener.py
[2024-03-02T09:47:19.540-0300] {processor.py:183} INFO - Processing /home/victor/Área de Trabalho/airflow/venv/lib/python3.10/site-packages/airflow/example_dags/plugins/event_listener.py took 0.029 seconds
[2024-03-02T09:47:50.090-0300] {processor.py:161} INFO - Started process (PID=18447) to work on /home/victor/Área de Trabalho/airflow/venv/lib/python3.10/site-packages/airflow/example_dags/plugins/event_listener.py
[2024-03-02T09:47:50.091-0300] {processor.py:830} INFO - Processing file /home/victor/Área de Trabalho/airflow/venv/lib/python3.10/site-packages/airflow/example_dags/plugins/event_listener.py for tasks to queue
[2024-03-02T09:47:50.092-0300] {logging_mixin.py:188} INFO - [2024-03-02T09:47:50.091-0300] {dagbag.py:540} INFO - Filling up the DagBag from /home/victor/Área de Trabalho/airflow/venv/lib/python3.10/site-packages/airflow/example_dags/plugins/event_listener.py
[2024-03-02T09:47:50.094-0300] {processor.py:842} WARNING - No viable dags retrieved from /home/victor/Área de Trabalho/airflow/venv/lib/python3.10/site-packages/airflow/example_dags/plugins/event_listener.py
[2024-03-02T09:47:50.116-0300] {processor.py:183} INFO - Processing /home/victor/Área de Trabalho/airflow/venv/lib/python3.10/site-packages/airflow/example_dags/plugins/event_listener.py took 0.029 seconds
[2024-03-02T09:48:20.818-0300] {processor.py:161} INFO - Started process (PID=18939) to work on /home/victor/Área de Trabalho/airflow/venv/lib/python3.10/site-packages/airflow/example_dags/plugins/event_listener.py
[2024-03-02T09:48:20.818-0300] {processor.py:830} INFO - Processing file /home/victor/Área de Trabalho/airflow/venv/lib/python3.10/site-packages/airflow/example_dags/plugins/event_listener.py for tasks to queue
[2024-03-02T09:48:20.819-0300] {logging_mixin.py:188} INFO - [2024-03-02T09:48:20.819-0300] {dagbag.py:540} INFO - Filling up the DagBag from /home/victor/Área de Trabalho/airflow/venv/lib/python3.10/site-packages/airflow/example_dags/plugins/event_listener.py
[2024-03-02T09:48:20.821-0300] {processor.py:842} WARNING - No viable dags retrieved from /home/victor/Área de Trabalho/airflow/venv/lib/python3.10/site-packages/airflow/example_dags/plugins/event_listener.py
[2024-03-02T09:48:20.846-0300] {processor.py:183} INFO - Processing /home/victor/Área de Trabalho/airflow/venv/lib/python3.10/site-packages/airflow/example_dags/plugins/event_listener.py took 0.034 seconds
[2024-03-02T09:48:51.606-0300] {processor.py:161} INFO - Started process (PID=19283) to work on /home/victor/Área de Trabalho/airflow/venv/lib/python3.10/site-packages/airflow/example_dags/plugins/event_listener.py
[2024-03-02T09:48:51.607-0300] {processor.py:830} INFO - Processing file /home/victor/Área de Trabalho/airflow/venv/lib/python3.10/site-packages/airflow/example_dags/plugins/event_listener.py for tasks to queue
[2024-03-02T09:48:51.608-0300] {logging_mixin.py:188} INFO - [2024-03-02T09:48:51.608-0300] {dagbag.py:540} INFO - Filling up the DagBag from /home/victor/Área de Trabalho/airflow/venv/lib/python3.10/site-packages/airflow/example_dags/plugins/event_listener.py
[2024-03-02T09:48:51.610-0300] {processor.py:842} WARNING - No viable dags retrieved from /home/victor/Área de Trabalho/airflow/venv/lib/python3.10/site-packages/airflow/example_dags/plugins/event_listener.py
[2024-03-02T09:48:51.638-0300] {processor.py:183} INFO - Processing /home/victor/Área de Trabalho/airflow/venv/lib/python3.10/site-packages/airflow/example_dags/plugins/event_listener.py took 0.035 seconds
[2024-03-02T09:49:22.336-0300] {processor.py:161} INFO - Started process (PID=19765) to work on /home/victor/Área de Trabalho/airflow/venv/lib/python3.10/site-packages/airflow/example_dags/plugins/event_listener.py
[2024-03-02T09:49:22.337-0300] {processor.py:830} INFO - Processing file /home/victor/Área de Trabalho/airflow/venv/lib/python3.10/site-packages/airflow/example_dags/plugins/event_listener.py for tasks to queue
[2024-03-02T09:49:22.338-0300] {logging_mixin.py:188} INFO - [2024-03-02T09:49:22.337-0300] {dagbag.py:540} INFO - Filling up the DagBag from /home/victor/Área de Trabalho/airflow/venv/lib/python3.10/site-packages/airflow/example_dags/plugins/event_listener.py
[2024-03-02T09:49:22.340-0300] {processor.py:842} WARNING - No viable dags retrieved from /home/victor/Área de Trabalho/airflow/venv/lib/python3.10/site-packages/airflow/example_dags/plugins/event_listener.py
[2024-03-02T09:49:22.363-0300] {processor.py:183} INFO - Processing /home/victor/Área de Trabalho/airflow/venv/lib/python3.10/site-packages/airflow/example_dags/plugins/event_listener.py took 0.030 seconds
[2024-03-02T09:49:53.057-0300] {processor.py:161} INFO - Started process (PID=20086) to work on /home/victor/Área de Trabalho/airflow/venv/lib/python3.10/site-packages/airflow/example_dags/plugins/event_listener.py
[2024-03-02T09:49:53.059-0300] {processor.py:830} INFO - Processing file /home/victor/Área de Trabalho/airflow/venv/lib/python3.10/site-packages/airflow/example_dags/plugins/event_listener.py for tasks to queue
[2024-03-02T09:49:53.060-0300] {logging_mixin.py:188} INFO - [2024-03-02T09:49:53.060-0300] {dagbag.py:540} INFO - Filling up the DagBag from /home/victor/Área de Trabalho/airflow/venv/lib/python3.10/site-packages/airflow/example_dags/plugins/event_listener.py
[2024-03-02T09:49:53.062-0300] {processor.py:842} WARNING - No viable dags retrieved from /home/victor/Área de Trabalho/airflow/venv/lib/python3.10/site-packages/airflow/example_dags/plugins/event_listener.py
[2024-03-02T09:49:53.083-0300] {processor.py:183} INFO - Processing /home/victor/Área de Trabalho/airflow/venv/lib/python3.10/site-packages/airflow/example_dags/plugins/event_listener.py took 0.028 seconds
[2024-03-02T09:50:23.734-0300] {processor.py:161} INFO - Started process (PID=20568) to work on /home/victor/Área de Trabalho/airflow/venv/lib/python3.10/site-packages/airflow/example_dags/plugins/event_listener.py
[2024-03-02T09:50:23.735-0300] {processor.py:830} INFO - Processing file /home/victor/Área de Trabalho/airflow/venv/lib/python3.10/site-packages/airflow/example_dags/plugins/event_listener.py for tasks to queue
[2024-03-02T09:50:23.736-0300] {logging_mixin.py:188} INFO - [2024-03-02T09:50:23.736-0300] {dagbag.py:540} INFO - Filling up the DagBag from /home/victor/Área de Trabalho/airflow/venv/lib/python3.10/site-packages/airflow/example_dags/plugins/event_listener.py
[2024-03-02T09:50:23.738-0300] {processor.py:842} WARNING - No viable dags retrieved from /home/victor/Área de Trabalho/airflow/venv/lib/python3.10/site-packages/airflow/example_dags/plugins/event_listener.py
[2024-03-02T09:50:23.766-0300] {processor.py:183} INFO - Processing /home/victor/Área de Trabalho/airflow/venv/lib/python3.10/site-packages/airflow/example_dags/plugins/event_listener.py took 0.035 seconds
[2024-03-02T09:50:55.188-0300] {processor.py:161} INFO - Started process (PID=20925) to work on /home/victor/Área de Trabalho/airflow/venv/lib/python3.10/site-packages/airflow/example_dags/plugins/event_listener.py
[2024-03-02T09:50:55.189-0300] {processor.py:830} INFO - Processing file /home/victor/Área de Trabalho/airflow/venv/lib/python3.10/site-packages/airflow/example_dags/plugins/event_listener.py for tasks to queue
[2024-03-02T09:50:55.189-0300] {logging_mixin.py:188} INFO - [2024-03-02T09:50:55.189-0300] {dagbag.py:540} INFO - Filling up the DagBag from /home/victor/Área de Trabalho/airflow/venv/lib/python3.10/site-packages/airflow/example_dags/plugins/event_listener.py
[2024-03-02T09:50:55.194-0300] {processor.py:842} WARNING - No viable dags retrieved from /home/victor/Área de Trabalho/airflow/venv/lib/python3.10/site-packages/airflow/example_dags/plugins/event_listener.py
[2024-03-02T09:50:55.214-0300] {processor.py:183} INFO - Processing /home/victor/Área de Trabalho/airflow/venv/lib/python3.10/site-packages/airflow/example_dags/plugins/event_listener.py took 0.030 seconds
[2024-03-02T09:51:25.863-0300] {processor.py:161} INFO - Started process (PID=21406) to work on /home/victor/Área de Trabalho/airflow/venv/lib/python3.10/site-packages/airflow/example_dags/plugins/event_listener.py
[2024-03-02T09:51:25.863-0300] {processor.py:830} INFO - Processing file /home/victor/Área de Trabalho/airflow/venv/lib/python3.10/site-packages/airflow/example_dags/plugins/event_listener.py for tasks to queue
[2024-03-02T09:51:25.864-0300] {logging_mixin.py:188} INFO - [2024-03-02T09:51:25.864-0300] {dagbag.py:540} INFO - Filling up the DagBag from /home/victor/Área de Trabalho/airflow/venv/lib/python3.10/site-packages/airflow/example_dags/plugins/event_listener.py
[2024-03-02T09:51:25.866-0300] {processor.py:842} WARNING - No viable dags retrieved from /home/victor/Área de Trabalho/airflow/venv/lib/python3.10/site-packages/airflow/example_dags/plugins/event_listener.py
[2024-03-02T09:51:25.887-0300] {processor.py:183} INFO - Processing /home/victor/Área de Trabalho/airflow/venv/lib/python3.10/site-packages/airflow/example_dags/plugins/event_listener.py took 0.026 seconds
[2024-03-02T09:51:56.586-0300] {processor.py:161} INFO - Started process (PID=21728) to work on /home/victor/Área de Trabalho/airflow/venv/lib/python3.10/site-packages/airflow/example_dags/plugins/event_listener.py
[2024-03-02T09:51:56.587-0300] {processor.py:830} INFO - Processing file /home/victor/Área de Trabalho/airflow/venv/lib/python3.10/site-packages/airflow/example_dags/plugins/event_listener.py for tasks to queue
[2024-03-02T09:51:56.588-0300] {logging_mixin.py:188} INFO - [2024-03-02T09:51:56.587-0300] {dagbag.py:540} INFO - Filling up the DagBag from /home/victor/Área de Trabalho/airflow/venv/lib/python3.10/site-packages/airflow/example_dags/plugins/event_listener.py
[2024-03-02T09:51:56.590-0300] {processor.py:842} WARNING - No viable dags retrieved from /home/victor/Área de Trabalho/airflow/venv/lib/python3.10/site-packages/airflow/example_dags/plugins/event_listener.py
[2024-03-02T09:51:56.611-0300] {processor.py:183} INFO - Processing /home/victor/Área de Trabalho/airflow/venv/lib/python3.10/site-packages/airflow/example_dags/plugins/event_listener.py took 0.028 seconds
[2024-03-02T09:52:27.158-0300] {processor.py:161} INFO - Started process (PID=22373) to work on /home/victor/Área de Trabalho/airflow/venv/lib/python3.10/site-packages/airflow/example_dags/plugins/event_listener.py
[2024-03-02T09:52:27.159-0300] {processor.py:830} INFO - Processing file /home/victor/Área de Trabalho/airflow/venv/lib/python3.10/site-packages/airflow/example_dags/plugins/event_listener.py for tasks to queue
[2024-03-02T09:52:27.160-0300] {logging_mixin.py:188} INFO - [2024-03-02T09:52:27.159-0300] {dagbag.py:540} INFO - Filling up the DagBag from /home/victor/Área de Trabalho/airflow/venv/lib/python3.10/site-packages/airflow/example_dags/plugins/event_listener.py
[2024-03-02T09:52:27.161-0300] {processor.py:842} WARNING - No viable dags retrieved from /home/victor/Área de Trabalho/airflow/venv/lib/python3.10/site-packages/airflow/example_dags/plugins/event_listener.py
[2024-03-02T09:52:27.181-0300] {processor.py:183} INFO - Processing /home/victor/Área de Trabalho/airflow/venv/lib/python3.10/site-packages/airflow/example_dags/plugins/event_listener.py took 0.026 seconds
[2024-03-02T09:52:57.795-0300] {processor.py:161} INFO - Started process (PID=22695) to work on /home/victor/Área de Trabalho/airflow/venv/lib/python3.10/site-packages/airflow/example_dags/plugins/event_listener.py
[2024-03-02T09:52:57.796-0300] {processor.py:830} INFO - Processing file /home/victor/Área de Trabalho/airflow/venv/lib/python3.10/site-packages/airflow/example_dags/plugins/event_listener.py for tasks to queue
[2024-03-02T09:52:57.797-0300] {logging_mixin.py:188} INFO - [2024-03-02T09:52:57.796-0300] {dagbag.py:540} INFO - Filling up the DagBag from /home/victor/Área de Trabalho/airflow/venv/lib/python3.10/site-packages/airflow/example_dags/plugins/event_listener.py
[2024-03-02T09:52:57.798-0300] {processor.py:842} WARNING - No viable dags retrieved from /home/victor/Área de Trabalho/airflow/venv/lib/python3.10/site-packages/airflow/example_dags/plugins/event_listener.py
[2024-03-02T09:52:57.821-0300] {processor.py:183} INFO - Processing /home/victor/Área de Trabalho/airflow/venv/lib/python3.10/site-packages/airflow/example_dags/plugins/event_listener.py took 0.029 seconds
[2024-03-02T09:53:28.414-0300] {processor.py:161} INFO - Started process (PID=23179) to work on /home/victor/Área de Trabalho/airflow/venv/lib/python3.10/site-packages/airflow/example_dags/plugins/event_listener.py
[2024-03-02T09:53:28.414-0300] {processor.py:830} INFO - Processing file /home/victor/Área de Trabalho/airflow/venv/lib/python3.10/site-packages/airflow/example_dags/plugins/event_listener.py for tasks to queue
[2024-03-02T09:53:28.415-0300] {logging_mixin.py:188} INFO - [2024-03-02T09:53:28.415-0300] {dagbag.py:540} INFO - Filling up the DagBag from /home/victor/Área de Trabalho/airflow/venv/lib/python3.10/site-packages/airflow/example_dags/plugins/event_listener.py
[2024-03-02T09:53:28.417-0300] {processor.py:842} WARNING - No viable dags retrieved from /home/victor/Área de Trabalho/airflow/venv/lib/python3.10/site-packages/airflow/example_dags/plugins/event_listener.py
[2024-03-02T09:53:28.439-0300] {processor.py:183} INFO - Processing /home/victor/Área de Trabalho/airflow/venv/lib/python3.10/site-packages/airflow/example_dags/plugins/event_listener.py took 0.028 seconds
[2024-03-02T09:53:58.884-0300] {processor.py:161} INFO - Started process (PID=23557) to work on /home/victor/Área de Trabalho/airflow/venv/lib/python3.10/site-packages/airflow/example_dags/plugins/event_listener.py
[2024-03-02T09:53:58.885-0300] {processor.py:830} INFO - Processing file /home/victor/Área de Trabalho/airflow/venv/lib/python3.10/site-packages/airflow/example_dags/plugins/event_listener.py for tasks to queue
[2024-03-02T09:53:58.886-0300] {logging_mixin.py:188} INFO - [2024-03-02T09:53:58.885-0300] {dagbag.py:540} INFO - Filling up the DagBag from /home/victor/Área de Trabalho/airflow/venv/lib/python3.10/site-packages/airflow/example_dags/plugins/event_listener.py
[2024-03-02T09:53:58.888-0300] {processor.py:842} WARNING - No viable dags retrieved from /home/victor/Área de Trabalho/airflow/venv/lib/python3.10/site-packages/airflow/example_dags/plugins/event_listener.py
[2024-03-02T09:53:58.910-0300] {processor.py:183} INFO - Processing /home/victor/Área de Trabalho/airflow/venv/lib/python3.10/site-packages/airflow/example_dags/plugins/event_listener.py took 0.029 seconds
[2024-03-02T09:54:29.962-0300] {processor.py:161} INFO - Started process (PID=24143) to work on /home/victor/Área de Trabalho/airflow/venv/lib/python3.10/site-packages/airflow/example_dags/plugins/event_listener.py
[2024-03-02T09:54:29.963-0300] {processor.py:830} INFO - Processing file /home/victor/Área de Trabalho/airflow/venv/lib/python3.10/site-packages/airflow/example_dags/plugins/event_listener.py for tasks to queue
[2024-03-02T09:54:29.964-0300] {logging_mixin.py:188} INFO - [2024-03-02T09:54:29.963-0300] {dagbag.py:540} INFO - Filling up the DagBag from /home/victor/Área de Trabalho/airflow/venv/lib/python3.10/site-packages/airflow/example_dags/plugins/event_listener.py
[2024-03-02T09:54:29.965-0300] {processor.py:842} WARNING - No viable dags retrieved from /home/victor/Área de Trabalho/airflow/venv/lib/python3.10/site-packages/airflow/example_dags/plugins/event_listener.py
[2024-03-02T09:54:30.000-0300] {processor.py:183} INFO - Processing /home/victor/Área de Trabalho/airflow/venv/lib/python3.10/site-packages/airflow/example_dags/plugins/event_listener.py took 0.041 seconds
[2024-03-02T09:55:00.777-0300] {processor.py:161} INFO - Started process (PID=24706) to work on /home/victor/Área de Trabalho/airflow/venv/lib/python3.10/site-packages/airflow/example_dags/plugins/event_listener.py
[2024-03-02T09:55:00.778-0300] {processor.py:830} INFO - Processing file /home/victor/Área de Trabalho/airflow/venv/lib/python3.10/site-packages/airflow/example_dags/plugins/event_listener.py for tasks to queue
[2024-03-02T09:55:00.779-0300] {logging_mixin.py:188} INFO - [2024-03-02T09:55:00.778-0300] {dagbag.py:540} INFO - Filling up the DagBag from /home/victor/Área de Trabalho/airflow/venv/lib/python3.10/site-packages/airflow/example_dags/plugins/event_listener.py
[2024-03-02T09:55:00.780-0300] {processor.py:842} WARNING - No viable dags retrieved from /home/victor/Área de Trabalho/airflow/venv/lib/python3.10/site-packages/airflow/example_dags/plugins/event_listener.py
[2024-03-02T09:55:00.800-0300] {processor.py:183} INFO - Processing /home/victor/Área de Trabalho/airflow/venv/lib/python3.10/site-packages/airflow/example_dags/plugins/event_listener.py took 0.026 seconds
[2024-03-02T09:55:31.319-0300] {processor.py:161} INFO - Started process (PID=25173) to work on /home/victor/Área de Trabalho/airflow/venv/lib/python3.10/site-packages/airflow/example_dags/plugins/event_listener.py
[2024-03-02T09:55:31.320-0300] {processor.py:830} INFO - Processing file /home/victor/Área de Trabalho/airflow/venv/lib/python3.10/site-packages/airflow/example_dags/plugins/event_listener.py for tasks to queue
[2024-03-02T09:55:31.321-0300] {logging_mixin.py:188} INFO - [2024-03-02T09:55:31.321-0300] {dagbag.py:540} INFO - Filling up the DagBag from /home/victor/Área de Trabalho/airflow/venv/lib/python3.10/site-packages/airflow/example_dags/plugins/event_listener.py
[2024-03-02T09:55:31.323-0300] {processor.py:842} WARNING - No viable dags retrieved from /home/victor/Área de Trabalho/airflow/venv/lib/python3.10/site-packages/airflow/example_dags/plugins/event_listener.py
[2024-03-02T09:55:31.343-0300] {processor.py:183} INFO - Processing /home/victor/Área de Trabalho/airflow/venv/lib/python3.10/site-packages/airflow/example_dags/plugins/event_listener.py took 0.027 seconds
[2024-03-02T09:56:01.662-0300] {processor.py:161} INFO - Started process (PID=25671) to work on /home/victor/Área de Trabalho/airflow/venv/lib/python3.10/site-packages/airflow/example_dags/plugins/event_listener.py
[2024-03-02T09:56:01.663-0300] {processor.py:830} INFO - Processing file /home/victor/Área de Trabalho/airflow/venv/lib/python3.10/site-packages/airflow/example_dags/plugins/event_listener.py for tasks to queue
[2024-03-02T09:56:01.664-0300] {logging_mixin.py:188} INFO - [2024-03-02T09:56:01.664-0300] {dagbag.py:540} INFO - Filling up the DagBag from /home/victor/Área de Trabalho/airflow/venv/lib/python3.10/site-packages/airflow/example_dags/plugins/event_listener.py
[2024-03-02T09:56:01.666-0300] {processor.py:842} WARNING - No viable dags retrieved from /home/victor/Área de Trabalho/airflow/venv/lib/python3.10/site-packages/airflow/example_dags/plugins/event_listener.py
[2024-03-02T09:56:01.686-0300] {processor.py:183} INFO - Processing /home/victor/Área de Trabalho/airflow/venv/lib/python3.10/site-packages/airflow/example_dags/plugins/event_listener.py took 0.026 seconds
[2024-03-02T09:56:31.980-0300] {processor.py:161} INFO - Started process (PID=25992) to work on /home/victor/Área de Trabalho/airflow/venv/lib/python3.10/site-packages/airflow/example_dags/plugins/event_listener.py
[2024-03-02T09:56:31.981-0300] {processor.py:830} INFO - Processing file /home/victor/Área de Trabalho/airflow/venv/lib/python3.10/site-packages/airflow/example_dags/plugins/event_listener.py for tasks to queue
[2024-03-02T09:56:31.981-0300] {logging_mixin.py:188} INFO - [2024-03-02T09:56:31.981-0300] {dagbag.py:540} INFO - Filling up the DagBag from /home/victor/Área de Trabalho/airflow/venv/lib/python3.10/site-packages/airflow/example_dags/plugins/event_listener.py
[2024-03-02T09:56:31.983-0300] {processor.py:842} WARNING - No viable dags retrieved from /home/victor/Área de Trabalho/airflow/venv/lib/python3.10/site-packages/airflow/example_dags/plugins/event_listener.py
[2024-03-02T09:56:32.003-0300] {processor.py:183} INFO - Processing /home/victor/Área de Trabalho/airflow/venv/lib/python3.10/site-packages/airflow/example_dags/plugins/event_listener.py took 0.027 seconds
[2024-03-02T09:57:02.330-0300] {processor.py:161} INFO - Started process (PID=26473) to work on /home/victor/Área de Trabalho/airflow/venv/lib/python3.10/site-packages/airflow/example_dags/plugins/event_listener.py
[2024-03-02T09:57:02.331-0300] {processor.py:830} INFO - Processing file /home/victor/Área de Trabalho/airflow/venv/lib/python3.10/site-packages/airflow/example_dags/plugins/event_listener.py for tasks to queue
[2024-03-02T09:57:02.332-0300] {logging_mixin.py:188} INFO - [2024-03-02T09:57:02.332-0300] {dagbag.py:540} INFO - Filling up the DagBag from /home/victor/Área de Trabalho/airflow/venv/lib/python3.10/site-packages/airflow/example_dags/plugins/event_listener.py
[2024-03-02T09:57:02.334-0300] {processor.py:842} WARNING - No viable dags retrieved from /home/victor/Área de Trabalho/airflow/venv/lib/python3.10/site-packages/airflow/example_dags/plugins/event_listener.py
[2024-03-02T09:57:02.353-0300] {processor.py:183} INFO - Processing /home/victor/Área de Trabalho/airflow/venv/lib/python3.10/site-packages/airflow/example_dags/plugins/event_listener.py took 0.026 seconds
[2024-03-02T09:57:32.936-0300] {processor.py:161} INFO - Started process (PID=26958) to work on /home/victor/Área de Trabalho/airflow/venv/lib/python3.10/site-packages/airflow/example_dags/plugins/event_listener.py
[2024-03-02T09:57:32.937-0300] {processor.py:830} INFO - Processing file /home/victor/Área de Trabalho/airflow/venv/lib/python3.10/site-packages/airflow/example_dags/plugins/event_listener.py for tasks to queue
[2024-03-02T09:57:32.938-0300] {logging_mixin.py:188} INFO - [2024-03-02T09:57:32.937-0300] {dagbag.py:540} INFO - Filling up the DagBag from /home/victor/Área de Trabalho/airflow/venv/lib/python3.10/site-packages/airflow/example_dags/plugins/event_listener.py
[2024-03-02T09:57:32.940-0300] {processor.py:842} WARNING - No viable dags retrieved from /home/victor/Área de Trabalho/airflow/venv/lib/python3.10/site-packages/airflow/example_dags/plugins/event_listener.py
[2024-03-02T09:57:32.959-0300] {processor.py:183} INFO - Processing /home/victor/Área de Trabalho/airflow/venv/lib/python3.10/site-packages/airflow/example_dags/plugins/event_listener.py took 0.025 seconds
[2024-03-02T09:58:03.452-0300] {processor.py:161} INFO - Started process (PID=27485) to work on /home/victor/Área de Trabalho/airflow/venv/lib/python3.10/site-packages/airflow/example_dags/plugins/event_listener.py
[2024-03-02T09:58:03.453-0300] {processor.py:830} INFO - Processing file /home/victor/Área de Trabalho/airflow/venv/lib/python3.10/site-packages/airflow/example_dags/plugins/event_listener.py for tasks to queue
[2024-03-02T09:58:03.454-0300] {logging_mixin.py:188} INFO - [2024-03-02T09:58:03.453-0300] {dagbag.py:540} INFO - Filling up the DagBag from /home/victor/Área de Trabalho/airflow/venv/lib/python3.10/site-packages/airflow/example_dags/plugins/event_listener.py
[2024-03-02T09:58:03.455-0300] {processor.py:842} WARNING - No viable dags retrieved from /home/victor/Área de Trabalho/airflow/venv/lib/python3.10/site-packages/airflow/example_dags/plugins/event_listener.py
[2024-03-02T09:58:03.474-0300] {processor.py:183} INFO - Processing /home/victor/Área de Trabalho/airflow/venv/lib/python3.10/site-packages/airflow/example_dags/plugins/event_listener.py took 0.025 seconds
[2024-03-02T09:58:33.793-0300] {processor.py:161} INFO - Started process (PID=28635) to work on /home/victor/Área de Trabalho/airflow/venv/lib/python3.10/site-packages/airflow/example_dags/plugins/event_listener.py
[2024-03-02T09:58:33.795-0300] {processor.py:830} INFO - Processing file /home/victor/Área de Trabalho/airflow/venv/lib/python3.10/site-packages/airflow/example_dags/plugins/event_listener.py for tasks to queue
[2024-03-02T09:58:33.796-0300] {logging_mixin.py:188} INFO - [2024-03-02T09:58:33.796-0300] {dagbag.py:540} INFO - Filling up the DagBag from /home/victor/Área de Trabalho/airflow/venv/lib/python3.10/site-packages/airflow/example_dags/plugins/event_listener.py
[2024-03-02T09:58:33.798-0300] {processor.py:842} WARNING - No viable dags retrieved from /home/victor/Área de Trabalho/airflow/venv/lib/python3.10/site-packages/airflow/example_dags/plugins/event_listener.py
[2024-03-02T09:58:33.817-0300] {processor.py:183} INFO - Processing /home/victor/Área de Trabalho/airflow/venv/lib/python3.10/site-packages/airflow/example_dags/plugins/event_listener.py took 0.027 seconds
[2024-03-02T09:59:04.398-0300] {processor.py:161} INFO - Started process (PID=29380) to work on /home/victor/Área de Trabalho/airflow/venv/lib/python3.10/site-packages/airflow/example_dags/plugins/event_listener.py
[2024-03-02T09:59:04.399-0300] {processor.py:830} INFO - Processing file /home/victor/Área de Trabalho/airflow/venv/lib/python3.10/site-packages/airflow/example_dags/plugins/event_listener.py for tasks to queue
[2024-03-02T09:59:04.400-0300] {logging_mixin.py:188} INFO - [2024-03-02T09:59:04.400-0300] {dagbag.py:540} INFO - Filling up the DagBag from /home/victor/Área de Trabalho/airflow/venv/lib/python3.10/site-packages/airflow/example_dags/plugins/event_listener.py
[2024-03-02T09:59:04.402-0300] {processor.py:842} WARNING - No viable dags retrieved from /home/victor/Área de Trabalho/airflow/venv/lib/python3.10/site-packages/airflow/example_dags/plugins/event_listener.py
[2024-03-02T09:59:04.422-0300] {processor.py:183} INFO - Processing /home/victor/Área de Trabalho/airflow/venv/lib/python3.10/site-packages/airflow/example_dags/plugins/event_listener.py took 0.027 seconds
