[2024-03-02T09:36:58.740-0300] {processor.py:161} INFO - Started process (PID=7925) to work on /home/victor/Área de Trabalho/airflow/venv/lib/python3.10/site-packages/airflow/example_dags/plugins/listener_plugin.py
[2024-03-02T09:36:58.741-0300] {processor.py:830} INFO - Processing file /home/victor/Área de Trabalho/airflow/venv/lib/python3.10/site-packages/airflow/example_dags/plugins/listener_plugin.py for tasks to queue
[2024-03-02T09:36:58.742-0300] {logging_mixin.py:188} INFO - [2024-03-02T09:36:58.742-0300] {dagbag.py:540} INFO - Filling up the DagBag from /home/victor/Área de Trabalho/airflow/venv/lib/python3.10/site-packages/airflow/example_dags/plugins/listener_plugin.py
[2024-03-02T09:36:58.745-0300] {processor.py:842} WARNING - No viable dags retrieved from /home/victor/Área de Trabalho/airflow/venv/lib/python3.10/site-packages/airflow/example_dags/plugins/listener_plugin.py
[2024-03-02T09:36:58.772-0300] {processor.py:183} INFO - Processing /home/victor/Área de Trabalho/airflow/venv/lib/python3.10/site-packages/airflow/example_dags/plugins/listener_plugin.py took 0.035 seconds
[2024-03-02T09:37:29.838-0300] {processor.py:161} INFO - Started process (PID=9333) to work on /home/victor/Área de Trabalho/airflow/venv/lib/python3.10/site-packages/airflow/example_dags/plugins/listener_plugin.py
[2024-03-02T09:37:29.839-0300] {processor.py:830} INFO - Processing file /home/victor/Área de Trabalho/airflow/venv/lib/python3.10/site-packages/airflow/example_dags/plugins/listener_plugin.py for tasks to queue
[2024-03-02T09:37:29.839-0300] {logging_mixin.py:188} INFO - [2024-03-02T09:37:29.839-0300] {dagbag.py:540} INFO - Filling up the DagBag from /home/victor/Área de Trabalho/airflow/venv/lib/python3.10/site-packages/airflow/example_dags/plugins/listener_plugin.py
[2024-03-02T09:37:29.842-0300] {processor.py:842} WARNING - No viable dags retrieved from /home/victor/Área de Trabalho/airflow/venv/lib/python3.10/site-packages/airflow/example_dags/plugins/listener_plugin.py
[2024-03-02T09:37:29.861-0300] {processor.py:183} INFO - Processing /home/victor/Área de Trabalho/airflow/venv/lib/python3.10/site-packages/airflow/example_dags/plugins/listener_plugin.py took 0.026 seconds
[2024-03-02T09:38:00.289-0300] {processor.py:161} INFO - Started process (PID=10000) to work on /home/victor/Área de Trabalho/airflow/venv/lib/python3.10/site-packages/airflow/example_dags/plugins/listener_plugin.py
[2024-03-02T09:38:00.290-0300] {processor.py:830} INFO - Processing file /home/victor/Área de Trabalho/airflow/venv/lib/python3.10/site-packages/airflow/example_dags/plugins/listener_plugin.py for tasks to queue
[2024-03-02T09:38:00.290-0300] {logging_mixin.py:188} INFO - [2024-03-02T09:38:00.290-0300] {dagbag.py:540} INFO - Filling up the DagBag from /home/victor/Área de Trabalho/airflow/venv/lib/python3.10/site-packages/airflow/example_dags/plugins/listener_plugin.py
[2024-03-02T09:38:00.293-0300] {processor.py:842} WARNING - No viable dags retrieved from /home/victor/Área de Trabalho/airflow/venv/lib/python3.10/site-packages/airflow/example_dags/plugins/listener_plugin.py
[2024-03-02T09:38:00.314-0300] {processor.py:183} INFO - Processing /home/victor/Área de Trabalho/airflow/venv/lib/python3.10/site-packages/airflow/example_dags/plugins/listener_plugin.py took 0.029 seconds
[2024-03-02T09:38:31.704-0300] {processor.py:161} INFO - Started process (PID=10312) to work on /home/victor/Área de Trabalho/airflow/venv/lib/python3.10/site-packages/airflow/example_dags/plugins/listener_plugin.py
[2024-03-02T09:38:31.705-0300] {processor.py:830} INFO - Processing file /home/victor/Área de Trabalho/airflow/venv/lib/python3.10/site-packages/airflow/example_dags/plugins/listener_plugin.py for tasks to queue
[2024-03-02T09:38:31.706-0300] {logging_mixin.py:188} INFO - [2024-03-02T09:38:31.706-0300] {dagbag.py:540} INFO - Filling up the DagBag from /home/victor/Área de Trabalho/airflow/venv/lib/python3.10/site-packages/airflow/example_dags/plugins/listener_plugin.py
[2024-03-02T09:38:31.708-0300] {processor.py:842} WARNING - No viable dags retrieved from /home/victor/Área de Trabalho/airflow/venv/lib/python3.10/site-packages/airflow/example_dags/plugins/listener_plugin.py
[2024-03-02T09:38:31.728-0300] {processor.py:183} INFO - Processing /home/victor/Área de Trabalho/airflow/venv/lib/python3.10/site-packages/airflow/example_dags/plugins/listener_plugin.py took 0.026 seconds
[2024-03-02T09:39:03.138-0300] {processor.py:161} INFO - Started process (PID=10868) to work on /home/victor/Área de Trabalho/airflow/venv/lib/python3.10/site-packages/airflow/example_dags/plugins/listener_plugin.py
[2024-03-02T09:39:03.139-0300] {processor.py:830} INFO - Processing file /home/victor/Área de Trabalho/airflow/venv/lib/python3.10/site-packages/airflow/example_dags/plugins/listener_plugin.py for tasks to queue
[2024-03-02T09:39:03.142-0300] {logging_mixin.py:188} INFO - [2024-03-02T09:39:03.140-0300] {dagbag.py:540} INFO - Filling up the DagBag from /home/victor/Área de Trabalho/airflow/venv/lib/python3.10/site-packages/airflow/example_dags/plugins/listener_plugin.py
[2024-03-02T09:39:03.145-0300] {processor.py:842} WARNING - No viable dags retrieved from /home/victor/Área de Trabalho/airflow/venv/lib/python3.10/site-packages/airflow/example_dags/plugins/listener_plugin.py
[2024-03-02T09:39:03.164-0300] {processor.py:183} INFO - Processing /home/victor/Área de Trabalho/airflow/venv/lib/python3.10/site-packages/airflow/example_dags/plugins/listener_plugin.py took 0.028 seconds
[2024-03-02T09:39:34.316-0300] {processor.py:161} INFO - Started process (PID=11469) to work on /home/victor/Área de Trabalho/airflow/venv/lib/python3.10/site-packages/airflow/example_dags/plugins/listener_plugin.py
[2024-03-02T09:39:34.317-0300] {processor.py:830} INFO - Processing file /home/victor/Área de Trabalho/airflow/venv/lib/python3.10/site-packages/airflow/example_dags/plugins/listener_plugin.py for tasks to queue
[2024-03-02T09:39:34.318-0300] {logging_mixin.py:188} INFO - [2024-03-02T09:39:34.317-0300] {dagbag.py:540} INFO - Filling up the DagBag from /home/victor/Área de Trabalho/airflow/venv/lib/python3.10/site-packages/airflow/example_dags/plugins/listener_plugin.py
[2024-03-02T09:39:34.320-0300] {processor.py:842} WARNING - No viable dags retrieved from /home/victor/Área de Trabalho/airflow/venv/lib/python3.10/site-packages/airflow/example_dags/plugins/listener_plugin.py
[2024-03-02T09:39:34.339-0300] {processor.py:183} INFO - Processing /home/victor/Área de Trabalho/airflow/venv/lib/python3.10/site-packages/airflow/example_dags/plugins/listener_plugin.py took 0.026 seconds
[2024-03-02T09:40:05.605-0300] {processor.py:161} INFO - Started process (PID=11945) to work on /home/victor/Área de Trabalho/airflow/venv/lib/python3.10/site-packages/airflow/example_dags/plugins/listener_plugin.py
[2024-03-02T09:40:05.606-0300] {processor.py:830} INFO - Processing file /home/victor/Área de Trabalho/airflow/venv/lib/python3.10/site-packages/airflow/example_dags/plugins/listener_plugin.py for tasks to queue
[2024-03-02T09:40:05.607-0300] {logging_mixin.py:188} INFO - [2024-03-02T09:40:05.607-0300] {dagbag.py:540} INFO - Filling up the DagBag from /home/victor/Área de Trabalho/airflow/venv/lib/python3.10/site-packages/airflow/example_dags/plugins/listener_plugin.py
[2024-03-02T09:40:05.609-0300] {processor.py:842} WARNING - No viable dags retrieved from /home/victor/Área de Trabalho/airflow/venv/lib/python3.10/site-packages/airflow/example_dags/plugins/listener_plugin.py
[2024-03-02T09:40:05.629-0300] {processor.py:183} INFO - Processing /home/victor/Área de Trabalho/airflow/venv/lib/python3.10/site-packages/airflow/example_dags/plugins/listener_plugin.py took 0.027 seconds
[2024-03-02T09:40:36.997-0300] {processor.py:161} INFO - Started process (PID=12325) to work on /home/victor/Área de Trabalho/airflow/venv/lib/python3.10/site-packages/airflow/example_dags/plugins/listener_plugin.py
[2024-03-02T09:40:36.998-0300] {processor.py:830} INFO - Processing file /home/victor/Área de Trabalho/airflow/venv/lib/python3.10/site-packages/airflow/example_dags/plugins/listener_plugin.py for tasks to queue
[2024-03-02T09:40:36.999-0300] {logging_mixin.py:188} INFO - [2024-03-02T09:40:36.998-0300] {dagbag.py:540} INFO - Filling up the DagBag from /home/victor/Área de Trabalho/airflow/venv/lib/python3.10/site-packages/airflow/example_dags/plugins/listener_plugin.py
[2024-03-02T09:40:37.001-0300] {processor.py:842} WARNING - No viable dags retrieved from /home/victor/Área de Trabalho/airflow/venv/lib/python3.10/site-packages/airflow/example_dags/plugins/listener_plugin.py
[2024-03-02T09:40:37.021-0300] {processor.py:183} INFO - Processing /home/victor/Área de Trabalho/airflow/venv/lib/python3.10/site-packages/airflow/example_dags/plugins/listener_plugin.py took 0.027 seconds
[2024-03-02T09:41:07.972-0300] {processor.py:161} INFO - Started process (PID=12801) to work on /home/victor/Área de Trabalho/airflow/venv/lib/python3.10/site-packages/airflow/example_dags/plugins/listener_plugin.py
[2024-03-02T09:41:07.973-0300] {processor.py:830} INFO - Processing file /home/victor/Área de Trabalho/airflow/venv/lib/python3.10/site-packages/airflow/example_dags/plugins/listener_plugin.py for tasks to queue
[2024-03-02T09:41:07.973-0300] {logging_mixin.py:188} INFO - [2024-03-02T09:41:07.973-0300] {dagbag.py:540} INFO - Filling up the DagBag from /home/victor/Área de Trabalho/airflow/venv/lib/python3.10/site-packages/airflow/example_dags/plugins/listener_plugin.py
[2024-03-02T09:41:07.976-0300] {processor.py:842} WARNING - No viable dags retrieved from /home/victor/Área de Trabalho/airflow/venv/lib/python3.10/site-packages/airflow/example_dags/plugins/listener_plugin.py
[2024-03-02T09:41:08.000-0300] {processor.py:183} INFO - Processing /home/victor/Área de Trabalho/airflow/venv/lib/python3.10/site-packages/airflow/example_dags/plugins/listener_plugin.py took 0.032 seconds
[2024-03-02T09:41:38.716-0300] {processor.py:161} INFO - Started process (PID=13114) to work on /home/victor/Área de Trabalho/airflow/venv/lib/python3.10/site-packages/airflow/example_dags/plugins/listener_plugin.py
[2024-03-02T09:41:38.717-0300] {processor.py:830} INFO - Processing file /home/victor/Área de Trabalho/airflow/venv/lib/python3.10/site-packages/airflow/example_dags/plugins/listener_plugin.py for tasks to queue
[2024-03-02T09:41:38.717-0300] {logging_mixin.py:188} INFO - [2024-03-02T09:41:38.717-0300] {dagbag.py:540} INFO - Filling up the DagBag from /home/victor/Área de Trabalho/airflow/venv/lib/python3.10/site-packages/airflow/example_dags/plugins/listener_plugin.py
[2024-03-02T09:41:38.720-0300] {processor.py:842} WARNING - No viable dags retrieved from /home/victor/Área de Trabalho/airflow/venv/lib/python3.10/site-packages/airflow/example_dags/plugins/listener_plugin.py
[2024-03-02T09:41:38.741-0300] {processor.py:183} INFO - Processing /home/victor/Área de Trabalho/airflow/venv/lib/python3.10/site-packages/airflow/example_dags/plugins/listener_plugin.py took 0.029 seconds
[2024-03-02T09:42:09.560-0300] {processor.py:161} INFO - Started process (PID=13748) to work on /home/victor/Área de Trabalho/airflow/venv/lib/python3.10/site-packages/airflow/example_dags/plugins/listener_plugin.py
[2024-03-02T09:42:09.561-0300] {processor.py:830} INFO - Processing file /home/victor/Área de Trabalho/airflow/venv/lib/python3.10/site-packages/airflow/example_dags/plugins/listener_plugin.py for tasks to queue
[2024-03-02T09:42:09.562-0300] {logging_mixin.py:188} INFO - [2024-03-02T09:42:09.561-0300] {dagbag.py:540} INFO - Filling up the DagBag from /home/victor/Área de Trabalho/airflow/venv/lib/python3.10/site-packages/airflow/example_dags/plugins/listener_plugin.py
[2024-03-02T09:42:09.567-0300] {processor.py:842} WARNING - No viable dags retrieved from /home/victor/Área de Trabalho/airflow/venv/lib/python3.10/site-packages/airflow/example_dags/plugins/listener_plugin.py
[2024-03-02T09:42:09.589-0300] {processor.py:183} INFO - Processing /home/victor/Área de Trabalho/airflow/venv/lib/python3.10/site-packages/airflow/example_dags/plugins/listener_plugin.py took 0.032 seconds
[2024-03-02T09:42:40.399-0300] {processor.py:161} INFO - Started process (PID=14068) to work on /home/victor/Área de Trabalho/airflow/venv/lib/python3.10/site-packages/airflow/example_dags/plugins/listener_plugin.py
[2024-03-02T09:42:40.400-0300] {processor.py:830} INFO - Processing file /home/victor/Área de Trabalho/airflow/venv/lib/python3.10/site-packages/airflow/example_dags/plugins/listener_plugin.py for tasks to queue
[2024-03-02T09:42:40.401-0300] {logging_mixin.py:188} INFO - [2024-03-02T09:42:40.400-0300] {dagbag.py:540} INFO - Filling up the DagBag from /home/victor/Área de Trabalho/airflow/venv/lib/python3.10/site-packages/airflow/example_dags/plugins/listener_plugin.py
[2024-03-02T09:42:40.403-0300] {processor.py:842} WARNING - No viable dags retrieved from /home/victor/Área de Trabalho/airflow/venv/lib/python3.10/site-packages/airflow/example_dags/plugins/listener_plugin.py
[2024-03-02T09:42:40.425-0300] {processor.py:183} INFO - Processing /home/victor/Área de Trabalho/airflow/venv/lib/python3.10/site-packages/airflow/example_dags/plugins/listener_plugin.py took 0.030 seconds
[2024-03-02T09:43:11.544-0300] {processor.py:161} INFO - Started process (PID=14550) to work on /home/victor/Área de Trabalho/airflow/venv/lib/python3.10/site-packages/airflow/example_dags/plugins/listener_plugin.py
[2024-03-02T09:43:11.544-0300] {processor.py:830} INFO - Processing file /home/victor/Área de Trabalho/airflow/venv/lib/python3.10/site-packages/airflow/example_dags/plugins/listener_plugin.py for tasks to queue
[2024-03-02T09:43:11.545-0300] {logging_mixin.py:188} INFO - [2024-03-02T09:43:11.545-0300] {dagbag.py:540} INFO - Filling up the DagBag from /home/victor/Área de Trabalho/airflow/venv/lib/python3.10/site-packages/airflow/example_dags/plugins/listener_plugin.py
[2024-03-02T09:43:11.548-0300] {processor.py:842} WARNING - No viable dags retrieved from /home/victor/Área de Trabalho/airflow/venv/lib/python3.10/site-packages/airflow/example_dags/plugins/listener_plugin.py
[2024-03-02T09:43:11.573-0300] {processor.py:183} INFO - Processing /home/victor/Área de Trabalho/airflow/venv/lib/python3.10/site-packages/airflow/example_dags/plugins/listener_plugin.py took 0.032 seconds
[2024-03-02T09:43:42.323-0300] {processor.py:161} INFO - Started process (PID=14870) to work on /home/victor/Área de Trabalho/airflow/venv/lib/python3.10/site-packages/airflow/example_dags/plugins/listener_plugin.py
[2024-03-02T09:43:42.324-0300] {processor.py:830} INFO - Processing file /home/victor/Área de Trabalho/airflow/venv/lib/python3.10/site-packages/airflow/example_dags/plugins/listener_plugin.py for tasks to queue
[2024-03-02T09:43:42.325-0300] {logging_mixin.py:188} INFO - [2024-03-02T09:43:42.325-0300] {dagbag.py:540} INFO - Filling up the DagBag from /home/victor/Área de Trabalho/airflow/venv/lib/python3.10/site-packages/airflow/example_dags/plugins/listener_plugin.py
[2024-03-02T09:43:42.328-0300] {processor.py:842} WARNING - No viable dags retrieved from /home/victor/Área de Trabalho/airflow/venv/lib/python3.10/site-packages/airflow/example_dags/plugins/listener_plugin.py
[2024-03-02T09:43:42.349-0300] {processor.py:183} INFO - Processing /home/victor/Área de Trabalho/airflow/venv/lib/python3.10/site-packages/airflow/example_dags/plugins/listener_plugin.py took 0.028 seconds
[2024-03-02T09:44:13.748-0300] {processor.py:161} INFO - Started process (PID=15350) to work on /home/victor/Área de Trabalho/airflow/venv/lib/python3.10/site-packages/airflow/example_dags/plugins/listener_plugin.py
[2024-03-02T09:44:13.749-0300] {processor.py:830} INFO - Processing file /home/victor/Área de Trabalho/airflow/venv/lib/python3.10/site-packages/airflow/example_dags/plugins/listener_plugin.py for tasks to queue
[2024-03-02T09:44:13.750-0300] {logging_mixin.py:188} INFO - [2024-03-02T09:44:13.750-0300] {dagbag.py:540} INFO - Filling up the DagBag from /home/victor/Área de Trabalho/airflow/venv/lib/python3.10/site-packages/airflow/example_dags/plugins/listener_plugin.py
[2024-03-02T09:44:13.753-0300] {processor.py:842} WARNING - No viable dags retrieved from /home/victor/Área de Trabalho/airflow/venv/lib/python3.10/site-packages/airflow/example_dags/plugins/listener_plugin.py
[2024-03-02T09:44:13.776-0300] {processor.py:183} INFO - Processing /home/victor/Área de Trabalho/airflow/venv/lib/python3.10/site-packages/airflow/example_dags/plugins/listener_plugin.py took 0.031 seconds
[2024-03-02T09:44:44.509-0300] {processor.py:161} INFO - Started process (PID=15676) to work on /home/victor/Área de Trabalho/airflow/venv/lib/python3.10/site-packages/airflow/example_dags/plugins/listener_plugin.py
[2024-03-02T09:44:44.510-0300] {processor.py:830} INFO - Processing file /home/victor/Área de Trabalho/airflow/venv/lib/python3.10/site-packages/airflow/example_dags/plugins/listener_plugin.py for tasks to queue
[2024-03-02T09:44:44.511-0300] {logging_mixin.py:188} INFO - [2024-03-02T09:44:44.511-0300] {dagbag.py:540} INFO - Filling up the DagBag from /home/victor/Área de Trabalho/airflow/venv/lib/python3.10/site-packages/airflow/example_dags/plugins/listener_plugin.py
[2024-03-02T09:44:44.514-0300] {processor.py:842} WARNING - No viable dags retrieved from /home/victor/Área de Trabalho/airflow/venv/lib/python3.10/site-packages/airflow/example_dags/plugins/listener_plugin.py
[2024-03-02T09:44:44.535-0300] {processor.py:183} INFO - Processing /home/victor/Área de Trabalho/airflow/venv/lib/python3.10/site-packages/airflow/example_dags/plugins/listener_plugin.py took 0.029 seconds
[2024-03-02T09:45:15.311-0300] {processor.py:161} INFO - Started process (PID=16167) to work on /home/victor/Área de Trabalho/airflow/venv/lib/python3.10/site-packages/airflow/example_dags/plugins/listener_plugin.py
[2024-03-02T09:45:15.312-0300] {processor.py:830} INFO - Processing file /home/victor/Área de Trabalho/airflow/venv/lib/python3.10/site-packages/airflow/example_dags/plugins/listener_plugin.py for tasks to queue
[2024-03-02T09:45:15.313-0300] {logging_mixin.py:188} INFO - [2024-03-02T09:45:15.313-0300] {dagbag.py:540} INFO - Filling up the DagBag from /home/victor/Área de Trabalho/airflow/venv/lib/python3.10/site-packages/airflow/example_dags/plugins/listener_plugin.py
[2024-03-02T09:45:15.316-0300] {processor.py:842} WARNING - No viable dags retrieved from /home/victor/Área de Trabalho/airflow/venv/lib/python3.10/site-packages/airflow/example_dags/plugins/listener_plugin.py
[2024-03-02T09:45:15.357-0300] {processor.py:183} INFO - Processing /home/victor/Área de Trabalho/airflow/venv/lib/python3.10/site-packages/airflow/example_dags/plugins/listener_plugin.py took 0.049 seconds
[2024-03-02T09:45:46.352-0300] {processor.py:161} INFO - Started process (PID=16675) to work on /home/victor/Área de Trabalho/airflow/venv/lib/python3.10/site-packages/airflow/example_dags/plugins/listener_plugin.py
[2024-03-02T09:45:46.352-0300] {processor.py:830} INFO - Processing file /home/victor/Área de Trabalho/airflow/venv/lib/python3.10/site-packages/airflow/example_dags/plugins/listener_plugin.py for tasks to queue
[2024-03-02T09:45:46.353-0300] {logging_mixin.py:188} INFO - [2024-03-02T09:45:46.353-0300] {dagbag.py:540} INFO - Filling up the DagBag from /home/victor/Área de Trabalho/airflow/venv/lib/python3.10/site-packages/airflow/example_dags/plugins/listener_plugin.py
[2024-03-02T09:45:46.357-0300] {processor.py:842} WARNING - No viable dags retrieved from /home/victor/Área de Trabalho/airflow/venv/lib/python3.10/site-packages/airflow/example_dags/plugins/listener_plugin.py
[2024-03-02T09:45:46.378-0300] {processor.py:183} INFO - Processing /home/victor/Área de Trabalho/airflow/venv/lib/python3.10/site-packages/airflow/example_dags/plugins/listener_plugin.py took 0.029 seconds
[2024-03-02T09:46:17.867-0300] {processor.py:161} INFO - Started process (PID=17158) to work on /home/victor/Área de Trabalho/airflow/venv/lib/python3.10/site-packages/airflow/example_dags/plugins/listener_plugin.py
[2024-03-02T09:46:17.868-0300] {processor.py:830} INFO - Processing file /home/victor/Área de Trabalho/airflow/venv/lib/python3.10/site-packages/airflow/example_dags/plugins/listener_plugin.py for tasks to queue
[2024-03-02T09:46:17.869-0300] {logging_mixin.py:188} INFO - [2024-03-02T09:46:17.868-0300] {dagbag.py:540} INFO - Filling up the DagBag from /home/victor/Área de Trabalho/airflow/venv/lib/python3.10/site-packages/airflow/example_dags/plugins/listener_plugin.py
[2024-03-02T09:46:17.874-0300] {processor.py:842} WARNING - No viable dags retrieved from /home/victor/Área de Trabalho/airflow/venv/lib/python3.10/site-packages/airflow/example_dags/plugins/listener_plugin.py
[2024-03-02T09:46:17.901-0300] {processor.py:183} INFO - Processing /home/victor/Área de Trabalho/airflow/venv/lib/python3.10/site-packages/airflow/example_dags/plugins/listener_plugin.py took 0.037 seconds
[2024-03-02T09:46:48.595-0300] {processor.py:161} INFO - Started process (PID=17475) to work on /home/victor/Área de Trabalho/airflow/venv/lib/python3.10/site-packages/airflow/example_dags/plugins/listener_plugin.py
[2024-03-02T09:46:48.596-0300] {processor.py:830} INFO - Processing file /home/victor/Área de Trabalho/airflow/venv/lib/python3.10/site-packages/airflow/example_dags/plugins/listener_plugin.py for tasks to queue
[2024-03-02T09:46:48.597-0300] {logging_mixin.py:188} INFO - [2024-03-02T09:46:48.597-0300] {dagbag.py:540} INFO - Filling up the DagBag from /home/victor/Área de Trabalho/airflow/venv/lib/python3.10/site-packages/airflow/example_dags/plugins/listener_plugin.py
[2024-03-02T09:46:48.599-0300] {processor.py:842} WARNING - No viable dags retrieved from /home/victor/Área de Trabalho/airflow/venv/lib/python3.10/site-packages/airflow/example_dags/plugins/listener_plugin.py
[2024-03-02T09:46:48.621-0300] {processor.py:183} INFO - Processing /home/victor/Área de Trabalho/airflow/venv/lib/python3.10/site-packages/airflow/example_dags/plugins/listener_plugin.py took 0.029 seconds
[2024-03-02T09:47:19.568-0300] {processor.py:161} INFO - Started process (PID=18138) to work on /home/victor/Área de Trabalho/airflow/venv/lib/python3.10/site-packages/airflow/example_dags/plugins/listener_plugin.py
[2024-03-02T09:47:19.568-0300] {processor.py:830} INFO - Processing file /home/victor/Área de Trabalho/airflow/venv/lib/python3.10/site-packages/airflow/example_dags/plugins/listener_plugin.py for tasks to queue
[2024-03-02T09:47:19.569-0300] {logging_mixin.py:188} INFO - [2024-03-02T09:47:19.569-0300] {dagbag.py:540} INFO - Filling up the DagBag from /home/victor/Área de Trabalho/airflow/venv/lib/python3.10/site-packages/airflow/example_dags/plugins/listener_plugin.py
[2024-03-02T09:47:19.571-0300] {processor.py:842} WARNING - No viable dags retrieved from /home/victor/Área de Trabalho/airflow/venv/lib/python3.10/site-packages/airflow/example_dags/plugins/listener_plugin.py
[2024-03-02T09:47:19.594-0300] {processor.py:183} INFO - Processing /home/victor/Área de Trabalho/airflow/venv/lib/python3.10/site-packages/airflow/example_dags/plugins/listener_plugin.py took 0.030 seconds
[2024-03-02T09:47:50.163-0300] {processor.py:161} INFO - Started process (PID=18458) to work on /home/victor/Área de Trabalho/airflow/venv/lib/python3.10/site-packages/airflow/example_dags/plugins/listener_plugin.py
[2024-03-02T09:47:50.164-0300] {processor.py:830} INFO - Processing file /home/victor/Área de Trabalho/airflow/venv/lib/python3.10/site-packages/airflow/example_dags/plugins/listener_plugin.py for tasks to queue
[2024-03-02T09:47:50.164-0300] {logging_mixin.py:188} INFO - [2024-03-02T09:47:50.164-0300] {dagbag.py:540} INFO - Filling up the DagBag from /home/victor/Área de Trabalho/airflow/venv/lib/python3.10/site-packages/airflow/example_dags/plugins/listener_plugin.py
[2024-03-02T09:47:50.167-0300] {processor.py:842} WARNING - No viable dags retrieved from /home/victor/Área de Trabalho/airflow/venv/lib/python3.10/site-packages/airflow/example_dags/plugins/listener_plugin.py
[2024-03-02T09:47:50.188-0300] {processor.py:183} INFO - Processing /home/victor/Área de Trabalho/airflow/venv/lib/python3.10/site-packages/airflow/example_dags/plugins/listener_plugin.py took 0.028 seconds
[2024-03-02T09:48:20.863-0300] {processor.py:161} INFO - Started process (PID=18947) to work on /home/victor/Área de Trabalho/airflow/venv/lib/python3.10/site-packages/airflow/example_dags/plugins/listener_plugin.py
[2024-03-02T09:48:20.864-0300] {processor.py:830} INFO - Processing file /home/victor/Área de Trabalho/airflow/venv/lib/python3.10/site-packages/airflow/example_dags/plugins/listener_plugin.py for tasks to queue
[2024-03-02T09:48:20.866-0300] {logging_mixin.py:188} INFO - [2024-03-02T09:48:20.866-0300] {dagbag.py:540} INFO - Filling up the DagBag from /home/victor/Área de Trabalho/airflow/venv/lib/python3.10/site-packages/airflow/example_dags/plugins/listener_plugin.py
[2024-03-02T09:48:20.869-0300] {processor.py:842} WARNING - No viable dags retrieved from /home/victor/Área de Trabalho/airflow/venv/lib/python3.10/site-packages/airflow/example_dags/plugins/listener_plugin.py
[2024-03-02T09:48:20.889-0300] {processor.py:183} INFO - Processing /home/victor/Área de Trabalho/airflow/venv/lib/python3.10/site-packages/airflow/example_dags/plugins/listener_plugin.py took 0.029 seconds
[2024-03-02T09:48:51.636-0300] {processor.py:161} INFO - Started process (PID=19289) to work on /home/victor/Área de Trabalho/airflow/venv/lib/python3.10/site-packages/airflow/example_dags/plugins/listener_plugin.py
[2024-03-02T09:48:51.637-0300] {processor.py:830} INFO - Processing file /home/victor/Área de Trabalho/airflow/venv/lib/python3.10/site-packages/airflow/example_dags/plugins/listener_plugin.py for tasks to queue
[2024-03-02T09:48:51.638-0300] {logging_mixin.py:188} INFO - [2024-03-02T09:48:51.637-0300] {dagbag.py:540} INFO - Filling up the DagBag from /home/victor/Área de Trabalho/airflow/venv/lib/python3.10/site-packages/airflow/example_dags/plugins/listener_plugin.py
[2024-03-02T09:48:51.640-0300] {processor.py:842} WARNING - No viable dags retrieved from /home/victor/Área de Trabalho/airflow/venv/lib/python3.10/site-packages/airflow/example_dags/plugins/listener_plugin.py
[2024-03-02T09:48:51.660-0300] {processor.py:183} INFO - Processing /home/victor/Área de Trabalho/airflow/venv/lib/python3.10/site-packages/airflow/example_dags/plugins/listener_plugin.py took 0.028 seconds
[2024-03-02T09:49:22.391-0300] {processor.py:161} INFO - Started process (PID=19773) to work on /home/victor/Área de Trabalho/airflow/venv/lib/python3.10/site-packages/airflow/example_dags/plugins/listener_plugin.py
[2024-03-02T09:49:22.392-0300] {processor.py:830} INFO - Processing file /home/victor/Área de Trabalho/airflow/venv/lib/python3.10/site-packages/airflow/example_dags/plugins/listener_plugin.py for tasks to queue
[2024-03-02T09:49:22.393-0300] {logging_mixin.py:188} INFO - [2024-03-02T09:49:22.392-0300] {dagbag.py:540} INFO - Filling up the DagBag from /home/victor/Área de Trabalho/airflow/venv/lib/python3.10/site-packages/airflow/example_dags/plugins/listener_plugin.py
[2024-03-02T09:49:22.397-0300] {processor.py:842} WARNING - No viable dags retrieved from /home/victor/Área de Trabalho/airflow/venv/lib/python3.10/site-packages/airflow/example_dags/plugins/listener_plugin.py
[2024-03-02T09:49:22.418-0300] {processor.py:183} INFO - Processing /home/victor/Área de Trabalho/airflow/venv/lib/python3.10/site-packages/airflow/example_dags/plugins/listener_plugin.py took 0.030 seconds
[2024-03-02T09:49:53.109-0300] {processor.py:161} INFO - Started process (PID=20092) to work on /home/victor/Área de Trabalho/airflow/venv/lib/python3.10/site-packages/airflow/example_dags/plugins/listener_plugin.py
[2024-03-02T09:49:53.110-0300] {processor.py:830} INFO - Processing file /home/victor/Área de Trabalho/airflow/venv/lib/python3.10/site-packages/airflow/example_dags/plugins/listener_plugin.py for tasks to queue
[2024-03-02T09:49:53.111-0300] {logging_mixin.py:188} INFO - [2024-03-02T09:49:53.110-0300] {dagbag.py:540} INFO - Filling up the DagBag from /home/victor/Área de Trabalho/airflow/venv/lib/python3.10/site-packages/airflow/example_dags/plugins/listener_plugin.py
[2024-03-02T09:49:53.113-0300] {processor.py:842} WARNING - No viable dags retrieved from /home/victor/Área de Trabalho/airflow/venv/lib/python3.10/site-packages/airflow/example_dags/plugins/listener_plugin.py
[2024-03-02T09:49:53.135-0300] {processor.py:183} INFO - Processing /home/victor/Área de Trabalho/airflow/venv/lib/python3.10/site-packages/airflow/example_dags/plugins/listener_plugin.py took 0.032 seconds
[2024-03-02T09:50:23.779-0300] {processor.py:161} INFO - Started process (PID=20576) to work on /home/victor/Área de Trabalho/airflow/venv/lib/python3.10/site-packages/airflow/example_dags/plugins/listener_plugin.py
[2024-03-02T09:50:23.780-0300] {processor.py:830} INFO - Processing file /home/victor/Área de Trabalho/airflow/venv/lib/python3.10/site-packages/airflow/example_dags/plugins/listener_plugin.py for tasks to queue
[2024-03-02T09:50:23.780-0300] {logging_mixin.py:188} INFO - [2024-03-02T09:50:23.780-0300] {dagbag.py:540} INFO - Filling up the DagBag from /home/victor/Área de Trabalho/airflow/venv/lib/python3.10/site-packages/airflow/example_dags/plugins/listener_plugin.py
[2024-03-02T09:50:23.783-0300] {processor.py:842} WARNING - No viable dags retrieved from /home/victor/Área de Trabalho/airflow/venv/lib/python3.10/site-packages/airflow/example_dags/plugins/listener_plugin.py
[2024-03-02T09:50:23.804-0300] {processor.py:183} INFO - Processing /home/victor/Área de Trabalho/airflow/venv/lib/python3.10/site-packages/airflow/example_dags/plugins/listener_plugin.py took 0.028 seconds
[2024-03-02T09:50:55.225-0300] {processor.py:161} INFO - Started process (PID=20931) to work on /home/victor/Área de Trabalho/airflow/venv/lib/python3.10/site-packages/airflow/example_dags/plugins/listener_plugin.py
[2024-03-02T09:50:55.225-0300] {processor.py:830} INFO - Processing file /home/victor/Área de Trabalho/airflow/venv/lib/python3.10/site-packages/airflow/example_dags/plugins/listener_plugin.py for tasks to queue
[2024-03-02T09:50:55.226-0300] {logging_mixin.py:188} INFO - [2024-03-02T09:50:55.226-0300] {dagbag.py:540} INFO - Filling up the DagBag from /home/victor/Área de Trabalho/airflow/venv/lib/python3.10/site-packages/airflow/example_dags/plugins/listener_plugin.py
[2024-03-02T09:50:55.228-0300] {processor.py:842} WARNING - No viable dags retrieved from /home/victor/Área de Trabalho/airflow/venv/lib/python3.10/site-packages/airflow/example_dags/plugins/listener_plugin.py
[2024-03-02T09:50:55.248-0300] {processor.py:183} INFO - Processing /home/victor/Área de Trabalho/airflow/venv/lib/python3.10/site-packages/airflow/example_dags/plugins/listener_plugin.py took 0.029 seconds
[2024-03-02T09:51:25.908-0300] {processor.py:161} INFO - Started process (PID=21412) to work on /home/victor/Área de Trabalho/airflow/venv/lib/python3.10/site-packages/airflow/example_dags/plugins/listener_plugin.py
[2024-03-02T09:51:25.909-0300] {processor.py:830} INFO - Processing file /home/victor/Área de Trabalho/airflow/venv/lib/python3.10/site-packages/airflow/example_dags/plugins/listener_plugin.py for tasks to queue
[2024-03-02T09:51:25.909-0300] {logging_mixin.py:188} INFO - [2024-03-02T09:51:25.909-0300] {dagbag.py:540} INFO - Filling up the DagBag from /home/victor/Área de Trabalho/airflow/venv/lib/python3.10/site-packages/airflow/example_dags/plugins/listener_plugin.py
[2024-03-02T09:51:25.915-0300] {processor.py:842} WARNING - No viable dags retrieved from /home/victor/Área de Trabalho/airflow/venv/lib/python3.10/site-packages/airflow/example_dags/plugins/listener_plugin.py
[2024-03-02T09:51:25.935-0300] {processor.py:183} INFO - Processing /home/victor/Área de Trabalho/airflow/venv/lib/python3.10/site-packages/airflow/example_dags/plugins/listener_plugin.py took 0.030 seconds
[2024-03-02T09:51:56.631-0300] {processor.py:161} INFO - Started process (PID=21734) to work on /home/victor/Área de Trabalho/airflow/venv/lib/python3.10/site-packages/airflow/example_dags/plugins/listener_plugin.py
[2024-03-02T09:51:56.632-0300] {processor.py:830} INFO - Processing file /home/victor/Área de Trabalho/airflow/venv/lib/python3.10/site-packages/airflow/example_dags/plugins/listener_plugin.py for tasks to queue
[2024-03-02T09:51:56.633-0300] {logging_mixin.py:188} INFO - [2024-03-02T09:51:56.633-0300] {dagbag.py:540} INFO - Filling up the DagBag from /home/victor/Área de Trabalho/airflow/venv/lib/python3.10/site-packages/airflow/example_dags/plugins/listener_plugin.py
[2024-03-02T09:51:56.635-0300] {processor.py:842} WARNING - No viable dags retrieved from /home/victor/Área de Trabalho/airflow/venv/lib/python3.10/site-packages/airflow/example_dags/plugins/listener_plugin.py
[2024-03-02T09:51:56.659-0300] {processor.py:183} INFO - Processing /home/victor/Área de Trabalho/airflow/venv/lib/python3.10/site-packages/airflow/example_dags/plugins/listener_plugin.py took 0.031 seconds
[2024-03-02T09:52:27.171-0300] {processor.py:161} INFO - Started process (PID=22376) to work on /home/victor/Área de Trabalho/airflow/venv/lib/python3.10/site-packages/airflow/example_dags/plugins/listener_plugin.py
[2024-03-02T09:52:27.172-0300] {processor.py:830} INFO - Processing file /home/victor/Área de Trabalho/airflow/venv/lib/python3.10/site-packages/airflow/example_dags/plugins/listener_plugin.py for tasks to queue
[2024-03-02T09:52:27.173-0300] {logging_mixin.py:188} INFO - [2024-03-02T09:52:27.173-0300] {dagbag.py:540} INFO - Filling up the DagBag from /home/victor/Área de Trabalho/airflow/venv/lib/python3.10/site-packages/airflow/example_dags/plugins/listener_plugin.py
[2024-03-02T09:52:27.175-0300] {processor.py:842} WARNING - No viable dags retrieved from /home/victor/Área de Trabalho/airflow/venv/lib/python3.10/site-packages/airflow/example_dags/plugins/listener_plugin.py
[2024-03-02T09:52:27.198-0300] {processor.py:183} INFO - Processing /home/victor/Área de Trabalho/airflow/venv/lib/python3.10/site-packages/airflow/example_dags/plugins/listener_plugin.py took 0.029 seconds
[2024-03-02T09:52:57.817-0300] {processor.py:161} INFO - Started process (PID=22701) to work on /home/victor/Área de Trabalho/airflow/venv/lib/python3.10/site-packages/airflow/example_dags/plugins/listener_plugin.py
[2024-03-02T09:52:57.818-0300] {processor.py:830} INFO - Processing file /home/victor/Área de Trabalho/airflow/venv/lib/python3.10/site-packages/airflow/example_dags/plugins/listener_plugin.py for tasks to queue
[2024-03-02T09:52:57.819-0300] {logging_mixin.py:188} INFO - [2024-03-02T09:52:57.819-0300] {dagbag.py:540} INFO - Filling up the DagBag from /home/victor/Área de Trabalho/airflow/venv/lib/python3.10/site-packages/airflow/example_dags/plugins/listener_plugin.py
[2024-03-02T09:52:57.821-0300] {processor.py:842} WARNING - No viable dags retrieved from /home/victor/Área de Trabalho/airflow/venv/lib/python3.10/site-packages/airflow/example_dags/plugins/listener_plugin.py
[2024-03-02T09:52:57.841-0300] {processor.py:183} INFO - Processing /home/victor/Área de Trabalho/airflow/venv/lib/python3.10/site-packages/airflow/example_dags/plugins/listener_plugin.py took 0.027 seconds
[2024-03-02T09:53:28.429-0300] {processor.py:161} INFO - Started process (PID=23185) to work on /home/victor/Área de Trabalho/airflow/venv/lib/python3.10/site-packages/airflow/example_dags/plugins/listener_plugin.py
[2024-03-02T09:53:28.430-0300] {processor.py:830} INFO - Processing file /home/victor/Área de Trabalho/airflow/venv/lib/python3.10/site-packages/airflow/example_dags/plugins/listener_plugin.py for tasks to queue
[2024-03-02T09:53:28.431-0300] {logging_mixin.py:188} INFO - [2024-03-02T09:53:28.431-0300] {dagbag.py:540} INFO - Filling up the DagBag from /home/victor/Área de Trabalho/airflow/venv/lib/python3.10/site-packages/airflow/example_dags/plugins/listener_plugin.py
[2024-03-02T09:53:28.433-0300] {processor.py:842} WARNING - No viable dags retrieved from /home/victor/Área de Trabalho/airflow/venv/lib/python3.10/site-packages/airflow/example_dags/plugins/listener_plugin.py
[2024-03-02T09:53:28.455-0300] {processor.py:183} INFO - Processing /home/victor/Área de Trabalho/airflow/venv/lib/python3.10/site-packages/airflow/example_dags/plugins/listener_plugin.py took 0.029 seconds
[2024-03-02T09:53:58.945-0300] {processor.py:161} INFO - Started process (PID=23566) to work on /home/victor/Área de Trabalho/airflow/venv/lib/python3.10/site-packages/airflow/example_dags/plugins/listener_plugin.py
[2024-03-02T09:53:58.946-0300] {processor.py:830} INFO - Processing file /home/victor/Área de Trabalho/airflow/venv/lib/python3.10/site-packages/airflow/example_dags/plugins/listener_plugin.py for tasks to queue
[2024-03-02T09:53:58.946-0300] {logging_mixin.py:188} INFO - [2024-03-02T09:53:58.946-0300] {dagbag.py:540} INFO - Filling up the DagBag from /home/victor/Área de Trabalho/airflow/venv/lib/python3.10/site-packages/airflow/example_dags/plugins/listener_plugin.py
[2024-03-02T09:53:58.949-0300] {processor.py:842} WARNING - No viable dags retrieved from /home/victor/Área de Trabalho/airflow/venv/lib/python3.10/site-packages/airflow/example_dags/plugins/listener_plugin.py
[2024-03-02T09:53:58.970-0300] {processor.py:183} INFO - Processing /home/victor/Área de Trabalho/airflow/venv/lib/python3.10/site-packages/airflow/example_dags/plugins/listener_plugin.py took 0.028 seconds
[2024-03-02T09:54:30.024-0300] {processor.py:161} INFO - Started process (PID=24152) to work on /home/victor/Área de Trabalho/airflow/venv/lib/python3.10/site-packages/airflow/example_dags/plugins/listener_plugin.py
[2024-03-02T09:54:30.024-0300] {processor.py:830} INFO - Processing file /home/victor/Área de Trabalho/airflow/venv/lib/python3.10/site-packages/airflow/example_dags/plugins/listener_plugin.py for tasks to queue
[2024-03-02T09:54:30.025-0300] {logging_mixin.py:188} INFO - [2024-03-02T09:54:30.025-0300] {dagbag.py:540} INFO - Filling up the DagBag from /home/victor/Área de Trabalho/airflow/venv/lib/python3.10/site-packages/airflow/example_dags/plugins/listener_plugin.py
[2024-03-02T09:54:30.028-0300] {processor.py:842} WARNING - No viable dags retrieved from /home/victor/Área de Trabalho/airflow/venv/lib/python3.10/site-packages/airflow/example_dags/plugins/listener_plugin.py
[2024-03-02T09:54:30.048-0300] {processor.py:183} INFO - Processing /home/victor/Área de Trabalho/airflow/venv/lib/python3.10/site-packages/airflow/example_dags/plugins/listener_plugin.py took 0.028 seconds
[2024-03-02T09:55:00.810-0300] {processor.py:161} INFO - Started process (PID=24714) to work on /home/victor/Área de Trabalho/airflow/venv/lib/python3.10/site-packages/airflow/example_dags/plugins/listener_plugin.py
[2024-03-02T09:55:00.811-0300] {processor.py:830} INFO - Processing file /home/victor/Área de Trabalho/airflow/venv/lib/python3.10/site-packages/airflow/example_dags/plugins/listener_plugin.py for tasks to queue
[2024-03-02T09:55:00.812-0300] {logging_mixin.py:188} INFO - [2024-03-02T09:55:00.812-0300] {dagbag.py:540} INFO - Filling up the DagBag from /home/victor/Área de Trabalho/airflow/venv/lib/python3.10/site-packages/airflow/example_dags/plugins/listener_plugin.py
[2024-03-02T09:55:00.814-0300] {processor.py:842} WARNING - No viable dags retrieved from /home/victor/Área de Trabalho/airflow/venv/lib/python3.10/site-packages/airflow/example_dags/plugins/listener_plugin.py
[2024-03-02T09:55:00.833-0300] {processor.py:183} INFO - Processing /home/victor/Área de Trabalho/airflow/venv/lib/python3.10/site-packages/airflow/example_dags/plugins/listener_plugin.py took 0.025 seconds
[2024-03-02T09:55:31.362-0300] {processor.py:161} INFO - Started process (PID=25179) to work on /home/victor/Área de Trabalho/airflow/venv/lib/python3.10/site-packages/airflow/example_dags/plugins/listener_plugin.py
[2024-03-02T09:55:31.363-0300] {processor.py:830} INFO - Processing file /home/victor/Área de Trabalho/airflow/venv/lib/python3.10/site-packages/airflow/example_dags/plugins/listener_plugin.py for tasks to queue
[2024-03-02T09:55:31.364-0300] {logging_mixin.py:188} INFO - [2024-03-02T09:55:31.363-0300] {dagbag.py:540} INFO - Filling up the DagBag from /home/victor/Área de Trabalho/airflow/venv/lib/python3.10/site-packages/airflow/example_dags/plugins/listener_plugin.py
[2024-03-02T09:55:31.366-0300] {processor.py:842} WARNING - No viable dags retrieved from /home/victor/Área de Trabalho/airflow/venv/lib/python3.10/site-packages/airflow/example_dags/plugins/listener_plugin.py
[2024-03-02T09:55:31.387-0300] {processor.py:183} INFO - Processing /home/victor/Área de Trabalho/airflow/venv/lib/python3.10/site-packages/airflow/example_dags/plugins/listener_plugin.py took 0.027 seconds
[2024-03-02T09:56:01.691-0300] {processor.py:161} INFO - Started process (PID=25677) to work on /home/victor/Área de Trabalho/airflow/venv/lib/python3.10/site-packages/airflow/example_dags/plugins/listener_plugin.py
[2024-03-02T09:56:01.692-0300] {processor.py:830} INFO - Processing file /home/victor/Área de Trabalho/airflow/venv/lib/python3.10/site-packages/airflow/example_dags/plugins/listener_plugin.py for tasks to queue
[2024-03-02T09:56:01.693-0300] {logging_mixin.py:188} INFO - [2024-03-02T09:56:01.693-0300] {dagbag.py:540} INFO - Filling up the DagBag from /home/victor/Área de Trabalho/airflow/venv/lib/python3.10/site-packages/airflow/example_dags/plugins/listener_plugin.py
[2024-03-02T09:56:01.695-0300] {processor.py:842} WARNING - No viable dags retrieved from /home/victor/Área de Trabalho/airflow/venv/lib/python3.10/site-packages/airflow/example_dags/plugins/listener_plugin.py
[2024-03-02T09:56:01.714-0300] {processor.py:183} INFO - Processing /home/victor/Área de Trabalho/airflow/venv/lib/python3.10/site-packages/airflow/example_dags/plugins/listener_plugin.py took 0.026 seconds
[2024-03-02T09:56:32.009-0300] {processor.py:161} INFO - Started process (PID=25998) to work on /home/victor/Área de Trabalho/airflow/venv/lib/python3.10/site-packages/airflow/example_dags/plugins/listener_plugin.py
[2024-03-02T09:56:32.010-0300] {processor.py:830} INFO - Processing file /home/victor/Área de Trabalho/airflow/venv/lib/python3.10/site-packages/airflow/example_dags/plugins/listener_plugin.py for tasks to queue
[2024-03-02T09:56:32.011-0300] {logging_mixin.py:188} INFO - [2024-03-02T09:56:32.010-0300] {dagbag.py:540} INFO - Filling up the DagBag from /home/victor/Área de Trabalho/airflow/venv/lib/python3.10/site-packages/airflow/example_dags/plugins/listener_plugin.py
[2024-03-02T09:56:32.013-0300] {processor.py:842} WARNING - No viable dags retrieved from /home/victor/Área de Trabalho/airflow/venv/lib/python3.10/site-packages/airflow/example_dags/plugins/listener_plugin.py
[2024-03-02T09:56:32.033-0300] {processor.py:183} INFO - Processing /home/victor/Área de Trabalho/airflow/venv/lib/python3.10/site-packages/airflow/example_dags/plugins/listener_plugin.py took 0.027 seconds
[2024-03-02T09:57:02.377-0300] {processor.py:161} INFO - Started process (PID=26479) to work on /home/victor/Área de Trabalho/airflow/venv/lib/python3.10/site-packages/airflow/example_dags/plugins/listener_plugin.py
[2024-03-02T09:57:02.378-0300] {processor.py:830} INFO - Processing file /home/victor/Área de Trabalho/airflow/venv/lib/python3.10/site-packages/airflow/example_dags/plugins/listener_plugin.py for tasks to queue
[2024-03-02T09:57:02.379-0300] {logging_mixin.py:188} INFO - [2024-03-02T09:57:02.379-0300] {dagbag.py:540} INFO - Filling up the DagBag from /home/victor/Área de Trabalho/airflow/venv/lib/python3.10/site-packages/airflow/example_dags/plugins/listener_plugin.py
[2024-03-02T09:57:02.382-0300] {processor.py:842} WARNING - No viable dags retrieved from /home/victor/Área de Trabalho/airflow/venv/lib/python3.10/site-packages/airflow/example_dags/plugins/listener_plugin.py
[2024-03-02T09:57:02.402-0300] {processor.py:183} INFO - Processing /home/victor/Área de Trabalho/airflow/venv/lib/python3.10/site-packages/airflow/example_dags/plugins/listener_plugin.py took 0.027 seconds
[2024-03-02T09:57:32.979-0300] {processor.py:161} INFO - Started process (PID=26964) to work on /home/victor/Área de Trabalho/airflow/venv/lib/python3.10/site-packages/airflow/example_dags/plugins/listener_plugin.py
[2024-03-02T09:57:32.980-0300] {processor.py:830} INFO - Processing file /home/victor/Área de Trabalho/airflow/venv/lib/python3.10/site-packages/airflow/example_dags/plugins/listener_plugin.py for tasks to queue
[2024-03-02T09:57:32.980-0300] {logging_mixin.py:188} INFO - [2024-03-02T09:57:32.980-0300] {dagbag.py:540} INFO - Filling up the DagBag from /home/victor/Área de Trabalho/airflow/venv/lib/python3.10/site-packages/airflow/example_dags/plugins/listener_plugin.py
[2024-03-02T09:57:32.983-0300] {processor.py:842} WARNING - No viable dags retrieved from /home/victor/Área de Trabalho/airflow/venv/lib/python3.10/site-packages/airflow/example_dags/plugins/listener_plugin.py
[2024-03-02T09:57:33.003-0300] {processor.py:183} INFO - Processing /home/victor/Área de Trabalho/airflow/venv/lib/python3.10/site-packages/airflow/example_dags/plugins/listener_plugin.py took 0.027 seconds
[2024-03-02T09:58:03.495-0300] {processor.py:161} INFO - Started process (PID=27492) to work on /home/victor/Área de Trabalho/airflow/venv/lib/python3.10/site-packages/airflow/example_dags/plugins/listener_plugin.py
[2024-03-02T09:58:03.496-0300] {processor.py:830} INFO - Processing file /home/victor/Área de Trabalho/airflow/venv/lib/python3.10/site-packages/airflow/example_dags/plugins/listener_plugin.py for tasks to queue
[2024-03-02T09:58:03.497-0300] {logging_mixin.py:188} INFO - [2024-03-02T09:58:03.497-0300] {dagbag.py:540} INFO - Filling up the DagBag from /home/victor/Área de Trabalho/airflow/venv/lib/python3.10/site-packages/airflow/example_dags/plugins/listener_plugin.py
[2024-03-02T09:58:03.499-0300] {processor.py:842} WARNING - No viable dags retrieved from /home/victor/Área de Trabalho/airflow/venv/lib/python3.10/site-packages/airflow/example_dags/plugins/listener_plugin.py
[2024-03-02T09:58:03.519-0300] {processor.py:183} INFO - Processing /home/victor/Área de Trabalho/airflow/venv/lib/python3.10/site-packages/airflow/example_dags/plugins/listener_plugin.py took 0.027 seconds
[2024-03-02T09:58:33.840-0300] {processor.py:161} INFO - Started process (PID=28660) to work on /home/victor/Área de Trabalho/airflow/venv/lib/python3.10/site-packages/airflow/example_dags/plugins/listener_plugin.py
[2024-03-02T09:58:33.841-0300] {processor.py:830} INFO - Processing file /home/victor/Área de Trabalho/airflow/venv/lib/python3.10/site-packages/airflow/example_dags/plugins/listener_plugin.py for tasks to queue
[2024-03-02T09:58:33.841-0300] {logging_mixin.py:188} INFO - [2024-03-02T09:58:33.841-0300] {dagbag.py:540} INFO - Filling up the DagBag from /home/victor/Área de Trabalho/airflow/venv/lib/python3.10/site-packages/airflow/example_dags/plugins/listener_plugin.py
[2024-03-02T09:58:33.843-0300] {processor.py:842} WARNING - No viable dags retrieved from /home/victor/Área de Trabalho/airflow/venv/lib/python3.10/site-packages/airflow/example_dags/plugins/listener_plugin.py
[2024-03-02T09:58:33.864-0300] {processor.py:183} INFO - Processing /home/victor/Área de Trabalho/airflow/venv/lib/python3.10/site-packages/airflow/example_dags/plugins/listener_plugin.py took 0.027 seconds
[2024-03-02T09:59:04.457-0300] {processor.py:161} INFO - Started process (PID=29387) to work on /home/victor/Área de Trabalho/airflow/venv/lib/python3.10/site-packages/airflow/example_dags/plugins/listener_plugin.py
[2024-03-02T09:59:04.458-0300] {processor.py:830} INFO - Processing file /home/victor/Área de Trabalho/airflow/venv/lib/python3.10/site-packages/airflow/example_dags/plugins/listener_plugin.py for tasks to queue
[2024-03-02T09:59:04.459-0300] {logging_mixin.py:188} INFO - [2024-03-02T09:59:04.459-0300] {dagbag.py:540} INFO - Filling up the DagBag from /home/victor/Área de Trabalho/airflow/venv/lib/python3.10/site-packages/airflow/example_dags/plugins/listener_plugin.py
[2024-03-02T09:59:04.462-0300] {processor.py:842} WARNING - No viable dags retrieved from /home/victor/Área de Trabalho/airflow/venv/lib/python3.10/site-packages/airflow/example_dags/plugins/listener_plugin.py
[2024-03-02T09:59:04.485-0300] {processor.py:183} INFO - Processing /home/victor/Área de Trabalho/airflow/venv/lib/python3.10/site-packages/airflow/example_dags/plugins/listener_plugin.py took 0.031 seconds
