[2024-03-02T09:36:56.996-0300] {processor.py:161} INFO - Started process (PID=7759) to work on /home/victor/Área de Trabalho/airflow/venv/lib/python3.10/site-packages/airflow/example_dags/plugins/workday.py
[2024-03-02T09:36:56.997-0300] {processor.py:830} INFO - Processing file /home/victor/Área de Trabalho/airflow/venv/lib/python3.10/site-packages/airflow/example_dags/plugins/workday.py for tasks to queue
[2024-03-02T09:36:56.998-0300] {logging_mixin.py:188} INFO - [2024-03-02T09:36:56.997-0300] {dagbag.py:540} INFO - Filling up the DagBag from /home/victor/Área de Trabalho/airflow/venv/lib/python3.10/site-packages/airflow/example_dags/plugins/workday.py
[2024-03-02T09:36:57.417-0300] {processor.py:842} WARNING - No viable dags retrieved from /home/victor/Área de Trabalho/airflow/venv/lib/python3.10/site-packages/airflow/example_dags/plugins/workday.py
[2024-03-02T09:36:57.458-0300] {processor.py:183} INFO - Processing /home/victor/Área de Trabalho/airflow/venv/lib/python3.10/site-packages/airflow/example_dags/plugins/workday.py took 0.465 seconds
[2024-03-02T09:37:27.726-0300] {processor.py:161} INFO - Started process (PID=9194) to work on /home/victor/Área de Trabalho/airflow/venv/lib/python3.10/site-packages/airflow/example_dags/plugins/workday.py
[2024-03-02T09:37:27.727-0300] {processor.py:830} INFO - Processing file /home/victor/Área de Trabalho/airflow/venv/lib/python3.10/site-packages/airflow/example_dags/plugins/workday.py for tasks to queue
[2024-03-02T09:37:27.728-0300] {logging_mixin.py:188} INFO - [2024-03-02T09:37:27.727-0300] {dagbag.py:540} INFO - Filling up the DagBag from /home/victor/Área de Trabalho/airflow/venv/lib/python3.10/site-packages/airflow/example_dags/plugins/workday.py
[2024-03-02T09:37:28.154-0300] {processor.py:842} WARNING - No viable dags retrieved from /home/victor/Área de Trabalho/airflow/venv/lib/python3.10/site-packages/airflow/example_dags/plugins/workday.py
[2024-03-02T09:37:28.172-0300] {processor.py:183} INFO - Processing /home/victor/Área de Trabalho/airflow/venv/lib/python3.10/site-packages/airflow/example_dags/plugins/workday.py took 0.448 seconds
[2024-03-02T09:37:58.794-0300] {processor.py:161} INFO - Started process (PID=9761) to work on /home/victor/Área de Trabalho/airflow/venv/lib/python3.10/site-packages/airflow/example_dags/plugins/workday.py
[2024-03-02T09:37:58.795-0300] {processor.py:830} INFO - Processing file /home/victor/Área de Trabalho/airflow/venv/lib/python3.10/site-packages/airflow/example_dags/plugins/workday.py for tasks to queue
[2024-03-02T09:37:58.796-0300] {logging_mixin.py:188} INFO - [2024-03-02T09:37:58.796-0300] {dagbag.py:540} INFO - Filling up the DagBag from /home/victor/Área de Trabalho/airflow/venv/lib/python3.10/site-packages/airflow/example_dags/plugins/workday.py
[2024-03-02T09:37:59.244-0300] {processor.py:842} WARNING - No viable dags retrieved from /home/victor/Área de Trabalho/airflow/venv/lib/python3.10/site-packages/airflow/example_dags/plugins/workday.py
[2024-03-02T09:37:59.260-0300] {processor.py:183} INFO - Processing /home/victor/Área de Trabalho/airflow/venv/lib/python3.10/site-packages/airflow/example_dags/plugins/workday.py took 0.468 seconds
[2024-03-02T09:38:30.151-0300] {processor.py:161} INFO - Started process (PID=10177) to work on /home/victor/Área de Trabalho/airflow/venv/lib/python3.10/site-packages/airflow/example_dags/plugins/workday.py
[2024-03-02T09:38:30.153-0300] {processor.py:830} INFO - Processing file /home/victor/Área de Trabalho/airflow/venv/lib/python3.10/site-packages/airflow/example_dags/plugins/workday.py for tasks to queue
[2024-03-02T09:38:30.153-0300] {logging_mixin.py:188} INFO - [2024-03-02T09:38:30.153-0300] {dagbag.py:540} INFO - Filling up the DagBag from /home/victor/Área de Trabalho/airflow/venv/lib/python3.10/site-packages/airflow/example_dags/plugins/workday.py
[2024-03-02T09:38:30.571-0300] {processor.py:842} WARNING - No viable dags retrieved from /home/victor/Área de Trabalho/airflow/venv/lib/python3.10/site-packages/airflow/example_dags/plugins/workday.py
[2024-03-02T09:38:30.589-0300] {processor.py:183} INFO - Processing /home/victor/Área de Trabalho/airflow/venv/lib/python3.10/site-packages/airflow/example_dags/plugins/workday.py took 0.440 seconds
[2024-03-02T09:39:01.548-0300] {processor.py:161} INFO - Started process (PID=10696) to work on /home/victor/Área de Trabalho/airflow/venv/lib/python3.10/site-packages/airflow/example_dags/plugins/workday.py
[2024-03-02T09:39:01.549-0300] {processor.py:830} INFO - Processing file /home/victor/Área de Trabalho/airflow/venv/lib/python3.10/site-packages/airflow/example_dags/plugins/workday.py for tasks to queue
[2024-03-02T09:39:01.550-0300] {logging_mixin.py:188} INFO - [2024-03-02T09:39:01.549-0300] {dagbag.py:540} INFO - Filling up the DagBag from /home/victor/Área de Trabalho/airflow/venv/lib/python3.10/site-packages/airflow/example_dags/plugins/workday.py
[2024-03-02T09:39:02.059-0300] {processor.py:842} WARNING - No viable dags retrieved from /home/victor/Área de Trabalho/airflow/venv/lib/python3.10/site-packages/airflow/example_dags/plugins/workday.py
[2024-03-02T09:39:02.076-0300] {processor.py:183} INFO - Processing /home/victor/Área de Trabalho/airflow/venv/lib/python3.10/site-packages/airflow/example_dags/plugins/workday.py took 0.531 seconds
[2024-03-02T09:39:32.907-0300] {processor.py:161} INFO - Started process (PID=11333) to work on /home/victor/Área de Trabalho/airflow/venv/lib/python3.10/site-packages/airflow/example_dags/plugins/workday.py
[2024-03-02T09:39:32.907-0300] {processor.py:830} INFO - Processing file /home/victor/Área de Trabalho/airflow/venv/lib/python3.10/site-packages/airflow/example_dags/plugins/workday.py for tasks to queue
[2024-03-02T09:39:32.908-0300] {logging_mixin.py:188} INFO - [2024-03-02T09:39:32.908-0300] {dagbag.py:540} INFO - Filling up the DagBag from /home/victor/Área de Trabalho/airflow/venv/lib/python3.10/site-packages/airflow/example_dags/plugins/workday.py
[2024-03-02T09:39:33.327-0300] {processor.py:842} WARNING - No viable dags retrieved from /home/victor/Área de Trabalho/airflow/venv/lib/python3.10/site-packages/airflow/example_dags/plugins/workday.py
[2024-03-02T09:39:33.343-0300] {processor.py:183} INFO - Processing /home/victor/Área de Trabalho/airflow/venv/lib/python3.10/site-packages/airflow/example_dags/plugins/workday.py took 0.439 seconds
[2024-03-02T09:40:04.216-0300] {processor.py:161} INFO - Started process (PID=11809) to work on /home/victor/Área de Trabalho/airflow/venv/lib/python3.10/site-packages/airflow/example_dags/plugins/workday.py
[2024-03-02T09:40:04.216-0300] {processor.py:830} INFO - Processing file /home/victor/Área de Trabalho/airflow/venv/lib/python3.10/site-packages/airflow/example_dags/plugins/workday.py for tasks to queue
[2024-03-02T09:40:04.217-0300] {logging_mixin.py:188} INFO - [2024-03-02T09:40:04.217-0300] {dagbag.py:540} INFO - Filling up the DagBag from /home/victor/Área de Trabalho/airflow/venv/lib/python3.10/site-packages/airflow/example_dags/plugins/workday.py
[2024-03-02T09:40:04.651-0300] {processor.py:842} WARNING - No viable dags retrieved from /home/victor/Área de Trabalho/airflow/venv/lib/python3.10/site-packages/airflow/example_dags/plugins/workday.py
[2024-03-02T09:40:04.667-0300] {processor.py:183} INFO - Processing /home/victor/Área de Trabalho/airflow/venv/lib/python3.10/site-packages/airflow/example_dags/plugins/workday.py took 0.454 seconds
[2024-03-02T09:40:35.394-0300] {processor.py:161} INFO - Started process (PID=12186) to work on /home/victor/Área de Trabalho/airflow/venv/lib/python3.10/site-packages/airflow/example_dags/plugins/workday.py
[2024-03-02T09:40:35.395-0300] {processor.py:830} INFO - Processing file /home/victor/Área de Trabalho/airflow/venv/lib/python3.10/site-packages/airflow/example_dags/plugins/workday.py for tasks to queue
[2024-03-02T09:40:35.395-0300] {logging_mixin.py:188} INFO - [2024-03-02T09:40:35.395-0300] {dagbag.py:540} INFO - Filling up the DagBag from /home/victor/Área de Trabalho/airflow/venv/lib/python3.10/site-packages/airflow/example_dags/plugins/workday.py
[2024-03-02T09:40:35.873-0300] {processor.py:842} WARNING - No viable dags retrieved from /home/victor/Área de Trabalho/airflow/venv/lib/python3.10/site-packages/airflow/example_dags/plugins/workday.py
[2024-03-02T09:40:35.893-0300] {processor.py:183} INFO - Processing /home/victor/Área de Trabalho/airflow/venv/lib/python3.10/site-packages/airflow/example_dags/plugins/workday.py took 0.502 seconds
[2024-03-02T09:41:05.926-0300] {processor.py:161} INFO - Started process (PID=12659) to work on /home/victor/Área de Trabalho/airflow/venv/lib/python3.10/site-packages/airflow/example_dags/plugins/workday.py
[2024-03-02T09:41:05.927-0300] {processor.py:830} INFO - Processing file /home/victor/Área de Trabalho/airflow/venv/lib/python3.10/site-packages/airflow/example_dags/plugins/workday.py for tasks to queue
[2024-03-02T09:41:05.928-0300] {logging_mixin.py:188} INFO - [2024-03-02T09:41:05.928-0300] {dagbag.py:540} INFO - Filling up the DagBag from /home/victor/Área de Trabalho/airflow/venv/lib/python3.10/site-packages/airflow/example_dags/plugins/workday.py
[2024-03-02T09:41:06.491-0300] {processor.py:842} WARNING - No viable dags retrieved from /home/victor/Área de Trabalho/airflow/venv/lib/python3.10/site-packages/airflow/example_dags/plugins/workday.py
[2024-03-02T09:41:06.512-0300] {processor.py:183} INFO - Processing /home/victor/Área de Trabalho/airflow/venv/lib/python3.10/site-packages/airflow/example_dags/plugins/workday.py took 0.589 seconds
[2024-03-02T09:41:37.054-0300] {processor.py:161} INFO - Started process (PID=12977) to work on /home/victor/Área de Trabalho/airflow/venv/lib/python3.10/site-packages/airflow/example_dags/plugins/workday.py
[2024-03-02T09:41:37.055-0300] {processor.py:830} INFO - Processing file /home/victor/Área de Trabalho/airflow/venv/lib/python3.10/site-packages/airflow/example_dags/plugins/workday.py for tasks to queue
[2024-03-02T09:41:37.056-0300] {logging_mixin.py:188} INFO - [2024-03-02T09:41:37.056-0300] {dagbag.py:540} INFO - Filling up the DagBag from /home/victor/Área de Trabalho/airflow/venv/lib/python3.10/site-packages/airflow/example_dags/plugins/workday.py
[2024-03-02T09:41:37.554-0300] {processor.py:842} WARNING - No viable dags retrieved from /home/victor/Área de Trabalho/airflow/venv/lib/python3.10/site-packages/airflow/example_dags/plugins/workday.py
[2024-03-02T09:41:37.574-0300] {processor.py:183} INFO - Processing /home/victor/Área de Trabalho/airflow/venv/lib/python3.10/site-packages/airflow/example_dags/plugins/workday.py took 0.525 seconds
[2024-03-02T09:42:07.626-0300] {processor.py:161} INFO - Started process (PID=13608) to work on /home/victor/Área de Trabalho/airflow/venv/lib/python3.10/site-packages/airflow/example_dags/plugins/workday.py
[2024-03-02T09:42:07.627-0300] {processor.py:830} INFO - Processing file /home/victor/Área de Trabalho/airflow/venv/lib/python3.10/site-packages/airflow/example_dags/plugins/workday.py for tasks to queue
[2024-03-02T09:42:07.628-0300] {logging_mixin.py:188} INFO - [2024-03-02T09:42:07.627-0300] {dagbag.py:540} INFO - Filling up the DagBag from /home/victor/Área de Trabalho/airflow/venv/lib/python3.10/site-packages/airflow/example_dags/plugins/workday.py
[2024-03-02T09:42:08.033-0300] {processor.py:842} WARNING - No viable dags retrieved from /home/victor/Área de Trabalho/airflow/venv/lib/python3.10/site-packages/airflow/example_dags/plugins/workday.py
[2024-03-02T09:42:08.051-0300] {processor.py:183} INFO - Processing /home/victor/Área de Trabalho/airflow/venv/lib/python3.10/site-packages/airflow/example_dags/plugins/workday.py took 0.428 seconds
[2024-03-02T09:42:38.546-0300] {processor.py:161} INFO - Started process (PID=13928) to work on /home/victor/Área de Trabalho/airflow/venv/lib/python3.10/site-packages/airflow/example_dags/plugins/workday.py
[2024-03-02T09:42:38.548-0300] {processor.py:830} INFO - Processing file /home/victor/Área de Trabalho/airflow/venv/lib/python3.10/site-packages/airflow/example_dags/plugins/workday.py for tasks to queue
[2024-03-02T09:42:38.548-0300] {logging_mixin.py:188} INFO - [2024-03-02T09:42:38.548-0300] {dagbag.py:540} INFO - Filling up the DagBag from /home/victor/Área de Trabalho/airflow/venv/lib/python3.10/site-packages/airflow/example_dags/plugins/workday.py
[2024-03-02T09:42:39.078-0300] {processor.py:842} WARNING - No viable dags retrieved from /home/victor/Área de Trabalho/airflow/venv/lib/python3.10/site-packages/airflow/example_dags/plugins/workday.py
[2024-03-02T09:42:39.097-0300] {processor.py:183} INFO - Processing /home/victor/Área de Trabalho/airflow/venv/lib/python3.10/site-packages/airflow/example_dags/plugins/workday.py took 0.553 seconds
[2024-03-02T09:43:09.975-0300] {processor.py:161} INFO - Started process (PID=14428) to work on /home/victor/Área de Trabalho/airflow/venv/lib/python3.10/site-packages/airflow/example_dags/plugins/workday.py
[2024-03-02T09:43:09.976-0300] {processor.py:830} INFO - Processing file /home/victor/Área de Trabalho/airflow/venv/lib/python3.10/site-packages/airflow/example_dags/plugins/workday.py for tasks to queue
[2024-03-02T09:43:09.976-0300] {logging_mixin.py:188} INFO - [2024-03-02T09:43:09.976-0300] {dagbag.py:540} INFO - Filling up the DagBag from /home/victor/Área de Trabalho/airflow/venv/lib/python3.10/site-packages/airflow/example_dags/plugins/workday.py
[2024-03-02T09:43:10.505-0300] {processor.py:842} WARNING - No viable dags retrieved from /home/victor/Área de Trabalho/airflow/venv/lib/python3.10/site-packages/airflow/example_dags/plugins/workday.py
[2024-03-02T09:43:10.526-0300] {processor.py:183} INFO - Processing /home/victor/Área de Trabalho/airflow/venv/lib/python3.10/site-packages/airflow/example_dags/plugins/workday.py took 0.554 seconds
[2024-03-02T09:43:40.926-0300] {processor.py:161} INFO - Started process (PID=14751) to work on /home/victor/Área de Trabalho/airflow/venv/lib/python3.10/site-packages/airflow/example_dags/plugins/workday.py
[2024-03-02T09:43:40.926-0300] {processor.py:830} INFO - Processing file /home/victor/Área de Trabalho/airflow/venv/lib/python3.10/site-packages/airflow/example_dags/plugins/workday.py for tasks to queue
[2024-03-02T09:43:40.927-0300] {logging_mixin.py:188} INFO - [2024-03-02T09:43:40.927-0300] {dagbag.py:540} INFO - Filling up the DagBag from /home/victor/Área de Trabalho/airflow/venv/lib/python3.10/site-packages/airflow/example_dags/plugins/workday.py
[2024-03-02T09:43:41.395-0300] {processor.py:842} WARNING - No viable dags retrieved from /home/victor/Área de Trabalho/airflow/venv/lib/python3.10/site-packages/airflow/example_dags/plugins/workday.py
[2024-03-02T09:43:41.414-0300] {processor.py:183} INFO - Processing /home/victor/Área de Trabalho/airflow/venv/lib/python3.10/site-packages/airflow/example_dags/plugins/workday.py took 0.491 seconds
[2024-03-02T09:44:12.338-0300] {processor.py:161} INFO - Started process (PID=15233) to work on /home/victor/Área de Trabalho/airflow/venv/lib/python3.10/site-packages/airflow/example_dags/plugins/workday.py
[2024-03-02T09:44:12.339-0300] {processor.py:830} INFO - Processing file /home/victor/Área de Trabalho/airflow/venv/lib/python3.10/site-packages/airflow/example_dags/plugins/workday.py for tasks to queue
[2024-03-02T09:44:12.339-0300] {logging_mixin.py:188} INFO - [2024-03-02T09:44:12.339-0300] {dagbag.py:540} INFO - Filling up the DagBag from /home/victor/Área de Trabalho/airflow/venv/lib/python3.10/site-packages/airflow/example_dags/plugins/workday.py
[2024-03-02T09:44:12.815-0300] {processor.py:842} WARNING - No viable dags retrieved from /home/victor/Área de Trabalho/airflow/venv/lib/python3.10/site-packages/airflow/example_dags/plugins/workday.py
[2024-03-02T09:44:12.834-0300] {processor.py:183} INFO - Processing /home/victor/Área de Trabalho/airflow/venv/lib/python3.10/site-packages/airflow/example_dags/plugins/workday.py took 0.499 seconds
[2024-03-02T09:44:42.944-0300] {processor.py:161} INFO - Started process (PID=15556) to work on /home/victor/Área de Trabalho/airflow/venv/lib/python3.10/site-packages/airflow/example_dags/plugins/workday.py
[2024-03-02T09:44:42.945-0300] {processor.py:830} INFO - Processing file /home/victor/Área de Trabalho/airflow/venv/lib/python3.10/site-packages/airflow/example_dags/plugins/workday.py for tasks to queue
[2024-03-02T09:44:42.946-0300] {logging_mixin.py:188} INFO - [2024-03-02T09:44:42.946-0300] {dagbag.py:540} INFO - Filling up the DagBag from /home/victor/Área de Trabalho/airflow/venv/lib/python3.10/site-packages/airflow/example_dags/plugins/workday.py
[2024-03-02T09:44:43.445-0300] {processor.py:842} WARNING - No viable dags retrieved from /home/victor/Área de Trabalho/airflow/venv/lib/python3.10/site-packages/airflow/example_dags/plugins/workday.py
[2024-03-02T09:44:43.464-0300] {processor.py:183} INFO - Processing /home/victor/Área de Trabalho/airflow/venv/lib/python3.10/site-packages/airflow/example_dags/plugins/workday.py took 0.523 seconds
[2024-03-02T09:45:13.691-0300] {processor.py:161} INFO - Started process (PID=16041) to work on /home/victor/Área de Trabalho/airflow/venv/lib/python3.10/site-packages/airflow/example_dags/plugins/workday.py
[2024-03-02T09:45:13.692-0300] {processor.py:830} INFO - Processing file /home/victor/Área de Trabalho/airflow/venv/lib/python3.10/site-packages/airflow/example_dags/plugins/workday.py for tasks to queue
[2024-03-02T09:45:13.693-0300] {logging_mixin.py:188} INFO - [2024-03-02T09:45:13.692-0300] {dagbag.py:540} INFO - Filling up the DagBag from /home/victor/Área de Trabalho/airflow/venv/lib/python3.10/site-packages/airflow/example_dags/plugins/workday.py
[2024-03-02T09:45:14.205-0300] {processor.py:842} WARNING - No viable dags retrieved from /home/victor/Área de Trabalho/airflow/venv/lib/python3.10/site-packages/airflow/example_dags/plugins/workday.py
[2024-03-02T09:45:14.224-0300] {processor.py:183} INFO - Processing /home/victor/Área de Trabalho/airflow/venv/lib/python3.10/site-packages/airflow/example_dags/plugins/workday.py took 0.536 seconds
[2024-03-02T09:45:44.959-0300] {processor.py:161} INFO - Started process (PID=16548) to work on /home/victor/Área de Trabalho/airflow/venv/lib/python3.10/site-packages/airflow/example_dags/plugins/workday.py
[2024-03-02T09:45:44.960-0300] {processor.py:830} INFO - Processing file /home/victor/Área de Trabalho/airflow/venv/lib/python3.10/site-packages/airflow/example_dags/plugins/workday.py for tasks to queue
[2024-03-02T09:45:44.961-0300] {logging_mixin.py:188} INFO - [2024-03-02T09:45:44.960-0300] {dagbag.py:540} INFO - Filling up the DagBag from /home/victor/Área de Trabalho/airflow/venv/lib/python3.10/site-packages/airflow/example_dags/plugins/workday.py
[2024-03-02T09:45:45.426-0300] {processor.py:842} WARNING - No viable dags retrieved from /home/victor/Área de Trabalho/airflow/venv/lib/python3.10/site-packages/airflow/example_dags/plugins/workday.py
[2024-03-02T09:45:45.445-0300] {processor.py:183} INFO - Processing /home/victor/Área de Trabalho/airflow/venv/lib/python3.10/site-packages/airflow/example_dags/plugins/workday.py took 0.489 seconds
[2024-03-02T09:46:16.382-0300] {processor.py:161} INFO - Started process (PID=17035) to work on /home/victor/Área de Trabalho/airflow/venv/lib/python3.10/site-packages/airflow/example_dags/plugins/workday.py
[2024-03-02T09:46:16.383-0300] {processor.py:830} INFO - Processing file /home/victor/Área de Trabalho/airflow/venv/lib/python3.10/site-packages/airflow/example_dags/plugins/workday.py for tasks to queue
[2024-03-02T09:46:16.383-0300] {logging_mixin.py:188} INFO - [2024-03-02T09:46:16.383-0300] {dagbag.py:540} INFO - Filling up the DagBag from /home/victor/Área de Trabalho/airflow/venv/lib/python3.10/site-packages/airflow/example_dags/plugins/workday.py
[2024-03-02T09:46:16.876-0300] {processor.py:842} WARNING - No viable dags retrieved from /home/victor/Área de Trabalho/airflow/venv/lib/python3.10/site-packages/airflow/example_dags/plugins/workday.py
[2024-03-02T09:46:16.900-0300] {processor.py:183} INFO - Processing /home/victor/Área de Trabalho/airflow/venv/lib/python3.10/site-packages/airflow/example_dags/plugins/workday.py took 0.522 seconds
[2024-03-02T09:46:47.227-0300] {processor.py:161} INFO - Started process (PID=17357) to work on /home/victor/Área de Trabalho/airflow/venv/lib/python3.10/site-packages/airflow/example_dags/plugins/workday.py
[2024-03-02T09:46:47.228-0300] {processor.py:830} INFO - Processing file /home/victor/Área de Trabalho/airflow/venv/lib/python3.10/site-packages/airflow/example_dags/plugins/workday.py for tasks to queue
[2024-03-02T09:46:47.228-0300] {logging_mixin.py:188} INFO - [2024-03-02T09:46:47.228-0300] {dagbag.py:540} INFO - Filling up the DagBag from /home/victor/Área de Trabalho/airflow/venv/lib/python3.10/site-packages/airflow/example_dags/plugins/workday.py
[2024-03-02T09:46:47.711-0300] {processor.py:842} WARNING - No viable dags retrieved from /home/victor/Área de Trabalho/airflow/venv/lib/python3.10/site-packages/airflow/example_dags/plugins/workday.py
[2024-03-02T09:46:47.731-0300] {processor.py:183} INFO - Processing /home/victor/Área de Trabalho/airflow/venv/lib/python3.10/site-packages/airflow/example_dags/plugins/workday.py took 0.507 seconds
[2024-03-02T09:47:17.828-0300] {processor.py:161} INFO - Started process (PID=18019) to work on /home/victor/Área de Trabalho/airflow/venv/lib/python3.10/site-packages/airflow/example_dags/plugins/workday.py
[2024-03-02T09:47:17.829-0300] {processor.py:830} INFO - Processing file /home/victor/Área de Trabalho/airflow/venv/lib/python3.10/site-packages/airflow/example_dags/plugins/workday.py for tasks to queue
[2024-03-02T09:47:17.829-0300] {logging_mixin.py:188} INFO - [2024-03-02T09:47:17.829-0300] {dagbag.py:540} INFO - Filling up the DagBag from /home/victor/Área de Trabalho/airflow/venv/lib/python3.10/site-packages/airflow/example_dags/plugins/workday.py
[2024-03-02T09:47:18.312-0300] {processor.py:842} WARNING - No viable dags retrieved from /home/victor/Área de Trabalho/airflow/venv/lib/python3.10/site-packages/airflow/example_dags/plugins/workday.py
[2024-03-02T09:47:18.331-0300] {processor.py:183} INFO - Processing /home/victor/Área de Trabalho/airflow/venv/lib/python3.10/site-packages/airflow/example_dags/plugins/workday.py took 0.506 seconds
[2024-03-02T09:47:48.816-0300] {processor.py:161} INFO - Started process (PID=18333) to work on /home/victor/Área de Trabalho/airflow/venv/lib/python3.10/site-packages/airflow/example_dags/plugins/workday.py
[2024-03-02T09:47:48.817-0300] {processor.py:830} INFO - Processing file /home/victor/Área de Trabalho/airflow/venv/lib/python3.10/site-packages/airflow/example_dags/plugins/workday.py for tasks to queue
[2024-03-02T09:47:48.817-0300] {logging_mixin.py:188} INFO - [2024-03-02T09:47:48.817-0300] {dagbag.py:540} INFO - Filling up the DagBag from /home/victor/Área de Trabalho/airflow/venv/lib/python3.10/site-packages/airflow/example_dags/plugins/workday.py
[2024-03-02T09:47:49.281-0300] {processor.py:842} WARNING - No viable dags retrieved from /home/victor/Área de Trabalho/airflow/venv/lib/python3.10/site-packages/airflow/example_dags/plugins/workday.py
[2024-03-02T09:47:49.299-0300] {processor.py:183} INFO - Processing /home/victor/Área de Trabalho/airflow/venv/lib/python3.10/site-packages/airflow/example_dags/plugins/workday.py took 0.487 seconds
[2024-03-02T09:48:19.421-0300] {processor.py:161} INFO - Started process (PID=18822) to work on /home/victor/Área de Trabalho/airflow/venv/lib/python3.10/site-packages/airflow/example_dags/plugins/workday.py
[2024-03-02T09:48:19.422-0300] {processor.py:830} INFO - Processing file /home/victor/Área de Trabalho/airflow/venv/lib/python3.10/site-packages/airflow/example_dags/plugins/workday.py for tasks to queue
[2024-03-02T09:48:19.423-0300] {logging_mixin.py:188} INFO - [2024-03-02T09:48:19.423-0300] {dagbag.py:540} INFO - Filling up the DagBag from /home/victor/Área de Trabalho/airflow/venv/lib/python3.10/site-packages/airflow/example_dags/plugins/workday.py
[2024-03-02T09:48:19.896-0300] {processor.py:842} WARNING - No viable dags retrieved from /home/victor/Área de Trabalho/airflow/venv/lib/python3.10/site-packages/airflow/example_dags/plugins/workday.py
[2024-03-02T09:48:19.914-0300] {processor.py:183} INFO - Processing /home/victor/Área de Trabalho/airflow/venv/lib/python3.10/site-packages/airflow/example_dags/plugins/workday.py took 0.495 seconds
[2024-03-02T09:48:50.076-0300] {processor.py:161} INFO - Started process (PID=19163) to work on /home/victor/Área de Trabalho/airflow/venv/lib/python3.10/site-packages/airflow/example_dags/plugins/workday.py
[2024-03-02T09:48:50.077-0300] {processor.py:830} INFO - Processing file /home/victor/Área de Trabalho/airflow/venv/lib/python3.10/site-packages/airflow/example_dags/plugins/workday.py for tasks to queue
[2024-03-02T09:48:50.078-0300] {logging_mixin.py:188} INFO - [2024-03-02T09:48:50.078-0300] {dagbag.py:540} INFO - Filling up the DagBag from /home/victor/Área de Trabalho/airflow/venv/lib/python3.10/site-packages/airflow/example_dags/plugins/workday.py
[2024-03-02T09:48:50.682-0300] {processor.py:842} WARNING - No viable dags retrieved from /home/victor/Área de Trabalho/airflow/venv/lib/python3.10/site-packages/airflow/example_dags/plugins/workday.py
[2024-03-02T09:48:50.707-0300] {processor.py:183} INFO - Processing /home/victor/Área de Trabalho/airflow/venv/lib/python3.10/site-packages/airflow/example_dags/plugins/workday.py took 0.634 seconds
[2024-03-02T09:49:20.969-0300] {processor.py:161} INFO - Started process (PID=19647) to work on /home/victor/Área de Trabalho/airflow/venv/lib/python3.10/site-packages/airflow/example_dags/plugins/workday.py
[2024-03-02T09:49:20.970-0300] {processor.py:830} INFO - Processing file /home/victor/Área de Trabalho/airflow/venv/lib/python3.10/site-packages/airflow/example_dags/plugins/workday.py for tasks to queue
[2024-03-02T09:49:20.971-0300] {logging_mixin.py:188} INFO - [2024-03-02T09:49:20.970-0300] {dagbag.py:540} INFO - Filling up the DagBag from /home/victor/Área de Trabalho/airflow/venv/lib/python3.10/site-packages/airflow/example_dags/plugins/workday.py
[2024-03-02T09:49:21.431-0300] {processor.py:842} WARNING - No viable dags retrieved from /home/victor/Área de Trabalho/airflow/venv/lib/python3.10/site-packages/airflow/example_dags/plugins/workday.py
[2024-03-02T09:49:21.449-0300] {processor.py:183} INFO - Processing /home/victor/Área de Trabalho/airflow/venv/lib/python3.10/site-packages/airflow/example_dags/plugins/workday.py took 0.483 seconds
[2024-03-02T09:49:51.689-0300] {processor.py:161} INFO - Started process (PID=19969) to work on /home/victor/Área de Trabalho/airflow/venv/lib/python3.10/site-packages/airflow/example_dags/plugins/workday.py
[2024-03-02T09:49:51.690-0300] {processor.py:830} INFO - Processing file /home/victor/Área de Trabalho/airflow/venv/lib/python3.10/site-packages/airflow/example_dags/plugins/workday.py for tasks to queue
[2024-03-02T09:49:51.690-0300] {logging_mixin.py:188} INFO - [2024-03-02T09:49:51.690-0300] {dagbag.py:540} INFO - Filling up the DagBag from /home/victor/Área de Trabalho/airflow/venv/lib/python3.10/site-packages/airflow/example_dags/plugins/workday.py
[2024-03-02T09:49:52.155-0300] {processor.py:842} WARNING - No viable dags retrieved from /home/victor/Área de Trabalho/airflow/venv/lib/python3.10/site-packages/airflow/example_dags/plugins/workday.py
[2024-03-02T09:49:52.173-0300] {processor.py:183} INFO - Processing /home/victor/Área de Trabalho/airflow/venv/lib/python3.10/site-packages/airflow/example_dags/plugins/workday.py took 0.487 seconds
[2024-03-02T09:50:22.337-0300] {processor.py:161} INFO - Started process (PID=20450) to work on /home/victor/Área de Trabalho/airflow/venv/lib/python3.10/site-packages/airflow/example_dags/plugins/workday.py
[2024-03-02T09:50:22.337-0300] {processor.py:830} INFO - Processing file /home/victor/Área de Trabalho/airflow/venv/lib/python3.10/site-packages/airflow/example_dags/plugins/workday.py for tasks to queue
[2024-03-02T09:50:22.338-0300] {logging_mixin.py:188} INFO - [2024-03-02T09:50:22.338-0300] {dagbag.py:540} INFO - Filling up the DagBag from /home/victor/Área de Trabalho/airflow/venv/lib/python3.10/site-packages/airflow/example_dags/plugins/workday.py
[2024-03-02T09:50:22.821-0300] {processor.py:842} WARNING - No viable dags retrieved from /home/victor/Área de Trabalho/airflow/venv/lib/python3.10/site-packages/airflow/example_dags/plugins/workday.py
[2024-03-02T09:50:22.838-0300] {processor.py:183} INFO - Processing /home/victor/Área de Trabalho/airflow/venv/lib/python3.10/site-packages/airflow/example_dags/plugins/workday.py took 0.504 seconds
[2024-03-02T09:50:53.762-0300] {processor.py:161} INFO - Started process (PID=20808) to work on /home/victor/Área de Trabalho/airflow/venv/lib/python3.10/site-packages/airflow/example_dags/plugins/workday.py
[2024-03-02T09:50:53.763-0300] {processor.py:830} INFO - Processing file /home/victor/Área de Trabalho/airflow/venv/lib/python3.10/site-packages/airflow/example_dags/plugins/workday.py for tasks to queue
[2024-03-02T09:50:53.764-0300] {logging_mixin.py:188} INFO - [2024-03-02T09:50:53.763-0300] {dagbag.py:540} INFO - Filling up the DagBag from /home/victor/Área de Trabalho/airflow/venv/lib/python3.10/site-packages/airflow/example_dags/plugins/workday.py
[2024-03-02T09:50:54.258-0300] {processor.py:842} WARNING - No viable dags retrieved from /home/victor/Área de Trabalho/airflow/venv/lib/python3.10/site-packages/airflow/example_dags/plugins/workday.py
[2024-03-02T09:50:54.276-0300] {processor.py:183} INFO - Processing /home/victor/Área de Trabalho/airflow/venv/lib/python3.10/site-packages/airflow/example_dags/plugins/workday.py took 0.517 seconds
[2024-03-02T09:51:24.498-0300] {processor.py:161} INFO - Started process (PID=21289) to work on /home/victor/Área de Trabalho/airflow/venv/lib/python3.10/site-packages/airflow/example_dags/plugins/workday.py
[2024-03-02T09:51:24.499-0300] {processor.py:830} INFO - Processing file /home/victor/Área de Trabalho/airflow/venv/lib/python3.10/site-packages/airflow/example_dags/plugins/workday.py for tasks to queue
[2024-03-02T09:51:24.499-0300] {logging_mixin.py:188} INFO - [2024-03-02T09:51:24.499-0300] {dagbag.py:540} INFO - Filling up the DagBag from /home/victor/Área de Trabalho/airflow/venv/lib/python3.10/site-packages/airflow/example_dags/plugins/workday.py
[2024-03-02T09:51:24.968-0300] {processor.py:842} WARNING - No viable dags retrieved from /home/victor/Área de Trabalho/airflow/venv/lib/python3.10/site-packages/airflow/example_dags/plugins/workday.py
[2024-03-02T09:51:24.986-0300] {processor.py:183} INFO - Processing /home/victor/Área de Trabalho/airflow/venv/lib/python3.10/site-packages/airflow/example_dags/plugins/workday.py took 0.491 seconds
[2024-03-02T09:51:55.026-0300] {processor.py:161} INFO - Started process (PID=21607) to work on /home/victor/Área de Trabalho/airflow/venv/lib/python3.10/site-packages/airflow/example_dags/plugins/workday.py
[2024-03-02T09:51:55.030-0300] {processor.py:830} INFO - Processing file /home/victor/Área de Trabalho/airflow/venv/lib/python3.10/site-packages/airflow/example_dags/plugins/workday.py for tasks to queue
[2024-03-02T09:51:55.030-0300] {logging_mixin.py:188} INFO - [2024-03-02T09:51:55.030-0300] {dagbag.py:540} INFO - Filling up the DagBag from /home/victor/Área de Trabalho/airflow/venv/lib/python3.10/site-packages/airflow/example_dags/plugins/workday.py
[2024-03-02T09:51:55.455-0300] {processor.py:842} WARNING - No viable dags retrieved from /home/victor/Área de Trabalho/airflow/venv/lib/python3.10/site-packages/airflow/example_dags/plugins/workday.py
[2024-03-02T09:51:55.472-0300] {processor.py:183} INFO - Processing /home/victor/Área de Trabalho/airflow/venv/lib/python3.10/site-packages/airflow/example_dags/plugins/workday.py took 0.449 seconds
[2024-03-02T09:52:25.713-0300] {processor.py:161} INFO - Started process (PID=22250) to work on /home/victor/Área de Trabalho/airflow/venv/lib/python3.10/site-packages/airflow/example_dags/plugins/workday.py
[2024-03-02T09:52:25.713-0300] {processor.py:830} INFO - Processing file /home/victor/Área de Trabalho/airflow/venv/lib/python3.10/site-packages/airflow/example_dags/plugins/workday.py for tasks to queue
[2024-03-02T09:52:25.714-0300] {logging_mixin.py:188} INFO - [2024-03-02T09:52:25.714-0300] {dagbag.py:540} INFO - Filling up the DagBag from /home/victor/Área de Trabalho/airflow/venv/lib/python3.10/site-packages/airflow/example_dags/plugins/workday.py
[2024-03-02T09:52:26.185-0300] {processor.py:842} WARNING - No viable dags retrieved from /home/victor/Área de Trabalho/airflow/venv/lib/python3.10/site-packages/airflow/example_dags/plugins/workday.py
[2024-03-02T09:52:26.202-0300] {processor.py:183} INFO - Processing /home/victor/Área de Trabalho/airflow/venv/lib/python3.10/site-packages/airflow/example_dags/plugins/workday.py took 0.493 seconds
[2024-03-02T09:52:56.397-0300] {processor.py:161} INFO - Started process (PID=22573) to work on /home/victor/Área de Trabalho/airflow/venv/lib/python3.10/site-packages/airflow/example_dags/plugins/workday.py
[2024-03-02T09:52:56.398-0300] {processor.py:830} INFO - Processing file /home/victor/Área de Trabalho/airflow/venv/lib/python3.10/site-packages/airflow/example_dags/plugins/workday.py for tasks to queue
[2024-03-02T09:52:56.399-0300] {logging_mixin.py:188} INFO - [2024-03-02T09:52:56.398-0300] {dagbag.py:540} INFO - Filling up the DagBag from /home/victor/Área de Trabalho/airflow/venv/lib/python3.10/site-packages/airflow/example_dags/plugins/workday.py
[2024-03-02T09:52:56.900-0300] {processor.py:842} WARNING - No viable dags retrieved from /home/victor/Área de Trabalho/airflow/venv/lib/python3.10/site-packages/airflow/example_dags/plugins/workday.py
[2024-03-02T09:52:56.919-0300] {processor.py:183} INFO - Processing /home/victor/Área de Trabalho/airflow/venv/lib/python3.10/site-packages/airflow/example_dags/plugins/workday.py took 0.525 seconds
[2024-03-02T09:53:27.032-0300] {processor.py:161} INFO - Started process (PID=23059) to work on /home/victor/Área de Trabalho/airflow/venv/lib/python3.10/site-packages/airflow/example_dags/plugins/workday.py
[2024-03-02T09:53:27.033-0300] {processor.py:830} INFO - Processing file /home/victor/Área de Trabalho/airflow/venv/lib/python3.10/site-packages/airflow/example_dags/plugins/workday.py for tasks to queue
[2024-03-02T09:53:27.034-0300] {logging_mixin.py:188} INFO - [2024-03-02T09:53:27.033-0300] {dagbag.py:540} INFO - Filling up the DagBag from /home/victor/Área de Trabalho/airflow/venv/lib/python3.10/site-packages/airflow/example_dags/plugins/workday.py
[2024-03-02T09:53:27.523-0300] {processor.py:842} WARNING - No viable dags retrieved from /home/victor/Área de Trabalho/airflow/venv/lib/python3.10/site-packages/airflow/example_dags/plugins/workday.py
[2024-03-02T09:53:27.545-0300] {processor.py:183} INFO - Processing /home/victor/Área de Trabalho/airflow/venv/lib/python3.10/site-packages/airflow/example_dags/plugins/workday.py took 0.516 seconds
[2024-03-02T09:53:57.677-0300] {processor.py:161} INFO - Started process (PID=23408) to work on /home/victor/Área de Trabalho/airflow/venv/lib/python3.10/site-packages/airflow/example_dags/plugins/workday.py
[2024-03-02T09:53:57.678-0300] {processor.py:830} INFO - Processing file /home/victor/Área de Trabalho/airflow/venv/lib/python3.10/site-packages/airflow/example_dags/plugins/workday.py for tasks to queue
[2024-03-02T09:53:57.678-0300] {logging_mixin.py:188} INFO - [2024-03-02T09:53:57.678-0300] {dagbag.py:540} INFO - Filling up the DagBag from /home/victor/Área de Trabalho/airflow/venv/lib/python3.10/site-packages/airflow/example_dags/plugins/workday.py
[2024-03-02T09:53:58.189-0300] {processor.py:842} WARNING - No viable dags retrieved from /home/victor/Área de Trabalho/airflow/venv/lib/python3.10/site-packages/airflow/example_dags/plugins/workday.py
[2024-03-02T09:53:58.209-0300] {processor.py:183} INFO - Processing /home/victor/Área de Trabalho/airflow/venv/lib/python3.10/site-packages/airflow/example_dags/plugins/workday.py took 0.535 seconds
[2024-03-02T09:54:28.311-0300] {processor.py:161} INFO - Started process (PID=24026) to work on /home/victor/Área de Trabalho/airflow/venv/lib/python3.10/site-packages/airflow/example_dags/plugins/workday.py
[2024-03-02T09:54:28.313-0300] {processor.py:830} INFO - Processing file /home/victor/Área de Trabalho/airflow/venv/lib/python3.10/site-packages/airflow/example_dags/plugins/workday.py for tasks to queue
[2024-03-02T09:54:28.314-0300] {logging_mixin.py:188} INFO - [2024-03-02T09:54:28.313-0300] {dagbag.py:540} INFO - Filling up the DagBag from /home/victor/Área de Trabalho/airflow/venv/lib/python3.10/site-packages/airflow/example_dags/plugins/workday.py
[2024-03-02T09:54:28.814-0300] {processor.py:842} WARNING - No viable dags retrieved from /home/victor/Área de Trabalho/airflow/venv/lib/python3.10/site-packages/airflow/example_dags/plugins/workday.py
[2024-03-02T09:54:28.852-0300] {processor.py:183} INFO - Processing /home/victor/Área de Trabalho/airflow/venv/lib/python3.10/site-packages/airflow/example_dags/plugins/workday.py took 0.544 seconds
[2024-03-02T09:54:59.608-0300] {processor.py:161} INFO - Started process (PID=24530) to work on /home/victor/Área de Trabalho/airflow/venv/lib/python3.10/site-packages/airflow/example_dags/plugins/workday.py
[2024-03-02T09:54:59.609-0300] {processor.py:830} INFO - Processing file /home/victor/Área de Trabalho/airflow/venv/lib/python3.10/site-packages/airflow/example_dags/plugins/workday.py for tasks to queue
[2024-03-02T09:54:59.610-0300] {logging_mixin.py:188} INFO - [2024-03-02T09:54:59.610-0300] {dagbag.py:540} INFO - Filling up the DagBag from /home/victor/Área de Trabalho/airflow/venv/lib/python3.10/site-packages/airflow/example_dags/plugins/workday.py
[2024-03-02T09:55:00.054-0300] {processor.py:842} WARNING - No viable dags retrieved from /home/victor/Área de Trabalho/airflow/venv/lib/python3.10/site-packages/airflow/example_dags/plugins/workday.py
[2024-03-02T09:55:00.071-0300] {processor.py:183} INFO - Processing /home/victor/Área de Trabalho/airflow/venv/lib/python3.10/site-packages/airflow/example_dags/plugins/workday.py took 0.467 seconds
[2024-03-02T09:55:30.144-0300] {processor.py:161} INFO - Started process (PID=25070) to work on /home/victor/Área de Trabalho/airflow/venv/lib/python3.10/site-packages/airflow/example_dags/plugins/workday.py
[2024-03-02T09:55:30.144-0300] {processor.py:830} INFO - Processing file /home/victor/Área de Trabalho/airflow/venv/lib/python3.10/site-packages/airflow/example_dags/plugins/workday.py for tasks to queue
[2024-03-02T09:55:30.145-0300] {logging_mixin.py:188} INFO - [2024-03-02T09:55:30.145-0300] {dagbag.py:540} INFO - Filling up the DagBag from /home/victor/Área de Trabalho/airflow/venv/lib/python3.10/site-packages/airflow/example_dags/plugins/workday.py
[2024-03-02T09:55:30.684-0300] {processor.py:842} WARNING - No viable dags retrieved from /home/victor/Área de Trabalho/airflow/venv/lib/python3.10/site-packages/airflow/example_dags/plugins/workday.py
[2024-03-02T09:55:30.703-0300] {processor.py:183} INFO - Processing /home/victor/Área de Trabalho/airflow/venv/lib/python3.10/site-packages/airflow/example_dags/plugins/workday.py took 0.562 seconds
[2024-03-02T09:56:00.884-0300] {processor.py:161} INFO - Started process (PID=25600) to work on /home/victor/Área de Trabalho/airflow/venv/lib/python3.10/site-packages/airflow/example_dags/plugins/workday.py
[2024-03-02T09:56:00.885-0300] {processor.py:830} INFO - Processing file /home/victor/Área de Trabalho/airflow/venv/lib/python3.10/site-packages/airflow/example_dags/plugins/workday.py for tasks to queue
[2024-03-02T09:56:00.886-0300] {logging_mixin.py:188} INFO - [2024-03-02T09:56:00.886-0300] {dagbag.py:540} INFO - Filling up the DagBag from /home/victor/Área de Trabalho/airflow/venv/lib/python3.10/site-packages/airflow/example_dags/plugins/workday.py
[2024-03-02T09:56:01.342-0300] {processor.py:842} WARNING - No viable dags retrieved from /home/victor/Área de Trabalho/airflow/venv/lib/python3.10/site-packages/airflow/example_dags/plugins/workday.py
[2024-03-02T09:56:01.360-0300] {processor.py:183} INFO - Processing /home/victor/Área de Trabalho/airflow/venv/lib/python3.10/site-packages/airflow/example_dags/plugins/workday.py took 0.478 seconds
[2024-03-02T09:56:31.407-0300] {processor.py:161} INFO - Started process (PID=25942) to work on /home/victor/Área de Trabalho/airflow/venv/lib/python3.10/site-packages/airflow/example_dags/plugins/workday.py
[2024-03-02T09:56:31.408-0300] {processor.py:830} INFO - Processing file /home/victor/Área de Trabalho/airflow/venv/lib/python3.10/site-packages/airflow/example_dags/plugins/workday.py for tasks to queue
[2024-03-02T09:56:31.409-0300] {logging_mixin.py:188} INFO - [2024-03-02T09:56:31.408-0300] {dagbag.py:540} INFO - Filling up the DagBag from /home/victor/Área de Trabalho/airflow/venv/lib/python3.10/site-packages/airflow/example_dags/plugins/workday.py
[2024-03-02T09:56:31.833-0300] {processor.py:842} WARNING - No viable dags retrieved from /home/victor/Área de Trabalho/airflow/venv/lib/python3.10/site-packages/airflow/example_dags/plugins/workday.py
[2024-03-02T09:56:31.851-0300] {processor.py:183} INFO - Processing /home/victor/Área de Trabalho/airflow/venv/lib/python3.10/site-packages/airflow/example_dags/plugins/workday.py took 0.446 seconds
[2024-03-02T09:57:01.932-0300] {processor.py:161} INFO - Started process (PID=26442) to work on /home/victor/Área de Trabalho/airflow/venv/lib/python3.10/site-packages/airflow/example_dags/plugins/workday.py
[2024-03-02T09:57:01.933-0300] {processor.py:830} INFO - Processing file /home/victor/Área de Trabalho/airflow/venv/lib/python3.10/site-packages/airflow/example_dags/plugins/workday.py for tasks to queue
[2024-03-02T09:57:01.933-0300] {logging_mixin.py:188} INFO - [2024-03-02T09:57:01.933-0300] {dagbag.py:540} INFO - Filling up the DagBag from /home/victor/Área de Trabalho/airflow/venv/lib/python3.10/site-packages/airflow/example_dags/plugins/workday.py
[2024-03-02T09:57:02.363-0300] {processor.py:842} WARNING - No viable dags retrieved from /home/victor/Área de Trabalho/airflow/venv/lib/python3.10/site-packages/airflow/example_dags/plugins/workday.py
[2024-03-02T09:57:02.381-0300] {processor.py:183} INFO - Processing /home/victor/Área de Trabalho/airflow/venv/lib/python3.10/site-packages/airflow/example_dags/plugins/workday.py took 0.452 seconds
[2024-03-02T09:57:32.423-0300] {processor.py:161} INFO - Started process (PID=26918) to work on /home/victor/Área de Trabalho/airflow/venv/lib/python3.10/site-packages/airflow/example_dags/plugins/workday.py
[2024-03-02T09:57:32.424-0300] {processor.py:830} INFO - Processing file /home/victor/Área de Trabalho/airflow/venv/lib/python3.10/site-packages/airflow/example_dags/plugins/workday.py for tasks to queue
[2024-03-02T09:57:32.425-0300] {logging_mixin.py:188} INFO - [2024-03-02T09:57:32.425-0300] {dagbag.py:540} INFO - Filling up the DagBag from /home/victor/Área de Trabalho/airflow/venv/lib/python3.10/site-packages/airflow/example_dags/plugins/workday.py
[2024-03-02T09:57:32.887-0300] {processor.py:842} WARNING - No viable dags retrieved from /home/victor/Área de Trabalho/airflow/venv/lib/python3.10/site-packages/airflow/example_dags/plugins/workday.py
[2024-03-02T09:57:32.904-0300] {processor.py:183} INFO - Processing /home/victor/Área de Trabalho/airflow/venv/lib/python3.10/site-packages/airflow/example_dags/plugins/workday.py took 0.483 seconds
[2024-03-02T09:58:03.104-0300] {processor.py:161} INFO - Started process (PID=27463) to work on /home/victor/Área de Trabalho/airflow/venv/lib/python3.10/site-packages/airflow/example_dags/plugins/workday.py
[2024-03-02T09:58:03.105-0300] {processor.py:830} INFO - Processing file /home/victor/Área de Trabalho/airflow/venv/lib/python3.10/site-packages/airflow/example_dags/plugins/workday.py for tasks to queue
[2024-03-02T09:58:03.106-0300] {logging_mixin.py:188} INFO - [2024-03-02T09:58:03.106-0300] {dagbag.py:540} INFO - Filling up the DagBag from /home/victor/Área de Trabalho/airflow/venv/lib/python3.10/site-packages/airflow/example_dags/plugins/workday.py
[2024-03-02T09:58:03.644-0300] {processor.py:842} WARNING - No viable dags retrieved from /home/victor/Área de Trabalho/airflow/venv/lib/python3.10/site-packages/airflow/example_dags/plugins/workday.py
[2024-03-02T09:58:03.662-0300] {processor.py:183} INFO - Processing /home/victor/Área de Trabalho/airflow/venv/lib/python3.10/site-packages/airflow/example_dags/plugins/workday.py took 0.561 seconds
[2024-03-02T09:58:33.889-0300] {processor.py:161} INFO - Started process (PID=28718) to work on /home/victor/Área de Trabalho/airflow/venv/lib/python3.10/site-packages/airflow/example_dags/plugins/workday.py
[2024-03-02T09:58:33.890-0300] {processor.py:830} INFO - Processing file /home/victor/Área de Trabalho/airflow/venv/lib/python3.10/site-packages/airflow/example_dags/plugins/workday.py for tasks to queue
[2024-03-02T09:58:33.891-0300] {logging_mixin.py:188} INFO - [2024-03-02T09:58:33.891-0300] {dagbag.py:540} INFO - Filling up the DagBag from /home/victor/Área de Trabalho/airflow/venv/lib/python3.10/site-packages/airflow/example_dags/plugins/workday.py
[2024-03-02T09:58:34.334-0300] {processor.py:842} WARNING - No viable dags retrieved from /home/victor/Área de Trabalho/airflow/venv/lib/python3.10/site-packages/airflow/example_dags/plugins/workday.py
[2024-03-02T09:58:34.358-0300] {processor.py:183} INFO - Processing /home/victor/Área de Trabalho/airflow/venv/lib/python3.10/site-packages/airflow/example_dags/plugins/workday.py took 0.472 seconds
[2024-03-02T09:59:04.495-0300] {processor.py:161} INFO - Started process (PID=29393) to work on /home/victor/Área de Trabalho/airflow/venv/lib/python3.10/site-packages/airflow/example_dags/plugins/workday.py
[2024-03-02T09:59:04.496-0300] {processor.py:830} INFO - Processing file /home/victor/Área de Trabalho/airflow/venv/lib/python3.10/site-packages/airflow/example_dags/plugins/workday.py for tasks to queue
[2024-03-02T09:59:04.497-0300] {logging_mixin.py:188} INFO - [2024-03-02T09:59:04.496-0300] {dagbag.py:540} INFO - Filling up the DagBag from /home/victor/Área de Trabalho/airflow/venv/lib/python3.10/site-packages/airflow/example_dags/plugins/workday.py
[2024-03-02T09:59:04.918-0300] {processor.py:842} WARNING - No viable dags retrieved from /home/victor/Área de Trabalho/airflow/venv/lib/python3.10/site-packages/airflow/example_dags/plugins/workday.py
[2024-03-02T09:59:04.938-0300] {processor.py:183} INFO - Processing /home/victor/Área de Trabalho/airflow/venv/lib/python3.10/site-packages/airflow/example_dags/plugins/workday.py took 0.446 seconds
