[2024-03-02T09:37:00.071-0300] {processor.py:161} INFO - Started process (PID=8040) to work on /home/victor/Área de Trabalho/airflow/venv/lib/python3.10/site-packages/airflow/example_dags/example_sensor_decorator.py
[2024-03-02T09:37:00.072-0300] {processor.py:830} INFO - Processing file /home/victor/Área de Trabalho/airflow/venv/lib/python3.10/site-packages/airflow/example_dags/example_sensor_decorator.py for tasks to queue
[2024-03-02T09:37:00.073-0300] {logging_mixin.py:188} INFO - [2024-03-02T09:37:00.073-0300] {dagbag.py:540} INFO - Filling up the DagBag from /home/victor/Área de Trabalho/airflow/venv/lib/python3.10/site-packages/airflow/example_dags/example_sensor_decorator.py
[2024-03-02T09:37:00.078-0300] {processor.py:840} INFO - DAG(s) 'example_sensor_decorator' retrieved from /home/victor/Área de Trabalho/airflow/venv/lib/python3.10/site-packages/airflow/example_dags/example_sensor_decorator.py
[2024-03-02T09:37:00.099-0300] {logging_mixin.py:188} INFO - [2024-03-02T09:37:00.098-0300] {dag.py:3047} INFO - Sync 1 DAGs
[2024-03-02T09:37:00.112-0300] {logging_mixin.py:188} INFO - [2024-03-02T09:37:00.112-0300] {dag.py:3834} INFO - Setting next_dagrun for example_sensor_decorator to None, run_after=None
[2024-03-02T09:37:00.143-0300] {processor.py:183} INFO - Processing /home/victor/Área de Trabalho/airflow/venv/lib/python3.10/site-packages/airflow/example_dags/example_sensor_decorator.py took 0.077 seconds
[2024-03-02T09:37:31.757-0300] {processor.py:161} INFO - Started process (PID=9500) to work on /home/victor/Área de Trabalho/airflow/venv/lib/python3.10/site-packages/airflow/example_dags/example_sensor_decorator.py
[2024-03-02T09:37:31.757-0300] {processor.py:830} INFO - Processing file /home/victor/Área de Trabalho/airflow/venv/lib/python3.10/site-packages/airflow/example_dags/example_sensor_decorator.py for tasks to queue
[2024-03-02T09:37:31.759-0300] {logging_mixin.py:188} INFO - [2024-03-02T09:37:31.758-0300] {dagbag.py:540} INFO - Filling up the DagBag from /home/victor/Área de Trabalho/airflow/venv/lib/python3.10/site-packages/airflow/example_dags/example_sensor_decorator.py
[2024-03-02T09:37:31.764-0300] {processor.py:840} INFO - DAG(s) 'example_sensor_decorator' retrieved from /home/victor/Área de Trabalho/airflow/venv/lib/python3.10/site-packages/airflow/example_dags/example_sensor_decorator.py
[2024-03-02T09:37:31.875-0300] {logging_mixin.py:188} INFO - [2024-03-02T09:37:31.875-0300] {dag.py:3047} INFO - Sync 1 DAGs
[2024-03-02T09:37:31.885-0300] {logging_mixin.py:188} INFO - [2024-03-02T09:37:31.885-0300] {dag.py:3834} INFO - Setting next_dagrun for example_sensor_decorator to None, run_after=None
[2024-03-02T09:37:31.907-0300] {processor.py:183} INFO - Processing /home/victor/Área de Trabalho/airflow/venv/lib/python3.10/site-packages/airflow/example_dags/example_sensor_decorator.py took 0.154 seconds
[2024-03-02T09:38:02.524-0300] {processor.py:161} INFO - Started process (PID=10107) to work on /home/victor/Área de Trabalho/airflow/venv/lib/python3.10/site-packages/airflow/example_dags/example_sensor_decorator.py
[2024-03-02T09:38:02.525-0300] {processor.py:830} INFO - Processing file /home/victor/Área de Trabalho/airflow/venv/lib/python3.10/site-packages/airflow/example_dags/example_sensor_decorator.py for tasks to queue
[2024-03-02T09:38:02.526-0300] {logging_mixin.py:188} INFO - [2024-03-02T09:38:02.526-0300] {dagbag.py:540} INFO - Filling up the DagBag from /home/victor/Área de Trabalho/airflow/venv/lib/python3.10/site-packages/airflow/example_dags/example_sensor_decorator.py
[2024-03-02T09:38:02.531-0300] {processor.py:840} INFO - DAG(s) 'example_sensor_decorator' retrieved from /home/victor/Área de Trabalho/airflow/venv/lib/python3.10/site-packages/airflow/example_dags/example_sensor_decorator.py
[2024-03-02T09:38:02.556-0300] {logging_mixin.py:188} INFO - [2024-03-02T09:38:02.556-0300] {dag.py:3047} INFO - Sync 1 DAGs
[2024-03-02T09:38:02.567-0300] {logging_mixin.py:188} INFO - [2024-03-02T09:38:02.567-0300] {dag.py:3834} INFO - Setting next_dagrun for example_sensor_decorator to None, run_after=None
[2024-03-02T09:38:02.585-0300] {processor.py:183} INFO - Processing /home/victor/Área de Trabalho/airflow/venv/lib/python3.10/site-packages/airflow/example_dags/example_sensor_decorator.py took 0.064 seconds
[2024-03-02T09:38:32.914-0300] {processor.py:161} INFO - Started process (PID=10418) to work on /home/victor/Área de Trabalho/airflow/venv/lib/python3.10/site-packages/airflow/example_dags/example_sensor_decorator.py
[2024-03-02T09:38:32.915-0300] {processor.py:830} INFO - Processing file /home/victor/Área de Trabalho/airflow/venv/lib/python3.10/site-packages/airflow/example_dags/example_sensor_decorator.py for tasks to queue
[2024-03-02T09:38:32.915-0300] {logging_mixin.py:188} INFO - [2024-03-02T09:38:32.915-0300] {dagbag.py:540} INFO - Filling up the DagBag from /home/victor/Área de Trabalho/airflow/venv/lib/python3.10/site-packages/airflow/example_dags/example_sensor_decorator.py
[2024-03-02T09:38:32.920-0300] {processor.py:840} INFO - DAG(s) 'example_sensor_decorator' retrieved from /home/victor/Área de Trabalho/airflow/venv/lib/python3.10/site-packages/airflow/example_dags/example_sensor_decorator.py
[2024-03-02T09:38:32.946-0300] {logging_mixin.py:188} INFO - [2024-03-02T09:38:32.945-0300] {dag.py:3047} INFO - Sync 1 DAGs
[2024-03-02T09:38:32.956-0300] {logging_mixin.py:188} INFO - [2024-03-02T09:38:32.956-0300] {dag.py:3834} INFO - Setting next_dagrun for example_sensor_decorator to None, run_after=None
[2024-03-02T09:38:32.974-0300] {processor.py:183} INFO - Processing /home/victor/Área de Trabalho/airflow/venv/lib/python3.10/site-packages/airflow/example_dags/example_sensor_decorator.py took 0.063 seconds
[2024-03-02T09:39:04.279-0300] {processor.py:161} INFO - Started process (PID=11006) to work on /home/victor/Área de Trabalho/airflow/venv/lib/python3.10/site-packages/airflow/example_dags/example_sensor_decorator.py
[2024-03-02T09:39:04.280-0300] {processor.py:830} INFO - Processing file /home/victor/Área de Trabalho/airflow/venv/lib/python3.10/site-packages/airflow/example_dags/example_sensor_decorator.py for tasks to queue
[2024-03-02T09:39:04.281-0300] {logging_mixin.py:188} INFO - [2024-03-02T09:39:04.281-0300] {dagbag.py:540} INFO - Filling up the DagBag from /home/victor/Área de Trabalho/airflow/venv/lib/python3.10/site-packages/airflow/example_dags/example_sensor_decorator.py
[2024-03-02T09:39:04.286-0300] {processor.py:840} INFO - DAG(s) 'example_sensor_decorator' retrieved from /home/victor/Área de Trabalho/airflow/venv/lib/python3.10/site-packages/airflow/example_dags/example_sensor_decorator.py
[2024-03-02T09:39:04.316-0300] {logging_mixin.py:188} INFO - [2024-03-02T09:39:04.316-0300] {dag.py:3047} INFO - Sync 1 DAGs
[2024-03-02T09:39:04.327-0300] {logging_mixin.py:188} INFO - [2024-03-02T09:39:04.327-0300] {dag.py:3834} INFO - Setting next_dagrun for example_sensor_decorator to None, run_after=None
[2024-03-02T09:39:04.346-0300] {processor.py:183} INFO - Processing /home/victor/Área de Trabalho/airflow/venv/lib/python3.10/site-packages/airflow/example_dags/example_sensor_decorator.py took 0.071 seconds
[2024-03-02T09:39:35.489-0300] {processor.py:161} INFO - Started process (PID=11579) to work on /home/victor/Área de Trabalho/airflow/venv/lib/python3.10/site-packages/airflow/example_dags/example_sensor_decorator.py
[2024-03-02T09:39:35.490-0300] {processor.py:830} INFO - Processing file /home/victor/Área de Trabalho/airflow/venv/lib/python3.10/site-packages/airflow/example_dags/example_sensor_decorator.py for tasks to queue
[2024-03-02T09:39:35.491-0300] {logging_mixin.py:188} INFO - [2024-03-02T09:39:35.490-0300] {dagbag.py:540} INFO - Filling up the DagBag from /home/victor/Área de Trabalho/airflow/venv/lib/python3.10/site-packages/airflow/example_dags/example_sensor_decorator.py
[2024-03-02T09:39:35.495-0300] {processor.py:840} INFO - DAG(s) 'example_sensor_decorator' retrieved from /home/victor/Área de Trabalho/airflow/venv/lib/python3.10/site-packages/airflow/example_dags/example_sensor_decorator.py
[2024-03-02T09:39:35.519-0300] {logging_mixin.py:188} INFO - [2024-03-02T09:39:35.519-0300] {dag.py:3047} INFO - Sync 1 DAGs
[2024-03-02T09:39:35.530-0300] {logging_mixin.py:188} INFO - [2024-03-02T09:39:35.530-0300] {dag.py:3834} INFO - Setting next_dagrun for example_sensor_decorator to None, run_after=None
[2024-03-02T09:39:35.549-0300] {processor.py:183} INFO - Processing /home/victor/Área de Trabalho/airflow/venv/lib/python3.10/site-packages/airflow/example_dags/example_sensor_decorator.py took 0.063 seconds
[2024-03-02T09:40:06.772-0300] {processor.py:161} INFO - Started process (PID=12055) to work on /home/victor/Área de Trabalho/airflow/venv/lib/python3.10/site-packages/airflow/example_dags/example_sensor_decorator.py
[2024-03-02T09:40:06.773-0300] {processor.py:830} INFO - Processing file /home/victor/Área de Trabalho/airflow/venv/lib/python3.10/site-packages/airflow/example_dags/example_sensor_decorator.py for tasks to queue
[2024-03-02T09:40:06.774-0300] {logging_mixin.py:188} INFO - [2024-03-02T09:40:06.773-0300] {dagbag.py:540} INFO - Filling up the DagBag from /home/victor/Área de Trabalho/airflow/venv/lib/python3.10/site-packages/airflow/example_dags/example_sensor_decorator.py
[2024-03-02T09:40:06.779-0300] {processor.py:840} INFO - DAG(s) 'example_sensor_decorator' retrieved from /home/victor/Área de Trabalho/airflow/venv/lib/python3.10/site-packages/airflow/example_dags/example_sensor_decorator.py
[2024-03-02T09:40:06.809-0300] {logging_mixin.py:188} INFO - [2024-03-02T09:40:06.808-0300] {dag.py:3047} INFO - Sync 1 DAGs
[2024-03-02T09:40:06.821-0300] {logging_mixin.py:188} INFO - [2024-03-02T09:40:06.821-0300] {dag.py:3834} INFO - Setting next_dagrun for example_sensor_decorator to None, run_after=None
[2024-03-02T09:40:06.843-0300] {processor.py:183} INFO - Processing /home/victor/Área de Trabalho/airflow/venv/lib/python3.10/site-packages/airflow/example_dags/example_sensor_decorator.py took 0.074 seconds
[2024-03-02T09:40:38.343-0300] {processor.py:161} INFO - Started process (PID=12433) to work on /home/victor/Área de Trabalho/airflow/venv/lib/python3.10/site-packages/airflow/example_dags/example_sensor_decorator.py
[2024-03-02T09:40:38.345-0300] {processor.py:830} INFO - Processing file /home/victor/Área de Trabalho/airflow/venv/lib/python3.10/site-packages/airflow/example_dags/example_sensor_decorator.py for tasks to queue
[2024-03-02T09:40:38.346-0300] {logging_mixin.py:188} INFO - [2024-03-02T09:40:38.346-0300] {dagbag.py:540} INFO - Filling up the DagBag from /home/victor/Área de Trabalho/airflow/venv/lib/python3.10/site-packages/airflow/example_dags/example_sensor_decorator.py
[2024-03-02T09:40:38.352-0300] {processor.py:840} INFO - DAG(s) 'example_sensor_decorator' retrieved from /home/victor/Área de Trabalho/airflow/venv/lib/python3.10/site-packages/airflow/example_dags/example_sensor_decorator.py
[2024-03-02T09:40:38.380-0300] {logging_mixin.py:188} INFO - [2024-03-02T09:40:38.380-0300] {dag.py:3047} INFO - Sync 1 DAGs
[2024-03-02T09:40:38.393-0300] {logging_mixin.py:188} INFO - [2024-03-02T09:40:38.392-0300] {dag.py:3834} INFO - Setting next_dagrun for example_sensor_decorator to None, run_after=None
[2024-03-02T09:40:38.413-0300] {processor.py:183} INFO - Processing /home/victor/Área de Trabalho/airflow/venv/lib/python3.10/site-packages/airflow/example_dags/example_sensor_decorator.py took 0.074 seconds
[2024-03-02T09:41:09.342-0300] {processor.py:161} INFO - Started process (PID=12907) to work on /home/victor/Área de Trabalho/airflow/venv/lib/python3.10/site-packages/airflow/example_dags/example_sensor_decorator.py
[2024-03-02T09:41:09.346-0300] {processor.py:830} INFO - Processing file /home/victor/Área de Trabalho/airflow/venv/lib/python3.10/site-packages/airflow/example_dags/example_sensor_decorator.py for tasks to queue
[2024-03-02T09:41:09.348-0300] {logging_mixin.py:188} INFO - [2024-03-02T09:41:09.346-0300] {dagbag.py:540} INFO - Filling up the DagBag from /home/victor/Área de Trabalho/airflow/venv/lib/python3.10/site-packages/airflow/example_dags/example_sensor_decorator.py
[2024-03-02T09:41:09.354-0300] {processor.py:840} INFO - DAG(s) 'example_sensor_decorator' retrieved from /home/victor/Área de Trabalho/airflow/venv/lib/python3.10/site-packages/airflow/example_dags/example_sensor_decorator.py
[2024-03-02T09:41:09.387-0300] {logging_mixin.py:188} INFO - [2024-03-02T09:41:09.387-0300] {dag.py:3047} INFO - Sync 1 DAGs
[2024-03-02T09:41:09.401-0300] {logging_mixin.py:188} INFO - [2024-03-02T09:41:09.400-0300] {dag.py:3834} INFO - Setting next_dagrun for example_sensor_decorator to None, run_after=None
[2024-03-02T09:41:09.426-0300] {processor.py:183} INFO - Processing /home/victor/Área de Trabalho/airflow/venv/lib/python3.10/site-packages/airflow/example_dags/example_sensor_decorator.py took 0.087 seconds
[2024-03-02T09:41:40.025-0300] {processor.py:161} INFO - Started process (PID=13222) to work on /home/victor/Área de Trabalho/airflow/venv/lib/python3.10/site-packages/airflow/example_dags/example_sensor_decorator.py
[2024-03-02T09:41:40.026-0300] {processor.py:830} INFO - Processing file /home/victor/Área de Trabalho/airflow/venv/lib/python3.10/site-packages/airflow/example_dags/example_sensor_decorator.py for tasks to queue
[2024-03-02T09:41:40.028-0300] {logging_mixin.py:188} INFO - [2024-03-02T09:41:40.028-0300] {dagbag.py:540} INFO - Filling up the DagBag from /home/victor/Área de Trabalho/airflow/venv/lib/python3.10/site-packages/airflow/example_dags/example_sensor_decorator.py
[2024-03-02T09:41:40.033-0300] {processor.py:840} INFO - DAG(s) 'example_sensor_decorator' retrieved from /home/victor/Área de Trabalho/airflow/venv/lib/python3.10/site-packages/airflow/example_dags/example_sensor_decorator.py
[2024-03-02T09:41:40.062-0300] {logging_mixin.py:188} INFO - [2024-03-02T09:41:40.062-0300] {dag.py:3047} INFO - Sync 1 DAGs
[2024-03-02T09:41:40.074-0300] {logging_mixin.py:188} INFO - [2024-03-02T09:41:40.074-0300] {dag.py:3834} INFO - Setting next_dagrun for example_sensor_decorator to None, run_after=None
[2024-03-02T09:41:40.096-0300] {processor.py:183} INFO - Processing /home/victor/Área de Trabalho/airflow/venv/lib/python3.10/site-packages/airflow/example_dags/example_sensor_decorator.py took 0.076 seconds
[2024-03-02T09:42:10.950-0300] {processor.py:161} INFO - Started process (PID=13863) to work on /home/victor/Área de Trabalho/airflow/venv/lib/python3.10/site-packages/airflow/example_dags/example_sensor_decorator.py
[2024-03-02T09:42:10.951-0300] {processor.py:830} INFO - Processing file /home/victor/Área de Trabalho/airflow/venv/lib/python3.10/site-packages/airflow/example_dags/example_sensor_decorator.py for tasks to queue
[2024-03-02T09:42:10.951-0300] {logging_mixin.py:188} INFO - [2024-03-02T09:42:10.951-0300] {dagbag.py:540} INFO - Filling up the DagBag from /home/victor/Área de Trabalho/airflow/venv/lib/python3.10/site-packages/airflow/example_dags/example_sensor_decorator.py
[2024-03-02T09:42:10.957-0300] {processor.py:840} INFO - DAG(s) 'example_sensor_decorator' retrieved from /home/victor/Área de Trabalho/airflow/venv/lib/python3.10/site-packages/airflow/example_dags/example_sensor_decorator.py
[2024-03-02T09:42:10.987-0300] {logging_mixin.py:188} INFO - [2024-03-02T09:42:10.986-0300] {dag.py:3047} INFO - Sync 1 DAGs
[2024-03-02T09:42:11.002-0300] {logging_mixin.py:188} INFO - [2024-03-02T09:42:11.002-0300] {dag.py:3834} INFO - Setting next_dagrun for example_sensor_decorator to None, run_after=None
[2024-03-02T09:42:11.026-0300] {processor.py:183} INFO - Processing /home/victor/Área de Trabalho/airflow/venv/lib/python3.10/site-packages/airflow/example_dags/example_sensor_decorator.py took 0.080 seconds
[2024-03-02T09:42:42.026-0300] {processor.py:161} INFO - Started process (PID=14178) to work on /home/victor/Área de Trabalho/airflow/venv/lib/python3.10/site-packages/airflow/example_dags/example_sensor_decorator.py
[2024-03-02T09:42:42.027-0300] {processor.py:830} INFO - Processing file /home/victor/Área de Trabalho/airflow/venv/lib/python3.10/site-packages/airflow/example_dags/example_sensor_decorator.py for tasks to queue
[2024-03-02T09:42:42.028-0300] {logging_mixin.py:188} INFO - [2024-03-02T09:42:42.027-0300] {dagbag.py:540} INFO - Filling up the DagBag from /home/victor/Área de Trabalho/airflow/venv/lib/python3.10/site-packages/airflow/example_dags/example_sensor_decorator.py
[2024-03-02T09:42:42.034-0300] {processor.py:840} INFO - DAG(s) 'example_sensor_decorator' retrieved from /home/victor/Área de Trabalho/airflow/venv/lib/python3.10/site-packages/airflow/example_dags/example_sensor_decorator.py
[2024-03-02T09:42:42.064-0300] {logging_mixin.py:188} INFO - [2024-03-02T09:42:42.064-0300] {dag.py:3047} INFO - Sync 1 DAGs
[2024-03-02T09:42:42.076-0300] {logging_mixin.py:188} INFO - [2024-03-02T09:42:42.075-0300] {dag.py:3834} INFO - Setting next_dagrun for example_sensor_decorator to None, run_after=None
[2024-03-02T09:42:42.098-0300] {processor.py:183} INFO - Processing /home/victor/Área de Trabalho/airflow/venv/lib/python3.10/site-packages/airflow/example_dags/example_sensor_decorator.py took 0.077 seconds
[2024-03-02T09:43:13.169-0300] {processor.py:161} INFO - Started process (PID=14665) to work on /home/victor/Área de Trabalho/airflow/venv/lib/python3.10/site-packages/airflow/example_dags/example_sensor_decorator.py
[2024-03-02T09:43:13.170-0300] {processor.py:830} INFO - Processing file /home/victor/Área de Trabalho/airflow/venv/lib/python3.10/site-packages/airflow/example_dags/example_sensor_decorator.py for tasks to queue
[2024-03-02T09:43:13.171-0300] {logging_mixin.py:188} INFO - [2024-03-02T09:43:13.171-0300] {dagbag.py:540} INFO - Filling up the DagBag from /home/victor/Área de Trabalho/airflow/venv/lib/python3.10/site-packages/airflow/example_dags/example_sensor_decorator.py
[2024-03-02T09:43:13.179-0300] {processor.py:840} INFO - DAG(s) 'example_sensor_decorator' retrieved from /home/victor/Área de Trabalho/airflow/venv/lib/python3.10/site-packages/airflow/example_dags/example_sensor_decorator.py
[2024-03-02T09:43:13.207-0300] {logging_mixin.py:188} INFO - [2024-03-02T09:43:13.206-0300] {dag.py:3047} INFO - Sync 1 DAGs
[2024-03-02T09:43:13.224-0300] {logging_mixin.py:188} INFO - [2024-03-02T09:43:13.223-0300] {dag.py:3834} INFO - Setting next_dagrun for example_sensor_decorator to None, run_after=None
[2024-03-02T09:43:13.251-0300] {processor.py:183} INFO - Processing /home/victor/Área de Trabalho/airflow/venv/lib/python3.10/site-packages/airflow/example_dags/example_sensor_decorator.py took 0.086 seconds
[2024-03-02T09:43:43.586-0300] {processor.py:161} INFO - Started process (PID=14978) to work on /home/victor/Área de Trabalho/airflow/venv/lib/python3.10/site-packages/airflow/example_dags/example_sensor_decorator.py
[2024-03-02T09:43:43.587-0300] {processor.py:830} INFO - Processing file /home/victor/Área de Trabalho/airflow/venv/lib/python3.10/site-packages/airflow/example_dags/example_sensor_decorator.py for tasks to queue
[2024-03-02T09:43:43.588-0300] {logging_mixin.py:188} INFO - [2024-03-02T09:43:43.587-0300] {dagbag.py:540} INFO - Filling up the DagBag from /home/victor/Área de Trabalho/airflow/venv/lib/python3.10/site-packages/airflow/example_dags/example_sensor_decorator.py
[2024-03-02T09:43:43.595-0300] {processor.py:840} INFO - DAG(s) 'example_sensor_decorator' retrieved from /home/victor/Área de Trabalho/airflow/venv/lib/python3.10/site-packages/airflow/example_dags/example_sensor_decorator.py
[2024-03-02T09:43:43.627-0300] {logging_mixin.py:188} INFO - [2024-03-02T09:43:43.627-0300] {dag.py:3047} INFO - Sync 1 DAGs
[2024-03-02T09:43:43.644-0300] {logging_mixin.py:188} INFO - [2024-03-02T09:43:43.644-0300] {dag.py:3834} INFO - Setting next_dagrun for example_sensor_decorator to None, run_after=None
[2024-03-02T09:43:43.667-0300] {processor.py:183} INFO - Processing /home/victor/Área de Trabalho/airflow/venv/lib/python3.10/site-packages/airflow/example_dags/example_sensor_decorator.py took 0.084 seconds
[2024-03-02T09:44:15.185-0300] {processor.py:161} INFO - Started process (PID=15468) to work on /home/victor/Área de Trabalho/airflow/venv/lib/python3.10/site-packages/airflow/example_dags/example_sensor_decorator.py
[2024-03-02T09:44:15.187-0300] {processor.py:830} INFO - Processing file /home/victor/Área de Trabalho/airflow/venv/lib/python3.10/site-packages/airflow/example_dags/example_sensor_decorator.py for tasks to queue
[2024-03-02T09:44:15.188-0300] {logging_mixin.py:188} INFO - [2024-03-02T09:44:15.188-0300] {dagbag.py:540} INFO - Filling up the DagBag from /home/victor/Área de Trabalho/airflow/venv/lib/python3.10/site-packages/airflow/example_dags/example_sensor_decorator.py
[2024-03-02T09:44:15.193-0300] {processor.py:840} INFO - DAG(s) 'example_sensor_decorator' retrieved from /home/victor/Área de Trabalho/airflow/venv/lib/python3.10/site-packages/airflow/example_dags/example_sensor_decorator.py
[2024-03-02T09:44:15.223-0300] {logging_mixin.py:188} INFO - [2024-03-02T09:44:15.222-0300] {dag.py:3047} INFO - Sync 1 DAGs
[2024-03-02T09:44:15.238-0300] {logging_mixin.py:188} INFO - [2024-03-02T09:44:15.238-0300] {dag.py:3834} INFO - Setting next_dagrun for example_sensor_decorator to None, run_after=None
[2024-03-02T09:44:15.261-0300] {processor.py:183} INFO - Processing /home/victor/Área de Trabalho/airflow/venv/lib/python3.10/site-packages/airflow/example_dags/example_sensor_decorator.py took 0.080 seconds
[2024-03-02T09:44:45.889-0300] {processor.py:161} INFO - Started process (PID=15791) to work on /home/victor/Área de Trabalho/airflow/venv/lib/python3.10/site-packages/airflow/example_dags/example_sensor_decorator.py
[2024-03-02T09:44:45.890-0300] {processor.py:830} INFO - Processing file /home/victor/Área de Trabalho/airflow/venv/lib/python3.10/site-packages/airflow/example_dags/example_sensor_decorator.py for tasks to queue
[2024-03-02T09:44:45.890-0300] {logging_mixin.py:188} INFO - [2024-03-02T09:44:45.890-0300] {dagbag.py:540} INFO - Filling up the DagBag from /home/victor/Área de Trabalho/airflow/venv/lib/python3.10/site-packages/airflow/example_dags/example_sensor_decorator.py
[2024-03-02T09:44:45.896-0300] {processor.py:840} INFO - DAG(s) 'example_sensor_decorator' retrieved from /home/victor/Área de Trabalho/airflow/venv/lib/python3.10/site-packages/airflow/example_dags/example_sensor_decorator.py
[2024-03-02T09:44:45.927-0300] {logging_mixin.py:188} INFO - [2024-03-02T09:44:45.927-0300] {dag.py:3047} INFO - Sync 1 DAGs
[2024-03-02T09:44:45.938-0300] {logging_mixin.py:188} INFO - [2024-03-02T09:44:45.938-0300] {dag.py:3834} INFO - Setting next_dagrun for example_sensor_decorator to None, run_after=None
[2024-03-02T09:44:45.965-0300] {processor.py:183} INFO - Processing /home/victor/Área de Trabalho/airflow/venv/lib/python3.10/site-packages/airflow/example_dags/example_sensor_decorator.py took 0.078 seconds
[2024-03-02T09:45:17.234-0300] {processor.py:161} INFO - Started process (PID=16278) to work on /home/victor/Área de Trabalho/airflow/venv/lib/python3.10/site-packages/airflow/example_dags/example_sensor_decorator.py
[2024-03-02T09:45:17.235-0300] {processor.py:830} INFO - Processing file /home/victor/Área de Trabalho/airflow/venv/lib/python3.10/site-packages/airflow/example_dags/example_sensor_decorator.py for tasks to queue
[2024-03-02T09:45:17.236-0300] {logging_mixin.py:188} INFO - [2024-03-02T09:45:17.235-0300] {dagbag.py:540} INFO - Filling up the DagBag from /home/victor/Área de Trabalho/airflow/venv/lib/python3.10/site-packages/airflow/example_dags/example_sensor_decorator.py
[2024-03-02T09:45:17.242-0300] {processor.py:840} INFO - DAG(s) 'example_sensor_decorator' retrieved from /home/victor/Área de Trabalho/airflow/venv/lib/python3.10/site-packages/airflow/example_dags/example_sensor_decorator.py
[2024-03-02T09:45:17.272-0300] {logging_mixin.py:188} INFO - [2024-03-02T09:45:17.272-0300] {dag.py:3047} INFO - Sync 1 DAGs
[2024-03-02T09:45:17.284-0300] {logging_mixin.py:188} INFO - [2024-03-02T09:45:17.283-0300] {dag.py:3834} INFO - Setting next_dagrun for example_sensor_decorator to None, run_after=None
[2024-03-02T09:45:17.307-0300] {processor.py:183} INFO - Processing /home/victor/Área de Trabalho/airflow/venv/lib/python3.10/site-packages/airflow/example_dags/example_sensor_decorator.py took 0.077 seconds
[2024-03-02T09:45:47.635-0300] {processor.py:161} INFO - Started process (PID=16783) to work on /home/victor/Área de Trabalho/airflow/venv/lib/python3.10/site-packages/airflow/example_dags/example_sensor_decorator.py
[2024-03-02T09:45:47.636-0300] {processor.py:830} INFO - Processing file /home/victor/Área de Trabalho/airflow/venv/lib/python3.10/site-packages/airflow/example_dags/example_sensor_decorator.py for tasks to queue
[2024-03-02T09:45:47.636-0300] {logging_mixin.py:188} INFO - [2024-03-02T09:45:47.636-0300] {dagbag.py:540} INFO - Filling up the DagBag from /home/victor/Área de Trabalho/airflow/venv/lib/python3.10/site-packages/airflow/example_dags/example_sensor_decorator.py
[2024-03-02T09:45:47.641-0300] {processor.py:840} INFO - DAG(s) 'example_sensor_decorator' retrieved from /home/victor/Área de Trabalho/airflow/venv/lib/python3.10/site-packages/airflow/example_dags/example_sensor_decorator.py
[2024-03-02T09:45:47.674-0300] {logging_mixin.py:188} INFO - [2024-03-02T09:45:47.673-0300] {dag.py:3047} INFO - Sync 1 DAGs
[2024-03-02T09:45:47.686-0300] {logging_mixin.py:188} INFO - [2024-03-02T09:45:47.686-0300] {dag.py:3834} INFO - Setting next_dagrun for example_sensor_decorator to None, run_after=None
[2024-03-02T09:45:47.710-0300] {processor.py:183} INFO - Processing /home/victor/Área de Trabalho/airflow/venv/lib/python3.10/site-packages/airflow/example_dags/example_sensor_decorator.py took 0.078 seconds
[2024-03-02T09:46:19.517-0300] {processor.py:161} INFO - Started process (PID=17267) to work on /home/victor/Área de Trabalho/airflow/venv/lib/python3.10/site-packages/airflow/example_dags/example_sensor_decorator.py
[2024-03-02T09:46:19.520-0300] {processor.py:830} INFO - Processing file /home/victor/Área de Trabalho/airflow/venv/lib/python3.10/site-packages/airflow/example_dags/example_sensor_decorator.py for tasks to queue
[2024-03-02T09:46:19.520-0300] {logging_mixin.py:188} INFO - [2024-03-02T09:46:19.520-0300] {dagbag.py:540} INFO - Filling up the DagBag from /home/victor/Área de Trabalho/airflow/venv/lib/python3.10/site-packages/airflow/example_dags/example_sensor_decorator.py
[2024-03-02T09:46:19.525-0300] {processor.py:840} INFO - DAG(s) 'example_sensor_decorator' retrieved from /home/victor/Área de Trabalho/airflow/venv/lib/python3.10/site-packages/airflow/example_dags/example_sensor_decorator.py
[2024-03-02T09:46:19.554-0300] {logging_mixin.py:188} INFO - [2024-03-02T09:46:19.553-0300] {dag.py:3047} INFO - Sync 1 DAGs
[2024-03-02T09:46:19.567-0300] {logging_mixin.py:188} INFO - [2024-03-02T09:46:19.566-0300] {dag.py:3834} INFO - Setting next_dagrun for example_sensor_decorator to None, run_after=None
[2024-03-02T09:46:19.587-0300] {processor.py:183} INFO - Processing /home/victor/Área de Trabalho/airflow/venv/lib/python3.10/site-packages/airflow/example_dags/example_sensor_decorator.py took 0.073 seconds
[2024-03-02T09:46:50.021-0300] {processor.py:161} INFO - Started process (PID=17591) to work on /home/victor/Área de Trabalho/airflow/venv/lib/python3.10/site-packages/airflow/example_dags/example_sensor_decorator.py
[2024-03-02T09:46:50.022-0300] {processor.py:830} INFO - Processing file /home/victor/Área de Trabalho/airflow/venv/lib/python3.10/site-packages/airflow/example_dags/example_sensor_decorator.py for tasks to queue
[2024-03-02T09:46:50.022-0300] {logging_mixin.py:188} INFO - [2024-03-02T09:46:50.022-0300] {dagbag.py:540} INFO - Filling up the DagBag from /home/victor/Área de Trabalho/airflow/venv/lib/python3.10/site-packages/airflow/example_dags/example_sensor_decorator.py
[2024-03-02T09:46:50.027-0300] {processor.py:840} INFO - DAG(s) 'example_sensor_decorator' retrieved from /home/victor/Área de Trabalho/airflow/venv/lib/python3.10/site-packages/airflow/example_dags/example_sensor_decorator.py
[2024-03-02T09:46:50.053-0300] {logging_mixin.py:188} INFO - [2024-03-02T09:46:50.052-0300] {dag.py:3047} INFO - Sync 1 DAGs
[2024-03-02T09:46:50.066-0300] {logging_mixin.py:188} INFO - [2024-03-02T09:46:50.066-0300] {dag.py:3834} INFO - Setting next_dagrun for example_sensor_decorator to None, run_after=None
[2024-03-02T09:46:50.085-0300] {processor.py:183} INFO - Processing /home/victor/Área de Trabalho/airflow/venv/lib/python3.10/site-packages/airflow/example_dags/example_sensor_decorator.py took 0.068 seconds
[2024-03-02T09:47:21.042-0300] {processor.py:161} INFO - Started process (PID=18248) to work on /home/victor/Área de Trabalho/airflow/venv/lib/python3.10/site-packages/airflow/example_dags/example_sensor_decorator.py
[2024-03-02T09:47:21.043-0300] {processor.py:830} INFO - Processing file /home/victor/Área de Trabalho/airflow/venv/lib/python3.10/site-packages/airflow/example_dags/example_sensor_decorator.py for tasks to queue
[2024-03-02T09:47:21.043-0300] {logging_mixin.py:188} INFO - [2024-03-02T09:47:21.043-0300] {dagbag.py:540} INFO - Filling up the DagBag from /home/victor/Área de Trabalho/airflow/venv/lib/python3.10/site-packages/airflow/example_dags/example_sensor_decorator.py
[2024-03-02T09:47:21.048-0300] {processor.py:840} INFO - DAG(s) 'example_sensor_decorator' retrieved from /home/victor/Área de Trabalho/airflow/venv/lib/python3.10/site-packages/airflow/example_dags/example_sensor_decorator.py
[2024-03-02T09:47:21.076-0300] {logging_mixin.py:188} INFO - [2024-03-02T09:47:21.076-0300] {dag.py:3047} INFO - Sync 1 DAGs
[2024-03-02T09:47:21.087-0300] {logging_mixin.py:188} INFO - [2024-03-02T09:47:21.087-0300] {dag.py:3834} INFO - Setting next_dagrun for example_sensor_decorator to None, run_after=None
[2024-03-02T09:47:21.107-0300] {processor.py:183} INFO - Processing /home/victor/Área de Trabalho/airflow/venv/lib/python3.10/site-packages/airflow/example_dags/example_sensor_decorator.py took 0.067 seconds
[2024-03-02T09:47:51.734-0300] {processor.py:161} INFO - Started process (PID=18569) to work on /home/victor/Área de Trabalho/airflow/venv/lib/python3.10/site-packages/airflow/example_dags/example_sensor_decorator.py
[2024-03-02T09:47:51.735-0300] {processor.py:830} INFO - Processing file /home/victor/Área de Trabalho/airflow/venv/lib/python3.10/site-packages/airflow/example_dags/example_sensor_decorator.py for tasks to queue
[2024-03-02T09:47:51.736-0300] {logging_mixin.py:188} INFO - [2024-03-02T09:47:51.735-0300] {dagbag.py:540} INFO - Filling up the DagBag from /home/victor/Área de Trabalho/airflow/venv/lib/python3.10/site-packages/airflow/example_dags/example_sensor_decorator.py
[2024-03-02T09:47:51.742-0300] {processor.py:840} INFO - DAG(s) 'example_sensor_decorator' retrieved from /home/victor/Área de Trabalho/airflow/venv/lib/python3.10/site-packages/airflow/example_dags/example_sensor_decorator.py
[2024-03-02T09:47:51.767-0300] {logging_mixin.py:188} INFO - [2024-03-02T09:47:51.767-0300] {dag.py:3047} INFO - Sync 1 DAGs
[2024-03-02T09:47:51.782-0300] {logging_mixin.py:188} INFO - [2024-03-02T09:47:51.781-0300] {dag.py:3834} INFO - Setting next_dagrun for example_sensor_decorator to None, run_after=None
[2024-03-02T09:47:51.800-0300] {processor.py:183} INFO - Processing /home/victor/Área de Trabalho/airflow/venv/lib/python3.10/site-packages/airflow/example_dags/example_sensor_decorator.py took 0.069 seconds
[2024-03-02T09:48:22.323-0300] {processor.py:161} INFO - Started process (PID=19056) to work on /home/victor/Área de Trabalho/airflow/venv/lib/python3.10/site-packages/airflow/example_dags/example_sensor_decorator.py
[2024-03-02T09:48:22.324-0300] {processor.py:830} INFO - Processing file /home/victor/Área de Trabalho/airflow/venv/lib/python3.10/site-packages/airflow/example_dags/example_sensor_decorator.py for tasks to queue
[2024-03-02T09:48:22.324-0300] {logging_mixin.py:188} INFO - [2024-03-02T09:48:22.324-0300] {dagbag.py:540} INFO - Filling up the DagBag from /home/victor/Área de Trabalho/airflow/venv/lib/python3.10/site-packages/airflow/example_dags/example_sensor_decorator.py
[2024-03-02T09:48:22.329-0300] {processor.py:840} INFO - DAG(s) 'example_sensor_decorator' retrieved from /home/victor/Área de Trabalho/airflow/venv/lib/python3.10/site-packages/airflow/example_dags/example_sensor_decorator.py
[2024-03-02T09:48:22.356-0300] {logging_mixin.py:188} INFO - [2024-03-02T09:48:22.355-0300] {dag.py:3047} INFO - Sync 1 DAGs
[2024-03-02T09:48:22.370-0300] {logging_mixin.py:188} INFO - [2024-03-02T09:48:22.369-0300] {dag.py:3834} INFO - Setting next_dagrun for example_sensor_decorator to None, run_after=None
[2024-03-02T09:48:22.392-0300] {processor.py:183} INFO - Processing /home/victor/Área de Trabalho/airflow/venv/lib/python3.10/site-packages/airflow/example_dags/example_sensor_decorator.py took 0.072 seconds
[2024-03-02T09:48:53.178-0300] {processor.py:161} INFO - Started process (PID=19397) to work on /home/victor/Área de Trabalho/airflow/venv/lib/python3.10/site-packages/airflow/example_dags/example_sensor_decorator.py
[2024-03-02T09:48:53.179-0300] {processor.py:830} INFO - Processing file /home/victor/Área de Trabalho/airflow/venv/lib/python3.10/site-packages/airflow/example_dags/example_sensor_decorator.py for tasks to queue
[2024-03-02T09:48:53.180-0300] {logging_mixin.py:188} INFO - [2024-03-02T09:48:53.179-0300] {dagbag.py:540} INFO - Filling up the DagBag from /home/victor/Área de Trabalho/airflow/venv/lib/python3.10/site-packages/airflow/example_dags/example_sensor_decorator.py
[2024-03-02T09:48:53.185-0300] {processor.py:840} INFO - DAG(s) 'example_sensor_decorator' retrieved from /home/victor/Área de Trabalho/airflow/venv/lib/python3.10/site-packages/airflow/example_dags/example_sensor_decorator.py
[2024-03-02T09:48:53.216-0300] {logging_mixin.py:188} INFO - [2024-03-02T09:48:53.216-0300] {dag.py:3047} INFO - Sync 1 DAGs
[2024-03-02T09:48:53.228-0300] {logging_mixin.py:188} INFO - [2024-03-02T09:48:53.227-0300] {dag.py:3834} INFO - Setting next_dagrun for example_sensor_decorator to None, run_after=None
[2024-03-02T09:48:53.249-0300] {processor.py:183} INFO - Processing /home/victor/Área de Trabalho/airflow/venv/lib/python3.10/site-packages/airflow/example_dags/example_sensor_decorator.py took 0.075 seconds
[2024-03-02T09:49:23.902-0300] {processor.py:161} INFO - Started process (PID=19879) to work on /home/victor/Área de Trabalho/airflow/venv/lib/python3.10/site-packages/airflow/example_dags/example_sensor_decorator.py
[2024-03-02T09:49:23.902-0300] {processor.py:830} INFO - Processing file /home/victor/Área de Trabalho/airflow/venv/lib/python3.10/site-packages/airflow/example_dags/example_sensor_decorator.py for tasks to queue
[2024-03-02T09:49:23.903-0300] {logging_mixin.py:188} INFO - [2024-03-02T09:49:23.903-0300] {dagbag.py:540} INFO - Filling up the DagBag from /home/victor/Área de Trabalho/airflow/venv/lib/python3.10/site-packages/airflow/example_dags/example_sensor_decorator.py
[2024-03-02T09:49:23.909-0300] {processor.py:840} INFO - DAG(s) 'example_sensor_decorator' retrieved from /home/victor/Área de Trabalho/airflow/venv/lib/python3.10/site-packages/airflow/example_dags/example_sensor_decorator.py
[2024-03-02T09:49:23.959-0300] {logging_mixin.py:188} INFO - [2024-03-02T09:49:23.959-0300] {dag.py:3047} INFO - Sync 1 DAGs
[2024-03-02T09:49:24.003-0300] {logging_mixin.py:188} INFO - [2024-03-02T09:49:24.002-0300] {dag.py:3834} INFO - Setting next_dagrun for example_sensor_decorator to None, run_after=None
[2024-03-02T09:49:24.036-0300] {processor.py:183} INFO - Processing /home/victor/Área de Trabalho/airflow/venv/lib/python3.10/site-packages/airflow/example_dags/example_sensor_decorator.py took 0.138 seconds
[2024-03-02T09:49:54.605-0300] {processor.py:161} INFO - Started process (PID=20200) to work on /home/victor/Área de Trabalho/airflow/venv/lib/python3.10/site-packages/airflow/example_dags/example_sensor_decorator.py
[2024-03-02T09:49:54.606-0300] {processor.py:830} INFO - Processing file /home/victor/Área de Trabalho/airflow/venv/lib/python3.10/site-packages/airflow/example_dags/example_sensor_decorator.py for tasks to queue
[2024-03-02T09:49:54.607-0300] {logging_mixin.py:188} INFO - [2024-03-02T09:49:54.606-0300] {dagbag.py:540} INFO - Filling up the DagBag from /home/victor/Área de Trabalho/airflow/venv/lib/python3.10/site-packages/airflow/example_dags/example_sensor_decorator.py
[2024-03-02T09:49:54.612-0300] {processor.py:840} INFO - DAG(s) 'example_sensor_decorator' retrieved from /home/victor/Área de Trabalho/airflow/venv/lib/python3.10/site-packages/airflow/example_dags/example_sensor_decorator.py
[2024-03-02T09:49:54.638-0300] {logging_mixin.py:188} INFO - [2024-03-02T09:49:54.638-0300] {dag.py:3047} INFO - Sync 1 DAGs
[2024-03-02T09:49:54.651-0300] {logging_mixin.py:188} INFO - [2024-03-02T09:49:54.650-0300] {dag.py:3834} INFO - Setting next_dagrun for example_sensor_decorator to None, run_after=None
[2024-03-02T09:49:54.670-0300] {processor.py:183} INFO - Processing /home/victor/Área de Trabalho/airflow/venv/lib/python3.10/site-packages/airflow/example_dags/example_sensor_decorator.py took 0.071 seconds
[2024-03-02T09:50:25.053-0300] {processor.py:161} INFO - Started process (PID=20683) to work on /home/victor/Área de Trabalho/airflow/venv/lib/python3.10/site-packages/airflow/example_dags/example_sensor_decorator.py
[2024-03-02T09:50:25.054-0300] {processor.py:830} INFO - Processing file /home/victor/Área de Trabalho/airflow/venv/lib/python3.10/site-packages/airflow/example_dags/example_sensor_decorator.py for tasks to queue
[2024-03-02T09:50:25.054-0300] {logging_mixin.py:188} INFO - [2024-03-02T09:50:25.054-0300] {dagbag.py:540} INFO - Filling up the DagBag from /home/victor/Área de Trabalho/airflow/venv/lib/python3.10/site-packages/airflow/example_dags/example_sensor_decorator.py
[2024-03-02T09:50:25.059-0300] {processor.py:840} INFO - DAG(s) 'example_sensor_decorator' retrieved from /home/victor/Área de Trabalho/airflow/venv/lib/python3.10/site-packages/airflow/example_dags/example_sensor_decorator.py
[2024-03-02T09:50:25.083-0300] {logging_mixin.py:188} INFO - [2024-03-02T09:50:25.083-0300] {dag.py:3047} INFO - Sync 1 DAGs
[2024-03-02T09:50:25.094-0300] {logging_mixin.py:188} INFO - [2024-03-02T09:50:25.094-0300] {dag.py:3834} INFO - Setting next_dagrun for example_sensor_decorator to None, run_after=None
[2024-03-02T09:50:25.113-0300] {processor.py:183} INFO - Processing /home/victor/Área de Trabalho/airflow/venv/lib/python3.10/site-packages/airflow/example_dags/example_sensor_decorator.py took 0.063 seconds
[2024-03-02T09:50:56.669-0300] {processor.py:161} INFO - Started process (PID=21039) to work on /home/victor/Área de Trabalho/airflow/venv/lib/python3.10/site-packages/airflow/example_dags/example_sensor_decorator.py
[2024-03-02T09:50:56.670-0300] {processor.py:830} INFO - Processing file /home/victor/Área de Trabalho/airflow/venv/lib/python3.10/site-packages/airflow/example_dags/example_sensor_decorator.py for tasks to queue
[2024-03-02T09:50:56.671-0300] {logging_mixin.py:188} INFO - [2024-03-02T09:50:56.670-0300] {dagbag.py:540} INFO - Filling up the DagBag from /home/victor/Área de Trabalho/airflow/venv/lib/python3.10/site-packages/airflow/example_dags/example_sensor_decorator.py
[2024-03-02T09:50:56.676-0300] {processor.py:840} INFO - DAG(s) 'example_sensor_decorator' retrieved from /home/victor/Área de Trabalho/airflow/venv/lib/python3.10/site-packages/airflow/example_dags/example_sensor_decorator.py
[2024-03-02T09:50:56.706-0300] {logging_mixin.py:188} INFO - [2024-03-02T09:50:56.706-0300] {dag.py:3047} INFO - Sync 1 DAGs
[2024-03-02T09:50:56.719-0300] {logging_mixin.py:188} INFO - [2024-03-02T09:50:56.719-0300] {dag.py:3834} INFO - Setting next_dagrun for example_sensor_decorator to None, run_after=None
[2024-03-02T09:50:56.741-0300] {processor.py:183} INFO - Processing /home/victor/Área de Trabalho/airflow/venv/lib/python3.10/site-packages/airflow/example_dags/example_sensor_decorator.py took 0.075 seconds
[2024-03-02T09:51:27.337-0300] {processor.py:161} INFO - Started process (PID=21523) to work on /home/victor/Área de Trabalho/airflow/venv/lib/python3.10/site-packages/airflow/example_dags/example_sensor_decorator.py
[2024-03-02T09:51:27.338-0300] {processor.py:830} INFO - Processing file /home/victor/Área de Trabalho/airflow/venv/lib/python3.10/site-packages/airflow/example_dags/example_sensor_decorator.py for tasks to queue
[2024-03-02T09:51:27.339-0300] {logging_mixin.py:188} INFO - [2024-03-02T09:51:27.339-0300] {dagbag.py:540} INFO - Filling up the DagBag from /home/victor/Área de Trabalho/airflow/venv/lib/python3.10/site-packages/airflow/example_dags/example_sensor_decorator.py
[2024-03-02T09:51:27.344-0300] {processor.py:840} INFO - DAG(s) 'example_sensor_decorator' retrieved from /home/victor/Área de Trabalho/airflow/venv/lib/python3.10/site-packages/airflow/example_dags/example_sensor_decorator.py
[2024-03-02T09:51:27.371-0300] {logging_mixin.py:188} INFO - [2024-03-02T09:51:27.371-0300] {dag.py:3047} INFO - Sync 1 DAGs
[2024-03-02T09:51:27.383-0300] {logging_mixin.py:188} INFO - [2024-03-02T09:51:27.382-0300] {dag.py:3834} INFO - Setting next_dagrun for example_sensor_decorator to None, run_after=None
[2024-03-02T09:51:27.403-0300] {processor.py:183} INFO - Processing /home/victor/Área de Trabalho/airflow/venv/lib/python3.10/site-packages/airflow/example_dags/example_sensor_decorator.py took 0.069 seconds
[2024-03-02T09:51:58.021-0300] {processor.py:161} INFO - Started process (PID=21902) to work on /home/victor/Área de Trabalho/airflow/venv/lib/python3.10/site-packages/airflow/example_dags/example_sensor_decorator.py
[2024-03-02T09:51:58.022-0300] {processor.py:830} INFO - Processing file /home/victor/Área de Trabalho/airflow/venv/lib/python3.10/site-packages/airflow/example_dags/example_sensor_decorator.py for tasks to queue
[2024-03-02T09:51:58.023-0300] {logging_mixin.py:188} INFO - [2024-03-02T09:51:58.022-0300] {dagbag.py:540} INFO - Filling up the DagBag from /home/victor/Área de Trabalho/airflow/venv/lib/python3.10/site-packages/airflow/example_dags/example_sensor_decorator.py
[2024-03-02T09:51:58.028-0300] {processor.py:840} INFO - DAG(s) 'example_sensor_decorator' retrieved from /home/victor/Área de Trabalho/airflow/venv/lib/python3.10/site-packages/airflow/example_dags/example_sensor_decorator.py
[2024-03-02T09:51:58.055-0300] {logging_mixin.py:188} INFO - [2024-03-02T09:51:58.055-0300] {dag.py:3047} INFO - Sync 1 DAGs
[2024-03-02T09:51:58.069-0300] {logging_mixin.py:188} INFO - [2024-03-02T09:51:58.068-0300] {dag.py:3834} INFO - Setting next_dagrun for example_sensor_decorator to None, run_after=None
[2024-03-02T09:51:58.092-0300] {processor.py:183} INFO - Processing /home/victor/Área de Trabalho/airflow/venv/lib/python3.10/site-packages/airflow/example_dags/example_sensor_decorator.py took 0.075 seconds
[2024-03-02T09:52:28.681-0300] {processor.py:161} INFO - Started process (PID=22485) to work on /home/victor/Área de Trabalho/airflow/venv/lib/python3.10/site-packages/airflow/example_dags/example_sensor_decorator.py
[2024-03-02T09:52:28.681-0300] {processor.py:830} INFO - Processing file /home/victor/Área de Trabalho/airflow/venv/lib/python3.10/site-packages/airflow/example_dags/example_sensor_decorator.py for tasks to queue
[2024-03-02T09:52:28.682-0300] {logging_mixin.py:188} INFO - [2024-03-02T09:52:28.682-0300] {dagbag.py:540} INFO - Filling up the DagBag from /home/victor/Área de Trabalho/airflow/venv/lib/python3.10/site-packages/airflow/example_dags/example_sensor_decorator.py
[2024-03-02T09:52:28.687-0300] {processor.py:840} INFO - DAG(s) 'example_sensor_decorator' retrieved from /home/victor/Área de Trabalho/airflow/venv/lib/python3.10/site-packages/airflow/example_dags/example_sensor_decorator.py
[2024-03-02T09:52:28.714-0300] {logging_mixin.py:188} INFO - [2024-03-02T09:52:28.714-0300] {dag.py:3047} INFO - Sync 1 DAGs
[2024-03-02T09:52:28.725-0300] {logging_mixin.py:188} INFO - [2024-03-02T09:52:28.725-0300] {dag.py:3834} INFO - Setting next_dagrun for example_sensor_decorator to None, run_after=None
[2024-03-02T09:52:28.746-0300] {processor.py:183} INFO - Processing /home/victor/Área de Trabalho/airflow/venv/lib/python3.10/site-packages/airflow/example_dags/example_sensor_decorator.py took 0.069 seconds
[2024-03-02T09:52:59.251-0300] {processor.py:161} INFO - Started process (PID=22871) to work on /home/victor/Área de Trabalho/airflow/venv/lib/python3.10/site-packages/airflow/example_dags/example_sensor_decorator.py
[2024-03-02T09:52:59.252-0300] {processor.py:830} INFO - Processing file /home/victor/Área de Trabalho/airflow/venv/lib/python3.10/site-packages/airflow/example_dags/example_sensor_decorator.py for tasks to queue
[2024-03-02T09:52:59.253-0300] {logging_mixin.py:188} INFO - [2024-03-02T09:52:59.252-0300] {dagbag.py:540} INFO - Filling up the DagBag from /home/victor/Área de Trabalho/airflow/venv/lib/python3.10/site-packages/airflow/example_dags/example_sensor_decorator.py
[2024-03-02T09:52:59.258-0300] {processor.py:840} INFO - DAG(s) 'example_sensor_decorator' retrieved from /home/victor/Área de Trabalho/airflow/venv/lib/python3.10/site-packages/airflow/example_dags/example_sensor_decorator.py
[2024-03-02T09:52:59.282-0300] {logging_mixin.py:188} INFO - [2024-03-02T09:52:59.282-0300] {dag.py:3047} INFO - Sync 1 DAGs
[2024-03-02T09:52:59.294-0300] {logging_mixin.py:188} INFO - [2024-03-02T09:52:59.294-0300] {dag.py:3834} INFO - Setting next_dagrun for example_sensor_decorator to None, run_after=None
[2024-03-02T09:52:59.312-0300] {processor.py:183} INFO - Processing /home/victor/Área de Trabalho/airflow/venv/lib/python3.10/site-packages/airflow/example_dags/example_sensor_decorator.py took 0.064 seconds
[2024-03-02T09:53:29.745-0300] {processor.py:161} INFO - Started process (PID=23294) to work on /home/victor/Área de Trabalho/airflow/venv/lib/python3.10/site-packages/airflow/example_dags/example_sensor_decorator.py
[2024-03-02T09:53:29.746-0300] {processor.py:830} INFO - Processing file /home/victor/Área de Trabalho/airflow/venv/lib/python3.10/site-packages/airflow/example_dags/example_sensor_decorator.py for tasks to queue
[2024-03-02T09:53:29.747-0300] {logging_mixin.py:188} INFO - [2024-03-02T09:53:29.747-0300] {dagbag.py:540} INFO - Filling up the DagBag from /home/victor/Área de Trabalho/airflow/venv/lib/python3.10/site-packages/airflow/example_dags/example_sensor_decorator.py
[2024-03-02T09:53:29.753-0300] {processor.py:840} INFO - DAG(s) 'example_sensor_decorator' retrieved from /home/victor/Área de Trabalho/airflow/venv/lib/python3.10/site-packages/airflow/example_dags/example_sensor_decorator.py
[2024-03-02T09:53:29.785-0300] {logging_mixin.py:188} INFO - [2024-03-02T09:53:29.785-0300] {dag.py:3047} INFO - Sync 1 DAGs
[2024-03-02T09:53:29.797-0300] {logging_mixin.py:188} INFO - [2024-03-02T09:53:29.797-0300] {dag.py:3834} INFO - Setting next_dagrun for example_sensor_decorator to None, run_after=None
[2024-03-02T09:53:29.817-0300] {processor.py:183} INFO - Processing /home/victor/Área de Trabalho/airflow/venv/lib/python3.10/site-packages/airflow/example_dags/example_sensor_decorator.py took 0.074 seconds
[2024-03-02T09:54:00.595-0300] {processor.py:161} INFO - Started process (PID=23777) to work on /home/victor/Área de Trabalho/airflow/venv/lib/python3.10/site-packages/airflow/example_dags/example_sensor_decorator.py
[2024-03-02T09:54:00.596-0300] {processor.py:830} INFO - Processing file /home/victor/Área de Trabalho/airflow/venv/lib/python3.10/site-packages/airflow/example_dags/example_sensor_decorator.py for tasks to queue
[2024-03-02T09:54:00.597-0300] {logging_mixin.py:188} INFO - [2024-03-02T09:54:00.596-0300] {dagbag.py:540} INFO - Filling up the DagBag from /home/victor/Área de Trabalho/airflow/venv/lib/python3.10/site-packages/airflow/example_dags/example_sensor_decorator.py
[2024-03-02T09:54:00.602-0300] {processor.py:840} INFO - DAG(s) 'example_sensor_decorator' retrieved from /home/victor/Área de Trabalho/airflow/venv/lib/python3.10/site-packages/airflow/example_dags/example_sensor_decorator.py
[2024-03-02T09:54:00.629-0300] {logging_mixin.py:188} INFO - [2024-03-02T09:54:00.629-0300] {dag.py:3047} INFO - Sync 1 DAGs
[2024-03-02T09:54:00.641-0300] {logging_mixin.py:188} INFO - [2024-03-02T09:54:00.640-0300] {dag.py:3834} INFO - Setting next_dagrun for example_sensor_decorator to None, run_after=None
[2024-03-02T09:54:00.667-0300] {processor.py:183} INFO - Processing /home/victor/Área de Trabalho/airflow/venv/lib/python3.10/site-packages/airflow/example_dags/example_sensor_decorator.py took 0.075 seconds
[2024-03-02T09:54:31.736-0300] {processor.py:161} INFO - Started process (PID=24262) to work on /home/victor/Área de Trabalho/airflow/venv/lib/python3.10/site-packages/airflow/example_dags/example_sensor_decorator.py
[2024-03-02T09:54:31.737-0300] {processor.py:830} INFO - Processing file /home/victor/Área de Trabalho/airflow/venv/lib/python3.10/site-packages/airflow/example_dags/example_sensor_decorator.py for tasks to queue
[2024-03-02T09:54:31.738-0300] {logging_mixin.py:188} INFO - [2024-03-02T09:54:31.738-0300] {dagbag.py:540} INFO - Filling up the DagBag from /home/victor/Área de Trabalho/airflow/venv/lib/python3.10/site-packages/airflow/example_dags/example_sensor_decorator.py
[2024-03-02T09:54:31.744-0300] {processor.py:840} INFO - DAG(s) 'example_sensor_decorator' retrieved from /home/victor/Área de Trabalho/airflow/venv/lib/python3.10/site-packages/airflow/example_dags/example_sensor_decorator.py
[2024-03-02T09:54:31.774-0300] {logging_mixin.py:188} INFO - [2024-03-02T09:54:31.774-0300] {dag.py:3047} INFO - Sync 1 DAGs
[2024-03-02T09:54:31.787-0300] {logging_mixin.py:188} INFO - [2024-03-02T09:54:31.787-0300] {dag.py:3834} INFO - Setting next_dagrun for example_sensor_decorator to None, run_after=None
[2024-03-02T09:54:31.807-0300] {processor.py:183} INFO - Processing /home/victor/Área de Trabalho/airflow/venv/lib/python3.10/site-packages/airflow/example_dags/example_sensor_decorator.py took 0.074 seconds
[2024-03-02T09:55:02.285-0300] {processor.py:161} INFO - Started process (PID=24825) to work on /home/victor/Área de Trabalho/airflow/venv/lib/python3.10/site-packages/airflow/example_dags/example_sensor_decorator.py
[2024-03-02T09:55:02.286-0300] {processor.py:830} INFO - Processing file /home/victor/Área de Trabalho/airflow/venv/lib/python3.10/site-packages/airflow/example_dags/example_sensor_decorator.py for tasks to queue
[2024-03-02T09:55:02.286-0300] {logging_mixin.py:188} INFO - [2024-03-02T09:55:02.286-0300] {dagbag.py:540} INFO - Filling up the DagBag from /home/victor/Área de Trabalho/airflow/venv/lib/python3.10/site-packages/airflow/example_dags/example_sensor_decorator.py
[2024-03-02T09:55:02.291-0300] {processor.py:840} INFO - DAG(s) 'example_sensor_decorator' retrieved from /home/victor/Área de Trabalho/airflow/venv/lib/python3.10/site-packages/airflow/example_dags/example_sensor_decorator.py
[2024-03-02T09:55:02.337-0300] {logging_mixin.py:188} INFO - [2024-03-02T09:55:02.337-0300] {dag.py:3047} INFO - Sync 1 DAGs
[2024-03-02T09:55:02.350-0300] {logging_mixin.py:188} INFO - [2024-03-02T09:55:02.350-0300] {dag.py:3834} INFO - Setting next_dagrun for example_sensor_decorator to None, run_after=None
[2024-03-02T09:55:02.374-0300] {processor.py:183} INFO - Processing /home/victor/Área de Trabalho/airflow/venv/lib/python3.10/site-packages/airflow/example_dags/example_sensor_decorator.py took 0.092 seconds
[2024-03-02T09:55:32.900-0300] {processor.py:161} INFO - Started process (PID=25292) to work on /home/victor/Área de Trabalho/airflow/venv/lib/python3.10/site-packages/airflow/example_dags/example_sensor_decorator.py
[2024-03-02T09:55:32.901-0300] {processor.py:830} INFO - Processing file /home/victor/Área de Trabalho/airflow/venv/lib/python3.10/site-packages/airflow/example_dags/example_sensor_decorator.py for tasks to queue
[2024-03-02T09:55:32.901-0300] {logging_mixin.py:188} INFO - [2024-03-02T09:55:32.901-0300] {dagbag.py:540} INFO - Filling up the DagBag from /home/victor/Área de Trabalho/airflow/venv/lib/python3.10/site-packages/airflow/example_dags/example_sensor_decorator.py
[2024-03-02T09:55:32.907-0300] {processor.py:840} INFO - DAG(s) 'example_sensor_decorator' retrieved from /home/victor/Área de Trabalho/airflow/venv/lib/python3.10/site-packages/airflow/example_dags/example_sensor_decorator.py
[2024-03-02T09:55:32.936-0300] {logging_mixin.py:188} INFO - [2024-03-02T09:55:32.935-0300] {dag.py:3047} INFO - Sync 1 DAGs
[2024-03-02T09:55:32.947-0300] {logging_mixin.py:188} INFO - [2024-03-02T09:55:32.947-0300] {dag.py:3834} INFO - Setting next_dagrun for example_sensor_decorator to None, run_after=None
[2024-03-02T09:55:32.970-0300] {processor.py:183} INFO - Processing /home/victor/Área de Trabalho/airflow/venv/lib/python3.10/site-packages/airflow/example_dags/example_sensor_decorator.py took 0.073 seconds
[2024-03-02T09:56:03.231-0300] {processor.py:161} INFO - Started process (PID=25795) to work on /home/victor/Área de Trabalho/airflow/venv/lib/python3.10/site-packages/airflow/example_dags/example_sensor_decorator.py
[2024-03-02T09:56:03.232-0300] {processor.py:830} INFO - Processing file /home/victor/Área de Trabalho/airflow/venv/lib/python3.10/site-packages/airflow/example_dags/example_sensor_decorator.py for tasks to queue
[2024-03-02T09:56:03.233-0300] {logging_mixin.py:188} INFO - [2024-03-02T09:56:03.233-0300] {dagbag.py:540} INFO - Filling up the DagBag from /home/victor/Área de Trabalho/airflow/venv/lib/python3.10/site-packages/airflow/example_dags/example_sensor_decorator.py
[2024-03-02T09:56:03.238-0300] {processor.py:840} INFO - DAG(s) 'example_sensor_decorator' retrieved from /home/victor/Área de Trabalho/airflow/venv/lib/python3.10/site-packages/airflow/example_dags/example_sensor_decorator.py
[2024-03-02T09:56:03.263-0300] {logging_mixin.py:188} INFO - [2024-03-02T09:56:03.263-0300] {dag.py:3047} INFO - Sync 1 DAGs
[2024-03-02T09:56:03.274-0300] {logging_mixin.py:188} INFO - [2024-03-02T09:56:03.274-0300] {dag.py:3834} INFO - Setting next_dagrun for example_sensor_decorator to None, run_after=None
[2024-03-02T09:56:03.292-0300] {processor.py:183} INFO - Processing /home/victor/Área de Trabalho/airflow/venv/lib/python3.10/site-packages/airflow/example_dags/example_sensor_decorator.py took 0.064 seconds
[2024-03-02T09:56:34.559-0300] {processor.py:161} INFO - Started process (PID=26117) to work on /home/victor/Área de Trabalho/airflow/venv/lib/python3.10/site-packages/airflow/example_dags/example_sensor_decorator.py
[2024-03-02T09:56:34.560-0300] {processor.py:830} INFO - Processing file /home/victor/Área de Trabalho/airflow/venv/lib/python3.10/site-packages/airflow/example_dags/example_sensor_decorator.py for tasks to queue
[2024-03-02T09:56:34.561-0300] {logging_mixin.py:188} INFO - [2024-03-02T09:56:34.560-0300] {dagbag.py:540} INFO - Filling up the DagBag from /home/victor/Área de Trabalho/airflow/venv/lib/python3.10/site-packages/airflow/example_dags/example_sensor_decorator.py
[2024-03-02T09:56:34.565-0300] {processor.py:840} INFO - DAG(s) 'example_sensor_decorator' retrieved from /home/victor/Área de Trabalho/airflow/venv/lib/python3.10/site-packages/airflow/example_dags/example_sensor_decorator.py
[2024-03-02T09:56:34.598-0300] {logging_mixin.py:188} INFO - [2024-03-02T09:56:34.598-0300] {dag.py:3047} INFO - Sync 1 DAGs
[2024-03-02T09:56:34.609-0300] {logging_mixin.py:188} INFO - [2024-03-02T09:56:34.609-0300] {dag.py:3834} INFO - Setting next_dagrun for example_sensor_decorator to None, run_after=None
[2024-03-02T09:56:34.629-0300] {processor.py:183} INFO - Processing /home/victor/Área de Trabalho/airflow/venv/lib/python3.10/site-packages/airflow/example_dags/example_sensor_decorator.py took 0.072 seconds
[2024-03-02T09:57:05.142-0300] {processor.py:161} INFO - Started process (PID=26759) to work on /home/victor/Área de Trabalho/airflow/venv/lib/python3.10/site-packages/airflow/example_dags/example_sensor_decorator.py
[2024-03-02T09:57:05.142-0300] {processor.py:830} INFO - Processing file /home/victor/Área de Trabalho/airflow/venv/lib/python3.10/site-packages/airflow/example_dags/example_sensor_decorator.py for tasks to queue
[2024-03-02T09:57:05.143-0300] {logging_mixin.py:188} INFO - [2024-03-02T09:57:05.143-0300] {dagbag.py:540} INFO - Filling up the DagBag from /home/victor/Área de Trabalho/airflow/venv/lib/python3.10/site-packages/airflow/example_dags/example_sensor_decorator.py
[2024-03-02T09:57:05.149-0300] {processor.py:840} INFO - DAG(s) 'example_sensor_decorator' retrieved from /home/victor/Área de Trabalho/airflow/venv/lib/python3.10/site-packages/airflow/example_dags/example_sensor_decorator.py
[2024-03-02T09:57:05.175-0300] {logging_mixin.py:188} INFO - [2024-03-02T09:57:05.175-0300] {dag.py:3047} INFO - Sync 1 DAGs
[2024-03-02T09:57:05.187-0300] {logging_mixin.py:188} INFO - [2024-03-02T09:57:05.187-0300] {dag.py:3834} INFO - Setting next_dagrun for example_sensor_decorator to None, run_after=None
[2024-03-02T09:57:05.208-0300] {processor.py:183} INFO - Processing /home/victor/Área de Trabalho/airflow/venv/lib/python3.10/site-packages/airflow/example_dags/example_sensor_decorator.py took 0.069 seconds
[2024-03-02T09:57:35.634-0300] {processor.py:161} INFO - Started process (PID=27081) to work on /home/victor/Área de Trabalho/airflow/venv/lib/python3.10/site-packages/airflow/example_dags/example_sensor_decorator.py
[2024-03-02T09:57:35.634-0300] {processor.py:830} INFO - Processing file /home/victor/Área de Trabalho/airflow/venv/lib/python3.10/site-packages/airflow/example_dags/example_sensor_decorator.py for tasks to queue
[2024-03-02T09:57:35.635-0300] {logging_mixin.py:188} INFO - [2024-03-02T09:57:35.635-0300] {dagbag.py:540} INFO - Filling up the DagBag from /home/victor/Área de Trabalho/airflow/venv/lib/python3.10/site-packages/airflow/example_dags/example_sensor_decorator.py
[2024-03-02T09:57:35.640-0300] {processor.py:840} INFO - DAG(s) 'example_sensor_decorator' retrieved from /home/victor/Área de Trabalho/airflow/venv/lib/python3.10/site-packages/airflow/example_dags/example_sensor_decorator.py
[2024-03-02T09:57:35.665-0300] {logging_mixin.py:188} INFO - [2024-03-02T09:57:35.665-0300] {dag.py:3047} INFO - Sync 1 DAGs
[2024-03-02T09:57:35.677-0300] {logging_mixin.py:188} INFO - [2024-03-02T09:57:35.676-0300] {dag.py:3834} INFO - Setting next_dagrun for example_sensor_decorator to None, run_after=None
[2024-03-02T09:57:35.696-0300] {processor.py:183} INFO - Processing /home/victor/Área de Trabalho/airflow/venv/lib/python3.10/site-packages/airflow/example_dags/example_sensor_decorator.py took 0.065 seconds
[2024-03-02T09:58:06.195-0300] {processor.py:161} INFO - Started process (PID=27634) to work on /home/victor/Área de Trabalho/airflow/venv/lib/python3.10/site-packages/airflow/example_dags/example_sensor_decorator.py
[2024-03-02T09:58:06.199-0300] {processor.py:830} INFO - Processing file /home/victor/Área de Trabalho/airflow/venv/lib/python3.10/site-packages/airflow/example_dags/example_sensor_decorator.py for tasks to queue
[2024-03-02T09:58:06.200-0300] {logging_mixin.py:188} INFO - [2024-03-02T09:58:06.199-0300] {dagbag.py:540} INFO - Filling up the DagBag from /home/victor/Área de Trabalho/airflow/venv/lib/python3.10/site-packages/airflow/example_dags/example_sensor_decorator.py
[2024-03-02T09:58:06.207-0300] {processor.py:840} INFO - DAG(s) 'example_sensor_decorator' retrieved from /home/victor/Área de Trabalho/airflow/venv/lib/python3.10/site-packages/airflow/example_dags/example_sensor_decorator.py
[2024-03-02T09:58:06.242-0300] {logging_mixin.py:188} INFO - [2024-03-02T09:58:06.240-0300] {dag.py:3047} INFO - Sync 1 DAGs
[2024-03-02T09:58:06.261-0300] {logging_mixin.py:188} INFO - [2024-03-02T09:58:06.261-0300] {dag.py:3834} INFO - Setting next_dagrun for example_sensor_decorator to None, run_after=None
[2024-03-02T09:58:06.280-0300] {processor.py:183} INFO - Processing /home/victor/Área de Trabalho/airflow/venv/lib/python3.10/site-packages/airflow/example_dags/example_sensor_decorator.py took 0.089 seconds
[2024-03-02T09:58:36.773-0300] {processor.py:161} INFO - Started process (PID=29002) to work on /home/victor/Área de Trabalho/airflow/venv/lib/python3.10/site-packages/airflow/example_dags/example_sensor_decorator.py
[2024-03-02T09:58:36.773-0300] {processor.py:830} INFO - Processing file /home/victor/Área de Trabalho/airflow/venv/lib/python3.10/site-packages/airflow/example_dags/example_sensor_decorator.py for tasks to queue
[2024-03-02T09:58:36.774-0300] {logging_mixin.py:188} INFO - [2024-03-02T09:58:36.774-0300] {dagbag.py:540} INFO - Filling up the DagBag from /home/victor/Área de Trabalho/airflow/venv/lib/python3.10/site-packages/airflow/example_dags/example_sensor_decorator.py
[2024-03-02T09:58:36.780-0300] {processor.py:840} INFO - DAG(s) 'example_sensor_decorator' retrieved from /home/victor/Área de Trabalho/airflow/venv/lib/python3.10/site-packages/airflow/example_dags/example_sensor_decorator.py
[2024-03-02T09:58:36.810-0300] {logging_mixin.py:188} INFO - [2024-03-02T09:58:36.810-0300] {dag.py:3047} INFO - Sync 1 DAGs
[2024-03-02T09:58:36.823-0300] {logging_mixin.py:188} INFO - [2024-03-02T09:58:36.823-0300] {dag.py:3834} INFO - Setting next_dagrun for example_sensor_decorator to None, run_after=None
[2024-03-02T09:58:36.846-0300] {processor.py:183} INFO - Processing /home/victor/Área de Trabalho/airflow/venv/lib/python3.10/site-packages/airflow/example_dags/example_sensor_decorator.py took 0.077 seconds
[2024-03-02T09:59:07.285-0300] {processor.py:161} INFO - Started process (PID=29515) to work on /home/victor/Área de Trabalho/airflow/venv/lib/python3.10/site-packages/airflow/example_dags/example_sensor_decorator.py
[2024-03-02T09:59:07.285-0300] {processor.py:830} INFO - Processing file /home/victor/Área de Trabalho/airflow/venv/lib/python3.10/site-packages/airflow/example_dags/example_sensor_decorator.py for tasks to queue
[2024-03-02T09:59:07.286-0300] {logging_mixin.py:188} INFO - [2024-03-02T09:59:07.286-0300] {dagbag.py:540} INFO - Filling up the DagBag from /home/victor/Área de Trabalho/airflow/venv/lib/python3.10/site-packages/airflow/example_dags/example_sensor_decorator.py
[2024-03-02T09:59:07.291-0300] {processor.py:840} INFO - DAG(s) 'example_sensor_decorator' retrieved from /home/victor/Área de Trabalho/airflow/venv/lib/python3.10/site-packages/airflow/example_dags/example_sensor_decorator.py
[2024-03-02T09:59:07.317-0300] {logging_mixin.py:188} INFO - [2024-03-02T09:59:07.316-0300] {dag.py:3047} INFO - Sync 1 DAGs
[2024-03-02T09:59:07.328-0300] {logging_mixin.py:188} INFO - [2024-03-02T09:59:07.327-0300] {dag.py:3834} INFO - Setting next_dagrun for example_sensor_decorator to None, run_after=None
[2024-03-02T09:59:07.347-0300] {processor.py:183} INFO - Processing /home/victor/Área de Trabalho/airflow/venv/lib/python3.10/site-packages/airflow/example_dags/example_sensor_decorator.py took 0.065 seconds
