[2024-03-02T09:36:57.765-0300] {processor.py:161} INFO - Started process (PID=7811) to work on /home/victor/Área de Trabalho/airflow/venv/lib/python3.10/site-packages/airflow/example_dags/example_trigger_target_dag.py
[2024-03-02T09:36:57.766-0300] {processor.py:830} INFO - Processing file /home/victor/Área de Trabalho/airflow/venv/lib/python3.10/site-packages/airflow/example_dags/example_trigger_target_dag.py for tasks to queue
[2024-03-02T09:36:57.767-0300] {logging_mixin.py:188} INFO - [2024-03-02T09:36:57.767-0300] {dagbag.py:540} INFO - Filling up the DagBag from /home/victor/Área de Trabalho/airflow/venv/lib/python3.10/site-packages/airflow/example_dags/example_trigger_target_dag.py
[2024-03-02T09:36:57.773-0300] {processor.py:840} INFO - DAG(s) 'example_trigger_target_dag' retrieved from /home/victor/Área de Trabalho/airflow/venv/lib/python3.10/site-packages/airflow/example_dags/example_trigger_target_dag.py
[2024-03-02T09:36:57.795-0300] {logging_mixin.py:188} INFO - [2024-03-02T09:36:57.795-0300] {dag.py:3047} INFO - Sync 1 DAGs
[2024-03-02T09:36:57.810-0300] {logging_mixin.py:188} INFO - [2024-03-02T09:36:57.810-0300] {dag.py:3834} INFO - Setting next_dagrun for example_trigger_target_dag to None, run_after=None
[2024-03-02T09:36:57.827-0300] {processor.py:183} INFO - Processing /home/victor/Área de Trabalho/airflow/venv/lib/python3.10/site-packages/airflow/example_dags/example_trigger_target_dag.py took 0.065 seconds
[2024-03-02T09:37:28.439-0300] {processor.py:161} INFO - Started process (PID=9231) to work on /home/victor/Área de Trabalho/airflow/venv/lib/python3.10/site-packages/airflow/example_dags/example_trigger_target_dag.py
[2024-03-02T09:37:28.440-0300] {processor.py:830} INFO - Processing file /home/victor/Área de Trabalho/airflow/venv/lib/python3.10/site-packages/airflow/example_dags/example_trigger_target_dag.py for tasks to queue
[2024-03-02T09:37:28.441-0300] {logging_mixin.py:188} INFO - [2024-03-02T09:37:28.440-0300] {dagbag.py:540} INFO - Filling up the DagBag from /home/victor/Área de Trabalho/airflow/venv/lib/python3.10/site-packages/airflow/example_dags/example_trigger_target_dag.py
[2024-03-02T09:37:28.445-0300] {processor.py:840} INFO - DAG(s) 'example_trigger_target_dag' retrieved from /home/victor/Área de Trabalho/airflow/venv/lib/python3.10/site-packages/airflow/example_dags/example_trigger_target_dag.py
[2024-03-02T09:37:28.543-0300] {logging_mixin.py:188} INFO - [2024-03-02T09:37:28.542-0300] {dag.py:3047} INFO - Sync 1 DAGs
[2024-03-02T09:37:28.552-0300] {logging_mixin.py:188} INFO - [2024-03-02T09:37:28.551-0300] {dag.py:3834} INFO - Setting next_dagrun for example_trigger_target_dag to None, run_after=None
[2024-03-02T09:37:28.571-0300] {processor.py:183} INFO - Processing /home/victor/Área de Trabalho/airflow/venv/lib/python3.10/site-packages/airflow/example_dags/example_trigger_target_dag.py took 0.134 seconds
[2024-03-02T09:37:59.435-0300] {processor.py:161} INFO - Started process (PID=9895) to work on /home/victor/Área de Trabalho/airflow/venv/lib/python3.10/site-packages/airflow/example_dags/example_trigger_target_dag.py
[2024-03-02T09:37:59.435-0300] {processor.py:830} INFO - Processing file /home/victor/Área de Trabalho/airflow/venv/lib/python3.10/site-packages/airflow/example_dags/example_trigger_target_dag.py for tasks to queue
[2024-03-02T09:37:59.436-0300] {logging_mixin.py:188} INFO - [2024-03-02T09:37:59.436-0300] {dagbag.py:540} INFO - Filling up the DagBag from /home/victor/Área de Trabalho/airflow/venv/lib/python3.10/site-packages/airflow/example_dags/example_trigger_target_dag.py
[2024-03-02T09:37:59.441-0300] {processor.py:840} INFO - DAG(s) 'example_trigger_target_dag' retrieved from /home/victor/Área de Trabalho/airflow/venv/lib/python3.10/site-packages/airflow/example_dags/example_trigger_target_dag.py
[2024-03-02T09:37:59.467-0300] {logging_mixin.py:188} INFO - [2024-03-02T09:37:59.467-0300] {dag.py:3047} INFO - Sync 1 DAGs
[2024-03-02T09:37:59.479-0300] {logging_mixin.py:188} INFO - [2024-03-02T09:37:59.478-0300] {dag.py:3834} INFO - Setting next_dagrun for example_trigger_target_dag to None, run_after=None
[2024-03-02T09:37:59.500-0300] {processor.py:183} INFO - Processing /home/victor/Área de Trabalho/airflow/venv/lib/python3.10/site-packages/airflow/example_dags/example_trigger_target_dag.py took 0.068 seconds
[2024-03-02T09:38:30.795-0300] {processor.py:161} INFO - Started process (PID=10209) to work on /home/victor/Área de Trabalho/airflow/venv/lib/python3.10/site-packages/airflow/example_dags/example_trigger_target_dag.py
[2024-03-02T09:38:30.795-0300] {processor.py:830} INFO - Processing file /home/victor/Área de Trabalho/airflow/venv/lib/python3.10/site-packages/airflow/example_dags/example_trigger_target_dag.py for tasks to queue
[2024-03-02T09:38:30.796-0300] {logging_mixin.py:188} INFO - [2024-03-02T09:38:30.796-0300] {dagbag.py:540} INFO - Filling up the DagBag from /home/victor/Área de Trabalho/airflow/venv/lib/python3.10/site-packages/airflow/example_dags/example_trigger_target_dag.py
[2024-03-02T09:38:30.802-0300] {processor.py:840} INFO - DAG(s) 'example_trigger_target_dag' retrieved from /home/victor/Área de Trabalho/airflow/venv/lib/python3.10/site-packages/airflow/example_dags/example_trigger_target_dag.py
[2024-03-02T09:38:30.826-0300] {logging_mixin.py:188} INFO - [2024-03-02T09:38:30.826-0300] {dag.py:3047} INFO - Sync 1 DAGs
[2024-03-02T09:38:30.837-0300] {logging_mixin.py:188} INFO - [2024-03-02T09:38:30.837-0300] {dag.py:3834} INFO - Setting next_dagrun for example_trigger_target_dag to None, run_after=None
[2024-03-02T09:38:30.855-0300] {processor.py:183} INFO - Processing /home/victor/Área de Trabalho/airflow/venv/lib/python3.10/site-packages/airflow/example_dags/example_trigger_target_dag.py took 0.064 seconds
[2024-03-02T09:39:02.274-0300] {processor.py:161} INFO - Started process (PID=10741) to work on /home/victor/Área de Trabalho/airflow/venv/lib/python3.10/site-packages/airflow/example_dags/example_trigger_target_dag.py
[2024-03-02T09:39:02.274-0300] {processor.py:830} INFO - Processing file /home/victor/Área de Trabalho/airflow/venv/lib/python3.10/site-packages/airflow/example_dags/example_trigger_target_dag.py for tasks to queue
[2024-03-02T09:39:02.275-0300] {logging_mixin.py:188} INFO - [2024-03-02T09:39:02.275-0300] {dagbag.py:540} INFO - Filling up the DagBag from /home/victor/Área de Trabalho/airflow/venv/lib/python3.10/site-packages/airflow/example_dags/example_trigger_target_dag.py
[2024-03-02T09:39:02.280-0300] {processor.py:840} INFO - DAG(s) 'example_trigger_target_dag' retrieved from /home/victor/Área de Trabalho/airflow/venv/lib/python3.10/site-packages/airflow/example_dags/example_trigger_target_dag.py
[2024-03-02T09:39:02.313-0300] {logging_mixin.py:188} INFO - [2024-03-02T09:39:02.313-0300] {dag.py:3047} INFO - Sync 1 DAGs
[2024-03-02T09:39:02.326-0300] {logging_mixin.py:188} INFO - [2024-03-02T09:39:02.326-0300] {dag.py:3834} INFO - Setting next_dagrun for example_trigger_target_dag to None, run_after=None
[2024-03-02T09:39:02.345-0300] {processor.py:183} INFO - Processing /home/victor/Área de Trabalho/airflow/venv/lib/python3.10/site-packages/airflow/example_dags/example_trigger_target_dag.py took 0.078 seconds
[2024-03-02T09:39:33.531-0300] {processor.py:161} INFO - Started process (PID=11368) to work on /home/victor/Área de Trabalho/airflow/venv/lib/python3.10/site-packages/airflow/example_dags/example_trigger_target_dag.py
[2024-03-02T09:39:33.532-0300] {processor.py:830} INFO - Processing file /home/victor/Área de Trabalho/airflow/venv/lib/python3.10/site-packages/airflow/example_dags/example_trigger_target_dag.py for tasks to queue
[2024-03-02T09:39:33.533-0300] {logging_mixin.py:188} INFO - [2024-03-02T09:39:33.532-0300] {dagbag.py:540} INFO - Filling up the DagBag from /home/victor/Área de Trabalho/airflow/venv/lib/python3.10/site-packages/airflow/example_dags/example_trigger_target_dag.py
[2024-03-02T09:39:33.538-0300] {processor.py:840} INFO - DAG(s) 'example_trigger_target_dag' retrieved from /home/victor/Área de Trabalho/airflow/venv/lib/python3.10/site-packages/airflow/example_dags/example_trigger_target_dag.py
[2024-03-02T09:39:33.563-0300] {logging_mixin.py:188} INFO - [2024-03-02T09:39:33.563-0300] {dag.py:3047} INFO - Sync 1 DAGs
[2024-03-02T09:39:33.575-0300] {logging_mixin.py:188} INFO - [2024-03-02T09:39:33.575-0300] {dag.py:3834} INFO - Setting next_dagrun for example_trigger_target_dag to None, run_after=None
[2024-03-02T09:39:33.596-0300] {processor.py:183} INFO - Processing /home/victor/Área de Trabalho/airflow/venv/lib/python3.10/site-packages/airflow/example_dags/example_trigger_target_dag.py took 0.067 seconds
[2024-03-02T09:40:04.840-0300] {processor.py:161} INFO - Started process (PID=11842) to work on /home/victor/Área de Trabalho/airflow/venv/lib/python3.10/site-packages/airflow/example_dags/example_trigger_target_dag.py
[2024-03-02T09:40:04.841-0300] {processor.py:830} INFO - Processing file /home/victor/Área de Trabalho/airflow/venv/lib/python3.10/site-packages/airflow/example_dags/example_trigger_target_dag.py for tasks to queue
[2024-03-02T09:40:04.842-0300] {logging_mixin.py:188} INFO - [2024-03-02T09:40:04.842-0300] {dagbag.py:540} INFO - Filling up the DagBag from /home/victor/Área de Trabalho/airflow/venv/lib/python3.10/site-packages/airflow/example_dags/example_trigger_target_dag.py
[2024-03-02T09:40:04.847-0300] {processor.py:840} INFO - DAG(s) 'example_trigger_target_dag' retrieved from /home/victor/Área de Trabalho/airflow/venv/lib/python3.10/site-packages/airflow/example_dags/example_trigger_target_dag.py
[2024-03-02T09:40:04.871-0300] {logging_mixin.py:188} INFO - [2024-03-02T09:40:04.871-0300] {dag.py:3047} INFO - Sync 1 DAGs
[2024-03-02T09:40:04.883-0300] {logging_mixin.py:188} INFO - [2024-03-02T09:40:04.882-0300] {dag.py:3834} INFO - Setting next_dagrun for example_trigger_target_dag to None, run_after=None
[2024-03-02T09:40:04.902-0300] {processor.py:183} INFO - Processing /home/victor/Área de Trabalho/airflow/venv/lib/python3.10/site-packages/airflow/example_dags/example_trigger_target_dag.py took 0.065 seconds
[2024-03-02T09:40:36.085-0300] {processor.py:161} INFO - Started process (PID=12220) to work on /home/victor/Área de Trabalho/airflow/venv/lib/python3.10/site-packages/airflow/example_dags/example_trigger_target_dag.py
[2024-03-02T09:40:36.086-0300] {processor.py:830} INFO - Processing file /home/victor/Área de Trabalho/airflow/venv/lib/python3.10/site-packages/airflow/example_dags/example_trigger_target_dag.py for tasks to queue
[2024-03-02T09:40:36.087-0300] {logging_mixin.py:188} INFO - [2024-03-02T09:40:36.087-0300] {dagbag.py:540} INFO - Filling up the DagBag from /home/victor/Área de Trabalho/airflow/venv/lib/python3.10/site-packages/airflow/example_dags/example_trigger_target_dag.py
[2024-03-02T09:40:36.093-0300] {processor.py:840} INFO - DAG(s) 'example_trigger_target_dag' retrieved from /home/victor/Área de Trabalho/airflow/venv/lib/python3.10/site-packages/airflow/example_dags/example_trigger_target_dag.py
[2024-03-02T09:40:36.124-0300] {logging_mixin.py:188} INFO - [2024-03-02T09:40:36.124-0300] {dag.py:3047} INFO - Sync 1 DAGs
[2024-03-02T09:40:36.136-0300] {logging_mixin.py:188} INFO - [2024-03-02T09:40:36.136-0300] {dag.py:3834} INFO - Setting next_dagrun for example_trigger_target_dag to None, run_after=None
[2024-03-02T09:40:36.157-0300] {processor.py:183} INFO - Processing /home/victor/Área de Trabalho/airflow/venv/lib/python3.10/site-packages/airflow/example_dags/example_trigger_target_dag.py took 0.075 seconds
[2024-03-02T09:41:06.775-0300] {processor.py:161} INFO - Started process (PID=12698) to work on /home/victor/Área de Trabalho/airflow/venv/lib/python3.10/site-packages/airflow/example_dags/example_trigger_target_dag.py
[2024-03-02T09:41:06.776-0300] {processor.py:830} INFO - Processing file /home/victor/Área de Trabalho/airflow/venv/lib/python3.10/site-packages/airflow/example_dags/example_trigger_target_dag.py for tasks to queue
[2024-03-02T09:41:06.777-0300] {logging_mixin.py:188} INFO - [2024-03-02T09:41:06.776-0300] {dagbag.py:540} INFO - Filling up the DagBag from /home/victor/Área de Trabalho/airflow/venv/lib/python3.10/site-packages/airflow/example_dags/example_trigger_target_dag.py
[2024-03-02T09:41:06.783-0300] {processor.py:840} INFO - DAG(s) 'example_trigger_target_dag' retrieved from /home/victor/Área de Trabalho/airflow/venv/lib/python3.10/site-packages/airflow/example_dags/example_trigger_target_dag.py
[2024-03-02T09:41:06.821-0300] {logging_mixin.py:188} INFO - [2024-03-02T09:41:06.821-0300] {dag.py:3047} INFO - Sync 1 DAGs
[2024-03-02T09:41:06.835-0300] {logging_mixin.py:188} INFO - [2024-03-02T09:41:06.835-0300] {dag.py:3834} INFO - Setting next_dagrun for example_trigger_target_dag to None, run_after=None
[2024-03-02T09:41:06.856-0300] {processor.py:183} INFO - Processing /home/victor/Área de Trabalho/airflow/venv/lib/python3.10/site-packages/airflow/example_dags/example_trigger_target_dag.py took 0.084 seconds
[2024-03-02T09:41:37.795-0300] {processor.py:161} INFO - Started process (PID=13012) to work on /home/victor/Área de Trabalho/airflow/venv/lib/python3.10/site-packages/airflow/example_dags/example_trigger_target_dag.py
[2024-03-02T09:41:37.798-0300] {processor.py:830} INFO - Processing file /home/victor/Área de Trabalho/airflow/venv/lib/python3.10/site-packages/airflow/example_dags/example_trigger_target_dag.py for tasks to queue
[2024-03-02T09:41:37.799-0300] {logging_mixin.py:188} INFO - [2024-03-02T09:41:37.799-0300] {dagbag.py:540} INFO - Filling up the DagBag from /home/victor/Área de Trabalho/airflow/venv/lib/python3.10/site-packages/airflow/example_dags/example_trigger_target_dag.py
[2024-03-02T09:41:37.804-0300] {processor.py:840} INFO - DAG(s) 'example_trigger_target_dag' retrieved from /home/victor/Área de Trabalho/airflow/venv/lib/python3.10/site-packages/airflow/example_dags/example_trigger_target_dag.py
[2024-03-02T09:41:37.837-0300] {logging_mixin.py:188} INFO - [2024-03-02T09:41:37.837-0300] {dag.py:3047} INFO - Sync 1 DAGs
[2024-03-02T09:41:37.850-0300] {logging_mixin.py:188} INFO - [2024-03-02T09:41:37.850-0300] {dag.py:3834} INFO - Setting next_dagrun for example_trigger_target_dag to None, run_after=None
[2024-03-02T09:41:37.873-0300] {processor.py:183} INFO - Processing /home/victor/Área de Trabalho/airflow/venv/lib/python3.10/site-packages/airflow/example_dags/example_trigger_target_dag.py took 0.085 seconds
[2024-03-02T09:42:08.412-0300] {processor.py:161} INFO - Started process (PID=13644) to work on /home/victor/Área de Trabalho/airflow/venv/lib/python3.10/site-packages/airflow/example_dags/example_trigger_target_dag.py
[2024-03-02T09:42:08.413-0300] {processor.py:830} INFO - Processing file /home/victor/Área de Trabalho/airflow/venv/lib/python3.10/site-packages/airflow/example_dags/example_trigger_target_dag.py for tasks to queue
[2024-03-02T09:42:08.414-0300] {logging_mixin.py:188} INFO - [2024-03-02T09:42:08.414-0300] {dagbag.py:540} INFO - Filling up the DagBag from /home/victor/Área de Trabalho/airflow/venv/lib/python3.10/site-packages/airflow/example_dags/example_trigger_target_dag.py
[2024-03-02T09:42:08.419-0300] {processor.py:840} INFO - DAG(s) 'example_trigger_target_dag' retrieved from /home/victor/Área de Trabalho/airflow/venv/lib/python3.10/site-packages/airflow/example_dags/example_trigger_target_dag.py
[2024-03-02T09:42:08.448-0300] {logging_mixin.py:188} INFO - [2024-03-02T09:42:08.448-0300] {dag.py:3047} INFO - Sync 1 DAGs
[2024-03-02T09:42:08.460-0300] {logging_mixin.py:188} INFO - [2024-03-02T09:42:08.459-0300] {dag.py:3834} INFO - Setting next_dagrun for example_trigger_target_dag to None, run_after=None
[2024-03-02T09:42:08.479-0300] {processor.py:183} INFO - Processing /home/victor/Área de Trabalho/airflow/venv/lib/python3.10/site-packages/airflow/example_dags/example_trigger_target_dag.py took 0.070 seconds
[2024-03-02T09:42:38.957-0300] {processor.py:161} INFO - Started process (PID=13953) to work on /home/victor/Área de Trabalho/airflow/venv/lib/python3.10/site-packages/airflow/example_dags/example_trigger_target_dag.py
[2024-03-02T09:42:38.958-0300] {processor.py:830} INFO - Processing file /home/victor/Área de Trabalho/airflow/venv/lib/python3.10/site-packages/airflow/example_dags/example_trigger_target_dag.py for tasks to queue
[2024-03-02T09:42:38.961-0300] {logging_mixin.py:188} INFO - [2024-03-02T09:42:38.960-0300] {dagbag.py:540} INFO - Filling up the DagBag from /home/victor/Área de Trabalho/airflow/venv/lib/python3.10/site-packages/airflow/example_dags/example_trigger_target_dag.py
[2024-03-02T09:42:38.970-0300] {processor.py:840} INFO - DAG(s) 'example_trigger_target_dag' retrieved from /home/victor/Área de Trabalho/airflow/venv/lib/python3.10/site-packages/airflow/example_dags/example_trigger_target_dag.py
[2024-03-02T09:42:39.002-0300] {logging_mixin.py:188} INFO - [2024-03-02T09:42:39.002-0300] {dag.py:3047} INFO - Sync 1 DAGs
[2024-03-02T09:42:39.015-0300] {logging_mixin.py:188} INFO - [2024-03-02T09:42:39.014-0300] {dag.py:3834} INFO - Setting next_dagrun for example_trigger_target_dag to None, run_after=None
[2024-03-02T09:42:39.034-0300] {processor.py:183} INFO - Processing /home/victor/Área de Trabalho/airflow/venv/lib/python3.10/site-packages/airflow/example_dags/example_trigger_target_dag.py took 0.081 seconds
[2024-03-02T09:43:10.557-0300] {processor.py:161} INFO - Started process (PID=14443) to work on /home/victor/Área de Trabalho/airflow/venv/lib/python3.10/site-packages/airflow/example_dags/example_trigger_target_dag.py
[2024-03-02T09:43:10.559-0300] {processor.py:830} INFO - Processing file /home/victor/Área de Trabalho/airflow/venv/lib/python3.10/site-packages/airflow/example_dags/example_trigger_target_dag.py for tasks to queue
[2024-03-02T09:43:10.560-0300] {logging_mixin.py:188} INFO - [2024-03-02T09:43:10.559-0300] {dagbag.py:540} INFO - Filling up the DagBag from /home/victor/Área de Trabalho/airflow/venv/lib/python3.10/site-packages/airflow/example_dags/example_trigger_target_dag.py
[2024-03-02T09:43:10.566-0300] {processor.py:840} INFO - DAG(s) 'example_trigger_target_dag' retrieved from /home/victor/Área de Trabalho/airflow/venv/lib/python3.10/site-packages/airflow/example_dags/example_trigger_target_dag.py
[2024-03-02T09:43:10.595-0300] {logging_mixin.py:188} INFO - [2024-03-02T09:43:10.595-0300] {dag.py:3047} INFO - Sync 1 DAGs
[2024-03-02T09:43:10.608-0300] {logging_mixin.py:188} INFO - [2024-03-02T09:43:10.608-0300] {dag.py:3834} INFO - Setting next_dagrun for example_trigger_target_dag to None, run_after=None
[2024-03-02T09:43:10.631-0300] {processor.py:183} INFO - Processing /home/victor/Área de Trabalho/airflow/venv/lib/python3.10/site-packages/airflow/example_dags/example_trigger_target_dag.py took 0.077 seconds
[2024-03-02T09:43:41.440-0300] {processor.py:161} INFO - Started process (PID=14766) to work on /home/victor/Área de Trabalho/airflow/venv/lib/python3.10/site-packages/airflow/example_dags/example_trigger_target_dag.py
[2024-03-02T09:43:41.441-0300] {processor.py:830} INFO - Processing file /home/victor/Área de Trabalho/airflow/venv/lib/python3.10/site-packages/airflow/example_dags/example_trigger_target_dag.py for tasks to queue
[2024-03-02T09:43:41.442-0300] {logging_mixin.py:188} INFO - [2024-03-02T09:43:41.442-0300] {dagbag.py:540} INFO - Filling up the DagBag from /home/victor/Área de Trabalho/airflow/venv/lib/python3.10/site-packages/airflow/example_dags/example_trigger_target_dag.py
[2024-03-02T09:43:41.447-0300] {processor.py:840} INFO - DAG(s) 'example_trigger_target_dag' retrieved from /home/victor/Área de Trabalho/airflow/venv/lib/python3.10/site-packages/airflow/example_dags/example_trigger_target_dag.py
[2024-03-02T09:43:41.478-0300] {logging_mixin.py:188} INFO - [2024-03-02T09:43:41.477-0300] {dag.py:3047} INFO - Sync 1 DAGs
[2024-03-02T09:43:41.490-0300] {logging_mixin.py:188} INFO - [2024-03-02T09:43:41.490-0300] {dag.py:3834} INFO - Setting next_dagrun for example_trigger_target_dag to None, run_after=None
[2024-03-02T09:43:41.510-0300] {processor.py:183} INFO - Processing /home/victor/Área de Trabalho/airflow/venv/lib/python3.10/site-packages/airflow/example_dags/example_trigger_target_dag.py took 0.072 seconds
[2024-03-02T09:44:12.862-0300] {processor.py:161} INFO - Started process (PID=15248) to work on /home/victor/Área de Trabalho/airflow/venv/lib/python3.10/site-packages/airflow/example_dags/example_trigger_target_dag.py
[2024-03-02T09:44:12.863-0300] {processor.py:830} INFO - Processing file /home/victor/Área de Trabalho/airflow/venv/lib/python3.10/site-packages/airflow/example_dags/example_trigger_target_dag.py for tasks to queue
[2024-03-02T09:44:12.864-0300] {logging_mixin.py:188} INFO - [2024-03-02T09:44:12.864-0300] {dagbag.py:540} INFO - Filling up the DagBag from /home/victor/Área de Trabalho/airflow/venv/lib/python3.10/site-packages/airflow/example_dags/example_trigger_target_dag.py
[2024-03-02T09:44:12.871-0300] {processor.py:840} INFO - DAG(s) 'example_trigger_target_dag' retrieved from /home/victor/Área de Trabalho/airflow/venv/lib/python3.10/site-packages/airflow/example_dags/example_trigger_target_dag.py
[2024-03-02T09:44:12.899-0300] {logging_mixin.py:188} INFO - [2024-03-02T09:44:12.898-0300] {dag.py:3047} INFO - Sync 1 DAGs
[2024-03-02T09:44:12.910-0300] {logging_mixin.py:188} INFO - [2024-03-02T09:44:12.910-0300] {dag.py:3834} INFO - Setting next_dagrun for example_trigger_target_dag to None, run_after=None
[2024-03-02T09:44:12.930-0300] {processor.py:183} INFO - Processing /home/victor/Área de Trabalho/airflow/venv/lib/python3.10/site-packages/airflow/example_dags/example_trigger_target_dag.py took 0.071 seconds
[2024-03-02T09:44:43.495-0300] {processor.py:161} INFO - Started process (PID=15571) to work on /home/victor/Área de Trabalho/airflow/venv/lib/python3.10/site-packages/airflow/example_dags/example_trigger_target_dag.py
[2024-03-02T09:44:43.496-0300] {processor.py:830} INFO - Processing file /home/victor/Área de Trabalho/airflow/venv/lib/python3.10/site-packages/airflow/example_dags/example_trigger_target_dag.py for tasks to queue
[2024-03-02T09:44:43.496-0300] {logging_mixin.py:188} INFO - [2024-03-02T09:44:43.496-0300] {dagbag.py:540} INFO - Filling up the DagBag from /home/victor/Área de Trabalho/airflow/venv/lib/python3.10/site-packages/airflow/example_dags/example_trigger_target_dag.py
[2024-03-02T09:44:43.503-0300] {processor.py:840} INFO - DAG(s) 'example_trigger_target_dag' retrieved from /home/victor/Área de Trabalho/airflow/venv/lib/python3.10/site-packages/airflow/example_dags/example_trigger_target_dag.py
[2024-03-02T09:44:43.532-0300] {logging_mixin.py:188} INFO - [2024-03-02T09:44:43.531-0300] {dag.py:3047} INFO - Sync 1 DAGs
[2024-03-02T09:44:43.547-0300] {logging_mixin.py:188} INFO - [2024-03-02T09:44:43.547-0300] {dag.py:3834} INFO - Setting next_dagrun for example_trigger_target_dag to None, run_after=None
[2024-03-02T09:44:43.571-0300] {processor.py:183} INFO - Processing /home/victor/Área de Trabalho/airflow/venv/lib/python3.10/site-packages/airflow/example_dags/example_trigger_target_dag.py took 0.079 seconds
[2024-03-02T09:45:14.254-0300] {processor.py:161} INFO - Started process (PID=16056) to work on /home/victor/Área de Trabalho/airflow/venv/lib/python3.10/site-packages/airflow/example_dags/example_trigger_target_dag.py
[2024-03-02T09:45:14.256-0300] {processor.py:830} INFO - Processing file /home/victor/Área de Trabalho/airflow/venv/lib/python3.10/site-packages/airflow/example_dags/example_trigger_target_dag.py for tasks to queue
[2024-03-02T09:45:14.257-0300] {logging_mixin.py:188} INFO - [2024-03-02T09:45:14.256-0300] {dagbag.py:540} INFO - Filling up the DagBag from /home/victor/Área de Trabalho/airflow/venv/lib/python3.10/site-packages/airflow/example_dags/example_trigger_target_dag.py
[2024-03-02T09:45:14.262-0300] {processor.py:840} INFO - DAG(s) 'example_trigger_target_dag' retrieved from /home/victor/Área de Trabalho/airflow/venv/lib/python3.10/site-packages/airflow/example_dags/example_trigger_target_dag.py
[2024-03-02T09:45:14.290-0300] {logging_mixin.py:188} INFO - [2024-03-02T09:45:14.290-0300] {dag.py:3047} INFO - Sync 1 DAGs
[2024-03-02T09:45:14.302-0300] {logging_mixin.py:188} INFO - [2024-03-02T09:45:14.302-0300] {dag.py:3834} INFO - Setting next_dagrun for example_trigger_target_dag to None, run_after=None
[2024-03-02T09:45:14.324-0300] {processor.py:183} INFO - Processing /home/victor/Área de Trabalho/airflow/venv/lib/python3.10/site-packages/airflow/example_dags/example_trigger_target_dag.py took 0.072 seconds
[2024-03-02T09:45:45.473-0300] {processor.py:161} INFO - Started process (PID=16563) to work on /home/victor/Área de Trabalho/airflow/venv/lib/python3.10/site-packages/airflow/example_dags/example_trigger_target_dag.py
[2024-03-02T09:45:45.474-0300] {processor.py:830} INFO - Processing file /home/victor/Área de Trabalho/airflow/venv/lib/python3.10/site-packages/airflow/example_dags/example_trigger_target_dag.py for tasks to queue
[2024-03-02T09:45:45.475-0300] {logging_mixin.py:188} INFO - [2024-03-02T09:45:45.474-0300] {dagbag.py:540} INFO - Filling up the DagBag from /home/victor/Área de Trabalho/airflow/venv/lib/python3.10/site-packages/airflow/example_dags/example_trigger_target_dag.py
[2024-03-02T09:45:45.480-0300] {processor.py:840} INFO - DAG(s) 'example_trigger_target_dag' retrieved from /home/victor/Área de Trabalho/airflow/venv/lib/python3.10/site-packages/airflow/example_dags/example_trigger_target_dag.py
[2024-03-02T09:45:45.507-0300] {logging_mixin.py:188} INFO - [2024-03-02T09:45:45.507-0300] {dag.py:3047} INFO - Sync 1 DAGs
[2024-03-02T09:45:45.518-0300] {logging_mixin.py:188} INFO - [2024-03-02T09:45:45.518-0300] {dag.py:3834} INFO - Setting next_dagrun for example_trigger_target_dag to None, run_after=None
[2024-03-02T09:45:45.538-0300] {processor.py:183} INFO - Processing /home/victor/Área de Trabalho/airflow/venv/lib/python3.10/site-packages/airflow/example_dags/example_trigger_target_dag.py took 0.068 seconds
[2024-03-02T09:46:16.939-0300] {processor.py:161} INFO - Started process (PID=17050) to work on /home/victor/Área de Trabalho/airflow/venv/lib/python3.10/site-packages/airflow/example_dags/example_trigger_target_dag.py
[2024-03-02T09:46:16.940-0300] {processor.py:830} INFO - Processing file /home/victor/Área de Trabalho/airflow/venv/lib/python3.10/site-packages/airflow/example_dags/example_trigger_target_dag.py for tasks to queue
[2024-03-02T09:46:16.941-0300] {logging_mixin.py:188} INFO - [2024-03-02T09:46:16.940-0300] {dagbag.py:540} INFO - Filling up the DagBag from /home/victor/Área de Trabalho/airflow/venv/lib/python3.10/site-packages/airflow/example_dags/example_trigger_target_dag.py
[2024-03-02T09:46:16.950-0300] {processor.py:840} INFO - DAG(s) 'example_trigger_target_dag' retrieved from /home/victor/Área de Trabalho/airflow/venv/lib/python3.10/site-packages/airflow/example_dags/example_trigger_target_dag.py
[2024-03-02T09:46:16.977-0300] {logging_mixin.py:188} INFO - [2024-03-02T09:46:16.977-0300] {dag.py:3047} INFO - Sync 1 DAGs
[2024-03-02T09:46:16.990-0300] {logging_mixin.py:188} INFO - [2024-03-02T09:46:16.989-0300] {dag.py:3834} INFO - Setting next_dagrun for example_trigger_target_dag to None, run_after=None
[2024-03-02T09:46:17.009-0300] {processor.py:183} INFO - Processing /home/victor/Área de Trabalho/airflow/venv/lib/python3.10/site-packages/airflow/example_dags/example_trigger_target_dag.py took 0.078 seconds
[2024-03-02T09:46:47.756-0300] {processor.py:161} INFO - Started process (PID=17372) to work on /home/victor/Área de Trabalho/airflow/venv/lib/python3.10/site-packages/airflow/example_dags/example_trigger_target_dag.py
[2024-03-02T09:46:47.758-0300] {processor.py:830} INFO - Processing file /home/victor/Área de Trabalho/airflow/venv/lib/python3.10/site-packages/airflow/example_dags/example_trigger_target_dag.py for tasks to queue
[2024-03-02T09:46:47.759-0300] {logging_mixin.py:188} INFO - [2024-03-02T09:46:47.759-0300] {dagbag.py:540} INFO - Filling up the DagBag from /home/victor/Área de Trabalho/airflow/venv/lib/python3.10/site-packages/airflow/example_dags/example_trigger_target_dag.py
[2024-03-02T09:46:47.764-0300] {processor.py:840} INFO - DAG(s) 'example_trigger_target_dag' retrieved from /home/victor/Área de Trabalho/airflow/venv/lib/python3.10/site-packages/airflow/example_dags/example_trigger_target_dag.py
[2024-03-02T09:46:47.790-0300] {logging_mixin.py:188} INFO - [2024-03-02T09:46:47.790-0300] {dag.py:3047} INFO - Sync 1 DAGs
[2024-03-02T09:46:47.802-0300] {logging_mixin.py:188} INFO - [2024-03-02T09:46:47.802-0300] {dag.py:3834} INFO - Setting next_dagrun for example_trigger_target_dag to None, run_after=None
[2024-03-02T09:46:47.823-0300] {processor.py:183} INFO - Processing /home/victor/Área de Trabalho/airflow/venv/lib/python3.10/site-packages/airflow/example_dags/example_trigger_target_dag.py took 0.071 seconds
[2024-03-02T09:47:18.358-0300] {processor.py:161} INFO - Started process (PID=18034) to work on /home/victor/Área de Trabalho/airflow/venv/lib/python3.10/site-packages/airflow/example_dags/example_trigger_target_dag.py
[2024-03-02T09:47:18.360-0300] {processor.py:830} INFO - Processing file /home/victor/Área de Trabalho/airflow/venv/lib/python3.10/site-packages/airflow/example_dags/example_trigger_target_dag.py for tasks to queue
[2024-03-02T09:47:18.374-0300] {logging_mixin.py:188} INFO - [2024-03-02T09:47:18.360-0300] {dagbag.py:540} INFO - Filling up the DagBag from /home/victor/Área de Trabalho/airflow/venv/lib/python3.10/site-packages/airflow/example_dags/example_trigger_target_dag.py
[2024-03-02T09:47:18.379-0300] {processor.py:840} INFO - DAG(s) 'example_trigger_target_dag' retrieved from /home/victor/Área de Trabalho/airflow/venv/lib/python3.10/site-packages/airflow/example_dags/example_trigger_target_dag.py
[2024-03-02T09:47:18.414-0300] {logging_mixin.py:188} INFO - [2024-03-02T09:47:18.414-0300] {dag.py:3047} INFO - Sync 1 DAGs
[2024-03-02T09:47:18.428-0300] {logging_mixin.py:188} INFO - [2024-03-02T09:47:18.427-0300] {dag.py:3834} INFO - Setting next_dagrun for example_trigger_target_dag to None, run_after=None
[2024-03-02T09:47:18.451-0300] {processor.py:183} INFO - Processing /home/victor/Área de Trabalho/airflow/venv/lib/python3.10/site-packages/airflow/example_dags/example_trigger_target_dag.py took 0.096 seconds
[2024-03-02T09:47:49.325-0300] {processor.py:161} INFO - Started process (PID=18351) to work on /home/victor/Área de Trabalho/airflow/venv/lib/python3.10/site-packages/airflow/example_dags/example_trigger_target_dag.py
[2024-03-02T09:47:49.326-0300] {processor.py:830} INFO - Processing file /home/victor/Área de Trabalho/airflow/venv/lib/python3.10/site-packages/airflow/example_dags/example_trigger_target_dag.py for tasks to queue
[2024-03-02T09:47:49.326-0300] {logging_mixin.py:188} INFO - [2024-03-02T09:47:49.326-0300] {dagbag.py:540} INFO - Filling up the DagBag from /home/victor/Área de Trabalho/airflow/venv/lib/python3.10/site-packages/airflow/example_dags/example_trigger_target_dag.py
[2024-03-02T09:47:49.331-0300] {processor.py:840} INFO - DAG(s) 'example_trigger_target_dag' retrieved from /home/victor/Área de Trabalho/airflow/venv/lib/python3.10/site-packages/airflow/example_dags/example_trigger_target_dag.py
[2024-03-02T09:47:49.358-0300] {logging_mixin.py:188} INFO - [2024-03-02T09:47:49.358-0300] {dag.py:3047} INFO - Sync 1 DAGs
[2024-03-02T09:47:49.369-0300] {logging_mixin.py:188} INFO - [2024-03-02T09:47:49.369-0300] {dag.py:3834} INFO - Setting next_dagrun for example_trigger_target_dag to None, run_after=None
[2024-03-02T09:47:49.391-0300] {processor.py:183} INFO - Processing /home/victor/Área de Trabalho/airflow/venv/lib/python3.10/site-packages/airflow/example_dags/example_trigger_target_dag.py took 0.069 seconds
[2024-03-02T09:48:19.942-0300] {processor.py:161} INFO - Started process (PID=18837) to work on /home/victor/Área de Trabalho/airflow/venv/lib/python3.10/site-packages/airflow/example_dags/example_trigger_target_dag.py
[2024-03-02T09:48:19.942-0300] {processor.py:830} INFO - Processing file /home/victor/Área de Trabalho/airflow/venv/lib/python3.10/site-packages/airflow/example_dags/example_trigger_target_dag.py for tasks to queue
[2024-03-02T09:48:19.943-0300] {logging_mixin.py:188} INFO - [2024-03-02T09:48:19.943-0300] {dagbag.py:540} INFO - Filling up the DagBag from /home/victor/Área de Trabalho/airflow/venv/lib/python3.10/site-packages/airflow/example_dags/example_trigger_target_dag.py
[2024-03-02T09:48:19.948-0300] {processor.py:840} INFO - DAG(s) 'example_trigger_target_dag' retrieved from /home/victor/Área de Trabalho/airflow/venv/lib/python3.10/site-packages/airflow/example_dags/example_trigger_target_dag.py
[2024-03-02T09:48:19.976-0300] {logging_mixin.py:188} INFO - [2024-03-02T09:48:19.976-0300] {dag.py:3047} INFO - Sync 1 DAGs
[2024-03-02T09:48:19.987-0300] {logging_mixin.py:188} INFO - [2024-03-02T09:48:19.987-0300] {dag.py:3834} INFO - Setting next_dagrun for example_trigger_target_dag to None, run_after=None
[2024-03-02T09:48:20.009-0300] {processor.py:183} INFO - Processing /home/victor/Área de Trabalho/airflow/venv/lib/python3.10/site-packages/airflow/example_dags/example_trigger_target_dag.py took 0.071 seconds
[2024-03-02T09:48:50.732-0300] {processor.py:161} INFO - Started process (PID=19180) to work on /home/victor/Área de Trabalho/airflow/venv/lib/python3.10/site-packages/airflow/example_dags/example_trigger_target_dag.py
[2024-03-02T09:48:50.733-0300] {processor.py:830} INFO - Processing file /home/victor/Área de Trabalho/airflow/venv/lib/python3.10/site-packages/airflow/example_dags/example_trigger_target_dag.py for tasks to queue
[2024-03-02T09:48:50.736-0300] {logging_mixin.py:188} INFO - [2024-03-02T09:48:50.734-0300] {dagbag.py:540} INFO - Filling up the DagBag from /home/victor/Área de Trabalho/airflow/venv/lib/python3.10/site-packages/airflow/example_dags/example_trigger_target_dag.py
[2024-03-02T09:48:50.743-0300] {processor.py:840} INFO - DAG(s) 'example_trigger_target_dag' retrieved from /home/victor/Área de Trabalho/airflow/venv/lib/python3.10/site-packages/airflow/example_dags/example_trigger_target_dag.py
[2024-03-02T09:48:50.771-0300] {logging_mixin.py:188} INFO - [2024-03-02T09:48:50.771-0300] {dag.py:3047} INFO - Sync 1 DAGs
[2024-03-02T09:48:50.783-0300] {logging_mixin.py:188} INFO - [2024-03-02T09:48:50.782-0300] {dag.py:3834} INFO - Setting next_dagrun for example_trigger_target_dag to None, run_after=None
[2024-03-02T09:48:50.800-0300] {processor.py:183} INFO - Processing /home/victor/Área de Trabalho/airflow/venv/lib/python3.10/site-packages/airflow/example_dags/example_trigger_target_dag.py took 0.071 seconds
[2024-03-02T09:49:21.476-0300] {processor.py:161} INFO - Started process (PID=19662) to work on /home/victor/Área de Trabalho/airflow/venv/lib/python3.10/site-packages/airflow/example_dags/example_trigger_target_dag.py
[2024-03-02T09:49:21.476-0300] {processor.py:830} INFO - Processing file /home/victor/Área de Trabalho/airflow/venv/lib/python3.10/site-packages/airflow/example_dags/example_trigger_target_dag.py for tasks to queue
[2024-03-02T09:49:21.477-0300] {logging_mixin.py:188} INFO - [2024-03-02T09:49:21.477-0300] {dagbag.py:540} INFO - Filling up the DagBag from /home/victor/Área de Trabalho/airflow/venv/lib/python3.10/site-packages/airflow/example_dags/example_trigger_target_dag.py
[2024-03-02T09:49:21.481-0300] {processor.py:840} INFO - DAG(s) 'example_trigger_target_dag' retrieved from /home/victor/Área de Trabalho/airflow/venv/lib/python3.10/site-packages/airflow/example_dags/example_trigger_target_dag.py
[2024-03-02T09:49:21.510-0300] {logging_mixin.py:188} INFO - [2024-03-02T09:49:21.510-0300] {dag.py:3047} INFO - Sync 1 DAGs
[2024-03-02T09:49:21.521-0300] {logging_mixin.py:188} INFO - [2024-03-02T09:49:21.521-0300] {dag.py:3834} INFO - Setting next_dagrun for example_trigger_target_dag to None, run_after=None
[2024-03-02T09:49:21.541-0300] {processor.py:183} INFO - Processing /home/victor/Área de Trabalho/airflow/venv/lib/python3.10/site-packages/airflow/example_dags/example_trigger_target_dag.py took 0.068 seconds
[2024-03-02T09:49:52.198-0300] {processor.py:161} INFO - Started process (PID=19984) to work on /home/victor/Área de Trabalho/airflow/venv/lib/python3.10/site-packages/airflow/example_dags/example_trigger_target_dag.py
[2024-03-02T09:49:52.199-0300] {processor.py:830} INFO - Processing file /home/victor/Área de Trabalho/airflow/venv/lib/python3.10/site-packages/airflow/example_dags/example_trigger_target_dag.py for tasks to queue
[2024-03-02T09:49:52.200-0300] {logging_mixin.py:188} INFO - [2024-03-02T09:49:52.200-0300] {dagbag.py:540} INFO - Filling up the DagBag from /home/victor/Área de Trabalho/airflow/venv/lib/python3.10/site-packages/airflow/example_dags/example_trigger_target_dag.py
[2024-03-02T09:49:52.205-0300] {processor.py:840} INFO - DAG(s) 'example_trigger_target_dag' retrieved from /home/victor/Área de Trabalho/airflow/venv/lib/python3.10/site-packages/airflow/example_dags/example_trigger_target_dag.py
[2024-03-02T09:49:52.234-0300] {logging_mixin.py:188} INFO - [2024-03-02T09:49:52.234-0300] {dag.py:3047} INFO - Sync 1 DAGs
[2024-03-02T09:49:52.246-0300] {logging_mixin.py:188} INFO - [2024-03-02T09:49:52.245-0300] {dag.py:3834} INFO - Setting next_dagrun for example_trigger_target_dag to None, run_after=None
[2024-03-02T09:49:52.268-0300] {processor.py:183} INFO - Processing /home/victor/Área de Trabalho/airflow/venv/lib/python3.10/site-packages/airflow/example_dags/example_trigger_target_dag.py took 0.073 seconds
[2024-03-02T09:50:22.873-0300] {processor.py:161} INFO - Started process (PID=20465) to work on /home/victor/Área de Trabalho/airflow/venv/lib/python3.10/site-packages/airflow/example_dags/example_trigger_target_dag.py
[2024-03-02T09:50:22.873-0300] {processor.py:830} INFO - Processing file /home/victor/Área de Trabalho/airflow/venv/lib/python3.10/site-packages/airflow/example_dags/example_trigger_target_dag.py for tasks to queue
[2024-03-02T09:50:22.874-0300] {logging_mixin.py:188} INFO - [2024-03-02T09:50:22.874-0300] {dagbag.py:540} INFO - Filling up the DagBag from /home/victor/Área de Trabalho/airflow/venv/lib/python3.10/site-packages/airflow/example_dags/example_trigger_target_dag.py
[2024-03-02T09:50:22.879-0300] {processor.py:840} INFO - DAG(s) 'example_trigger_target_dag' retrieved from /home/victor/Área de Trabalho/airflow/venv/lib/python3.10/site-packages/airflow/example_dags/example_trigger_target_dag.py
[2024-03-02T09:50:22.904-0300] {logging_mixin.py:188} INFO - [2024-03-02T09:50:22.904-0300] {dag.py:3047} INFO - Sync 1 DAGs
[2024-03-02T09:50:22.915-0300] {logging_mixin.py:188} INFO - [2024-03-02T09:50:22.915-0300] {dag.py:3834} INFO - Setting next_dagrun for example_trigger_target_dag to None, run_after=None
[2024-03-02T09:50:22.933-0300] {processor.py:183} INFO - Processing /home/victor/Área de Trabalho/airflow/venv/lib/python3.10/site-packages/airflow/example_dags/example_trigger_target_dag.py took 0.063 seconds
[2024-03-02T09:50:54.304-0300] {processor.py:161} INFO - Started process (PID=20823) to work on /home/victor/Área de Trabalho/airflow/venv/lib/python3.10/site-packages/airflow/example_dags/example_trigger_target_dag.py
[2024-03-02T09:50:54.305-0300] {processor.py:830} INFO - Processing file /home/victor/Área de Trabalho/airflow/venv/lib/python3.10/site-packages/airflow/example_dags/example_trigger_target_dag.py for tasks to queue
[2024-03-02T09:50:54.306-0300] {logging_mixin.py:188} INFO - [2024-03-02T09:50:54.306-0300] {dagbag.py:540} INFO - Filling up the DagBag from /home/victor/Área de Trabalho/airflow/venv/lib/python3.10/site-packages/airflow/example_dags/example_trigger_target_dag.py
[2024-03-02T09:50:54.312-0300] {processor.py:840} INFO - DAG(s) 'example_trigger_target_dag' retrieved from /home/victor/Área de Trabalho/airflow/venv/lib/python3.10/site-packages/airflow/example_dags/example_trigger_target_dag.py
[2024-03-02T09:50:54.340-0300] {logging_mixin.py:188} INFO - [2024-03-02T09:50:54.340-0300] {dag.py:3047} INFO - Sync 1 DAGs
[2024-03-02T09:50:54.352-0300] {logging_mixin.py:188} INFO - [2024-03-02T09:50:54.352-0300] {dag.py:3834} INFO - Setting next_dagrun for example_trigger_target_dag to None, run_after=None
[2024-03-02T09:50:54.372-0300] {processor.py:183} INFO - Processing /home/victor/Área de Trabalho/airflow/venv/lib/python3.10/site-packages/airflow/example_dags/example_trigger_target_dag.py took 0.071 seconds
[2024-03-02T09:51:25.012-0300] {processor.py:161} INFO - Started process (PID=21304) to work on /home/victor/Área de Trabalho/airflow/venv/lib/python3.10/site-packages/airflow/example_dags/example_trigger_target_dag.py
[2024-03-02T09:51:25.013-0300] {processor.py:830} INFO - Processing file /home/victor/Área de Trabalho/airflow/venv/lib/python3.10/site-packages/airflow/example_dags/example_trigger_target_dag.py for tasks to queue
[2024-03-02T09:51:25.014-0300] {logging_mixin.py:188} INFO - [2024-03-02T09:51:25.013-0300] {dagbag.py:540} INFO - Filling up the DagBag from /home/victor/Área de Trabalho/airflow/venv/lib/python3.10/site-packages/airflow/example_dags/example_trigger_target_dag.py
[2024-03-02T09:51:25.019-0300] {processor.py:840} INFO - DAG(s) 'example_trigger_target_dag' retrieved from /home/victor/Área de Trabalho/airflow/venv/lib/python3.10/site-packages/airflow/example_dags/example_trigger_target_dag.py
[2024-03-02T09:51:25.045-0300] {logging_mixin.py:188} INFO - [2024-03-02T09:51:25.045-0300] {dag.py:3047} INFO - Sync 1 DAGs
[2024-03-02T09:51:25.056-0300] {logging_mixin.py:188} INFO - [2024-03-02T09:51:25.056-0300] {dag.py:3834} INFO - Setting next_dagrun for example_trigger_target_dag to None, run_after=None
[2024-03-02T09:51:25.076-0300] {processor.py:183} INFO - Processing /home/victor/Área de Trabalho/airflow/venv/lib/python3.10/site-packages/airflow/example_dags/example_trigger_target_dag.py took 0.067 seconds
[2024-03-02T09:51:55.504-0300] {processor.py:161} INFO - Started process (PID=21620) to work on /home/victor/Área de Trabalho/airflow/venv/lib/python3.10/site-packages/airflow/example_dags/example_trigger_target_dag.py
[2024-03-02T09:51:55.505-0300] {processor.py:830} INFO - Processing file /home/victor/Área de Trabalho/airflow/venv/lib/python3.10/site-packages/airflow/example_dags/example_trigger_target_dag.py for tasks to queue
[2024-03-02T09:51:55.506-0300] {logging_mixin.py:188} INFO - [2024-03-02T09:51:55.506-0300] {dagbag.py:540} INFO - Filling up the DagBag from /home/victor/Área de Trabalho/airflow/venv/lib/python3.10/site-packages/airflow/example_dags/example_trigger_target_dag.py
[2024-03-02T09:51:55.510-0300] {processor.py:840} INFO - DAG(s) 'example_trigger_target_dag' retrieved from /home/victor/Área de Trabalho/airflow/venv/lib/python3.10/site-packages/airflow/example_dags/example_trigger_target_dag.py
[2024-03-02T09:51:55.537-0300] {logging_mixin.py:188} INFO - [2024-03-02T09:51:55.537-0300] {dag.py:3047} INFO - Sync 1 DAGs
[2024-03-02T09:51:55.548-0300] {logging_mixin.py:188} INFO - [2024-03-02T09:51:55.548-0300] {dag.py:3834} INFO - Setting next_dagrun for example_trigger_target_dag to None, run_after=None
[2024-03-02T09:51:55.570-0300] {processor.py:183} INFO - Processing /home/victor/Área de Trabalho/airflow/venv/lib/python3.10/site-packages/airflow/example_dags/example_trigger_target_dag.py took 0.068 seconds
[2024-03-02T09:52:25.720-0300] {processor.py:161} INFO - Started process (PID=22253) to work on /home/victor/Área de Trabalho/airflow/venv/lib/python3.10/site-packages/airflow/example_dags/example_trigger_target_dag.py
[2024-03-02T09:52:25.720-0300] {processor.py:830} INFO - Processing file /home/victor/Área de Trabalho/airflow/venv/lib/python3.10/site-packages/airflow/example_dags/example_trigger_target_dag.py for tasks to queue
[2024-03-02T09:52:25.721-0300] {logging_mixin.py:188} INFO - [2024-03-02T09:52:25.721-0300] {dagbag.py:540} INFO - Filling up the DagBag from /home/victor/Área de Trabalho/airflow/venv/lib/python3.10/site-packages/airflow/example_dags/example_trigger_target_dag.py
[2024-03-02T09:52:25.727-0300] {processor.py:840} INFO - DAG(s) 'example_trigger_target_dag' retrieved from /home/victor/Área de Trabalho/airflow/venv/lib/python3.10/site-packages/airflow/example_dags/example_trigger_target_dag.py
[2024-03-02T09:52:25.758-0300] {logging_mixin.py:188} INFO - [2024-03-02T09:52:25.757-0300] {dag.py:3047} INFO - Sync 1 DAGs
[2024-03-02T09:52:25.769-0300] {logging_mixin.py:188} INFO - [2024-03-02T09:52:25.769-0300] {dag.py:3834} INFO - Setting next_dagrun for example_trigger_target_dag to None, run_after=None
[2024-03-02T09:52:25.794-0300] {processor.py:183} INFO - Processing /home/victor/Área de Trabalho/airflow/venv/lib/python3.10/site-packages/airflow/example_dags/example_trigger_target_dag.py took 0.078 seconds
[2024-03-02T09:52:56.402-0300] {processor.py:161} INFO - Started process (PID=22576) to work on /home/victor/Área de Trabalho/airflow/venv/lib/python3.10/site-packages/airflow/example_dags/example_trigger_target_dag.py
[2024-03-02T09:52:56.403-0300] {processor.py:830} INFO - Processing file /home/victor/Área de Trabalho/airflow/venv/lib/python3.10/site-packages/airflow/example_dags/example_trigger_target_dag.py for tasks to queue
[2024-03-02T09:52:56.403-0300] {logging_mixin.py:188} INFO - [2024-03-02T09:52:56.403-0300] {dagbag.py:540} INFO - Filling up the DagBag from /home/victor/Área de Trabalho/airflow/venv/lib/python3.10/site-packages/airflow/example_dags/example_trigger_target_dag.py
[2024-03-02T09:52:56.410-0300] {processor.py:840} INFO - DAG(s) 'example_trigger_target_dag' retrieved from /home/victor/Área de Trabalho/airflow/venv/lib/python3.10/site-packages/airflow/example_dags/example_trigger_target_dag.py
[2024-03-02T09:52:56.436-0300] {logging_mixin.py:188} INFO - [2024-03-02T09:52:56.436-0300] {dag.py:3047} INFO - Sync 1 DAGs
[2024-03-02T09:52:56.450-0300] {logging_mixin.py:188} INFO - [2024-03-02T09:52:56.449-0300] {dag.py:3834} INFO - Setting next_dagrun for example_trigger_target_dag to None, run_after=None
[2024-03-02T09:52:56.468-0300] {processor.py:183} INFO - Processing /home/victor/Área de Trabalho/airflow/venv/lib/python3.10/site-packages/airflow/example_dags/example_trigger_target_dag.py took 0.069 seconds
[2024-03-02T09:53:27.037-0300] {processor.py:161} INFO - Started process (PID=23062) to work on /home/victor/Área de Trabalho/airflow/venv/lib/python3.10/site-packages/airflow/example_dags/example_trigger_target_dag.py
[2024-03-02T09:53:27.037-0300] {processor.py:830} INFO - Processing file /home/victor/Área de Trabalho/airflow/venv/lib/python3.10/site-packages/airflow/example_dags/example_trigger_target_dag.py for tasks to queue
[2024-03-02T09:53:27.038-0300] {logging_mixin.py:188} INFO - [2024-03-02T09:53:27.038-0300] {dagbag.py:540} INFO - Filling up the DagBag from /home/victor/Área de Trabalho/airflow/venv/lib/python3.10/site-packages/airflow/example_dags/example_trigger_target_dag.py
[2024-03-02T09:53:27.043-0300] {processor.py:840} INFO - DAG(s) 'example_trigger_target_dag' retrieved from /home/victor/Área de Trabalho/airflow/venv/lib/python3.10/site-packages/airflow/example_dags/example_trigger_target_dag.py
[2024-03-02T09:53:27.074-0300] {logging_mixin.py:188} INFO - [2024-03-02T09:53:27.073-0300] {dag.py:3047} INFO - Sync 1 DAGs
[2024-03-02T09:53:27.085-0300] {logging_mixin.py:188} INFO - [2024-03-02T09:53:27.085-0300] {dag.py:3834} INFO - Setting next_dagrun for example_trigger_target_dag to None, run_after=None
[2024-03-02T09:53:27.102-0300] {processor.py:183} INFO - Processing /home/victor/Área de Trabalho/airflow/venv/lib/python3.10/site-packages/airflow/example_dags/example_trigger_target_dag.py took 0.068 seconds
[2024-03-02T09:53:57.465-0300] {processor.py:161} INFO - Started process (PID=23381) to work on /home/victor/Área de Trabalho/airflow/venv/lib/python3.10/site-packages/airflow/example_dags/example_trigger_target_dag.py
[2024-03-02T09:53:57.467-0300] {processor.py:830} INFO - Processing file /home/victor/Área de Trabalho/airflow/venv/lib/python3.10/site-packages/airflow/example_dags/example_trigger_target_dag.py for tasks to queue
[2024-03-02T09:53:57.468-0300] {logging_mixin.py:188} INFO - [2024-03-02T09:53:57.467-0300] {dagbag.py:540} INFO - Filling up the DagBag from /home/victor/Área de Trabalho/airflow/venv/lib/python3.10/site-packages/airflow/example_dags/example_trigger_target_dag.py
[2024-03-02T09:53:57.473-0300] {processor.py:840} INFO - DAG(s) 'example_trigger_target_dag' retrieved from /home/victor/Área de Trabalho/airflow/venv/lib/python3.10/site-packages/airflow/example_dags/example_trigger_target_dag.py
[2024-03-02T09:53:57.500-0300] {logging_mixin.py:188} INFO - [2024-03-02T09:53:57.500-0300] {dag.py:3047} INFO - Sync 1 DAGs
[2024-03-02T09:53:57.518-0300] {logging_mixin.py:188} INFO - [2024-03-02T09:53:57.518-0300] {dag.py:3834} INFO - Setting next_dagrun for example_trigger_target_dag to None, run_after=None
[2024-03-02T09:53:57.540-0300] {processor.py:183} INFO - Processing /home/victor/Área de Trabalho/airflow/venv/lib/python3.10/site-packages/airflow/example_dags/example_trigger_target_dag.py took 0.078 seconds
[2024-03-02T09:54:28.316-0300] {processor.py:161} INFO - Started process (PID=24029) to work on /home/victor/Área de Trabalho/airflow/venv/lib/python3.10/site-packages/airflow/example_dags/example_trigger_target_dag.py
[2024-03-02T09:54:28.317-0300] {processor.py:830} INFO - Processing file /home/victor/Área de Trabalho/airflow/venv/lib/python3.10/site-packages/airflow/example_dags/example_trigger_target_dag.py for tasks to queue
[2024-03-02T09:54:28.318-0300] {logging_mixin.py:188} INFO - [2024-03-02T09:54:28.318-0300] {dagbag.py:540} INFO - Filling up the DagBag from /home/victor/Área de Trabalho/airflow/venv/lib/python3.10/site-packages/airflow/example_dags/example_trigger_target_dag.py
[2024-03-02T09:54:28.324-0300] {processor.py:840} INFO - DAG(s) 'example_trigger_target_dag' retrieved from /home/victor/Área de Trabalho/airflow/venv/lib/python3.10/site-packages/airflow/example_dags/example_trigger_target_dag.py
[2024-03-02T09:54:28.349-0300] {logging_mixin.py:188} INFO - [2024-03-02T09:54:28.349-0300] {dag.py:3047} INFO - Sync 1 DAGs
[2024-03-02T09:54:28.363-0300] {logging_mixin.py:188} INFO - [2024-03-02T09:54:28.362-0300] {dag.py:3834} INFO - Setting next_dagrun for example_trigger_target_dag to None, run_after=None
[2024-03-02T09:54:28.391-0300] {processor.py:183} INFO - Processing /home/victor/Área de Trabalho/airflow/venv/lib/python3.10/site-packages/airflow/example_dags/example_trigger_target_dag.py took 0.077 seconds
[2024-03-02T09:54:58.523-0300] {processor.py:161} INFO - Started process (PID=24429) to work on /home/victor/Área de Trabalho/airflow/venv/lib/python3.10/site-packages/airflow/example_dags/example_trigger_target_dag.py
[2024-03-02T09:54:58.524-0300] {processor.py:830} INFO - Processing file /home/victor/Área de Trabalho/airflow/venv/lib/python3.10/site-packages/airflow/example_dags/example_trigger_target_dag.py for tasks to queue
[2024-03-02T09:54:58.525-0300] {logging_mixin.py:188} INFO - [2024-03-02T09:54:58.524-0300] {dagbag.py:540} INFO - Filling up the DagBag from /home/victor/Área de Trabalho/airflow/venv/lib/python3.10/site-packages/airflow/example_dags/example_trigger_target_dag.py
[2024-03-02T09:54:58.530-0300] {processor.py:840} INFO - DAG(s) 'example_trigger_target_dag' retrieved from /home/victor/Área de Trabalho/airflow/venv/lib/python3.10/site-packages/airflow/example_dags/example_trigger_target_dag.py
[2024-03-02T09:54:58.554-0300] {logging_mixin.py:188} INFO - [2024-03-02T09:54:58.554-0300] {dag.py:3047} INFO - Sync 1 DAGs
[2024-03-02T09:54:58.566-0300] {logging_mixin.py:188} INFO - [2024-03-02T09:54:58.566-0300] {dag.py:3834} INFO - Setting next_dagrun for example_trigger_target_dag to None, run_after=None
[2024-03-02T09:54:58.584-0300] {processor.py:183} INFO - Processing /home/victor/Área de Trabalho/airflow/venv/lib/python3.10/site-packages/airflow/example_dags/example_trigger_target_dag.py took 0.063 seconds
[2024-03-02T09:55:29.058-0300] {processor.py:161} INFO - Started process (PID=25058) to work on /home/victor/Área de Trabalho/airflow/venv/lib/python3.10/site-packages/airflow/example_dags/example_trigger_target_dag.py
[2024-03-02T09:55:29.059-0300] {processor.py:830} INFO - Processing file /home/victor/Área de Trabalho/airflow/venv/lib/python3.10/site-packages/airflow/example_dags/example_trigger_target_dag.py for tasks to queue
[2024-03-02T09:55:29.060-0300] {logging_mixin.py:188} INFO - [2024-03-02T09:55:29.060-0300] {dagbag.py:540} INFO - Filling up the DagBag from /home/victor/Área de Trabalho/airflow/venv/lib/python3.10/site-packages/airflow/example_dags/example_trigger_target_dag.py
[2024-03-02T09:55:29.065-0300] {processor.py:840} INFO - DAG(s) 'example_trigger_target_dag' retrieved from /home/victor/Área de Trabalho/airflow/venv/lib/python3.10/site-packages/airflow/example_dags/example_trigger_target_dag.py
[2024-03-02T09:55:29.090-0300] {logging_mixin.py:188} INFO - [2024-03-02T09:55:29.090-0300] {dag.py:3047} INFO - Sync 1 DAGs
[2024-03-02T09:55:29.101-0300] {logging_mixin.py:188} INFO - [2024-03-02T09:55:29.101-0300] {dag.py:3834} INFO - Setting next_dagrun for example_trigger_target_dag to None, run_after=None
[2024-03-02T09:55:29.118-0300] {processor.py:183} INFO - Processing /home/victor/Área de Trabalho/airflow/venv/lib/python3.10/site-packages/airflow/example_dags/example_trigger_target_dag.py took 0.063 seconds
[2024-03-02T09:55:59.606-0300] {processor.py:161} INFO - Started process (PID=25446) to work on /home/victor/Área de Trabalho/airflow/venv/lib/python3.10/site-packages/airflow/example_dags/example_trigger_target_dag.py
[2024-03-02T09:55:59.607-0300] {processor.py:830} INFO - Processing file /home/victor/Área de Trabalho/airflow/venv/lib/python3.10/site-packages/airflow/example_dags/example_trigger_target_dag.py for tasks to queue
[2024-03-02T09:55:59.607-0300] {logging_mixin.py:188} INFO - [2024-03-02T09:55:59.607-0300] {dagbag.py:540} INFO - Filling up the DagBag from /home/victor/Área de Trabalho/airflow/venv/lib/python3.10/site-packages/airflow/example_dags/example_trigger_target_dag.py
[2024-03-02T09:55:59.612-0300] {processor.py:840} INFO - DAG(s) 'example_trigger_target_dag' retrieved from /home/victor/Área de Trabalho/airflow/venv/lib/python3.10/site-packages/airflow/example_dags/example_trigger_target_dag.py
[2024-03-02T09:55:59.639-0300] {logging_mixin.py:188} INFO - [2024-03-02T09:55:59.639-0300] {dag.py:3047} INFO - Sync 1 DAGs
[2024-03-02T09:55:59.650-0300] {logging_mixin.py:188} INFO - [2024-03-02T09:55:59.650-0300] {dag.py:3834} INFO - Setting next_dagrun for example_trigger_target_dag to None, run_after=None
[2024-03-02T09:55:59.669-0300] {processor.py:183} INFO - Processing /home/victor/Área de Trabalho/airflow/venv/lib/python3.10/site-packages/airflow/example_dags/example_trigger_target_dag.py took 0.066 seconds
[2024-03-02T09:56:29.873-0300] {processor.py:161} INFO - Started process (PID=25881) to work on /home/victor/Área de Trabalho/airflow/venv/lib/python3.10/site-packages/airflow/example_dags/example_trigger_target_dag.py
[2024-03-02T09:56:29.875-0300] {processor.py:830} INFO - Processing file /home/victor/Área de Trabalho/airflow/venv/lib/python3.10/site-packages/airflow/example_dags/example_trigger_target_dag.py for tasks to queue
[2024-03-02T09:56:29.875-0300] {logging_mixin.py:188} INFO - [2024-03-02T09:56:29.875-0300] {dagbag.py:540} INFO - Filling up the DagBag from /home/victor/Área de Trabalho/airflow/venv/lib/python3.10/site-packages/airflow/example_dags/example_trigger_target_dag.py
[2024-03-02T09:56:29.880-0300] {processor.py:840} INFO - DAG(s) 'example_trigger_target_dag' retrieved from /home/victor/Área de Trabalho/airflow/venv/lib/python3.10/site-packages/airflow/example_dags/example_trigger_target_dag.py
[2024-03-02T09:56:29.906-0300] {logging_mixin.py:188} INFO - [2024-03-02T09:56:29.906-0300] {dag.py:3047} INFO - Sync 1 DAGs
[2024-03-02T09:56:29.918-0300] {logging_mixin.py:188} INFO - [2024-03-02T09:56:29.918-0300] {dag.py:3834} INFO - Setting next_dagrun for example_trigger_target_dag to None, run_after=None
[2024-03-02T09:56:29.936-0300] {processor.py:183} INFO - Processing /home/victor/Área de Trabalho/airflow/venv/lib/python3.10/site-packages/airflow/example_dags/example_trigger_target_dag.py took 0.065 seconds
[2024-03-02T09:57:00.204-0300] {processor.py:161} INFO - Started process (PID=26364) to work on /home/victor/Área de Trabalho/airflow/venv/lib/python3.10/site-packages/airflow/example_dags/example_trigger_target_dag.py
[2024-03-02T09:57:00.205-0300] {processor.py:830} INFO - Processing file /home/victor/Área de Trabalho/airflow/venv/lib/python3.10/site-packages/airflow/example_dags/example_trigger_target_dag.py for tasks to queue
[2024-03-02T09:57:00.206-0300] {logging_mixin.py:188} INFO - [2024-03-02T09:57:00.205-0300] {dagbag.py:540} INFO - Filling up the DagBag from /home/victor/Área de Trabalho/airflow/venv/lib/python3.10/site-packages/airflow/example_dags/example_trigger_target_dag.py
[2024-03-02T09:57:00.211-0300] {processor.py:840} INFO - DAG(s) 'example_trigger_target_dag' retrieved from /home/victor/Área de Trabalho/airflow/venv/lib/python3.10/site-packages/airflow/example_dags/example_trigger_target_dag.py
[2024-03-02T09:57:00.235-0300] {logging_mixin.py:188} INFO - [2024-03-02T09:57:00.235-0300] {dag.py:3047} INFO - Sync 1 DAGs
[2024-03-02T09:57:00.245-0300] {logging_mixin.py:188} INFO - [2024-03-02T09:57:00.245-0300] {dag.py:3834} INFO - Setting next_dagrun for example_trigger_target_dag to None, run_after=None
[2024-03-02T09:57:00.263-0300] {processor.py:183} INFO - Processing /home/victor/Área de Trabalho/airflow/venv/lib/python3.10/site-packages/airflow/example_dags/example_trigger_target_dag.py took 0.062 seconds
[2024-03-02T09:57:30.800-0300] {processor.py:161} INFO - Started process (PID=26846) to work on /home/victor/Área de Trabalho/airflow/venv/lib/python3.10/site-packages/airflow/example_dags/example_trigger_target_dag.py
[2024-03-02T09:57:30.801-0300] {processor.py:830} INFO - Processing file /home/victor/Área de Trabalho/airflow/venv/lib/python3.10/site-packages/airflow/example_dags/example_trigger_target_dag.py for tasks to queue
[2024-03-02T09:57:30.802-0300] {logging_mixin.py:188} INFO - [2024-03-02T09:57:30.801-0300] {dagbag.py:540} INFO - Filling up the DagBag from /home/victor/Área de Trabalho/airflow/venv/lib/python3.10/site-packages/airflow/example_dags/example_trigger_target_dag.py
[2024-03-02T09:57:30.807-0300] {processor.py:840} INFO - DAG(s) 'example_trigger_target_dag' retrieved from /home/victor/Área de Trabalho/airflow/venv/lib/python3.10/site-packages/airflow/example_dags/example_trigger_target_dag.py
[2024-03-02T09:57:30.832-0300] {logging_mixin.py:188} INFO - [2024-03-02T09:57:30.831-0300] {dag.py:3047} INFO - Sync 1 DAGs
[2024-03-02T09:57:30.842-0300] {logging_mixin.py:188} INFO - [2024-03-02T09:57:30.842-0300] {dag.py:3834} INFO - Setting next_dagrun for example_trigger_target_dag to None, run_after=None
[2024-03-02T09:57:30.860-0300] {processor.py:183} INFO - Processing /home/victor/Área de Trabalho/airflow/venv/lib/python3.10/site-packages/airflow/example_dags/example_trigger_target_dag.py took 0.063 seconds
[2024-03-02T09:58:01.273-0300] {processor.py:161} INFO - Started process (PID=27370) to work on /home/victor/Área de Trabalho/airflow/venv/lib/python3.10/site-packages/airflow/example_dags/example_trigger_target_dag.py
[2024-03-02T09:58:01.274-0300] {processor.py:830} INFO - Processing file /home/victor/Área de Trabalho/airflow/venv/lib/python3.10/site-packages/airflow/example_dags/example_trigger_target_dag.py for tasks to queue
[2024-03-02T09:58:01.274-0300] {logging_mixin.py:188} INFO - [2024-03-02T09:58:01.274-0300] {dagbag.py:540} INFO - Filling up the DagBag from /home/victor/Área de Trabalho/airflow/venv/lib/python3.10/site-packages/airflow/example_dags/example_trigger_target_dag.py
[2024-03-02T09:58:01.280-0300] {processor.py:840} INFO - DAG(s) 'example_trigger_target_dag' retrieved from /home/victor/Área de Trabalho/airflow/venv/lib/python3.10/site-packages/airflow/example_dags/example_trigger_target_dag.py
[2024-03-02T09:58:01.311-0300] {logging_mixin.py:188} INFO - [2024-03-02T09:58:01.311-0300] {dag.py:3047} INFO - Sync 1 DAGs
[2024-03-02T09:58:01.325-0300] {logging_mixin.py:188} INFO - [2024-03-02T09:58:01.325-0300] {dag.py:3834} INFO - Setting next_dagrun for example_trigger_target_dag to None, run_after=None
[2024-03-02T09:58:01.351-0300] {processor.py:183} INFO - Processing /home/victor/Área de Trabalho/airflow/venv/lib/python3.10/site-packages/airflow/example_dags/example_trigger_target_dag.py took 0.081 seconds
[2024-03-02T09:58:31.933-0300] {processor.py:161} INFO - Started process (PID=27756) to work on /home/victor/Área de Trabalho/airflow/venv/lib/python3.10/site-packages/airflow/example_dags/example_trigger_target_dag.py
[2024-03-02T09:58:31.934-0300] {processor.py:830} INFO - Processing file /home/victor/Área de Trabalho/airflow/venv/lib/python3.10/site-packages/airflow/example_dags/example_trigger_target_dag.py for tasks to queue
[2024-03-02T09:58:31.935-0300] {logging_mixin.py:188} INFO - [2024-03-02T09:58:31.934-0300] {dagbag.py:540} INFO - Filling up the DagBag from /home/victor/Área de Trabalho/airflow/venv/lib/python3.10/site-packages/airflow/example_dags/example_trigger_target_dag.py
[2024-03-02T09:58:31.940-0300] {processor.py:840} INFO - DAG(s) 'example_trigger_target_dag' retrieved from /home/victor/Área de Trabalho/airflow/venv/lib/python3.10/site-packages/airflow/example_dags/example_trigger_target_dag.py
[2024-03-02T09:58:31.964-0300] {logging_mixin.py:188} INFO - [2024-03-02T09:58:31.964-0300] {dag.py:3047} INFO - Sync 1 DAGs
[2024-03-02T09:58:31.974-0300] {logging_mixin.py:188} INFO - [2024-03-02T09:58:31.974-0300] {dag.py:3834} INFO - Setting next_dagrun for example_trigger_target_dag to None, run_after=None
[2024-03-02T09:58:31.991-0300] {processor.py:183} INFO - Processing /home/victor/Área de Trabalho/airflow/venv/lib/python3.10/site-packages/airflow/example_dags/example_trigger_target_dag.py took 0.061 seconds
[2024-03-02T09:59:02.605-0300] {processor.py:161} INFO - Started process (PID=29281) to work on /home/victor/Área de Trabalho/airflow/venv/lib/python3.10/site-packages/airflow/example_dags/example_trigger_target_dag.py
[2024-03-02T09:59:02.607-0300] {processor.py:830} INFO - Processing file /home/victor/Área de Trabalho/airflow/venv/lib/python3.10/site-packages/airflow/example_dags/example_trigger_target_dag.py for tasks to queue
[2024-03-02T09:59:02.608-0300] {logging_mixin.py:188} INFO - [2024-03-02T09:59:02.607-0300] {dagbag.py:540} INFO - Filling up the DagBag from /home/victor/Área de Trabalho/airflow/venv/lib/python3.10/site-packages/airflow/example_dags/example_trigger_target_dag.py
[2024-03-02T09:59:02.613-0300] {processor.py:840} INFO - DAG(s) 'example_trigger_target_dag' retrieved from /home/victor/Área de Trabalho/airflow/venv/lib/python3.10/site-packages/airflow/example_dags/example_trigger_target_dag.py
[2024-03-02T09:59:02.640-0300] {logging_mixin.py:188} INFO - [2024-03-02T09:59:02.639-0300] {dag.py:3047} INFO - Sync 1 DAGs
[2024-03-02T09:59:02.652-0300] {logging_mixin.py:188} INFO - [2024-03-02T09:59:02.651-0300] {dag.py:3834} INFO - Setting next_dagrun for example_trigger_target_dag to None, run_after=None
[2024-03-02T09:59:02.673-0300] {processor.py:183} INFO - Processing /home/victor/Área de Trabalho/airflow/venv/lib/python3.10/site-packages/airflow/example_dags/example_trigger_target_dag.py took 0.071 seconds
