[2024-03-02T09:36:57.765-0300] {processor.py:161} INFO - Started process (PID=7813) to work on /home/victor/Área de Trabalho/airflow/venv/lib/python3.10/site-packages/airflow/example_dags/example_setup_teardown.py
[2024-03-02T09:36:57.766-0300] {processor.py:830} INFO - Processing file /home/victor/Área de Trabalho/airflow/venv/lib/python3.10/site-packages/airflow/example_dags/example_setup_teardown.py for tasks to queue
[2024-03-02T09:36:57.767-0300] {logging_mixin.py:188} INFO - [2024-03-02T09:36:57.767-0300] {dagbag.py:540} INFO - Filling up the DagBag from /home/victor/Área de Trabalho/airflow/venv/lib/python3.10/site-packages/airflow/example_dags/example_setup_teardown.py
[2024-03-02T09:36:57.774-0300] {processor.py:840} INFO - DAG(s) 'example_setup_teardown' retrieved from /home/victor/Área de Trabalho/airflow/venv/lib/python3.10/site-packages/airflow/example_dags/example_setup_teardown.py
[2024-03-02T09:36:57.800-0300] {logging_mixin.py:188} INFO - [2024-03-02T09:36:57.800-0300] {dag.py:3047} INFO - Sync 1 DAGs
[2024-03-02T09:36:57.826-0300] {logging_mixin.py:188} INFO - [2024-03-02T09:36:57.825-0300] {dag.py:3834} INFO - Setting next_dagrun for example_setup_teardown to 2024-03-01 00:00:00+00:00, run_after=2024-03-02 00:00:00+00:00
[2024-03-02T09:36:57.844-0300] {processor.py:183} INFO - Processing /home/victor/Área de Trabalho/airflow/venv/lib/python3.10/site-packages/airflow/example_dags/example_setup_teardown.py took 0.081 seconds
[2024-03-02T09:37:28.507-0300] {processor.py:161} INFO - Started process (PID=9237) to work on /home/victor/Área de Trabalho/airflow/venv/lib/python3.10/site-packages/airflow/example_dags/example_setup_teardown.py
[2024-03-02T09:37:28.507-0300] {processor.py:830} INFO - Processing file /home/victor/Área de Trabalho/airflow/venv/lib/python3.10/site-packages/airflow/example_dags/example_setup_teardown.py for tasks to queue
[2024-03-02T09:37:28.508-0300] {logging_mixin.py:188} INFO - [2024-03-02T09:37:28.508-0300] {dagbag.py:540} INFO - Filling up the DagBag from /home/victor/Área de Trabalho/airflow/venv/lib/python3.10/site-packages/airflow/example_dags/example_setup_teardown.py
[2024-03-02T09:37:28.514-0300] {processor.py:840} INFO - DAG(s) 'example_setup_teardown' retrieved from /home/victor/Área de Trabalho/airflow/venv/lib/python3.10/site-packages/airflow/example_dags/example_setup_teardown.py
[2024-03-02T09:37:28.618-0300] {logging_mixin.py:188} INFO - [2024-03-02T09:37:28.618-0300] {dag.py:3047} INFO - Sync 1 DAGs
[2024-03-02T09:37:28.638-0300] {logging_mixin.py:188} INFO - [2024-03-02T09:37:28.638-0300] {dag.py:3834} INFO - Setting next_dagrun for example_setup_teardown to 2024-03-01 00:00:00+00:00, run_after=2024-03-02 00:00:00+00:00
[2024-03-02T09:37:28.661-0300] {processor.py:183} INFO - Processing /home/victor/Área de Trabalho/airflow/venv/lib/python3.10/site-packages/airflow/example_dags/example_setup_teardown.py took 0.157 seconds
[2024-03-02T09:37:59.447-0300] {processor.py:161} INFO - Started process (PID=9900) to work on /home/victor/Área de Trabalho/airflow/venv/lib/python3.10/site-packages/airflow/example_dags/example_setup_teardown.py
[2024-03-02T09:37:59.448-0300] {processor.py:830} INFO - Processing file /home/victor/Área de Trabalho/airflow/venv/lib/python3.10/site-packages/airflow/example_dags/example_setup_teardown.py for tasks to queue
[2024-03-02T09:37:59.449-0300] {logging_mixin.py:188} INFO - [2024-03-02T09:37:59.449-0300] {dagbag.py:540} INFO - Filling up the DagBag from /home/victor/Área de Trabalho/airflow/venv/lib/python3.10/site-packages/airflow/example_dags/example_setup_teardown.py
[2024-03-02T09:37:59.455-0300] {processor.py:840} INFO - DAG(s) 'example_setup_teardown' retrieved from /home/victor/Área de Trabalho/airflow/venv/lib/python3.10/site-packages/airflow/example_dags/example_setup_teardown.py
[2024-03-02T09:37:59.482-0300] {logging_mixin.py:188} INFO - [2024-03-02T09:37:59.482-0300] {dag.py:3047} INFO - Sync 1 DAGs
[2024-03-02T09:37:59.504-0300] {logging_mixin.py:188} INFO - [2024-03-02T09:37:59.504-0300] {dag.py:3834} INFO - Setting next_dagrun for example_setup_teardown to 2024-03-01 00:00:00+00:00, run_after=2024-03-02 00:00:00+00:00
[2024-03-02T09:37:59.522-0300] {processor.py:183} INFO - Processing /home/victor/Área de Trabalho/airflow/venv/lib/python3.10/site-packages/airflow/example_dags/example_setup_teardown.py took 0.078 seconds
[2024-03-02T09:38:30.876-0300] {processor.py:161} INFO - Started process (PID=10219) to work on /home/victor/Área de Trabalho/airflow/venv/lib/python3.10/site-packages/airflow/example_dags/example_setup_teardown.py
[2024-03-02T09:38:30.877-0300] {processor.py:830} INFO - Processing file /home/victor/Área de Trabalho/airflow/venv/lib/python3.10/site-packages/airflow/example_dags/example_setup_teardown.py for tasks to queue
[2024-03-02T09:38:30.878-0300] {logging_mixin.py:188} INFO - [2024-03-02T09:38:30.878-0300] {dagbag.py:540} INFO - Filling up the DagBag from /home/victor/Área de Trabalho/airflow/venv/lib/python3.10/site-packages/airflow/example_dags/example_setup_teardown.py
[2024-03-02T09:38:30.883-0300] {processor.py:840} INFO - DAG(s) 'example_setup_teardown' retrieved from /home/victor/Área de Trabalho/airflow/venv/lib/python3.10/site-packages/airflow/example_dags/example_setup_teardown.py
[2024-03-02T09:38:30.909-0300] {logging_mixin.py:188} INFO - [2024-03-02T09:38:30.908-0300] {dag.py:3047} INFO - Sync 1 DAGs
[2024-03-02T09:38:30.929-0300] {logging_mixin.py:188} INFO - [2024-03-02T09:38:30.928-0300] {dag.py:3834} INFO - Setting next_dagrun for example_setup_teardown to 2024-03-01 00:00:00+00:00, run_after=2024-03-02 00:00:00+00:00
[2024-03-02T09:38:30.947-0300] {processor.py:183} INFO - Processing /home/victor/Área de Trabalho/airflow/venv/lib/python3.10/site-packages/airflow/example_dags/example_setup_teardown.py took 0.073 seconds
[2024-03-02T09:39:02.302-0300] {processor.py:161} INFO - Started process (PID=10747) to work on /home/victor/Área de Trabalho/airflow/venv/lib/python3.10/site-packages/airflow/example_dags/example_setup_teardown.py
[2024-03-02T09:39:02.303-0300] {processor.py:830} INFO - Processing file /home/victor/Área de Trabalho/airflow/venv/lib/python3.10/site-packages/airflow/example_dags/example_setup_teardown.py for tasks to queue
[2024-03-02T09:39:02.304-0300] {logging_mixin.py:188} INFO - [2024-03-02T09:39:02.304-0300] {dagbag.py:540} INFO - Filling up the DagBag from /home/victor/Área de Trabalho/airflow/venv/lib/python3.10/site-packages/airflow/example_dags/example_setup_teardown.py
[2024-03-02T09:39:02.311-0300] {processor.py:840} INFO - DAG(s) 'example_setup_teardown' retrieved from /home/victor/Área de Trabalho/airflow/venv/lib/python3.10/site-packages/airflow/example_dags/example_setup_teardown.py
[2024-03-02T09:39:02.337-0300] {logging_mixin.py:188} INFO - [2024-03-02T09:39:02.337-0300] {dag.py:3047} INFO - Sync 1 DAGs
[2024-03-02T09:39:02.358-0300] {logging_mixin.py:188} INFO - [2024-03-02T09:39:02.358-0300] {dag.py:3834} INFO - Setting next_dagrun for example_setup_teardown to 2024-03-01 00:00:00+00:00, run_after=2024-03-02 00:00:00+00:00
[2024-03-02T09:39:02.380-0300] {processor.py:183} INFO - Processing /home/victor/Área de Trabalho/airflow/venv/lib/python3.10/site-packages/airflow/example_dags/example_setup_teardown.py took 0.081 seconds
[2024-03-02T09:39:33.539-0300] {processor.py:161} INFO - Started process (PID=11371) to work on /home/victor/Área de Trabalho/airflow/venv/lib/python3.10/site-packages/airflow/example_dags/example_setup_teardown.py
[2024-03-02T09:39:33.540-0300] {processor.py:830} INFO - Processing file /home/victor/Área de Trabalho/airflow/venv/lib/python3.10/site-packages/airflow/example_dags/example_setup_teardown.py for tasks to queue
[2024-03-02T09:39:33.541-0300] {logging_mixin.py:188} INFO - [2024-03-02T09:39:33.541-0300] {dagbag.py:540} INFO - Filling up the DagBag from /home/victor/Área de Trabalho/airflow/venv/lib/python3.10/site-packages/airflow/example_dags/example_setup_teardown.py
[2024-03-02T09:39:33.547-0300] {processor.py:840} INFO - DAG(s) 'example_setup_teardown' retrieved from /home/victor/Área de Trabalho/airflow/venv/lib/python3.10/site-packages/airflow/example_dags/example_setup_teardown.py
[2024-03-02T09:39:33.573-0300] {logging_mixin.py:188} INFO - [2024-03-02T09:39:33.573-0300] {dag.py:3047} INFO - Sync 1 DAGs
[2024-03-02T09:39:33.595-0300] {logging_mixin.py:188} INFO - [2024-03-02T09:39:33.595-0300] {dag.py:3834} INFO - Setting next_dagrun for example_setup_teardown to 2024-03-01 00:00:00+00:00, run_after=2024-03-02 00:00:00+00:00
[2024-03-02T09:39:33.615-0300] {processor.py:183} INFO - Processing /home/victor/Área de Trabalho/airflow/venv/lib/python3.10/site-packages/airflow/example_dags/example_setup_teardown.py took 0.078 seconds
[2024-03-02T09:40:04.859-0300] {processor.py:161} INFO - Started process (PID=11847) to work on /home/victor/Área de Trabalho/airflow/venv/lib/python3.10/site-packages/airflow/example_dags/example_setup_teardown.py
[2024-03-02T09:40:04.860-0300] {processor.py:830} INFO - Processing file /home/victor/Área de Trabalho/airflow/venv/lib/python3.10/site-packages/airflow/example_dags/example_setup_teardown.py for tasks to queue
[2024-03-02T09:40:04.861-0300] {logging_mixin.py:188} INFO - [2024-03-02T09:40:04.861-0300] {dagbag.py:540} INFO - Filling up the DagBag from /home/victor/Área de Trabalho/airflow/venv/lib/python3.10/site-packages/airflow/example_dags/example_setup_teardown.py
[2024-03-02T09:40:04.867-0300] {processor.py:840} INFO - DAG(s) 'example_setup_teardown' retrieved from /home/victor/Área de Trabalho/airflow/venv/lib/python3.10/site-packages/airflow/example_dags/example_setup_teardown.py
[2024-03-02T09:40:04.893-0300] {logging_mixin.py:188} INFO - [2024-03-02T09:40:04.893-0300] {dag.py:3047} INFO - Sync 1 DAGs
[2024-03-02T09:40:04.915-0300] {logging_mixin.py:188} INFO - [2024-03-02T09:40:04.915-0300] {dag.py:3834} INFO - Setting next_dagrun for example_setup_teardown to 2024-03-01 00:00:00+00:00, run_after=2024-03-02 00:00:00+00:00
[2024-03-02T09:40:04.936-0300] {processor.py:183} INFO - Processing /home/victor/Área de Trabalho/airflow/venv/lib/python3.10/site-packages/airflow/example_dags/example_setup_teardown.py took 0.080 seconds
[2024-03-02T09:40:36.119-0300] {processor.py:161} INFO - Started process (PID=12226) to work on /home/victor/Área de Trabalho/airflow/venv/lib/python3.10/site-packages/airflow/example_dags/example_setup_teardown.py
[2024-03-02T09:40:36.120-0300] {processor.py:830} INFO - Processing file /home/victor/Área de Trabalho/airflow/venv/lib/python3.10/site-packages/airflow/example_dags/example_setup_teardown.py for tasks to queue
[2024-03-02T09:40:36.121-0300] {logging_mixin.py:188} INFO - [2024-03-02T09:40:36.120-0300] {dagbag.py:540} INFO - Filling up the DagBag from /home/victor/Área de Trabalho/airflow/venv/lib/python3.10/site-packages/airflow/example_dags/example_setup_teardown.py
[2024-03-02T09:40:36.127-0300] {processor.py:840} INFO - DAG(s) 'example_setup_teardown' retrieved from /home/victor/Área de Trabalho/airflow/venv/lib/python3.10/site-packages/airflow/example_dags/example_setup_teardown.py
[2024-03-02T09:40:36.159-0300] {logging_mixin.py:188} INFO - [2024-03-02T09:40:36.158-0300] {dag.py:3047} INFO - Sync 1 DAGs
[2024-03-02T09:40:36.185-0300] {logging_mixin.py:188} INFO - [2024-03-02T09:40:36.185-0300] {dag.py:3834} INFO - Setting next_dagrun for example_setup_teardown to 2024-03-01 00:00:00+00:00, run_after=2024-03-02 00:00:00+00:00
[2024-03-02T09:40:36.205-0300] {processor.py:183} INFO - Processing /home/victor/Área de Trabalho/airflow/venv/lib/python3.10/site-packages/airflow/example_dags/example_setup_teardown.py took 0.089 seconds
[2024-03-02T09:41:06.791-0300] {processor.py:161} INFO - Started process (PID=12701) to work on /home/victor/Área de Trabalho/airflow/venv/lib/python3.10/site-packages/airflow/example_dags/example_setup_teardown.py
[2024-03-02T09:41:06.793-0300] {processor.py:830} INFO - Processing file /home/victor/Área de Trabalho/airflow/venv/lib/python3.10/site-packages/airflow/example_dags/example_setup_teardown.py for tasks to queue
[2024-03-02T09:41:06.794-0300] {logging_mixin.py:188} INFO - [2024-03-02T09:41:06.794-0300] {dagbag.py:540} INFO - Filling up the DagBag from /home/victor/Área de Trabalho/airflow/venv/lib/python3.10/site-packages/airflow/example_dags/example_setup_teardown.py
[2024-03-02T09:41:06.802-0300] {processor.py:840} INFO - DAG(s) 'example_setup_teardown' retrieved from /home/victor/Área de Trabalho/airflow/venv/lib/python3.10/site-packages/airflow/example_dags/example_setup_teardown.py
[2024-03-02T09:41:06.834-0300] {logging_mixin.py:188} INFO - [2024-03-02T09:41:06.834-0300] {dag.py:3047} INFO - Sync 1 DAGs
[2024-03-02T09:41:06.858-0300] {logging_mixin.py:188} INFO - [2024-03-02T09:41:06.857-0300] {dag.py:3834} INFO - Setting next_dagrun for example_setup_teardown to 2024-03-01 00:00:00+00:00, run_after=2024-03-02 00:00:00+00:00
[2024-03-02T09:41:06.889-0300] {processor.py:183} INFO - Processing /home/victor/Área de Trabalho/airflow/venv/lib/python3.10/site-packages/airflow/example_dags/example_setup_teardown.py took 0.100 seconds
[2024-03-02T09:41:37.812-0300] {processor.py:161} INFO - Started process (PID=13016) to work on /home/victor/Área de Trabalho/airflow/venv/lib/python3.10/site-packages/airflow/example_dags/example_setup_teardown.py
[2024-03-02T09:41:37.816-0300] {processor.py:830} INFO - Processing file /home/victor/Área de Trabalho/airflow/venv/lib/python3.10/site-packages/airflow/example_dags/example_setup_teardown.py for tasks to queue
[2024-03-02T09:41:37.817-0300] {logging_mixin.py:188} INFO - [2024-03-02T09:41:37.816-0300] {dagbag.py:540} INFO - Filling up the DagBag from /home/victor/Área de Trabalho/airflow/venv/lib/python3.10/site-packages/airflow/example_dags/example_setup_teardown.py
[2024-03-02T09:41:37.824-0300] {processor.py:840} INFO - DAG(s) 'example_setup_teardown' retrieved from /home/victor/Área de Trabalho/airflow/venv/lib/python3.10/site-packages/airflow/example_dags/example_setup_teardown.py
[2024-03-02T09:41:37.852-0300] {logging_mixin.py:188} INFO - [2024-03-02T09:41:37.852-0300] {dag.py:3047} INFO - Sync 1 DAGs
[2024-03-02T09:41:37.879-0300] {logging_mixin.py:188} INFO - [2024-03-02T09:41:37.878-0300] {dag.py:3834} INFO - Setting next_dagrun for example_setup_teardown to 2024-03-01 00:00:00+00:00, run_after=2024-03-02 00:00:00+00:00
[2024-03-02T09:41:37.901-0300] {processor.py:183} INFO - Processing /home/victor/Área de Trabalho/airflow/venv/lib/python3.10/site-packages/airflow/example_dags/example_setup_teardown.py took 0.092 seconds
[2024-03-02T09:42:08.501-0300] {processor.py:161} INFO - Started process (PID=13650) to work on /home/victor/Área de Trabalho/airflow/venv/lib/python3.10/site-packages/airflow/example_dags/example_setup_teardown.py
[2024-03-02T09:42:08.502-0300] {processor.py:830} INFO - Processing file /home/victor/Área de Trabalho/airflow/venv/lib/python3.10/site-packages/airflow/example_dags/example_setup_teardown.py for tasks to queue
[2024-03-02T09:42:08.503-0300] {logging_mixin.py:188} INFO - [2024-03-02T09:42:08.503-0300] {dagbag.py:540} INFO - Filling up the DagBag from /home/victor/Área de Trabalho/airflow/venv/lib/python3.10/site-packages/airflow/example_dags/example_setup_teardown.py
[2024-03-02T09:42:08.509-0300] {processor.py:840} INFO - DAG(s) 'example_setup_teardown' retrieved from /home/victor/Área de Trabalho/airflow/venv/lib/python3.10/site-packages/airflow/example_dags/example_setup_teardown.py
[2024-03-02T09:42:08.536-0300] {logging_mixin.py:188} INFO - [2024-03-02T09:42:08.535-0300] {dag.py:3047} INFO - Sync 1 DAGs
[2024-03-02T09:42:08.557-0300] {logging_mixin.py:188} INFO - [2024-03-02T09:42:08.556-0300] {dag.py:3834} INFO - Setting next_dagrun for example_setup_teardown to 2024-03-01 00:00:00+00:00, run_after=2024-03-02 00:00:00+00:00
[2024-03-02T09:42:08.581-0300] {processor.py:183} INFO - Processing /home/victor/Área de Trabalho/airflow/venv/lib/python3.10/site-packages/airflow/example_dags/example_setup_teardown.py took 0.083 seconds
[2024-03-02T09:42:39.167-0300] {processor.py:161} INFO - Started process (PID=13968) to work on /home/victor/Área de Trabalho/airflow/venv/lib/python3.10/site-packages/airflow/example_dags/example_setup_teardown.py
[2024-03-02T09:42:39.168-0300] {processor.py:830} INFO - Processing file /home/victor/Área de Trabalho/airflow/venv/lib/python3.10/site-packages/airflow/example_dags/example_setup_teardown.py for tasks to queue
[2024-03-02T09:42:39.169-0300] {logging_mixin.py:188} INFO - [2024-03-02T09:42:39.168-0300] {dagbag.py:540} INFO - Filling up the DagBag from /home/victor/Área de Trabalho/airflow/venv/lib/python3.10/site-packages/airflow/example_dags/example_setup_teardown.py
[2024-03-02T09:42:39.175-0300] {processor.py:840} INFO - DAG(s) 'example_setup_teardown' retrieved from /home/victor/Área de Trabalho/airflow/venv/lib/python3.10/site-packages/airflow/example_dags/example_setup_teardown.py
[2024-03-02T09:42:39.205-0300] {logging_mixin.py:188} INFO - [2024-03-02T09:42:39.204-0300] {dag.py:3047} INFO - Sync 1 DAGs
[2024-03-02T09:42:39.237-0300] {logging_mixin.py:188} INFO - [2024-03-02T09:42:39.237-0300] {dag.py:3834} INFO - Setting next_dagrun for example_setup_teardown to 2024-03-01 00:00:00+00:00, run_after=2024-03-02 00:00:00+00:00
[2024-03-02T09:42:39.259-0300] {processor.py:183} INFO - Processing /home/victor/Área de Trabalho/airflow/venv/lib/python3.10/site-packages/airflow/example_dags/example_setup_teardown.py took 0.095 seconds
[2024-03-02T09:43:10.599-0300] {processor.py:161} INFO - Started process (PID=14449) to work on /home/victor/Área de Trabalho/airflow/venv/lib/python3.10/site-packages/airflow/example_dags/example_setup_teardown.py
[2024-03-02T09:43:10.600-0300] {processor.py:830} INFO - Processing file /home/victor/Área de Trabalho/airflow/venv/lib/python3.10/site-packages/airflow/example_dags/example_setup_teardown.py for tasks to queue
[2024-03-02T09:43:10.601-0300] {logging_mixin.py:188} INFO - [2024-03-02T09:43:10.600-0300] {dagbag.py:540} INFO - Filling up the DagBag from /home/victor/Área de Trabalho/airflow/venv/lib/python3.10/site-packages/airflow/example_dags/example_setup_teardown.py
[2024-03-02T09:43:10.607-0300] {processor.py:840} INFO - DAG(s) 'example_setup_teardown' retrieved from /home/victor/Área de Trabalho/airflow/venv/lib/python3.10/site-packages/airflow/example_dags/example_setup_teardown.py
[2024-03-02T09:43:10.637-0300] {logging_mixin.py:188} INFO - [2024-03-02T09:43:10.636-0300] {dag.py:3047} INFO - Sync 1 DAGs
[2024-03-02T09:43:10.660-0300] {logging_mixin.py:188} INFO - [2024-03-02T09:43:10.660-0300] {dag.py:3834} INFO - Setting next_dagrun for example_setup_teardown to 2024-03-01 00:00:00+00:00, run_after=2024-03-02 00:00:00+00:00
[2024-03-02T09:43:10.683-0300] {processor.py:183} INFO - Processing /home/victor/Área de Trabalho/airflow/venv/lib/python3.10/site-packages/airflow/example_dags/example_setup_teardown.py took 0.087 seconds
[2024-03-02T09:43:41.495-0300] {processor.py:161} INFO - Started process (PID=14772) to work on /home/victor/Área de Trabalho/airflow/venv/lib/python3.10/site-packages/airflow/example_dags/example_setup_teardown.py
[2024-03-02T09:43:41.495-0300] {processor.py:830} INFO - Processing file /home/victor/Área de Trabalho/airflow/venv/lib/python3.10/site-packages/airflow/example_dags/example_setup_teardown.py for tasks to queue
[2024-03-02T09:43:41.496-0300] {logging_mixin.py:188} INFO - [2024-03-02T09:43:41.496-0300] {dagbag.py:540} INFO - Filling up the DagBag from /home/victor/Área de Trabalho/airflow/venv/lib/python3.10/site-packages/airflow/example_dags/example_setup_teardown.py
[2024-03-02T09:43:41.502-0300] {processor.py:840} INFO - DAG(s) 'example_setup_teardown' retrieved from /home/victor/Área de Trabalho/airflow/venv/lib/python3.10/site-packages/airflow/example_dags/example_setup_teardown.py
[2024-03-02T09:43:41.530-0300] {logging_mixin.py:188} INFO - [2024-03-02T09:43:41.530-0300] {dag.py:3047} INFO - Sync 1 DAGs
[2024-03-02T09:43:41.552-0300] {logging_mixin.py:188} INFO - [2024-03-02T09:43:41.552-0300] {dag.py:3834} INFO - Setting next_dagrun for example_setup_teardown to 2024-03-01 00:00:00+00:00, run_after=2024-03-02 00:00:00+00:00
[2024-03-02T09:43:41.571-0300] {processor.py:183} INFO - Processing /home/victor/Área de Trabalho/airflow/venv/lib/python3.10/site-packages/airflow/example_dags/example_setup_teardown.py took 0.079 seconds
[2024-03-02T09:44:12.918-0300] {processor.py:161} INFO - Started process (PID=15254) to work on /home/victor/Área de Trabalho/airflow/venv/lib/python3.10/site-packages/airflow/example_dags/example_setup_teardown.py
[2024-03-02T09:44:12.919-0300] {processor.py:830} INFO - Processing file /home/victor/Área de Trabalho/airflow/venv/lib/python3.10/site-packages/airflow/example_dags/example_setup_teardown.py for tasks to queue
[2024-03-02T09:44:12.920-0300] {logging_mixin.py:188} INFO - [2024-03-02T09:44:12.920-0300] {dagbag.py:540} INFO - Filling up the DagBag from /home/victor/Área de Trabalho/airflow/venv/lib/python3.10/site-packages/airflow/example_dags/example_setup_teardown.py
[2024-03-02T09:44:12.929-0300] {processor.py:840} INFO - DAG(s) 'example_setup_teardown' retrieved from /home/victor/Área de Trabalho/airflow/venv/lib/python3.10/site-packages/airflow/example_dags/example_setup_teardown.py
[2024-03-02T09:44:12.955-0300] {logging_mixin.py:188} INFO - [2024-03-02T09:44:12.955-0300] {dag.py:3047} INFO - Sync 1 DAGs
[2024-03-02T09:44:12.978-0300] {logging_mixin.py:188} INFO - [2024-03-02T09:44:12.977-0300] {dag.py:3834} INFO - Setting next_dagrun for example_setup_teardown to 2024-03-01 00:00:00+00:00, run_after=2024-03-02 00:00:00+00:00
[2024-03-02T09:44:12.998-0300] {processor.py:183} INFO - Processing /home/victor/Área de Trabalho/airflow/venv/lib/python3.10/site-packages/airflow/example_dags/example_setup_teardown.py took 0.083 seconds
[2024-03-02T09:44:43.551-0300] {processor.py:161} INFO - Started process (PID=15577) to work on /home/victor/Área de Trabalho/airflow/venv/lib/python3.10/site-packages/airflow/example_dags/example_setup_teardown.py
[2024-03-02T09:44:43.552-0300] {processor.py:830} INFO - Processing file /home/victor/Área de Trabalho/airflow/venv/lib/python3.10/site-packages/airflow/example_dags/example_setup_teardown.py for tasks to queue
[2024-03-02T09:44:43.553-0300] {logging_mixin.py:188} INFO - [2024-03-02T09:44:43.553-0300] {dagbag.py:540} INFO - Filling up the DagBag from /home/victor/Área de Trabalho/airflow/venv/lib/python3.10/site-packages/airflow/example_dags/example_setup_teardown.py
[2024-03-02T09:44:43.560-0300] {processor.py:840} INFO - DAG(s) 'example_setup_teardown' retrieved from /home/victor/Área de Trabalho/airflow/venv/lib/python3.10/site-packages/airflow/example_dags/example_setup_teardown.py
[2024-03-02T09:44:43.592-0300] {logging_mixin.py:188} INFO - [2024-03-02T09:44:43.591-0300] {dag.py:3047} INFO - Sync 1 DAGs
[2024-03-02T09:44:43.617-0300] {logging_mixin.py:188} INFO - [2024-03-02T09:44:43.617-0300] {dag.py:3834} INFO - Setting next_dagrun for example_setup_teardown to 2024-03-01 00:00:00+00:00, run_after=2024-03-02 00:00:00+00:00
[2024-03-02T09:44:43.642-0300] {processor.py:183} INFO - Processing /home/victor/Área de Trabalho/airflow/venv/lib/python3.10/site-packages/airflow/example_dags/example_setup_teardown.py took 0.094 seconds
[2024-03-02T09:45:14.327-0300] {processor.py:161} INFO - Started process (PID=16062) to work on /home/victor/Área de Trabalho/airflow/venv/lib/python3.10/site-packages/airflow/example_dags/example_setup_teardown.py
[2024-03-02T09:45:14.329-0300] {processor.py:830} INFO - Processing file /home/victor/Área de Trabalho/airflow/venv/lib/python3.10/site-packages/airflow/example_dags/example_setup_teardown.py for tasks to queue
[2024-03-02T09:45:14.329-0300] {logging_mixin.py:188} INFO - [2024-03-02T09:45:14.329-0300] {dagbag.py:540} INFO - Filling up the DagBag from /home/victor/Área de Trabalho/airflow/venv/lib/python3.10/site-packages/airflow/example_dags/example_setup_teardown.py
[2024-03-02T09:45:14.336-0300] {processor.py:840} INFO - DAG(s) 'example_setup_teardown' retrieved from /home/victor/Área de Trabalho/airflow/venv/lib/python3.10/site-packages/airflow/example_dags/example_setup_teardown.py
[2024-03-02T09:45:14.362-0300] {logging_mixin.py:188} INFO - [2024-03-02T09:45:14.362-0300] {dag.py:3047} INFO - Sync 1 DAGs
[2024-03-02T09:45:14.388-0300] {logging_mixin.py:188} INFO - [2024-03-02T09:45:14.387-0300] {dag.py:3834} INFO - Setting next_dagrun for example_setup_teardown to 2024-03-01 00:00:00+00:00, run_after=2024-03-02 00:00:00+00:00
[2024-03-02T09:45:14.406-0300] {processor.py:183} INFO - Processing /home/victor/Área de Trabalho/airflow/venv/lib/python3.10/site-packages/airflow/example_dags/example_setup_teardown.py took 0.082 seconds
[2024-03-02T09:45:45.513-0300] {processor.py:161} INFO - Started process (PID=16569) to work on /home/victor/Área de Trabalho/airflow/venv/lib/python3.10/site-packages/airflow/example_dags/example_setup_teardown.py
[2024-03-02T09:45:45.514-0300] {processor.py:830} INFO - Processing file /home/victor/Área de Trabalho/airflow/venv/lib/python3.10/site-packages/airflow/example_dags/example_setup_teardown.py for tasks to queue
[2024-03-02T09:45:45.514-0300] {logging_mixin.py:188} INFO - [2024-03-02T09:45:45.514-0300] {dagbag.py:540} INFO - Filling up the DagBag from /home/victor/Área de Trabalho/airflow/venv/lib/python3.10/site-packages/airflow/example_dags/example_setup_teardown.py
[2024-03-02T09:45:45.520-0300] {processor.py:840} INFO - DAG(s) 'example_setup_teardown' retrieved from /home/victor/Área de Trabalho/airflow/venv/lib/python3.10/site-packages/airflow/example_dags/example_setup_teardown.py
[2024-03-02T09:45:45.547-0300] {logging_mixin.py:188} INFO - [2024-03-02T09:45:45.547-0300] {dag.py:3047} INFO - Sync 1 DAGs
[2024-03-02T09:45:45.569-0300] {logging_mixin.py:188} INFO - [2024-03-02T09:45:45.568-0300] {dag.py:3834} INFO - Setting next_dagrun for example_setup_teardown to 2024-03-01 00:00:00+00:00, run_after=2024-03-02 00:00:00+00:00
[2024-03-02T09:45:45.587-0300] {processor.py:183} INFO - Processing /home/victor/Área de Trabalho/airflow/venv/lib/python3.10/site-packages/airflow/example_dags/example_setup_teardown.py took 0.078 seconds
[2024-03-02T09:46:16.969-0300] {processor.py:161} INFO - Started process (PID=17056) to work on /home/victor/Área de Trabalho/airflow/venv/lib/python3.10/site-packages/airflow/example_dags/example_setup_teardown.py
[2024-03-02T09:46:16.970-0300] {processor.py:830} INFO - Processing file /home/victor/Área de Trabalho/airflow/venv/lib/python3.10/site-packages/airflow/example_dags/example_setup_teardown.py for tasks to queue
[2024-03-02T09:46:16.971-0300] {logging_mixin.py:188} INFO - [2024-03-02T09:46:16.970-0300] {dagbag.py:540} INFO - Filling up the DagBag from /home/victor/Área de Trabalho/airflow/venv/lib/python3.10/site-packages/airflow/example_dags/example_setup_teardown.py
[2024-03-02T09:46:16.977-0300] {processor.py:840} INFO - DAG(s) 'example_setup_teardown' retrieved from /home/victor/Área de Trabalho/airflow/venv/lib/python3.10/site-packages/airflow/example_dags/example_setup_teardown.py
[2024-03-02T09:46:17.009-0300] {logging_mixin.py:188} INFO - [2024-03-02T09:46:17.008-0300] {dag.py:3047} INFO - Sync 1 DAGs
[2024-03-02T09:46:17.037-0300] {logging_mixin.py:188} INFO - [2024-03-02T09:46:17.036-0300] {dag.py:3834} INFO - Setting next_dagrun for example_setup_teardown to 2024-03-01 00:00:00+00:00, run_after=2024-03-02 00:00:00+00:00
[2024-03-02T09:46:17.058-0300] {processor.py:183} INFO - Processing /home/victor/Área de Trabalho/airflow/venv/lib/python3.10/site-packages/airflow/example_dags/example_setup_teardown.py took 0.093 seconds
[2024-03-02T09:46:47.798-0300] {processor.py:161} INFO - Started process (PID=17378) to work on /home/victor/Área de Trabalho/airflow/venv/lib/python3.10/site-packages/airflow/example_dags/example_setup_teardown.py
[2024-03-02T09:46:47.799-0300] {processor.py:830} INFO - Processing file /home/victor/Área de Trabalho/airflow/venv/lib/python3.10/site-packages/airflow/example_dags/example_setup_teardown.py for tasks to queue
[2024-03-02T09:46:47.799-0300] {logging_mixin.py:188} INFO - [2024-03-02T09:46:47.799-0300] {dagbag.py:540} INFO - Filling up the DagBag from /home/victor/Área de Trabalho/airflow/venv/lib/python3.10/site-packages/airflow/example_dags/example_setup_teardown.py
[2024-03-02T09:46:47.805-0300] {processor.py:840} INFO - DAG(s) 'example_setup_teardown' retrieved from /home/victor/Área de Trabalho/airflow/venv/lib/python3.10/site-packages/airflow/example_dags/example_setup_teardown.py
[2024-03-02T09:46:47.836-0300] {logging_mixin.py:188} INFO - [2024-03-02T09:46:47.836-0300] {dag.py:3047} INFO - Sync 1 DAGs
[2024-03-02T09:46:47.858-0300] {logging_mixin.py:188} INFO - [2024-03-02T09:46:47.857-0300] {dag.py:3834} INFO - Setting next_dagrun for example_setup_teardown to 2024-03-01 00:00:00+00:00, run_after=2024-03-02 00:00:00+00:00
[2024-03-02T09:46:47.878-0300] {processor.py:183} INFO - Processing /home/victor/Área de Trabalho/airflow/venv/lib/python3.10/site-packages/airflow/example_dags/example_setup_teardown.py took 0.083 seconds
[2024-03-02T09:47:18.479-0300] {processor.py:161} INFO - Started process (PID=18042) to work on /home/victor/Área de Trabalho/airflow/venv/lib/python3.10/site-packages/airflow/example_dags/example_setup_teardown.py
[2024-03-02T09:47:18.480-0300] {processor.py:830} INFO - Processing file /home/victor/Área de Trabalho/airflow/venv/lib/python3.10/site-packages/airflow/example_dags/example_setup_teardown.py for tasks to queue
[2024-03-02T09:47:18.480-0300] {logging_mixin.py:188} INFO - [2024-03-02T09:47:18.480-0300] {dagbag.py:540} INFO - Filling up the DagBag from /home/victor/Área de Trabalho/airflow/venv/lib/python3.10/site-packages/airflow/example_dags/example_setup_teardown.py
[2024-03-02T09:47:18.486-0300] {processor.py:840} INFO - DAG(s) 'example_setup_teardown' retrieved from /home/victor/Área de Trabalho/airflow/venv/lib/python3.10/site-packages/airflow/example_dags/example_setup_teardown.py
[2024-03-02T09:47:18.513-0300] {logging_mixin.py:188} INFO - [2024-03-02T09:47:18.512-0300] {dag.py:3047} INFO - Sync 1 DAGs
[2024-03-02T09:47:18.533-0300] {logging_mixin.py:188} INFO - [2024-03-02T09:47:18.533-0300] {dag.py:3834} INFO - Setting next_dagrun for example_setup_teardown to 2024-03-01 00:00:00+00:00, run_after=2024-03-02 00:00:00+00:00
[2024-03-02T09:47:18.553-0300] {processor.py:183} INFO - Processing /home/victor/Área de Trabalho/airflow/venv/lib/python3.10/site-packages/airflow/example_dags/example_setup_teardown.py took 0.077 seconds
[2024-03-02T09:47:49.362-0300] {processor.py:161} INFO - Started process (PID=18357) to work on /home/victor/Área de Trabalho/airflow/venv/lib/python3.10/site-packages/airflow/example_dags/example_setup_teardown.py
[2024-03-02T09:47:49.363-0300] {processor.py:830} INFO - Processing file /home/victor/Área de Trabalho/airflow/venv/lib/python3.10/site-packages/airflow/example_dags/example_setup_teardown.py for tasks to queue
[2024-03-02T09:47:49.364-0300] {logging_mixin.py:188} INFO - [2024-03-02T09:47:49.364-0300] {dagbag.py:540} INFO - Filling up the DagBag from /home/victor/Área de Trabalho/airflow/venv/lib/python3.10/site-packages/airflow/example_dags/example_setup_teardown.py
[2024-03-02T09:47:49.370-0300] {processor.py:840} INFO - DAG(s) 'example_setup_teardown' retrieved from /home/victor/Área de Trabalho/airflow/venv/lib/python3.10/site-packages/airflow/example_dags/example_setup_teardown.py
[2024-03-02T09:47:49.400-0300] {logging_mixin.py:188} INFO - [2024-03-02T09:47:49.399-0300] {dag.py:3047} INFO - Sync 1 DAGs
[2024-03-02T09:47:49.422-0300] {logging_mixin.py:188} INFO - [2024-03-02T09:47:49.422-0300] {dag.py:3834} INFO - Setting next_dagrun for example_setup_teardown to 2024-03-01 00:00:00+00:00, run_after=2024-03-02 00:00:00+00:00
[2024-03-02T09:47:49.440-0300] {processor.py:183} INFO - Processing /home/victor/Área de Trabalho/airflow/venv/lib/python3.10/site-packages/airflow/example_dags/example_setup_teardown.py took 0.081 seconds
[2024-03-02T09:48:19.996-0300] {processor.py:161} INFO - Started process (PID=18843) to work on /home/victor/Área de Trabalho/airflow/venv/lib/python3.10/site-packages/airflow/example_dags/example_setup_teardown.py
[2024-03-02T09:48:19.997-0300] {processor.py:830} INFO - Processing file /home/victor/Área de Trabalho/airflow/venv/lib/python3.10/site-packages/airflow/example_dags/example_setup_teardown.py for tasks to queue
[2024-03-02T09:48:19.997-0300] {logging_mixin.py:188} INFO - [2024-03-02T09:48:19.997-0300] {dagbag.py:540} INFO - Filling up the DagBag from /home/victor/Área de Trabalho/airflow/venv/lib/python3.10/site-packages/airflow/example_dags/example_setup_teardown.py
[2024-03-02T09:48:20.003-0300] {processor.py:840} INFO - DAG(s) 'example_setup_teardown' retrieved from /home/victor/Área de Trabalho/airflow/venv/lib/python3.10/site-packages/airflow/example_dags/example_setup_teardown.py
[2024-03-02T09:48:20.032-0300] {logging_mixin.py:188} INFO - [2024-03-02T09:48:20.032-0300] {dag.py:3047} INFO - Sync 1 DAGs
[2024-03-02T09:48:20.053-0300] {logging_mixin.py:188} INFO - [2024-03-02T09:48:20.053-0300] {dag.py:3834} INFO - Setting next_dagrun for example_setup_teardown to 2024-03-01 00:00:00+00:00, run_after=2024-03-02 00:00:00+00:00
[2024-03-02T09:48:20.075-0300] {processor.py:183} INFO - Processing /home/victor/Área de Trabalho/airflow/venv/lib/python3.10/site-packages/airflow/example_dags/example_setup_teardown.py took 0.082 seconds
[2024-03-02T09:48:50.764-0300] {processor.py:161} INFO - Started process (PID=19186) to work on /home/victor/Área de Trabalho/airflow/venv/lib/python3.10/site-packages/airflow/example_dags/example_setup_teardown.py
[2024-03-02T09:48:50.765-0300] {processor.py:830} INFO - Processing file /home/victor/Área de Trabalho/airflow/venv/lib/python3.10/site-packages/airflow/example_dags/example_setup_teardown.py for tasks to queue
[2024-03-02T09:48:50.765-0300] {logging_mixin.py:188} INFO - [2024-03-02T09:48:50.765-0300] {dagbag.py:540} INFO - Filling up the DagBag from /home/victor/Área de Trabalho/airflow/venv/lib/python3.10/site-packages/airflow/example_dags/example_setup_teardown.py
[2024-03-02T09:48:50.772-0300] {processor.py:840} INFO - DAG(s) 'example_setup_teardown' retrieved from /home/victor/Área de Trabalho/airflow/venv/lib/python3.10/site-packages/airflow/example_dags/example_setup_teardown.py
[2024-03-02T09:48:50.799-0300] {logging_mixin.py:188} INFO - [2024-03-02T09:48:50.799-0300] {dag.py:3047} INFO - Sync 1 DAGs
[2024-03-02T09:48:50.825-0300] {logging_mixin.py:188} INFO - [2024-03-02T09:48:50.824-0300] {dag.py:3834} INFO - Setting next_dagrun for example_setup_teardown to 2024-03-01 00:00:00+00:00, run_after=2024-03-02 00:00:00+00:00
[2024-03-02T09:48:50.848-0300] {processor.py:183} INFO - Processing /home/victor/Área de Trabalho/airflow/venv/lib/python3.10/site-packages/airflow/example_dags/example_setup_teardown.py took 0.087 seconds
[2024-03-02T09:49:21.539-0300] {processor.py:161} INFO - Started process (PID=19668) to work on /home/victor/Área de Trabalho/airflow/venv/lib/python3.10/site-packages/airflow/example_dags/example_setup_teardown.py
[2024-03-02T09:49:21.539-0300] {processor.py:830} INFO - Processing file /home/victor/Área de Trabalho/airflow/venv/lib/python3.10/site-packages/airflow/example_dags/example_setup_teardown.py for tasks to queue
[2024-03-02T09:49:21.540-0300] {logging_mixin.py:188} INFO - [2024-03-02T09:49:21.540-0300] {dagbag.py:540} INFO - Filling up the DagBag from /home/victor/Área de Trabalho/airflow/venv/lib/python3.10/site-packages/airflow/example_dags/example_setup_teardown.py
[2024-03-02T09:49:21.546-0300] {processor.py:840} INFO - DAG(s) 'example_setup_teardown' retrieved from /home/victor/Área de Trabalho/airflow/venv/lib/python3.10/site-packages/airflow/example_dags/example_setup_teardown.py
[2024-03-02T09:49:21.576-0300] {logging_mixin.py:188} INFO - [2024-03-02T09:49:21.576-0300] {dag.py:3047} INFO - Sync 1 DAGs
[2024-03-02T09:49:21.597-0300] {logging_mixin.py:188} INFO - [2024-03-02T09:49:21.597-0300] {dag.py:3834} INFO - Setting next_dagrun for example_setup_teardown to 2024-03-01 00:00:00+00:00, run_after=2024-03-02 00:00:00+00:00
[2024-03-02T09:49:21.617-0300] {processor.py:183} INFO - Processing /home/victor/Área de Trabalho/airflow/venv/lib/python3.10/site-packages/airflow/example_dags/example_setup_teardown.py took 0.081 seconds
[2024-03-02T09:49:52.251-0300] {processor.py:161} INFO - Started process (PID=19990) to work on /home/victor/Área de Trabalho/airflow/venv/lib/python3.10/site-packages/airflow/example_dags/example_setup_teardown.py
[2024-03-02T09:49:52.252-0300] {processor.py:830} INFO - Processing file /home/victor/Área de Trabalho/airflow/venv/lib/python3.10/site-packages/airflow/example_dags/example_setup_teardown.py for tasks to queue
[2024-03-02T09:49:52.252-0300] {logging_mixin.py:188} INFO - [2024-03-02T09:49:52.252-0300] {dagbag.py:540} INFO - Filling up the DagBag from /home/victor/Área de Trabalho/airflow/venv/lib/python3.10/site-packages/airflow/example_dags/example_setup_teardown.py
[2024-03-02T09:49:52.258-0300] {processor.py:840} INFO - DAG(s) 'example_setup_teardown' retrieved from /home/victor/Área de Trabalho/airflow/venv/lib/python3.10/site-packages/airflow/example_dags/example_setup_teardown.py
[2024-03-02T09:49:52.288-0300] {logging_mixin.py:188} INFO - [2024-03-02T09:49:52.288-0300] {dag.py:3047} INFO - Sync 1 DAGs
[2024-03-02T09:49:52.313-0300] {logging_mixin.py:188} INFO - [2024-03-02T09:49:52.312-0300] {dag.py:3834} INFO - Setting next_dagrun for example_setup_teardown to 2024-03-01 00:00:00+00:00, run_after=2024-03-02 00:00:00+00:00
[2024-03-02T09:49:52.331-0300] {processor.py:183} INFO - Processing /home/victor/Área de Trabalho/airflow/venv/lib/python3.10/site-packages/airflow/example_dags/example_setup_teardown.py took 0.084 seconds
[2024-03-02T09:50:22.904-0300] {processor.py:161} INFO - Started process (PID=20471) to work on /home/victor/Área de Trabalho/airflow/venv/lib/python3.10/site-packages/airflow/example_dags/example_setup_teardown.py
[2024-03-02T09:50:22.905-0300] {processor.py:830} INFO - Processing file /home/victor/Área de Trabalho/airflow/venv/lib/python3.10/site-packages/airflow/example_dags/example_setup_teardown.py for tasks to queue
[2024-03-02T09:50:22.906-0300] {logging_mixin.py:188} INFO - [2024-03-02T09:50:22.905-0300] {dagbag.py:540} INFO - Filling up the DagBag from /home/victor/Área de Trabalho/airflow/venv/lib/python3.10/site-packages/airflow/example_dags/example_setup_teardown.py
[2024-03-02T09:50:22.911-0300] {processor.py:840} INFO - DAG(s) 'example_setup_teardown' retrieved from /home/victor/Área de Trabalho/airflow/venv/lib/python3.10/site-packages/airflow/example_dags/example_setup_teardown.py
[2024-03-02T09:50:22.939-0300] {logging_mixin.py:188} INFO - [2024-03-02T09:50:22.938-0300] {dag.py:3047} INFO - Sync 1 DAGs
[2024-03-02T09:50:22.959-0300] {logging_mixin.py:188} INFO - [2024-03-02T09:50:22.959-0300] {dag.py:3834} INFO - Setting next_dagrun for example_setup_teardown to 2024-03-01 00:00:00+00:00, run_after=2024-03-02 00:00:00+00:00
[2024-03-02T09:50:22.976-0300] {processor.py:183} INFO - Processing /home/victor/Área de Trabalho/airflow/venv/lib/python3.10/site-packages/airflow/example_dags/example_setup_teardown.py took 0.075 seconds
[2024-03-02T09:50:54.337-0300] {processor.py:161} INFO - Started process (PID=20829) to work on /home/victor/Área de Trabalho/airflow/venv/lib/python3.10/site-packages/airflow/example_dags/example_setup_teardown.py
[2024-03-02T09:50:54.338-0300] {processor.py:830} INFO - Processing file /home/victor/Área de Trabalho/airflow/venv/lib/python3.10/site-packages/airflow/example_dags/example_setup_teardown.py for tasks to queue
[2024-03-02T09:50:54.339-0300] {logging_mixin.py:188} INFO - [2024-03-02T09:50:54.339-0300] {dagbag.py:540} INFO - Filling up the DagBag from /home/victor/Área de Trabalho/airflow/venv/lib/python3.10/site-packages/airflow/example_dags/example_setup_teardown.py
[2024-03-02T09:50:54.344-0300] {processor.py:840} INFO - DAG(s) 'example_setup_teardown' retrieved from /home/victor/Área de Trabalho/airflow/venv/lib/python3.10/site-packages/airflow/example_dags/example_setup_teardown.py
[2024-03-02T09:50:54.375-0300] {logging_mixin.py:188} INFO - [2024-03-02T09:50:54.375-0300] {dag.py:3047} INFO - Sync 1 DAGs
[2024-03-02T09:50:54.396-0300] {logging_mixin.py:188} INFO - [2024-03-02T09:50:54.396-0300] {dag.py:3834} INFO - Setting next_dagrun for example_setup_teardown to 2024-03-01 00:00:00+00:00, run_after=2024-03-02 00:00:00+00:00
[2024-03-02T09:50:54.419-0300] {processor.py:183} INFO - Processing /home/victor/Área de Trabalho/airflow/venv/lib/python3.10/site-packages/airflow/example_dags/example_setup_teardown.py took 0.085 seconds
[2024-03-02T09:51:25.070-0300] {processor.py:161} INFO - Started process (PID=21310) to work on /home/victor/Área de Trabalho/airflow/venv/lib/python3.10/site-packages/airflow/example_dags/example_setup_teardown.py
[2024-03-02T09:51:25.071-0300] {processor.py:830} INFO - Processing file /home/victor/Área de Trabalho/airflow/venv/lib/python3.10/site-packages/airflow/example_dags/example_setup_teardown.py for tasks to queue
[2024-03-02T09:51:25.071-0300] {logging_mixin.py:188} INFO - [2024-03-02T09:51:25.071-0300] {dagbag.py:540} INFO - Filling up the DagBag from /home/victor/Área de Trabalho/airflow/venv/lib/python3.10/site-packages/airflow/example_dags/example_setup_teardown.py
[2024-03-02T09:51:25.078-0300] {processor.py:840} INFO - DAG(s) 'example_setup_teardown' retrieved from /home/victor/Área de Trabalho/airflow/venv/lib/python3.10/site-packages/airflow/example_dags/example_setup_teardown.py
[2024-03-02T09:51:25.105-0300] {logging_mixin.py:188} INFO - [2024-03-02T09:51:25.105-0300] {dag.py:3047} INFO - Sync 1 DAGs
[2024-03-02T09:51:25.127-0300] {logging_mixin.py:188} INFO - [2024-03-02T09:51:25.127-0300] {dag.py:3834} INFO - Setting next_dagrun for example_setup_teardown to 2024-03-01 00:00:00+00:00, run_after=2024-03-02 00:00:00+00:00
[2024-03-02T09:51:25.148-0300] {processor.py:183} INFO - Processing /home/victor/Área de Trabalho/airflow/venv/lib/python3.10/site-packages/airflow/example_dags/example_setup_teardown.py took 0.081 seconds
[2024-03-02T09:51:55.621-0300] {processor.py:161} INFO - Started process (PID=21630) to work on /home/victor/Área de Trabalho/airflow/venv/lib/python3.10/site-packages/airflow/example_dags/example_setup_teardown.py
[2024-03-02T09:51:55.623-0300] {processor.py:830} INFO - Processing file /home/victor/Área de Trabalho/airflow/venv/lib/python3.10/site-packages/airflow/example_dags/example_setup_teardown.py for tasks to queue
[2024-03-02T09:51:55.624-0300] {logging_mixin.py:188} INFO - [2024-03-02T09:51:55.624-0300] {dagbag.py:540} INFO - Filling up the DagBag from /home/victor/Área de Trabalho/airflow/venv/lib/python3.10/site-packages/airflow/example_dags/example_setup_teardown.py
[2024-03-02T09:51:55.631-0300] {processor.py:840} INFO - DAG(s) 'example_setup_teardown' retrieved from /home/victor/Área de Trabalho/airflow/venv/lib/python3.10/site-packages/airflow/example_dags/example_setup_teardown.py
[2024-03-02T09:51:55.658-0300] {logging_mixin.py:188} INFO - [2024-03-02T09:51:55.658-0300] {dag.py:3047} INFO - Sync 1 DAGs
[2024-03-02T09:51:55.679-0300] {logging_mixin.py:188} INFO - [2024-03-02T09:51:55.678-0300] {dag.py:3834} INFO - Setting next_dagrun for example_setup_teardown to 2024-03-01 00:00:00+00:00, run_after=2024-03-02 00:00:00+00:00
[2024-03-02T09:51:55.697-0300] {processor.py:183} INFO - Processing /home/victor/Área de Trabalho/airflow/venv/lib/python3.10/site-packages/airflow/example_dags/example_setup_teardown.py took 0.079 seconds
[2024-03-02T09:52:25.832-0300] {processor.py:161} INFO - Started process (PID=22262) to work on /home/victor/Área de Trabalho/airflow/venv/lib/python3.10/site-packages/airflow/example_dags/example_setup_teardown.py
[2024-03-02T09:52:25.833-0300] {processor.py:830} INFO - Processing file /home/victor/Área de Trabalho/airflow/venv/lib/python3.10/site-packages/airflow/example_dags/example_setup_teardown.py for tasks to queue
[2024-03-02T09:52:25.834-0300] {logging_mixin.py:188} INFO - [2024-03-02T09:52:25.834-0300] {dagbag.py:540} INFO - Filling up the DagBag from /home/victor/Área de Trabalho/airflow/venv/lib/python3.10/site-packages/airflow/example_dags/example_setup_teardown.py
[2024-03-02T09:52:25.840-0300] {processor.py:840} INFO - DAG(s) 'example_setup_teardown' retrieved from /home/victor/Área de Trabalho/airflow/venv/lib/python3.10/site-packages/airflow/example_dags/example_setup_teardown.py
[2024-03-02T09:52:25.869-0300] {logging_mixin.py:188} INFO - [2024-03-02T09:52:25.869-0300] {dag.py:3047} INFO - Sync 1 DAGs
[2024-03-02T09:52:25.892-0300] {logging_mixin.py:188} INFO - [2024-03-02T09:52:25.891-0300] {dag.py:3834} INFO - Setting next_dagrun for example_setup_teardown to 2024-03-01 00:00:00+00:00, run_after=2024-03-02 00:00:00+00:00
[2024-03-02T09:52:25.912-0300] {processor.py:183} INFO - Processing /home/victor/Área de Trabalho/airflow/venv/lib/python3.10/site-packages/airflow/example_dags/example_setup_teardown.py took 0.083 seconds
[2024-03-02T09:52:56.491-0300] {processor.py:161} INFO - Started process (PID=22585) to work on /home/victor/Área de Trabalho/airflow/venv/lib/python3.10/site-packages/airflow/example_dags/example_setup_teardown.py
[2024-03-02T09:52:56.492-0300] {processor.py:830} INFO - Processing file /home/victor/Área de Trabalho/airflow/venv/lib/python3.10/site-packages/airflow/example_dags/example_setup_teardown.py for tasks to queue
[2024-03-02T09:52:56.493-0300] {logging_mixin.py:188} INFO - [2024-03-02T09:52:56.493-0300] {dagbag.py:540} INFO - Filling up the DagBag from /home/victor/Área de Trabalho/airflow/venv/lib/python3.10/site-packages/airflow/example_dags/example_setup_teardown.py
[2024-03-02T09:52:56.500-0300] {processor.py:840} INFO - DAG(s) 'example_setup_teardown' retrieved from /home/victor/Área de Trabalho/airflow/venv/lib/python3.10/site-packages/airflow/example_dags/example_setup_teardown.py
[2024-03-02T09:52:56.528-0300] {logging_mixin.py:188} INFO - [2024-03-02T09:52:56.528-0300] {dag.py:3047} INFO - Sync 1 DAGs
[2024-03-02T09:52:56.551-0300] {logging_mixin.py:188} INFO - [2024-03-02T09:52:56.551-0300] {dag.py:3834} INFO - Setting next_dagrun for example_setup_teardown to 2024-03-01 00:00:00+00:00, run_after=2024-03-02 00:00:00+00:00
[2024-03-02T09:52:56.572-0300] {processor.py:183} INFO - Processing /home/victor/Área de Trabalho/airflow/venv/lib/python3.10/site-packages/airflow/example_dags/example_setup_teardown.py took 0.083 seconds
[2024-03-02T09:53:27.132-0300] {processor.py:161} INFO - Started process (PID=23071) to work on /home/victor/Área de Trabalho/airflow/venv/lib/python3.10/site-packages/airflow/example_dags/example_setup_teardown.py
[2024-03-02T09:53:27.132-0300] {processor.py:830} INFO - Processing file /home/victor/Área de Trabalho/airflow/venv/lib/python3.10/site-packages/airflow/example_dags/example_setup_teardown.py for tasks to queue
[2024-03-02T09:53:27.133-0300] {logging_mixin.py:188} INFO - [2024-03-02T09:53:27.133-0300] {dagbag.py:540} INFO - Filling up the DagBag from /home/victor/Área de Trabalho/airflow/venv/lib/python3.10/site-packages/airflow/example_dags/example_setup_teardown.py
[2024-03-02T09:53:27.138-0300] {processor.py:840} INFO - DAG(s) 'example_setup_teardown' retrieved from /home/victor/Área de Trabalho/airflow/venv/lib/python3.10/site-packages/airflow/example_dags/example_setup_teardown.py
[2024-03-02T09:53:27.164-0300] {logging_mixin.py:188} INFO - [2024-03-02T09:53:27.164-0300] {dag.py:3047} INFO - Sync 1 DAGs
[2024-03-02T09:53:27.185-0300] {logging_mixin.py:188} INFO - [2024-03-02T09:53:27.185-0300] {dag.py:3834} INFO - Setting next_dagrun for example_setup_teardown to 2024-03-01 00:00:00+00:00, run_after=2024-03-02 00:00:00+00:00
[2024-03-02T09:53:27.204-0300] {processor.py:183} INFO - Processing /home/victor/Área de Trabalho/airflow/venv/lib/python3.10/site-packages/airflow/example_dags/example_setup_teardown.py took 0.075 seconds
[2024-03-02T09:53:57.472-0300] {processor.py:161} INFO - Started process (PID=23384) to work on /home/victor/Área de Trabalho/airflow/venv/lib/python3.10/site-packages/airflow/example_dags/example_setup_teardown.py
[2024-03-02T09:53:57.473-0300] {processor.py:830} INFO - Processing file /home/victor/Área de Trabalho/airflow/venv/lib/python3.10/site-packages/airflow/example_dags/example_setup_teardown.py for tasks to queue
[2024-03-02T09:53:57.474-0300] {logging_mixin.py:188} INFO - [2024-03-02T09:53:57.474-0300] {dagbag.py:540} INFO - Filling up the DagBag from /home/victor/Área de Trabalho/airflow/venv/lib/python3.10/site-packages/airflow/example_dags/example_setup_teardown.py
[2024-03-02T09:53:57.480-0300] {processor.py:840} INFO - DAG(s) 'example_setup_teardown' retrieved from /home/victor/Área de Trabalho/airflow/venv/lib/python3.10/site-packages/airflow/example_dags/example_setup_teardown.py
[2024-03-02T09:53:57.511-0300] {logging_mixin.py:188} INFO - [2024-03-02T09:53:57.510-0300] {dag.py:3047} INFO - Sync 1 DAGs
[2024-03-02T09:53:57.532-0300] {logging_mixin.py:188} INFO - [2024-03-02T09:53:57.532-0300] {dag.py:3834} INFO - Setting next_dagrun for example_setup_teardown to 2024-03-01 00:00:00+00:00, run_after=2024-03-02 00:00:00+00:00
[2024-03-02T09:53:57.554-0300] {processor.py:183} INFO - Processing /home/victor/Área de Trabalho/airflow/venv/lib/python3.10/site-packages/airflow/example_dags/example_setup_teardown.py took 0.085 seconds
[2024-03-02T09:54:28.448-0300] {processor.py:161} INFO - Started process (PID=24038) to work on /home/victor/Área de Trabalho/airflow/venv/lib/python3.10/site-packages/airflow/example_dags/example_setup_teardown.py
[2024-03-02T09:54:28.451-0300] {processor.py:830} INFO - Processing file /home/victor/Área de Trabalho/airflow/venv/lib/python3.10/site-packages/airflow/example_dags/example_setup_teardown.py for tasks to queue
[2024-03-02T09:54:28.452-0300] {logging_mixin.py:188} INFO - [2024-03-02T09:54:28.451-0300] {dagbag.py:540} INFO - Filling up the DagBag from /home/victor/Área de Trabalho/airflow/venv/lib/python3.10/site-packages/airflow/example_dags/example_setup_teardown.py
[2024-03-02T09:54:28.459-0300] {processor.py:840} INFO - DAG(s) 'example_setup_teardown' retrieved from /home/victor/Área de Trabalho/airflow/venv/lib/python3.10/site-packages/airflow/example_dags/example_setup_teardown.py
[2024-03-02T09:54:28.490-0300] {logging_mixin.py:188} INFO - [2024-03-02T09:54:28.490-0300] {dag.py:3047} INFO - Sync 1 DAGs
[2024-03-02T09:54:28.515-0300] {logging_mixin.py:188} INFO - [2024-03-02T09:54:28.515-0300] {dag.py:3834} INFO - Setting next_dagrun for example_setup_teardown to 2024-03-01 00:00:00+00:00, run_after=2024-03-02 00:00:00+00:00
[2024-03-02T09:54:28.540-0300] {processor.py:183} INFO - Processing /home/victor/Área de Trabalho/airflow/venv/lib/python3.10/site-packages/airflow/example_dags/example_setup_teardown.py took 0.097 seconds
[2024-03-02T09:54:58.566-0300] {processor.py:161} INFO - Started process (PID=24469) to work on /home/victor/Área de Trabalho/airflow/venv/lib/python3.10/site-packages/airflow/example_dags/example_setup_teardown.py
[2024-03-02T09:54:58.566-0300] {processor.py:830} INFO - Processing file /home/victor/Área de Trabalho/airflow/venv/lib/python3.10/site-packages/airflow/example_dags/example_setup_teardown.py for tasks to queue
[2024-03-02T09:54:58.567-0300] {logging_mixin.py:188} INFO - [2024-03-02T09:54:58.567-0300] {dagbag.py:540} INFO - Filling up the DagBag from /home/victor/Área de Trabalho/airflow/venv/lib/python3.10/site-packages/airflow/example_dags/example_setup_teardown.py
[2024-03-02T09:54:58.573-0300] {processor.py:840} INFO - DAG(s) 'example_setup_teardown' retrieved from /home/victor/Área de Trabalho/airflow/venv/lib/python3.10/site-packages/airflow/example_dags/example_setup_teardown.py
[2024-03-02T09:54:58.598-0300] {logging_mixin.py:188} INFO - [2024-03-02T09:54:58.597-0300] {dag.py:3047} INFO - Sync 1 DAGs
[2024-03-02T09:54:58.616-0300] {logging_mixin.py:188} INFO - [2024-03-02T09:54:58.615-0300] {dag.py:3834} INFO - Setting next_dagrun for example_setup_teardown to 2024-03-01 00:00:00+00:00, run_after=2024-03-02 00:00:00+00:00
[2024-03-02T09:54:58.631-0300] {processor.py:183} INFO - Processing /home/victor/Área de Trabalho/airflow/venv/lib/python3.10/site-packages/airflow/example_dags/example_setup_teardown.py took 0.068 seconds
[2024-03-02T09:55:29.063-0300] {processor.py:161} INFO - Started process (PID=25061) to work on /home/victor/Área de Trabalho/airflow/venv/lib/python3.10/site-packages/airflow/example_dags/example_setup_teardown.py
[2024-03-02T09:55:29.064-0300] {processor.py:830} INFO - Processing file /home/victor/Área de Trabalho/airflow/venv/lib/python3.10/site-packages/airflow/example_dags/example_setup_teardown.py for tasks to queue
[2024-03-02T09:55:29.065-0300] {logging_mixin.py:188} INFO - [2024-03-02T09:55:29.064-0300] {dagbag.py:540} INFO - Filling up the DagBag from /home/victor/Área de Trabalho/airflow/venv/lib/python3.10/site-packages/airflow/example_dags/example_setup_teardown.py
[2024-03-02T09:55:29.070-0300] {processor.py:840} INFO - DAG(s) 'example_setup_teardown' retrieved from /home/victor/Área de Trabalho/airflow/venv/lib/python3.10/site-packages/airflow/example_dags/example_setup_teardown.py
[2024-03-02T09:55:29.096-0300] {logging_mixin.py:188} INFO - [2024-03-02T09:55:29.095-0300] {dag.py:3047} INFO - Sync 1 DAGs
[2024-03-02T09:55:29.114-0300] {logging_mixin.py:188} INFO - [2024-03-02T09:55:29.114-0300] {dag.py:3834} INFO - Setting next_dagrun for example_setup_teardown to 2024-03-01 00:00:00+00:00, run_after=2024-03-02 00:00:00+00:00
[2024-03-02T09:55:29.132-0300] {processor.py:183} INFO - Processing /home/victor/Área de Trabalho/airflow/venv/lib/python3.10/site-packages/airflow/example_dags/example_setup_teardown.py took 0.071 seconds
[2024-03-02T09:55:59.611-0300] {processor.py:161} INFO - Started process (PID=25449) to work on /home/victor/Área de Trabalho/airflow/venv/lib/python3.10/site-packages/airflow/example_dags/example_setup_teardown.py
[2024-03-02T09:55:59.612-0300] {processor.py:830} INFO - Processing file /home/victor/Área de Trabalho/airflow/venv/lib/python3.10/site-packages/airflow/example_dags/example_setup_teardown.py for tasks to queue
[2024-03-02T09:55:59.613-0300] {logging_mixin.py:188} INFO - [2024-03-02T09:55:59.613-0300] {dagbag.py:540} INFO - Filling up the DagBag from /home/victor/Área de Trabalho/airflow/venv/lib/python3.10/site-packages/airflow/example_dags/example_setup_teardown.py
[2024-03-02T09:55:59.619-0300] {processor.py:840} INFO - DAG(s) 'example_setup_teardown' retrieved from /home/victor/Área de Trabalho/airflow/venv/lib/python3.10/site-packages/airflow/example_dags/example_setup_teardown.py
[2024-03-02T09:55:59.647-0300] {logging_mixin.py:188} INFO - [2024-03-02T09:55:59.647-0300] {dag.py:3047} INFO - Sync 1 DAGs
[2024-03-02T09:55:59.667-0300] {logging_mixin.py:188} INFO - [2024-03-02T09:55:59.667-0300] {dag.py:3834} INFO - Setting next_dagrun for example_setup_teardown to 2024-03-01 00:00:00+00:00, run_after=2024-03-02 00:00:00+00:00
[2024-03-02T09:55:59.686-0300] {processor.py:183} INFO - Processing /home/victor/Área de Trabalho/airflow/venv/lib/python3.10/site-packages/airflow/example_dags/example_setup_teardown.py took 0.078 seconds
[2024-03-02T09:56:29.878-0300] {processor.py:161} INFO - Started process (PID=25884) to work on /home/victor/Área de Trabalho/airflow/venv/lib/python3.10/site-packages/airflow/example_dags/example_setup_teardown.py
[2024-03-02T09:56:29.879-0300] {processor.py:830} INFO - Processing file /home/victor/Área de Trabalho/airflow/venv/lib/python3.10/site-packages/airflow/example_dags/example_setup_teardown.py for tasks to queue
[2024-03-02T09:56:29.880-0300] {logging_mixin.py:188} INFO - [2024-03-02T09:56:29.879-0300] {dagbag.py:540} INFO - Filling up the DagBag from /home/victor/Área de Trabalho/airflow/venv/lib/python3.10/site-packages/airflow/example_dags/example_setup_teardown.py
[2024-03-02T09:56:29.885-0300] {processor.py:840} INFO - DAG(s) 'example_setup_teardown' retrieved from /home/victor/Área de Trabalho/airflow/venv/lib/python3.10/site-packages/airflow/example_dags/example_setup_teardown.py
[2024-03-02T09:56:29.914-0300] {logging_mixin.py:188} INFO - [2024-03-02T09:56:29.914-0300] {dag.py:3047} INFO - Sync 1 DAGs
[2024-03-02T09:56:29.935-0300] {logging_mixin.py:188} INFO - [2024-03-02T09:56:29.935-0300] {dag.py:3834} INFO - Setting next_dagrun for example_setup_teardown to 2024-03-01 00:00:00+00:00, run_after=2024-03-02 00:00:00+00:00
[2024-03-02T09:56:29.952-0300] {processor.py:183} INFO - Processing /home/victor/Área de Trabalho/airflow/venv/lib/python3.10/site-packages/airflow/example_dags/example_setup_teardown.py took 0.076 seconds
[2024-03-02T09:57:00.209-0300] {processor.py:161} INFO - Started process (PID=26367) to work on /home/victor/Área de Trabalho/airflow/venv/lib/python3.10/site-packages/airflow/example_dags/example_setup_teardown.py
[2024-03-02T09:57:00.209-0300] {processor.py:830} INFO - Processing file /home/victor/Área de Trabalho/airflow/venv/lib/python3.10/site-packages/airflow/example_dags/example_setup_teardown.py for tasks to queue
[2024-03-02T09:57:00.210-0300] {logging_mixin.py:188} INFO - [2024-03-02T09:57:00.210-0300] {dagbag.py:540} INFO - Filling up the DagBag from /home/victor/Área de Trabalho/airflow/venv/lib/python3.10/site-packages/airflow/example_dags/example_setup_teardown.py
[2024-03-02T09:57:00.216-0300] {processor.py:840} INFO - DAG(s) 'example_setup_teardown' retrieved from /home/victor/Área de Trabalho/airflow/venv/lib/python3.10/site-packages/airflow/example_dags/example_setup_teardown.py
[2024-03-02T09:57:00.240-0300] {logging_mixin.py:188} INFO - [2024-03-02T09:57:00.240-0300] {dag.py:3047} INFO - Sync 1 DAGs
[2024-03-02T09:57:00.260-0300] {logging_mixin.py:188} INFO - [2024-03-02T09:57:00.260-0300] {dag.py:3834} INFO - Setting next_dagrun for example_setup_teardown to 2024-03-01 00:00:00+00:00, run_after=2024-03-02 00:00:00+00:00
[2024-03-02T09:57:00.277-0300] {processor.py:183} INFO - Processing /home/victor/Área de Trabalho/airflow/venv/lib/python3.10/site-packages/airflow/example_dags/example_setup_teardown.py took 0.071 seconds
[2024-03-02T09:57:30.805-0300] {processor.py:161} INFO - Started process (PID=26849) to work on /home/victor/Área de Trabalho/airflow/venv/lib/python3.10/site-packages/airflow/example_dags/example_setup_teardown.py
[2024-03-02T09:57:30.806-0300] {processor.py:830} INFO - Processing file /home/victor/Área de Trabalho/airflow/venv/lib/python3.10/site-packages/airflow/example_dags/example_setup_teardown.py for tasks to queue
[2024-03-02T09:57:30.807-0300] {logging_mixin.py:188} INFO - [2024-03-02T09:57:30.806-0300] {dagbag.py:540} INFO - Filling up the DagBag from /home/victor/Área de Trabalho/airflow/venv/lib/python3.10/site-packages/airflow/example_dags/example_setup_teardown.py
[2024-03-02T09:57:30.812-0300] {processor.py:840} INFO - DAG(s) 'example_setup_teardown' retrieved from /home/victor/Área de Trabalho/airflow/venv/lib/python3.10/site-packages/airflow/example_dags/example_setup_teardown.py
[2024-03-02T09:57:30.838-0300] {logging_mixin.py:188} INFO - [2024-03-02T09:57:30.837-0300] {dag.py:3047} INFO - Sync 1 DAGs
[2024-03-02T09:57:30.860-0300] {logging_mixin.py:188} INFO - [2024-03-02T09:57:30.860-0300] {dag.py:3834} INFO - Setting next_dagrun for example_setup_teardown to 2024-03-01 00:00:00+00:00, run_after=2024-03-02 00:00:00+00:00
[2024-03-02T09:57:30.878-0300] {processor.py:183} INFO - Processing /home/victor/Área de Trabalho/airflow/venv/lib/python3.10/site-packages/airflow/example_dags/example_setup_teardown.py took 0.076 seconds
[2024-03-02T09:58:01.278-0300] {processor.py:161} INFO - Started process (PID=27373) to work on /home/victor/Área de Trabalho/airflow/venv/lib/python3.10/site-packages/airflow/example_dags/example_setup_teardown.py
[2024-03-02T09:58:01.279-0300] {processor.py:830} INFO - Processing file /home/victor/Área de Trabalho/airflow/venv/lib/python3.10/site-packages/airflow/example_dags/example_setup_teardown.py for tasks to queue
[2024-03-02T09:58:01.280-0300] {logging_mixin.py:188} INFO - [2024-03-02T09:58:01.280-0300] {dagbag.py:540} INFO - Filling up the DagBag from /home/victor/Área de Trabalho/airflow/venv/lib/python3.10/site-packages/airflow/example_dags/example_setup_teardown.py
[2024-03-02T09:58:01.287-0300] {processor.py:840} INFO - DAG(s) 'example_setup_teardown' retrieved from /home/victor/Área de Trabalho/airflow/venv/lib/python3.10/site-packages/airflow/example_dags/example_setup_teardown.py
[2024-03-02T09:58:01.315-0300] {logging_mixin.py:188} INFO - [2024-03-02T09:58:01.314-0300] {dag.py:3047} INFO - Sync 1 DAGs
[2024-03-02T09:58:01.339-0300] {logging_mixin.py:188} INFO - [2024-03-02T09:58:01.339-0300] {dag.py:3834} INFO - Setting next_dagrun for example_setup_teardown to 2024-03-01 00:00:00+00:00, run_after=2024-03-02 00:00:00+00:00
[2024-03-02T09:58:01.360-0300] {processor.py:183} INFO - Processing /home/victor/Área de Trabalho/airflow/venv/lib/python3.10/site-packages/airflow/example_dags/example_setup_teardown.py took 0.084 seconds
[2024-03-02T09:58:31.938-0300] {processor.py:161} INFO - Started process (PID=27759) to work on /home/victor/Área de Trabalho/airflow/venv/lib/python3.10/site-packages/airflow/example_dags/example_setup_teardown.py
[2024-03-02T09:58:31.939-0300] {processor.py:830} INFO - Processing file /home/victor/Área de Trabalho/airflow/venv/lib/python3.10/site-packages/airflow/example_dags/example_setup_teardown.py for tasks to queue
[2024-03-02T09:58:31.939-0300] {logging_mixin.py:188} INFO - [2024-03-02T09:58:31.939-0300] {dagbag.py:540} INFO - Filling up the DagBag from /home/victor/Área de Trabalho/airflow/venv/lib/python3.10/site-packages/airflow/example_dags/example_setup_teardown.py
[2024-03-02T09:58:31.945-0300] {processor.py:840} INFO - DAG(s) 'example_setup_teardown' retrieved from /home/victor/Área de Trabalho/airflow/venv/lib/python3.10/site-packages/airflow/example_dags/example_setup_teardown.py
[2024-03-02T09:58:31.969-0300] {logging_mixin.py:188} INFO - [2024-03-02T09:58:31.969-0300] {dag.py:3047} INFO - Sync 1 DAGs
[2024-03-02T09:58:31.988-0300] {logging_mixin.py:188} INFO - [2024-03-02T09:58:31.988-0300] {dag.py:3834} INFO - Setting next_dagrun for example_setup_teardown to 2024-03-01 00:00:00+00:00, run_after=2024-03-02 00:00:00+00:00
[2024-03-02T09:58:32.008-0300] {processor.py:183} INFO - Processing /home/victor/Área de Trabalho/airflow/venv/lib/python3.10/site-packages/airflow/example_dags/example_setup_teardown.py took 0.073 seconds
[2024-03-02T09:59:02.611-0300] {processor.py:161} INFO - Started process (PID=29284) to work on /home/victor/Área de Trabalho/airflow/venv/lib/python3.10/site-packages/airflow/example_dags/example_setup_teardown.py
[2024-03-02T09:59:02.612-0300] {processor.py:830} INFO - Processing file /home/victor/Área de Trabalho/airflow/venv/lib/python3.10/site-packages/airflow/example_dags/example_setup_teardown.py for tasks to queue
[2024-03-02T09:59:02.612-0300] {logging_mixin.py:188} INFO - [2024-03-02T09:59:02.612-0300] {dagbag.py:540} INFO - Filling up the DagBag from /home/victor/Área de Trabalho/airflow/venv/lib/python3.10/site-packages/airflow/example_dags/example_setup_teardown.py
[2024-03-02T09:59:02.618-0300] {processor.py:840} INFO - DAG(s) 'example_setup_teardown' retrieved from /home/victor/Área de Trabalho/airflow/venv/lib/python3.10/site-packages/airflow/example_dags/example_setup_teardown.py
[2024-03-02T09:59:02.645-0300] {logging_mixin.py:188} INFO - [2024-03-02T09:59:02.645-0300] {dag.py:3047} INFO - Sync 1 DAGs
[2024-03-02T09:59:02.666-0300] {logging_mixin.py:188} INFO - [2024-03-02T09:59:02.666-0300] {dag.py:3834} INFO - Setting next_dagrun for example_setup_teardown to 2024-03-01 00:00:00+00:00, run_after=2024-03-02 00:00:00+00:00
[2024-03-02T09:59:02.687-0300] {processor.py:183} INFO - Processing /home/victor/Área de Trabalho/airflow/venv/lib/python3.10/site-packages/airflow/example_dags/example_setup_teardown.py took 0.079 seconds
