[2024-03-02T09:36:59.249-0300] {processor.py:161} INFO - Started process (PID=7982) to work on /home/victor/Área de Trabalho/airflow/venv/lib/python3.10/site-packages/airflow/example_dags/example_kubernetes_executor.py
[2024-03-02T09:36:59.249-0300] {processor.py:830} INFO - Processing file /home/victor/Área de Trabalho/airflow/venv/lib/python3.10/site-packages/airflow/example_dags/example_kubernetes_executor.py for tasks to queue
[2024-03-02T09:36:59.250-0300] {logging_mixin.py:188} INFO - [2024-03-02T09:36:59.250-0300] {dagbag.py:540} INFO - Filling up the DagBag from /home/victor/Área de Trabalho/airflow/venv/lib/python3.10/site-packages/airflow/example_dags/example_kubernetes_executor.py
[2024-03-02T09:36:59.457-0300] {processor.py:840} INFO - DAG(s) 'example_kubernetes_executor' retrieved from /home/victor/Área de Trabalho/airflow/venv/lib/python3.10/site-packages/airflow/example_dags/example_kubernetes_executor.py
[2024-03-02T09:36:59.475-0300] {logging_mixin.py:188} INFO - [2024-03-02T09:36:59.474-0300] {dag.py:3047} INFO - Sync 1 DAGs
[2024-03-02T09:36:59.487-0300] {logging_mixin.py:188} INFO - [2024-03-02T09:36:59.487-0300] {dag.py:3834} INFO - Setting next_dagrun for example_kubernetes_executor to None, run_after=None
[2024-03-02T09:36:59.507-0300] {processor.py:183} INFO - Processing /home/victor/Área de Trabalho/airflow/venv/lib/python3.10/site-packages/airflow/example_dags/example_kubernetes_executor.py took 0.262 seconds
[2024-03-02T09:37:30.730-0300] {processor.py:161} INFO - Started process (PID=9393) to work on /home/victor/Área de Trabalho/airflow/venv/lib/python3.10/site-packages/airflow/example_dags/example_kubernetes_executor.py
[2024-03-02T09:37:30.731-0300] {processor.py:830} INFO - Processing file /home/victor/Área de Trabalho/airflow/venv/lib/python3.10/site-packages/airflow/example_dags/example_kubernetes_executor.py for tasks to queue
[2024-03-02T09:37:30.731-0300] {logging_mixin.py:188} INFO - [2024-03-02T09:37:30.731-0300] {dagbag.py:540} INFO - Filling up the DagBag from /home/victor/Área de Trabalho/airflow/venv/lib/python3.10/site-packages/airflow/example_dags/example_kubernetes_executor.py
[2024-03-02T09:37:30.947-0300] {processor.py:840} INFO - DAG(s) 'example_kubernetes_executor' retrieved from /home/victor/Área de Trabalho/airflow/venv/lib/python3.10/site-packages/airflow/example_dags/example_kubernetes_executor.py
[2024-03-02T09:37:30.973-0300] {logging_mixin.py:188} WARNING - /home/victor/Área de Trabalho/airflow/venv/lib/python3.10/site-packages/airflow/serialization/serialized_objects.py:1562 DeprecationWarning: This module is deprecated. The `cncf.kubernetes` provider before version 7.4.0 uses this module - you should migrate to a newer version of `cncf.kubernetes` to get rid of this warning. If you import the module via `airflow.kubernetes` import, please use `cncf.kubernetes' provider 7.4.0+ and switch all your imports to use `apache.airflow.providers.cncf.kubernetes` to get rid of the warning.
[2024-03-02T09:37:31.166-0300] {logging_mixin.py:188} INFO - [2024-03-02T09:37:31.165-0300] {dag.py:3047} INFO - Sync 1 DAGs
[2024-03-02T09:37:31.180-0300] {logging_mixin.py:188} INFO - [2024-03-02T09:37:31.179-0300] {dag.py:3834} INFO - Setting next_dagrun for example_kubernetes_executor to None, run_after=None
[2024-03-02T09:37:31.203-0300] {processor.py:183} INFO - Processing /home/victor/Área de Trabalho/airflow/venv/lib/python3.10/site-packages/airflow/example_dags/example_kubernetes_executor.py took 0.476 seconds
[2024-03-02T09:38:01.950-0300] {processor.py:161} INFO - Started process (PID=10060) to work on /home/victor/Área de Trabalho/airflow/venv/lib/python3.10/site-packages/airflow/example_dags/example_kubernetes_executor.py
[2024-03-02T09:38:01.950-0300] {processor.py:830} INFO - Processing file /home/victor/Área de Trabalho/airflow/venv/lib/python3.10/site-packages/airflow/example_dags/example_kubernetes_executor.py for tasks to queue
[2024-03-02T09:38:01.951-0300] {logging_mixin.py:188} INFO - [2024-03-02T09:38:01.951-0300] {dagbag.py:540} INFO - Filling up the DagBag from /home/victor/Área de Trabalho/airflow/venv/lib/python3.10/site-packages/airflow/example_dags/example_kubernetes_executor.py
[2024-03-02T09:38:02.136-0300] {processor.py:840} INFO - DAG(s) 'example_kubernetes_executor' retrieved from /home/victor/Área de Trabalho/airflow/venv/lib/python3.10/site-packages/airflow/example_dags/example_kubernetes_executor.py
[2024-03-02T09:38:02.159-0300] {logging_mixin.py:188} WARNING - /home/victor/Área de Trabalho/airflow/venv/lib/python3.10/site-packages/airflow/serialization/serialized_objects.py:1562 DeprecationWarning: This module is deprecated. The `cncf.kubernetes` provider before version 7.4.0 uses this module - you should migrate to a newer version of `cncf.kubernetes` to get rid of this warning. If you import the module via `airflow.kubernetes` import, please use `cncf.kubernetes' provider 7.4.0+ and switch all your imports to use `apache.airflow.providers.cncf.kubernetes` to get rid of the warning.
[2024-03-02T09:38:02.168-0300] {logging_mixin.py:188} INFO - [2024-03-02T09:38:02.168-0300] {dag.py:3047} INFO - Sync 1 DAGs
[2024-03-02T09:38:02.179-0300] {logging_mixin.py:188} INFO - [2024-03-02T09:38:02.178-0300] {dag.py:3834} INFO - Setting next_dagrun for example_kubernetes_executor to None, run_after=None
[2024-03-02T09:38:02.195-0300] {processor.py:183} INFO - Processing /home/victor/Área de Trabalho/airflow/venv/lib/python3.10/site-packages/airflow/example_dags/example_kubernetes_executor.py took 0.249 seconds
[2024-03-02T09:38:32.264-0300] {processor.py:161} INFO - Started process (PID=10372) to work on /home/victor/Área de Trabalho/airflow/venv/lib/python3.10/site-packages/airflow/example_dags/example_kubernetes_executor.py
[2024-03-02T09:38:32.265-0300] {processor.py:830} INFO - Processing file /home/victor/Área de Trabalho/airflow/venv/lib/python3.10/site-packages/airflow/example_dags/example_kubernetes_executor.py for tasks to queue
[2024-03-02T09:38:32.265-0300] {logging_mixin.py:188} INFO - [2024-03-02T09:38:32.265-0300] {dagbag.py:540} INFO - Filling up the DagBag from /home/victor/Área de Trabalho/airflow/venv/lib/python3.10/site-packages/airflow/example_dags/example_kubernetes_executor.py
[2024-03-02T09:38:32.463-0300] {processor.py:840} INFO - DAG(s) 'example_kubernetes_executor' retrieved from /home/victor/Área de Trabalho/airflow/venv/lib/python3.10/site-packages/airflow/example_dags/example_kubernetes_executor.py
[2024-03-02T09:38:32.488-0300] {logging_mixin.py:188} WARNING - /home/victor/Área de Trabalho/airflow/venv/lib/python3.10/site-packages/airflow/serialization/serialized_objects.py:1562 DeprecationWarning: This module is deprecated. The `cncf.kubernetes` provider before version 7.4.0 uses this module - you should migrate to a newer version of `cncf.kubernetes` to get rid of this warning. If you import the module via `airflow.kubernetes` import, please use `cncf.kubernetes' provider 7.4.0+ and switch all your imports to use `apache.airflow.providers.cncf.kubernetes` to get rid of the warning.
[2024-03-02T09:38:32.498-0300] {logging_mixin.py:188} INFO - [2024-03-02T09:38:32.497-0300] {dag.py:3047} INFO - Sync 1 DAGs
[2024-03-02T09:38:32.509-0300] {logging_mixin.py:188} INFO - [2024-03-02T09:38:32.509-0300] {dag.py:3834} INFO - Setting next_dagrun for example_kubernetes_executor to None, run_after=None
[2024-03-02T09:38:32.527-0300] {processor.py:183} INFO - Processing /home/victor/Área de Trabalho/airflow/venv/lib/python3.10/site-packages/airflow/example_dags/example_kubernetes_executor.py took 0.266 seconds
[2024-03-02T09:39:03.688-0300] {processor.py:161} INFO - Started process (PID=10940) to work on /home/victor/Área de Trabalho/airflow/venv/lib/python3.10/site-packages/airflow/example_dags/example_kubernetes_executor.py
[2024-03-02T09:39:03.689-0300] {processor.py:830} INFO - Processing file /home/victor/Área de Trabalho/airflow/venv/lib/python3.10/site-packages/airflow/example_dags/example_kubernetes_executor.py for tasks to queue
[2024-03-02T09:39:03.690-0300] {logging_mixin.py:188} INFO - [2024-03-02T09:39:03.690-0300] {dagbag.py:540} INFO - Filling up the DagBag from /home/victor/Área de Trabalho/airflow/venv/lib/python3.10/site-packages/airflow/example_dags/example_kubernetes_executor.py
[2024-03-02T09:39:03.893-0300] {processor.py:840} INFO - DAG(s) 'example_kubernetes_executor' retrieved from /home/victor/Área de Trabalho/airflow/venv/lib/python3.10/site-packages/airflow/example_dags/example_kubernetes_executor.py
[2024-03-02T09:39:03.918-0300] {logging_mixin.py:188} WARNING - /home/victor/Área de Trabalho/airflow/venv/lib/python3.10/site-packages/airflow/serialization/serialized_objects.py:1562 DeprecationWarning: This module is deprecated. The `cncf.kubernetes` provider before version 7.4.0 uses this module - you should migrate to a newer version of `cncf.kubernetes` to get rid of this warning. If you import the module via `airflow.kubernetes` import, please use `cncf.kubernetes' provider 7.4.0+ and switch all your imports to use `apache.airflow.providers.cncf.kubernetes` to get rid of the warning.
[2024-03-02T09:39:03.928-0300] {logging_mixin.py:188} INFO - [2024-03-02T09:39:03.928-0300] {dag.py:3047} INFO - Sync 1 DAGs
[2024-03-02T09:39:03.939-0300] {logging_mixin.py:188} INFO - [2024-03-02T09:39:03.939-0300] {dag.py:3834} INFO - Setting next_dagrun for example_kubernetes_executor to None, run_after=None
[2024-03-02T09:39:03.960-0300] {processor.py:183} INFO - Processing /home/victor/Área de Trabalho/airflow/venv/lib/python3.10/site-packages/airflow/example_dags/example_kubernetes_executor.py took 0.275 seconds
[2024-03-02T09:39:34.864-0300] {processor.py:161} INFO - Started process (PID=11529) to work on /home/victor/Área de Trabalho/airflow/venv/lib/python3.10/site-packages/airflow/example_dags/example_kubernetes_executor.py
[2024-03-02T09:39:34.865-0300] {processor.py:830} INFO - Processing file /home/victor/Área de Trabalho/airflow/venv/lib/python3.10/site-packages/airflow/example_dags/example_kubernetes_executor.py for tasks to queue
[2024-03-02T09:39:34.866-0300] {logging_mixin.py:188} INFO - [2024-03-02T09:39:34.865-0300] {dagbag.py:540} INFO - Filling up the DagBag from /home/victor/Área de Trabalho/airflow/venv/lib/python3.10/site-packages/airflow/example_dags/example_kubernetes_executor.py
[2024-03-02T09:39:35.056-0300] {processor.py:840} INFO - DAG(s) 'example_kubernetes_executor' retrieved from /home/victor/Área de Trabalho/airflow/venv/lib/python3.10/site-packages/airflow/example_dags/example_kubernetes_executor.py
[2024-03-02T09:39:35.079-0300] {logging_mixin.py:188} WARNING - /home/victor/Área de Trabalho/airflow/venv/lib/python3.10/site-packages/airflow/serialization/serialized_objects.py:1562 DeprecationWarning: This module is deprecated. The `cncf.kubernetes` provider before version 7.4.0 uses this module - you should migrate to a newer version of `cncf.kubernetes` to get rid of this warning. If you import the module via `airflow.kubernetes` import, please use `cncf.kubernetes' provider 7.4.0+ and switch all your imports to use `apache.airflow.providers.cncf.kubernetes` to get rid of the warning.
[2024-03-02T09:39:35.087-0300] {logging_mixin.py:188} INFO - [2024-03-02T09:39:35.087-0300] {dag.py:3047} INFO - Sync 1 DAGs
[2024-03-02T09:39:35.097-0300] {logging_mixin.py:188} INFO - [2024-03-02T09:39:35.097-0300] {dag.py:3834} INFO - Setting next_dagrun for example_kubernetes_executor to None, run_after=None
[2024-03-02T09:39:35.114-0300] {processor.py:183} INFO - Processing /home/victor/Área de Trabalho/airflow/venv/lib/python3.10/site-packages/airflow/example_dags/example_kubernetes_executor.py took 0.253 seconds
[2024-03-02T09:40:06.168-0300] {processor.py:161} INFO - Started process (PID=12006) to work on /home/victor/Área de Trabalho/airflow/venv/lib/python3.10/site-packages/airflow/example_dags/example_kubernetes_executor.py
[2024-03-02T09:40:06.169-0300] {processor.py:830} INFO - Processing file /home/victor/Área de Trabalho/airflow/venv/lib/python3.10/site-packages/airflow/example_dags/example_kubernetes_executor.py for tasks to queue
[2024-03-02T09:40:06.170-0300] {logging_mixin.py:188} INFO - [2024-03-02T09:40:06.170-0300] {dagbag.py:540} INFO - Filling up the DagBag from /home/victor/Área de Trabalho/airflow/venv/lib/python3.10/site-packages/airflow/example_dags/example_kubernetes_executor.py
[2024-03-02T09:40:06.378-0300] {processor.py:840} INFO - DAG(s) 'example_kubernetes_executor' retrieved from /home/victor/Área de Trabalho/airflow/venv/lib/python3.10/site-packages/airflow/example_dags/example_kubernetes_executor.py
[2024-03-02T09:40:06.404-0300] {logging_mixin.py:188} WARNING - /home/victor/Área de Trabalho/airflow/venv/lib/python3.10/site-packages/airflow/serialization/serialized_objects.py:1562 DeprecationWarning: This module is deprecated. The `cncf.kubernetes` provider before version 7.4.0 uses this module - you should migrate to a newer version of `cncf.kubernetes` to get rid of this warning. If you import the module via `airflow.kubernetes` import, please use `cncf.kubernetes' provider 7.4.0+ and switch all your imports to use `apache.airflow.providers.cncf.kubernetes` to get rid of the warning.
[2024-03-02T09:40:06.414-0300] {logging_mixin.py:188} INFO - [2024-03-02T09:40:06.413-0300] {dag.py:3047} INFO - Sync 1 DAGs
[2024-03-02T09:40:06.426-0300] {logging_mixin.py:188} INFO - [2024-03-02T09:40:06.426-0300] {dag.py:3834} INFO - Setting next_dagrun for example_kubernetes_executor to None, run_after=None
[2024-03-02T09:40:06.445-0300] {processor.py:183} INFO - Processing /home/victor/Área de Trabalho/airflow/venv/lib/python3.10/site-packages/airflow/example_dags/example_kubernetes_executor.py took 0.280 seconds
[2024-03-02T09:40:37.590-0300] {processor.py:161} INFO - Started process (PID=12383) to work on /home/victor/Área de Trabalho/airflow/venv/lib/python3.10/site-packages/airflow/example_dags/example_kubernetes_executor.py
[2024-03-02T09:40:37.590-0300] {processor.py:830} INFO - Processing file /home/victor/Área de Trabalho/airflow/venv/lib/python3.10/site-packages/airflow/example_dags/example_kubernetes_executor.py for tasks to queue
[2024-03-02T09:40:37.591-0300] {logging_mixin.py:188} INFO - [2024-03-02T09:40:37.591-0300] {dagbag.py:540} INFO - Filling up the DagBag from /home/victor/Área de Trabalho/airflow/venv/lib/python3.10/site-packages/airflow/example_dags/example_kubernetes_executor.py
[2024-03-02T09:40:37.808-0300] {processor.py:840} INFO - DAG(s) 'example_kubernetes_executor' retrieved from /home/victor/Área de Trabalho/airflow/venv/lib/python3.10/site-packages/airflow/example_dags/example_kubernetes_executor.py
[2024-03-02T09:40:37.837-0300] {logging_mixin.py:188} WARNING - /home/victor/Área de Trabalho/airflow/venv/lib/python3.10/site-packages/airflow/serialization/serialized_objects.py:1562 DeprecationWarning: This module is deprecated. The `cncf.kubernetes` provider before version 7.4.0 uses this module - you should migrate to a newer version of `cncf.kubernetes` to get rid of this warning. If you import the module via `airflow.kubernetes` import, please use `cncf.kubernetes' provider 7.4.0+ and switch all your imports to use `apache.airflow.providers.cncf.kubernetes` to get rid of the warning.
[2024-03-02T09:40:37.849-0300] {logging_mixin.py:188} INFO - [2024-03-02T09:40:37.848-0300] {dag.py:3047} INFO - Sync 1 DAGs
[2024-03-02T09:40:37.862-0300] {logging_mixin.py:188} INFO - [2024-03-02T09:40:37.862-0300] {dag.py:3834} INFO - Setting next_dagrun for example_kubernetes_executor to None, run_after=None
[2024-03-02T09:40:37.884-0300] {processor.py:183} INFO - Processing /home/victor/Área de Trabalho/airflow/venv/lib/python3.10/site-packages/airflow/example_dags/example_kubernetes_executor.py took 0.298 seconds
[2024-03-02T09:41:08.664-0300] {processor.py:161} INFO - Started process (PID=12859) to work on /home/victor/Área de Trabalho/airflow/venv/lib/python3.10/site-packages/airflow/example_dags/example_kubernetes_executor.py
[2024-03-02T09:41:08.664-0300] {processor.py:830} INFO - Processing file /home/victor/Área de Trabalho/airflow/venv/lib/python3.10/site-packages/airflow/example_dags/example_kubernetes_executor.py for tasks to queue
[2024-03-02T09:41:08.665-0300] {logging_mixin.py:188} INFO - [2024-03-02T09:41:08.665-0300] {dagbag.py:540} INFO - Filling up the DagBag from /home/victor/Área de Trabalho/airflow/venv/lib/python3.10/site-packages/airflow/example_dags/example_kubernetes_executor.py
[2024-03-02T09:41:08.892-0300] {processor.py:840} INFO - DAG(s) 'example_kubernetes_executor' retrieved from /home/victor/Área de Trabalho/airflow/venv/lib/python3.10/site-packages/airflow/example_dags/example_kubernetes_executor.py
[2024-03-02T09:41:08.917-0300] {logging_mixin.py:188} WARNING - /home/victor/Área de Trabalho/airflow/venv/lib/python3.10/site-packages/airflow/serialization/serialized_objects.py:1562 DeprecationWarning: This module is deprecated. The `cncf.kubernetes` provider before version 7.4.0 uses this module - you should migrate to a newer version of `cncf.kubernetes` to get rid of this warning. If you import the module via `airflow.kubernetes` import, please use `cncf.kubernetes' provider 7.4.0+ and switch all your imports to use `apache.airflow.providers.cncf.kubernetes` to get rid of the warning.
[2024-03-02T09:41:08.929-0300] {logging_mixin.py:188} INFO - [2024-03-02T09:41:08.929-0300] {dag.py:3047} INFO - Sync 1 DAGs
[2024-03-02T09:41:08.941-0300] {logging_mixin.py:188} INFO - [2024-03-02T09:41:08.940-0300] {dag.py:3834} INFO - Setting next_dagrun for example_kubernetes_executor to None, run_after=None
[2024-03-02T09:41:08.964-0300] {processor.py:183} INFO - Processing /home/victor/Área de Trabalho/airflow/venv/lib/python3.10/site-packages/airflow/example_dags/example_kubernetes_executor.py took 0.303 seconds
[2024-03-02T09:41:39.353-0300] {processor.py:161} INFO - Started process (PID=13174) to work on /home/victor/Área de Trabalho/airflow/venv/lib/python3.10/site-packages/airflow/example_dags/example_kubernetes_executor.py
[2024-03-02T09:41:39.354-0300] {processor.py:830} INFO - Processing file /home/victor/Área de Trabalho/airflow/venv/lib/python3.10/site-packages/airflow/example_dags/example_kubernetes_executor.py for tasks to queue
[2024-03-02T09:41:39.355-0300] {logging_mixin.py:188} INFO - [2024-03-02T09:41:39.354-0300] {dagbag.py:540} INFO - Filling up the DagBag from /home/victor/Área de Trabalho/airflow/venv/lib/python3.10/site-packages/airflow/example_dags/example_kubernetes_executor.py
[2024-03-02T09:41:39.581-0300] {processor.py:840} INFO - DAG(s) 'example_kubernetes_executor' retrieved from /home/victor/Área de Trabalho/airflow/venv/lib/python3.10/site-packages/airflow/example_dags/example_kubernetes_executor.py
[2024-03-02T09:41:39.610-0300] {logging_mixin.py:188} WARNING - /home/victor/Área de Trabalho/airflow/venv/lib/python3.10/site-packages/airflow/serialization/serialized_objects.py:1562 DeprecationWarning: This module is deprecated. The `cncf.kubernetes` provider before version 7.4.0 uses this module - you should migrate to a newer version of `cncf.kubernetes` to get rid of this warning. If you import the module via `airflow.kubernetes` import, please use `cncf.kubernetes' provider 7.4.0+ and switch all your imports to use `apache.airflow.providers.cncf.kubernetes` to get rid of the warning.
[2024-03-02T09:41:39.622-0300] {logging_mixin.py:188} INFO - [2024-03-02T09:41:39.622-0300] {dag.py:3047} INFO - Sync 1 DAGs
[2024-03-02T09:41:39.636-0300] {logging_mixin.py:188} INFO - [2024-03-02T09:41:39.636-0300] {dag.py:3834} INFO - Setting next_dagrun for example_kubernetes_executor to None, run_after=None
[2024-03-02T09:41:39.659-0300] {processor.py:183} INFO - Processing /home/victor/Área de Trabalho/airflow/venv/lib/python3.10/site-packages/airflow/example_dags/example_kubernetes_executor.py took 0.309 seconds
[2024-03-02T09:42:10.226-0300] {processor.py:161} INFO - Started process (PID=13815) to work on /home/victor/Área de Trabalho/airflow/venv/lib/python3.10/site-packages/airflow/example_dags/example_kubernetes_executor.py
[2024-03-02T09:42:10.226-0300] {processor.py:830} INFO - Processing file /home/victor/Área de Trabalho/airflow/venv/lib/python3.10/site-packages/airflow/example_dags/example_kubernetes_executor.py for tasks to queue
[2024-03-02T09:42:10.227-0300] {logging_mixin.py:188} INFO - [2024-03-02T09:42:10.227-0300] {dagbag.py:540} INFO - Filling up the DagBag from /home/victor/Área de Trabalho/airflow/venv/lib/python3.10/site-packages/airflow/example_dags/example_kubernetes_executor.py
[2024-03-02T09:42:10.457-0300] {processor.py:840} INFO - DAG(s) 'example_kubernetes_executor' retrieved from /home/victor/Área de Trabalho/airflow/venv/lib/python3.10/site-packages/airflow/example_dags/example_kubernetes_executor.py
[2024-03-02T09:42:10.485-0300] {logging_mixin.py:188} WARNING - /home/victor/Área de Trabalho/airflow/venv/lib/python3.10/site-packages/airflow/serialization/serialized_objects.py:1562 DeprecationWarning: This module is deprecated. The `cncf.kubernetes` provider before version 7.4.0 uses this module - you should migrate to a newer version of `cncf.kubernetes` to get rid of this warning. If you import the module via `airflow.kubernetes` import, please use `cncf.kubernetes' provider 7.4.0+ and switch all your imports to use `apache.airflow.providers.cncf.kubernetes` to get rid of the warning.
[2024-03-02T09:42:10.498-0300] {logging_mixin.py:188} INFO - [2024-03-02T09:42:10.498-0300] {dag.py:3047} INFO - Sync 1 DAGs
[2024-03-02T09:42:10.511-0300] {logging_mixin.py:188} INFO - [2024-03-02T09:42:10.511-0300] {dag.py:3834} INFO - Setting next_dagrun for example_kubernetes_executor to None, run_after=None
[2024-03-02T09:42:10.534-0300] {processor.py:183} INFO - Processing /home/victor/Área de Trabalho/airflow/venv/lib/python3.10/site-packages/airflow/example_dags/example_kubernetes_executor.py took 0.312 seconds
[2024-03-02T09:42:41.167-0300] {processor.py:161} INFO - Started process (PID=14128) to work on /home/victor/Área de Trabalho/airflow/venv/lib/python3.10/site-packages/airflow/example_dags/example_kubernetes_executor.py
[2024-03-02T09:42:41.168-0300] {processor.py:830} INFO - Processing file /home/victor/Área de Trabalho/airflow/venv/lib/python3.10/site-packages/airflow/example_dags/example_kubernetes_executor.py for tasks to queue
[2024-03-02T09:42:41.169-0300] {logging_mixin.py:188} INFO - [2024-03-02T09:42:41.168-0300] {dagbag.py:540} INFO - Filling up the DagBag from /home/victor/Área de Trabalho/airflow/venv/lib/python3.10/site-packages/airflow/example_dags/example_kubernetes_executor.py
[2024-03-02T09:42:41.403-0300] {processor.py:840} INFO - DAG(s) 'example_kubernetes_executor' retrieved from /home/victor/Área de Trabalho/airflow/venv/lib/python3.10/site-packages/airflow/example_dags/example_kubernetes_executor.py
[2024-03-02T09:42:41.431-0300] {logging_mixin.py:188} WARNING - /home/victor/Área de Trabalho/airflow/venv/lib/python3.10/site-packages/airflow/serialization/serialized_objects.py:1562 DeprecationWarning: This module is deprecated. The `cncf.kubernetes` provider before version 7.4.0 uses this module - you should migrate to a newer version of `cncf.kubernetes` to get rid of this warning. If you import the module via `airflow.kubernetes` import, please use `cncf.kubernetes' provider 7.4.0+ and switch all your imports to use `apache.airflow.providers.cncf.kubernetes` to get rid of the warning.
[2024-03-02T09:42:41.441-0300] {logging_mixin.py:188} INFO - [2024-03-02T09:42:41.441-0300] {dag.py:3047} INFO - Sync 1 DAGs
[2024-03-02T09:42:41.453-0300] {logging_mixin.py:188} INFO - [2024-03-02T09:42:41.453-0300] {dag.py:3834} INFO - Setting next_dagrun for example_kubernetes_executor to None, run_after=None
[2024-03-02T09:42:41.477-0300] {processor.py:183} INFO - Processing /home/victor/Área de Trabalho/airflow/venv/lib/python3.10/site-packages/airflow/example_dags/example_kubernetes_executor.py took 0.314 seconds
[2024-03-02T09:43:12.239-0300] {processor.py:161} INFO - Started process (PID=14608) to work on /home/victor/Área de Trabalho/airflow/venv/lib/python3.10/site-packages/airflow/example_dags/example_kubernetes_executor.py
[2024-03-02T09:43:12.240-0300] {processor.py:830} INFO - Processing file /home/victor/Área de Trabalho/airflow/venv/lib/python3.10/site-packages/airflow/example_dags/example_kubernetes_executor.py for tasks to queue
[2024-03-02T09:43:12.241-0300] {logging_mixin.py:188} INFO - [2024-03-02T09:43:12.240-0300] {dagbag.py:540} INFO - Filling up the DagBag from /home/victor/Área de Trabalho/airflow/venv/lib/python3.10/site-packages/airflow/example_dags/example_kubernetes_executor.py
[2024-03-02T09:43:12.458-0300] {processor.py:840} INFO - DAG(s) 'example_kubernetes_executor' retrieved from /home/victor/Área de Trabalho/airflow/venv/lib/python3.10/site-packages/airflow/example_dags/example_kubernetes_executor.py
[2024-03-02T09:43:12.485-0300] {logging_mixin.py:188} WARNING - /home/victor/Área de Trabalho/airflow/venv/lib/python3.10/site-packages/airflow/serialization/serialized_objects.py:1562 DeprecationWarning: This module is deprecated. The `cncf.kubernetes` provider before version 7.4.0 uses this module - you should migrate to a newer version of `cncf.kubernetes` to get rid of this warning. If you import the module via `airflow.kubernetes` import, please use `cncf.kubernetes' provider 7.4.0+ and switch all your imports to use `apache.airflow.providers.cncf.kubernetes` to get rid of the warning.
[2024-03-02T09:43:12.496-0300] {logging_mixin.py:188} INFO - [2024-03-02T09:43:12.496-0300] {dag.py:3047} INFO - Sync 1 DAGs
[2024-03-02T09:43:12.647-0300] {logging_mixin.py:188} INFO - [2024-03-02T09:43:12.647-0300] {dag.py:3834} INFO - Setting next_dagrun for example_kubernetes_executor to None, run_after=None
[2024-03-02T09:43:12.668-0300] {processor.py:183} INFO - Processing /home/victor/Área de Trabalho/airflow/venv/lib/python3.10/site-packages/airflow/example_dags/example_kubernetes_executor.py took 0.434 seconds
[2024-03-02T09:43:42.930-0300] {processor.py:161} INFO - Started process (PID=14930) to work on /home/victor/Área de Trabalho/airflow/venv/lib/python3.10/site-packages/airflow/example_dags/example_kubernetes_executor.py
[2024-03-02T09:43:42.931-0300] {processor.py:830} INFO - Processing file /home/victor/Área de Trabalho/airflow/venv/lib/python3.10/site-packages/airflow/example_dags/example_kubernetes_executor.py for tasks to queue
[2024-03-02T09:43:42.932-0300] {logging_mixin.py:188} INFO - [2024-03-02T09:43:42.932-0300] {dagbag.py:540} INFO - Filling up the DagBag from /home/victor/Área de Trabalho/airflow/venv/lib/python3.10/site-packages/airflow/example_dags/example_kubernetes_executor.py
[2024-03-02T09:43:43.149-0300] {processor.py:840} INFO - DAG(s) 'example_kubernetes_executor' retrieved from /home/victor/Área de Trabalho/airflow/venv/lib/python3.10/site-packages/airflow/example_dags/example_kubernetes_executor.py
[2024-03-02T09:43:43.176-0300] {logging_mixin.py:188} WARNING - /home/victor/Área de Trabalho/airflow/venv/lib/python3.10/site-packages/airflow/serialization/serialized_objects.py:1562 DeprecationWarning: This module is deprecated. The `cncf.kubernetes` provider before version 7.4.0 uses this module - you should migrate to a newer version of `cncf.kubernetes` to get rid of this warning. If you import the module via `airflow.kubernetes` import, please use `cncf.kubernetes' provider 7.4.0+ and switch all your imports to use `apache.airflow.providers.cncf.kubernetes` to get rid of the warning.
[2024-03-02T09:43:43.187-0300] {logging_mixin.py:188} INFO - [2024-03-02T09:43:43.187-0300] {dag.py:3047} INFO - Sync 1 DAGs
[2024-03-02T09:43:43.200-0300] {logging_mixin.py:188} INFO - [2024-03-02T09:43:43.200-0300] {dag.py:3834} INFO - Setting next_dagrun for example_kubernetes_executor to None, run_after=None
[2024-03-02T09:43:43.224-0300] {processor.py:183} INFO - Processing /home/victor/Área de Trabalho/airflow/venv/lib/python3.10/site-packages/airflow/example_dags/example_kubernetes_executor.py took 0.297 seconds
[2024-03-02T09:44:14.501-0300] {processor.py:161} INFO - Started process (PID=15422) to work on /home/victor/Área de Trabalho/airflow/venv/lib/python3.10/site-packages/airflow/example_dags/example_kubernetes_executor.py
[2024-03-02T09:44:14.505-0300] {processor.py:830} INFO - Processing file /home/victor/Área de Trabalho/airflow/venv/lib/python3.10/site-packages/airflow/example_dags/example_kubernetes_executor.py for tasks to queue
[2024-03-02T09:44:14.506-0300] {logging_mixin.py:188} INFO - [2024-03-02T09:44:14.506-0300] {dagbag.py:540} INFO - Filling up the DagBag from /home/victor/Área de Trabalho/airflow/venv/lib/python3.10/site-packages/airflow/example_dags/example_kubernetes_executor.py
[2024-03-02T09:44:14.726-0300] {processor.py:840} INFO - DAG(s) 'example_kubernetes_executor' retrieved from /home/victor/Área de Trabalho/airflow/venv/lib/python3.10/site-packages/airflow/example_dags/example_kubernetes_executor.py
[2024-03-02T09:44:14.758-0300] {logging_mixin.py:188} WARNING - /home/victor/Área de Trabalho/airflow/venv/lib/python3.10/site-packages/airflow/serialization/serialized_objects.py:1562 DeprecationWarning: This module is deprecated. The `cncf.kubernetes` provider before version 7.4.0 uses this module - you should migrate to a newer version of `cncf.kubernetes` to get rid of this warning. If you import the module via `airflow.kubernetes` import, please use `cncf.kubernetes' provider 7.4.0+ and switch all your imports to use `apache.airflow.providers.cncf.kubernetes` to get rid of the warning.
[2024-03-02T09:44:14.769-0300] {logging_mixin.py:188} INFO - [2024-03-02T09:44:14.768-0300] {dag.py:3047} INFO - Sync 1 DAGs
[2024-03-02T09:44:14.782-0300] {logging_mixin.py:188} INFO - [2024-03-02T09:44:14.782-0300] {dag.py:3834} INFO - Setting next_dagrun for example_kubernetes_executor to None, run_after=None
[2024-03-02T09:44:14.803-0300] {processor.py:183} INFO - Processing /home/victor/Área de Trabalho/airflow/venv/lib/python3.10/site-packages/airflow/example_dags/example_kubernetes_executor.py took 0.306 seconds
[2024-03-02T09:44:45.134-0300] {processor.py:161} INFO - Started process (PID=15743) to work on /home/victor/Área de Trabalho/airflow/venv/lib/python3.10/site-packages/airflow/example_dags/example_kubernetes_executor.py
[2024-03-02T09:44:45.135-0300] {processor.py:830} INFO - Processing file /home/victor/Área de Trabalho/airflow/venv/lib/python3.10/site-packages/airflow/example_dags/example_kubernetes_executor.py for tasks to queue
[2024-03-02T09:44:45.136-0300] {logging_mixin.py:188} INFO - [2024-03-02T09:44:45.136-0300] {dagbag.py:540} INFO - Filling up the DagBag from /home/victor/Área de Trabalho/airflow/venv/lib/python3.10/site-packages/airflow/example_dags/example_kubernetes_executor.py
[2024-03-02T09:44:45.353-0300] {processor.py:840} INFO - DAG(s) 'example_kubernetes_executor' retrieved from /home/victor/Área de Trabalho/airflow/venv/lib/python3.10/site-packages/airflow/example_dags/example_kubernetes_executor.py
[2024-03-02T09:44:45.501-0300] {logging_mixin.py:188} WARNING - /home/victor/Área de Trabalho/airflow/venv/lib/python3.10/site-packages/airflow/serialization/serialized_objects.py:1562 DeprecationWarning: This module is deprecated. The `cncf.kubernetes` provider before version 7.4.0 uses this module - you should migrate to a newer version of `cncf.kubernetes` to get rid of this warning. If you import the module via `airflow.kubernetes` import, please use `cncf.kubernetes' provider 7.4.0+ and switch all your imports to use `apache.airflow.providers.cncf.kubernetes` to get rid of the warning.
[2024-03-02T09:44:45.511-0300] {logging_mixin.py:188} INFO - [2024-03-02T09:44:45.511-0300] {dag.py:3047} INFO - Sync 1 DAGs
[2024-03-02T09:44:45.524-0300] {logging_mixin.py:188} INFO - [2024-03-02T09:44:45.524-0300] {dag.py:3834} INFO - Setting next_dagrun for example_kubernetes_executor to None, run_after=None
[2024-03-02T09:44:45.543-0300] {processor.py:183} INFO - Processing /home/victor/Área de Trabalho/airflow/venv/lib/python3.10/site-packages/airflow/example_dags/example_kubernetes_executor.py took 0.412 seconds
[2024-03-02T09:45:16.106-0300] {processor.py:161} INFO - Started process (PID=16227) to work on /home/victor/Área de Trabalho/airflow/venv/lib/python3.10/site-packages/airflow/example_dags/example_kubernetes_executor.py
[2024-03-02T09:45:16.112-0300] {processor.py:830} INFO - Processing file /home/victor/Área de Trabalho/airflow/venv/lib/python3.10/site-packages/airflow/example_dags/example_kubernetes_executor.py for tasks to queue
[2024-03-02T09:45:16.114-0300] {logging_mixin.py:188} INFO - [2024-03-02T09:45:16.114-0300] {dagbag.py:540} INFO - Filling up the DagBag from /home/victor/Área de Trabalho/airflow/venv/lib/python3.10/site-packages/airflow/example_dags/example_kubernetes_executor.py
[2024-03-02T09:45:16.401-0300] {processor.py:840} INFO - DAG(s) 'example_kubernetes_executor' retrieved from /home/victor/Área de Trabalho/airflow/venv/lib/python3.10/site-packages/airflow/example_dags/example_kubernetes_executor.py
[2024-03-02T09:45:16.434-0300] {logging_mixin.py:188} WARNING - /home/victor/Área de Trabalho/airflow/venv/lib/python3.10/site-packages/airflow/serialization/serialized_objects.py:1562 DeprecationWarning: This module is deprecated. The `cncf.kubernetes` provider before version 7.4.0 uses this module - you should migrate to a newer version of `cncf.kubernetes` to get rid of this warning. If you import the module via `airflow.kubernetes` import, please use `cncf.kubernetes' provider 7.4.0+ and switch all your imports to use `apache.airflow.providers.cncf.kubernetes` to get rid of the warning.
[2024-03-02T09:45:16.578-0300] {logging_mixin.py:188} INFO - [2024-03-02T09:45:16.577-0300] {dag.py:3047} INFO - Sync 1 DAGs
[2024-03-02T09:45:16.589-0300] {logging_mixin.py:188} INFO - [2024-03-02T09:45:16.589-0300] {dag.py:3834} INFO - Setting next_dagrun for example_kubernetes_executor to None, run_after=None
[2024-03-02T09:45:16.612-0300] {processor.py:183} INFO - Processing /home/victor/Área de Trabalho/airflow/venv/lib/python3.10/site-packages/airflow/example_dags/example_kubernetes_executor.py took 0.509 seconds
[2024-03-02T09:45:46.899-0300] {processor.py:161} INFO - Started process (PID=16735) to work on /home/victor/Área de Trabalho/airflow/venv/lib/python3.10/site-packages/airflow/example_dags/example_kubernetes_executor.py
[2024-03-02T09:45:46.900-0300] {processor.py:830} INFO - Processing file /home/victor/Área de Trabalho/airflow/venv/lib/python3.10/site-packages/airflow/example_dags/example_kubernetes_executor.py for tasks to queue
[2024-03-02T09:45:46.901-0300] {logging_mixin.py:188} INFO - [2024-03-02T09:45:46.901-0300] {dagbag.py:540} INFO - Filling up the DagBag from /home/victor/Área de Trabalho/airflow/venv/lib/python3.10/site-packages/airflow/example_dags/example_kubernetes_executor.py
[2024-03-02T09:45:47.108-0300] {processor.py:840} INFO - DAG(s) 'example_kubernetes_executor' retrieved from /home/victor/Área de Trabalho/airflow/venv/lib/python3.10/site-packages/airflow/example_dags/example_kubernetes_executor.py
[2024-03-02T09:45:47.133-0300] {logging_mixin.py:188} WARNING - /home/victor/Área de Trabalho/airflow/venv/lib/python3.10/site-packages/airflow/serialization/serialized_objects.py:1562 DeprecationWarning: This module is deprecated. The `cncf.kubernetes` provider before version 7.4.0 uses this module - you should migrate to a newer version of `cncf.kubernetes` to get rid of this warning. If you import the module via `airflow.kubernetes` import, please use `cncf.kubernetes' provider 7.4.0+ and switch all your imports to use `apache.airflow.providers.cncf.kubernetes` to get rid of the warning.
[2024-03-02T09:45:47.143-0300] {logging_mixin.py:188} INFO - [2024-03-02T09:45:47.142-0300] {dag.py:3047} INFO - Sync 1 DAGs
[2024-03-02T09:45:47.275-0300] {logging_mixin.py:188} INFO - [2024-03-02T09:45:47.275-0300] {dag.py:3834} INFO - Setting next_dagrun for example_kubernetes_executor to None, run_after=None
[2024-03-02T09:45:47.296-0300] {processor.py:183} INFO - Processing /home/victor/Área de Trabalho/airflow/venv/lib/python3.10/site-packages/airflow/example_dags/example_kubernetes_executor.py took 0.400 seconds
[2024-03-02T09:46:18.718-0300] {processor.py:161} INFO - Started process (PID=17218) to work on /home/victor/Área de Trabalho/airflow/venv/lib/python3.10/site-packages/airflow/example_dags/example_kubernetes_executor.py
[2024-03-02T09:46:18.719-0300] {processor.py:830} INFO - Processing file /home/victor/Área de Trabalho/airflow/venv/lib/python3.10/site-packages/airflow/example_dags/example_kubernetes_executor.py for tasks to queue
[2024-03-02T09:46:18.720-0300] {logging_mixin.py:188} INFO - [2024-03-02T09:46:18.720-0300] {dagbag.py:540} INFO - Filling up the DagBag from /home/victor/Área de Trabalho/airflow/venv/lib/python3.10/site-packages/airflow/example_dags/example_kubernetes_executor.py
[2024-03-02T09:46:18.933-0300] {processor.py:840} INFO - DAG(s) 'example_kubernetes_executor' retrieved from /home/victor/Área de Trabalho/airflow/venv/lib/python3.10/site-packages/airflow/example_dags/example_kubernetes_executor.py
[2024-03-02T09:46:18.960-0300] {logging_mixin.py:188} WARNING - /home/victor/Área de Trabalho/airflow/venv/lib/python3.10/site-packages/airflow/serialization/serialized_objects.py:1562 DeprecationWarning: This module is deprecated. The `cncf.kubernetes` provider before version 7.4.0 uses this module - you should migrate to a newer version of `cncf.kubernetes` to get rid of this warning. If you import the module via `airflow.kubernetes` import, please use `cncf.kubernetes' provider 7.4.0+ and switch all your imports to use `apache.airflow.providers.cncf.kubernetes` to get rid of the warning.
[2024-03-02T09:46:18.973-0300] {logging_mixin.py:188} INFO - [2024-03-02T09:46:18.972-0300] {dag.py:3047} INFO - Sync 1 DAGs
[2024-03-02T09:46:18.988-0300] {logging_mixin.py:188} INFO - [2024-03-02T09:46:18.987-0300] {dag.py:3834} INFO - Setting next_dagrun for example_kubernetes_executor to None, run_after=None
[2024-03-02T09:46:19.138-0300] {processor.py:183} INFO - Processing /home/victor/Área de Trabalho/airflow/venv/lib/python3.10/site-packages/airflow/example_dags/example_kubernetes_executor.py took 0.423 seconds
[2024-03-02T09:46:49.201-0300] {processor.py:161} INFO - Started process (PID=17541) to work on /home/victor/Área de Trabalho/airflow/venv/lib/python3.10/site-packages/airflow/example_dags/example_kubernetes_executor.py
[2024-03-02T09:46:49.203-0300] {processor.py:830} INFO - Processing file /home/victor/Área de Trabalho/airflow/venv/lib/python3.10/site-packages/airflow/example_dags/example_kubernetes_executor.py for tasks to queue
[2024-03-02T09:46:49.204-0300] {logging_mixin.py:188} INFO - [2024-03-02T09:46:49.204-0300] {dagbag.py:540} INFO - Filling up the DagBag from /home/victor/Área de Trabalho/airflow/venv/lib/python3.10/site-packages/airflow/example_dags/example_kubernetes_executor.py
[2024-03-02T09:46:49.521-0300] {processor.py:840} INFO - DAG(s) 'example_kubernetes_executor' retrieved from /home/victor/Área de Trabalho/airflow/venv/lib/python3.10/site-packages/airflow/example_dags/example_kubernetes_executor.py
[2024-03-02T09:46:49.546-0300] {logging_mixin.py:188} WARNING - /home/victor/Área de Trabalho/airflow/venv/lib/python3.10/site-packages/airflow/serialization/serialized_objects.py:1562 DeprecationWarning: This module is deprecated. The `cncf.kubernetes` provider before version 7.4.0 uses this module - you should migrate to a newer version of `cncf.kubernetes` to get rid of this warning. If you import the module via `airflow.kubernetes` import, please use `cncf.kubernetes' provider 7.4.0+ and switch all your imports to use `apache.airflow.providers.cncf.kubernetes` to get rid of the warning.
[2024-03-02T09:46:49.555-0300] {logging_mixin.py:188} INFO - [2024-03-02T09:46:49.555-0300] {dag.py:3047} INFO - Sync 1 DAGs
[2024-03-02T09:46:49.566-0300] {logging_mixin.py:188} INFO - [2024-03-02T09:46:49.565-0300] {dag.py:3834} INFO - Setting next_dagrun for example_kubernetes_executor to None, run_after=None
[2024-03-02T09:46:49.585-0300] {processor.py:183} INFO - Processing /home/victor/Área de Trabalho/airflow/venv/lib/python3.10/site-packages/airflow/example_dags/example_kubernetes_executor.py took 0.387 seconds
[2024-03-02T09:47:20.202-0300] {processor.py:161} INFO - Started process (PID=18197) to work on /home/victor/Área de Trabalho/airflow/venv/lib/python3.10/site-packages/airflow/example_dags/example_kubernetes_executor.py
[2024-03-02T09:47:20.203-0300] {processor.py:830} INFO - Processing file /home/victor/Área de Trabalho/airflow/venv/lib/python3.10/site-packages/airflow/example_dags/example_kubernetes_executor.py for tasks to queue
[2024-03-02T09:47:20.204-0300] {logging_mixin.py:188} INFO - [2024-03-02T09:47:20.204-0300] {dagbag.py:540} INFO - Filling up the DagBag from /home/victor/Área de Trabalho/airflow/venv/lib/python3.10/site-packages/airflow/example_dags/example_kubernetes_executor.py
[2024-03-02T09:47:20.440-0300] {processor.py:840} INFO - DAG(s) 'example_kubernetes_executor' retrieved from /home/victor/Área de Trabalho/airflow/venv/lib/python3.10/site-packages/airflow/example_dags/example_kubernetes_executor.py
[2024-03-02T09:47:20.579-0300] {logging_mixin.py:188} WARNING - /home/victor/Área de Trabalho/airflow/venv/lib/python3.10/site-packages/airflow/serialization/serialized_objects.py:1562 DeprecationWarning: This module is deprecated. The `cncf.kubernetes` provider before version 7.4.0 uses this module - you should migrate to a newer version of `cncf.kubernetes` to get rid of this warning. If you import the module via `airflow.kubernetes` import, please use `cncf.kubernetes' provider 7.4.0+ and switch all your imports to use `apache.airflow.providers.cncf.kubernetes` to get rid of the warning.
[2024-03-02T09:47:20.588-0300] {logging_mixin.py:188} INFO - [2024-03-02T09:47:20.587-0300] {dag.py:3047} INFO - Sync 1 DAGs
[2024-03-02T09:47:20.599-0300] {logging_mixin.py:188} INFO - [2024-03-02T09:47:20.599-0300] {dag.py:3834} INFO - Setting next_dagrun for example_kubernetes_executor to None, run_after=None
[2024-03-02T09:47:20.619-0300] {processor.py:183} INFO - Processing /home/victor/Área de Trabalho/airflow/venv/lib/python3.10/site-packages/airflow/example_dags/example_kubernetes_executor.py took 0.419 seconds
[2024-03-02T09:47:50.801-0300] {processor.py:161} INFO - Started process (PID=18519) to work on /home/victor/Área de Trabalho/airflow/venv/lib/python3.10/site-packages/airflow/example_dags/example_kubernetes_executor.py
[2024-03-02T09:47:50.801-0300] {processor.py:830} INFO - Processing file /home/victor/Área de Trabalho/airflow/venv/lib/python3.10/site-packages/airflow/example_dags/example_kubernetes_executor.py for tasks to queue
[2024-03-02T09:47:50.802-0300] {logging_mixin.py:188} INFO - [2024-03-02T09:47:50.802-0300] {dagbag.py:540} INFO - Filling up the DagBag from /home/victor/Área de Trabalho/airflow/venv/lib/python3.10/site-packages/airflow/example_dags/example_kubernetes_executor.py
[2024-03-02T09:47:51.014-0300] {processor.py:840} INFO - DAG(s) 'example_kubernetes_executor' retrieved from /home/victor/Área de Trabalho/airflow/venv/lib/python3.10/site-packages/airflow/example_dags/example_kubernetes_executor.py
[2024-03-02T09:47:51.041-0300] {logging_mixin.py:188} WARNING - /home/victor/Área de Trabalho/airflow/venv/lib/python3.10/site-packages/airflow/serialization/serialized_objects.py:1562 DeprecationWarning: This module is deprecated. The `cncf.kubernetes` provider before version 7.4.0 uses this module - you should migrate to a newer version of `cncf.kubernetes` to get rid of this warning. If you import the module via `airflow.kubernetes` import, please use `cncf.kubernetes' provider 7.4.0+ and switch all your imports to use `apache.airflow.providers.cncf.kubernetes` to get rid of the warning.
[2024-03-02T09:47:51.166-0300] {logging_mixin.py:188} INFO - [2024-03-02T09:47:51.165-0300] {dag.py:3047} INFO - Sync 1 DAGs
[2024-03-02T09:47:51.176-0300] {logging_mixin.py:188} INFO - [2024-03-02T09:47:51.176-0300] {dag.py:3834} INFO - Setting next_dagrun for example_kubernetes_executor to None, run_after=None
[2024-03-02T09:47:51.199-0300] {processor.py:183} INFO - Processing /home/victor/Área de Trabalho/airflow/venv/lib/python3.10/site-packages/airflow/example_dags/example_kubernetes_executor.py took 0.401 seconds
[2024-03-02T09:48:21.475-0300] {processor.py:161} INFO - Started process (PID=19006) to work on /home/victor/Área de Trabalho/airflow/venv/lib/python3.10/site-packages/airflow/example_dags/example_kubernetes_executor.py
[2024-03-02T09:48:21.476-0300] {processor.py:830} INFO - Processing file /home/victor/Área de Trabalho/airflow/venv/lib/python3.10/site-packages/airflow/example_dags/example_kubernetes_executor.py for tasks to queue
[2024-03-02T09:48:21.477-0300] {logging_mixin.py:188} INFO - [2024-03-02T09:48:21.476-0300] {dagbag.py:540} INFO - Filling up the DagBag from /home/victor/Área de Trabalho/airflow/venv/lib/python3.10/site-packages/airflow/example_dags/example_kubernetes_executor.py
[2024-03-02T09:48:21.814-0300] {processor.py:840} INFO - DAG(s) 'example_kubernetes_executor' retrieved from /home/victor/Área de Trabalho/airflow/venv/lib/python3.10/site-packages/airflow/example_dags/example_kubernetes_executor.py
[2024-03-02T09:48:21.840-0300] {logging_mixin.py:188} WARNING - /home/victor/Área de Trabalho/airflow/venv/lib/python3.10/site-packages/airflow/serialization/serialized_objects.py:1562 DeprecationWarning: This module is deprecated. The `cncf.kubernetes` provider before version 7.4.0 uses this module - you should migrate to a newer version of `cncf.kubernetes` to get rid of this warning. If you import the module via `airflow.kubernetes` import, please use `cncf.kubernetes' provider 7.4.0+ and switch all your imports to use `apache.airflow.providers.cncf.kubernetes` to get rid of the warning.
[2024-03-02T09:48:21.851-0300] {logging_mixin.py:188} INFO - [2024-03-02T09:48:21.850-0300] {dag.py:3047} INFO - Sync 1 DAGs
[2024-03-02T09:48:21.862-0300] {logging_mixin.py:188} INFO - [2024-03-02T09:48:21.862-0300] {dag.py:3834} INFO - Setting next_dagrun for example_kubernetes_executor to None, run_after=None
[2024-03-02T09:48:21.881-0300] {processor.py:183} INFO - Processing /home/victor/Área de Trabalho/airflow/venv/lib/python3.10/site-packages/airflow/example_dags/example_kubernetes_executor.py took 0.411 seconds
[2024-03-02T09:48:52.371-0300] {processor.py:161} INFO - Started process (PID=19349) to work on /home/victor/Área de Trabalho/airflow/venv/lib/python3.10/site-packages/airflow/example_dags/example_kubernetes_executor.py
[2024-03-02T09:48:52.373-0300] {processor.py:830} INFO - Processing file /home/victor/Área de Trabalho/airflow/venv/lib/python3.10/site-packages/airflow/example_dags/example_kubernetes_executor.py for tasks to queue
[2024-03-02T09:48:52.373-0300] {logging_mixin.py:188} INFO - [2024-03-02T09:48:52.373-0300] {dagbag.py:540} INFO - Filling up the DagBag from /home/victor/Área de Trabalho/airflow/venv/lib/python3.10/site-packages/airflow/example_dags/example_kubernetes_executor.py
[2024-03-02T09:48:52.724-0300] {processor.py:840} INFO - DAG(s) 'example_kubernetes_executor' retrieved from /home/victor/Área de Trabalho/airflow/venv/lib/python3.10/site-packages/airflow/example_dags/example_kubernetes_executor.py
[2024-03-02T09:48:52.749-0300] {logging_mixin.py:188} WARNING - /home/victor/Área de Trabalho/airflow/venv/lib/python3.10/site-packages/airflow/serialization/serialized_objects.py:1562 DeprecationWarning: This module is deprecated. The `cncf.kubernetes` provider before version 7.4.0 uses this module - you should migrate to a newer version of `cncf.kubernetes` to get rid of this warning. If you import the module via `airflow.kubernetes` import, please use `cncf.kubernetes' provider 7.4.0+ and switch all your imports to use `apache.airflow.providers.cncf.kubernetes` to get rid of the warning.
[2024-03-02T09:48:52.759-0300] {logging_mixin.py:188} INFO - [2024-03-02T09:48:52.759-0300] {dag.py:3047} INFO - Sync 1 DAGs
[2024-03-02T09:48:52.771-0300] {logging_mixin.py:188} INFO - [2024-03-02T09:48:52.770-0300] {dag.py:3834} INFO - Setting next_dagrun for example_kubernetes_executor to None, run_after=None
[2024-03-02T09:48:52.795-0300] {processor.py:183} INFO - Processing /home/victor/Área de Trabalho/airflow/venv/lib/python3.10/site-packages/airflow/example_dags/example_kubernetes_executor.py took 0.426 seconds
[2024-03-02T09:49:23.096-0300] {processor.py:161} INFO - Started process (PID=19832) to work on /home/victor/Área de Trabalho/airflow/venv/lib/python3.10/site-packages/airflow/example_dags/example_kubernetes_executor.py
[2024-03-02T09:49:23.096-0300] {processor.py:830} INFO - Processing file /home/victor/Área de Trabalho/airflow/venv/lib/python3.10/site-packages/airflow/example_dags/example_kubernetes_executor.py for tasks to queue
[2024-03-02T09:49:23.097-0300] {logging_mixin.py:188} INFO - [2024-03-02T09:49:23.097-0300] {dagbag.py:540} INFO - Filling up the DagBag from /home/victor/Área de Trabalho/airflow/venv/lib/python3.10/site-packages/airflow/example_dags/example_kubernetes_executor.py
[2024-03-02T09:49:23.448-0300] {processor.py:840} INFO - DAG(s) 'example_kubernetes_executor' retrieved from /home/victor/Área de Trabalho/airflow/venv/lib/python3.10/site-packages/airflow/example_dags/example_kubernetes_executor.py
[2024-03-02T09:49:23.475-0300] {logging_mixin.py:188} WARNING - /home/victor/Área de Trabalho/airflow/venv/lib/python3.10/site-packages/airflow/serialization/serialized_objects.py:1562 DeprecationWarning: This module is deprecated. The `cncf.kubernetes` provider before version 7.4.0 uses this module - you should migrate to a newer version of `cncf.kubernetes` to get rid of this warning. If you import the module via `airflow.kubernetes` import, please use `cncf.kubernetes' provider 7.4.0+ and switch all your imports to use `apache.airflow.providers.cncf.kubernetes` to get rid of the warning.
[2024-03-02T09:49:23.485-0300] {logging_mixin.py:188} INFO - [2024-03-02T09:49:23.485-0300] {dag.py:3047} INFO - Sync 1 DAGs
[2024-03-02T09:49:23.499-0300] {logging_mixin.py:188} INFO - [2024-03-02T09:49:23.499-0300] {dag.py:3834} INFO - Setting next_dagrun for example_kubernetes_executor to None, run_after=None
[2024-03-02T09:49:23.519-0300] {processor.py:183} INFO - Processing /home/victor/Área de Trabalho/airflow/venv/lib/python3.10/site-packages/airflow/example_dags/example_kubernetes_executor.py took 0.427 seconds
[2024-03-02T09:49:53.746-0300] {processor.py:161} INFO - Started process (PID=20151) to work on /home/victor/Área de Trabalho/airflow/venv/lib/python3.10/site-packages/airflow/example_dags/example_kubernetes_executor.py
[2024-03-02T09:49:53.747-0300] {processor.py:830} INFO - Processing file /home/victor/Área de Trabalho/airflow/venv/lib/python3.10/site-packages/airflow/example_dags/example_kubernetes_executor.py for tasks to queue
[2024-03-02T09:49:53.748-0300] {logging_mixin.py:188} INFO - [2024-03-02T09:49:53.748-0300] {dagbag.py:540} INFO - Filling up the DagBag from /home/victor/Área de Trabalho/airflow/venv/lib/python3.10/site-packages/airflow/example_dags/example_kubernetes_executor.py
[2024-03-02T09:49:54.077-0300] {processor.py:840} INFO - DAG(s) 'example_kubernetes_executor' retrieved from /home/victor/Área de Trabalho/airflow/venv/lib/python3.10/site-packages/airflow/example_dags/example_kubernetes_executor.py
[2024-03-02T09:49:54.103-0300] {logging_mixin.py:188} WARNING - /home/victor/Área de Trabalho/airflow/venv/lib/python3.10/site-packages/airflow/serialization/serialized_objects.py:1562 DeprecationWarning: This module is deprecated. The `cncf.kubernetes` provider before version 7.4.0 uses this module - you should migrate to a newer version of `cncf.kubernetes` to get rid of this warning. If you import the module via `airflow.kubernetes` import, please use `cncf.kubernetes' provider 7.4.0+ and switch all your imports to use `apache.airflow.providers.cncf.kubernetes` to get rid of the warning.
[2024-03-02T09:49:54.113-0300] {logging_mixin.py:188} INFO - [2024-03-02T09:49:54.112-0300] {dag.py:3047} INFO - Sync 1 DAGs
[2024-03-02T09:49:54.124-0300] {logging_mixin.py:188} INFO - [2024-03-02T09:49:54.124-0300] {dag.py:3834} INFO - Setting next_dagrun for example_kubernetes_executor to None, run_after=None
[2024-03-02T09:49:54.145-0300] {processor.py:183} INFO - Processing /home/victor/Área de Trabalho/airflow/venv/lib/python3.10/site-packages/airflow/example_dags/example_kubernetes_executor.py took 0.402 seconds
[2024-03-02T09:50:24.359-0300] {processor.py:161} INFO - Started process (PID=20635) to work on /home/victor/Área de Trabalho/airflow/venv/lib/python3.10/site-packages/airflow/example_dags/example_kubernetes_executor.py
[2024-03-02T09:50:24.360-0300] {processor.py:830} INFO - Processing file /home/victor/Área de Trabalho/airflow/venv/lib/python3.10/site-packages/airflow/example_dags/example_kubernetes_executor.py for tasks to queue
[2024-03-02T09:50:24.361-0300] {logging_mixin.py:188} INFO - [2024-03-02T09:50:24.361-0300] {dagbag.py:540} INFO - Filling up the DagBag from /home/victor/Área de Trabalho/airflow/venv/lib/python3.10/site-packages/airflow/example_dags/example_kubernetes_executor.py
[2024-03-02T09:50:24.677-0300] {processor.py:840} INFO - DAG(s) 'example_kubernetes_executor' retrieved from /home/victor/Área de Trabalho/airflow/venv/lib/python3.10/site-packages/airflow/example_dags/example_kubernetes_executor.py
[2024-03-02T09:50:24.701-0300] {logging_mixin.py:188} WARNING - /home/victor/Área de Trabalho/airflow/venv/lib/python3.10/site-packages/airflow/serialization/serialized_objects.py:1562 DeprecationWarning: This module is deprecated. The `cncf.kubernetes` provider before version 7.4.0 uses this module - you should migrate to a newer version of `cncf.kubernetes` to get rid of this warning. If you import the module via `airflow.kubernetes` import, please use `cncf.kubernetes' provider 7.4.0+ and switch all your imports to use `apache.airflow.providers.cncf.kubernetes` to get rid of the warning.
[2024-03-02T09:50:24.713-0300] {logging_mixin.py:188} INFO - [2024-03-02T09:50:24.713-0300] {dag.py:3047} INFO - Sync 1 DAGs
[2024-03-02T09:50:24.724-0300] {logging_mixin.py:188} INFO - [2024-03-02T09:50:24.723-0300] {dag.py:3834} INFO - Setting next_dagrun for example_kubernetes_executor to None, run_after=None
[2024-03-02T09:50:24.741-0300] {processor.py:183} INFO - Processing /home/victor/Área de Trabalho/airflow/venv/lib/python3.10/site-packages/airflow/example_dags/example_kubernetes_executor.py took 0.386 seconds
[2024-03-02T09:50:55.818-0300] {processor.py:161} INFO - Started process (PID=20991) to work on /home/victor/Área de Trabalho/airflow/venv/lib/python3.10/site-packages/airflow/example_dags/example_kubernetes_executor.py
[2024-03-02T09:50:55.819-0300] {processor.py:830} INFO - Processing file /home/victor/Área de Trabalho/airflow/venv/lib/python3.10/site-packages/airflow/example_dags/example_kubernetes_executor.py for tasks to queue
[2024-03-02T09:50:55.820-0300] {logging_mixin.py:188} INFO - [2024-03-02T09:50:55.819-0300] {dagbag.py:540} INFO - Filling up the DagBag from /home/victor/Área de Trabalho/airflow/venv/lib/python3.10/site-packages/airflow/example_dags/example_kubernetes_executor.py
[2024-03-02T09:50:56.142-0300] {processor.py:840} INFO - DAG(s) 'example_kubernetes_executor' retrieved from /home/victor/Área de Trabalho/airflow/venv/lib/python3.10/site-packages/airflow/example_dags/example_kubernetes_executor.py
[2024-03-02T09:50:56.166-0300] {logging_mixin.py:188} WARNING - /home/victor/Área de Trabalho/airflow/venv/lib/python3.10/site-packages/airflow/serialization/serialized_objects.py:1562 DeprecationWarning: This module is deprecated. The `cncf.kubernetes` provider before version 7.4.0 uses this module - you should migrate to a newer version of `cncf.kubernetes` to get rid of this warning. If you import the module via `airflow.kubernetes` import, please use `cncf.kubernetes' provider 7.4.0+ and switch all your imports to use `apache.airflow.providers.cncf.kubernetes` to get rid of the warning.
[2024-03-02T09:50:56.179-0300] {logging_mixin.py:188} INFO - [2024-03-02T09:50:56.179-0300] {dag.py:3047} INFO - Sync 1 DAGs
[2024-03-02T09:50:56.193-0300] {logging_mixin.py:188} INFO - [2024-03-02T09:50:56.193-0300] {dag.py:3834} INFO - Setting next_dagrun for example_kubernetes_executor to None, run_after=None
[2024-03-02T09:50:56.213-0300] {processor.py:183} INFO - Processing /home/victor/Área de Trabalho/airflow/venv/lib/python3.10/site-packages/airflow/example_dags/example_kubernetes_executor.py took 0.398 seconds
[2024-03-02T09:51:26.530-0300] {processor.py:161} INFO - Started process (PID=21472) to work on /home/victor/Área de Trabalho/airflow/venv/lib/python3.10/site-packages/airflow/example_dags/example_kubernetes_executor.py
[2024-03-02T09:51:26.531-0300] {processor.py:830} INFO - Processing file /home/victor/Área de Trabalho/airflow/venv/lib/python3.10/site-packages/airflow/example_dags/example_kubernetes_executor.py for tasks to queue
[2024-03-02T09:51:26.532-0300] {logging_mixin.py:188} INFO - [2024-03-02T09:51:26.532-0300] {dagbag.py:540} INFO - Filling up the DagBag from /home/victor/Área de Trabalho/airflow/venv/lib/python3.10/site-packages/airflow/example_dags/example_kubernetes_executor.py
[2024-03-02T09:51:26.851-0300] {processor.py:840} INFO - DAG(s) 'example_kubernetes_executor' retrieved from /home/victor/Área de Trabalho/airflow/venv/lib/python3.10/site-packages/airflow/example_dags/example_kubernetes_executor.py
[2024-03-02T09:51:26.874-0300] {logging_mixin.py:188} WARNING - /home/victor/Área de Trabalho/airflow/venv/lib/python3.10/site-packages/airflow/serialization/serialized_objects.py:1562 DeprecationWarning: This module is deprecated. The `cncf.kubernetes` provider before version 7.4.0 uses this module - you should migrate to a newer version of `cncf.kubernetes` to get rid of this warning. If you import the module via `airflow.kubernetes` import, please use `cncf.kubernetes' provider 7.4.0+ and switch all your imports to use `apache.airflow.providers.cncf.kubernetes` to get rid of the warning.
[2024-03-02T09:51:26.883-0300] {logging_mixin.py:188} INFO - [2024-03-02T09:51:26.883-0300] {dag.py:3047} INFO - Sync 1 DAGs
[2024-03-02T09:51:26.895-0300] {logging_mixin.py:188} INFO - [2024-03-02T09:51:26.894-0300] {dag.py:3834} INFO - Setting next_dagrun for example_kubernetes_executor to None, run_after=None
[2024-03-02T09:51:26.919-0300] {processor.py:183} INFO - Processing /home/victor/Área de Trabalho/airflow/venv/lib/python3.10/site-packages/airflow/example_dags/example_kubernetes_executor.py took 0.391 seconds
[2024-03-02T09:51:57.213-0300] {processor.py:161} INFO - Started process (PID=21795) to work on /home/victor/Área de Trabalho/airflow/venv/lib/python3.10/site-packages/airflow/example_dags/example_kubernetes_executor.py
[2024-03-02T09:51:57.213-0300] {processor.py:830} INFO - Processing file /home/victor/Área de Trabalho/airflow/venv/lib/python3.10/site-packages/airflow/example_dags/example_kubernetes_executor.py for tasks to queue
[2024-03-02T09:51:57.214-0300] {logging_mixin.py:188} INFO - [2024-03-02T09:51:57.214-0300] {dagbag.py:540} INFO - Filling up the DagBag from /home/victor/Área de Trabalho/airflow/venv/lib/python3.10/site-packages/airflow/example_dags/example_kubernetes_executor.py
[2024-03-02T09:51:57.534-0300] {processor.py:840} INFO - DAG(s) 'example_kubernetes_executor' retrieved from /home/victor/Área de Trabalho/airflow/venv/lib/python3.10/site-packages/airflow/example_dags/example_kubernetes_executor.py
[2024-03-02T09:51:57.561-0300] {logging_mixin.py:188} WARNING - /home/victor/Área de Trabalho/airflow/venv/lib/python3.10/site-packages/airflow/serialization/serialized_objects.py:1562 DeprecationWarning: This module is deprecated. The `cncf.kubernetes` provider before version 7.4.0 uses this module - you should migrate to a newer version of `cncf.kubernetes` to get rid of this warning. If you import the module via `airflow.kubernetes` import, please use `cncf.kubernetes' provider 7.4.0+ and switch all your imports to use `apache.airflow.providers.cncf.kubernetes` to get rid of the warning.
[2024-03-02T09:51:57.574-0300] {logging_mixin.py:188} INFO - [2024-03-02T09:51:57.573-0300] {dag.py:3047} INFO - Sync 1 DAGs
[2024-03-02T09:51:57.584-0300] {logging_mixin.py:188} INFO - [2024-03-02T09:51:57.584-0300] {dag.py:3834} INFO - Setting next_dagrun for example_kubernetes_executor to None, run_after=None
[2024-03-02T09:51:57.606-0300] {processor.py:183} INFO - Processing /home/victor/Área de Trabalho/airflow/venv/lib/python3.10/site-packages/airflow/example_dags/example_kubernetes_executor.py took 0.396 seconds
[2024-03-02T09:52:27.854-0300] {processor.py:161} INFO - Started process (PID=22440) to work on /home/victor/Área de Trabalho/airflow/venv/lib/python3.10/site-packages/airflow/example_dags/example_kubernetes_executor.py
[2024-03-02T09:52:27.855-0300] {processor.py:830} INFO - Processing file /home/victor/Área de Trabalho/airflow/venv/lib/python3.10/site-packages/airflow/example_dags/example_kubernetes_executor.py for tasks to queue
[2024-03-02T09:52:27.856-0300] {logging_mixin.py:188} INFO - [2024-03-02T09:52:27.856-0300] {dagbag.py:540} INFO - Filling up the DagBag from /home/victor/Área de Trabalho/airflow/venv/lib/python3.10/site-packages/airflow/example_dags/example_kubernetes_executor.py
[2024-03-02T09:52:28.177-0300] {processor.py:840} INFO - DAG(s) 'example_kubernetes_executor' retrieved from /home/victor/Área de Trabalho/airflow/venv/lib/python3.10/site-packages/airflow/example_dags/example_kubernetes_executor.py
[2024-03-02T09:52:28.200-0300] {logging_mixin.py:188} WARNING - /home/victor/Área de Trabalho/airflow/venv/lib/python3.10/site-packages/airflow/serialization/serialized_objects.py:1562 DeprecationWarning: This module is deprecated. The `cncf.kubernetes` provider before version 7.4.0 uses this module - you should migrate to a newer version of `cncf.kubernetes` to get rid of this warning. If you import the module via `airflow.kubernetes` import, please use `cncf.kubernetes' provider 7.4.0+ and switch all your imports to use `apache.airflow.providers.cncf.kubernetes` to get rid of the warning.
[2024-03-02T09:52:28.209-0300] {logging_mixin.py:188} INFO - [2024-03-02T09:52:28.209-0300] {dag.py:3047} INFO - Sync 1 DAGs
[2024-03-02T09:52:28.221-0300] {logging_mixin.py:188} INFO - [2024-03-02T09:52:28.221-0300] {dag.py:3834} INFO - Setting next_dagrun for example_kubernetes_executor to None, run_after=None
[2024-03-02T09:52:28.240-0300] {processor.py:183} INFO - Processing /home/victor/Área de Trabalho/airflow/venv/lib/python3.10/site-packages/airflow/example_dags/example_kubernetes_executor.py took 0.388 seconds
[2024-03-02T09:52:58.414-0300] {processor.py:161} INFO - Started process (PID=22761) to work on /home/victor/Área de Trabalho/airflow/venv/lib/python3.10/site-packages/airflow/example_dags/example_kubernetes_executor.py
[2024-03-02T09:52:58.415-0300] {processor.py:830} INFO - Processing file /home/victor/Área de Trabalho/airflow/venv/lib/python3.10/site-packages/airflow/example_dags/example_kubernetes_executor.py for tasks to queue
[2024-03-02T09:52:58.416-0300] {logging_mixin.py:188} INFO - [2024-03-02T09:52:58.416-0300] {dagbag.py:540} INFO - Filling up the DagBag from /home/victor/Área de Trabalho/airflow/venv/lib/python3.10/site-packages/airflow/example_dags/example_kubernetes_executor.py
[2024-03-02T09:52:58.734-0300] {processor.py:840} INFO - DAG(s) 'example_kubernetes_executor' retrieved from /home/victor/Área de Trabalho/airflow/venv/lib/python3.10/site-packages/airflow/example_dags/example_kubernetes_executor.py
[2024-03-02T09:52:58.761-0300] {logging_mixin.py:188} WARNING - /home/victor/Área de Trabalho/airflow/venv/lib/python3.10/site-packages/airflow/serialization/serialized_objects.py:1562 DeprecationWarning: This module is deprecated. The `cncf.kubernetes` provider before version 7.4.0 uses this module - you should migrate to a newer version of `cncf.kubernetes` to get rid of this warning. If you import the module via `airflow.kubernetes` import, please use `cncf.kubernetes' provider 7.4.0+ and switch all your imports to use `apache.airflow.providers.cncf.kubernetes` to get rid of the warning.
[2024-03-02T09:52:58.771-0300] {logging_mixin.py:188} INFO - [2024-03-02T09:52:58.770-0300] {dag.py:3047} INFO - Sync 1 DAGs
[2024-03-02T09:52:58.781-0300] {logging_mixin.py:188} INFO - [2024-03-02T09:52:58.780-0300] {dag.py:3834} INFO - Setting next_dagrun for example_kubernetes_executor to None, run_after=None
[2024-03-02T09:52:58.799-0300] {processor.py:183} INFO - Processing /home/victor/Área de Trabalho/airflow/venv/lib/python3.10/site-packages/airflow/example_dags/example_kubernetes_executor.py took 0.390 seconds
[2024-03-02T09:53:29.004-0300] {processor.py:161} INFO - Started process (PID=23246) to work on /home/victor/Área de Trabalho/airflow/venv/lib/python3.10/site-packages/airflow/example_dags/example_kubernetes_executor.py
[2024-03-02T09:53:29.005-0300] {processor.py:830} INFO - Processing file /home/victor/Área de Trabalho/airflow/venv/lib/python3.10/site-packages/airflow/example_dags/example_kubernetes_executor.py for tasks to queue
[2024-03-02T09:53:29.006-0300] {logging_mixin.py:188} INFO - [2024-03-02T09:53:29.006-0300] {dagbag.py:540} INFO - Filling up the DagBag from /home/victor/Área de Trabalho/airflow/venv/lib/python3.10/site-packages/airflow/example_dags/example_kubernetes_executor.py
[2024-03-02T09:53:29.329-0300] {processor.py:840} INFO - DAG(s) 'example_kubernetes_executor' retrieved from /home/victor/Área de Trabalho/airflow/venv/lib/python3.10/site-packages/airflow/example_dags/example_kubernetes_executor.py
[2024-03-02T09:53:29.353-0300] {logging_mixin.py:188} WARNING - /home/victor/Área de Trabalho/airflow/venv/lib/python3.10/site-packages/airflow/serialization/serialized_objects.py:1562 DeprecationWarning: This module is deprecated. The `cncf.kubernetes` provider before version 7.4.0 uses this module - you should migrate to a newer version of `cncf.kubernetes` to get rid of this warning. If you import the module via `airflow.kubernetes` import, please use `cncf.kubernetes' provider 7.4.0+ and switch all your imports to use `apache.airflow.providers.cncf.kubernetes` to get rid of the warning.
[2024-03-02T09:53:29.363-0300] {logging_mixin.py:188} INFO - [2024-03-02T09:53:29.362-0300] {dag.py:3047} INFO - Sync 1 DAGs
[2024-03-02T09:53:29.373-0300] {logging_mixin.py:188} INFO - [2024-03-02T09:53:29.373-0300] {dag.py:3834} INFO - Setting next_dagrun for example_kubernetes_executor to None, run_after=None
[2024-03-02T09:53:29.391-0300] {processor.py:183} INFO - Processing /home/victor/Área de Trabalho/airflow/venv/lib/python3.10/site-packages/airflow/example_dags/example_kubernetes_executor.py took 0.389 seconds
[2024-03-02T09:53:59.672-0300] {processor.py:161} INFO - Started process (PID=23692) to work on /home/victor/Área de Trabalho/airflow/venv/lib/python3.10/site-packages/airflow/example_dags/example_kubernetes_executor.py
[2024-03-02T09:53:59.673-0300] {processor.py:830} INFO - Processing file /home/victor/Área de Trabalho/airflow/venv/lib/python3.10/site-packages/airflow/example_dags/example_kubernetes_executor.py for tasks to queue
[2024-03-02T09:53:59.674-0300] {logging_mixin.py:188} INFO - [2024-03-02T09:53:59.674-0300] {dagbag.py:540} INFO - Filling up the DagBag from /home/victor/Área de Trabalho/airflow/venv/lib/python3.10/site-packages/airflow/example_dags/example_kubernetes_executor.py
[2024-03-02T09:53:59.978-0300] {processor.py:840} INFO - DAG(s) 'example_kubernetes_executor' retrieved from /home/victor/Área de Trabalho/airflow/venv/lib/python3.10/site-packages/airflow/example_dags/example_kubernetes_executor.py
[2024-03-02T09:54:00.001-0300] {logging_mixin.py:188} WARNING - /home/victor/Área de Trabalho/airflow/venv/lib/python3.10/site-packages/airflow/serialization/serialized_objects.py:1562 DeprecationWarning: This module is deprecated. The `cncf.kubernetes` provider before version 7.4.0 uses this module - you should migrate to a newer version of `cncf.kubernetes` to get rid of this warning. If you import the module via `airflow.kubernetes` import, please use `cncf.kubernetes' provider 7.4.0+ and switch all your imports to use `apache.airflow.providers.cncf.kubernetes` to get rid of the warning.
[2024-03-02T09:54:00.009-0300] {logging_mixin.py:188} INFO - [2024-03-02T09:54:00.009-0300] {dag.py:3047} INFO - Sync 1 DAGs
[2024-03-02T09:54:00.022-0300] {logging_mixin.py:188} INFO - [2024-03-02T09:54:00.021-0300] {dag.py:3834} INFO - Setting next_dagrun for example_kubernetes_executor to None, run_after=None
[2024-03-02T09:54:00.039-0300] {processor.py:183} INFO - Processing /home/victor/Área de Trabalho/airflow/venv/lib/python3.10/site-packages/airflow/example_dags/example_kubernetes_executor.py took 0.370 seconds
[2024-03-02T09:54:30.817-0300] {processor.py:161} INFO - Started process (PID=24212) to work on /home/victor/Área de Trabalho/airflow/venv/lib/python3.10/site-packages/airflow/example_dags/example_kubernetes_executor.py
[2024-03-02T09:54:30.818-0300] {processor.py:830} INFO - Processing file /home/victor/Área de Trabalho/airflow/venv/lib/python3.10/site-packages/airflow/example_dags/example_kubernetes_executor.py for tasks to queue
[2024-03-02T09:54:30.819-0300] {logging_mixin.py:188} INFO - [2024-03-02T09:54:30.818-0300] {dagbag.py:540} INFO - Filling up the DagBag from /home/victor/Área de Trabalho/airflow/venv/lib/python3.10/site-packages/airflow/example_dags/example_kubernetes_executor.py
[2024-03-02T09:54:31.158-0300] {processor.py:840} INFO - DAG(s) 'example_kubernetes_executor' retrieved from /home/victor/Área de Trabalho/airflow/venv/lib/python3.10/site-packages/airflow/example_dags/example_kubernetes_executor.py
[2024-03-02T09:54:31.185-0300] {logging_mixin.py:188} WARNING - /home/victor/Área de Trabalho/airflow/venv/lib/python3.10/site-packages/airflow/serialization/serialized_objects.py:1562 DeprecationWarning: This module is deprecated. The `cncf.kubernetes` provider before version 7.4.0 uses this module - you should migrate to a newer version of `cncf.kubernetes` to get rid of this warning. If you import the module via `airflow.kubernetes` import, please use `cncf.kubernetes' provider 7.4.0+ and switch all your imports to use `apache.airflow.providers.cncf.kubernetes` to get rid of the warning.
[2024-03-02T09:54:31.195-0300] {logging_mixin.py:188} INFO - [2024-03-02T09:54:31.195-0300] {dag.py:3047} INFO - Sync 1 DAGs
[2024-03-02T09:54:31.206-0300] {logging_mixin.py:188} INFO - [2024-03-02T09:54:31.206-0300] {dag.py:3834} INFO - Setting next_dagrun for example_kubernetes_executor to None, run_after=None
[2024-03-02T09:54:31.228-0300] {processor.py:183} INFO - Processing /home/victor/Área de Trabalho/airflow/venv/lib/python3.10/site-packages/airflow/example_dags/example_kubernetes_executor.py took 0.414 seconds
[2024-03-02T09:55:01.417-0300] {processor.py:161} INFO - Started process (PID=24772) to work on /home/victor/Área de Trabalho/airflow/venv/lib/python3.10/site-packages/airflow/example_dags/example_kubernetes_executor.py
[2024-03-02T09:55:01.418-0300] {processor.py:830} INFO - Processing file /home/victor/Área de Trabalho/airflow/venv/lib/python3.10/site-packages/airflow/example_dags/example_kubernetes_executor.py for tasks to queue
[2024-03-02T09:55:01.419-0300] {logging_mixin.py:188} INFO - [2024-03-02T09:55:01.419-0300] {dagbag.py:540} INFO - Filling up the DagBag from /home/victor/Área de Trabalho/airflow/venv/lib/python3.10/site-packages/airflow/example_dags/example_kubernetes_executor.py
[2024-03-02T09:55:01.733-0300] {processor.py:840} INFO - DAG(s) 'example_kubernetes_executor' retrieved from /home/victor/Área de Trabalho/airflow/venv/lib/python3.10/site-packages/airflow/example_dags/example_kubernetes_executor.py
[2024-03-02T09:55:01.755-0300] {logging_mixin.py:188} WARNING - /home/victor/Área de Trabalho/airflow/venv/lib/python3.10/site-packages/airflow/serialization/serialized_objects.py:1562 DeprecationWarning: This module is deprecated. The `cncf.kubernetes` provider before version 7.4.0 uses this module - you should migrate to a newer version of `cncf.kubernetes` to get rid of this warning. If you import the module via `airflow.kubernetes` import, please use `cncf.kubernetes' provider 7.4.0+ and switch all your imports to use `apache.airflow.providers.cncf.kubernetes` to get rid of the warning.
[2024-03-02T09:55:01.763-0300] {logging_mixin.py:188} INFO - [2024-03-02T09:55:01.763-0300] {dag.py:3047} INFO - Sync 1 DAGs
[2024-03-02T09:55:01.773-0300] {logging_mixin.py:188} INFO - [2024-03-02T09:55:01.773-0300] {dag.py:3834} INFO - Setting next_dagrun for example_kubernetes_executor to None, run_after=None
[2024-03-02T09:55:01.792-0300] {processor.py:183} INFO - Processing /home/victor/Área de Trabalho/airflow/venv/lib/python3.10/site-packages/airflow/example_dags/example_kubernetes_executor.py took 0.378 seconds
[2024-03-02T09:55:32.092-0300] {processor.py:161} INFO - Started process (PID=25241) to work on /home/victor/Área de Trabalho/airflow/venv/lib/python3.10/site-packages/airflow/example_dags/example_kubernetes_executor.py
[2024-03-02T09:55:32.093-0300] {processor.py:830} INFO - Processing file /home/victor/Área de Trabalho/airflow/venv/lib/python3.10/site-packages/airflow/example_dags/example_kubernetes_executor.py for tasks to queue
[2024-03-02T09:55:32.093-0300] {logging_mixin.py:188} INFO - [2024-03-02T09:55:32.093-0300] {dagbag.py:540} INFO - Filling up the DagBag from /home/victor/Área de Trabalho/airflow/venv/lib/python3.10/site-packages/airflow/example_dags/example_kubernetes_executor.py
[2024-03-02T09:55:32.405-0300] {processor.py:840} INFO - DAG(s) 'example_kubernetes_executor' retrieved from /home/victor/Área de Trabalho/airflow/venv/lib/python3.10/site-packages/airflow/example_dags/example_kubernetes_executor.py
[2024-03-02T09:55:32.428-0300] {logging_mixin.py:188} WARNING - /home/victor/Área de Trabalho/airflow/venv/lib/python3.10/site-packages/airflow/serialization/serialized_objects.py:1562 DeprecationWarning: This module is deprecated. The `cncf.kubernetes` provider before version 7.4.0 uses this module - you should migrate to a newer version of `cncf.kubernetes` to get rid of this warning. If you import the module via `airflow.kubernetes` import, please use `cncf.kubernetes' provider 7.4.0+ and switch all your imports to use `apache.airflow.providers.cncf.kubernetes` to get rid of the warning.
[2024-03-02T09:55:32.437-0300] {logging_mixin.py:188} INFO - [2024-03-02T09:55:32.437-0300] {dag.py:3047} INFO - Sync 1 DAGs
[2024-03-02T09:55:32.447-0300] {logging_mixin.py:188} INFO - [2024-03-02T09:55:32.447-0300] {dag.py:3834} INFO - Setting next_dagrun for example_kubernetes_executor to None, run_after=None
[2024-03-02T09:55:32.465-0300] {processor.py:183} INFO - Processing /home/victor/Área de Trabalho/airflow/venv/lib/python3.10/site-packages/airflow/example_dags/example_kubernetes_executor.py took 0.376 seconds
[2024-03-02T09:56:02.545-0300] {processor.py:161} INFO - Started process (PID=25749) to work on /home/victor/Área de Trabalho/airflow/venv/lib/python3.10/site-packages/airflow/example_dags/example_kubernetes_executor.py
[2024-03-02T09:56:02.546-0300] {processor.py:830} INFO - Processing file /home/victor/Área de Trabalho/airflow/venv/lib/python3.10/site-packages/airflow/example_dags/example_kubernetes_executor.py for tasks to queue
[2024-03-02T09:56:02.547-0300] {logging_mixin.py:188} INFO - [2024-03-02T09:56:02.546-0300] {dagbag.py:540} INFO - Filling up the DagBag from /home/victor/Área de Trabalho/airflow/venv/lib/python3.10/site-packages/airflow/example_dags/example_kubernetes_executor.py
[2024-03-02T09:56:02.842-0300] {processor.py:840} INFO - DAG(s) 'example_kubernetes_executor' retrieved from /home/victor/Área de Trabalho/airflow/venv/lib/python3.10/site-packages/airflow/example_dags/example_kubernetes_executor.py
[2024-03-02T09:56:02.865-0300] {logging_mixin.py:188} WARNING - /home/victor/Área de Trabalho/airflow/venv/lib/python3.10/site-packages/airflow/serialization/serialized_objects.py:1562 DeprecationWarning: This module is deprecated. The `cncf.kubernetes` provider before version 7.4.0 uses this module - you should migrate to a newer version of `cncf.kubernetes` to get rid of this warning. If you import the module via `airflow.kubernetes` import, please use `cncf.kubernetes' provider 7.4.0+ and switch all your imports to use `apache.airflow.providers.cncf.kubernetes` to get rid of the warning.
[2024-03-02T09:56:02.873-0300] {logging_mixin.py:188} INFO - [2024-03-02T09:56:02.873-0300] {dag.py:3047} INFO - Sync 1 DAGs
[2024-03-02T09:56:02.882-0300] {logging_mixin.py:188} INFO - [2024-03-02T09:56:02.882-0300] {dag.py:3834} INFO - Setting next_dagrun for example_kubernetes_executor to None, run_after=None
[2024-03-02T09:56:02.900-0300] {processor.py:183} INFO - Processing /home/victor/Área de Trabalho/airflow/venv/lib/python3.10/site-packages/airflow/example_dags/example_kubernetes_executor.py took 0.358 seconds
[2024-03-02T09:56:33.900-0300] {processor.py:161} INFO - Started process (PID=26070) to work on /home/victor/Área de Trabalho/airflow/venv/lib/python3.10/site-packages/airflow/example_dags/example_kubernetes_executor.py
[2024-03-02T09:56:33.900-0300] {processor.py:830} INFO - Processing file /home/victor/Área de Trabalho/airflow/venv/lib/python3.10/site-packages/airflow/example_dags/example_kubernetes_executor.py for tasks to queue
[2024-03-02T09:56:33.901-0300] {logging_mixin.py:188} INFO - [2024-03-02T09:56:33.901-0300] {dagbag.py:540} INFO - Filling up the DagBag from /home/victor/Área de Trabalho/airflow/venv/lib/python3.10/site-packages/airflow/example_dags/example_kubernetes_executor.py
[2024-03-02T09:56:34.181-0300] {processor.py:840} INFO - DAG(s) 'example_kubernetes_executor' retrieved from /home/victor/Área de Trabalho/airflow/venv/lib/python3.10/site-packages/airflow/example_dags/example_kubernetes_executor.py
[2024-03-02T09:56:34.204-0300] {logging_mixin.py:188} WARNING - /home/victor/Área de Trabalho/airflow/venv/lib/python3.10/site-packages/airflow/serialization/serialized_objects.py:1562 DeprecationWarning: This module is deprecated. The `cncf.kubernetes` provider before version 7.4.0 uses this module - you should migrate to a newer version of `cncf.kubernetes` to get rid of this warning. If you import the module via `airflow.kubernetes` import, please use `cncf.kubernetes' provider 7.4.0+ and switch all your imports to use `apache.airflow.providers.cncf.kubernetes` to get rid of the warning.
[2024-03-02T09:56:34.212-0300] {logging_mixin.py:188} INFO - [2024-03-02T09:56:34.212-0300] {dag.py:3047} INFO - Sync 1 DAGs
[2024-03-02T09:56:34.221-0300] {logging_mixin.py:188} INFO - [2024-03-02T09:56:34.221-0300] {dag.py:3834} INFO - Setting next_dagrun for example_kubernetes_executor to None, run_after=None
[2024-03-02T09:56:34.237-0300] {processor.py:183} INFO - Processing /home/victor/Área de Trabalho/airflow/venv/lib/python3.10/site-packages/airflow/example_dags/example_kubernetes_executor.py took 0.341 seconds
[2024-03-02T09:57:04.459-0300] {processor.py:161} INFO - Started process (PID=26713) to work on /home/victor/Área de Trabalho/airflow/venv/lib/python3.10/site-packages/airflow/example_dags/example_kubernetes_executor.py
[2024-03-02T09:57:04.460-0300] {processor.py:830} INFO - Processing file /home/victor/Área de Trabalho/airflow/venv/lib/python3.10/site-packages/airflow/example_dags/example_kubernetes_executor.py for tasks to queue
[2024-03-02T09:57:04.461-0300] {logging_mixin.py:188} INFO - [2024-03-02T09:57:04.460-0300] {dagbag.py:540} INFO - Filling up the DagBag from /home/victor/Área de Trabalho/airflow/venv/lib/python3.10/site-packages/airflow/example_dags/example_kubernetes_executor.py
[2024-03-02T09:57:04.753-0300] {processor.py:840} INFO - DAG(s) 'example_kubernetes_executor' retrieved from /home/victor/Área de Trabalho/airflow/venv/lib/python3.10/site-packages/airflow/example_dags/example_kubernetes_executor.py
[2024-03-02T09:57:04.776-0300] {logging_mixin.py:188} WARNING - /home/victor/Área de Trabalho/airflow/venv/lib/python3.10/site-packages/airflow/serialization/serialized_objects.py:1562 DeprecationWarning: This module is deprecated. The `cncf.kubernetes` provider before version 7.4.0 uses this module - you should migrate to a newer version of `cncf.kubernetes` to get rid of this warning. If you import the module via `airflow.kubernetes` import, please use `cncf.kubernetes' provider 7.4.0+ and switch all your imports to use `apache.airflow.providers.cncf.kubernetes` to get rid of the warning.
[2024-03-02T09:57:04.785-0300] {logging_mixin.py:188} INFO - [2024-03-02T09:57:04.784-0300] {dag.py:3047} INFO - Sync 1 DAGs
[2024-03-02T09:57:04.794-0300] {logging_mixin.py:188} INFO - [2024-03-02T09:57:04.794-0300] {dag.py:3834} INFO - Setting next_dagrun for example_kubernetes_executor to None, run_after=None
[2024-03-02T09:57:04.811-0300] {processor.py:183} INFO - Processing /home/victor/Área de Trabalho/airflow/venv/lib/python3.10/site-packages/airflow/example_dags/example_kubernetes_executor.py took 0.355 seconds
[2024-03-02T09:57:34.968-0300] {processor.py:161} INFO - Started process (PID=27034) to work on /home/victor/Área de Trabalho/airflow/venv/lib/python3.10/site-packages/airflow/example_dags/example_kubernetes_executor.py
[2024-03-02T09:57:34.969-0300] {processor.py:830} INFO - Processing file /home/victor/Área de Trabalho/airflow/venv/lib/python3.10/site-packages/airflow/example_dags/example_kubernetes_executor.py for tasks to queue
[2024-03-02T09:57:34.970-0300] {logging_mixin.py:188} INFO - [2024-03-02T09:57:34.969-0300] {dagbag.py:540} INFO - Filling up the DagBag from /home/victor/Área de Trabalho/airflow/venv/lib/python3.10/site-packages/airflow/example_dags/example_kubernetes_executor.py
[2024-03-02T09:57:35.255-0300] {processor.py:840} INFO - DAG(s) 'example_kubernetes_executor' retrieved from /home/victor/Área de Trabalho/airflow/venv/lib/python3.10/site-packages/airflow/example_dags/example_kubernetes_executor.py
[2024-03-02T09:57:35.276-0300] {logging_mixin.py:188} WARNING - /home/victor/Área de Trabalho/airflow/venv/lib/python3.10/site-packages/airflow/serialization/serialized_objects.py:1562 DeprecationWarning: This module is deprecated. The `cncf.kubernetes` provider before version 7.4.0 uses this module - you should migrate to a newer version of `cncf.kubernetes` to get rid of this warning. If you import the module via `airflow.kubernetes` import, please use `cncf.kubernetes' provider 7.4.0+ and switch all your imports to use `apache.airflow.providers.cncf.kubernetes` to get rid of the warning.
[2024-03-02T09:57:35.284-0300] {logging_mixin.py:188} INFO - [2024-03-02T09:57:35.284-0300] {dag.py:3047} INFO - Sync 1 DAGs
[2024-03-02T09:57:35.294-0300] {logging_mixin.py:188} INFO - [2024-03-02T09:57:35.294-0300] {dag.py:3834} INFO - Setting next_dagrun for example_kubernetes_executor to None, run_after=None
[2024-03-02T09:57:35.311-0300] {processor.py:183} INFO - Processing /home/victor/Área de Trabalho/airflow/venv/lib/python3.10/site-packages/airflow/example_dags/example_kubernetes_executor.py took 0.346 seconds
[2024-03-02T09:58:05.440-0300] {processor.py:161} INFO - Started process (PID=27586) to work on /home/victor/Área de Trabalho/airflow/venv/lib/python3.10/site-packages/airflow/example_dags/example_kubernetes_executor.py
[2024-03-02T09:58:05.441-0300] {processor.py:830} INFO - Processing file /home/victor/Área de Trabalho/airflow/venv/lib/python3.10/site-packages/airflow/example_dags/example_kubernetes_executor.py for tasks to queue
[2024-03-02T09:58:05.442-0300] {logging_mixin.py:188} INFO - [2024-03-02T09:58:05.442-0300] {dagbag.py:540} INFO - Filling up the DagBag from /home/victor/Área de Trabalho/airflow/venv/lib/python3.10/site-packages/airflow/example_dags/example_kubernetes_executor.py
[2024-03-02T09:58:05.736-0300] {processor.py:840} INFO - DAG(s) 'example_kubernetes_executor' retrieved from /home/victor/Área de Trabalho/airflow/venv/lib/python3.10/site-packages/airflow/example_dags/example_kubernetes_executor.py
[2024-03-02T09:58:05.760-0300] {logging_mixin.py:188} WARNING - /home/victor/Área de Trabalho/airflow/venv/lib/python3.10/site-packages/airflow/serialization/serialized_objects.py:1562 DeprecationWarning: This module is deprecated. The `cncf.kubernetes` provider before version 7.4.0 uses this module - you should migrate to a newer version of `cncf.kubernetes` to get rid of this warning. If you import the module via `airflow.kubernetes` import, please use `cncf.kubernetes' provider 7.4.0+ and switch all your imports to use `apache.airflow.providers.cncf.kubernetes` to get rid of the warning.
[2024-03-02T09:58:05.769-0300] {logging_mixin.py:188} INFO - [2024-03-02T09:58:05.768-0300] {dag.py:3047} INFO - Sync 1 DAGs
[2024-03-02T09:58:05.778-0300] {logging_mixin.py:188} INFO - [2024-03-02T09:58:05.778-0300] {dag.py:3834} INFO - Setting next_dagrun for example_kubernetes_executor to None, run_after=None
[2024-03-02T09:58:05.798-0300] {processor.py:183} INFO - Processing /home/victor/Área de Trabalho/airflow/venv/lib/python3.10/site-packages/airflow/example_dags/example_kubernetes_executor.py took 0.360 seconds
[2024-03-02T09:58:36.071-0300] {processor.py:161} INFO - Started process (PID=28955) to work on /home/victor/Área de Trabalho/airflow/venv/lib/python3.10/site-packages/airflow/example_dags/example_kubernetes_executor.py
[2024-03-02T09:58:36.073-0300] {processor.py:830} INFO - Processing file /home/victor/Área de Trabalho/airflow/venv/lib/python3.10/site-packages/airflow/example_dags/example_kubernetes_executor.py for tasks to queue
[2024-03-02T09:58:36.074-0300] {logging_mixin.py:188} INFO - [2024-03-02T09:58:36.073-0300] {dagbag.py:540} INFO - Filling up the DagBag from /home/victor/Área de Trabalho/airflow/venv/lib/python3.10/site-packages/airflow/example_dags/example_kubernetes_executor.py
[2024-03-02T09:58:36.366-0300] {processor.py:840} INFO - DAG(s) 'example_kubernetes_executor' retrieved from /home/victor/Área de Trabalho/airflow/venv/lib/python3.10/site-packages/airflow/example_dags/example_kubernetes_executor.py
[2024-03-02T09:58:36.387-0300] {logging_mixin.py:188} WARNING - /home/victor/Área de Trabalho/airflow/venv/lib/python3.10/site-packages/airflow/serialization/serialized_objects.py:1562 DeprecationWarning: This module is deprecated. The `cncf.kubernetes` provider before version 7.4.0 uses this module - you should migrate to a newer version of `cncf.kubernetes` to get rid of this warning. If you import the module via `airflow.kubernetes` import, please use `cncf.kubernetes' provider 7.4.0+ and switch all your imports to use `apache.airflow.providers.cncf.kubernetes` to get rid of the warning.
[2024-03-02T09:58:36.396-0300] {logging_mixin.py:188} INFO - [2024-03-02T09:58:36.395-0300] {dag.py:3047} INFO - Sync 1 DAGs
[2024-03-02T09:58:36.405-0300] {logging_mixin.py:188} INFO - [2024-03-02T09:58:36.405-0300] {dag.py:3834} INFO - Setting next_dagrun for example_kubernetes_executor to None, run_after=None
[2024-03-02T09:58:36.421-0300] {processor.py:183} INFO - Processing /home/victor/Área de Trabalho/airflow/venv/lib/python3.10/site-packages/airflow/example_dags/example_kubernetes_executor.py took 0.352 seconds
[2024-03-02T09:59:06.613-0300] {processor.py:161} INFO - Started process (PID=29469) to work on /home/victor/Área de Trabalho/airflow/venv/lib/python3.10/site-packages/airflow/example_dags/example_kubernetes_executor.py
[2024-03-02T09:59:06.614-0300] {processor.py:830} INFO - Processing file /home/victor/Área de Trabalho/airflow/venv/lib/python3.10/site-packages/airflow/example_dags/example_kubernetes_executor.py for tasks to queue
[2024-03-02T09:59:06.615-0300] {logging_mixin.py:188} INFO - [2024-03-02T09:59:06.615-0300] {dagbag.py:540} INFO - Filling up the DagBag from /home/victor/Área de Trabalho/airflow/venv/lib/python3.10/site-packages/airflow/example_dags/example_kubernetes_executor.py
[2024-03-02T09:59:06.894-0300] {processor.py:840} INFO - DAG(s) 'example_kubernetes_executor' retrieved from /home/victor/Área de Trabalho/airflow/venv/lib/python3.10/site-packages/airflow/example_dags/example_kubernetes_executor.py
[2024-03-02T09:59:06.917-0300] {logging_mixin.py:188} WARNING - /home/victor/Área de Trabalho/airflow/venv/lib/python3.10/site-packages/airflow/serialization/serialized_objects.py:1562 DeprecationWarning: This module is deprecated. The `cncf.kubernetes` provider before version 7.4.0 uses this module - you should migrate to a newer version of `cncf.kubernetes` to get rid of this warning. If you import the module via `airflow.kubernetes` import, please use `cncf.kubernetes' provider 7.4.0+ and switch all your imports to use `apache.airflow.providers.cncf.kubernetes` to get rid of the warning.
[2024-03-02T09:59:06.925-0300] {logging_mixin.py:188} INFO - [2024-03-02T09:59:06.925-0300] {dag.py:3047} INFO - Sync 1 DAGs
[2024-03-02T09:59:06.935-0300] {logging_mixin.py:188} INFO - [2024-03-02T09:59:06.935-0300] {dag.py:3834} INFO - Setting next_dagrun for example_kubernetes_executor to None, run_after=None
[2024-03-02T09:59:06.953-0300] {processor.py:183} INFO - Processing /home/victor/Área de Trabalho/airflow/venv/lib/python3.10/site-packages/airflow/example_dags/example_kubernetes_executor.py took 0.343 seconds
