[2024-03-02T09:36:58.448-0300] {processor.py:161} INFO - Started process (PID=7887) to work on /home/victor/Área de Trabalho/airflow/venv/lib/python3.10/site-packages/airflow/example_dags/example_xcom.py
[2024-03-02T09:36:58.449-0300] {processor.py:830} INFO - Processing file /home/victor/Área de Trabalho/airflow/venv/lib/python3.10/site-packages/airflow/example_dags/example_xcom.py for tasks to queue
[2024-03-02T09:36:58.449-0300] {logging_mixin.py:188} INFO - [2024-03-02T09:36:58.449-0300] {dagbag.py:540} INFO - Filling up the DagBag from /home/victor/Área de Trabalho/airflow/venv/lib/python3.10/site-packages/airflow/example_dags/example_xcom.py
[2024-03-02T09:36:58.458-0300] {processor.py:840} INFO - DAG(s) 'example_xcom' retrieved from /home/victor/Área de Trabalho/airflow/venv/lib/python3.10/site-packages/airflow/example_dags/example_xcom.py
[2024-03-02T09:36:58.486-0300] {logging_mixin.py:188} INFO - [2024-03-02T09:36:58.486-0300] {dag.py:3047} INFO - Sync 1 DAGs
[2024-03-02T09:36:58.513-0300] {logging_mixin.py:188} INFO - [2024-03-02T09:36:58.513-0300] {dag.py:3834} INFO - Setting next_dagrun for example_xcom to 2021-01-01 00:00:00+00:00, run_after=2021-01-01 00:00:00+00:00
[2024-03-02T09:36:58.537-0300] {processor.py:183} INFO - Processing /home/victor/Área de Trabalho/airflow/venv/lib/python3.10/site-packages/airflow/example_dags/example_xcom.py took 0.092 seconds
[2024-03-02T09:37:29.378-0300] {processor.py:161} INFO - Started process (PID=9297) to work on /home/victor/Área de Trabalho/airflow/venv/lib/python3.10/site-packages/airflow/example_dags/example_xcom.py
[2024-03-02T09:37:29.379-0300] {processor.py:830} INFO - Processing file /home/victor/Área de Trabalho/airflow/venv/lib/python3.10/site-packages/airflow/example_dags/example_xcom.py for tasks to queue
[2024-03-02T09:37:29.380-0300] {logging_mixin.py:188} INFO - [2024-03-02T09:37:29.379-0300] {dagbag.py:540} INFO - Filling up the DagBag from /home/victor/Área de Trabalho/airflow/venv/lib/python3.10/site-packages/airflow/example_dags/example_xcom.py
[2024-03-02T09:37:29.386-0300] {processor.py:840} INFO - DAG(s) 'example_xcom' retrieved from /home/victor/Área de Trabalho/airflow/venv/lib/python3.10/site-packages/airflow/example_dags/example_xcom.py
[2024-03-02T09:37:29.486-0300] {logging_mixin.py:188} INFO - [2024-03-02T09:37:29.486-0300] {dag.py:3047} INFO - Sync 1 DAGs
[2024-03-02T09:37:29.505-0300] {logging_mixin.py:188} INFO - [2024-03-02T09:37:29.505-0300] {dag.py:3834} INFO - Setting next_dagrun for example_xcom to 2021-01-01 00:00:00+00:00, run_after=2021-01-01 00:00:00+00:00
[2024-03-02T09:37:29.525-0300] {processor.py:183} INFO - Processing /home/victor/Área de Trabalho/airflow/venv/lib/python3.10/site-packages/airflow/example_dags/example_xcom.py took 0.150 seconds
[2024-03-02T09:37:59.919-0300] {processor.py:161} INFO - Started process (PID=9962) to work on /home/victor/Área de Trabalho/airflow/venv/lib/python3.10/site-packages/airflow/example_dags/example_xcom.py
[2024-03-02T09:37:59.920-0300] {processor.py:830} INFO - Processing file /home/victor/Área de Trabalho/airflow/venv/lib/python3.10/site-packages/airflow/example_dags/example_xcom.py for tasks to queue
[2024-03-02T09:37:59.920-0300] {logging_mixin.py:188} INFO - [2024-03-02T09:37:59.920-0300] {dagbag.py:540} INFO - Filling up the DagBag from /home/victor/Área de Trabalho/airflow/venv/lib/python3.10/site-packages/airflow/example_dags/example_xcom.py
[2024-03-02T09:37:59.926-0300] {processor.py:840} INFO - DAG(s) 'example_xcom' retrieved from /home/victor/Área de Trabalho/airflow/venv/lib/python3.10/site-packages/airflow/example_dags/example_xcom.py
[2024-03-02T09:37:59.952-0300] {logging_mixin.py:188} INFO - [2024-03-02T09:37:59.951-0300] {dag.py:3047} INFO - Sync 1 DAGs
[2024-03-02T09:37:59.971-0300] {logging_mixin.py:188} INFO - [2024-03-02T09:37:59.970-0300] {dag.py:3834} INFO - Setting next_dagrun for example_xcom to 2021-01-01 00:00:00+00:00, run_after=2021-01-01 00:00:00+00:00
[2024-03-02T09:37:59.990-0300] {processor.py:183} INFO - Processing /home/victor/Área de Trabalho/airflow/venv/lib/python3.10/site-packages/airflow/example_dags/example_xcom.py took 0.074 seconds
[2024-03-02T09:38:31.422-0300] {processor.py:161} INFO - Started process (PID=10279) to work on /home/victor/Área de Trabalho/airflow/venv/lib/python3.10/site-packages/airflow/example_dags/example_xcom.py
[2024-03-02T09:38:31.422-0300] {processor.py:830} INFO - Processing file /home/victor/Área de Trabalho/airflow/venv/lib/python3.10/site-packages/airflow/example_dags/example_xcom.py for tasks to queue
[2024-03-02T09:38:31.423-0300] {logging_mixin.py:188} INFO - [2024-03-02T09:38:31.423-0300] {dagbag.py:540} INFO - Filling up the DagBag from /home/victor/Área de Trabalho/airflow/venv/lib/python3.10/site-packages/airflow/example_dags/example_xcom.py
[2024-03-02T09:38:31.430-0300] {processor.py:840} INFO - DAG(s) 'example_xcom' retrieved from /home/victor/Área de Trabalho/airflow/venv/lib/python3.10/site-packages/airflow/example_dags/example_xcom.py
[2024-03-02T09:38:31.457-0300] {logging_mixin.py:188} INFO - [2024-03-02T09:38:31.457-0300] {dag.py:3047} INFO - Sync 1 DAGs
[2024-03-02T09:38:31.477-0300] {logging_mixin.py:188} INFO - [2024-03-02T09:38:31.477-0300] {dag.py:3834} INFO - Setting next_dagrun for example_xcom to 2021-01-01 00:00:00+00:00, run_after=2021-01-01 00:00:00+00:00
[2024-03-02T09:38:31.495-0300] {processor.py:183} INFO - Processing /home/victor/Área de Trabalho/airflow/venv/lib/python3.10/site-packages/airflow/example_dags/example_xcom.py took 0.076 seconds
[2024-03-02T09:39:02.835-0300] {processor.py:161} INFO - Started process (PID=10820) to work on /home/victor/Área de Trabalho/airflow/venv/lib/python3.10/site-packages/airflow/example_dags/example_xcom.py
[2024-03-02T09:39:02.836-0300] {processor.py:830} INFO - Processing file /home/victor/Área de Trabalho/airflow/venv/lib/python3.10/site-packages/airflow/example_dags/example_xcom.py for tasks to queue
[2024-03-02T09:39:02.836-0300] {logging_mixin.py:188} INFO - [2024-03-02T09:39:02.836-0300] {dagbag.py:540} INFO - Filling up the DagBag from /home/victor/Área de Trabalho/airflow/venv/lib/python3.10/site-packages/airflow/example_dags/example_xcom.py
[2024-03-02T09:39:02.843-0300] {processor.py:840} INFO - DAG(s) 'example_xcom' retrieved from /home/victor/Área de Trabalho/airflow/venv/lib/python3.10/site-packages/airflow/example_dags/example_xcom.py
[2024-03-02T09:39:02.878-0300] {logging_mixin.py:188} INFO - [2024-03-02T09:39:02.878-0300] {dag.py:3047} INFO - Sync 1 DAGs
[2024-03-02T09:39:02.901-0300] {logging_mixin.py:188} INFO - [2024-03-02T09:39:02.900-0300] {dag.py:3834} INFO - Setting next_dagrun for example_xcom to 2021-01-01 00:00:00+00:00, run_after=2021-01-01 00:00:00+00:00
[2024-03-02T09:39:02.918-0300] {processor.py:183} INFO - Processing /home/victor/Área de Trabalho/airflow/venv/lib/python3.10/site-packages/airflow/example_dags/example_xcom.py took 0.086 seconds
[2024-03-02T09:39:34.028-0300] {processor.py:161} INFO - Started process (PID=11433) to work on /home/victor/Área de Trabalho/airflow/venv/lib/python3.10/site-packages/airflow/example_dags/example_xcom.py
[2024-03-02T09:39:34.030-0300] {processor.py:830} INFO - Processing file /home/victor/Área de Trabalho/airflow/venv/lib/python3.10/site-packages/airflow/example_dags/example_xcom.py for tasks to queue
[2024-03-02T09:39:34.030-0300] {logging_mixin.py:188} INFO - [2024-03-02T09:39:34.030-0300] {dagbag.py:540} INFO - Filling up the DagBag from /home/victor/Área de Trabalho/airflow/venv/lib/python3.10/site-packages/airflow/example_dags/example_xcom.py
[2024-03-02T09:39:34.038-0300] {processor.py:840} INFO - DAG(s) 'example_xcom' retrieved from /home/victor/Área de Trabalho/airflow/venv/lib/python3.10/site-packages/airflow/example_dags/example_xcom.py
[2024-03-02T09:39:34.064-0300] {logging_mixin.py:188} INFO - [2024-03-02T09:39:34.064-0300] {dag.py:3047} INFO - Sync 1 DAGs
[2024-03-02T09:39:34.085-0300] {logging_mixin.py:188} INFO - [2024-03-02T09:39:34.084-0300] {dag.py:3834} INFO - Setting next_dagrun for example_xcom to 2021-01-01 00:00:00+00:00, run_after=2021-01-01 00:00:00+00:00
[2024-03-02T09:39:34.104-0300] {processor.py:183} INFO - Processing /home/victor/Área de Trabalho/airflow/venv/lib/python3.10/site-packages/airflow/example_dags/example_xcom.py took 0.079 seconds
[2024-03-02T09:40:05.325-0300] {processor.py:161} INFO - Started process (PID=11908) to work on /home/victor/Área de Trabalho/airflow/venv/lib/python3.10/site-packages/airflow/example_dags/example_xcom.py
[2024-03-02T09:40:05.325-0300] {processor.py:830} INFO - Processing file /home/victor/Área de Trabalho/airflow/venv/lib/python3.10/site-packages/airflow/example_dags/example_xcom.py for tasks to queue
[2024-03-02T09:40:05.326-0300] {logging_mixin.py:188} INFO - [2024-03-02T09:40:05.326-0300] {dagbag.py:540} INFO - Filling up the DagBag from /home/victor/Área de Trabalho/airflow/venv/lib/python3.10/site-packages/airflow/example_dags/example_xcom.py
[2024-03-02T09:40:05.332-0300] {processor.py:840} INFO - DAG(s) 'example_xcom' retrieved from /home/victor/Área de Trabalho/airflow/venv/lib/python3.10/site-packages/airflow/example_dags/example_xcom.py
[2024-03-02T09:40:05.356-0300] {logging_mixin.py:188} INFO - [2024-03-02T09:40:05.356-0300] {dag.py:3047} INFO - Sync 1 DAGs
[2024-03-02T09:40:05.375-0300] {logging_mixin.py:188} INFO - [2024-03-02T09:40:05.375-0300] {dag.py:3834} INFO - Setting next_dagrun for example_xcom to 2021-01-01 00:00:00+00:00, run_after=2021-01-01 00:00:00+00:00
[2024-03-02T09:40:05.393-0300] {processor.py:183} INFO - Processing /home/victor/Área de Trabalho/airflow/venv/lib/python3.10/site-packages/airflow/example_dags/example_xcom.py took 0.071 seconds
[2024-03-02T09:40:36.662-0300] {processor.py:161} INFO - Started process (PID=12287) to work on /home/victor/Área de Trabalho/airflow/venv/lib/python3.10/site-packages/airflow/example_dags/example_xcom.py
[2024-03-02T09:40:36.663-0300] {processor.py:830} INFO - Processing file /home/victor/Área de Trabalho/airflow/venv/lib/python3.10/site-packages/airflow/example_dags/example_xcom.py for tasks to queue
[2024-03-02T09:40:36.664-0300] {logging_mixin.py:188} INFO - [2024-03-02T09:40:36.663-0300] {dagbag.py:540} INFO - Filling up the DagBag from /home/victor/Área de Trabalho/airflow/venv/lib/python3.10/site-packages/airflow/example_dags/example_xcom.py
[2024-03-02T09:40:36.670-0300] {processor.py:840} INFO - DAG(s) 'example_xcom' retrieved from /home/victor/Área de Trabalho/airflow/venv/lib/python3.10/site-packages/airflow/example_dags/example_xcom.py
[2024-03-02T09:40:36.703-0300] {logging_mixin.py:188} INFO - [2024-03-02T09:40:36.703-0300] {dag.py:3047} INFO - Sync 1 DAGs
[2024-03-02T09:40:36.726-0300] {logging_mixin.py:188} INFO - [2024-03-02T09:40:36.726-0300] {dag.py:3834} INFO - Setting next_dagrun for example_xcom to 2021-01-01 00:00:00+00:00, run_after=2021-01-01 00:00:00+00:00
[2024-03-02T09:40:36.746-0300] {processor.py:183} INFO - Processing /home/victor/Área de Trabalho/airflow/venv/lib/python3.10/site-packages/airflow/example_dags/example_xcom.py took 0.086 seconds
[2024-03-02T09:41:07.529-0300] {processor.py:161} INFO - Started process (PID=12763) to work on /home/victor/Área de Trabalho/airflow/venv/lib/python3.10/site-packages/airflow/example_dags/example_xcom.py
[2024-03-02T09:41:07.531-0300] {processor.py:830} INFO - Processing file /home/victor/Área de Trabalho/airflow/venv/lib/python3.10/site-packages/airflow/example_dags/example_xcom.py for tasks to queue
[2024-03-02T09:41:07.532-0300] {logging_mixin.py:188} INFO - [2024-03-02T09:41:07.531-0300] {dagbag.py:540} INFO - Filling up the DagBag from /home/victor/Área de Trabalho/airflow/venv/lib/python3.10/site-packages/airflow/example_dags/example_xcom.py
[2024-03-02T09:41:07.540-0300] {processor.py:840} INFO - DAG(s) 'example_xcom' retrieved from /home/victor/Área de Trabalho/airflow/venv/lib/python3.10/site-packages/airflow/example_dags/example_xcom.py
[2024-03-02T09:41:07.573-0300] {logging_mixin.py:188} INFO - [2024-03-02T09:41:07.573-0300] {dag.py:3047} INFO - Sync 1 DAGs
[2024-03-02T09:41:07.596-0300] {logging_mixin.py:188} INFO - [2024-03-02T09:41:07.596-0300] {dag.py:3834} INFO - Setting next_dagrun for example_xcom to 2021-01-01 00:00:00+00:00, run_after=2021-01-01 00:00:00+00:00
[2024-03-02T09:41:07.619-0300] {processor.py:183} INFO - Processing /home/victor/Área de Trabalho/airflow/venv/lib/python3.10/site-packages/airflow/example_dags/example_xcom.py took 0.093 seconds
[2024-03-02T09:41:38.396-0300] {processor.py:161} INFO - Started process (PID=13078) to work on /home/victor/Área de Trabalho/airflow/venv/lib/python3.10/site-packages/airflow/example_dags/example_xcom.py
[2024-03-02T09:41:38.397-0300] {processor.py:830} INFO - Processing file /home/victor/Área de Trabalho/airflow/venv/lib/python3.10/site-packages/airflow/example_dags/example_xcom.py for tasks to queue
[2024-03-02T09:41:38.398-0300] {logging_mixin.py:188} INFO - [2024-03-02T09:41:38.398-0300] {dagbag.py:540} INFO - Filling up the DagBag from /home/victor/Área de Trabalho/airflow/venv/lib/python3.10/site-packages/airflow/example_dags/example_xcom.py
[2024-03-02T09:41:38.404-0300] {processor.py:840} INFO - DAG(s) 'example_xcom' retrieved from /home/victor/Área de Trabalho/airflow/venv/lib/python3.10/site-packages/airflow/example_dags/example_xcom.py
[2024-03-02T09:41:38.435-0300] {logging_mixin.py:188} INFO - [2024-03-02T09:41:38.435-0300] {dag.py:3047} INFO - Sync 1 DAGs
[2024-03-02T09:41:38.459-0300] {logging_mixin.py:188} INFO - [2024-03-02T09:41:38.459-0300] {dag.py:3834} INFO - Setting next_dagrun for example_xcom to 2021-01-01 00:00:00+00:00, run_after=2021-01-01 00:00:00+00:00
[2024-03-02T09:41:38.482-0300] {processor.py:183} INFO - Processing /home/victor/Área de Trabalho/airflow/venv/lib/python3.10/site-packages/airflow/example_dags/example_xcom.py took 0.089 seconds
[2024-03-02T09:42:09.165-0300] {processor.py:161} INFO - Started process (PID=13711) to work on /home/victor/Área de Trabalho/airflow/venv/lib/python3.10/site-packages/airflow/example_dags/example_xcom.py
[2024-03-02T09:42:09.167-0300] {processor.py:830} INFO - Processing file /home/victor/Área de Trabalho/airflow/venv/lib/python3.10/site-packages/airflow/example_dags/example_xcom.py for tasks to queue
[2024-03-02T09:42:09.167-0300] {logging_mixin.py:188} INFO - [2024-03-02T09:42:09.167-0300] {dagbag.py:540} INFO - Filling up the DagBag from /home/victor/Área de Trabalho/airflow/venv/lib/python3.10/site-packages/airflow/example_dags/example_xcom.py
[2024-03-02T09:42:09.178-0300] {processor.py:840} INFO - DAG(s) 'example_xcom' retrieved from /home/victor/Área de Trabalho/airflow/venv/lib/python3.10/site-packages/airflow/example_dags/example_xcom.py
[2024-03-02T09:42:09.205-0300] {logging_mixin.py:188} INFO - [2024-03-02T09:42:09.205-0300] {dag.py:3047} INFO - Sync 1 DAGs
[2024-03-02T09:42:09.233-0300] {logging_mixin.py:188} INFO - [2024-03-02T09:42:09.233-0300] {dag.py:3834} INFO - Setting next_dagrun for example_xcom to 2021-01-01 00:00:00+00:00, run_after=2021-01-01 00:00:00+00:00
[2024-03-02T09:42:09.258-0300] {processor.py:183} INFO - Processing /home/victor/Área de Trabalho/airflow/venv/lib/python3.10/site-packages/airflow/example_dags/example_xcom.py took 0.097 seconds
[2024-03-02T09:42:40.048-0300] {processor.py:161} INFO - Started process (PID=14032) to work on /home/victor/Área de Trabalho/airflow/venv/lib/python3.10/site-packages/airflow/example_dags/example_xcom.py
[2024-03-02T09:42:40.049-0300] {processor.py:830} INFO - Processing file /home/victor/Área de Trabalho/airflow/venv/lib/python3.10/site-packages/airflow/example_dags/example_xcom.py for tasks to queue
[2024-03-02T09:42:40.050-0300] {logging_mixin.py:188} INFO - [2024-03-02T09:42:40.049-0300] {dagbag.py:540} INFO - Filling up the DagBag from /home/victor/Área de Trabalho/airflow/venv/lib/python3.10/site-packages/airflow/example_dags/example_xcom.py
[2024-03-02T09:42:40.059-0300] {processor.py:840} INFO - DAG(s) 'example_xcom' retrieved from /home/victor/Área de Trabalho/airflow/venv/lib/python3.10/site-packages/airflow/example_dags/example_xcom.py
[2024-03-02T09:42:40.093-0300] {logging_mixin.py:188} INFO - [2024-03-02T09:42:40.092-0300] {dag.py:3047} INFO - Sync 1 DAGs
[2024-03-02T09:42:40.118-0300] {logging_mixin.py:188} INFO - [2024-03-02T09:42:40.118-0300] {dag.py:3834} INFO - Setting next_dagrun for example_xcom to 2021-01-01 00:00:00+00:00, run_after=2021-01-01 00:00:00+00:00
[2024-03-02T09:42:40.138-0300] {processor.py:183} INFO - Processing /home/victor/Área de Trabalho/airflow/venv/lib/python3.10/site-packages/airflow/example_dags/example_xcom.py took 0.093 seconds
[2024-03-02T09:43:11.191-0300] {processor.py:161} INFO - Started process (PID=14512) to work on /home/victor/Área de Trabalho/airflow/venv/lib/python3.10/site-packages/airflow/example_dags/example_xcom.py
[2024-03-02T09:43:11.192-0300] {processor.py:830} INFO - Processing file /home/victor/Área de Trabalho/airflow/venv/lib/python3.10/site-packages/airflow/example_dags/example_xcom.py for tasks to queue
[2024-03-02T09:43:11.193-0300] {logging_mixin.py:188} INFO - [2024-03-02T09:43:11.192-0300] {dagbag.py:540} INFO - Filling up the DagBag from /home/victor/Área de Trabalho/airflow/venv/lib/python3.10/site-packages/airflow/example_dags/example_xcom.py
[2024-03-02T09:43:11.201-0300] {processor.py:840} INFO - DAG(s) 'example_xcom' retrieved from /home/victor/Área de Trabalho/airflow/venv/lib/python3.10/site-packages/airflow/example_dags/example_xcom.py
[2024-03-02T09:43:11.231-0300] {logging_mixin.py:188} INFO - [2024-03-02T09:43:11.231-0300] {dag.py:3047} INFO - Sync 1 DAGs
[2024-03-02T09:43:11.254-0300] {logging_mixin.py:188} INFO - [2024-03-02T09:43:11.254-0300] {dag.py:3834} INFO - Setting next_dagrun for example_xcom to 2021-01-01 00:00:00+00:00, run_after=2021-01-01 00:00:00+00:00
[2024-03-02T09:43:11.276-0300] {processor.py:183} INFO - Processing /home/victor/Área de Trabalho/airflow/venv/lib/python3.10/site-packages/airflow/example_dags/example_xcom.py took 0.088 seconds
[2024-03-02T09:43:42.014-0300] {processor.py:161} INFO - Started process (PID=14834) to work on /home/victor/Área de Trabalho/airflow/venv/lib/python3.10/site-packages/airflow/example_dags/example_xcom.py
[2024-03-02T09:43:42.015-0300] {processor.py:830} INFO - Processing file /home/victor/Área de Trabalho/airflow/venv/lib/python3.10/site-packages/airflow/example_dags/example_xcom.py for tasks to queue
[2024-03-02T09:43:42.016-0300] {logging_mixin.py:188} INFO - [2024-03-02T09:43:42.016-0300] {dagbag.py:540} INFO - Filling up the DagBag from /home/victor/Área de Trabalho/airflow/venv/lib/python3.10/site-packages/airflow/example_dags/example_xcom.py
[2024-03-02T09:43:42.025-0300] {processor.py:840} INFO - DAG(s) 'example_xcom' retrieved from /home/victor/Área de Trabalho/airflow/venv/lib/python3.10/site-packages/airflow/example_dags/example_xcom.py
[2024-03-02T09:43:42.054-0300] {logging_mixin.py:188} INFO - [2024-03-02T09:43:42.054-0300] {dag.py:3047} INFO - Sync 1 DAGs
[2024-03-02T09:43:42.078-0300] {logging_mixin.py:188} INFO - [2024-03-02T09:43:42.078-0300] {dag.py:3834} INFO - Setting next_dagrun for example_xcom to 2021-01-01 00:00:00+00:00, run_after=2021-01-01 00:00:00+00:00
[2024-03-02T09:43:42.098-0300] {processor.py:183} INFO - Processing /home/victor/Área de Trabalho/airflow/venv/lib/python3.10/site-packages/airflow/example_dags/example_xcom.py took 0.087 seconds
[2024-03-02T09:44:13.468-0300] {processor.py:161} INFO - Started process (PID=15315) to work on /home/victor/Área de Trabalho/airflow/venv/lib/python3.10/site-packages/airflow/example_dags/example_xcom.py
[2024-03-02T09:44:13.469-0300] {processor.py:830} INFO - Processing file /home/victor/Área de Trabalho/airflow/venv/lib/python3.10/site-packages/airflow/example_dags/example_xcom.py for tasks to queue
[2024-03-02T09:44:13.470-0300] {logging_mixin.py:188} INFO - [2024-03-02T09:44:13.469-0300] {dagbag.py:540} INFO - Filling up the DagBag from /home/victor/Área de Trabalho/airflow/venv/lib/python3.10/site-packages/airflow/example_dags/example_xcom.py
[2024-03-02T09:44:13.476-0300] {processor.py:840} INFO - DAG(s) 'example_xcom' retrieved from /home/victor/Área de Trabalho/airflow/venv/lib/python3.10/site-packages/airflow/example_dags/example_xcom.py
[2024-03-02T09:44:13.506-0300] {logging_mixin.py:188} INFO - [2024-03-02T09:44:13.506-0300] {dag.py:3047} INFO - Sync 1 DAGs
[2024-03-02T09:44:13.530-0300] {logging_mixin.py:188} INFO - [2024-03-02T09:44:13.529-0300] {dag.py:3834} INFO - Setting next_dagrun for example_xcom to 2021-01-01 00:00:00+00:00, run_after=2021-01-01 00:00:00+00:00
[2024-03-02T09:44:13.549-0300] {processor.py:183} INFO - Processing /home/victor/Área de Trabalho/airflow/venv/lib/python3.10/site-packages/airflow/example_dags/example_xcom.py took 0.084 seconds
[2024-03-02T09:44:44.154-0300] {processor.py:161} INFO - Started process (PID=15638) to work on /home/victor/Área de Trabalho/airflow/venv/lib/python3.10/site-packages/airflow/example_dags/example_xcom.py
[2024-03-02T09:44:44.155-0300] {processor.py:830} INFO - Processing file /home/victor/Área de Trabalho/airflow/venv/lib/python3.10/site-packages/airflow/example_dags/example_xcom.py for tasks to queue
[2024-03-02T09:44:44.156-0300] {logging_mixin.py:188} INFO - [2024-03-02T09:44:44.156-0300] {dagbag.py:540} INFO - Filling up the DagBag from /home/victor/Área de Trabalho/airflow/venv/lib/python3.10/site-packages/airflow/example_dags/example_xcom.py
[2024-03-02T09:44:44.164-0300] {processor.py:840} INFO - DAG(s) 'example_xcom' retrieved from /home/victor/Área de Trabalho/airflow/venv/lib/python3.10/site-packages/airflow/example_dags/example_xcom.py
[2024-03-02T09:44:44.197-0300] {logging_mixin.py:188} INFO - [2024-03-02T09:44:44.197-0300] {dag.py:3047} INFO - Sync 1 DAGs
[2024-03-02T09:44:44.226-0300] {logging_mixin.py:188} INFO - [2024-03-02T09:44:44.225-0300] {dag.py:3834} INFO - Setting next_dagrun for example_xcom to 2021-01-01 00:00:00+00:00, run_after=2021-01-01 00:00:00+00:00
[2024-03-02T09:44:44.249-0300] {processor.py:183} INFO - Processing /home/victor/Área de Trabalho/airflow/venv/lib/python3.10/site-packages/airflow/example_dags/example_xcom.py took 0.098 seconds
[2024-03-02T09:45:14.903-0300] {processor.py:161} INFO - Started process (PID=16126) to work on /home/victor/Área de Trabalho/airflow/venv/lib/python3.10/site-packages/airflow/example_dags/example_xcom.py
[2024-03-02T09:45:14.904-0300] {processor.py:830} INFO - Processing file /home/victor/Área de Trabalho/airflow/venv/lib/python3.10/site-packages/airflow/example_dags/example_xcom.py for tasks to queue
[2024-03-02T09:45:14.905-0300] {logging_mixin.py:188} INFO - [2024-03-02T09:45:14.905-0300] {dagbag.py:540} INFO - Filling up the DagBag from /home/victor/Área de Trabalho/airflow/venv/lib/python3.10/site-packages/airflow/example_dags/example_xcom.py
[2024-03-02T09:45:14.914-0300] {processor.py:840} INFO - DAG(s) 'example_xcom' retrieved from /home/victor/Área de Trabalho/airflow/venv/lib/python3.10/site-packages/airflow/example_dags/example_xcom.py
[2024-03-02T09:45:14.961-0300] {logging_mixin.py:188} INFO - [2024-03-02T09:45:14.961-0300] {dag.py:3047} INFO - Sync 1 DAGs
[2024-03-02T09:45:14.986-0300] {logging_mixin.py:188} INFO - [2024-03-02T09:45:14.986-0300] {dag.py:3834} INFO - Setting next_dagrun for example_xcom to 2021-01-01 00:00:00+00:00, run_after=2021-01-01 00:00:00+00:00
[2024-03-02T09:45:15.006-0300] {processor.py:183} INFO - Processing /home/victor/Área de Trabalho/airflow/venv/lib/python3.10/site-packages/airflow/example_dags/example_xcom.py took 0.109 seconds
[2024-03-02T09:45:46.043-0300] {processor.py:161} INFO - Started process (PID=16638) to work on /home/victor/Área de Trabalho/airflow/venv/lib/python3.10/site-packages/airflow/example_dags/example_xcom.py
[2024-03-02T09:45:46.044-0300] {processor.py:830} INFO - Processing file /home/victor/Área de Trabalho/airflow/venv/lib/python3.10/site-packages/airflow/example_dags/example_xcom.py for tasks to queue
[2024-03-02T09:45:46.045-0300] {logging_mixin.py:188} INFO - [2024-03-02T09:45:46.045-0300] {dagbag.py:540} INFO - Filling up the DagBag from /home/victor/Área de Trabalho/airflow/venv/lib/python3.10/site-packages/airflow/example_dags/example_xcom.py
[2024-03-02T09:45:46.052-0300] {processor.py:840} INFO - DAG(s) 'example_xcom' retrieved from /home/victor/Área de Trabalho/airflow/venv/lib/python3.10/site-packages/airflow/example_dags/example_xcom.py
[2024-03-02T09:45:46.086-0300] {logging_mixin.py:188} INFO - [2024-03-02T09:45:46.085-0300] {dag.py:3047} INFO - Sync 1 DAGs
[2024-03-02T09:45:46.107-0300] {logging_mixin.py:188} INFO - [2024-03-02T09:45:46.106-0300] {dag.py:3834} INFO - Setting next_dagrun for example_xcom to 2021-01-01 00:00:00+00:00, run_after=2021-01-01 00:00:00+00:00
[2024-03-02T09:45:46.128-0300] {processor.py:183} INFO - Processing /home/victor/Área de Trabalho/airflow/venv/lib/python3.10/site-packages/airflow/example_dags/example_xcom.py took 0.087 seconds
[2024-03-02T09:46:17.598-0300] {processor.py:161} INFO - Started process (PID=17122) to work on /home/victor/Área de Trabalho/airflow/venv/lib/python3.10/site-packages/airflow/example_dags/example_xcom.py
[2024-03-02T09:46:17.599-0300] {processor.py:830} INFO - Processing file /home/victor/Área de Trabalho/airflow/venv/lib/python3.10/site-packages/airflow/example_dags/example_xcom.py for tasks to queue
[2024-03-02T09:46:17.601-0300] {logging_mixin.py:188} INFO - [2024-03-02T09:46:17.600-0300] {dagbag.py:540} INFO - Filling up the DagBag from /home/victor/Área de Trabalho/airflow/venv/lib/python3.10/site-packages/airflow/example_dags/example_xcom.py
[2024-03-02T09:46:17.608-0300] {processor.py:840} INFO - DAG(s) 'example_xcom' retrieved from /home/victor/Área de Trabalho/airflow/venv/lib/python3.10/site-packages/airflow/example_dags/example_xcom.py
[2024-03-02T09:46:17.636-0300] {logging_mixin.py:188} INFO - [2024-03-02T09:46:17.636-0300] {dag.py:3047} INFO - Sync 1 DAGs
[2024-03-02T09:46:17.658-0300] {logging_mixin.py:188} INFO - [2024-03-02T09:46:17.658-0300] {dag.py:3834} INFO - Setting next_dagrun for example_xcom to 2021-01-01 00:00:00+00:00, run_after=2021-01-01 00:00:00+00:00
[2024-03-02T09:46:17.679-0300] {processor.py:183} INFO - Processing /home/victor/Área de Trabalho/airflow/venv/lib/python3.10/site-packages/airflow/example_dags/example_xcom.py took 0.084 seconds
[2024-03-02T09:46:48.334-0300] {processor.py:161} INFO - Started process (PID=17444) to work on /home/victor/Área de Trabalho/airflow/venv/lib/python3.10/site-packages/airflow/example_dags/example_xcom.py
[2024-03-02T09:46:48.335-0300] {processor.py:830} INFO - Processing file /home/victor/Área de Trabalho/airflow/venv/lib/python3.10/site-packages/airflow/example_dags/example_xcom.py for tasks to queue
[2024-03-02T09:46:48.336-0300] {logging_mixin.py:188} INFO - [2024-03-02T09:46:48.335-0300] {dagbag.py:540} INFO - Filling up the DagBag from /home/victor/Área de Trabalho/airflow/venv/lib/python3.10/site-packages/airflow/example_dags/example_xcom.py
[2024-03-02T09:46:48.343-0300] {processor.py:840} INFO - DAG(s) 'example_xcom' retrieved from /home/victor/Área de Trabalho/airflow/venv/lib/python3.10/site-packages/airflow/example_dags/example_xcom.py
[2024-03-02T09:46:48.374-0300] {logging_mixin.py:188} INFO - [2024-03-02T09:46:48.374-0300] {dag.py:3047} INFO - Sync 1 DAGs
[2024-03-02T09:46:48.396-0300] {logging_mixin.py:188} INFO - [2024-03-02T09:46:48.395-0300] {dag.py:3834} INFO - Setting next_dagrun for example_xcom to 2021-01-01 00:00:00+00:00, run_after=2021-01-01 00:00:00+00:00
[2024-03-02T09:46:48.415-0300] {processor.py:183} INFO - Processing /home/victor/Área de Trabalho/airflow/venv/lib/python3.10/site-packages/airflow/example_dags/example_xcom.py took 0.083 seconds
[2024-03-02T09:47:19.206-0300] {processor.py:161} INFO - Started process (PID=18104) to work on /home/victor/Área de Trabalho/airflow/venv/lib/python3.10/site-packages/airflow/example_dags/example_xcom.py
[2024-03-02T09:47:19.207-0300] {processor.py:830} INFO - Processing file /home/victor/Área de Trabalho/airflow/venv/lib/python3.10/site-packages/airflow/example_dags/example_xcom.py for tasks to queue
[2024-03-02T09:47:19.207-0300] {logging_mixin.py:188} INFO - [2024-03-02T09:47:19.207-0300] {dagbag.py:540} INFO - Filling up the DagBag from /home/victor/Área de Trabalho/airflow/venv/lib/python3.10/site-packages/airflow/example_dags/example_xcom.py
[2024-03-02T09:47:19.213-0300] {processor.py:840} INFO - DAG(s) 'example_xcom' retrieved from /home/victor/Área de Trabalho/airflow/venv/lib/python3.10/site-packages/airflow/example_dags/example_xcom.py
[2024-03-02T09:47:19.242-0300] {logging_mixin.py:188} INFO - [2024-03-02T09:47:19.242-0300] {dag.py:3047} INFO - Sync 1 DAGs
[2024-03-02T09:47:19.263-0300] {logging_mixin.py:188} INFO - [2024-03-02T09:47:19.263-0300] {dag.py:3834} INFO - Setting next_dagrun for example_xcom to 2021-01-01 00:00:00+00:00, run_after=2021-01-01 00:00:00+00:00
[2024-03-02T09:47:19.283-0300] {processor.py:183} INFO - Processing /home/victor/Área de Trabalho/airflow/venv/lib/python3.10/site-packages/airflow/example_dags/example_xcom.py took 0.080 seconds
[2024-03-02T09:47:49.882-0300] {processor.py:161} INFO - Started process (PID=18423) to work on /home/victor/Área de Trabalho/airflow/venv/lib/python3.10/site-packages/airflow/example_dags/example_xcom.py
[2024-03-02T09:47:49.885-0300] {processor.py:830} INFO - Processing file /home/victor/Área de Trabalho/airflow/venv/lib/python3.10/site-packages/airflow/example_dags/example_xcom.py for tasks to queue
[2024-03-02T09:47:49.886-0300] {logging_mixin.py:188} INFO - [2024-03-02T09:47:49.886-0300] {dagbag.py:540} INFO - Filling up the DagBag from /home/victor/Área de Trabalho/airflow/venv/lib/python3.10/site-packages/airflow/example_dags/example_xcom.py
[2024-03-02T09:47:49.892-0300] {processor.py:840} INFO - DAG(s) 'example_xcom' retrieved from /home/victor/Área de Trabalho/airflow/venv/lib/python3.10/site-packages/airflow/example_dags/example_xcom.py
[2024-03-02T09:47:49.921-0300] {logging_mixin.py:188} INFO - [2024-03-02T09:47:49.921-0300] {dag.py:3047} INFO - Sync 1 DAGs
[2024-03-02T09:47:49.945-0300] {logging_mixin.py:188} INFO - [2024-03-02T09:47:49.945-0300] {dag.py:3834} INFO - Setting next_dagrun for example_xcom to 2021-01-01 00:00:00+00:00, run_after=2021-01-01 00:00:00+00:00
[2024-03-02T09:47:49.968-0300] {processor.py:183} INFO - Processing /home/victor/Área de Trabalho/airflow/venv/lib/python3.10/site-packages/airflow/example_dags/example_xcom.py took 0.088 seconds
[2024-03-02T09:48:20.540-0300] {processor.py:161} INFO - Started process (PID=18909) to work on /home/victor/Área de Trabalho/airflow/venv/lib/python3.10/site-packages/airflow/example_dags/example_xcom.py
[2024-03-02T09:48:20.541-0300] {processor.py:830} INFO - Processing file /home/victor/Área de Trabalho/airflow/venv/lib/python3.10/site-packages/airflow/example_dags/example_xcom.py for tasks to queue
[2024-03-02T09:48:20.541-0300] {logging_mixin.py:188} INFO - [2024-03-02T09:48:20.541-0300] {dagbag.py:540} INFO - Filling up the DagBag from /home/victor/Área de Trabalho/airflow/venv/lib/python3.10/site-packages/airflow/example_dags/example_xcom.py
[2024-03-02T09:48:20.548-0300] {processor.py:840} INFO - DAG(s) 'example_xcom' retrieved from /home/victor/Área de Trabalho/airflow/venv/lib/python3.10/site-packages/airflow/example_dags/example_xcom.py
[2024-03-02T09:48:20.578-0300] {logging_mixin.py:188} INFO - [2024-03-02T09:48:20.578-0300] {dag.py:3047} INFO - Sync 1 DAGs
[2024-03-02T09:48:20.599-0300] {logging_mixin.py:188} INFO - [2024-03-02T09:48:20.599-0300] {dag.py:3834} INFO - Setting next_dagrun for example_xcom to 2021-01-01 00:00:00+00:00, run_after=2021-01-01 00:00:00+00:00
[2024-03-02T09:48:20.621-0300] {processor.py:183} INFO - Processing /home/victor/Área de Trabalho/airflow/venv/lib/python3.10/site-packages/airflow/example_dags/example_xcom.py took 0.084 seconds
[2024-03-02T09:48:51.296-0300] {processor.py:161} INFO - Started process (PID=19253) to work on /home/victor/Área de Trabalho/airflow/venv/lib/python3.10/site-packages/airflow/example_dags/example_xcom.py
[2024-03-02T09:48:51.297-0300] {processor.py:830} INFO - Processing file /home/victor/Área de Trabalho/airflow/venv/lib/python3.10/site-packages/airflow/example_dags/example_xcom.py for tasks to queue
[2024-03-02T09:48:51.298-0300] {logging_mixin.py:188} INFO - [2024-03-02T09:48:51.298-0300] {dagbag.py:540} INFO - Filling up the DagBag from /home/victor/Área de Trabalho/airflow/venv/lib/python3.10/site-packages/airflow/example_dags/example_xcom.py
[2024-03-02T09:48:51.307-0300] {processor.py:840} INFO - DAG(s) 'example_xcom' retrieved from /home/victor/Área de Trabalho/airflow/venv/lib/python3.10/site-packages/airflow/example_dags/example_xcom.py
[2024-03-02T09:48:51.336-0300] {logging_mixin.py:188} INFO - [2024-03-02T09:48:51.336-0300] {dag.py:3047} INFO - Sync 1 DAGs
[2024-03-02T09:48:51.361-0300] {logging_mixin.py:188} INFO - [2024-03-02T09:48:51.361-0300] {dag.py:3834} INFO - Setting next_dagrun for example_xcom to 2021-01-01 00:00:00+00:00, run_after=2021-01-01 00:00:00+00:00
[2024-03-02T09:48:51.383-0300] {processor.py:183} INFO - Processing /home/victor/Área de Trabalho/airflow/venv/lib/python3.10/site-packages/airflow/example_dags/example_xcom.py took 0.089 seconds
[2024-03-02T09:49:22.058-0300] {processor.py:161} INFO - Started process (PID=19735) to work on /home/victor/Área de Trabalho/airflow/venv/lib/python3.10/site-packages/airflow/example_dags/example_xcom.py
[2024-03-02T09:49:22.058-0300] {processor.py:830} INFO - Processing file /home/victor/Área de Trabalho/airflow/venv/lib/python3.10/site-packages/airflow/example_dags/example_xcom.py for tasks to queue
[2024-03-02T09:49:22.059-0300] {logging_mixin.py:188} INFO - [2024-03-02T09:49:22.059-0300] {dagbag.py:540} INFO - Filling up the DagBag from /home/victor/Área de Trabalho/airflow/venv/lib/python3.10/site-packages/airflow/example_dags/example_xcom.py
[2024-03-02T09:49:22.068-0300] {processor.py:840} INFO - DAG(s) 'example_xcom' retrieved from /home/victor/Área de Trabalho/airflow/venv/lib/python3.10/site-packages/airflow/example_dags/example_xcom.py
[2024-03-02T09:49:22.098-0300] {logging_mixin.py:188} INFO - [2024-03-02T09:49:22.098-0300] {dag.py:3047} INFO - Sync 1 DAGs
[2024-03-02T09:49:22.120-0300] {logging_mixin.py:188} INFO - [2024-03-02T09:49:22.120-0300] {dag.py:3834} INFO - Setting next_dagrun for example_xcom to 2021-01-01 00:00:00+00:00, run_after=2021-01-01 00:00:00+00:00
[2024-03-02T09:49:22.145-0300] {processor.py:183} INFO - Processing /home/victor/Área de Trabalho/airflow/venv/lib/python3.10/site-packages/airflow/example_dags/example_xcom.py took 0.090 seconds
[2024-03-02T09:49:52.786-0300] {processor.py:161} INFO - Started process (PID=20056) to work on /home/victor/Área de Trabalho/airflow/venv/lib/python3.10/site-packages/airflow/example_dags/example_xcom.py
[2024-03-02T09:49:52.787-0300] {processor.py:830} INFO - Processing file /home/victor/Área de Trabalho/airflow/venv/lib/python3.10/site-packages/airflow/example_dags/example_xcom.py for tasks to queue
[2024-03-02T09:49:52.788-0300] {logging_mixin.py:188} INFO - [2024-03-02T09:49:52.788-0300] {dagbag.py:540} INFO - Filling up the DagBag from /home/victor/Área de Trabalho/airflow/venv/lib/python3.10/site-packages/airflow/example_dags/example_xcom.py
[2024-03-02T09:49:52.795-0300] {processor.py:840} INFO - DAG(s) 'example_xcom' retrieved from /home/victor/Área de Trabalho/airflow/venv/lib/python3.10/site-packages/airflow/example_dags/example_xcom.py
[2024-03-02T09:49:52.827-0300] {logging_mixin.py:188} INFO - [2024-03-02T09:49:52.827-0300] {dag.py:3047} INFO - Sync 1 DAGs
[2024-03-02T09:49:52.849-0300] {logging_mixin.py:188} INFO - [2024-03-02T09:49:52.849-0300] {dag.py:3834} INFO - Setting next_dagrun for example_xcom to 2021-01-01 00:00:00+00:00, run_after=2021-01-01 00:00:00+00:00
[2024-03-02T09:49:52.870-0300] {processor.py:183} INFO - Processing /home/victor/Área de Trabalho/airflow/venv/lib/python3.10/site-packages/airflow/example_dags/example_xcom.py took 0.088 seconds
[2024-03-02T09:50:23.427-0300] {processor.py:161} INFO - Started process (PID=20537) to work on /home/victor/Área de Trabalho/airflow/venv/lib/python3.10/site-packages/airflow/example_dags/example_xcom.py
[2024-03-02T09:50:23.427-0300] {processor.py:830} INFO - Processing file /home/victor/Área de Trabalho/airflow/venv/lib/python3.10/site-packages/airflow/example_dags/example_xcom.py for tasks to queue
[2024-03-02T09:50:23.428-0300] {logging_mixin.py:188} INFO - [2024-03-02T09:50:23.428-0300] {dagbag.py:540} INFO - Filling up the DagBag from /home/victor/Área de Trabalho/airflow/venv/lib/python3.10/site-packages/airflow/example_dags/example_xcom.py
[2024-03-02T09:50:23.435-0300] {processor.py:840} INFO - DAG(s) 'example_xcom' retrieved from /home/victor/Área de Trabalho/airflow/venv/lib/python3.10/site-packages/airflow/example_dags/example_xcom.py
[2024-03-02T09:50:23.468-0300] {logging_mixin.py:188} INFO - [2024-03-02T09:50:23.467-0300] {dag.py:3047} INFO - Sync 1 DAGs
[2024-03-02T09:50:23.492-0300] {logging_mixin.py:188} INFO - [2024-03-02T09:50:23.492-0300] {dag.py:3834} INFO - Setting next_dagrun for example_xcom to 2021-01-01 00:00:00+00:00, run_after=2021-01-01 00:00:00+00:00
[2024-03-02T09:50:23.513-0300] {processor.py:183} INFO - Processing /home/victor/Área de Trabalho/airflow/venv/lib/python3.10/site-packages/airflow/example_dags/example_xcom.py took 0.089 seconds
[2024-03-02T09:50:54.885-0300] {processor.py:161} INFO - Started process (PID=20895) to work on /home/victor/Área de Trabalho/airflow/venv/lib/python3.10/site-packages/airflow/example_dags/example_xcom.py
[2024-03-02T09:50:54.886-0300] {processor.py:830} INFO - Processing file /home/victor/Área de Trabalho/airflow/venv/lib/python3.10/site-packages/airflow/example_dags/example_xcom.py for tasks to queue
[2024-03-02T09:50:54.887-0300] {logging_mixin.py:188} INFO - [2024-03-02T09:50:54.886-0300] {dagbag.py:540} INFO - Filling up the DagBag from /home/victor/Área de Trabalho/airflow/venv/lib/python3.10/site-packages/airflow/example_dags/example_xcom.py
[2024-03-02T09:50:54.894-0300] {processor.py:840} INFO - DAG(s) 'example_xcom' retrieved from /home/victor/Área de Trabalho/airflow/venv/lib/python3.10/site-packages/airflow/example_dags/example_xcom.py
[2024-03-02T09:50:54.922-0300] {logging_mixin.py:188} INFO - [2024-03-02T09:50:54.922-0300] {dag.py:3047} INFO - Sync 1 DAGs
[2024-03-02T09:50:54.946-0300] {logging_mixin.py:188} INFO - [2024-03-02T09:50:54.945-0300] {dag.py:3834} INFO - Setting next_dagrun for example_xcom to 2021-01-01 00:00:00+00:00, run_after=2021-01-01 00:00:00+00:00
[2024-03-02T09:50:54.970-0300] {processor.py:183} INFO - Processing /home/victor/Área de Trabalho/airflow/venv/lib/python3.10/site-packages/airflow/example_dags/example_xcom.py took 0.088 seconds
[2024-03-02T09:51:25.602-0300] {processor.py:161} INFO - Started process (PID=21376) to work on /home/victor/Área de Trabalho/airflow/venv/lib/python3.10/site-packages/airflow/example_dags/example_xcom.py
[2024-03-02T09:51:25.603-0300] {processor.py:830} INFO - Processing file /home/victor/Área de Trabalho/airflow/venv/lib/python3.10/site-packages/airflow/example_dags/example_xcom.py for tasks to queue
[2024-03-02T09:51:25.604-0300] {logging_mixin.py:188} INFO - [2024-03-02T09:51:25.604-0300] {dagbag.py:540} INFO - Filling up the DagBag from /home/victor/Área de Trabalho/airflow/venv/lib/python3.10/site-packages/airflow/example_dags/example_xcom.py
[2024-03-02T09:51:25.611-0300] {processor.py:840} INFO - DAG(s) 'example_xcom' retrieved from /home/victor/Área de Trabalho/airflow/venv/lib/python3.10/site-packages/airflow/example_dags/example_xcom.py
[2024-03-02T09:51:25.640-0300] {logging_mixin.py:188} INFO - [2024-03-02T09:51:25.640-0300] {dag.py:3047} INFO - Sync 1 DAGs
[2024-03-02T09:51:25.664-0300] {logging_mixin.py:188} INFO - [2024-03-02T09:51:25.663-0300] {dag.py:3834} INFO - Setting next_dagrun for example_xcom to 2021-01-01 00:00:00+00:00, run_after=2021-01-01 00:00:00+00:00
[2024-03-02T09:51:25.686-0300] {processor.py:183} INFO - Processing /home/victor/Área de Trabalho/airflow/venv/lib/python3.10/site-packages/airflow/example_dags/example_xcom.py took 0.087 seconds
[2024-03-02T09:51:56.343-0300] {processor.py:161} INFO - Started process (PID=21697) to work on /home/victor/Área de Trabalho/airflow/venv/lib/python3.10/site-packages/airflow/example_dags/example_xcom.py
[2024-03-02T09:51:56.343-0300] {processor.py:830} INFO - Processing file /home/victor/Área de Trabalho/airflow/venv/lib/python3.10/site-packages/airflow/example_dags/example_xcom.py for tasks to queue
[2024-03-02T09:51:56.344-0300] {logging_mixin.py:188} INFO - [2024-03-02T09:51:56.344-0300] {dagbag.py:540} INFO - Filling up the DagBag from /home/victor/Área de Trabalho/airflow/venv/lib/python3.10/site-packages/airflow/example_dags/example_xcom.py
[2024-03-02T09:51:56.351-0300] {processor.py:840} INFO - DAG(s) 'example_xcom' retrieved from /home/victor/Área de Trabalho/airflow/venv/lib/python3.10/site-packages/airflow/example_dags/example_xcom.py
[2024-03-02T09:51:56.380-0300] {logging_mixin.py:188} INFO - [2024-03-02T09:51:56.380-0300] {dag.py:3047} INFO - Sync 1 DAGs
[2024-03-02T09:51:56.399-0300] {logging_mixin.py:188} INFO - [2024-03-02T09:51:56.399-0300] {dag.py:3834} INFO - Setting next_dagrun for example_xcom to 2021-01-01 00:00:00+00:00, run_after=2021-01-01 00:00:00+00:00
[2024-03-02T09:51:56.421-0300] {processor.py:183} INFO - Processing /home/victor/Área de Trabalho/airflow/venv/lib/python3.10/site-packages/airflow/example_dags/example_xcom.py took 0.081 seconds
[2024-03-02T09:52:26.845-0300] {processor.py:161} INFO - Started process (PID=22340) to work on /home/victor/Área de Trabalho/airflow/venv/lib/python3.10/site-packages/airflow/example_dags/example_xcom.py
[2024-03-02T09:52:26.845-0300] {processor.py:830} INFO - Processing file /home/victor/Área de Trabalho/airflow/venv/lib/python3.10/site-packages/airflow/example_dags/example_xcom.py for tasks to queue
[2024-03-02T09:52:26.846-0300] {logging_mixin.py:188} INFO - [2024-03-02T09:52:26.846-0300] {dagbag.py:540} INFO - Filling up the DagBag from /home/victor/Área de Trabalho/airflow/venv/lib/python3.10/site-packages/airflow/example_dags/example_xcom.py
[2024-03-02T09:52:26.860-0300] {processor.py:840} INFO - DAG(s) 'example_xcom' retrieved from /home/victor/Área de Trabalho/airflow/venv/lib/python3.10/site-packages/airflow/example_dags/example_xcom.py
[2024-03-02T09:52:26.887-0300] {logging_mixin.py:188} INFO - [2024-03-02T09:52:26.887-0300] {dag.py:3047} INFO - Sync 1 DAGs
[2024-03-02T09:52:26.914-0300] {logging_mixin.py:188} INFO - [2024-03-02T09:52:26.913-0300] {dag.py:3834} INFO - Setting next_dagrun for example_xcom to 2021-01-01 00:00:00+00:00, run_after=2021-01-01 00:00:00+00:00
[2024-03-02T09:52:26.935-0300] {processor.py:183} INFO - Processing /home/victor/Área de Trabalho/airflow/venv/lib/python3.10/site-packages/airflow/example_dags/example_xcom.py took 0.094 seconds
[2024-03-02T09:52:57.514-0300] {processor.py:161} INFO - Started process (PID=22665) to work on /home/victor/Área de Trabalho/airflow/venv/lib/python3.10/site-packages/airflow/example_dags/example_xcom.py
[2024-03-02T09:52:57.515-0300] {processor.py:830} INFO - Processing file /home/victor/Área de Trabalho/airflow/venv/lib/python3.10/site-packages/airflow/example_dags/example_xcom.py for tasks to queue
[2024-03-02T09:52:57.516-0300] {logging_mixin.py:188} INFO - [2024-03-02T09:52:57.516-0300] {dagbag.py:540} INFO - Filling up the DagBag from /home/victor/Área de Trabalho/airflow/venv/lib/python3.10/site-packages/airflow/example_dags/example_xcom.py
[2024-03-02T09:52:57.523-0300] {processor.py:840} INFO - DAG(s) 'example_xcom' retrieved from /home/victor/Área de Trabalho/airflow/venv/lib/python3.10/site-packages/airflow/example_dags/example_xcom.py
[2024-03-02T09:52:57.551-0300] {logging_mixin.py:188} INFO - [2024-03-02T09:52:57.551-0300] {dag.py:3047} INFO - Sync 1 DAGs
[2024-03-02T09:52:57.572-0300] {logging_mixin.py:188} INFO - [2024-03-02T09:52:57.571-0300] {dag.py:3834} INFO - Setting next_dagrun for example_xcom to 2021-01-01 00:00:00+00:00, run_after=2021-01-01 00:00:00+00:00
[2024-03-02T09:52:57.594-0300] {processor.py:183} INFO - Processing /home/victor/Área de Trabalho/airflow/venv/lib/python3.10/site-packages/airflow/example_dags/example_xcom.py took 0.083 seconds
[2024-03-02T09:53:28.108-0300] {processor.py:161} INFO - Started process (PID=23148) to work on /home/victor/Área de Trabalho/airflow/venv/lib/python3.10/site-packages/airflow/example_dags/example_xcom.py
[2024-03-02T09:53:28.109-0300] {processor.py:830} INFO - Processing file /home/victor/Área de Trabalho/airflow/venv/lib/python3.10/site-packages/airflow/example_dags/example_xcom.py for tasks to queue
[2024-03-02T09:53:28.110-0300] {logging_mixin.py:188} INFO - [2024-03-02T09:53:28.109-0300] {dagbag.py:540} INFO - Filling up the DagBag from /home/victor/Área de Trabalho/airflow/venv/lib/python3.10/site-packages/airflow/example_dags/example_xcom.py
[2024-03-02T09:53:28.118-0300] {processor.py:840} INFO - DAG(s) 'example_xcom' retrieved from /home/victor/Área de Trabalho/airflow/venv/lib/python3.10/site-packages/airflow/example_dags/example_xcom.py
[2024-03-02T09:53:28.145-0300] {logging_mixin.py:188} INFO - [2024-03-02T09:53:28.144-0300] {dag.py:3047} INFO - Sync 1 DAGs
[2024-03-02T09:53:28.169-0300] {logging_mixin.py:188} INFO - [2024-03-02T09:53:28.169-0300] {dag.py:3834} INFO - Setting next_dagrun for example_xcom to 2021-01-01 00:00:00+00:00, run_after=2021-01-01 00:00:00+00:00
[2024-03-02T09:53:28.189-0300] {processor.py:183} INFO - Processing /home/victor/Área de Trabalho/airflow/venv/lib/python3.10/site-packages/airflow/example_dags/example_xcom.py took 0.084 seconds
[2024-03-02T09:53:58.466-0300] {processor.py:161} INFO - Started process (PID=23470) to work on /home/victor/Área de Trabalho/airflow/venv/lib/python3.10/site-packages/airflow/example_dags/example_xcom.py
[2024-03-02T09:53:58.467-0300] {processor.py:830} INFO - Processing file /home/victor/Área de Trabalho/airflow/venv/lib/python3.10/site-packages/airflow/example_dags/example_xcom.py for tasks to queue
[2024-03-02T09:53:58.468-0300] {logging_mixin.py:188} INFO - [2024-03-02T09:53:58.468-0300] {dagbag.py:540} INFO - Filling up the DagBag from /home/victor/Área de Trabalho/airflow/venv/lib/python3.10/site-packages/airflow/example_dags/example_xcom.py
[2024-03-02T09:53:58.477-0300] {processor.py:840} INFO - DAG(s) 'example_xcom' retrieved from /home/victor/Área de Trabalho/airflow/venv/lib/python3.10/site-packages/airflow/example_dags/example_xcom.py
[2024-03-02T09:53:58.512-0300] {logging_mixin.py:188} INFO - [2024-03-02T09:53:58.512-0300] {dag.py:3047} INFO - Sync 1 DAGs
[2024-03-02T09:53:58.534-0300] {logging_mixin.py:188} INFO - [2024-03-02T09:53:58.533-0300] {dag.py:3834} INFO - Setting next_dagrun for example_xcom to 2021-01-01 00:00:00+00:00, run_after=2021-01-01 00:00:00+00:00
[2024-03-02T09:53:58.555-0300] {processor.py:183} INFO - Processing /home/victor/Área de Trabalho/airflow/venv/lib/python3.10/site-packages/airflow/example_dags/example_xcom.py took 0.092 seconds
[2024-03-02T09:54:29.442-0300] {processor.py:161} INFO - Started process (PID=24115) to work on /home/victor/Área de Trabalho/airflow/venv/lib/python3.10/site-packages/airflow/example_dags/example_xcom.py
[2024-03-02T09:54:29.443-0300] {processor.py:830} INFO - Processing file /home/victor/Área de Trabalho/airflow/venv/lib/python3.10/site-packages/airflow/example_dags/example_xcom.py for tasks to queue
[2024-03-02T09:54:29.443-0300] {logging_mixin.py:188} INFO - [2024-03-02T09:54:29.443-0300] {dagbag.py:540} INFO - Filling up the DagBag from /home/victor/Área de Trabalho/airflow/venv/lib/python3.10/site-packages/airflow/example_dags/example_xcom.py
[2024-03-02T09:54:29.450-0300] {processor.py:840} INFO - DAG(s) 'example_xcom' retrieved from /home/victor/Área de Trabalho/airflow/venv/lib/python3.10/site-packages/airflow/example_dags/example_xcom.py
[2024-03-02T09:54:29.481-0300] {logging_mixin.py:188} INFO - [2024-03-02T09:54:29.480-0300] {dag.py:3047} INFO - Sync 1 DAGs
[2024-03-02T09:54:29.503-0300] {logging_mixin.py:188} INFO - [2024-03-02T09:54:29.503-0300] {dag.py:3834} INFO - Setting next_dagrun for example_xcom to 2021-01-01 00:00:00+00:00, run_after=2021-01-01 00:00:00+00:00
[2024-03-02T09:54:29.527-0300] {processor.py:183} INFO - Processing /home/victor/Área de Trabalho/airflow/venv/lib/python3.10/site-packages/airflow/example_dags/example_xcom.py took 0.088 seconds
[2024-03-02T09:55:00.259-0300] {processor.py:161} INFO - Started process (PID=24665) to work on /home/victor/Área de Trabalho/airflow/venv/lib/python3.10/site-packages/airflow/example_dags/example_xcom.py
[2024-03-02T09:55:00.261-0300] {processor.py:830} INFO - Processing file /home/victor/Área de Trabalho/airflow/venv/lib/python3.10/site-packages/airflow/example_dags/example_xcom.py for tasks to queue
[2024-03-02T09:55:00.262-0300] {logging_mixin.py:188} INFO - [2024-03-02T09:55:00.261-0300] {dagbag.py:540} INFO - Filling up the DagBag from /home/victor/Área de Trabalho/airflow/venv/lib/python3.10/site-packages/airflow/example_dags/example_xcom.py
[2024-03-02T09:55:00.268-0300] {processor.py:840} INFO - DAG(s) 'example_xcom' retrieved from /home/victor/Área de Trabalho/airflow/venv/lib/python3.10/site-packages/airflow/example_dags/example_xcom.py
[2024-03-02T09:55:00.293-0300] {logging_mixin.py:188} INFO - [2024-03-02T09:55:00.293-0300] {dag.py:3047} INFO - Sync 1 DAGs
[2024-03-02T09:55:00.312-0300] {logging_mixin.py:188} INFO - [2024-03-02T09:55:00.312-0300] {dag.py:3834} INFO - Setting next_dagrun for example_xcom to 2021-01-01 00:00:00+00:00, run_after=2021-01-01 00:00:00+00:00
[2024-03-02T09:55:00.328-0300] {processor.py:183} INFO - Processing /home/victor/Área de Trabalho/airflow/venv/lib/python3.10/site-packages/airflow/example_dags/example_xcom.py took 0.072 seconds
[2024-03-02T09:55:30.927-0300] {processor.py:161} INFO - Started process (PID=25134) to work on /home/victor/Área de Trabalho/airflow/venv/lib/python3.10/site-packages/airflow/example_dags/example_xcom.py
[2024-03-02T09:55:30.928-0300] {processor.py:830} INFO - Processing file /home/victor/Área de Trabalho/airflow/venv/lib/python3.10/site-packages/airflow/example_dags/example_xcom.py for tasks to queue
[2024-03-02T09:55:30.932-0300] {logging_mixin.py:188} INFO - [2024-03-02T09:55:30.932-0300] {dagbag.py:540} INFO - Filling up the DagBag from /home/victor/Área de Trabalho/airflow/venv/lib/python3.10/site-packages/airflow/example_dags/example_xcom.py
[2024-03-02T09:55:30.939-0300] {processor.py:840} INFO - DAG(s) 'example_xcom' retrieved from /home/victor/Área de Trabalho/airflow/venv/lib/python3.10/site-packages/airflow/example_dags/example_xcom.py
[2024-03-02T09:55:30.968-0300] {logging_mixin.py:188} INFO - [2024-03-02T09:55:30.968-0300] {dag.py:3047} INFO - Sync 1 DAGs
[2024-03-02T09:55:30.990-0300] {logging_mixin.py:188} INFO - [2024-03-02T09:55:30.990-0300] {dag.py:3834} INFO - Setting next_dagrun for example_xcom to 2021-01-01 00:00:00+00:00, run_after=2021-01-01 00:00:00+00:00
[2024-03-02T09:55:31.010-0300] {processor.py:183} INFO - Processing /home/victor/Área de Trabalho/airflow/venv/lib/python3.10/site-packages/airflow/example_dags/example_xcom.py took 0.086 seconds
[2024-03-02T09:56:01.389-0300] {processor.py:161} INFO - Started process (PID=25641) to work on /home/victor/Área de Trabalho/airflow/venv/lib/python3.10/site-packages/airflow/example_dags/example_xcom.py
[2024-03-02T09:56:01.390-0300] {processor.py:830} INFO - Processing file /home/victor/Área de Trabalho/airflow/venv/lib/python3.10/site-packages/airflow/example_dags/example_xcom.py for tasks to queue
[2024-03-02T09:56:01.391-0300] {logging_mixin.py:188} INFO - [2024-03-02T09:56:01.391-0300] {dagbag.py:540} INFO - Filling up the DagBag from /home/victor/Área de Trabalho/airflow/venv/lib/python3.10/site-packages/airflow/example_dags/example_xcom.py
[2024-03-02T09:56:01.398-0300] {processor.py:840} INFO - DAG(s) 'example_xcom' retrieved from /home/victor/Área de Trabalho/airflow/venv/lib/python3.10/site-packages/airflow/example_dags/example_xcom.py
[2024-03-02T09:56:01.425-0300] {logging_mixin.py:188} INFO - [2024-03-02T09:56:01.425-0300] {dag.py:3047} INFO - Sync 1 DAGs
[2024-03-02T09:56:01.448-0300] {logging_mixin.py:188} INFO - [2024-03-02T09:56:01.447-0300] {dag.py:3834} INFO - Setting next_dagrun for example_xcom to 2021-01-01 00:00:00+00:00, run_after=2021-01-01 00:00:00+00:00
[2024-03-02T09:56:01.467-0300] {processor.py:183} INFO - Processing /home/victor/Área de Trabalho/airflow/venv/lib/python3.10/site-packages/airflow/example_dags/example_xcom.py took 0.081 seconds
[2024-03-02T09:56:31.610-0300] {processor.py:161} INFO - Started process (PID=25961) to work on /home/victor/Área de Trabalho/airflow/venv/lib/python3.10/site-packages/airflow/example_dags/example_xcom.py
[2024-03-02T09:56:31.611-0300] {processor.py:830} INFO - Processing file /home/victor/Área de Trabalho/airflow/venv/lib/python3.10/site-packages/airflow/example_dags/example_xcom.py for tasks to queue
[2024-03-02T09:56:31.612-0300] {logging_mixin.py:188} INFO - [2024-03-02T09:56:31.612-0300] {dagbag.py:540} INFO - Filling up the DagBag from /home/victor/Área de Trabalho/airflow/venv/lib/python3.10/site-packages/airflow/example_dags/example_xcom.py
[2024-03-02T09:56:31.618-0300] {processor.py:840} INFO - DAG(s) 'example_xcom' retrieved from /home/victor/Área de Trabalho/airflow/venv/lib/python3.10/site-packages/airflow/example_dags/example_xcom.py
[2024-03-02T09:56:31.645-0300] {logging_mixin.py:188} INFO - [2024-03-02T09:56:31.645-0300] {dag.py:3047} INFO - Sync 1 DAGs
[2024-03-02T09:56:31.665-0300] {logging_mixin.py:188} INFO - [2024-03-02T09:56:31.665-0300] {dag.py:3834} INFO - Setting next_dagrun for example_xcom to 2021-01-01 00:00:00+00:00, run_after=2021-01-01 00:00:00+00:00
[2024-03-02T09:56:31.682-0300] {processor.py:183} INFO - Processing /home/victor/Área de Trabalho/airflow/venv/lib/python3.10/site-packages/airflow/example_dags/example_xcom.py took 0.074 seconds
[2024-03-02T09:57:01.834-0300] {processor.py:161} INFO - Started process (PID=26436) to work on /home/victor/Área de Trabalho/airflow/venv/lib/python3.10/site-packages/airflow/example_dags/example_xcom.py
[2024-03-02T09:57:01.835-0300] {processor.py:830} INFO - Processing file /home/victor/Área de Trabalho/airflow/venv/lib/python3.10/site-packages/airflow/example_dags/example_xcom.py for tasks to queue
[2024-03-02T09:57:01.836-0300] {logging_mixin.py:188} INFO - [2024-03-02T09:57:01.835-0300] {dagbag.py:540} INFO - Filling up the DagBag from /home/victor/Área de Trabalho/airflow/venv/lib/python3.10/site-packages/airflow/example_dags/example_xcom.py
[2024-03-02T09:57:01.842-0300] {processor.py:840} INFO - DAG(s) 'example_xcom' retrieved from /home/victor/Área de Trabalho/airflow/venv/lib/python3.10/site-packages/airflow/example_dags/example_xcom.py
[2024-03-02T09:57:01.867-0300] {logging_mixin.py:188} INFO - [2024-03-02T09:57:01.867-0300] {dag.py:3047} INFO - Sync 1 DAGs
[2024-03-02T09:57:01.888-0300] {logging_mixin.py:188} INFO - [2024-03-02T09:57:01.887-0300] {dag.py:3834} INFO - Setting next_dagrun for example_xcom to 2021-01-01 00:00:00+00:00, run_after=2021-01-01 00:00:00+00:00
[2024-03-02T09:57:01.906-0300] {processor.py:183} INFO - Processing /home/victor/Área de Trabalho/airflow/venv/lib/python3.10/site-packages/airflow/example_dags/example_xcom.py took 0.075 seconds
[2024-03-02T09:57:32.423-0300] {processor.py:161} INFO - Started process (PID=26919) to work on /home/victor/Área de Trabalho/airflow/venv/lib/python3.10/site-packages/airflow/example_dags/example_xcom.py
[2024-03-02T09:57:32.424-0300] {processor.py:830} INFO - Processing file /home/victor/Área de Trabalho/airflow/venv/lib/python3.10/site-packages/airflow/example_dags/example_xcom.py for tasks to queue
[2024-03-02T09:57:32.425-0300] {logging_mixin.py:188} INFO - [2024-03-02T09:57:32.425-0300] {dagbag.py:540} INFO - Filling up the DagBag from /home/victor/Área de Trabalho/airflow/venv/lib/python3.10/site-packages/airflow/example_dags/example_xcom.py
[2024-03-02T09:57:32.431-0300] {processor.py:840} INFO - DAG(s) 'example_xcom' retrieved from /home/victor/Área de Trabalho/airflow/venv/lib/python3.10/site-packages/airflow/example_dags/example_xcom.py
[2024-03-02T09:57:32.461-0300] {logging_mixin.py:188} INFO - [2024-03-02T09:57:32.461-0300] {dag.py:3047} INFO - Sync 1 DAGs
[2024-03-02T09:57:32.480-0300] {logging_mixin.py:188} INFO - [2024-03-02T09:57:32.480-0300] {dag.py:3834} INFO - Setting next_dagrun for example_xcom to 2021-01-01 00:00:00+00:00, run_after=2021-01-01 00:00:00+00:00
[2024-03-02T09:57:32.498-0300] {processor.py:183} INFO - Processing /home/victor/Área de Trabalho/airflow/venv/lib/python3.10/site-packages/airflow/example_dags/example_xcom.py took 0.077 seconds
[2024-03-02T09:58:02.912-0300] {processor.py:161} INFO - Started process (PID=27445) to work on /home/victor/Área de Trabalho/airflow/venv/lib/python3.10/site-packages/airflow/example_dags/example_xcom.py
[2024-03-02T09:58:02.913-0300] {processor.py:830} INFO - Processing file /home/victor/Área de Trabalho/airflow/venv/lib/python3.10/site-packages/airflow/example_dags/example_xcom.py for tasks to queue
[2024-03-02T09:58:02.914-0300] {logging_mixin.py:188} INFO - [2024-03-02T09:58:02.914-0300] {dagbag.py:540} INFO - Filling up the DagBag from /home/victor/Área de Trabalho/airflow/venv/lib/python3.10/site-packages/airflow/example_dags/example_xcom.py
[2024-03-02T09:58:02.921-0300] {processor.py:840} INFO - DAG(s) 'example_xcom' retrieved from /home/victor/Área de Trabalho/airflow/venv/lib/python3.10/site-packages/airflow/example_dags/example_xcom.py
[2024-03-02T09:58:02.957-0300] {logging_mixin.py:188} INFO - [2024-03-02T09:58:02.957-0300] {dag.py:3047} INFO - Sync 1 DAGs
[2024-03-02T09:58:02.981-0300] {logging_mixin.py:188} INFO - [2024-03-02T09:58:02.980-0300] {dag.py:3834} INFO - Setting next_dagrun for example_xcom to 2021-01-01 00:00:00+00:00, run_after=2021-01-01 00:00:00+00:00
[2024-03-02T09:58:03.006-0300] {processor.py:183} INFO - Processing /home/victor/Área de Trabalho/airflow/venv/lib/python3.10/site-packages/airflow/example_dags/example_xcom.py took 0.100 seconds
[2024-03-02T09:58:33.580-0300] {processor.py:161} INFO - Started process (PID=28472) to work on /home/victor/Área de Trabalho/airflow/venv/lib/python3.10/site-packages/airflow/example_dags/example_xcom.py
[2024-03-02T09:58:33.580-0300] {processor.py:830} INFO - Processing file /home/victor/Área de Trabalho/airflow/venv/lib/python3.10/site-packages/airflow/example_dags/example_xcom.py for tasks to queue
[2024-03-02T09:58:33.581-0300] {logging_mixin.py:188} INFO - [2024-03-02T09:58:33.581-0300] {dagbag.py:540} INFO - Filling up the DagBag from /home/victor/Área de Trabalho/airflow/venv/lib/python3.10/site-packages/airflow/example_dags/example_xcom.py
[2024-03-02T09:58:33.588-0300] {processor.py:840} INFO - DAG(s) 'example_xcom' retrieved from /home/victor/Área de Trabalho/airflow/venv/lib/python3.10/site-packages/airflow/example_dags/example_xcom.py
[2024-03-02T09:58:33.614-0300] {logging_mixin.py:188} INFO - [2024-03-02T09:58:33.614-0300] {dag.py:3047} INFO - Sync 1 DAGs
[2024-03-02T09:58:33.634-0300] {logging_mixin.py:188} INFO - [2024-03-02T09:58:33.633-0300] {dag.py:3834} INFO - Setting next_dagrun for example_xcom to 2021-01-01 00:00:00+00:00, run_after=2021-01-01 00:00:00+00:00
[2024-03-02T09:58:33.651-0300] {processor.py:183} INFO - Processing /home/victor/Área de Trabalho/airflow/venv/lib/python3.10/site-packages/airflow/example_dags/example_xcom.py took 0.075 seconds
[2024-03-02T09:59:04.170-0300] {processor.py:161} INFO - Started process (PID=29351) to work on /home/victor/Área de Trabalho/airflow/venv/lib/python3.10/site-packages/airflow/example_dags/example_xcom.py
[2024-03-02T09:59:04.171-0300] {processor.py:830} INFO - Processing file /home/victor/Área de Trabalho/airflow/venv/lib/python3.10/site-packages/airflow/example_dags/example_xcom.py for tasks to queue
[2024-03-02T09:59:04.172-0300] {logging_mixin.py:188} INFO - [2024-03-02T09:59:04.171-0300] {dagbag.py:540} INFO - Filling up the DagBag from /home/victor/Área de Trabalho/airflow/venv/lib/python3.10/site-packages/airflow/example_dags/example_xcom.py
[2024-03-02T09:59:04.179-0300] {processor.py:840} INFO - DAG(s) 'example_xcom' retrieved from /home/victor/Área de Trabalho/airflow/venv/lib/python3.10/site-packages/airflow/example_dags/example_xcom.py
[2024-03-02T09:59:04.207-0300] {logging_mixin.py:188} INFO - [2024-03-02T09:59:04.207-0300] {dag.py:3047} INFO - Sync 1 DAGs
[2024-03-02T09:59:04.226-0300] {logging_mixin.py:188} INFO - [2024-03-02T09:59:04.226-0300] {dag.py:3834} INFO - Setting next_dagrun for example_xcom to 2021-01-01 00:00:00+00:00, run_after=2021-01-01 00:00:00+00:00
[2024-03-02T09:59:04.245-0300] {processor.py:183} INFO - Processing /home/victor/Área de Trabalho/airflow/venv/lib/python3.10/site-packages/airflow/example_dags/example_xcom.py took 0.078 seconds
