[2024-03-02T09:36:57.856-0300] {processor.py:161} INFO - Started process (PID=7821) to work on /home/victor/Área de Trabalho/airflow/venv/lib/python3.10/site-packages/airflow/example_dags/example_task_group_decorator.py
[2024-03-02T09:36:57.856-0300] {processor.py:830} INFO - Processing file /home/victor/Área de Trabalho/airflow/venv/lib/python3.10/site-packages/airflow/example_dags/example_task_group_decorator.py for tasks to queue
[2024-03-02T09:36:57.857-0300] {logging_mixin.py:188} INFO - [2024-03-02T09:36:57.857-0300] {dagbag.py:540} INFO - Filling up the DagBag from /home/victor/Área de Trabalho/airflow/venv/lib/python3.10/site-packages/airflow/example_dags/example_task_group_decorator.py
[2024-03-02T09:36:57.879-0300] {processor.py:840} INFO - DAG(s) 'example_task_group_decorator' retrieved from /home/victor/Área de Trabalho/airflow/venv/lib/python3.10/site-packages/airflow/example_dags/example_task_group_decorator.py
[2024-03-02T09:36:57.918-0300] {logging_mixin.py:188} INFO - [2024-03-02T09:36:57.917-0300] {dag.py:3047} INFO - Sync 1 DAGs
[2024-03-02T09:36:57.939-0300] {logging_mixin.py:188} INFO - [2024-03-02T09:36:57.939-0300] {dag.py:3834} INFO - Setting next_dagrun for example_task_group_decorator to 2024-03-01 00:00:00+00:00, run_after=2024-03-02 00:00:00+00:00
[2024-03-02T09:36:57.958-0300] {processor.py:183} INFO - Processing /home/victor/Área de Trabalho/airflow/venv/lib/python3.10/site-packages/airflow/example_dags/example_task_group_decorator.py took 0.105 seconds
[2024-03-02T09:37:28.591-0300] {processor.py:161} INFO - Started process (PID=9243) to work on /home/victor/Área de Trabalho/airflow/venv/lib/python3.10/site-packages/airflow/example_dags/example_task_group_decorator.py
[2024-03-02T09:37:28.592-0300] {processor.py:830} INFO - Processing file /home/victor/Área de Trabalho/airflow/venv/lib/python3.10/site-packages/airflow/example_dags/example_task_group_decorator.py for tasks to queue
[2024-03-02T09:37:28.592-0300] {logging_mixin.py:188} INFO - [2024-03-02T09:37:28.592-0300] {dagbag.py:540} INFO - Filling up the DagBag from /home/victor/Área de Trabalho/airflow/venv/lib/python3.10/site-packages/airflow/example_dags/example_task_group_decorator.py
[2024-03-02T09:37:28.606-0300] {processor.py:840} INFO - DAG(s) 'example_task_group_decorator' retrieved from /home/victor/Área de Trabalho/airflow/venv/lib/python3.10/site-packages/airflow/example_dags/example_task_group_decorator.py
[2024-03-02T09:37:28.715-0300] {logging_mixin.py:188} INFO - [2024-03-02T09:37:28.715-0300] {dag.py:3047} INFO - Sync 1 DAGs
[2024-03-02T09:37:28.734-0300] {logging_mixin.py:188} INFO - [2024-03-02T09:37:28.734-0300] {dag.py:3834} INFO - Setting next_dagrun for example_task_group_decorator to 2024-03-01 00:00:00+00:00, run_after=2024-03-02 00:00:00+00:00
[2024-03-02T09:37:28.756-0300] {processor.py:183} INFO - Processing /home/victor/Área de Trabalho/airflow/venv/lib/python3.10/site-packages/airflow/example_dags/example_task_group_decorator.py took 0.168 seconds
[2024-03-02T09:37:59.520-0300] {processor.py:161} INFO - Started process (PID=9908) to work on /home/victor/Área de Trabalho/airflow/venv/lib/python3.10/site-packages/airflow/example_dags/example_task_group_decorator.py
[2024-03-02T09:37:59.521-0300] {processor.py:830} INFO - Processing file /home/victor/Área de Trabalho/airflow/venv/lib/python3.10/site-packages/airflow/example_dags/example_task_group_decorator.py for tasks to queue
[2024-03-02T09:37:59.522-0300] {logging_mixin.py:188} INFO - [2024-03-02T09:37:59.521-0300] {dagbag.py:540} INFO - Filling up the DagBag from /home/victor/Área de Trabalho/airflow/venv/lib/python3.10/site-packages/airflow/example_dags/example_task_group_decorator.py
[2024-03-02T09:37:59.535-0300] {processor.py:840} INFO - DAG(s) 'example_task_group_decorator' retrieved from /home/victor/Área de Trabalho/airflow/venv/lib/python3.10/site-packages/airflow/example_dags/example_task_group_decorator.py
[2024-03-02T09:37:59.565-0300] {logging_mixin.py:188} INFO - [2024-03-02T09:37:59.564-0300] {dag.py:3047} INFO - Sync 1 DAGs
[2024-03-02T09:37:59.586-0300] {logging_mixin.py:188} INFO - [2024-03-02T09:37:59.586-0300] {dag.py:3834} INFO - Setting next_dagrun for example_task_group_decorator to 2024-03-01 00:00:00+00:00, run_after=2024-03-02 00:00:00+00:00
[2024-03-02T09:37:59.604-0300] {processor.py:183} INFO - Processing /home/victor/Área de Trabalho/airflow/venv/lib/python3.10/site-packages/airflow/example_dags/example_task_group_decorator.py took 0.087 seconds
[2024-03-02T09:38:30.884-0300] {processor.py:161} INFO - Started process (PID=10222) to work on /home/victor/Área de Trabalho/airflow/venv/lib/python3.10/site-packages/airflow/example_dags/example_task_group_decorator.py
[2024-03-02T09:38:30.885-0300] {processor.py:830} INFO - Processing file /home/victor/Área de Trabalho/airflow/venv/lib/python3.10/site-packages/airflow/example_dags/example_task_group_decorator.py for tasks to queue
[2024-03-02T09:38:30.885-0300] {logging_mixin.py:188} INFO - [2024-03-02T09:38:30.885-0300] {dagbag.py:540} INFO - Filling up the DagBag from /home/victor/Área de Trabalho/airflow/venv/lib/python3.10/site-packages/airflow/example_dags/example_task_group_decorator.py
[2024-03-02T09:38:30.898-0300] {processor.py:840} INFO - DAG(s) 'example_task_group_decorator' retrieved from /home/victor/Área de Trabalho/airflow/venv/lib/python3.10/site-packages/airflow/example_dags/example_task_group_decorator.py
[2024-03-02T09:38:30.926-0300] {logging_mixin.py:188} INFO - [2024-03-02T09:38:30.926-0300] {dag.py:3047} INFO - Sync 1 DAGs
[2024-03-02T09:38:30.946-0300] {logging_mixin.py:188} INFO - [2024-03-02T09:38:30.946-0300] {dag.py:3834} INFO - Setting next_dagrun for example_task_group_decorator to 2024-03-01 00:00:00+00:00, run_after=2024-03-02 00:00:00+00:00
[2024-03-02T09:38:30.968-0300] {processor.py:183} INFO - Processing /home/victor/Área de Trabalho/airflow/venv/lib/python3.10/site-packages/airflow/example_dags/example_task_group_decorator.py took 0.087 seconds
[2024-03-02T09:39:02.367-0300] {processor.py:161} INFO - Started process (PID=10754) to work on /home/victor/Área de Trabalho/airflow/venv/lib/python3.10/site-packages/airflow/example_dags/example_task_group_decorator.py
[2024-03-02T09:39:02.368-0300] {processor.py:830} INFO - Processing file /home/victor/Área de Trabalho/airflow/venv/lib/python3.10/site-packages/airflow/example_dags/example_task_group_decorator.py for tasks to queue
[2024-03-02T09:39:02.369-0300] {logging_mixin.py:188} INFO - [2024-03-02T09:39:02.368-0300] {dagbag.py:540} INFO - Filling up the DagBag from /home/victor/Área de Trabalho/airflow/venv/lib/python3.10/site-packages/airflow/example_dags/example_task_group_decorator.py
[2024-03-02T09:39:02.385-0300] {processor.py:840} INFO - DAG(s) 'example_task_group_decorator' retrieved from /home/victor/Área de Trabalho/airflow/venv/lib/python3.10/site-packages/airflow/example_dags/example_task_group_decorator.py
[2024-03-02T09:39:02.421-0300] {logging_mixin.py:188} INFO - [2024-03-02T09:39:02.421-0300] {dag.py:3047} INFO - Sync 1 DAGs
[2024-03-02T09:39:02.444-0300] {logging_mixin.py:188} INFO - [2024-03-02T09:39:02.444-0300] {dag.py:3834} INFO - Setting next_dagrun for example_task_group_decorator to 2024-03-01 00:00:00+00:00, run_after=2024-03-02 00:00:00+00:00
[2024-03-02T09:39:02.474-0300] {processor.py:183} INFO - Processing /home/victor/Área de Trabalho/airflow/venv/lib/python3.10/site-packages/airflow/example_dags/example_task_group_decorator.py took 0.110 seconds
[2024-03-02T09:39:33.616-0300] {processor.py:161} INFO - Started process (PID=11379) to work on /home/victor/Área de Trabalho/airflow/venv/lib/python3.10/site-packages/airflow/example_dags/example_task_group_decorator.py
[2024-03-02T09:39:33.617-0300] {processor.py:830} INFO - Processing file /home/victor/Área de Trabalho/airflow/venv/lib/python3.10/site-packages/airflow/example_dags/example_task_group_decorator.py for tasks to queue
[2024-03-02T09:39:33.618-0300] {logging_mixin.py:188} INFO - [2024-03-02T09:39:33.618-0300] {dagbag.py:540} INFO - Filling up the DagBag from /home/victor/Área de Trabalho/airflow/venv/lib/python3.10/site-packages/airflow/example_dags/example_task_group_decorator.py
[2024-03-02T09:39:33.632-0300] {processor.py:840} INFO - DAG(s) 'example_task_group_decorator' retrieved from /home/victor/Área de Trabalho/airflow/venv/lib/python3.10/site-packages/airflow/example_dags/example_task_group_decorator.py
[2024-03-02T09:39:33.660-0300] {logging_mixin.py:188} INFO - [2024-03-02T09:39:33.660-0300] {dag.py:3047} INFO - Sync 1 DAGs
[2024-03-02T09:39:33.681-0300] {logging_mixin.py:188} INFO - [2024-03-02T09:39:33.681-0300] {dag.py:3834} INFO - Setting next_dagrun for example_task_group_decorator to 2024-03-01 00:00:00+00:00, run_after=2024-03-02 00:00:00+00:00
[2024-03-02T09:39:33.702-0300] {processor.py:183} INFO - Processing /home/victor/Área de Trabalho/airflow/venv/lib/python3.10/site-packages/airflow/example_dags/example_task_group_decorator.py took 0.089 seconds
[2024-03-02T09:40:04.939-0300] {processor.py:161} INFO - Started process (PID=11855) to work on /home/victor/Área de Trabalho/airflow/venv/lib/python3.10/site-packages/airflow/example_dags/example_task_group_decorator.py
[2024-03-02T09:40:04.940-0300] {processor.py:830} INFO - Processing file /home/victor/Área de Trabalho/airflow/venv/lib/python3.10/site-packages/airflow/example_dags/example_task_group_decorator.py for tasks to queue
[2024-03-02T09:40:04.941-0300] {logging_mixin.py:188} INFO - [2024-03-02T09:40:04.941-0300] {dagbag.py:540} INFO - Filling up the DagBag from /home/victor/Área de Trabalho/airflow/venv/lib/python3.10/site-packages/airflow/example_dags/example_task_group_decorator.py
[2024-03-02T09:40:04.955-0300] {processor.py:840} INFO - DAG(s) 'example_task_group_decorator' retrieved from /home/victor/Área de Trabalho/airflow/venv/lib/python3.10/site-packages/airflow/example_dags/example_task_group_decorator.py
[2024-03-02T09:40:04.985-0300] {logging_mixin.py:188} INFO - [2024-03-02T09:40:04.984-0300] {dag.py:3047} INFO - Sync 1 DAGs
[2024-03-02T09:40:05.004-0300] {logging_mixin.py:188} INFO - [2024-03-02T09:40:05.004-0300] {dag.py:3834} INFO - Setting next_dagrun for example_task_group_decorator to 2024-03-01 00:00:00+00:00, run_after=2024-03-02 00:00:00+00:00
[2024-03-02T09:40:05.024-0300] {processor.py:183} INFO - Processing /home/victor/Área de Trabalho/airflow/venv/lib/python3.10/site-packages/airflow/example_dags/example_task_group_decorator.py took 0.087 seconds
[2024-03-02T09:40:36.187-0300] {processor.py:161} INFO - Started process (PID=12232) to work on /home/victor/Área de Trabalho/airflow/venv/lib/python3.10/site-packages/airflow/example_dags/example_task_group_decorator.py
[2024-03-02T09:40:36.188-0300] {processor.py:830} INFO - Processing file /home/victor/Área de Trabalho/airflow/venv/lib/python3.10/site-packages/airflow/example_dags/example_task_group_decorator.py for tasks to queue
[2024-03-02T09:40:36.188-0300] {logging_mixin.py:188} INFO - [2024-03-02T09:40:36.188-0300] {dagbag.py:540} INFO - Filling up the DagBag from /home/victor/Área de Trabalho/airflow/venv/lib/python3.10/site-packages/airflow/example_dags/example_task_group_decorator.py
[2024-03-02T09:40:36.202-0300] {processor.py:840} INFO - DAG(s) 'example_task_group_decorator' retrieved from /home/victor/Área de Trabalho/airflow/venv/lib/python3.10/site-packages/airflow/example_dags/example_task_group_decorator.py
[2024-03-02T09:40:36.237-0300] {logging_mixin.py:188} INFO - [2024-03-02T09:40:36.236-0300] {dag.py:3047} INFO - Sync 1 DAGs
[2024-03-02T09:40:36.259-0300] {logging_mixin.py:188} INFO - [2024-03-02T09:40:36.259-0300] {dag.py:3834} INFO - Setting next_dagrun for example_task_group_decorator to 2024-03-01 00:00:00+00:00, run_after=2024-03-02 00:00:00+00:00
[2024-03-02T09:40:36.281-0300] {processor.py:183} INFO - Processing /home/victor/Área de Trabalho/airflow/venv/lib/python3.10/site-packages/airflow/example_dags/example_task_group_decorator.py took 0.097 seconds
[2024-03-02T09:41:06.886-0300] {processor.py:161} INFO - Started process (PID=12708) to work on /home/victor/Área de Trabalho/airflow/venv/lib/python3.10/site-packages/airflow/example_dags/example_task_group_decorator.py
[2024-03-02T09:41:06.887-0300] {processor.py:830} INFO - Processing file /home/victor/Área de Trabalho/airflow/venv/lib/python3.10/site-packages/airflow/example_dags/example_task_group_decorator.py for tasks to queue
[2024-03-02T09:41:06.889-0300] {logging_mixin.py:188} INFO - [2024-03-02T09:41:06.888-0300] {dagbag.py:540} INFO - Filling up the DagBag from /home/victor/Área de Trabalho/airflow/venv/lib/python3.10/site-packages/airflow/example_dags/example_task_group_decorator.py
[2024-03-02T09:41:06.907-0300] {processor.py:840} INFO - DAG(s) 'example_task_group_decorator' retrieved from /home/victor/Área de Trabalho/airflow/venv/lib/python3.10/site-packages/airflow/example_dags/example_task_group_decorator.py
[2024-03-02T09:41:06.939-0300] {logging_mixin.py:188} INFO - [2024-03-02T09:41:06.938-0300] {dag.py:3047} INFO - Sync 1 DAGs
[2024-03-02T09:41:06.964-0300] {logging_mixin.py:188} INFO - [2024-03-02T09:41:06.964-0300] {dag.py:3834} INFO - Setting next_dagrun for example_task_group_decorator to 2024-03-01 00:00:00+00:00, run_after=2024-03-02 00:00:00+00:00
[2024-03-02T09:41:06.990-0300] {processor.py:183} INFO - Processing /home/victor/Área de Trabalho/airflow/venv/lib/python3.10/site-packages/airflow/example_dags/example_task_group_decorator.py took 0.108 seconds
[2024-03-02T09:41:37.899-0300] {processor.py:161} INFO - Started process (PID=13023) to work on /home/victor/Área de Trabalho/airflow/venv/lib/python3.10/site-packages/airflow/example_dags/example_task_group_decorator.py
[2024-03-02T09:41:37.900-0300] {processor.py:830} INFO - Processing file /home/victor/Área de Trabalho/airflow/venv/lib/python3.10/site-packages/airflow/example_dags/example_task_group_decorator.py for tasks to queue
[2024-03-02T09:41:37.900-0300] {logging_mixin.py:188} INFO - [2024-03-02T09:41:37.900-0300] {dagbag.py:540} INFO - Filling up the DagBag from /home/victor/Área de Trabalho/airflow/venv/lib/python3.10/site-packages/airflow/example_dags/example_task_group_decorator.py
[2024-03-02T09:41:37.915-0300] {processor.py:840} INFO - DAG(s) 'example_task_group_decorator' retrieved from /home/victor/Área de Trabalho/airflow/venv/lib/python3.10/site-packages/airflow/example_dags/example_task_group_decorator.py
[2024-03-02T09:41:37.963-0300] {logging_mixin.py:188} INFO - [2024-03-02T09:41:37.963-0300] {dag.py:3047} INFO - Sync 1 DAGs
[2024-03-02T09:41:37.988-0300] {logging_mixin.py:188} INFO - [2024-03-02T09:41:37.988-0300] {dag.py:3834} INFO - Setting next_dagrun for example_task_group_decorator to 2024-03-01 00:00:00+00:00, run_after=2024-03-02 00:00:00+00:00
[2024-03-02T09:41:38.015-0300] {processor.py:183} INFO - Processing /home/victor/Área de Trabalho/airflow/venv/lib/python3.10/site-packages/airflow/example_dags/example_task_group_decorator.py took 0.120 seconds
[2024-03-02T09:42:08.608-0300] {processor.py:161} INFO - Started process (PID=13657) to work on /home/victor/Área de Trabalho/airflow/venv/lib/python3.10/site-packages/airflow/example_dags/example_task_group_decorator.py
[2024-03-02T09:42:08.609-0300] {processor.py:830} INFO - Processing file /home/victor/Área de Trabalho/airflow/venv/lib/python3.10/site-packages/airflow/example_dags/example_task_group_decorator.py for tasks to queue
[2024-03-02T09:42:08.609-0300] {logging_mixin.py:188} INFO - [2024-03-02T09:42:08.609-0300] {dagbag.py:540} INFO - Filling up the DagBag from /home/victor/Área de Trabalho/airflow/venv/lib/python3.10/site-packages/airflow/example_dags/example_task_group_decorator.py
[2024-03-02T09:42:08.623-0300] {processor.py:840} INFO - DAG(s) 'example_task_group_decorator' retrieved from /home/victor/Área de Trabalho/airflow/venv/lib/python3.10/site-packages/airflow/example_dags/example_task_group_decorator.py
[2024-03-02T09:42:08.660-0300] {logging_mixin.py:188} INFO - [2024-03-02T09:42:08.660-0300] {dag.py:3047} INFO - Sync 1 DAGs
[2024-03-02T09:42:08.687-0300] {logging_mixin.py:188} INFO - [2024-03-02T09:42:08.687-0300] {dag.py:3834} INFO - Setting next_dagrun for example_task_group_decorator to 2024-03-01 00:00:00+00:00, run_after=2024-03-02 00:00:00+00:00
[2024-03-02T09:42:08.713-0300] {processor.py:183} INFO - Processing /home/victor/Área de Trabalho/airflow/venv/lib/python3.10/site-packages/airflow/example_dags/example_task_group_decorator.py took 0.109 seconds
[2024-03-02T09:42:39.285-0300] {processor.py:161} INFO - Started process (PID=13976) to work on /home/victor/Área de Trabalho/airflow/venv/lib/python3.10/site-packages/airflow/example_dags/example_task_group_decorator.py
[2024-03-02T09:42:39.285-0300] {processor.py:830} INFO - Processing file /home/victor/Área de Trabalho/airflow/venv/lib/python3.10/site-packages/airflow/example_dags/example_task_group_decorator.py for tasks to queue
[2024-03-02T09:42:39.286-0300] {logging_mixin.py:188} INFO - [2024-03-02T09:42:39.286-0300] {dagbag.py:540} INFO - Filling up the DagBag from /home/victor/Área de Trabalho/airflow/venv/lib/python3.10/site-packages/airflow/example_dags/example_task_group_decorator.py
[2024-03-02T09:42:39.300-0300] {processor.py:840} INFO - DAG(s) 'example_task_group_decorator' retrieved from /home/victor/Área de Trabalho/airflow/venv/lib/python3.10/site-packages/airflow/example_dags/example_task_group_decorator.py
[2024-03-02T09:42:39.335-0300] {logging_mixin.py:188} INFO - [2024-03-02T09:42:39.335-0300] {dag.py:3047} INFO - Sync 1 DAGs
[2024-03-02T09:42:39.366-0300] {logging_mixin.py:188} INFO - [2024-03-02T09:42:39.365-0300] {dag.py:3834} INFO - Setting next_dagrun for example_task_group_decorator to 2024-03-01 00:00:00+00:00, run_after=2024-03-02 00:00:00+00:00
[2024-03-02T09:42:39.390-0300] {processor.py:183} INFO - Processing /home/victor/Área de Trabalho/airflow/venv/lib/python3.10/site-packages/airflow/example_dags/example_task_group_decorator.py took 0.109 seconds
[2024-03-02T09:43:10.658-0300] {processor.py:161} INFO - Started process (PID=14458) to work on /home/victor/Área de Trabalho/airflow/venv/lib/python3.10/site-packages/airflow/example_dags/example_task_group_decorator.py
[2024-03-02T09:43:10.659-0300] {processor.py:830} INFO - Processing file /home/victor/Área de Trabalho/airflow/venv/lib/python3.10/site-packages/airflow/example_dags/example_task_group_decorator.py for tasks to queue
[2024-03-02T09:43:10.659-0300] {logging_mixin.py:188} INFO - [2024-03-02T09:43:10.659-0300] {dagbag.py:540} INFO - Filling up the DagBag from /home/victor/Área de Trabalho/airflow/venv/lib/python3.10/site-packages/airflow/example_dags/example_task_group_decorator.py
[2024-03-02T09:43:10.677-0300] {processor.py:840} INFO - DAG(s) 'example_task_group_decorator' retrieved from /home/victor/Área de Trabalho/airflow/venv/lib/python3.10/site-packages/airflow/example_dags/example_task_group_decorator.py
[2024-03-02T09:43:10.710-0300] {logging_mixin.py:188} INFO - [2024-03-02T09:43:10.710-0300] {dag.py:3047} INFO - Sync 1 DAGs
[2024-03-02T09:43:10.739-0300] {logging_mixin.py:188} INFO - [2024-03-02T09:43:10.739-0300] {dag.py:3834} INFO - Setting next_dagrun for example_task_group_decorator to 2024-03-01 00:00:00+00:00, run_after=2024-03-02 00:00:00+00:00
[2024-03-02T09:43:10.766-0300] {processor.py:183} INFO - Processing /home/victor/Área de Trabalho/airflow/venv/lib/python3.10/site-packages/airflow/example_dags/example_task_group_decorator.py took 0.111 seconds
[2024-03-02T09:43:41.534-0300] {processor.py:161} INFO - Started process (PID=14778) to work on /home/victor/Área de Trabalho/airflow/venv/lib/python3.10/site-packages/airflow/example_dags/example_task_group_decorator.py
[2024-03-02T09:43:41.535-0300] {processor.py:830} INFO - Processing file /home/victor/Área de Trabalho/airflow/venv/lib/python3.10/site-packages/airflow/example_dags/example_task_group_decorator.py for tasks to queue
[2024-03-02T09:43:41.535-0300] {logging_mixin.py:188} INFO - [2024-03-02T09:43:41.535-0300] {dagbag.py:540} INFO - Filling up the DagBag from /home/victor/Área de Trabalho/airflow/venv/lib/python3.10/site-packages/airflow/example_dags/example_task_group_decorator.py
[2024-03-02T09:43:41.549-0300] {processor.py:840} INFO - DAG(s) 'example_task_group_decorator' retrieved from /home/victor/Área de Trabalho/airflow/venv/lib/python3.10/site-packages/airflow/example_dags/example_task_group_decorator.py
[2024-03-02T09:43:41.582-0300] {logging_mixin.py:188} INFO - [2024-03-02T09:43:41.581-0300] {dag.py:3047} INFO - Sync 1 DAGs
[2024-03-02T09:43:41.604-0300] {logging_mixin.py:188} INFO - [2024-03-02T09:43:41.603-0300] {dag.py:3834} INFO - Setting next_dagrun for example_task_group_decorator to 2024-03-01 00:00:00+00:00, run_after=2024-03-02 00:00:00+00:00
[2024-03-02T09:43:41.624-0300] {processor.py:183} INFO - Processing /home/victor/Área de Trabalho/airflow/venv/lib/python3.10/site-packages/airflow/example_dags/example_task_group_decorator.py took 0.094 seconds
[2024-03-02T09:44:12.953-0300] {processor.py:161} INFO - Started process (PID=15260) to work on /home/victor/Área de Trabalho/airflow/venv/lib/python3.10/site-packages/airflow/example_dags/example_task_group_decorator.py
[2024-03-02T09:44:12.954-0300] {processor.py:830} INFO - Processing file /home/victor/Área de Trabalho/airflow/venv/lib/python3.10/site-packages/airflow/example_dags/example_task_group_decorator.py for tasks to queue
[2024-03-02T09:44:12.955-0300] {logging_mixin.py:188} INFO - [2024-03-02T09:44:12.955-0300] {dagbag.py:540} INFO - Filling up the DagBag from /home/victor/Área de Trabalho/airflow/venv/lib/python3.10/site-packages/airflow/example_dags/example_task_group_decorator.py
[2024-03-02T09:44:12.976-0300] {processor.py:840} INFO - DAG(s) 'example_task_group_decorator' retrieved from /home/victor/Área de Trabalho/airflow/venv/lib/python3.10/site-packages/airflow/example_dags/example_task_group_decorator.py
[2024-03-02T09:44:13.010-0300] {logging_mixin.py:188} INFO - [2024-03-02T09:44:13.010-0300] {dag.py:3047} INFO - Sync 1 DAGs
[2024-03-02T09:44:13.033-0300] {logging_mixin.py:188} INFO - [2024-03-02T09:44:13.032-0300] {dag.py:3834} INFO - Setting next_dagrun for example_task_group_decorator to 2024-03-01 00:00:00+00:00, run_after=2024-03-02 00:00:00+00:00
[2024-03-02T09:44:13.056-0300] {processor.py:183} INFO - Processing /home/victor/Área de Trabalho/airflow/venv/lib/python3.10/site-packages/airflow/example_dags/example_task_group_decorator.py took 0.105 seconds
[2024-03-02T09:44:43.598-0300] {processor.py:161} INFO - Started process (PID=15584) to work on /home/victor/Área de Trabalho/airflow/venv/lib/python3.10/site-packages/airflow/example_dags/example_task_group_decorator.py
[2024-03-02T09:44:43.598-0300] {processor.py:830} INFO - Processing file /home/victor/Área de Trabalho/airflow/venv/lib/python3.10/site-packages/airflow/example_dags/example_task_group_decorator.py for tasks to queue
[2024-03-02T09:44:43.599-0300] {logging_mixin.py:188} INFO - [2024-03-02T09:44:43.599-0300] {dagbag.py:540} INFO - Filling up the DagBag from /home/victor/Área de Trabalho/airflow/venv/lib/python3.10/site-packages/airflow/example_dags/example_task_group_decorator.py
[2024-03-02T09:44:43.615-0300] {processor.py:840} INFO - DAG(s) 'example_task_group_decorator' retrieved from /home/victor/Área de Trabalho/airflow/venv/lib/python3.10/site-packages/airflow/example_dags/example_task_group_decorator.py
[2024-03-02T09:44:43.648-0300] {logging_mixin.py:188} INFO - [2024-03-02T09:44:43.648-0300] {dag.py:3047} INFO - Sync 1 DAGs
[2024-03-02T09:44:43.675-0300] {logging_mixin.py:188} INFO - [2024-03-02T09:44:43.675-0300] {dag.py:3834} INFO - Setting next_dagrun for example_task_group_decorator to 2024-03-01 00:00:00+00:00, run_after=2024-03-02 00:00:00+00:00
[2024-03-02T09:44:43.699-0300] {processor.py:183} INFO - Processing /home/victor/Área de Trabalho/airflow/venv/lib/python3.10/site-packages/airflow/example_dags/example_task_group_decorator.py took 0.104 seconds
[2024-03-02T09:45:14.347-0300] {processor.py:161} INFO - Started process (PID=16068) to work on /home/victor/Área de Trabalho/airflow/venv/lib/python3.10/site-packages/airflow/example_dags/example_task_group_decorator.py
[2024-03-02T09:45:14.348-0300] {processor.py:830} INFO - Processing file /home/victor/Área de Trabalho/airflow/venv/lib/python3.10/site-packages/airflow/example_dags/example_task_group_decorator.py for tasks to queue
[2024-03-02T09:45:14.349-0300] {logging_mixin.py:188} INFO - [2024-03-02T09:45:14.349-0300] {dagbag.py:540} INFO - Filling up the DagBag from /home/victor/Área de Trabalho/airflow/venv/lib/python3.10/site-packages/airflow/example_dags/example_task_group_decorator.py
[2024-03-02T09:45:14.364-0300] {processor.py:840} INFO - DAG(s) 'example_task_group_decorator' retrieved from /home/victor/Área de Trabalho/airflow/venv/lib/python3.10/site-packages/airflow/example_dags/example_task_group_decorator.py
[2024-03-02T09:45:14.396-0300] {logging_mixin.py:188} INFO - [2024-03-02T09:45:14.396-0300] {dag.py:3047} INFO - Sync 1 DAGs
[2024-03-02T09:45:14.420-0300] {logging_mixin.py:188} INFO - [2024-03-02T09:45:14.420-0300] {dag.py:3834} INFO - Setting next_dagrun for example_task_group_decorator to 2024-03-01 00:00:00+00:00, run_after=2024-03-02 00:00:00+00:00
[2024-03-02T09:45:14.441-0300] {processor.py:183} INFO - Processing /home/victor/Área de Trabalho/airflow/venv/lib/python3.10/site-packages/airflow/example_dags/example_task_group_decorator.py took 0.097 seconds
[2024-03-02T09:45:45.560-0300] {processor.py:161} INFO - Started process (PID=16575) to work on /home/victor/Área de Trabalho/airflow/venv/lib/python3.10/site-packages/airflow/example_dags/example_task_group_decorator.py
[2024-03-02T09:45:45.561-0300] {processor.py:830} INFO - Processing file /home/victor/Área de Trabalho/airflow/venv/lib/python3.10/site-packages/airflow/example_dags/example_task_group_decorator.py for tasks to queue
[2024-03-02T09:45:45.561-0300] {logging_mixin.py:188} INFO - [2024-03-02T09:45:45.561-0300] {dagbag.py:540} INFO - Filling up the DagBag from /home/victor/Área de Trabalho/airflow/venv/lib/python3.10/site-packages/airflow/example_dags/example_task_group_decorator.py
[2024-03-02T09:45:45.576-0300] {processor.py:840} INFO - DAG(s) 'example_task_group_decorator' retrieved from /home/victor/Área de Trabalho/airflow/venv/lib/python3.10/site-packages/airflow/example_dags/example_task_group_decorator.py
[2024-03-02T09:45:45.607-0300] {logging_mixin.py:188} INFO - [2024-03-02T09:45:45.607-0300] {dag.py:3047} INFO - Sync 1 DAGs
[2024-03-02T09:45:45.628-0300] {logging_mixin.py:188} INFO - [2024-03-02T09:45:45.627-0300] {dag.py:3834} INFO - Setting next_dagrun for example_task_group_decorator to 2024-03-01 00:00:00+00:00, run_after=2024-03-02 00:00:00+00:00
[2024-03-02T09:45:45.650-0300] {processor.py:183} INFO - Processing /home/victor/Área de Trabalho/airflow/venv/lib/python3.10/site-packages/airflow/example_dags/example_task_group_decorator.py took 0.093 seconds
[2024-03-02T09:46:17.032-0300] {processor.py:161} INFO - Started process (PID=17063) to work on /home/victor/Área de Trabalho/airflow/venv/lib/python3.10/site-packages/airflow/example_dags/example_task_group_decorator.py
[2024-03-02T09:46:17.033-0300] {processor.py:830} INFO - Processing file /home/victor/Área de Trabalho/airflow/venv/lib/python3.10/site-packages/airflow/example_dags/example_task_group_decorator.py for tasks to queue
[2024-03-02T09:46:17.034-0300] {logging_mixin.py:188} INFO - [2024-03-02T09:46:17.034-0300] {dagbag.py:540} INFO - Filling up the DagBag from /home/victor/Área de Trabalho/airflow/venv/lib/python3.10/site-packages/airflow/example_dags/example_task_group_decorator.py
[2024-03-02T09:46:17.049-0300] {processor.py:840} INFO - DAG(s) 'example_task_group_decorator' retrieved from /home/victor/Área de Trabalho/airflow/venv/lib/python3.10/site-packages/airflow/example_dags/example_task_group_decorator.py
[2024-03-02T09:46:17.084-0300] {logging_mixin.py:188} INFO - [2024-03-02T09:46:17.084-0300] {dag.py:3047} INFO - Sync 1 DAGs
[2024-03-02T09:46:17.111-0300] {logging_mixin.py:188} INFO - [2024-03-02T09:46:17.111-0300] {dag.py:3834} INFO - Setting next_dagrun for example_task_group_decorator to 2024-03-01 00:00:00+00:00, run_after=2024-03-02 00:00:00+00:00
[2024-03-02T09:46:17.137-0300] {processor.py:183} INFO - Processing /home/victor/Área de Trabalho/airflow/venv/lib/python3.10/site-packages/airflow/example_dags/example_task_group_decorator.py took 0.108 seconds
[2024-03-02T09:46:47.847-0300] {processor.py:161} INFO - Started process (PID=17385) to work on /home/victor/Área de Trabalho/airflow/venv/lib/python3.10/site-packages/airflow/example_dags/example_task_group_decorator.py
[2024-03-02T09:46:47.848-0300] {processor.py:830} INFO - Processing file /home/victor/Área de Trabalho/airflow/venv/lib/python3.10/site-packages/airflow/example_dags/example_task_group_decorator.py for tasks to queue
[2024-03-02T09:46:47.848-0300] {logging_mixin.py:188} INFO - [2024-03-02T09:46:47.848-0300] {dagbag.py:540} INFO - Filling up the DagBag from /home/victor/Área de Trabalho/airflow/venv/lib/python3.10/site-packages/airflow/example_dags/example_task_group_decorator.py
[2024-03-02T09:46:47.869-0300] {processor.py:840} INFO - DAG(s) 'example_task_group_decorator' retrieved from /home/victor/Área de Trabalho/airflow/venv/lib/python3.10/site-packages/airflow/example_dags/example_task_group_decorator.py
[2024-03-02T09:46:47.901-0300] {logging_mixin.py:188} INFO - [2024-03-02T09:46:47.901-0300] {dag.py:3047} INFO - Sync 1 DAGs
[2024-03-02T09:46:47.927-0300] {logging_mixin.py:188} INFO - [2024-03-02T09:46:47.927-0300] {dag.py:3834} INFO - Setting next_dagrun for example_task_group_decorator to 2024-03-01 00:00:00+00:00, run_after=2024-03-02 00:00:00+00:00
[2024-03-02T09:46:47.946-0300] {processor.py:183} INFO - Processing /home/victor/Área de Trabalho/airflow/venv/lib/python3.10/site-packages/airflow/example_dags/example_task_group_decorator.py took 0.102 seconds
[2024-03-02T09:47:18.576-0300] {processor.py:161} INFO - Started process (PID=18050) to work on /home/victor/Área de Trabalho/airflow/venv/lib/python3.10/site-packages/airflow/example_dags/example_task_group_decorator.py
[2024-03-02T09:47:18.578-0300] {processor.py:830} INFO - Processing file /home/victor/Área de Trabalho/airflow/venv/lib/python3.10/site-packages/airflow/example_dags/example_task_group_decorator.py for tasks to queue
[2024-03-02T09:47:18.579-0300] {logging_mixin.py:188} INFO - [2024-03-02T09:47:18.579-0300] {dagbag.py:540} INFO - Filling up the DagBag from /home/victor/Área de Trabalho/airflow/venv/lib/python3.10/site-packages/airflow/example_dags/example_task_group_decorator.py
[2024-03-02T09:47:18.595-0300] {processor.py:840} INFO - DAG(s) 'example_task_group_decorator' retrieved from /home/victor/Área de Trabalho/airflow/venv/lib/python3.10/site-packages/airflow/example_dags/example_task_group_decorator.py
[2024-03-02T09:47:18.628-0300] {logging_mixin.py:188} INFO - [2024-03-02T09:47:18.628-0300] {dag.py:3047} INFO - Sync 1 DAGs
[2024-03-02T09:47:18.649-0300] {logging_mixin.py:188} INFO - [2024-03-02T09:47:18.649-0300] {dag.py:3834} INFO - Setting next_dagrun for example_task_group_decorator to 2024-03-01 00:00:00+00:00, run_after=2024-03-02 00:00:00+00:00
[2024-03-02T09:47:18.672-0300] {processor.py:183} INFO - Processing /home/victor/Área de Trabalho/airflow/venv/lib/python3.10/site-packages/airflow/example_dags/example_task_group_decorator.py took 0.099 seconds
[2024-03-02T09:47:49.414-0300] {processor.py:161} INFO - Started process (PID=18364) to work on /home/victor/Área de Trabalho/airflow/venv/lib/python3.10/site-packages/airflow/example_dags/example_task_group_decorator.py
[2024-03-02T09:47:49.414-0300] {processor.py:830} INFO - Processing file /home/victor/Área de Trabalho/airflow/venv/lib/python3.10/site-packages/airflow/example_dags/example_task_group_decorator.py for tasks to queue
[2024-03-02T09:47:49.416-0300] {logging_mixin.py:188} INFO - [2024-03-02T09:47:49.415-0300] {dagbag.py:540} INFO - Filling up the DagBag from /home/victor/Área de Trabalho/airflow/venv/lib/python3.10/site-packages/airflow/example_dags/example_task_group_decorator.py
[2024-03-02T09:47:49.429-0300] {processor.py:840} INFO - DAG(s) 'example_task_group_decorator' retrieved from /home/victor/Área de Trabalho/airflow/venv/lib/python3.10/site-packages/airflow/example_dags/example_task_group_decorator.py
[2024-03-02T09:47:49.461-0300] {logging_mixin.py:188} INFO - [2024-03-02T09:47:49.460-0300] {dag.py:3047} INFO - Sync 1 DAGs
[2024-03-02T09:47:49.482-0300] {logging_mixin.py:188} INFO - [2024-03-02T09:47:49.482-0300] {dag.py:3834} INFO - Setting next_dagrun for example_task_group_decorator to 2024-03-01 00:00:00+00:00, run_after=2024-03-02 00:00:00+00:00
[2024-03-02T09:47:49.502-0300] {processor.py:183} INFO - Processing /home/victor/Área de Trabalho/airflow/venv/lib/python3.10/site-packages/airflow/example_dags/example_task_group_decorator.py took 0.092 seconds
[2024-03-02T09:48:20.035-0300] {processor.py:161} INFO - Started process (PID=18851) to work on /home/victor/Área de Trabalho/airflow/venv/lib/python3.10/site-packages/airflow/example_dags/example_task_group_decorator.py
[2024-03-02T09:48:20.036-0300] {processor.py:830} INFO - Processing file /home/victor/Área de Trabalho/airflow/venv/lib/python3.10/site-packages/airflow/example_dags/example_task_group_decorator.py for tasks to queue
[2024-03-02T09:48:20.036-0300] {logging_mixin.py:188} INFO - [2024-03-02T09:48:20.036-0300] {dagbag.py:540} INFO - Filling up the DagBag from /home/victor/Área de Trabalho/airflow/venv/lib/python3.10/site-packages/airflow/example_dags/example_task_group_decorator.py
[2024-03-02T09:48:20.054-0300] {processor.py:840} INFO - DAG(s) 'example_task_group_decorator' retrieved from /home/victor/Área de Trabalho/airflow/venv/lib/python3.10/site-packages/airflow/example_dags/example_task_group_decorator.py
[2024-03-02T09:48:20.086-0300] {logging_mixin.py:188} INFO - [2024-03-02T09:48:20.086-0300] {dag.py:3047} INFO - Sync 1 DAGs
[2024-03-02T09:48:20.110-0300] {logging_mixin.py:188} INFO - [2024-03-02T09:48:20.109-0300] {dag.py:3834} INFO - Setting next_dagrun for example_task_group_decorator to 2024-03-01 00:00:00+00:00, run_after=2024-03-02 00:00:00+00:00
[2024-03-02T09:48:20.133-0300] {processor.py:183} INFO - Processing /home/victor/Área de Trabalho/airflow/venv/lib/python3.10/site-packages/airflow/example_dags/example_task_group_decorator.py took 0.101 seconds
[2024-03-02T09:48:50.824-0300] {processor.py:161} INFO - Started process (PID=19193) to work on /home/victor/Área de Trabalho/airflow/venv/lib/python3.10/site-packages/airflow/example_dags/example_task_group_decorator.py
[2024-03-02T09:48:50.825-0300] {processor.py:830} INFO - Processing file /home/victor/Área de Trabalho/airflow/venv/lib/python3.10/site-packages/airflow/example_dags/example_task_group_decorator.py for tasks to queue
[2024-03-02T09:48:50.825-0300] {logging_mixin.py:188} INFO - [2024-03-02T09:48:50.825-0300] {dagbag.py:540} INFO - Filling up the DagBag from /home/victor/Área de Trabalho/airflow/venv/lib/python3.10/site-packages/airflow/example_dags/example_task_group_decorator.py
[2024-03-02T09:48:50.845-0300] {processor.py:840} INFO - DAG(s) 'example_task_group_decorator' retrieved from /home/victor/Área de Trabalho/airflow/venv/lib/python3.10/site-packages/airflow/example_dags/example_task_group_decorator.py
[2024-03-02T09:48:50.877-0300] {logging_mixin.py:188} INFO - [2024-03-02T09:48:50.876-0300] {dag.py:3047} INFO - Sync 1 DAGs
[2024-03-02T09:48:50.902-0300] {logging_mixin.py:188} INFO - [2024-03-02T09:48:50.902-0300] {dag.py:3834} INFO - Setting next_dagrun for example_task_group_decorator to 2024-03-01 00:00:00+00:00, run_after=2024-03-02 00:00:00+00:00
[2024-03-02T09:48:50.922-0300] {processor.py:183} INFO - Processing /home/victor/Área de Trabalho/airflow/venv/lib/python3.10/site-packages/airflow/example_dags/example_task_group_decorator.py took 0.101 seconds
[2024-03-02T09:49:21.566-0300] {processor.py:161} INFO - Started process (PID=19674) to work on /home/victor/Área de Trabalho/airflow/venv/lib/python3.10/site-packages/airflow/example_dags/example_task_group_decorator.py
[2024-03-02T09:49:21.567-0300] {processor.py:830} INFO - Processing file /home/victor/Área de Trabalho/airflow/venv/lib/python3.10/site-packages/airflow/example_dags/example_task_group_decorator.py for tasks to queue
[2024-03-02T09:49:21.568-0300] {logging_mixin.py:188} INFO - [2024-03-02T09:49:21.567-0300] {dagbag.py:540} INFO - Filling up the DagBag from /home/victor/Área de Trabalho/airflow/venv/lib/python3.10/site-packages/airflow/example_dags/example_task_group_decorator.py
[2024-03-02T09:49:21.583-0300] {processor.py:840} INFO - DAG(s) 'example_task_group_decorator' retrieved from /home/victor/Área de Trabalho/airflow/venv/lib/python3.10/site-packages/airflow/example_dags/example_task_group_decorator.py
[2024-03-02T09:49:21.615-0300] {logging_mixin.py:188} INFO - [2024-03-02T09:49:21.614-0300] {dag.py:3047} INFO - Sync 1 DAGs
[2024-03-02T09:49:21.636-0300] {logging_mixin.py:188} INFO - [2024-03-02T09:49:21.635-0300] {dag.py:3834} INFO - Setting next_dagrun for example_task_group_decorator to 2024-03-01 00:00:00+00:00, run_after=2024-03-02 00:00:00+00:00
[2024-03-02T09:49:21.656-0300] {processor.py:183} INFO - Processing /home/victor/Área de Trabalho/airflow/venv/lib/python3.10/site-packages/airflow/example_dags/example_task_group_decorator.py took 0.094 seconds
[2024-03-02T09:49:52.291-0300] {processor.py:161} INFO - Started process (PID=19996) to work on /home/victor/Área de Trabalho/airflow/venv/lib/python3.10/site-packages/airflow/example_dags/example_task_group_decorator.py
[2024-03-02T09:49:52.293-0300] {processor.py:830} INFO - Processing file /home/victor/Área de Trabalho/airflow/venv/lib/python3.10/site-packages/airflow/example_dags/example_task_group_decorator.py for tasks to queue
[2024-03-02T09:49:52.294-0300] {logging_mixin.py:188} INFO - [2024-03-02T09:49:52.294-0300] {dagbag.py:540} INFO - Filling up the DagBag from /home/victor/Área de Trabalho/airflow/venv/lib/python3.10/site-packages/airflow/example_dags/example_task_group_decorator.py
[2024-03-02T09:49:52.310-0300] {processor.py:840} INFO - DAG(s) 'example_task_group_decorator' retrieved from /home/victor/Área de Trabalho/airflow/venv/lib/python3.10/site-packages/airflow/example_dags/example_task_group_decorator.py
[2024-03-02T09:49:52.343-0300] {logging_mixin.py:188} INFO - [2024-03-02T09:49:52.343-0300] {dag.py:3047} INFO - Sync 1 DAGs
[2024-03-02T09:49:52.369-0300] {logging_mixin.py:188} INFO - [2024-03-02T09:49:52.368-0300] {dag.py:3834} INFO - Setting next_dagrun for example_task_group_decorator to 2024-03-01 00:00:00+00:00, run_after=2024-03-02 00:00:00+00:00
[2024-03-02T09:49:52.390-0300] {processor.py:183} INFO - Processing /home/victor/Área de Trabalho/airflow/venv/lib/python3.10/site-packages/airflow/example_dags/example_task_group_decorator.py took 0.101 seconds
[2024-03-02T09:50:22.953-0300] {processor.py:161} INFO - Started process (PID=20478) to work on /home/victor/Área de Trabalho/airflow/venv/lib/python3.10/site-packages/airflow/example_dags/example_task_group_decorator.py
[2024-03-02T09:50:22.954-0300] {processor.py:830} INFO - Processing file /home/victor/Área de Trabalho/airflow/venv/lib/python3.10/site-packages/airflow/example_dags/example_task_group_decorator.py for tasks to queue
[2024-03-02T09:50:22.955-0300] {logging_mixin.py:188} INFO - [2024-03-02T09:50:22.954-0300] {dagbag.py:540} INFO - Filling up the DagBag from /home/victor/Área de Trabalho/airflow/venv/lib/python3.10/site-packages/airflow/example_dags/example_task_group_decorator.py
[2024-03-02T09:50:22.967-0300] {processor.py:840} INFO - DAG(s) 'example_task_group_decorator' retrieved from /home/victor/Área de Trabalho/airflow/venv/lib/python3.10/site-packages/airflow/example_dags/example_task_group_decorator.py
[2024-03-02T09:50:22.998-0300] {logging_mixin.py:188} INFO - [2024-03-02T09:50:22.998-0300] {dag.py:3047} INFO - Sync 1 DAGs
[2024-03-02T09:50:23.020-0300] {logging_mixin.py:188} INFO - [2024-03-02T09:50:23.020-0300] {dag.py:3834} INFO - Setting next_dagrun for example_task_group_decorator to 2024-03-01 00:00:00+00:00, run_after=2024-03-02 00:00:00+00:00
[2024-03-02T09:50:23.040-0300] {processor.py:183} INFO - Processing /home/victor/Área de Trabalho/airflow/venv/lib/python3.10/site-packages/airflow/example_dags/example_task_group_decorator.py took 0.090 seconds
[2024-03-02T09:50:54.393-0300] {processor.py:161} INFO - Started process (PID=20836) to work on /home/victor/Área de Trabalho/airflow/venv/lib/python3.10/site-packages/airflow/example_dags/example_task_group_decorator.py
[2024-03-02T09:50:54.394-0300] {processor.py:830} INFO - Processing file /home/victor/Área de Trabalho/airflow/venv/lib/python3.10/site-packages/airflow/example_dags/example_task_group_decorator.py for tasks to queue
[2024-03-02T09:50:54.395-0300] {logging_mixin.py:188} INFO - [2024-03-02T09:50:54.394-0300] {dagbag.py:540} INFO - Filling up the DagBag from /home/victor/Área de Trabalho/airflow/venv/lib/python3.10/site-packages/airflow/example_dags/example_task_group_decorator.py
[2024-03-02T09:50:54.410-0300] {processor.py:840} INFO - DAG(s) 'example_task_group_decorator' retrieved from /home/victor/Área de Trabalho/airflow/venv/lib/python3.10/site-packages/airflow/example_dags/example_task_group_decorator.py
[2024-03-02T09:50:54.444-0300] {logging_mixin.py:188} INFO - [2024-03-02T09:50:54.444-0300] {dag.py:3047} INFO - Sync 1 DAGs
[2024-03-02T09:50:54.467-0300] {logging_mixin.py:188} INFO - [2024-03-02T09:50:54.467-0300] {dag.py:3834} INFO - Setting next_dagrun for example_task_group_decorator to 2024-03-01 00:00:00+00:00, run_after=2024-03-02 00:00:00+00:00
[2024-03-02T09:50:54.490-0300] {processor.py:183} INFO - Processing /home/victor/Área de Trabalho/airflow/venv/lib/python3.10/site-packages/airflow/example_dags/example_task_group_decorator.py took 0.100 seconds
[2024-03-02T09:51:25.100-0300] {processor.py:161} INFO - Started process (PID=21316) to work on /home/victor/Área de Trabalho/airflow/venv/lib/python3.10/site-packages/airflow/example_dags/example_task_group_decorator.py
[2024-03-02T09:51:25.101-0300] {processor.py:830} INFO - Processing file /home/victor/Área de Trabalho/airflow/venv/lib/python3.10/site-packages/airflow/example_dags/example_task_group_decorator.py for tasks to queue
[2024-03-02T09:51:25.102-0300] {logging_mixin.py:188} INFO - [2024-03-02T09:51:25.101-0300] {dagbag.py:540} INFO - Filling up the DagBag from /home/victor/Área de Trabalho/airflow/venv/lib/python3.10/site-packages/airflow/example_dags/example_task_group_decorator.py
[2024-03-02T09:51:25.118-0300] {processor.py:840} INFO - DAG(s) 'example_task_group_decorator' retrieved from /home/victor/Área de Trabalho/airflow/venv/lib/python3.10/site-packages/airflow/example_dags/example_task_group_decorator.py
[2024-03-02T09:51:25.149-0300] {logging_mixin.py:188} INFO - [2024-03-02T09:51:25.149-0300] {dag.py:3047} INFO - Sync 1 DAGs
[2024-03-02T09:51:25.171-0300] {logging_mixin.py:188} INFO - [2024-03-02T09:51:25.170-0300] {dag.py:3834} INFO - Setting next_dagrun for example_task_group_decorator to 2024-03-01 00:00:00+00:00, run_after=2024-03-02 00:00:00+00:00
[2024-03-02T09:51:25.193-0300] {processor.py:183} INFO - Processing /home/victor/Área de Trabalho/airflow/venv/lib/python3.10/site-packages/airflow/example_dags/example_task_group_decorator.py took 0.095 seconds
[2024-03-02T09:51:55.723-0300] {processor.py:161} INFO - Started process (PID=21641) to work on /home/victor/Área de Trabalho/airflow/venv/lib/python3.10/site-packages/airflow/example_dags/example_task_group_decorator.py
[2024-03-02T09:51:55.724-0300] {processor.py:830} INFO - Processing file /home/victor/Área de Trabalho/airflow/venv/lib/python3.10/site-packages/airflow/example_dags/example_task_group_decorator.py for tasks to queue
[2024-03-02T09:51:55.725-0300] {logging_mixin.py:188} INFO - [2024-03-02T09:51:55.724-0300] {dagbag.py:540} INFO - Filling up the DagBag from /home/victor/Área de Trabalho/airflow/venv/lib/python3.10/site-packages/airflow/example_dags/example_task_group_decorator.py
[2024-03-02T09:51:55.740-0300] {processor.py:840} INFO - DAG(s) 'example_task_group_decorator' retrieved from /home/victor/Área de Trabalho/airflow/venv/lib/python3.10/site-packages/airflow/example_dags/example_task_group_decorator.py
[2024-03-02T09:51:55.775-0300] {logging_mixin.py:188} INFO - [2024-03-02T09:51:55.774-0300] {dag.py:3047} INFO - Sync 1 DAGs
[2024-03-02T09:51:55.795-0300] {logging_mixin.py:188} INFO - [2024-03-02T09:51:55.795-0300] {dag.py:3834} INFO - Setting next_dagrun for example_task_group_decorator to 2024-03-01 00:00:00+00:00, run_after=2024-03-02 00:00:00+00:00
[2024-03-02T09:51:55.815-0300] {processor.py:183} INFO - Processing /home/victor/Área de Trabalho/airflow/venv/lib/python3.10/site-packages/airflow/example_dags/example_task_group_decorator.py took 0.095 seconds
[2024-03-02T09:52:25.947-0300] {processor.py:161} INFO - Started process (PID=22274) to work on /home/victor/Área de Trabalho/airflow/venv/lib/python3.10/site-packages/airflow/example_dags/example_task_group_decorator.py
[2024-03-02T09:52:25.947-0300] {processor.py:830} INFO - Processing file /home/victor/Área de Trabalho/airflow/venv/lib/python3.10/site-packages/airflow/example_dags/example_task_group_decorator.py for tasks to queue
[2024-03-02T09:52:25.948-0300] {logging_mixin.py:188} INFO - [2024-03-02T09:52:25.948-0300] {dagbag.py:540} INFO - Filling up the DagBag from /home/victor/Área de Trabalho/airflow/venv/lib/python3.10/site-packages/airflow/example_dags/example_task_group_decorator.py
[2024-03-02T09:52:25.964-0300] {processor.py:840} INFO - DAG(s) 'example_task_group_decorator' retrieved from /home/victor/Área de Trabalho/airflow/venv/lib/python3.10/site-packages/airflow/example_dags/example_task_group_decorator.py
[2024-03-02T09:52:25.999-0300] {logging_mixin.py:188} INFO - [2024-03-02T09:52:25.999-0300] {dag.py:3047} INFO - Sync 1 DAGs
[2024-03-02T09:52:26.020-0300] {logging_mixin.py:188} INFO - [2024-03-02T09:52:26.020-0300] {dag.py:3834} INFO - Setting next_dagrun for example_task_group_decorator to 2024-03-01 00:00:00+00:00, run_after=2024-03-02 00:00:00+00:00
[2024-03-02T09:52:26.042-0300] {processor.py:183} INFO - Processing /home/victor/Área de Trabalho/airflow/venv/lib/python3.10/site-packages/airflow/example_dags/example_task_group_decorator.py took 0.098 seconds
[2024-03-02T09:52:56.605-0300] {processor.py:161} INFO - Started process (PID=22599) to work on /home/victor/Área de Trabalho/airflow/venv/lib/python3.10/site-packages/airflow/example_dags/example_task_group_decorator.py
[2024-03-02T09:52:56.606-0300] {processor.py:830} INFO - Processing file /home/victor/Área de Trabalho/airflow/venv/lib/python3.10/site-packages/airflow/example_dags/example_task_group_decorator.py for tasks to queue
[2024-03-02T09:52:56.607-0300] {logging_mixin.py:188} INFO - [2024-03-02T09:52:56.607-0300] {dagbag.py:540} INFO - Filling up the DagBag from /home/victor/Área de Trabalho/airflow/venv/lib/python3.10/site-packages/airflow/example_dags/example_task_group_decorator.py
[2024-03-02T09:52:56.621-0300] {processor.py:840} INFO - DAG(s) 'example_task_group_decorator' retrieved from /home/victor/Área de Trabalho/airflow/venv/lib/python3.10/site-packages/airflow/example_dags/example_task_group_decorator.py
[2024-03-02T09:52:56.655-0300] {logging_mixin.py:188} INFO - [2024-03-02T09:52:56.654-0300] {dag.py:3047} INFO - Sync 1 DAGs
[2024-03-02T09:52:56.677-0300] {logging_mixin.py:188} INFO - [2024-03-02T09:52:56.677-0300] {dag.py:3834} INFO - Setting next_dagrun for example_task_group_decorator to 2024-03-01 00:00:00+00:00, run_after=2024-03-02 00:00:00+00:00
[2024-03-02T09:52:56.699-0300] {processor.py:183} INFO - Processing /home/victor/Área de Trabalho/airflow/venv/lib/python3.10/site-packages/airflow/example_dags/example_task_group_decorator.py took 0.097 seconds
[2024-03-02T09:53:27.226-0300] {processor.py:161} INFO - Started process (PID=23083) to work on /home/victor/Área de Trabalho/airflow/venv/lib/python3.10/site-packages/airflow/example_dags/example_task_group_decorator.py
[2024-03-02T09:53:27.227-0300] {processor.py:830} INFO - Processing file /home/victor/Área de Trabalho/airflow/venv/lib/python3.10/site-packages/airflow/example_dags/example_task_group_decorator.py for tasks to queue
[2024-03-02T09:53:27.228-0300] {logging_mixin.py:188} INFO - [2024-03-02T09:53:27.227-0300] {dagbag.py:540} INFO - Filling up the DagBag from /home/victor/Área de Trabalho/airflow/venv/lib/python3.10/site-packages/airflow/example_dags/example_task_group_decorator.py
[2024-03-02T09:53:27.242-0300] {processor.py:840} INFO - DAG(s) 'example_task_group_decorator' retrieved from /home/victor/Área de Trabalho/airflow/venv/lib/python3.10/site-packages/airflow/example_dags/example_task_group_decorator.py
[2024-03-02T09:53:27.277-0300] {logging_mixin.py:188} INFO - [2024-03-02T09:53:27.277-0300] {dag.py:3047} INFO - Sync 1 DAGs
[2024-03-02T09:53:27.306-0300] {logging_mixin.py:188} INFO - [2024-03-02T09:53:27.306-0300] {dag.py:3834} INFO - Setting next_dagrun for example_task_group_decorator to 2024-03-01 00:00:00+00:00, run_after=2024-03-02 00:00:00+00:00
[2024-03-02T09:53:27.330-0300] {processor.py:183} INFO - Processing /home/victor/Área de Trabalho/airflow/venv/lib/python3.10/site-packages/airflow/example_dags/example_task_group_decorator.py took 0.107 seconds
[2024-03-02T09:53:57.561-0300] {processor.py:161} INFO - Started process (PID=23391) to work on /home/victor/Área de Trabalho/airflow/venv/lib/python3.10/site-packages/airflow/example_dags/example_task_group_decorator.py
[2024-03-02T09:53:57.562-0300] {processor.py:830} INFO - Processing file /home/victor/Área de Trabalho/airflow/venv/lib/python3.10/site-packages/airflow/example_dags/example_task_group_decorator.py for tasks to queue
[2024-03-02T09:53:57.562-0300] {logging_mixin.py:188} INFO - [2024-03-02T09:53:57.562-0300] {dagbag.py:540} INFO - Filling up the DagBag from /home/victor/Área de Trabalho/airflow/venv/lib/python3.10/site-packages/airflow/example_dags/example_task_group_decorator.py
[2024-03-02T09:53:57.577-0300] {processor.py:840} INFO - DAG(s) 'example_task_group_decorator' retrieved from /home/victor/Área de Trabalho/airflow/venv/lib/python3.10/site-packages/airflow/example_dags/example_task_group_decorator.py
[2024-03-02T09:53:57.608-0300] {logging_mixin.py:188} INFO - [2024-03-02T09:53:57.608-0300] {dag.py:3047} INFO - Sync 1 DAGs
[2024-03-02T09:53:57.629-0300] {logging_mixin.py:188} INFO - [2024-03-02T09:53:57.629-0300] {dag.py:3834} INFO - Setting next_dagrun for example_task_group_decorator to 2024-03-01 00:00:00+00:00, run_after=2024-03-02 00:00:00+00:00
[2024-03-02T09:53:57.648-0300] {processor.py:183} INFO - Processing /home/victor/Área de Trabalho/airflow/venv/lib/python3.10/site-packages/airflow/example_dags/example_task_group_decorator.py took 0.091 seconds
[2024-03-02T09:54:28.569-0300] {processor.py:161} INFO - Started process (PID=24050) to work on /home/victor/Área de Trabalho/airflow/venv/lib/python3.10/site-packages/airflow/example_dags/example_task_group_decorator.py
[2024-03-02T09:54:28.570-0300] {processor.py:830} INFO - Processing file /home/victor/Área de Trabalho/airflow/venv/lib/python3.10/site-packages/airflow/example_dags/example_task_group_decorator.py for tasks to queue
[2024-03-02T09:54:28.571-0300] {logging_mixin.py:188} INFO - [2024-03-02T09:54:28.571-0300] {dagbag.py:540} INFO - Filling up the DagBag from /home/victor/Área de Trabalho/airflow/venv/lib/python3.10/site-packages/airflow/example_dags/example_task_group_decorator.py
[2024-03-02T09:54:28.587-0300] {processor.py:840} INFO - DAG(s) 'example_task_group_decorator' retrieved from /home/victor/Área de Trabalho/airflow/venv/lib/python3.10/site-packages/airflow/example_dags/example_task_group_decorator.py
[2024-03-02T09:54:28.625-0300] {logging_mixin.py:188} INFO - [2024-03-02T09:54:28.625-0300] {dag.py:3047} INFO - Sync 1 DAGs
[2024-03-02T09:54:28.651-0300] {logging_mixin.py:188} INFO - [2024-03-02T09:54:28.651-0300] {dag.py:3834} INFO - Setting next_dagrun for example_task_group_decorator to 2024-03-01 00:00:00+00:00, run_after=2024-03-02 00:00:00+00:00
[2024-03-02T09:54:28.679-0300] {processor.py:183} INFO - Processing /home/victor/Área de Trabalho/airflow/venv/lib/python3.10/site-packages/airflow/example_dags/example_task_group_decorator.py took 0.115 seconds
[2024-03-02T09:54:59.613-0300] {processor.py:161} INFO - Started process (PID=24540) to work on /home/victor/Área de Trabalho/airflow/venv/lib/python3.10/site-packages/airflow/example_dags/example_task_group_decorator.py
[2024-03-02T09:54:59.614-0300] {processor.py:830} INFO - Processing file /home/victor/Área de Trabalho/airflow/venv/lib/python3.10/site-packages/airflow/example_dags/example_task_group_decorator.py for tasks to queue
[2024-03-02T09:54:59.614-0300] {logging_mixin.py:188} INFO - [2024-03-02T09:54:59.614-0300] {dagbag.py:540} INFO - Filling up the DagBag from /home/victor/Área de Trabalho/airflow/venv/lib/python3.10/site-packages/airflow/example_dags/example_task_group_decorator.py
[2024-03-02T09:54:59.628-0300] {processor.py:840} INFO - DAG(s) 'example_task_group_decorator' retrieved from /home/victor/Área de Trabalho/airflow/venv/lib/python3.10/site-packages/airflow/example_dags/example_task_group_decorator.py
[2024-03-02T09:54:59.657-0300] {logging_mixin.py:188} INFO - [2024-03-02T09:54:59.657-0300] {dag.py:3047} INFO - Sync 1 DAGs
[2024-03-02T09:54:59.677-0300] {logging_mixin.py:188} INFO - [2024-03-02T09:54:59.676-0300] {dag.py:3834} INFO - Setting next_dagrun for example_task_group_decorator to 2024-03-01 00:00:00+00:00, run_after=2024-03-02 00:00:00+00:00
[2024-03-02T09:54:59.693-0300] {processor.py:183} INFO - Processing /home/victor/Área de Trabalho/airflow/venv/lib/python3.10/site-packages/airflow/example_dags/example_task_group_decorator.py took 0.083 seconds
[2024-03-02T09:55:30.149-0300] {processor.py:161} INFO - Started process (PID=25073) to work on /home/victor/Área de Trabalho/airflow/venv/lib/python3.10/site-packages/airflow/example_dags/example_task_group_decorator.py
[2024-03-02T09:55:30.149-0300] {processor.py:830} INFO - Processing file /home/victor/Área de Trabalho/airflow/venv/lib/python3.10/site-packages/airflow/example_dags/example_task_group_decorator.py for tasks to queue
[2024-03-02T09:55:30.150-0300] {logging_mixin.py:188} INFO - [2024-03-02T09:55:30.150-0300] {dagbag.py:540} INFO - Filling up the DagBag from /home/victor/Área de Trabalho/airflow/venv/lib/python3.10/site-packages/airflow/example_dags/example_task_group_decorator.py
[2024-03-02T09:55:30.163-0300] {processor.py:840} INFO - DAG(s) 'example_task_group_decorator' retrieved from /home/victor/Área de Trabalho/airflow/venv/lib/python3.10/site-packages/airflow/example_dags/example_task_group_decorator.py
[2024-03-02T09:55:30.192-0300] {logging_mixin.py:188} INFO - [2024-03-02T09:55:30.192-0300] {dag.py:3047} INFO - Sync 1 DAGs
[2024-03-02T09:55:30.216-0300] {logging_mixin.py:188} INFO - [2024-03-02T09:55:30.216-0300] {dag.py:3834} INFO - Setting next_dagrun for example_task_group_decorator to 2024-03-01 00:00:00+00:00, run_after=2024-03-02 00:00:00+00:00
[2024-03-02T09:55:30.240-0300] {processor.py:183} INFO - Processing /home/victor/Área de Trabalho/airflow/venv/lib/python3.10/site-packages/airflow/example_dags/example_task_group_decorator.py took 0.094 seconds
[2024-03-02T09:56:00.694-0300] {processor.py:161} INFO - Started process (PID=25577) to work on /home/victor/Área de Trabalho/airflow/venv/lib/python3.10/site-packages/airflow/example_dags/example_task_group_decorator.py
[2024-03-02T09:56:00.696-0300] {processor.py:830} INFO - Processing file /home/victor/Área de Trabalho/airflow/venv/lib/python3.10/site-packages/airflow/example_dags/example_task_group_decorator.py for tasks to queue
[2024-03-02T09:56:00.696-0300] {logging_mixin.py:188} INFO - [2024-03-02T09:56:00.696-0300] {dagbag.py:540} INFO - Filling up the DagBag from /home/victor/Área de Trabalho/airflow/venv/lib/python3.10/site-packages/airflow/example_dags/example_task_group_decorator.py
[2024-03-02T09:56:00.711-0300] {processor.py:840} INFO - DAG(s) 'example_task_group_decorator' retrieved from /home/victor/Área de Trabalho/airflow/venv/lib/python3.10/site-packages/airflow/example_dags/example_task_group_decorator.py
[2024-03-02T09:56:00.743-0300] {logging_mixin.py:188} INFO - [2024-03-02T09:56:00.743-0300] {dag.py:3047} INFO - Sync 1 DAGs
[2024-03-02T09:56:00.764-0300] {logging_mixin.py:188} INFO - [2024-03-02T09:56:00.764-0300] {dag.py:3834} INFO - Setting next_dagrun for example_task_group_decorator to 2024-03-01 00:00:00+00:00, run_after=2024-03-02 00:00:00+00:00
[2024-03-02T09:56:00.780-0300] {processor.py:183} INFO - Processing /home/victor/Área de Trabalho/airflow/venv/lib/python3.10/site-packages/airflow/example_dags/example_task_group_decorator.py took 0.089 seconds
[2024-03-02T09:56:30.958-0300] {processor.py:161} INFO - Started process (PID=25898) to work on /home/victor/Área de Trabalho/airflow/venv/lib/python3.10/site-packages/airflow/example_dags/example_task_group_decorator.py
[2024-03-02T09:56:30.959-0300] {processor.py:830} INFO - Processing file /home/victor/Área de Trabalho/airflow/venv/lib/python3.10/site-packages/airflow/example_dags/example_task_group_decorator.py for tasks to queue
[2024-03-02T09:56:30.960-0300] {logging_mixin.py:188} INFO - [2024-03-02T09:56:30.959-0300] {dagbag.py:540} INFO - Filling up the DagBag from /home/victor/Área de Trabalho/airflow/venv/lib/python3.10/site-packages/airflow/example_dags/example_task_group_decorator.py
[2024-03-02T09:56:30.973-0300] {processor.py:840} INFO - DAG(s) 'example_task_group_decorator' retrieved from /home/victor/Área de Trabalho/airflow/venv/lib/python3.10/site-packages/airflow/example_dags/example_task_group_decorator.py
[2024-03-02T09:56:31.000-0300] {logging_mixin.py:188} INFO - [2024-03-02T09:56:31.000-0300] {dag.py:3047} INFO - Sync 1 DAGs
[2024-03-02T09:56:31.018-0300] {logging_mixin.py:188} INFO - [2024-03-02T09:56:31.018-0300] {dag.py:3834} INFO - Setting next_dagrun for example_task_group_decorator to 2024-03-01 00:00:00+00:00, run_after=2024-03-02 00:00:00+00:00
[2024-03-02T09:56:31.035-0300] {processor.py:183} INFO - Processing /home/victor/Área de Trabalho/airflow/venv/lib/python3.10/site-packages/airflow/example_dags/example_task_group_decorator.py took 0.080 seconds
[2024-03-02T09:57:01.286-0300] {processor.py:161} INFO - Started process (PID=26381) to work on /home/victor/Área de Trabalho/airflow/venv/lib/python3.10/site-packages/airflow/example_dags/example_task_group_decorator.py
[2024-03-02T09:57:01.287-0300] {processor.py:830} INFO - Processing file /home/victor/Área de Trabalho/airflow/venv/lib/python3.10/site-packages/airflow/example_dags/example_task_group_decorator.py for tasks to queue
[2024-03-02T09:57:01.287-0300] {logging_mixin.py:188} INFO - [2024-03-02T09:57:01.287-0300] {dagbag.py:540} INFO - Filling up the DagBag from /home/victor/Área de Trabalho/airflow/venv/lib/python3.10/site-packages/airflow/example_dags/example_task_group_decorator.py
[2024-03-02T09:57:01.301-0300] {processor.py:840} INFO - DAG(s) 'example_task_group_decorator' retrieved from /home/victor/Área de Trabalho/airflow/venv/lib/python3.10/site-packages/airflow/example_dags/example_task_group_decorator.py
[2024-03-02T09:57:01.330-0300] {logging_mixin.py:188} INFO - [2024-03-02T09:57:01.330-0300] {dag.py:3047} INFO - Sync 1 DAGs
[2024-03-02T09:57:01.351-0300] {logging_mixin.py:188} INFO - [2024-03-02T09:57:01.350-0300] {dag.py:3834} INFO - Setting next_dagrun for example_task_group_decorator to 2024-03-01 00:00:00+00:00, run_after=2024-03-02 00:00:00+00:00
[2024-03-02T09:57:01.369-0300] {processor.py:183} INFO - Processing /home/victor/Área de Trabalho/airflow/venv/lib/python3.10/site-packages/airflow/example_dags/example_task_group_decorator.py took 0.086 seconds
[2024-03-02T09:57:31.882-0300] {processor.py:161} INFO - Started process (PID=26863) to work on /home/victor/Área de Trabalho/airflow/venv/lib/python3.10/site-packages/airflow/example_dags/example_task_group_decorator.py
[2024-03-02T09:57:31.884-0300] {processor.py:830} INFO - Processing file /home/victor/Área de Trabalho/airflow/venv/lib/python3.10/site-packages/airflow/example_dags/example_task_group_decorator.py for tasks to queue
[2024-03-02T09:57:31.884-0300] {logging_mixin.py:188} INFO - [2024-03-02T09:57:31.884-0300] {dagbag.py:540} INFO - Filling up the DagBag from /home/victor/Área de Trabalho/airflow/venv/lib/python3.10/site-packages/airflow/example_dags/example_task_group_decorator.py
[2024-03-02T09:57:31.901-0300] {processor.py:840} INFO - DAG(s) 'example_task_group_decorator' retrieved from /home/victor/Área de Trabalho/airflow/venv/lib/python3.10/site-packages/airflow/example_dags/example_task_group_decorator.py
[2024-03-02T09:57:31.931-0300] {logging_mixin.py:188} INFO - [2024-03-02T09:57:31.931-0300] {dag.py:3047} INFO - Sync 1 DAGs
[2024-03-02T09:57:31.951-0300] {logging_mixin.py:188} INFO - [2024-03-02T09:57:31.951-0300] {dag.py:3834} INFO - Setting next_dagrun for example_task_group_decorator to 2024-03-01 00:00:00+00:00, run_after=2024-03-02 00:00:00+00:00
[2024-03-02T09:57:31.970-0300] {processor.py:183} INFO - Processing /home/victor/Área de Trabalho/airflow/venv/lib/python3.10/site-packages/airflow/example_dags/example_task_group_decorator.py took 0.090 seconds
[2024-03-02T09:58:02.375-0300] {processor.py:161} INFO - Started process (PID=27391) to work on /home/victor/Área de Trabalho/airflow/venv/lib/python3.10/site-packages/airflow/example_dags/example_task_group_decorator.py
[2024-03-02T09:58:02.376-0300] {processor.py:830} INFO - Processing file /home/victor/Área de Trabalho/airflow/venv/lib/python3.10/site-packages/airflow/example_dags/example_task_group_decorator.py for tasks to queue
[2024-03-02T09:58:02.377-0300] {logging_mixin.py:188} INFO - [2024-03-02T09:58:02.377-0300] {dagbag.py:540} INFO - Filling up the DagBag from /home/victor/Área de Trabalho/airflow/venv/lib/python3.10/site-packages/airflow/example_dags/example_task_group_decorator.py
[2024-03-02T09:58:02.390-0300] {processor.py:840} INFO - DAG(s) 'example_task_group_decorator' retrieved from /home/victor/Área de Trabalho/airflow/venv/lib/python3.10/site-packages/airflow/example_dags/example_task_group_decorator.py
[2024-03-02T09:58:02.420-0300] {logging_mixin.py:188} INFO - [2024-03-02T09:58:02.419-0300] {dag.py:3047} INFO - Sync 1 DAGs
[2024-03-02T09:58:02.441-0300] {logging_mixin.py:188} INFO - [2024-03-02T09:58:02.441-0300] {dag.py:3834} INFO - Setting next_dagrun for example_task_group_decorator to 2024-03-01 00:00:00+00:00, run_after=2024-03-02 00:00:00+00:00
[2024-03-02T09:58:02.469-0300] {processor.py:183} INFO - Processing /home/victor/Área de Trabalho/airflow/venv/lib/python3.10/site-packages/airflow/example_dags/example_task_group_decorator.py took 0.097 seconds
[2024-03-02T09:58:33.013-0300] {processor.py:161} INFO - Started process (PID=28072) to work on /home/victor/Área de Trabalho/airflow/venv/lib/python3.10/site-packages/airflow/example_dags/example_task_group_decorator.py
[2024-03-02T09:58:33.014-0300] {processor.py:830} INFO - Processing file /home/victor/Área de Trabalho/airflow/venv/lib/python3.10/site-packages/airflow/example_dags/example_task_group_decorator.py for tasks to queue
[2024-03-02T09:58:33.015-0300] {logging_mixin.py:188} INFO - [2024-03-02T09:58:33.015-0300] {dagbag.py:540} INFO - Filling up the DagBag from /home/victor/Área de Trabalho/airflow/venv/lib/python3.10/site-packages/airflow/example_dags/example_task_group_decorator.py
[2024-03-02T09:58:33.030-0300] {processor.py:840} INFO - DAG(s) 'example_task_group_decorator' retrieved from /home/victor/Área de Trabalho/airflow/venv/lib/python3.10/site-packages/airflow/example_dags/example_task_group_decorator.py
[2024-03-02T09:58:33.057-0300] {logging_mixin.py:188} INFO - [2024-03-02T09:58:33.057-0300] {dag.py:3047} INFO - Sync 1 DAGs
[2024-03-02T09:58:33.076-0300] {logging_mixin.py:188} INFO - [2024-03-02T09:58:33.076-0300] {dag.py:3834} INFO - Setting next_dagrun for example_task_group_decorator to 2024-03-01 00:00:00+00:00, run_after=2024-03-02 00:00:00+00:00
[2024-03-02T09:58:33.096-0300] {processor.py:183} INFO - Processing /home/victor/Área de Trabalho/airflow/venv/lib/python3.10/site-packages/airflow/example_dags/example_task_group_decorator.py took 0.085 seconds
[2024-03-02T09:59:03.705-0300] {processor.py:161} INFO - Started process (PID=29298) to work on /home/victor/Área de Trabalho/airflow/venv/lib/python3.10/site-packages/airflow/example_dags/example_task_group_decorator.py
[2024-03-02T09:59:03.707-0300] {processor.py:830} INFO - Processing file /home/victor/Área de Trabalho/airflow/venv/lib/python3.10/site-packages/airflow/example_dags/example_task_group_decorator.py for tasks to queue
[2024-03-02T09:59:03.708-0300] {logging_mixin.py:188} INFO - [2024-03-02T09:59:03.708-0300] {dagbag.py:540} INFO - Filling up the DagBag from /home/victor/Área de Trabalho/airflow/venv/lib/python3.10/site-packages/airflow/example_dags/example_task_group_decorator.py
[2024-03-02T09:59:03.720-0300] {processor.py:840} INFO - DAG(s) 'example_task_group_decorator' retrieved from /home/victor/Área de Trabalho/airflow/venv/lib/python3.10/site-packages/airflow/example_dags/example_task_group_decorator.py
[2024-03-02T09:59:03.747-0300] {logging_mixin.py:188} INFO - [2024-03-02T09:59:03.747-0300] {dag.py:3047} INFO - Sync 1 DAGs
[2024-03-02T09:59:03.766-0300] {logging_mixin.py:188} INFO - [2024-03-02T09:59:03.766-0300] {dag.py:3834} INFO - Setting next_dagrun for example_task_group_decorator to 2024-03-01 00:00:00+00:00, run_after=2024-03-02 00:00:00+00:00
[2024-03-02T09:59:03.785-0300] {processor.py:183} INFO - Processing /home/victor/Área de Trabalho/airflow/venv/lib/python3.10/site-packages/airflow/example_dags/example_task_group_decorator.py took 0.083 seconds
