[2024-03-02T09:36:58.255-0300] {processor.py:161} INFO - Started process (PID=7865) to work on /home/victor/Área de Trabalho/airflow/venv/lib/python3.10/site-packages/airflow/example_dags/example_setup_teardown_taskflow.py
[2024-03-02T09:36:58.256-0300] {processor.py:830} INFO - Processing file /home/victor/Área de Trabalho/airflow/venv/lib/python3.10/site-packages/airflow/example_dags/example_setup_teardown_taskflow.py for tasks to queue
[2024-03-02T09:36:58.257-0300] {logging_mixin.py:188} INFO - [2024-03-02T09:36:58.257-0300] {dagbag.py:540} INFO - Filling up the DagBag from /home/victor/Área de Trabalho/airflow/venv/lib/python3.10/site-packages/airflow/example_dags/example_setup_teardown_taskflow.py
[2024-03-02T09:36:58.265-0300] {processor.py:840} INFO - DAG(s) 'example_setup_teardown_taskflow' retrieved from /home/victor/Área de Trabalho/airflow/venv/lib/python3.10/site-packages/airflow/example_dags/example_setup_teardown_taskflow.py
[2024-03-02T09:36:58.294-0300] {logging_mixin.py:188} INFO - [2024-03-02T09:36:58.294-0300] {dag.py:3047} INFO - Sync 1 DAGs
[2024-03-02T09:36:58.322-0300] {logging_mixin.py:188} INFO - [2024-03-02T09:36:58.322-0300] {dag.py:3834} INFO - Setting next_dagrun for example_setup_teardown_taskflow to 2024-03-01 00:00:00+00:00, run_after=2024-03-02 00:00:00+00:00
[2024-03-02T09:36:58.347-0300] {processor.py:183} INFO - Processing /home/victor/Área de Trabalho/airflow/venv/lib/python3.10/site-packages/airflow/example_dags/example_setup_teardown_taskflow.py took 0.094 seconds
[2024-03-02T09:37:29.126-0300] {processor.py:161} INFO - Started process (PID=9279) to work on /home/victor/Área de Trabalho/airflow/venv/lib/python3.10/site-packages/airflow/example_dags/example_setup_teardown_taskflow.py
[2024-03-02T09:37:29.127-0300] {processor.py:830} INFO - Processing file /home/victor/Área de Trabalho/airflow/venv/lib/python3.10/site-packages/airflow/example_dags/example_setup_teardown_taskflow.py for tasks to queue
[2024-03-02T09:37:29.127-0300] {logging_mixin.py:188} INFO - [2024-03-02T09:37:29.127-0300] {dagbag.py:540} INFO - Filling up the DagBag from /home/victor/Área de Trabalho/airflow/venv/lib/python3.10/site-packages/airflow/example_dags/example_setup_teardown_taskflow.py
[2024-03-02T09:37:29.135-0300] {processor.py:840} INFO - DAG(s) 'example_setup_teardown_taskflow' retrieved from /home/victor/Área de Trabalho/airflow/venv/lib/python3.10/site-packages/airflow/example_dags/example_setup_teardown_taskflow.py
[2024-03-02T09:37:29.241-0300] {logging_mixin.py:188} INFO - [2024-03-02T09:37:29.241-0300] {dag.py:3047} INFO - Sync 1 DAGs
[2024-03-02T09:37:29.259-0300] {logging_mixin.py:188} INFO - [2024-03-02T09:37:29.259-0300] {dag.py:3834} INFO - Setting next_dagrun for example_setup_teardown_taskflow to 2024-03-01 00:00:00+00:00, run_after=2024-03-02 00:00:00+00:00
[2024-03-02T09:37:29.278-0300] {processor.py:183} INFO - Processing /home/victor/Área de Trabalho/airflow/venv/lib/python3.10/site-packages/airflow/example_dags/example_setup_teardown_taskflow.py took 0.155 seconds
[2024-03-02T09:37:59.793-0300] {processor.py:161} INFO - Started process (PID=9944) to work on /home/victor/Área de Trabalho/airflow/venv/lib/python3.10/site-packages/airflow/example_dags/example_setup_teardown_taskflow.py
[2024-03-02T09:37:59.794-0300] {processor.py:830} INFO - Processing file /home/victor/Área de Trabalho/airflow/venv/lib/python3.10/site-packages/airflow/example_dags/example_setup_teardown_taskflow.py for tasks to queue
[2024-03-02T09:37:59.795-0300] {logging_mixin.py:188} INFO - [2024-03-02T09:37:59.795-0300] {dagbag.py:540} INFO - Filling up the DagBag from /home/victor/Área de Trabalho/airflow/venv/lib/python3.10/site-packages/airflow/example_dags/example_setup_teardown_taskflow.py
[2024-03-02T09:37:59.803-0300] {processor.py:840} INFO - DAG(s) 'example_setup_teardown_taskflow' retrieved from /home/victor/Área de Trabalho/airflow/venv/lib/python3.10/site-packages/airflow/example_dags/example_setup_teardown_taskflow.py
[2024-03-02T09:37:59.830-0300] {logging_mixin.py:188} INFO - [2024-03-02T09:37:59.830-0300] {dag.py:3047} INFO - Sync 1 DAGs
[2024-03-02T09:37:59.859-0300] {logging_mixin.py:188} INFO - [2024-03-02T09:37:59.859-0300] {dag.py:3834} INFO - Setting next_dagrun for example_setup_teardown_taskflow to 2024-03-01 00:00:00+00:00, run_after=2024-03-02 00:00:00+00:00
[2024-03-02T09:37:59.877-0300] {processor.py:183} INFO - Processing /home/victor/Área de Trabalho/airflow/venv/lib/python3.10/site-packages/airflow/example_dags/example_setup_teardown_taskflow.py took 0.087 seconds
[2024-03-02T09:38:31.233-0300] {processor.py:161} INFO - Started process (PID=10261) to work on /home/victor/Área de Trabalho/airflow/venv/lib/python3.10/site-packages/airflow/example_dags/example_setup_teardown_taskflow.py
[2024-03-02T09:38:31.234-0300] {processor.py:830} INFO - Processing file /home/victor/Área de Trabalho/airflow/venv/lib/python3.10/site-packages/airflow/example_dags/example_setup_teardown_taskflow.py for tasks to queue
[2024-03-02T09:38:31.235-0300] {logging_mixin.py:188} INFO - [2024-03-02T09:38:31.235-0300] {dagbag.py:540} INFO - Filling up the DagBag from /home/victor/Área de Trabalho/airflow/venv/lib/python3.10/site-packages/airflow/example_dags/example_setup_teardown_taskflow.py
[2024-03-02T09:38:31.243-0300] {processor.py:840} INFO - DAG(s) 'example_setup_teardown_taskflow' retrieved from /home/victor/Área de Trabalho/airflow/venv/lib/python3.10/site-packages/airflow/example_dags/example_setup_teardown_taskflow.py
[2024-03-02T09:38:31.269-0300] {logging_mixin.py:188} INFO - [2024-03-02T09:38:31.268-0300] {dag.py:3047} INFO - Sync 1 DAGs
[2024-03-02T09:38:31.289-0300] {logging_mixin.py:188} INFO - [2024-03-02T09:38:31.289-0300] {dag.py:3834} INFO - Setting next_dagrun for example_setup_teardown_taskflow to 2024-03-01 00:00:00+00:00, run_after=2024-03-02 00:00:00+00:00
[2024-03-02T09:38:31.308-0300] {processor.py:183} INFO - Processing /home/victor/Área de Trabalho/airflow/venv/lib/python3.10/site-packages/airflow/example_dags/example_setup_teardown_taskflow.py took 0.077 seconds
[2024-03-02T09:39:02.685-0300] {processor.py:161} INFO - Started process (PID=10802) to work on /home/victor/Área de Trabalho/airflow/venv/lib/python3.10/site-packages/airflow/example_dags/example_setup_teardown_taskflow.py
[2024-03-02T09:39:02.686-0300] {processor.py:830} INFO - Processing file /home/victor/Área de Trabalho/airflow/venv/lib/python3.10/site-packages/airflow/example_dags/example_setup_teardown_taskflow.py for tasks to queue
[2024-03-02T09:39:02.687-0300] {logging_mixin.py:188} INFO - [2024-03-02T09:39:02.686-0300] {dagbag.py:540} INFO - Filling up the DagBag from /home/victor/Área de Trabalho/airflow/venv/lib/python3.10/site-packages/airflow/example_dags/example_setup_teardown_taskflow.py
[2024-03-02T09:39:02.695-0300] {processor.py:840} INFO - DAG(s) 'example_setup_teardown_taskflow' retrieved from /home/victor/Área de Trabalho/airflow/venv/lib/python3.10/site-packages/airflow/example_dags/example_setup_teardown_taskflow.py
[2024-03-02T09:39:02.727-0300] {logging_mixin.py:188} INFO - [2024-03-02T09:39:02.727-0300] {dag.py:3047} INFO - Sync 1 DAGs
[2024-03-02T09:39:02.753-0300] {logging_mixin.py:188} INFO - [2024-03-02T09:39:02.752-0300] {dag.py:3834} INFO - Setting next_dagrun for example_setup_teardown_taskflow to 2024-03-01 00:00:00+00:00, run_after=2024-03-02 00:00:00+00:00
[2024-03-02T09:39:02.773-0300] {processor.py:183} INFO - Processing /home/victor/Área de Trabalho/airflow/venv/lib/python3.10/site-packages/airflow/example_dags/example_setup_teardown_taskflow.py took 0.091 seconds
[2024-03-02T09:39:33.900-0300] {processor.py:161} INFO - Started process (PID=11415) to work on /home/victor/Área de Trabalho/airflow/venv/lib/python3.10/site-packages/airflow/example_dags/example_setup_teardown_taskflow.py
[2024-03-02T09:39:33.901-0300] {processor.py:830} INFO - Processing file /home/victor/Área de Trabalho/airflow/venv/lib/python3.10/site-packages/airflow/example_dags/example_setup_teardown_taskflow.py for tasks to queue
[2024-03-02T09:39:33.902-0300] {logging_mixin.py:188} INFO - [2024-03-02T09:39:33.901-0300] {dagbag.py:540} INFO - Filling up the DagBag from /home/victor/Área de Trabalho/airflow/venv/lib/python3.10/site-packages/airflow/example_dags/example_setup_teardown_taskflow.py
[2024-03-02T09:39:33.910-0300] {processor.py:840} INFO - DAG(s) 'example_setup_teardown_taskflow' retrieved from /home/victor/Área de Trabalho/airflow/venv/lib/python3.10/site-packages/airflow/example_dags/example_setup_teardown_taskflow.py
[2024-03-02T09:39:33.938-0300] {logging_mixin.py:188} INFO - [2024-03-02T09:39:33.937-0300] {dag.py:3047} INFO - Sync 1 DAGs
[2024-03-02T09:39:33.959-0300] {logging_mixin.py:188} INFO - [2024-03-02T09:39:33.959-0300] {dag.py:3834} INFO - Setting next_dagrun for example_setup_teardown_taskflow to 2024-03-01 00:00:00+00:00, run_after=2024-03-02 00:00:00+00:00
[2024-03-02T09:39:33.976-0300] {processor.py:183} INFO - Processing /home/victor/Área de Trabalho/airflow/venv/lib/python3.10/site-packages/airflow/example_dags/example_setup_teardown_taskflow.py took 0.079 seconds
[2024-03-02T09:40:05.215-0300] {processor.py:161} INFO - Started process (PID=11891) to work on /home/victor/Área de Trabalho/airflow/venv/lib/python3.10/site-packages/airflow/example_dags/example_setup_teardown_taskflow.py
[2024-03-02T09:40:05.216-0300] {processor.py:830} INFO - Processing file /home/victor/Área de Trabalho/airflow/venv/lib/python3.10/site-packages/airflow/example_dags/example_setup_teardown_taskflow.py for tasks to queue
[2024-03-02T09:40:05.217-0300] {logging_mixin.py:188} INFO - [2024-03-02T09:40:05.216-0300] {dagbag.py:540} INFO - Filling up the DagBag from /home/victor/Área de Trabalho/airflow/venv/lib/python3.10/site-packages/airflow/example_dags/example_setup_teardown_taskflow.py
[2024-03-02T09:40:05.226-0300] {processor.py:840} INFO - DAG(s) 'example_setup_teardown_taskflow' retrieved from /home/victor/Área de Trabalho/airflow/venv/lib/python3.10/site-packages/airflow/example_dags/example_setup_teardown_taskflow.py
[2024-03-02T09:40:05.252-0300] {logging_mixin.py:188} INFO - [2024-03-02T09:40:05.251-0300] {dag.py:3047} INFO - Sync 1 DAGs
[2024-03-02T09:40:05.271-0300] {logging_mixin.py:188} INFO - [2024-03-02T09:40:05.270-0300] {dag.py:3834} INFO - Setting next_dagrun for example_setup_teardown_taskflow to 2024-03-01 00:00:00+00:00, run_after=2024-03-02 00:00:00+00:00
[2024-03-02T09:40:05.289-0300] {processor.py:183} INFO - Processing /home/victor/Área de Trabalho/airflow/venv/lib/python3.10/site-packages/airflow/example_dags/example_setup_teardown_taskflow.py took 0.077 seconds
[2024-03-02T09:40:36.503-0300] {processor.py:161} INFO - Started process (PID=12268) to work on /home/victor/Área de Trabalho/airflow/venv/lib/python3.10/site-packages/airflow/example_dags/example_setup_teardown_taskflow.py
[2024-03-02T09:40:36.504-0300] {processor.py:830} INFO - Processing file /home/victor/Área de Trabalho/airflow/venv/lib/python3.10/site-packages/airflow/example_dags/example_setup_teardown_taskflow.py for tasks to queue
[2024-03-02T09:40:36.504-0300] {logging_mixin.py:188} INFO - [2024-03-02T09:40:36.504-0300] {dagbag.py:540} INFO - Filling up the DagBag from /home/victor/Área de Trabalho/airflow/venv/lib/python3.10/site-packages/airflow/example_dags/example_setup_teardown_taskflow.py
[2024-03-02T09:40:36.518-0300] {processor.py:840} INFO - DAG(s) 'example_setup_teardown_taskflow' retrieved from /home/victor/Área de Trabalho/airflow/venv/lib/python3.10/site-packages/airflow/example_dags/example_setup_teardown_taskflow.py
[2024-03-02T09:40:36.548-0300] {logging_mixin.py:188} INFO - [2024-03-02T09:40:36.547-0300] {dag.py:3047} INFO - Sync 1 DAGs
[2024-03-02T09:40:36.573-0300] {logging_mixin.py:188} INFO - [2024-03-02T09:40:36.572-0300] {dag.py:3834} INFO - Setting next_dagrun for example_setup_teardown_taskflow to 2024-03-01 00:00:00+00:00, run_after=2024-03-02 00:00:00+00:00
[2024-03-02T09:40:36.595-0300] {processor.py:183} INFO - Processing /home/victor/Área de Trabalho/airflow/venv/lib/python3.10/site-packages/airflow/example_dags/example_setup_teardown_taskflow.py took 0.095 seconds
[2024-03-02T09:41:07.283-0300] {processor.py:161} INFO - Started process (PID=12744) to work on /home/victor/Área de Trabalho/airflow/venv/lib/python3.10/site-packages/airflow/example_dags/example_setup_teardown_taskflow.py
[2024-03-02T09:41:07.284-0300] {processor.py:830} INFO - Processing file /home/victor/Área de Trabalho/airflow/venv/lib/python3.10/site-packages/airflow/example_dags/example_setup_teardown_taskflow.py for tasks to queue
[2024-03-02T09:41:07.285-0300] {logging_mixin.py:188} INFO - [2024-03-02T09:41:07.285-0300] {dagbag.py:540} INFO - Filling up the DagBag from /home/victor/Área de Trabalho/airflow/venv/lib/python3.10/site-packages/airflow/example_dags/example_setup_teardown_taskflow.py
[2024-03-02T09:41:07.297-0300] {processor.py:840} INFO - DAG(s) 'example_setup_teardown_taskflow' retrieved from /home/victor/Área de Trabalho/airflow/venv/lib/python3.10/site-packages/airflow/example_dags/example_setup_teardown_taskflow.py
[2024-03-02T09:41:07.334-0300] {logging_mixin.py:188} INFO - [2024-03-02T09:41:07.334-0300] {dag.py:3047} INFO - Sync 1 DAGs
[2024-03-02T09:41:07.374-0300] {logging_mixin.py:188} INFO - [2024-03-02T09:41:07.373-0300] {dag.py:3834} INFO - Setting next_dagrun for example_setup_teardown_taskflow to 2024-03-01 00:00:00+00:00, run_after=2024-03-02 00:00:00+00:00
[2024-03-02T09:41:07.407-0300] {processor.py:183} INFO - Processing /home/victor/Área de Trabalho/airflow/venv/lib/python3.10/site-packages/airflow/example_dags/example_setup_teardown_taskflow.py took 0.128 seconds
[2024-03-02T09:41:38.247-0300] {processor.py:161} INFO - Started process (PID=13060) to work on /home/victor/Área de Trabalho/airflow/venv/lib/python3.10/site-packages/airflow/example_dags/example_setup_teardown_taskflow.py
[2024-03-02T09:41:38.248-0300] {processor.py:830} INFO - Processing file /home/victor/Área de Trabalho/airflow/venv/lib/python3.10/site-packages/airflow/example_dags/example_setup_teardown_taskflow.py for tasks to queue
[2024-03-02T09:41:38.249-0300] {logging_mixin.py:188} INFO - [2024-03-02T09:41:38.249-0300] {dagbag.py:540} INFO - Filling up the DagBag from /home/victor/Área de Trabalho/airflow/venv/lib/python3.10/site-packages/airflow/example_dags/example_setup_teardown_taskflow.py
[2024-03-02T09:41:38.259-0300] {processor.py:840} INFO - DAG(s) 'example_setup_teardown_taskflow' retrieved from /home/victor/Área de Trabalho/airflow/venv/lib/python3.10/site-packages/airflow/example_dags/example_setup_teardown_taskflow.py
[2024-03-02T09:41:38.288-0300] {logging_mixin.py:188} INFO - [2024-03-02T09:41:38.287-0300] {dag.py:3047} INFO - Sync 1 DAGs
[2024-03-02T09:41:38.312-0300] {logging_mixin.py:188} INFO - [2024-03-02T09:41:38.311-0300] {dag.py:3834} INFO - Setting next_dagrun for example_setup_teardown_taskflow to 2024-03-01 00:00:00+00:00, run_after=2024-03-02 00:00:00+00:00
[2024-03-02T09:41:38.334-0300] {processor.py:183} INFO - Processing /home/victor/Área de Trabalho/airflow/venv/lib/python3.10/site-packages/airflow/example_dags/example_setup_teardown_taskflow.py took 0.089 seconds
[2024-03-02T09:42:09.035-0300] {processor.py:161} INFO - Started process (PID=13695) to work on /home/victor/Área de Trabalho/airflow/venv/lib/python3.10/site-packages/airflow/example_dags/example_setup_teardown_taskflow.py
[2024-03-02T09:42:09.043-0300] {processor.py:830} INFO - Processing file /home/victor/Área de Trabalho/airflow/venv/lib/python3.10/site-packages/airflow/example_dags/example_setup_teardown_taskflow.py for tasks to queue
[2024-03-02T09:42:09.044-0300] {logging_mixin.py:188} INFO - [2024-03-02T09:42:09.043-0300] {dagbag.py:540} INFO - Filling up the DagBag from /home/victor/Área de Trabalho/airflow/venv/lib/python3.10/site-packages/airflow/example_dags/example_setup_teardown_taskflow.py
[2024-03-02T09:42:09.054-0300] {processor.py:840} INFO - DAG(s) 'example_setup_teardown_taskflow' retrieved from /home/victor/Área de Trabalho/airflow/venv/lib/python3.10/site-packages/airflow/example_dags/example_setup_teardown_taskflow.py
[2024-03-02T09:42:09.091-0300] {logging_mixin.py:188} INFO - [2024-03-02T09:42:09.091-0300] {dag.py:3047} INFO - Sync 1 DAGs
[2024-03-02T09:42:09.114-0300] {logging_mixin.py:188} INFO - [2024-03-02T09:42:09.114-0300] {dag.py:3834} INFO - Setting next_dagrun for example_setup_teardown_taskflow to 2024-03-01 00:00:00+00:00, run_after=2024-03-02 00:00:00+00:00
[2024-03-02T09:42:09.135-0300] {processor.py:183} INFO - Processing /home/victor/Área de Trabalho/airflow/venv/lib/python3.10/site-packages/airflow/example_dags/example_setup_teardown_taskflow.py took 0.104 seconds
[2024-03-02T09:42:39.880-0300] {processor.py:161} INFO - Started process (PID=14014) to work on /home/victor/Área de Trabalho/airflow/venv/lib/python3.10/site-packages/airflow/example_dags/example_setup_teardown_taskflow.py
[2024-03-02T09:42:39.881-0300] {processor.py:830} INFO - Processing file /home/victor/Área de Trabalho/airflow/venv/lib/python3.10/site-packages/airflow/example_dags/example_setup_teardown_taskflow.py for tasks to queue
[2024-03-02T09:42:39.883-0300] {logging_mixin.py:188} INFO - [2024-03-02T09:42:39.882-0300] {dagbag.py:540} INFO - Filling up the DagBag from /home/victor/Área de Trabalho/airflow/venv/lib/python3.10/site-packages/airflow/example_dags/example_setup_teardown_taskflow.py
[2024-03-02T09:42:39.892-0300] {processor.py:840} INFO - DAG(s) 'example_setup_teardown_taskflow' retrieved from /home/victor/Área de Trabalho/airflow/venv/lib/python3.10/site-packages/airflow/example_dags/example_setup_teardown_taskflow.py
[2024-03-02T09:42:39.920-0300] {logging_mixin.py:188} INFO - [2024-03-02T09:42:39.920-0300] {dag.py:3047} INFO - Sync 1 DAGs
[2024-03-02T09:42:39.945-0300] {logging_mixin.py:188} INFO - [2024-03-02T09:42:39.945-0300] {dag.py:3834} INFO - Setting next_dagrun for example_setup_teardown_taskflow to 2024-03-01 00:00:00+00:00, run_after=2024-03-02 00:00:00+00:00
[2024-03-02T09:42:39.967-0300] {processor.py:183} INFO - Processing /home/victor/Área de Trabalho/airflow/venv/lib/python3.10/site-packages/airflow/example_dags/example_setup_teardown_taskflow.py took 0.091 seconds
[2024-03-02T09:43:11.003-0300] {processor.py:161} INFO - Started process (PID=14494) to work on /home/victor/Área de Trabalho/airflow/venv/lib/python3.10/site-packages/airflow/example_dags/example_setup_teardown_taskflow.py
[2024-03-02T09:43:11.004-0300] {processor.py:830} INFO - Processing file /home/victor/Área de Trabalho/airflow/venv/lib/python3.10/site-packages/airflow/example_dags/example_setup_teardown_taskflow.py for tasks to queue
[2024-03-02T09:43:11.004-0300] {logging_mixin.py:188} INFO - [2024-03-02T09:43:11.004-0300] {dagbag.py:540} INFO - Filling up the DagBag from /home/victor/Área de Trabalho/airflow/venv/lib/python3.10/site-packages/airflow/example_dags/example_setup_teardown_taskflow.py
[2024-03-02T09:43:11.016-0300] {processor.py:840} INFO - DAG(s) 'example_setup_teardown_taskflow' retrieved from /home/victor/Área de Trabalho/airflow/venv/lib/python3.10/site-packages/airflow/example_dags/example_setup_teardown_taskflow.py
[2024-03-02T09:43:11.047-0300] {logging_mixin.py:188} INFO - [2024-03-02T09:43:11.047-0300] {dag.py:3047} INFO - Sync 1 DAGs
[2024-03-02T09:43:11.073-0300] {logging_mixin.py:188} INFO - [2024-03-02T09:43:11.072-0300] {dag.py:3834} INFO - Setting next_dagrun for example_setup_teardown_taskflow to 2024-03-01 00:00:00+00:00, run_after=2024-03-02 00:00:00+00:00
[2024-03-02T09:43:11.097-0300] {processor.py:183} INFO - Processing /home/victor/Área de Trabalho/airflow/venv/lib/python3.10/site-packages/airflow/example_dags/example_setup_teardown_taskflow.py took 0.098 seconds
[2024-03-02T09:43:41.856-0300] {processor.py:161} INFO - Started process (PID=14815) to work on /home/victor/Área de Trabalho/airflow/venv/lib/python3.10/site-packages/airflow/example_dags/example_setup_teardown_taskflow.py
[2024-03-02T09:43:41.857-0300] {processor.py:830} INFO - Processing file /home/victor/Área de Trabalho/airflow/venv/lib/python3.10/site-packages/airflow/example_dags/example_setup_teardown_taskflow.py for tasks to queue
[2024-03-02T09:43:41.857-0300] {logging_mixin.py:188} INFO - [2024-03-02T09:43:41.857-0300] {dagbag.py:540} INFO - Filling up the DagBag from /home/victor/Área de Trabalho/airflow/venv/lib/python3.10/site-packages/airflow/example_dags/example_setup_teardown_taskflow.py
[2024-03-02T09:43:41.867-0300] {processor.py:840} INFO - DAG(s) 'example_setup_teardown_taskflow' retrieved from /home/victor/Área de Trabalho/airflow/venv/lib/python3.10/site-packages/airflow/example_dags/example_setup_teardown_taskflow.py
[2024-03-02T09:43:41.896-0300] {logging_mixin.py:188} INFO - [2024-03-02T09:43:41.895-0300] {dag.py:3047} INFO - Sync 1 DAGs
[2024-03-02T09:43:41.917-0300] {logging_mixin.py:188} INFO - [2024-03-02T09:43:41.917-0300] {dag.py:3834} INFO - Setting next_dagrun for example_setup_teardown_taskflow to 2024-03-01 00:00:00+00:00, run_after=2024-03-02 00:00:00+00:00
[2024-03-02T09:43:41.936-0300] {processor.py:183} INFO - Processing /home/victor/Área de Trabalho/airflow/venv/lib/python3.10/site-packages/airflow/example_dags/example_setup_teardown_taskflow.py took 0.083 seconds
[2024-03-02T09:44:13.280-0300] {processor.py:161} INFO - Started process (PID=15297) to work on /home/victor/Área de Trabalho/airflow/venv/lib/python3.10/site-packages/airflow/example_dags/example_setup_teardown_taskflow.py
[2024-03-02T09:44:13.281-0300] {processor.py:830} INFO - Processing file /home/victor/Área de Trabalho/airflow/venv/lib/python3.10/site-packages/airflow/example_dags/example_setup_teardown_taskflow.py for tasks to queue
[2024-03-02T09:44:13.282-0300] {logging_mixin.py:188} INFO - [2024-03-02T09:44:13.282-0300] {dagbag.py:540} INFO - Filling up the DagBag from /home/victor/Área de Trabalho/airflow/venv/lib/python3.10/site-packages/airflow/example_dags/example_setup_teardown_taskflow.py
[2024-03-02T09:44:13.291-0300] {processor.py:840} INFO - DAG(s) 'example_setup_teardown_taskflow' retrieved from /home/victor/Área de Trabalho/airflow/venv/lib/python3.10/site-packages/airflow/example_dags/example_setup_teardown_taskflow.py
[2024-03-02T09:44:13.321-0300] {logging_mixin.py:188} INFO - [2024-03-02T09:44:13.321-0300] {dag.py:3047} INFO - Sync 1 DAGs
[2024-03-02T09:44:13.344-0300] {logging_mixin.py:188} INFO - [2024-03-02T09:44:13.344-0300] {dag.py:3834} INFO - Setting next_dagrun for example_setup_teardown_taskflow to 2024-03-01 00:00:00+00:00, run_after=2024-03-02 00:00:00+00:00
[2024-03-02T09:44:13.366-0300] {processor.py:183} INFO - Processing /home/victor/Área de Trabalho/airflow/venv/lib/python3.10/site-packages/airflow/example_dags/example_setup_teardown_taskflow.py took 0.089 seconds
[2024-03-02T09:44:43.959-0300] {processor.py:161} INFO - Started process (PID=15620) to work on /home/victor/Área de Trabalho/airflow/venv/lib/python3.10/site-packages/airflow/example_dags/example_setup_teardown_taskflow.py
[2024-03-02T09:44:43.960-0300] {processor.py:830} INFO - Processing file /home/victor/Área de Trabalho/airflow/venv/lib/python3.10/site-packages/airflow/example_dags/example_setup_teardown_taskflow.py for tasks to queue
[2024-03-02T09:44:43.961-0300] {logging_mixin.py:188} INFO - [2024-03-02T09:44:43.961-0300] {dagbag.py:540} INFO - Filling up the DagBag from /home/victor/Área de Trabalho/airflow/venv/lib/python3.10/site-packages/airflow/example_dags/example_setup_teardown_taskflow.py
[2024-03-02T09:44:43.977-0300] {processor.py:840} INFO - DAG(s) 'example_setup_teardown_taskflow' retrieved from /home/victor/Área de Trabalho/airflow/venv/lib/python3.10/site-packages/airflow/example_dags/example_setup_teardown_taskflow.py
[2024-03-02T09:44:44.009-0300] {logging_mixin.py:188} INFO - [2024-03-02T09:44:44.008-0300] {dag.py:3047} INFO - Sync 1 DAGs
[2024-03-02T09:44:44.035-0300] {logging_mixin.py:188} INFO - [2024-03-02T09:44:44.034-0300] {dag.py:3834} INFO - Setting next_dagrun for example_setup_teardown_taskflow to 2024-03-01 00:00:00+00:00, run_after=2024-03-02 00:00:00+00:00
[2024-03-02T09:44:44.059-0300] {processor.py:183} INFO - Processing /home/victor/Área de Trabalho/airflow/venv/lib/python3.10/site-packages/airflow/example_dags/example_setup_teardown_taskflow.py took 0.103 seconds
[2024-03-02T09:45:14.692-0300] {processor.py:161} INFO - Started process (PID=16105) to work on /home/victor/Área de Trabalho/airflow/venv/lib/python3.10/site-packages/airflow/example_dags/example_setup_teardown_taskflow.py
[2024-03-02T09:45:14.693-0300] {processor.py:830} INFO - Processing file /home/victor/Área de Trabalho/airflow/venv/lib/python3.10/site-packages/airflow/example_dags/example_setup_teardown_taskflow.py for tasks to queue
[2024-03-02T09:45:14.694-0300] {logging_mixin.py:188} INFO - [2024-03-02T09:45:14.694-0300] {dagbag.py:540} INFO - Filling up the DagBag from /home/victor/Área de Trabalho/airflow/venv/lib/python3.10/site-packages/airflow/example_dags/example_setup_teardown_taskflow.py
[2024-03-02T09:45:14.707-0300] {processor.py:840} INFO - DAG(s) 'example_setup_teardown_taskflow' retrieved from /home/victor/Área de Trabalho/airflow/venv/lib/python3.10/site-packages/airflow/example_dags/example_setup_teardown_taskflow.py
[2024-03-02T09:45:14.738-0300] {logging_mixin.py:188} INFO - [2024-03-02T09:45:14.737-0300] {dag.py:3047} INFO - Sync 1 DAGs
[2024-03-02T09:45:14.764-0300] {logging_mixin.py:188} INFO - [2024-03-02T09:45:14.764-0300] {dag.py:3834} INFO - Setting next_dagrun for example_setup_teardown_taskflow to 2024-03-01 00:00:00+00:00, run_after=2024-03-02 00:00:00+00:00
[2024-03-02T09:45:14.803-0300] {processor.py:183} INFO - Processing /home/victor/Área de Trabalho/airflow/venv/lib/python3.10/site-packages/airflow/example_dags/example_setup_teardown_taskflow.py took 0.114 seconds
[2024-03-02T09:45:45.864-0300] {processor.py:161} INFO - Started process (PID=16615) to work on /home/victor/Área de Trabalho/airflow/venv/lib/python3.10/site-packages/airflow/example_dags/example_setup_teardown_taskflow.py
[2024-03-02T09:45:45.864-0300] {processor.py:830} INFO - Processing file /home/victor/Área de Trabalho/airflow/venv/lib/python3.10/site-packages/airflow/example_dags/example_setup_teardown_taskflow.py for tasks to queue
[2024-03-02T09:45:45.865-0300] {logging_mixin.py:188} INFO - [2024-03-02T09:45:45.865-0300] {dagbag.py:540} INFO - Filling up the DagBag from /home/victor/Área de Trabalho/airflow/venv/lib/python3.10/site-packages/airflow/example_dags/example_setup_teardown_taskflow.py
[2024-03-02T09:45:45.876-0300] {processor.py:840} INFO - DAG(s) 'example_setup_teardown_taskflow' retrieved from /home/victor/Área de Trabalho/airflow/venv/lib/python3.10/site-packages/airflow/example_dags/example_setup_teardown_taskflow.py
[2024-03-02T09:45:45.908-0300] {logging_mixin.py:188} INFO - [2024-03-02T09:45:45.908-0300] {dag.py:3047} INFO - Sync 1 DAGs
[2024-03-02T09:45:45.930-0300] {logging_mixin.py:188} INFO - [2024-03-02T09:45:45.930-0300] {dag.py:3834} INFO - Setting next_dagrun for example_setup_teardown_taskflow to 2024-03-01 00:00:00+00:00, run_after=2024-03-02 00:00:00+00:00
[2024-03-02T09:45:45.951-0300] {processor.py:183} INFO - Processing /home/victor/Área de Trabalho/airflow/venv/lib/python3.10/site-packages/airflow/example_dags/example_setup_teardown_taskflow.py took 0.090 seconds
[2024-03-02T09:46:17.371-0300] {processor.py:161} INFO - Started process (PID=17104) to work on /home/victor/Área de Trabalho/airflow/venv/lib/python3.10/site-packages/airflow/example_dags/example_setup_teardown_taskflow.py
[2024-03-02T09:46:17.372-0300] {processor.py:830} INFO - Processing file /home/victor/Área de Trabalho/airflow/venv/lib/python3.10/site-packages/airflow/example_dags/example_setup_teardown_taskflow.py for tasks to queue
[2024-03-02T09:46:17.372-0300] {logging_mixin.py:188} INFO - [2024-03-02T09:46:17.372-0300] {dagbag.py:540} INFO - Filling up the DagBag from /home/victor/Área de Trabalho/airflow/venv/lib/python3.10/site-packages/airflow/example_dags/example_setup_teardown_taskflow.py
[2024-03-02T09:46:17.382-0300] {processor.py:840} INFO - DAG(s) 'example_setup_teardown_taskflow' retrieved from /home/victor/Área de Trabalho/airflow/venv/lib/python3.10/site-packages/airflow/example_dags/example_setup_teardown_taskflow.py
[2024-03-02T09:46:17.412-0300] {logging_mixin.py:188} INFO - [2024-03-02T09:46:17.412-0300] {dag.py:3047} INFO - Sync 1 DAGs
[2024-03-02T09:46:17.438-0300] {logging_mixin.py:188} INFO - [2024-03-02T09:46:17.438-0300] {dag.py:3834} INFO - Setting next_dagrun for example_setup_teardown_taskflow to 2024-03-01 00:00:00+00:00, run_after=2024-03-02 00:00:00+00:00
[2024-03-02T09:46:17.464-0300] {processor.py:183} INFO - Processing /home/victor/Área de Trabalho/airflow/venv/lib/python3.10/site-packages/airflow/example_dags/example_setup_teardown_taskflow.py took 0.096 seconds
[2024-03-02T09:46:48.165-0300] {processor.py:161} INFO - Started process (PID=17426) to work on /home/victor/Área de Trabalho/airflow/venv/lib/python3.10/site-packages/airflow/example_dags/example_setup_teardown_taskflow.py
[2024-03-02T09:46:48.166-0300] {processor.py:830} INFO - Processing file /home/victor/Área de Trabalho/airflow/venv/lib/python3.10/site-packages/airflow/example_dags/example_setup_teardown_taskflow.py for tasks to queue
[2024-03-02T09:46:48.167-0300] {logging_mixin.py:188} INFO - [2024-03-02T09:46:48.167-0300] {dagbag.py:540} INFO - Filling up the DagBag from /home/victor/Área de Trabalho/airflow/venv/lib/python3.10/site-packages/airflow/example_dags/example_setup_teardown_taskflow.py
[2024-03-02T09:46:48.176-0300] {processor.py:840} INFO - DAG(s) 'example_setup_teardown_taskflow' retrieved from /home/victor/Área de Trabalho/airflow/venv/lib/python3.10/site-packages/airflow/example_dags/example_setup_teardown_taskflow.py
[2024-03-02T09:46:48.208-0300] {logging_mixin.py:188} INFO - [2024-03-02T09:46:48.208-0300] {dag.py:3047} INFO - Sync 1 DAGs
[2024-03-02T09:46:48.230-0300] {logging_mixin.py:188} INFO - [2024-03-02T09:46:48.230-0300] {dag.py:3834} INFO - Setting next_dagrun for example_setup_teardown_taskflow to 2024-03-01 00:00:00+00:00, run_after=2024-03-02 00:00:00+00:00
[2024-03-02T09:46:48.254-0300] {processor.py:183} INFO - Processing /home/victor/Área de Trabalho/airflow/venv/lib/python3.10/site-packages/airflow/example_dags/example_setup_teardown_taskflow.py took 0.094 seconds
[2024-03-02T09:47:19.001-0300] {processor.py:161} INFO - Started process (PID=18086) to work on /home/victor/Área de Trabalho/airflow/venv/lib/python3.10/site-packages/airflow/example_dags/example_setup_teardown_taskflow.py
[2024-03-02T09:47:19.002-0300] {processor.py:830} INFO - Processing file /home/victor/Área de Trabalho/airflow/venv/lib/python3.10/site-packages/airflow/example_dags/example_setup_teardown_taskflow.py for tasks to queue
[2024-03-02T09:47:19.003-0300] {logging_mixin.py:188} INFO - [2024-03-02T09:47:19.002-0300] {dagbag.py:540} INFO - Filling up the DagBag from /home/victor/Área de Trabalho/airflow/venv/lib/python3.10/site-packages/airflow/example_dags/example_setup_teardown_taskflow.py
[2024-03-02T09:47:19.012-0300] {processor.py:840} INFO - DAG(s) 'example_setup_teardown_taskflow' retrieved from /home/victor/Área de Trabalho/airflow/venv/lib/python3.10/site-packages/airflow/example_dags/example_setup_teardown_taskflow.py
[2024-03-02T09:47:19.044-0300] {logging_mixin.py:188} INFO - [2024-03-02T09:47:19.044-0300] {dag.py:3047} INFO - Sync 1 DAGs
[2024-03-02T09:47:19.065-0300] {logging_mixin.py:188} INFO - [2024-03-02T09:47:19.065-0300] {dag.py:3834} INFO - Setting next_dagrun for example_setup_teardown_taskflow to 2024-03-01 00:00:00+00:00, run_after=2024-03-02 00:00:00+00:00
[2024-03-02T09:47:19.088-0300] {processor.py:183} INFO - Processing /home/victor/Área de Trabalho/airflow/venv/lib/python3.10/site-packages/airflow/example_dags/example_setup_teardown_taskflow.py took 0.089 seconds
[2024-03-02T09:47:49.723-0300] {processor.py:161} INFO - Started process (PID=18405) to work on /home/victor/Área de Trabalho/airflow/venv/lib/python3.10/site-packages/airflow/example_dags/example_setup_teardown_taskflow.py
[2024-03-02T09:47:49.724-0300] {processor.py:830} INFO - Processing file /home/victor/Área de Trabalho/airflow/venv/lib/python3.10/site-packages/airflow/example_dags/example_setup_teardown_taskflow.py for tasks to queue
[2024-03-02T09:47:49.725-0300] {logging_mixin.py:188} INFO - [2024-03-02T09:47:49.725-0300] {dagbag.py:540} INFO - Filling up the DagBag from /home/victor/Área de Trabalho/airflow/venv/lib/python3.10/site-packages/airflow/example_dags/example_setup_teardown_taskflow.py
[2024-03-02T09:47:49.735-0300] {processor.py:840} INFO - DAG(s) 'example_setup_teardown_taskflow' retrieved from /home/victor/Área de Trabalho/airflow/venv/lib/python3.10/site-packages/airflow/example_dags/example_setup_teardown_taskflow.py
[2024-03-02T09:47:49.763-0300] {logging_mixin.py:188} INFO - [2024-03-02T09:47:49.762-0300] {dag.py:3047} INFO - Sync 1 DAGs
[2024-03-02T09:47:49.785-0300] {logging_mixin.py:188} INFO - [2024-03-02T09:47:49.785-0300] {dag.py:3834} INFO - Setting next_dagrun for example_setup_teardown_taskflow to 2024-03-01 00:00:00+00:00, run_after=2024-03-02 00:00:00+00:00
[2024-03-02T09:47:49.806-0300] {processor.py:183} INFO - Processing /home/victor/Área de Trabalho/airflow/venv/lib/python3.10/site-packages/airflow/example_dags/example_setup_teardown_taskflow.py took 0.086 seconds
[2024-03-02T09:48:20.358-0300] {processor.py:161} INFO - Started process (PID=18891) to work on /home/victor/Área de Trabalho/airflow/venv/lib/python3.10/site-packages/airflow/example_dags/example_setup_teardown_taskflow.py
[2024-03-02T09:48:20.359-0300] {processor.py:830} INFO - Processing file /home/victor/Área de Trabalho/airflow/venv/lib/python3.10/site-packages/airflow/example_dags/example_setup_teardown_taskflow.py for tasks to queue
[2024-03-02T09:48:20.361-0300] {logging_mixin.py:188} INFO - [2024-03-02T09:48:20.360-0300] {dagbag.py:540} INFO - Filling up the DagBag from /home/victor/Área de Trabalho/airflow/venv/lib/python3.10/site-packages/airflow/example_dags/example_setup_teardown_taskflow.py
[2024-03-02T09:48:20.371-0300] {processor.py:840} INFO - DAG(s) 'example_setup_teardown_taskflow' retrieved from /home/victor/Área de Trabalho/airflow/venv/lib/python3.10/site-packages/airflow/example_dags/example_setup_teardown_taskflow.py
[2024-03-02T09:48:20.406-0300] {logging_mixin.py:188} INFO - [2024-03-02T09:48:20.406-0300] {dag.py:3047} INFO - Sync 1 DAGs
[2024-03-02T09:48:20.430-0300] {logging_mixin.py:188} INFO - [2024-03-02T09:48:20.430-0300] {dag.py:3834} INFO - Setting next_dagrun for example_setup_teardown_taskflow to 2024-03-01 00:00:00+00:00, run_after=2024-03-02 00:00:00+00:00
[2024-03-02T09:48:20.451-0300] {processor.py:183} INFO - Processing /home/victor/Área de Trabalho/airflow/venv/lib/python3.10/site-packages/airflow/example_dags/example_setup_teardown_taskflow.py took 0.096 seconds
[2024-03-02T09:48:51.145-0300] {processor.py:161} INFO - Started process (PID=19234) to work on /home/victor/Área de Trabalho/airflow/venv/lib/python3.10/site-packages/airflow/example_dags/example_setup_teardown_taskflow.py
[2024-03-02T09:48:51.147-0300] {processor.py:830} INFO - Processing file /home/victor/Área de Trabalho/airflow/venv/lib/python3.10/site-packages/airflow/example_dags/example_setup_teardown_taskflow.py for tasks to queue
[2024-03-02T09:48:51.148-0300] {logging_mixin.py:188} INFO - [2024-03-02T09:48:51.148-0300] {dagbag.py:540} INFO - Filling up the DagBag from /home/victor/Área de Trabalho/airflow/venv/lib/python3.10/site-packages/airflow/example_dags/example_setup_teardown_taskflow.py
[2024-03-02T09:48:51.156-0300] {processor.py:840} INFO - DAG(s) 'example_setup_teardown_taskflow' retrieved from /home/victor/Área de Trabalho/airflow/venv/lib/python3.10/site-packages/airflow/example_dags/example_setup_teardown_taskflow.py
[2024-03-02T09:48:51.185-0300] {logging_mixin.py:188} INFO - [2024-03-02T09:48:51.184-0300] {dag.py:3047} INFO - Sync 1 DAGs
[2024-03-02T09:48:51.211-0300] {logging_mixin.py:188} INFO - [2024-03-02T09:48:51.210-0300] {dag.py:3834} INFO - Setting next_dagrun for example_setup_teardown_taskflow to 2024-03-01 00:00:00+00:00, run_after=2024-03-02 00:00:00+00:00
[2024-03-02T09:48:51.232-0300] {processor.py:183} INFO - Processing /home/victor/Área de Trabalho/airflow/venv/lib/python3.10/site-packages/airflow/example_dags/example_setup_teardown_taskflow.py took 0.090 seconds
[2024-03-02T09:49:21.882-0300] {processor.py:161} INFO - Started process (PID=19716) to work on /home/victor/Área de Trabalho/airflow/venv/lib/python3.10/site-packages/airflow/example_dags/example_setup_teardown_taskflow.py
[2024-03-02T09:49:21.883-0300] {processor.py:830} INFO - Processing file /home/victor/Área de Trabalho/airflow/venv/lib/python3.10/site-packages/airflow/example_dags/example_setup_teardown_taskflow.py for tasks to queue
[2024-03-02T09:49:21.884-0300] {logging_mixin.py:188} INFO - [2024-03-02T09:49:21.884-0300] {dagbag.py:540} INFO - Filling up the DagBag from /home/victor/Área de Trabalho/airflow/venv/lib/python3.10/site-packages/airflow/example_dags/example_setup_teardown_taskflow.py
[2024-03-02T09:49:21.907-0300] {processor.py:840} INFO - DAG(s) 'example_setup_teardown_taskflow' retrieved from /home/victor/Área de Trabalho/airflow/venv/lib/python3.10/site-packages/airflow/example_dags/example_setup_teardown_taskflow.py
[2024-03-02T09:49:21.940-0300] {logging_mixin.py:188} INFO - [2024-03-02T09:49:21.940-0300] {dag.py:3047} INFO - Sync 1 DAGs
[2024-03-02T09:49:21.962-0300] {logging_mixin.py:188} INFO - [2024-03-02T09:49:21.961-0300] {dag.py:3834} INFO - Setting next_dagrun for example_setup_teardown_taskflow to 2024-03-01 00:00:00+00:00, run_after=2024-03-02 00:00:00+00:00
[2024-03-02T09:49:21.982-0300] {processor.py:183} INFO - Processing /home/victor/Área de Trabalho/airflow/venv/lib/python3.10/site-packages/airflow/example_dags/example_setup_teardown_taskflow.py took 0.103 seconds
[2024-03-02T09:49:52.599-0300] {processor.py:161} INFO - Started process (PID=20037) to work on /home/victor/Área de Trabalho/airflow/venv/lib/python3.10/site-packages/airflow/example_dags/example_setup_teardown_taskflow.py
[2024-03-02T09:49:52.601-0300] {processor.py:830} INFO - Processing file /home/victor/Área de Trabalho/airflow/venv/lib/python3.10/site-packages/airflow/example_dags/example_setup_teardown_taskflow.py for tasks to queue
[2024-03-02T09:49:52.601-0300] {logging_mixin.py:188} INFO - [2024-03-02T09:49:52.601-0300] {dagbag.py:540} INFO - Filling up the DagBag from /home/victor/Área de Trabalho/airflow/venv/lib/python3.10/site-packages/airflow/example_dags/example_setup_teardown_taskflow.py
[2024-03-02T09:49:52.610-0300] {processor.py:840} INFO - DAG(s) 'example_setup_teardown_taskflow' retrieved from /home/victor/Área de Trabalho/airflow/venv/lib/python3.10/site-packages/airflow/example_dags/example_setup_teardown_taskflow.py
[2024-03-02T09:49:52.638-0300] {logging_mixin.py:188} INFO - [2024-03-02T09:49:52.638-0300] {dag.py:3047} INFO - Sync 1 DAGs
[2024-03-02T09:49:52.661-0300] {logging_mixin.py:188} INFO - [2024-03-02T09:49:52.660-0300] {dag.py:3834} INFO - Setting next_dagrun for example_setup_teardown_taskflow to 2024-03-01 00:00:00+00:00, run_after=2024-03-02 00:00:00+00:00
[2024-03-02T09:49:52.682-0300] {processor.py:183} INFO - Processing /home/victor/Área de Trabalho/airflow/venv/lib/python3.10/site-packages/airflow/example_dags/example_setup_teardown_taskflow.py took 0.086 seconds
[2024-03-02T09:50:23.253-0300] {processor.py:161} INFO - Started process (PID=20519) to work on /home/victor/Área de Trabalho/airflow/venv/lib/python3.10/site-packages/airflow/example_dags/example_setup_teardown_taskflow.py
[2024-03-02T09:50:23.254-0300] {processor.py:830} INFO - Processing file /home/victor/Área de Trabalho/airflow/venv/lib/python3.10/site-packages/airflow/example_dags/example_setup_teardown_taskflow.py for tasks to queue
[2024-03-02T09:50:23.255-0300] {logging_mixin.py:188} INFO - [2024-03-02T09:50:23.255-0300] {dagbag.py:540} INFO - Filling up the DagBag from /home/victor/Área de Trabalho/airflow/venv/lib/python3.10/site-packages/airflow/example_dags/example_setup_teardown_taskflow.py
[2024-03-02T09:50:23.265-0300] {processor.py:840} INFO - DAG(s) 'example_setup_teardown_taskflow' retrieved from /home/victor/Área de Trabalho/airflow/venv/lib/python3.10/site-packages/airflow/example_dags/example_setup_teardown_taskflow.py
[2024-03-02T09:50:23.294-0300] {logging_mixin.py:188} INFO - [2024-03-02T09:50:23.294-0300] {dag.py:3047} INFO - Sync 1 DAGs
[2024-03-02T09:50:23.318-0300] {logging_mixin.py:188} INFO - [2024-03-02T09:50:23.318-0300] {dag.py:3834} INFO - Setting next_dagrun for example_setup_teardown_taskflow to 2024-03-01 00:00:00+00:00, run_after=2024-03-02 00:00:00+00:00
[2024-03-02T09:50:23.338-0300] {processor.py:183} INFO - Processing /home/victor/Área de Trabalho/airflow/venv/lib/python3.10/site-packages/airflow/example_dags/example_setup_teardown_taskflow.py took 0.088 seconds
[2024-03-02T09:50:54.720-0300] {processor.py:161} INFO - Started process (PID=20877) to work on /home/victor/Área de Trabalho/airflow/venv/lib/python3.10/site-packages/airflow/example_dags/example_setup_teardown_taskflow.py
[2024-03-02T09:50:54.721-0300] {processor.py:830} INFO - Processing file /home/victor/Área de Trabalho/airflow/venv/lib/python3.10/site-packages/airflow/example_dags/example_setup_teardown_taskflow.py for tasks to queue
[2024-03-02T09:50:54.722-0300] {logging_mixin.py:188} INFO - [2024-03-02T09:50:54.722-0300] {dagbag.py:540} INFO - Filling up the DagBag from /home/victor/Área de Trabalho/airflow/venv/lib/python3.10/site-packages/airflow/example_dags/example_setup_teardown_taskflow.py
[2024-03-02T09:50:54.734-0300] {processor.py:840} INFO - DAG(s) 'example_setup_teardown_taskflow' retrieved from /home/victor/Área de Trabalho/airflow/venv/lib/python3.10/site-packages/airflow/example_dags/example_setup_teardown_taskflow.py
[2024-03-02T09:50:54.763-0300] {logging_mixin.py:188} INFO - [2024-03-02T09:50:54.762-0300] {dag.py:3047} INFO - Sync 1 DAGs
[2024-03-02T09:50:54.786-0300] {logging_mixin.py:188} INFO - [2024-03-02T09:50:54.786-0300] {dag.py:3834} INFO - Setting next_dagrun for example_setup_teardown_taskflow to 2024-03-01 00:00:00+00:00, run_after=2024-03-02 00:00:00+00:00
[2024-03-02T09:50:54.809-0300] {processor.py:183} INFO - Processing /home/victor/Área de Trabalho/airflow/venv/lib/python3.10/site-packages/airflow/example_dags/example_setup_teardown_taskflow.py took 0.092 seconds
[2024-03-02T09:51:25.431-0300] {processor.py:161} INFO - Started process (PID=21358) to work on /home/victor/Área de Trabalho/airflow/venv/lib/python3.10/site-packages/airflow/example_dags/example_setup_teardown_taskflow.py
[2024-03-02T09:51:25.432-0300] {processor.py:830} INFO - Processing file /home/victor/Área de Trabalho/airflow/venv/lib/python3.10/site-packages/airflow/example_dags/example_setup_teardown_taskflow.py for tasks to queue
[2024-03-02T09:51:25.433-0300] {logging_mixin.py:188} INFO - [2024-03-02T09:51:25.432-0300] {dagbag.py:540} INFO - Filling up the DagBag from /home/victor/Área de Trabalho/airflow/venv/lib/python3.10/site-packages/airflow/example_dags/example_setup_teardown_taskflow.py
[2024-03-02T09:51:25.441-0300] {processor.py:840} INFO - DAG(s) 'example_setup_teardown_taskflow' retrieved from /home/victor/Área de Trabalho/airflow/venv/lib/python3.10/site-packages/airflow/example_dags/example_setup_teardown_taskflow.py
[2024-03-02T09:51:25.471-0300] {logging_mixin.py:188} INFO - [2024-03-02T09:51:25.470-0300] {dag.py:3047} INFO - Sync 1 DAGs
[2024-03-02T09:51:25.496-0300] {logging_mixin.py:188} INFO - [2024-03-02T09:51:25.496-0300] {dag.py:3834} INFO - Setting next_dagrun for example_setup_teardown_taskflow to 2024-03-01 00:00:00+00:00, run_after=2024-03-02 00:00:00+00:00
[2024-03-02T09:51:25.517-0300] {processor.py:183} INFO - Processing /home/victor/Área de Trabalho/airflow/venv/lib/python3.10/site-packages/airflow/example_dags/example_setup_teardown_taskflow.py took 0.089 seconds
[2024-03-02T09:51:56.161-0300] {processor.py:161} INFO - Started process (PID=21678) to work on /home/victor/Área de Trabalho/airflow/venv/lib/python3.10/site-packages/airflow/example_dags/example_setup_teardown_taskflow.py
[2024-03-02T09:51:56.162-0300] {processor.py:830} INFO - Processing file /home/victor/Área de Trabalho/airflow/venv/lib/python3.10/site-packages/airflow/example_dags/example_setup_teardown_taskflow.py for tasks to queue
[2024-03-02T09:51:56.162-0300] {logging_mixin.py:188} INFO - [2024-03-02T09:51:56.162-0300] {dagbag.py:540} INFO - Filling up the DagBag from /home/victor/Área de Trabalho/airflow/venv/lib/python3.10/site-packages/airflow/example_dags/example_setup_teardown_taskflow.py
[2024-03-02T09:51:56.171-0300] {processor.py:840} INFO - DAG(s) 'example_setup_teardown_taskflow' retrieved from /home/victor/Área de Trabalho/airflow/venv/lib/python3.10/site-packages/airflow/example_dags/example_setup_teardown_taskflow.py
[2024-03-02T09:51:56.200-0300] {logging_mixin.py:188} INFO - [2024-03-02T09:51:56.200-0300] {dag.py:3047} INFO - Sync 1 DAGs
[2024-03-02T09:51:56.222-0300] {logging_mixin.py:188} INFO - [2024-03-02T09:51:56.222-0300] {dag.py:3834} INFO - Setting next_dagrun for example_setup_teardown_taskflow to 2024-03-01 00:00:00+00:00, run_after=2024-03-02 00:00:00+00:00
[2024-03-02T09:51:56.243-0300] {processor.py:183} INFO - Processing /home/victor/Área de Trabalho/airflow/venv/lib/python3.10/site-packages/airflow/example_dags/example_setup_teardown_taskflow.py took 0.085 seconds
[2024-03-02T09:52:26.649-0300] {processor.py:161} INFO - Started process (PID=22322) to work on /home/victor/Área de Trabalho/airflow/venv/lib/python3.10/site-packages/airflow/example_dags/example_setup_teardown_taskflow.py
[2024-03-02T09:52:26.650-0300] {processor.py:830} INFO - Processing file /home/victor/Área de Trabalho/airflow/venv/lib/python3.10/site-packages/airflow/example_dags/example_setup_teardown_taskflow.py for tasks to queue
[2024-03-02T09:52:26.651-0300] {logging_mixin.py:188} INFO - [2024-03-02T09:52:26.651-0300] {dagbag.py:540} INFO - Filling up the DagBag from /home/victor/Área de Trabalho/airflow/venv/lib/python3.10/site-packages/airflow/example_dags/example_setup_teardown_taskflow.py
[2024-03-02T09:52:26.660-0300] {processor.py:840} INFO - DAG(s) 'example_setup_teardown_taskflow' retrieved from /home/victor/Área de Trabalho/airflow/venv/lib/python3.10/site-packages/airflow/example_dags/example_setup_teardown_taskflow.py
[2024-03-02T09:52:26.688-0300] {logging_mixin.py:188} INFO - [2024-03-02T09:52:26.688-0300] {dag.py:3047} INFO - Sync 1 DAGs
[2024-03-02T09:52:26.710-0300] {logging_mixin.py:188} INFO - [2024-03-02T09:52:26.710-0300] {dag.py:3834} INFO - Setting next_dagrun for example_setup_teardown_taskflow to 2024-03-01 00:00:00+00:00, run_after=2024-03-02 00:00:00+00:00
[2024-03-02T09:52:26.730-0300] {processor.py:183} INFO - Processing /home/victor/Área de Trabalho/airflow/venv/lib/python3.10/site-packages/airflow/example_dags/example_setup_teardown_taskflow.py took 0.084 seconds
[2024-03-02T09:52:57.254-0300] {processor.py:161} INFO - Started process (PID=22646) to work on /home/victor/Área de Trabalho/airflow/venv/lib/python3.10/site-packages/airflow/example_dags/example_setup_teardown_taskflow.py
[2024-03-02T09:52:57.255-0300] {processor.py:830} INFO - Processing file /home/victor/Área de Trabalho/airflow/venv/lib/python3.10/site-packages/airflow/example_dags/example_setup_teardown_taskflow.py for tasks to queue
[2024-03-02T09:52:57.256-0300] {logging_mixin.py:188} INFO - [2024-03-02T09:52:57.256-0300] {dagbag.py:540} INFO - Filling up the DagBag from /home/victor/Área de Trabalho/airflow/venv/lib/python3.10/site-packages/airflow/example_dags/example_setup_teardown_taskflow.py
[2024-03-02T09:52:57.265-0300] {processor.py:840} INFO - DAG(s) 'example_setup_teardown_taskflow' retrieved from /home/victor/Área de Trabalho/airflow/venv/lib/python3.10/site-packages/airflow/example_dags/example_setup_teardown_taskflow.py
[2024-03-02T09:52:57.295-0300] {logging_mixin.py:188} INFO - [2024-03-02T09:52:57.295-0300] {dag.py:3047} INFO - Sync 1 DAGs
[2024-03-02T09:52:57.318-0300] {logging_mixin.py:188} INFO - [2024-03-02T09:52:57.317-0300] {dag.py:3834} INFO - Setting next_dagrun for example_setup_teardown_taskflow to 2024-03-01 00:00:00+00:00, run_after=2024-03-02 00:00:00+00:00
[2024-03-02T09:52:57.336-0300] {processor.py:183} INFO - Processing /home/victor/Área de Trabalho/airflow/venv/lib/python3.10/site-packages/airflow/example_dags/example_setup_teardown_taskflow.py took 0.085 seconds
[2024-03-02T09:53:27.889-0300] {processor.py:161} INFO - Started process (PID=23130) to work on /home/victor/Área de Trabalho/airflow/venv/lib/python3.10/site-packages/airflow/example_dags/example_setup_teardown_taskflow.py
[2024-03-02T09:53:27.890-0300] {processor.py:830} INFO - Processing file /home/victor/Área de Trabalho/airflow/venv/lib/python3.10/site-packages/airflow/example_dags/example_setup_teardown_taskflow.py for tasks to queue
[2024-03-02T09:53:27.891-0300] {logging_mixin.py:188} INFO - [2024-03-02T09:53:27.890-0300] {dagbag.py:540} INFO - Filling up the DagBag from /home/victor/Área de Trabalho/airflow/venv/lib/python3.10/site-packages/airflow/example_dags/example_setup_teardown_taskflow.py
[2024-03-02T09:53:27.899-0300] {processor.py:840} INFO - DAG(s) 'example_setup_teardown_taskflow' retrieved from /home/victor/Área de Trabalho/airflow/venv/lib/python3.10/site-packages/airflow/example_dags/example_setup_teardown_taskflow.py
[2024-03-02T09:53:27.927-0300] {logging_mixin.py:188} INFO - [2024-03-02T09:53:27.927-0300] {dag.py:3047} INFO - Sync 1 DAGs
[2024-03-02T09:53:27.950-0300] {logging_mixin.py:188} INFO - [2024-03-02T09:53:27.950-0300] {dag.py:3834} INFO - Setting next_dagrun for example_setup_teardown_taskflow to 2024-03-01 00:00:00+00:00, run_after=2024-03-02 00:00:00+00:00
[2024-03-02T09:53:27.968-0300] {processor.py:183} INFO - Processing /home/victor/Área de Trabalho/airflow/venv/lib/python3.10/site-packages/airflow/example_dags/example_setup_teardown_taskflow.py took 0.082 seconds
[2024-03-02T09:53:58.118-0300] {processor.py:161} INFO - Started process (PID=23442) to work on /home/victor/Área de Trabalho/airflow/venv/lib/python3.10/site-packages/airflow/example_dags/example_setup_teardown_taskflow.py
[2024-03-02T09:53:58.119-0300] {processor.py:830} INFO - Processing file /home/victor/Área de Trabalho/airflow/venv/lib/python3.10/site-packages/airflow/example_dags/example_setup_teardown_taskflow.py for tasks to queue
[2024-03-02T09:53:58.120-0300] {logging_mixin.py:188} INFO - [2024-03-02T09:53:58.119-0300] {dagbag.py:540} INFO - Filling up the DagBag from /home/victor/Área de Trabalho/airflow/venv/lib/python3.10/site-packages/airflow/example_dags/example_setup_teardown_taskflow.py
[2024-03-02T09:53:58.128-0300] {processor.py:840} INFO - DAG(s) 'example_setup_teardown_taskflow' retrieved from /home/victor/Área de Trabalho/airflow/venv/lib/python3.10/site-packages/airflow/example_dags/example_setup_teardown_taskflow.py
[2024-03-02T09:53:58.155-0300] {logging_mixin.py:188} INFO - [2024-03-02T09:53:58.155-0300] {dag.py:3047} INFO - Sync 1 DAGs
[2024-03-02T09:53:58.178-0300] {logging_mixin.py:188} INFO - [2024-03-02T09:53:58.178-0300] {dag.py:3834} INFO - Setting next_dagrun for example_setup_teardown_taskflow to 2024-03-01 00:00:00+00:00, run_after=2024-03-02 00:00:00+00:00
[2024-03-02T09:53:58.198-0300] {processor.py:183} INFO - Processing /home/victor/Área de Trabalho/airflow/venv/lib/python3.10/site-packages/airflow/example_dags/example_setup_teardown_taskflow.py took 0.083 seconds
[2024-03-02T09:54:29.034-0300] {processor.py:161} INFO - Started process (PID=24087) to work on /home/victor/Área de Trabalho/airflow/venv/lib/python3.10/site-packages/airflow/example_dags/example_setup_teardown_taskflow.py
[2024-03-02T09:54:29.036-0300] {processor.py:830} INFO - Processing file /home/victor/Área de Trabalho/airflow/venv/lib/python3.10/site-packages/airflow/example_dags/example_setup_teardown_taskflow.py for tasks to queue
[2024-03-02T09:54:29.037-0300] {logging_mixin.py:188} INFO - [2024-03-02T09:54:29.037-0300] {dagbag.py:540} INFO - Filling up the DagBag from /home/victor/Área de Trabalho/airflow/venv/lib/python3.10/site-packages/airflow/example_dags/example_setup_teardown_taskflow.py
[2024-03-02T09:54:29.047-0300] {processor.py:840} INFO - DAG(s) 'example_setup_teardown_taskflow' retrieved from /home/victor/Área de Trabalho/airflow/venv/lib/python3.10/site-packages/airflow/example_dags/example_setup_teardown_taskflow.py
[2024-03-02T09:54:29.078-0300] {logging_mixin.py:188} INFO - [2024-03-02T09:54:29.078-0300] {dag.py:3047} INFO - Sync 1 DAGs
[2024-03-02T09:54:29.106-0300] {logging_mixin.py:188} INFO - [2024-03-02T09:54:29.106-0300] {dag.py:3834} INFO - Setting next_dagrun for example_setup_teardown_taskflow to 2024-03-01 00:00:00+00:00, run_after=2024-03-02 00:00:00+00:00
[2024-03-02T09:54:29.128-0300] {processor.py:183} INFO - Processing /home/victor/Área de Trabalho/airflow/venv/lib/python3.10/site-packages/airflow/example_dags/example_setup_teardown_taskflow.py took 0.097 seconds
[2024-03-02T09:55:00.098-0300] {processor.py:161} INFO - Started process (PID=24646) to work on /home/victor/Área de Trabalho/airflow/venv/lib/python3.10/site-packages/airflow/example_dags/example_setup_teardown_taskflow.py
[2024-03-02T09:55:00.099-0300] {processor.py:830} INFO - Processing file /home/victor/Área de Trabalho/airflow/venv/lib/python3.10/site-packages/airflow/example_dags/example_setup_teardown_taskflow.py for tasks to queue
[2024-03-02T09:55:00.100-0300] {logging_mixin.py:188} INFO - [2024-03-02T09:55:00.099-0300] {dagbag.py:540} INFO - Filling up the DagBag from /home/victor/Área de Trabalho/airflow/venv/lib/python3.10/site-packages/airflow/example_dags/example_setup_teardown_taskflow.py
[2024-03-02T09:55:00.108-0300] {processor.py:840} INFO - DAG(s) 'example_setup_teardown_taskflow' retrieved from /home/victor/Área de Trabalho/airflow/venv/lib/python3.10/site-packages/airflow/example_dags/example_setup_teardown_taskflow.py
[2024-03-02T09:55:00.135-0300] {logging_mixin.py:188} INFO - [2024-03-02T09:55:00.135-0300] {dag.py:3047} INFO - Sync 1 DAGs
[2024-03-02T09:55:00.155-0300] {logging_mixin.py:188} INFO - [2024-03-02T09:55:00.155-0300] {dag.py:3834} INFO - Setting next_dagrun for example_setup_teardown_taskflow to 2024-03-01 00:00:00+00:00, run_after=2024-03-02 00:00:00+00:00
[2024-03-02T09:55:00.174-0300] {processor.py:183} INFO - Processing /home/victor/Área de Trabalho/airflow/venv/lib/python3.10/site-packages/airflow/example_dags/example_setup_teardown_taskflow.py took 0.079 seconds
[2024-03-02T09:55:30.752-0300] {processor.py:161} INFO - Started process (PID=25116) to work on /home/victor/Área de Trabalho/airflow/venv/lib/python3.10/site-packages/airflow/example_dags/example_setup_teardown_taskflow.py
[2024-03-02T09:55:30.752-0300] {processor.py:830} INFO - Processing file /home/victor/Área de Trabalho/airflow/venv/lib/python3.10/site-packages/airflow/example_dags/example_setup_teardown_taskflow.py for tasks to queue
[2024-03-02T09:55:30.753-0300] {logging_mixin.py:188} INFO - [2024-03-02T09:55:30.753-0300] {dagbag.py:540} INFO - Filling up the DagBag from /home/victor/Área de Trabalho/airflow/venv/lib/python3.10/site-packages/airflow/example_dags/example_setup_teardown_taskflow.py
[2024-03-02T09:55:30.762-0300] {processor.py:840} INFO - DAG(s) 'example_setup_teardown_taskflow' retrieved from /home/victor/Área de Trabalho/airflow/venv/lib/python3.10/site-packages/airflow/example_dags/example_setup_teardown_taskflow.py
[2024-03-02T09:55:30.792-0300] {logging_mixin.py:188} INFO - [2024-03-02T09:55:30.792-0300] {dag.py:3047} INFO - Sync 1 DAGs
[2024-03-02T09:55:30.817-0300] {logging_mixin.py:188} INFO - [2024-03-02T09:55:30.816-0300] {dag.py:3834} INFO - Setting next_dagrun for example_setup_teardown_taskflow to 2024-03-01 00:00:00+00:00, run_after=2024-03-02 00:00:00+00:00
[2024-03-02T09:55:30.835-0300] {processor.py:183} INFO - Processing /home/victor/Área de Trabalho/airflow/venv/lib/python3.10/site-packages/airflow/example_dags/example_setup_teardown_taskflow.py took 0.086 seconds
[2024-03-02T09:56:01.162-0300] {processor.py:161} INFO - Started process (PID=25622) to work on /home/victor/Área de Trabalho/airflow/venv/lib/python3.10/site-packages/airflow/example_dags/example_setup_teardown_taskflow.py
[2024-03-02T09:56:01.163-0300] {processor.py:830} INFO - Processing file /home/victor/Área de Trabalho/airflow/venv/lib/python3.10/site-packages/airflow/example_dags/example_setup_teardown_taskflow.py for tasks to queue
[2024-03-02T09:56:01.163-0300] {logging_mixin.py:188} INFO - [2024-03-02T09:56:01.163-0300] {dagbag.py:540} INFO - Filling up the DagBag from /home/victor/Área de Trabalho/airflow/venv/lib/python3.10/site-packages/airflow/example_dags/example_setup_teardown_taskflow.py
[2024-03-02T09:56:01.171-0300] {processor.py:840} INFO - DAG(s) 'example_setup_teardown_taskflow' retrieved from /home/victor/Área de Trabalho/airflow/venv/lib/python3.10/site-packages/airflow/example_dags/example_setup_teardown_taskflow.py
[2024-03-02T09:56:01.197-0300] {logging_mixin.py:188} INFO - [2024-03-02T09:56:01.197-0300] {dag.py:3047} INFO - Sync 1 DAGs
[2024-03-02T09:56:01.218-0300] {logging_mixin.py:188} INFO - [2024-03-02T09:56:01.218-0300] {dag.py:3834} INFO - Setting next_dagrun for example_setup_teardown_taskflow to 2024-03-01 00:00:00+00:00, run_after=2024-03-02 00:00:00+00:00
[2024-03-02T09:56:01.237-0300] {processor.py:183} INFO - Processing /home/victor/Área de Trabalho/airflow/venv/lib/python3.10/site-packages/airflow/example_dags/example_setup_teardown_taskflow.py took 0.078 seconds
[2024-03-02T09:56:31.314-0300] {processor.py:161} INFO - Started process (PID=25936) to work on /home/victor/Área de Trabalho/airflow/venv/lib/python3.10/site-packages/airflow/example_dags/example_setup_teardown_taskflow.py
[2024-03-02T09:56:31.315-0300] {processor.py:830} INFO - Processing file /home/victor/Área de Trabalho/airflow/venv/lib/python3.10/site-packages/airflow/example_dags/example_setup_teardown_taskflow.py for tasks to queue
[2024-03-02T09:56:31.316-0300] {logging_mixin.py:188} INFO - [2024-03-02T09:56:31.316-0300] {dagbag.py:540} INFO - Filling up the DagBag from /home/victor/Área de Trabalho/airflow/venv/lib/python3.10/site-packages/airflow/example_dags/example_setup_teardown_taskflow.py
[2024-03-02T09:56:31.324-0300] {processor.py:840} INFO - DAG(s) 'example_setup_teardown_taskflow' retrieved from /home/victor/Área de Trabalho/airflow/venv/lib/python3.10/site-packages/airflow/example_dags/example_setup_teardown_taskflow.py
[2024-03-02T09:56:31.350-0300] {logging_mixin.py:188} INFO - [2024-03-02T09:56:31.350-0300] {dag.py:3047} INFO - Sync 1 DAGs
[2024-03-02T09:56:31.371-0300] {logging_mixin.py:188} INFO - [2024-03-02T09:56:31.371-0300] {dag.py:3834} INFO - Setting next_dagrun for example_setup_teardown_taskflow to 2024-03-01 00:00:00+00:00, run_after=2024-03-02 00:00:00+00:00
[2024-03-02T09:56:31.388-0300] {processor.py:183} INFO - Processing /home/victor/Área de Trabalho/airflow/venv/lib/python3.10/site-packages/airflow/example_dags/example_setup_teardown_taskflow.py took 0.076 seconds
[2024-03-02T09:57:01.639-0300] {processor.py:161} INFO - Started process (PID=26418) to work on /home/victor/Área de Trabalho/airflow/venv/lib/python3.10/site-packages/airflow/example_dags/example_setup_teardown_taskflow.py
[2024-03-02T09:57:01.640-0300] {processor.py:830} INFO - Processing file /home/victor/Área de Trabalho/airflow/venv/lib/python3.10/site-packages/airflow/example_dags/example_setup_teardown_taskflow.py for tasks to queue
[2024-03-02T09:57:01.640-0300] {logging_mixin.py:188} INFO - [2024-03-02T09:57:01.640-0300] {dagbag.py:540} INFO - Filling up the DagBag from /home/victor/Área de Trabalho/airflow/venv/lib/python3.10/site-packages/airflow/example_dags/example_setup_teardown_taskflow.py
[2024-03-02T09:57:01.649-0300] {processor.py:840} INFO - DAG(s) 'example_setup_teardown_taskflow' retrieved from /home/victor/Área de Trabalho/airflow/venv/lib/python3.10/site-packages/airflow/example_dags/example_setup_teardown_taskflow.py
[2024-03-02T09:57:01.675-0300] {logging_mixin.py:188} INFO - [2024-03-02T09:57:01.675-0300] {dag.py:3047} INFO - Sync 1 DAGs
[2024-03-02T09:57:01.697-0300] {logging_mixin.py:188} INFO - [2024-03-02T09:57:01.697-0300] {dag.py:3834} INFO - Setting next_dagrun for example_setup_teardown_taskflow to 2024-03-01 00:00:00+00:00, run_after=2024-03-02 00:00:00+00:00
[2024-03-02T09:57:01.715-0300] {processor.py:183} INFO - Processing /home/victor/Área de Trabalho/airflow/venv/lib/python3.10/site-packages/airflow/example_dags/example_setup_teardown_taskflow.py took 0.079 seconds
[2024-03-02T09:57:32.232-0300] {processor.py:161} INFO - Started process (PID=26900) to work on /home/victor/Área de Trabalho/airflow/venv/lib/python3.10/site-packages/airflow/example_dags/example_setup_teardown_taskflow.py
[2024-03-02T09:57:32.233-0300] {processor.py:830} INFO - Processing file /home/victor/Área de Trabalho/airflow/venv/lib/python3.10/site-packages/airflow/example_dags/example_setup_teardown_taskflow.py for tasks to queue
[2024-03-02T09:57:32.234-0300] {logging_mixin.py:188} INFO - [2024-03-02T09:57:32.233-0300] {dagbag.py:540} INFO - Filling up the DagBag from /home/victor/Área de Trabalho/airflow/venv/lib/python3.10/site-packages/airflow/example_dags/example_setup_teardown_taskflow.py
[2024-03-02T09:57:32.242-0300] {processor.py:840} INFO - DAG(s) 'example_setup_teardown_taskflow' retrieved from /home/victor/Área de Trabalho/airflow/venv/lib/python3.10/site-packages/airflow/example_dags/example_setup_teardown_taskflow.py
[2024-03-02T09:57:32.269-0300] {logging_mixin.py:188} INFO - [2024-03-02T09:57:32.269-0300] {dag.py:3047} INFO - Sync 1 DAGs
[2024-03-02T09:57:32.289-0300] {logging_mixin.py:188} INFO - [2024-03-02T09:57:32.289-0300] {dag.py:3834} INFO - Setting next_dagrun for example_setup_teardown_taskflow to 2024-03-01 00:00:00+00:00, run_after=2024-03-02 00:00:00+00:00
[2024-03-02T09:57:32.307-0300] {processor.py:183} INFO - Processing /home/victor/Área de Trabalho/airflow/venv/lib/python3.10/site-packages/airflow/example_dags/example_setup_teardown_taskflow.py took 0.078 seconds
[2024-03-02T09:58:02.703-0300] {processor.py:161} INFO - Started process (PID=27426) to work on /home/victor/Área de Trabalho/airflow/venv/lib/python3.10/site-packages/airflow/example_dags/example_setup_teardown_taskflow.py
[2024-03-02T09:58:02.704-0300] {processor.py:830} INFO - Processing file /home/victor/Área de Trabalho/airflow/venv/lib/python3.10/site-packages/airflow/example_dags/example_setup_teardown_taskflow.py for tasks to queue
[2024-03-02T09:58:02.705-0300] {logging_mixin.py:188} INFO - [2024-03-02T09:58:02.704-0300] {dagbag.py:540} INFO - Filling up the DagBag from /home/victor/Área de Trabalho/airflow/venv/lib/python3.10/site-packages/airflow/example_dags/example_setup_teardown_taskflow.py
[2024-03-02T09:58:02.714-0300] {processor.py:840} INFO - DAG(s) 'example_setup_teardown_taskflow' retrieved from /home/victor/Área de Trabalho/airflow/venv/lib/python3.10/site-packages/airflow/example_dags/example_setup_teardown_taskflow.py
[2024-03-02T09:58:02.741-0300] {logging_mixin.py:188} INFO - [2024-03-02T09:58:02.740-0300] {dag.py:3047} INFO - Sync 1 DAGs
[2024-03-02T09:58:02.763-0300] {logging_mixin.py:188} INFO - [2024-03-02T09:58:02.763-0300] {dag.py:3834} INFO - Setting next_dagrun for example_setup_teardown_taskflow to 2024-03-01 00:00:00+00:00, run_after=2024-03-02 00:00:00+00:00
[2024-03-02T09:58:02.789-0300] {processor.py:183} INFO - Processing /home/victor/Área de Trabalho/airflow/venv/lib/python3.10/site-packages/airflow/example_dags/example_setup_teardown_taskflow.py took 0.089 seconds
[2024-03-02T09:58:33.374-0300] {processor.py:161} INFO - Started process (PID=28361) to work on /home/victor/Área de Trabalho/airflow/venv/lib/python3.10/site-packages/airflow/example_dags/example_setup_teardown_taskflow.py
[2024-03-02T09:58:33.375-0300] {processor.py:830} INFO - Processing file /home/victor/Área de Trabalho/airflow/venv/lib/python3.10/site-packages/airflow/example_dags/example_setup_teardown_taskflow.py for tasks to queue
[2024-03-02T09:58:33.376-0300] {logging_mixin.py:188} INFO - [2024-03-02T09:58:33.375-0300] {dagbag.py:540} INFO - Filling up the DagBag from /home/victor/Área de Trabalho/airflow/venv/lib/python3.10/site-packages/airflow/example_dags/example_setup_teardown_taskflow.py
[2024-03-02T09:58:33.384-0300] {processor.py:840} INFO - DAG(s) 'example_setup_teardown_taskflow' retrieved from /home/victor/Área de Trabalho/airflow/venv/lib/python3.10/site-packages/airflow/example_dags/example_setup_teardown_taskflow.py
[2024-03-02T09:58:33.415-0300] {logging_mixin.py:188} INFO - [2024-03-02T09:58:33.415-0300] {dag.py:3047} INFO - Sync 1 DAGs
[2024-03-02T09:58:33.438-0300] {logging_mixin.py:188} INFO - [2024-03-02T09:58:33.438-0300] {dag.py:3834} INFO - Setting next_dagrun for example_setup_teardown_taskflow to 2024-03-01 00:00:00+00:00, run_after=2024-03-02 00:00:00+00:00
[2024-03-02T09:58:33.461-0300] {processor.py:183} INFO - Processing /home/victor/Área de Trabalho/airflow/venv/lib/python3.10/site-packages/airflow/example_dags/example_setup_teardown_taskflow.py took 0.090 seconds
[2024-03-02T09:59:03.987-0300] {processor.py:161} INFO - Started process (PID=29332) to work on /home/victor/Área de Trabalho/airflow/venv/lib/python3.10/site-packages/airflow/example_dags/example_setup_teardown_taskflow.py
[2024-03-02T09:59:03.987-0300] {processor.py:830} INFO - Processing file /home/victor/Área de Trabalho/airflow/venv/lib/python3.10/site-packages/airflow/example_dags/example_setup_teardown_taskflow.py for tasks to queue
[2024-03-02T09:59:03.988-0300] {logging_mixin.py:188} INFO - [2024-03-02T09:59:03.988-0300] {dagbag.py:540} INFO - Filling up the DagBag from /home/victor/Área de Trabalho/airflow/venv/lib/python3.10/site-packages/airflow/example_dags/example_setup_teardown_taskflow.py
[2024-03-02T09:59:03.998-0300] {processor.py:840} INFO - DAG(s) 'example_setup_teardown_taskflow' retrieved from /home/victor/Área de Trabalho/airflow/venv/lib/python3.10/site-packages/airflow/example_dags/example_setup_teardown_taskflow.py
[2024-03-02T09:59:04.026-0300] {logging_mixin.py:188} INFO - [2024-03-02T09:59:04.025-0300] {dag.py:3047} INFO - Sync 1 DAGs
[2024-03-02T09:59:04.046-0300] {logging_mixin.py:188} INFO - [2024-03-02T09:59:04.046-0300] {dag.py:3834} INFO - Setting next_dagrun for example_setup_teardown_taskflow to 2024-03-01 00:00:00+00:00, run_after=2024-03-02 00:00:00+00:00
[2024-03-02T09:59:04.067-0300] {processor.py:183} INFO - Processing /home/victor/Área de Trabalho/airflow/venv/lib/python3.10/site-packages/airflow/example_dags/example_setup_teardown_taskflow.py took 0.083 seconds
