[2024-03-02T09:36:58.646-0300] {processor.py:161} INFO - Started process (PID=7911) to work on /home/victor/Área de Trabalho/airflow/venv/lib/python3.10/site-packages/airflow/example_dags/example_short_circuit_decorator.py
[2024-03-02T09:36:58.647-0300] {processor.py:830} INFO - Processing file /home/victor/Área de Trabalho/airflow/venv/lib/python3.10/site-packages/airflow/example_dags/example_short_circuit_decorator.py for tasks to queue
[2024-03-02T09:36:58.647-0300] {logging_mixin.py:188} INFO - [2024-03-02T09:36:58.647-0300] {dagbag.py:540} INFO - Filling up the DagBag from /home/victor/Área de Trabalho/airflow/venv/lib/python3.10/site-packages/airflow/example_dags/example_short_circuit_decorator.py
[2024-03-02T09:36:58.656-0300] {processor.py:840} INFO - DAG(s) 'example_short_circuit_decorator' retrieved from /home/victor/Área de Trabalho/airflow/venv/lib/python3.10/site-packages/airflow/example_dags/example_short_circuit_decorator.py
[2024-03-02T09:36:58.677-0300] {logging_mixin.py:188} INFO - [2024-03-02T09:36:58.676-0300] {dag.py:3047} INFO - Sync 1 DAGs
[2024-03-02T09:36:58.700-0300] {logging_mixin.py:188} INFO - [2024-03-02T09:36:58.700-0300] {dag.py:3834} INFO - Setting next_dagrun for example_short_circuit_decorator to 2024-03-01 00:00:00+00:00, run_after=2024-03-02 00:00:00+00:00
[2024-03-02T09:36:58.721-0300] {processor.py:183} INFO - Processing /home/victor/Área de Trabalho/airflow/venv/lib/python3.10/site-packages/airflow/example_dags/example_short_circuit_decorator.py took 0.078 seconds
[2024-03-02T09:37:29.710-0300] {processor.py:161} INFO - Started process (PID=9321) to work on /home/victor/Área de Trabalho/airflow/venv/lib/python3.10/site-packages/airflow/example_dags/example_short_circuit_decorator.py
[2024-03-02T09:37:29.710-0300] {processor.py:830} INFO - Processing file /home/victor/Área de Trabalho/airflow/venv/lib/python3.10/site-packages/airflow/example_dags/example_short_circuit_decorator.py for tasks to queue
[2024-03-02T09:37:29.711-0300] {logging_mixin.py:188} INFO - [2024-03-02T09:37:29.711-0300] {dagbag.py:540} INFO - Filling up the DagBag from /home/victor/Área de Trabalho/airflow/venv/lib/python3.10/site-packages/airflow/example_dags/example_short_circuit_decorator.py
[2024-03-02T09:37:29.718-0300] {processor.py:840} INFO - DAG(s) 'example_short_circuit_decorator' retrieved from /home/victor/Área de Trabalho/airflow/venv/lib/python3.10/site-packages/airflow/example_dags/example_short_circuit_decorator.py
[2024-03-02T09:37:29.819-0300] {logging_mixin.py:188} INFO - [2024-03-02T09:37:29.819-0300] {dag.py:3047} INFO - Sync 1 DAGs
[2024-03-02T09:37:29.839-0300] {logging_mixin.py:188} INFO - [2024-03-02T09:37:29.838-0300] {dag.py:3834} INFO - Setting next_dagrun for example_short_circuit_decorator to 2024-03-01 00:00:00+00:00, run_after=2024-03-02 00:00:00+00:00
[2024-03-02T09:37:29.858-0300] {processor.py:183} INFO - Processing /home/victor/Área de Trabalho/airflow/venv/lib/python3.10/site-packages/airflow/example_dags/example_short_circuit_decorator.py took 0.151 seconds
[2024-03-02T09:38:00.156-0300] {processor.py:161} INFO - Started process (PID=9985) to work on /home/victor/Área de Trabalho/airflow/venv/lib/python3.10/site-packages/airflow/example_dags/example_short_circuit_decorator.py
[2024-03-02T09:38:00.158-0300] {processor.py:830} INFO - Processing file /home/victor/Área de Trabalho/airflow/venv/lib/python3.10/site-packages/airflow/example_dags/example_short_circuit_decorator.py for tasks to queue
[2024-03-02T09:38:00.158-0300] {logging_mixin.py:188} INFO - [2024-03-02T09:38:00.158-0300] {dagbag.py:540} INFO - Filling up the DagBag from /home/victor/Área de Trabalho/airflow/venv/lib/python3.10/site-packages/airflow/example_dags/example_short_circuit_decorator.py
[2024-03-02T09:38:00.168-0300] {processor.py:840} INFO - DAG(s) 'example_short_circuit_decorator' retrieved from /home/victor/Área de Trabalho/airflow/venv/lib/python3.10/site-packages/airflow/example_dags/example_short_circuit_decorator.py
[2024-03-02T09:38:00.227-0300] {logging_mixin.py:188} INFO - [2024-03-02T09:38:00.226-0300] {dag.py:3047} INFO - Sync 1 DAGs
[2024-03-02T09:38:00.249-0300] {logging_mixin.py:188} INFO - [2024-03-02T09:38:00.249-0300] {dag.py:3834} INFO - Setting next_dagrun for example_short_circuit_decorator to 2024-03-01 00:00:00+00:00, run_after=2024-03-02 00:00:00+00:00
[2024-03-02T09:38:00.268-0300] {processor.py:183} INFO - Processing /home/victor/Área de Trabalho/airflow/venv/lib/python3.10/site-packages/airflow/example_dags/example_short_circuit_decorator.py took 0.116 seconds
[2024-03-02T09:38:31.609-0300] {processor.py:161} INFO - Started process (PID=10300) to work on /home/victor/Área de Trabalho/airflow/venv/lib/python3.10/site-packages/airflow/example_dags/example_short_circuit_decorator.py
[2024-03-02T09:38:31.609-0300] {processor.py:830} INFO - Processing file /home/victor/Área de Trabalho/airflow/venv/lib/python3.10/site-packages/airflow/example_dags/example_short_circuit_decorator.py for tasks to queue
[2024-03-02T09:38:31.610-0300] {logging_mixin.py:188} INFO - [2024-03-02T09:38:31.610-0300] {dagbag.py:540} INFO - Filling up the DagBag from /home/victor/Área de Trabalho/airflow/venv/lib/python3.10/site-packages/airflow/example_dags/example_short_circuit_decorator.py
[2024-03-02T09:38:31.618-0300] {processor.py:840} INFO - DAG(s) 'example_short_circuit_decorator' retrieved from /home/victor/Área de Trabalho/airflow/venv/lib/python3.10/site-packages/airflow/example_dags/example_short_circuit_decorator.py
[2024-03-02T09:38:31.645-0300] {logging_mixin.py:188} INFO - [2024-03-02T09:38:31.645-0300] {dag.py:3047} INFO - Sync 1 DAGs
[2024-03-02T09:38:31.666-0300] {logging_mixin.py:188} INFO - [2024-03-02T09:38:31.666-0300] {dag.py:3834} INFO - Setting next_dagrun for example_short_circuit_decorator to 2024-03-01 00:00:00+00:00, run_after=2024-03-02 00:00:00+00:00
[2024-03-02T09:38:31.684-0300] {processor.py:183} INFO - Processing /home/victor/Área de Trabalho/airflow/venv/lib/python3.10/site-packages/airflow/example_dags/example_short_circuit_decorator.py took 0.078 seconds
[2024-03-02T09:39:03.037-0300] {processor.py:161} INFO - Started process (PID=10850) to work on /home/victor/Área de Trabalho/airflow/venv/lib/python3.10/site-packages/airflow/example_dags/example_short_circuit_decorator.py
[2024-03-02T09:39:03.037-0300] {processor.py:830} INFO - Processing file /home/victor/Área de Trabalho/airflow/venv/lib/python3.10/site-packages/airflow/example_dags/example_short_circuit_decorator.py for tasks to queue
[2024-03-02T09:39:03.038-0300] {logging_mixin.py:188} INFO - [2024-03-02T09:39:03.038-0300] {dagbag.py:540} INFO - Filling up the DagBag from /home/victor/Área de Trabalho/airflow/venv/lib/python3.10/site-packages/airflow/example_dags/example_short_circuit_decorator.py
[2024-03-02T09:39:03.046-0300] {processor.py:840} INFO - DAG(s) 'example_short_circuit_decorator' retrieved from /home/victor/Área de Trabalho/airflow/venv/lib/python3.10/site-packages/airflow/example_dags/example_short_circuit_decorator.py
[2024-03-02T09:39:03.075-0300] {logging_mixin.py:188} INFO - [2024-03-02T09:39:03.075-0300] {dag.py:3047} INFO - Sync 1 DAGs
[2024-03-02T09:39:03.097-0300] {logging_mixin.py:188} INFO - [2024-03-02T09:39:03.097-0300] {dag.py:3834} INFO - Setting next_dagrun for example_short_circuit_decorator to 2024-03-01 00:00:00+00:00, run_after=2024-03-02 00:00:00+00:00
[2024-03-02T09:39:03.116-0300] {processor.py:183} INFO - Processing /home/victor/Área de Trabalho/airflow/venv/lib/python3.10/site-packages/airflow/example_dags/example_short_circuit_decorator.py took 0.082 seconds
[2024-03-02T09:39:34.217-0300] {processor.py:161} INFO - Started process (PID=11457) to work on /home/victor/Área de Trabalho/airflow/venv/lib/python3.10/site-packages/airflow/example_dags/example_short_circuit_decorator.py
[2024-03-02T09:39:34.218-0300] {processor.py:830} INFO - Processing file /home/victor/Área de Trabalho/airflow/venv/lib/python3.10/site-packages/airflow/example_dags/example_short_circuit_decorator.py for tasks to queue
[2024-03-02T09:39:34.219-0300] {logging_mixin.py:188} INFO - [2024-03-02T09:39:34.218-0300] {dagbag.py:540} INFO - Filling up the DagBag from /home/victor/Área de Trabalho/airflow/venv/lib/python3.10/site-packages/airflow/example_dags/example_short_circuit_decorator.py
[2024-03-02T09:39:34.227-0300] {processor.py:840} INFO - DAG(s) 'example_short_circuit_decorator' retrieved from /home/victor/Área de Trabalho/airflow/venv/lib/python3.10/site-packages/airflow/example_dags/example_short_circuit_decorator.py
[2024-03-02T09:39:34.254-0300] {logging_mixin.py:188} INFO - [2024-03-02T09:39:34.254-0300] {dag.py:3047} INFO - Sync 1 DAGs
[2024-03-02T09:39:34.276-0300] {logging_mixin.py:188} INFO - [2024-03-02T09:39:34.276-0300] {dag.py:3834} INFO - Setting next_dagrun for example_short_circuit_decorator to 2024-03-01 00:00:00+00:00, run_after=2024-03-02 00:00:00+00:00
[2024-03-02T09:39:34.296-0300] {processor.py:183} INFO - Processing /home/victor/Área de Trabalho/airflow/venv/lib/python3.10/site-packages/airflow/example_dags/example_short_circuit_decorator.py took 0.082 seconds
[2024-03-02T09:40:05.508-0300] {processor.py:161} INFO - Started process (PID=11932) to work on /home/victor/Área de Trabalho/airflow/venv/lib/python3.10/site-packages/airflow/example_dags/example_short_circuit_decorator.py
[2024-03-02T09:40:05.509-0300] {processor.py:830} INFO - Processing file /home/victor/Área de Trabalho/airflow/venv/lib/python3.10/site-packages/airflow/example_dags/example_short_circuit_decorator.py for tasks to queue
[2024-03-02T09:40:05.510-0300] {logging_mixin.py:188} INFO - [2024-03-02T09:40:05.509-0300] {dagbag.py:540} INFO - Filling up the DagBag from /home/victor/Área de Trabalho/airflow/venv/lib/python3.10/site-packages/airflow/example_dags/example_short_circuit_decorator.py
[2024-03-02T09:40:05.518-0300] {processor.py:840} INFO - DAG(s) 'example_short_circuit_decorator' retrieved from /home/victor/Área de Trabalho/airflow/venv/lib/python3.10/site-packages/airflow/example_dags/example_short_circuit_decorator.py
[2024-03-02T09:40:05.544-0300] {logging_mixin.py:188} INFO - [2024-03-02T09:40:05.543-0300] {dag.py:3047} INFO - Sync 1 DAGs
[2024-03-02T09:40:05.565-0300] {logging_mixin.py:188} INFO - [2024-03-02T09:40:05.564-0300] {dag.py:3834} INFO - Setting next_dagrun for example_short_circuit_decorator to 2024-03-01 00:00:00+00:00, run_after=2024-03-02 00:00:00+00:00
[2024-03-02T09:40:05.584-0300] {processor.py:183} INFO - Processing /home/victor/Área de Trabalho/airflow/venv/lib/python3.10/site-packages/airflow/example_dags/example_short_circuit_decorator.py took 0.079 seconds
[2024-03-02T09:40:36.880-0300] {processor.py:161} INFO - Started process (PID=12311) to work on /home/victor/Área de Trabalho/airflow/venv/lib/python3.10/site-packages/airflow/example_dags/example_short_circuit_decorator.py
[2024-03-02T09:40:36.881-0300] {processor.py:830} INFO - Processing file /home/victor/Área de Trabalho/airflow/venv/lib/python3.10/site-packages/airflow/example_dags/example_short_circuit_decorator.py for tasks to queue
[2024-03-02T09:40:36.882-0300] {logging_mixin.py:188} INFO - [2024-03-02T09:40:36.881-0300] {dagbag.py:540} INFO - Filling up the DagBag from /home/victor/Área de Trabalho/airflow/venv/lib/python3.10/site-packages/airflow/example_dags/example_short_circuit_decorator.py
[2024-03-02T09:40:36.891-0300] {processor.py:840} INFO - DAG(s) 'example_short_circuit_decorator' retrieved from /home/victor/Área de Trabalho/airflow/venv/lib/python3.10/site-packages/airflow/example_dags/example_short_circuit_decorator.py
[2024-03-02T09:40:36.919-0300] {logging_mixin.py:188} INFO - [2024-03-02T09:40:36.919-0300] {dag.py:3047} INFO - Sync 1 DAGs
[2024-03-02T09:40:36.944-0300] {logging_mixin.py:188} INFO - [2024-03-02T09:40:36.943-0300] {dag.py:3834} INFO - Setting next_dagrun for example_short_circuit_decorator to 2024-03-01 00:00:00+00:00, run_after=2024-03-02 00:00:00+00:00
[2024-03-02T09:40:36.966-0300] {processor.py:183} INFO - Processing /home/victor/Área de Trabalho/airflow/venv/lib/python3.10/site-packages/airflow/example_dags/example_short_circuit_decorator.py took 0.089 seconds
[2024-03-02T09:41:07.810-0300] {processor.py:161} INFO - Started process (PID=12787) to work on /home/victor/Área de Trabalho/airflow/venv/lib/python3.10/site-packages/airflow/example_dags/example_short_circuit_decorator.py
[2024-03-02T09:41:07.812-0300] {processor.py:830} INFO - Processing file /home/victor/Área de Trabalho/airflow/venv/lib/python3.10/site-packages/airflow/example_dags/example_short_circuit_decorator.py for tasks to queue
[2024-03-02T09:41:07.815-0300] {logging_mixin.py:188} INFO - [2024-03-02T09:41:07.813-0300] {dagbag.py:540} INFO - Filling up the DagBag from /home/victor/Área de Trabalho/airflow/venv/lib/python3.10/site-packages/airflow/example_dags/example_short_circuit_decorator.py
[2024-03-02T09:41:07.839-0300] {processor.py:840} INFO - DAG(s) 'example_short_circuit_decorator' retrieved from /home/victor/Área de Trabalho/airflow/venv/lib/python3.10/site-packages/airflow/example_dags/example_short_circuit_decorator.py
[2024-03-02T09:41:07.896-0300] {logging_mixin.py:188} INFO - [2024-03-02T09:41:07.895-0300] {dag.py:3047} INFO - Sync 1 DAGs
[2024-03-02T09:41:07.920-0300] {logging_mixin.py:188} INFO - [2024-03-02T09:41:07.919-0300] {dag.py:3834} INFO - Setting next_dagrun for example_short_circuit_decorator to 2024-03-01 00:00:00+00:00, run_after=2024-03-02 00:00:00+00:00
[2024-03-02T09:41:07.945-0300] {processor.py:183} INFO - Processing /home/victor/Área de Trabalho/airflow/venv/lib/python3.10/site-packages/airflow/example_dags/example_short_circuit_decorator.py took 0.146 seconds
[2024-03-02T09:41:38.606-0300] {processor.py:161} INFO - Started process (PID=13102) to work on /home/victor/Área de Trabalho/airflow/venv/lib/python3.10/site-packages/airflow/example_dags/example_short_circuit_decorator.py
[2024-03-02T09:41:38.607-0300] {processor.py:830} INFO - Processing file /home/victor/Área de Trabalho/airflow/venv/lib/python3.10/site-packages/airflow/example_dags/example_short_circuit_decorator.py for tasks to queue
[2024-03-02T09:41:38.607-0300] {logging_mixin.py:188} INFO - [2024-03-02T09:41:38.607-0300] {dagbag.py:540} INFO - Filling up the DagBag from /home/victor/Área de Trabalho/airflow/venv/lib/python3.10/site-packages/airflow/example_dags/example_short_circuit_decorator.py
[2024-03-02T09:41:38.616-0300] {processor.py:840} INFO - DAG(s) 'example_short_circuit_decorator' retrieved from /home/victor/Área de Trabalho/airflow/venv/lib/python3.10/site-packages/airflow/example_dags/example_short_circuit_decorator.py
[2024-03-02T09:41:38.645-0300] {logging_mixin.py:188} INFO - [2024-03-02T09:41:38.645-0300] {dag.py:3047} INFO - Sync 1 DAGs
[2024-03-02T09:41:38.668-0300] {logging_mixin.py:188} INFO - [2024-03-02T09:41:38.668-0300] {dag.py:3834} INFO - Setting next_dagrun for example_short_circuit_decorator to 2024-03-01 00:00:00+00:00, run_after=2024-03-02 00:00:00+00:00
[2024-03-02T09:41:38.687-0300] {processor.py:183} INFO - Processing /home/victor/Área de Trabalho/airflow/venv/lib/python3.10/site-packages/airflow/example_dags/example_short_circuit_decorator.py took 0.084 seconds
[2024-03-02T09:42:09.491-0300] {processor.py:161} INFO - Started process (PID=13738) to work on /home/victor/Área de Trabalho/airflow/venv/lib/python3.10/site-packages/airflow/example_dags/example_short_circuit_decorator.py
[2024-03-02T09:42:09.492-0300] {processor.py:830} INFO - Processing file /home/victor/Área de Trabalho/airflow/venv/lib/python3.10/site-packages/airflow/example_dags/example_short_circuit_decorator.py for tasks to queue
[2024-03-02T09:42:09.493-0300] {logging_mixin.py:188} INFO - [2024-03-02T09:42:09.493-0300] {dagbag.py:540} INFO - Filling up the DagBag from /home/victor/Área de Trabalho/airflow/venv/lib/python3.10/site-packages/airflow/example_dags/example_short_circuit_decorator.py
[2024-03-02T09:42:09.504-0300] {processor.py:840} INFO - DAG(s) 'example_short_circuit_decorator' retrieved from /home/victor/Área de Trabalho/airflow/venv/lib/python3.10/site-packages/airflow/example_dags/example_short_circuit_decorator.py
[2024-03-02T09:42:09.540-0300] {logging_mixin.py:188} INFO - [2024-03-02T09:42:09.540-0300] {dag.py:3047} INFO - Sync 1 DAGs
[2024-03-02T09:42:09.564-0300] {logging_mixin.py:188} INFO - [2024-03-02T09:42:09.564-0300] {dag.py:3834} INFO - Setting next_dagrun for example_short_circuit_decorator to 2024-03-01 00:00:00+00:00, run_after=2024-03-02 00:00:00+00:00
[2024-03-02T09:42:09.584-0300] {processor.py:183} INFO - Processing /home/victor/Área de Trabalho/airflow/venv/lib/python3.10/site-packages/airflow/example_dags/example_short_circuit_decorator.py took 0.096 seconds
[2024-03-02T09:42:40.284-0300] {processor.py:161} INFO - Started process (PID=14056) to work on /home/victor/Área de Trabalho/airflow/venv/lib/python3.10/site-packages/airflow/example_dags/example_short_circuit_decorator.py
[2024-03-02T09:42:40.285-0300] {processor.py:830} INFO - Processing file /home/victor/Área de Trabalho/airflow/venv/lib/python3.10/site-packages/airflow/example_dags/example_short_circuit_decorator.py for tasks to queue
[2024-03-02T09:42:40.286-0300] {logging_mixin.py:188} INFO - [2024-03-02T09:42:40.285-0300] {dagbag.py:540} INFO - Filling up the DagBag from /home/victor/Área de Trabalho/airflow/venv/lib/python3.10/site-packages/airflow/example_dags/example_short_circuit_decorator.py
[2024-03-02T09:42:40.295-0300] {processor.py:840} INFO - DAG(s) 'example_short_circuit_decorator' retrieved from /home/victor/Área de Trabalho/airflow/venv/lib/python3.10/site-packages/airflow/example_dags/example_short_circuit_decorator.py
[2024-03-02T09:42:40.325-0300] {logging_mixin.py:188} INFO - [2024-03-02T09:42:40.324-0300] {dag.py:3047} INFO - Sync 1 DAGs
[2024-03-02T09:42:40.349-0300] {logging_mixin.py:188} INFO - [2024-03-02T09:42:40.349-0300] {dag.py:3834} INFO - Setting next_dagrun for example_short_circuit_decorator to 2024-03-01 00:00:00+00:00, run_after=2024-03-02 00:00:00+00:00
[2024-03-02T09:42:40.371-0300] {processor.py:183} INFO - Processing /home/victor/Área de Trabalho/airflow/venv/lib/python3.10/site-packages/airflow/example_dags/example_short_circuit_decorator.py took 0.090 seconds
[2024-03-02T09:43:11.421-0300] {processor.py:161} INFO - Started process (PID=14536) to work on /home/victor/Área de Trabalho/airflow/venv/lib/python3.10/site-packages/airflow/example_dags/example_short_circuit_decorator.py
[2024-03-02T09:43:11.422-0300] {processor.py:830} INFO - Processing file /home/victor/Área de Trabalho/airflow/venv/lib/python3.10/site-packages/airflow/example_dags/example_short_circuit_decorator.py for tasks to queue
[2024-03-02T09:43:11.422-0300] {logging_mixin.py:188} INFO - [2024-03-02T09:43:11.422-0300] {dagbag.py:540} INFO - Filling up the DagBag from /home/victor/Área de Trabalho/airflow/venv/lib/python3.10/site-packages/airflow/example_dags/example_short_circuit_decorator.py
[2024-03-02T09:43:11.435-0300] {processor.py:840} INFO - DAG(s) 'example_short_circuit_decorator' retrieved from /home/victor/Área de Trabalho/airflow/venv/lib/python3.10/site-packages/airflow/example_dags/example_short_circuit_decorator.py
[2024-03-02T09:43:11.470-0300] {logging_mixin.py:188} INFO - [2024-03-02T09:43:11.469-0300] {dag.py:3047} INFO - Sync 1 DAGs
[2024-03-02T09:43:11.497-0300] {logging_mixin.py:188} INFO - [2024-03-02T09:43:11.496-0300] {dag.py:3834} INFO - Setting next_dagrun for example_short_circuit_decorator to 2024-03-01 00:00:00+00:00, run_after=2024-03-02 00:00:00+00:00
[2024-03-02T09:43:11.524-0300] {processor.py:183} INFO - Processing /home/victor/Área de Trabalho/airflow/venv/lib/python3.10/site-packages/airflow/example_dags/example_short_circuit_decorator.py took 0.106 seconds
[2024-03-02T09:43:42.223-0300] {processor.py:161} INFO - Started process (PID=14858) to work on /home/victor/Área de Trabalho/airflow/venv/lib/python3.10/site-packages/airflow/example_dags/example_short_circuit_decorator.py
[2024-03-02T09:43:42.223-0300] {processor.py:830} INFO - Processing file /home/victor/Área de Trabalho/airflow/venv/lib/python3.10/site-packages/airflow/example_dags/example_short_circuit_decorator.py for tasks to queue
[2024-03-02T09:43:42.224-0300] {logging_mixin.py:188} INFO - [2024-03-02T09:43:42.224-0300] {dagbag.py:540} INFO - Filling up the DagBag from /home/victor/Área de Trabalho/airflow/venv/lib/python3.10/site-packages/airflow/example_dags/example_short_circuit_decorator.py
[2024-03-02T09:43:42.236-0300] {processor.py:840} INFO - DAG(s) 'example_short_circuit_decorator' retrieved from /home/victor/Área de Trabalho/airflow/venv/lib/python3.10/site-packages/airflow/example_dags/example_short_circuit_decorator.py
[2024-03-02T09:43:42.265-0300] {logging_mixin.py:188} INFO - [2024-03-02T09:43:42.264-0300] {dag.py:3047} INFO - Sync 1 DAGs
[2024-03-02T09:43:42.285-0300] {logging_mixin.py:188} INFO - [2024-03-02T09:43:42.285-0300] {dag.py:3834} INFO - Setting next_dagrun for example_short_circuit_decorator to 2024-03-01 00:00:00+00:00, run_after=2024-03-02 00:00:00+00:00
[2024-03-02T09:43:42.304-0300] {processor.py:183} INFO - Processing /home/victor/Área de Trabalho/airflow/venv/lib/python3.10/site-packages/airflow/example_dags/example_short_circuit_decorator.py took 0.085 seconds
[2024-03-02T09:44:13.732-0300] {processor.py:161} INFO - Started process (PID=15347) to work on /home/victor/Área de Trabalho/airflow/venv/lib/python3.10/site-packages/airflow/example_dags/example_short_circuit_decorator.py
[2024-03-02T09:44:13.734-0300] {processor.py:830} INFO - Processing file /home/victor/Área de Trabalho/airflow/venv/lib/python3.10/site-packages/airflow/example_dags/example_short_circuit_decorator.py for tasks to queue
[2024-03-02T09:44:13.735-0300] {logging_mixin.py:188} INFO - [2024-03-02T09:44:13.735-0300] {dagbag.py:540} INFO - Filling up the DagBag from /home/victor/Área de Trabalho/airflow/venv/lib/python3.10/site-packages/airflow/example_dags/example_short_circuit_decorator.py
[2024-03-02T09:44:13.744-0300] {processor.py:840} INFO - DAG(s) 'example_short_circuit_decorator' retrieved from /home/victor/Área de Trabalho/airflow/venv/lib/python3.10/site-packages/airflow/example_dags/example_short_circuit_decorator.py
[2024-03-02T09:44:13.782-0300] {logging_mixin.py:188} INFO - [2024-03-02T09:44:13.782-0300] {dag.py:3047} INFO - Sync 1 DAGs
[2024-03-02T09:44:13.807-0300] {logging_mixin.py:188} INFO - [2024-03-02T09:44:13.806-0300] {dag.py:3834} INFO - Setting next_dagrun for example_short_circuit_decorator to 2024-03-01 00:00:00+00:00, run_after=2024-03-02 00:00:00+00:00
[2024-03-02T09:44:13.828-0300] {processor.py:183} INFO - Processing /home/victor/Área de Trabalho/airflow/venv/lib/python3.10/site-packages/airflow/example_dags/example_short_circuit_decorator.py took 0.099 seconds
[2024-03-02T09:44:44.393-0300] {processor.py:161} INFO - Started process (PID=15662) to work on /home/victor/Área de Trabalho/airflow/venv/lib/python3.10/site-packages/airflow/example_dags/example_short_circuit_decorator.py
[2024-03-02T09:44:44.394-0300] {processor.py:830} INFO - Processing file /home/victor/Área de Trabalho/airflow/venv/lib/python3.10/site-packages/airflow/example_dags/example_short_circuit_decorator.py for tasks to queue
[2024-03-02T09:44:44.395-0300] {logging_mixin.py:188} INFO - [2024-03-02T09:44:44.395-0300] {dagbag.py:540} INFO - Filling up the DagBag from /home/victor/Área de Trabalho/airflow/venv/lib/python3.10/site-packages/airflow/example_dags/example_short_circuit_decorator.py
[2024-03-02T09:44:44.410-0300] {processor.py:840} INFO - DAG(s) 'example_short_circuit_decorator' retrieved from /home/victor/Área de Trabalho/airflow/venv/lib/python3.10/site-packages/airflow/example_dags/example_short_circuit_decorator.py
[2024-03-02T09:44:44.444-0300] {logging_mixin.py:188} INFO - [2024-03-02T09:44:44.443-0300] {dag.py:3047} INFO - Sync 1 DAGs
[2024-03-02T09:44:44.470-0300] {logging_mixin.py:188} INFO - [2024-03-02T09:44:44.469-0300] {dag.py:3834} INFO - Setting next_dagrun for example_short_circuit_decorator to 2024-03-01 00:00:00+00:00, run_after=2024-03-02 00:00:00+00:00
[2024-03-02T09:44:44.495-0300] {processor.py:183} INFO - Processing /home/victor/Área de Trabalho/airflow/venv/lib/python3.10/site-packages/airflow/example_dags/example_short_circuit_decorator.py took 0.105 seconds
[2024-03-02T09:45:15.192-0300] {processor.py:161} INFO - Started process (PID=16155) to work on /home/victor/Área de Trabalho/airflow/venv/lib/python3.10/site-packages/airflow/example_dags/example_short_circuit_decorator.py
[2024-03-02T09:45:15.193-0300] {processor.py:830} INFO - Processing file /home/victor/Área de Trabalho/airflow/venv/lib/python3.10/site-packages/airflow/example_dags/example_short_circuit_decorator.py for tasks to queue
[2024-03-02T09:45:15.194-0300] {logging_mixin.py:188} INFO - [2024-03-02T09:45:15.194-0300] {dagbag.py:540} INFO - Filling up the DagBag from /home/victor/Área de Trabalho/airflow/venv/lib/python3.10/site-packages/airflow/example_dags/example_short_circuit_decorator.py
[2024-03-02T09:45:15.206-0300] {processor.py:840} INFO - DAG(s) 'example_short_circuit_decorator' retrieved from /home/victor/Área de Trabalho/airflow/venv/lib/python3.10/site-packages/airflow/example_dags/example_short_circuit_decorator.py
[2024-03-02T09:45:15.239-0300] {logging_mixin.py:188} INFO - [2024-03-02T09:45:15.238-0300] {dag.py:3047} INFO - Sync 1 DAGs
[2024-03-02T09:45:15.268-0300] {logging_mixin.py:188} INFO - [2024-03-02T09:45:15.268-0300] {dag.py:3834} INFO - Setting next_dagrun for example_short_circuit_decorator to 2024-03-01 00:00:00+00:00, run_after=2024-03-02 00:00:00+00:00
[2024-03-02T09:45:15.301-0300] {processor.py:183} INFO - Processing /home/victor/Área de Trabalho/airflow/venv/lib/python3.10/site-packages/airflow/example_dags/example_short_circuit_decorator.py took 0.113 seconds
[2024-03-02T09:45:46.264-0300] {processor.py:161} INFO - Started process (PID=16662) to work on /home/victor/Área de Trabalho/airflow/venv/lib/python3.10/site-packages/airflow/example_dags/example_short_circuit_decorator.py
[2024-03-02T09:45:46.265-0300] {processor.py:830} INFO - Processing file /home/victor/Área de Trabalho/airflow/venv/lib/python3.10/site-packages/airflow/example_dags/example_short_circuit_decorator.py for tasks to queue
[2024-03-02T09:45:46.265-0300] {logging_mixin.py:188} INFO - [2024-03-02T09:45:46.265-0300] {dagbag.py:540} INFO - Filling up the DagBag from /home/victor/Área de Trabalho/airflow/venv/lib/python3.10/site-packages/airflow/example_dags/example_short_circuit_decorator.py
[2024-03-02T09:45:46.274-0300] {processor.py:840} INFO - DAG(s) 'example_short_circuit_decorator' retrieved from /home/victor/Área de Trabalho/airflow/venv/lib/python3.10/site-packages/airflow/example_dags/example_short_circuit_decorator.py
[2024-03-02T09:45:46.311-0300] {logging_mixin.py:188} INFO - [2024-03-02T09:45:46.311-0300] {dag.py:3047} INFO - Sync 1 DAGs
[2024-03-02T09:45:46.332-0300] {logging_mixin.py:188} INFO - [2024-03-02T09:45:46.332-0300] {dag.py:3834} INFO - Setting next_dagrun for example_short_circuit_decorator to 2024-03-01 00:00:00+00:00, run_after=2024-03-02 00:00:00+00:00
[2024-03-02T09:45:46.354-0300] {processor.py:183} INFO - Processing /home/victor/Área de Trabalho/airflow/venv/lib/python3.10/site-packages/airflow/example_dags/example_short_circuit_decorator.py took 0.093 seconds
[2024-03-02T09:46:17.843-0300] {processor.py:161} INFO - Started process (PID=17152) to work on /home/victor/Área de Trabalho/airflow/venv/lib/python3.10/site-packages/airflow/example_dags/example_short_circuit_decorator.py
[2024-03-02T09:46:17.844-0300] {processor.py:830} INFO - Processing file /home/victor/Área de Trabalho/airflow/venv/lib/python3.10/site-packages/airflow/example_dags/example_short_circuit_decorator.py for tasks to queue
[2024-03-02T09:46:17.845-0300] {logging_mixin.py:188} INFO - [2024-03-02T09:46:17.844-0300] {dagbag.py:540} INFO - Filling up the DagBag from /home/victor/Área de Trabalho/airflow/venv/lib/python3.10/site-packages/airflow/example_dags/example_short_circuit_decorator.py
[2024-03-02T09:46:17.853-0300] {processor.py:840} INFO - DAG(s) 'example_short_circuit_decorator' retrieved from /home/victor/Área de Trabalho/airflow/venv/lib/python3.10/site-packages/airflow/example_dags/example_short_circuit_decorator.py
[2024-03-02T09:46:17.883-0300] {logging_mixin.py:188} INFO - [2024-03-02T09:46:17.883-0300] {dag.py:3047} INFO - Sync 1 DAGs
[2024-03-02T09:46:17.910-0300] {logging_mixin.py:188} INFO - [2024-03-02T09:46:17.910-0300] {dag.py:3834} INFO - Setting next_dagrun for example_short_circuit_decorator to 2024-03-01 00:00:00+00:00, run_after=2024-03-02 00:00:00+00:00
[2024-03-02T09:46:17.931-0300] {processor.py:183} INFO - Processing /home/victor/Área de Trabalho/airflow/venv/lib/python3.10/site-packages/airflow/example_dags/example_short_circuit_decorator.py took 0.092 seconds
[2024-03-02T09:46:48.610-0300] {processor.py:161} INFO - Started process (PID=17481) to work on /home/victor/Área de Trabalho/airflow/venv/lib/python3.10/site-packages/airflow/example_dags/example_short_circuit_decorator.py
[2024-03-02T09:46:48.612-0300] {processor.py:830} INFO - Processing file /home/victor/Área de Trabalho/airflow/venv/lib/python3.10/site-packages/airflow/example_dags/example_short_circuit_decorator.py for tasks to queue
[2024-03-02T09:46:48.613-0300] {logging_mixin.py:188} INFO - [2024-03-02T09:46:48.613-0300] {dagbag.py:540} INFO - Filling up the DagBag from /home/victor/Área de Trabalho/airflow/venv/lib/python3.10/site-packages/airflow/example_dags/example_short_circuit_decorator.py
[2024-03-02T09:46:48.622-0300] {processor.py:840} INFO - DAG(s) 'example_short_circuit_decorator' retrieved from /home/victor/Área de Trabalho/airflow/venv/lib/python3.10/site-packages/airflow/example_dags/example_short_circuit_decorator.py
[2024-03-02T09:46:48.652-0300] {logging_mixin.py:188} INFO - [2024-03-02T09:46:48.652-0300] {dag.py:3047} INFO - Sync 1 DAGs
[2024-03-02T09:46:48.672-0300] {logging_mixin.py:188} INFO - [2024-03-02T09:46:48.672-0300] {dag.py:3834} INFO - Setting next_dagrun for example_short_circuit_decorator to 2024-03-01 00:00:00+00:00, run_after=2024-03-02 00:00:00+00:00
[2024-03-02T09:46:48.693-0300] {processor.py:183} INFO - Processing /home/victor/Área de Trabalho/airflow/venv/lib/python3.10/site-packages/airflow/example_dags/example_short_circuit_decorator.py took 0.086 seconds
[2024-03-02T09:47:19.508-0300] {processor.py:161} INFO - Started process (PID=18128) to work on /home/victor/Área de Trabalho/airflow/venv/lib/python3.10/site-packages/airflow/example_dags/example_short_circuit_decorator.py
[2024-03-02T09:47:19.510-0300] {processor.py:830} INFO - Processing file /home/victor/Área de Trabalho/airflow/venv/lib/python3.10/site-packages/airflow/example_dags/example_short_circuit_decorator.py for tasks to queue
[2024-03-02T09:47:19.510-0300] {logging_mixin.py:188} INFO - [2024-03-02T09:47:19.510-0300] {dagbag.py:540} INFO - Filling up the DagBag from /home/victor/Área de Trabalho/airflow/venv/lib/python3.10/site-packages/airflow/example_dags/example_short_circuit_decorator.py
[2024-03-02T09:47:19.519-0300] {processor.py:840} INFO - DAG(s) 'example_short_circuit_decorator' retrieved from /home/victor/Área de Trabalho/airflow/venv/lib/python3.10/site-packages/airflow/example_dags/example_short_circuit_decorator.py
[2024-03-02T09:47:19.560-0300] {logging_mixin.py:188} INFO - [2024-03-02T09:47:19.559-0300] {dag.py:3047} INFO - Sync 1 DAGs
[2024-03-02T09:47:19.582-0300] {logging_mixin.py:188} INFO - [2024-03-02T09:47:19.582-0300] {dag.py:3834} INFO - Setting next_dagrun for example_short_circuit_decorator to 2024-03-01 00:00:00+00:00, run_after=2024-03-02 00:00:00+00:00
[2024-03-02T09:47:19.602-0300] {processor.py:183} INFO - Processing /home/victor/Área de Trabalho/airflow/venv/lib/python3.10/site-packages/airflow/example_dags/example_short_circuit_decorator.py took 0.097 seconds
[2024-03-02T09:47:50.147-0300] {processor.py:161} INFO - Started process (PID=18453) to work on /home/victor/Área de Trabalho/airflow/venv/lib/python3.10/site-packages/airflow/example_dags/example_short_circuit_decorator.py
[2024-03-02T09:47:50.148-0300] {processor.py:830} INFO - Processing file /home/victor/Área de Trabalho/airflow/venv/lib/python3.10/site-packages/airflow/example_dags/example_short_circuit_decorator.py for tasks to queue
[2024-03-02T09:47:50.149-0300] {logging_mixin.py:188} INFO - [2024-03-02T09:47:50.148-0300] {dagbag.py:540} INFO - Filling up the DagBag from /home/victor/Área de Trabalho/airflow/venv/lib/python3.10/site-packages/airflow/example_dags/example_short_circuit_decorator.py
[2024-03-02T09:47:50.158-0300] {processor.py:840} INFO - DAG(s) 'example_short_circuit_decorator' retrieved from /home/victor/Área de Trabalho/airflow/venv/lib/python3.10/site-packages/airflow/example_dags/example_short_circuit_decorator.py
[2024-03-02T09:47:50.187-0300] {logging_mixin.py:188} INFO - [2024-03-02T09:47:50.186-0300] {dag.py:3047} INFO - Sync 1 DAGs
[2024-03-02T09:47:50.210-0300] {logging_mixin.py:188} INFO - [2024-03-02T09:47:50.209-0300] {dag.py:3834} INFO - Setting next_dagrun for example_short_circuit_decorator to 2024-03-01 00:00:00+00:00, run_after=2024-03-02 00:00:00+00:00
[2024-03-02T09:47:50.231-0300] {processor.py:183} INFO - Processing /home/victor/Área de Trabalho/airflow/venv/lib/python3.10/site-packages/airflow/example_dags/example_short_circuit_decorator.py took 0.088 seconds
[2024-03-02T09:48:20.750-0300] {processor.py:161} INFO - Started process (PID=18933) to work on /home/victor/Área de Trabalho/airflow/venv/lib/python3.10/site-packages/airflow/example_dags/example_short_circuit_decorator.py
[2024-03-02T09:48:20.751-0300] {processor.py:830} INFO - Processing file /home/victor/Área de Trabalho/airflow/venv/lib/python3.10/site-packages/airflow/example_dags/example_short_circuit_decorator.py for tasks to queue
[2024-03-02T09:48:20.752-0300] {logging_mixin.py:188} INFO - [2024-03-02T09:48:20.752-0300] {dagbag.py:540} INFO - Filling up the DagBag from /home/victor/Área de Trabalho/airflow/venv/lib/python3.10/site-packages/airflow/example_dags/example_short_circuit_decorator.py
[2024-03-02T09:48:20.760-0300] {processor.py:840} INFO - DAG(s) 'example_short_circuit_decorator' retrieved from /home/victor/Área de Trabalho/airflow/venv/lib/python3.10/site-packages/airflow/example_dags/example_short_circuit_decorator.py
[2024-03-02T09:48:20.789-0300] {logging_mixin.py:188} INFO - [2024-03-02T09:48:20.789-0300] {dag.py:3047} INFO - Sync 1 DAGs
[2024-03-02T09:48:20.812-0300] {logging_mixin.py:188} INFO - [2024-03-02T09:48:20.812-0300] {dag.py:3834} INFO - Setting next_dagrun for example_short_circuit_decorator to 2024-03-01 00:00:00+00:00, run_after=2024-03-02 00:00:00+00:00
[2024-03-02T09:48:20.833-0300] {processor.py:183} INFO - Processing /home/victor/Área de Trabalho/airflow/venv/lib/python3.10/site-packages/airflow/example_dags/example_short_circuit_decorator.py took 0.085 seconds
[2024-03-02T09:48:51.520-0300] {processor.py:161} INFO - Started process (PID=19276) to work on /home/victor/Área de Trabalho/airflow/venv/lib/python3.10/site-packages/airflow/example_dags/example_short_circuit_decorator.py
[2024-03-02T09:48:51.521-0300] {processor.py:830} INFO - Processing file /home/victor/Área de Trabalho/airflow/venv/lib/python3.10/site-packages/airflow/example_dags/example_short_circuit_decorator.py for tasks to queue
[2024-03-02T09:48:51.522-0300] {logging_mixin.py:188} INFO - [2024-03-02T09:48:51.522-0300] {dagbag.py:540} INFO - Filling up the DagBag from /home/victor/Área de Trabalho/airflow/venv/lib/python3.10/site-packages/airflow/example_dags/example_short_circuit_decorator.py
[2024-03-02T09:48:51.531-0300] {processor.py:840} INFO - DAG(s) 'example_short_circuit_decorator' retrieved from /home/victor/Área de Trabalho/airflow/venv/lib/python3.10/site-packages/airflow/example_dags/example_short_circuit_decorator.py
[2024-03-02T09:48:51.561-0300] {logging_mixin.py:188} INFO - [2024-03-02T09:48:51.561-0300] {dag.py:3047} INFO - Sync 1 DAGs
[2024-03-02T09:48:51.583-0300] {logging_mixin.py:188} INFO - [2024-03-02T09:48:51.583-0300] {dag.py:3834} INFO - Setting next_dagrun for example_short_circuit_decorator to 2024-03-01 00:00:00+00:00, run_after=2024-03-02 00:00:00+00:00
[2024-03-02T09:48:51.602-0300] {processor.py:183} INFO - Processing /home/victor/Área de Trabalho/airflow/venv/lib/python3.10/site-packages/airflow/example_dags/example_short_circuit_decorator.py took 0.086 seconds
[2024-03-02T09:49:22.284-0300] {processor.py:161} INFO - Started process (PID=19759) to work on /home/victor/Área de Trabalho/airflow/venv/lib/python3.10/site-packages/airflow/example_dags/example_short_circuit_decorator.py
[2024-03-02T09:49:22.285-0300] {processor.py:830} INFO - Processing file /home/victor/Área de Trabalho/airflow/venv/lib/python3.10/site-packages/airflow/example_dags/example_short_circuit_decorator.py for tasks to queue
[2024-03-02T09:49:22.286-0300] {logging_mixin.py:188} INFO - [2024-03-02T09:49:22.285-0300] {dagbag.py:540} INFO - Filling up the DagBag from /home/victor/Área de Trabalho/airflow/venv/lib/python3.10/site-packages/airflow/example_dags/example_short_circuit_decorator.py
[2024-03-02T09:49:22.297-0300] {processor.py:840} INFO - DAG(s) 'example_short_circuit_decorator' retrieved from /home/victor/Área de Trabalho/airflow/venv/lib/python3.10/site-packages/airflow/example_dags/example_short_circuit_decorator.py
[2024-03-02T09:49:22.327-0300] {logging_mixin.py:188} INFO - [2024-03-02T09:49:22.326-0300] {dag.py:3047} INFO - Sync 1 DAGs
[2024-03-02T09:49:22.349-0300] {logging_mixin.py:188} INFO - [2024-03-02T09:49:22.348-0300] {dag.py:3834} INFO - Setting next_dagrun for example_short_circuit_decorator to 2024-03-01 00:00:00+00:00, run_after=2024-03-02 00:00:00+00:00
[2024-03-02T09:49:22.373-0300] {processor.py:183} INFO - Processing /home/victor/Área de Trabalho/airflow/venv/lib/python3.10/site-packages/airflow/example_dags/example_short_circuit_decorator.py took 0.092 seconds
[2024-03-02T09:49:53.007-0300] {processor.py:161} INFO - Started process (PID=20080) to work on /home/victor/Área de Trabalho/airflow/venv/lib/python3.10/site-packages/airflow/example_dags/example_short_circuit_decorator.py
[2024-03-02T09:49:53.008-0300] {processor.py:830} INFO - Processing file /home/victor/Área de Trabalho/airflow/venv/lib/python3.10/site-packages/airflow/example_dags/example_short_circuit_decorator.py for tasks to queue
[2024-03-02T09:49:53.009-0300] {logging_mixin.py:188} INFO - [2024-03-02T09:49:53.008-0300] {dagbag.py:540} INFO - Filling up the DagBag from /home/victor/Área de Trabalho/airflow/venv/lib/python3.10/site-packages/airflow/example_dags/example_short_circuit_decorator.py
[2024-03-02T09:49:53.019-0300] {processor.py:840} INFO - DAG(s) 'example_short_circuit_decorator' retrieved from /home/victor/Área de Trabalho/airflow/venv/lib/python3.10/site-packages/airflow/example_dags/example_short_circuit_decorator.py
[2024-03-02T09:49:53.052-0300] {logging_mixin.py:188} INFO - [2024-03-02T09:49:53.051-0300] {dag.py:3047} INFO - Sync 1 DAGs
[2024-03-02T09:49:53.076-0300] {logging_mixin.py:188} INFO - [2024-03-02T09:49:53.076-0300] {dag.py:3834} INFO - Setting next_dagrun for example_short_circuit_decorator to 2024-03-01 00:00:00+00:00, run_after=2024-03-02 00:00:00+00:00
[2024-03-02T09:49:53.097-0300] {processor.py:183} INFO - Processing /home/victor/Área de Trabalho/airflow/venv/lib/python3.10/site-packages/airflow/example_dags/example_short_circuit_decorator.py took 0.094 seconds
[2024-03-02T09:50:23.649-0300] {processor.py:161} INFO - Started process (PID=20562) to work on /home/victor/Área de Trabalho/airflow/venv/lib/python3.10/site-packages/airflow/example_dags/example_short_circuit_decorator.py
[2024-03-02T09:50:23.650-0300] {processor.py:830} INFO - Processing file /home/victor/Área de Trabalho/airflow/venv/lib/python3.10/site-packages/airflow/example_dags/example_short_circuit_decorator.py for tasks to queue
[2024-03-02T09:50:23.651-0300] {logging_mixin.py:188} INFO - [2024-03-02T09:50:23.651-0300] {dagbag.py:540} INFO - Filling up the DagBag from /home/victor/Área de Trabalho/airflow/venv/lib/python3.10/site-packages/airflow/example_dags/example_short_circuit_decorator.py
[2024-03-02T09:50:23.666-0300] {processor.py:840} INFO - DAG(s) 'example_short_circuit_decorator' retrieved from /home/victor/Área de Trabalho/airflow/venv/lib/python3.10/site-packages/airflow/example_dags/example_short_circuit_decorator.py
[2024-03-02T09:50:23.702-0300] {logging_mixin.py:188} INFO - [2024-03-02T09:50:23.701-0300] {dag.py:3047} INFO - Sync 1 DAGs
[2024-03-02T09:50:23.727-0300] {logging_mixin.py:188} INFO - [2024-03-02T09:50:23.727-0300] {dag.py:3834} INFO - Setting next_dagrun for example_short_circuit_decorator to 2024-03-01 00:00:00+00:00, run_after=2024-03-02 00:00:00+00:00
[2024-03-02T09:50:23.754-0300] {processor.py:183} INFO - Processing /home/victor/Área de Trabalho/airflow/venv/lib/python3.10/site-packages/airflow/example_dags/example_short_circuit_decorator.py took 0.108 seconds
[2024-03-02T09:50:55.108-0300] {processor.py:161} INFO - Started process (PID=20919) to work on /home/victor/Área de Trabalho/airflow/venv/lib/python3.10/site-packages/airflow/example_dags/example_short_circuit_decorator.py
[2024-03-02T09:50:55.109-0300] {processor.py:830} INFO - Processing file /home/victor/Área de Trabalho/airflow/venv/lib/python3.10/site-packages/airflow/example_dags/example_short_circuit_decorator.py for tasks to queue
[2024-03-02T09:50:55.110-0300] {logging_mixin.py:188} INFO - [2024-03-02T09:50:55.109-0300] {dagbag.py:540} INFO - Filling up the DagBag from /home/victor/Área de Trabalho/airflow/venv/lib/python3.10/site-packages/airflow/example_dags/example_short_circuit_decorator.py
[2024-03-02T09:50:55.121-0300] {processor.py:840} INFO - DAG(s) 'example_short_circuit_decorator' retrieved from /home/victor/Área de Trabalho/airflow/venv/lib/python3.10/site-packages/airflow/example_dags/example_short_circuit_decorator.py
[2024-03-02T09:50:55.152-0300] {logging_mixin.py:188} INFO - [2024-03-02T09:50:55.151-0300] {dag.py:3047} INFO - Sync 1 DAGs
[2024-03-02T09:50:55.174-0300] {logging_mixin.py:188} INFO - [2024-03-02T09:50:55.174-0300] {dag.py:3834} INFO - Setting next_dagrun for example_short_circuit_decorator to 2024-03-01 00:00:00+00:00, run_after=2024-03-02 00:00:00+00:00
[2024-03-02T09:50:55.197-0300] {processor.py:183} INFO - Processing /home/victor/Área de Trabalho/airflow/venv/lib/python3.10/site-packages/airflow/example_dags/example_short_circuit_decorator.py took 0.092 seconds
[2024-03-02T09:51:25.817-0300] {processor.py:161} INFO - Started process (PID=21400) to work on /home/victor/Área de Trabalho/airflow/venv/lib/python3.10/site-packages/airflow/example_dags/example_short_circuit_decorator.py
[2024-03-02T09:51:25.817-0300] {processor.py:830} INFO - Processing file /home/victor/Área de Trabalho/airflow/venv/lib/python3.10/site-packages/airflow/example_dags/example_short_circuit_decorator.py for tasks to queue
[2024-03-02T09:51:25.818-0300] {logging_mixin.py:188} INFO - [2024-03-02T09:51:25.818-0300] {dagbag.py:540} INFO - Filling up the DagBag from /home/victor/Área de Trabalho/airflow/venv/lib/python3.10/site-packages/airflow/example_dags/example_short_circuit_decorator.py
[2024-03-02T09:51:25.827-0300] {processor.py:840} INFO - DAG(s) 'example_short_circuit_decorator' retrieved from /home/victor/Área de Trabalho/airflow/venv/lib/python3.10/site-packages/airflow/example_dags/example_short_circuit_decorator.py
[2024-03-02T09:51:25.858-0300] {logging_mixin.py:188} INFO - [2024-03-02T09:51:25.857-0300] {dag.py:3047} INFO - Sync 1 DAGs
[2024-03-02T09:51:25.877-0300] {logging_mixin.py:188} INFO - [2024-03-02T09:51:25.877-0300] {dag.py:3834} INFO - Setting next_dagrun for example_short_circuit_decorator to 2024-03-01 00:00:00+00:00, run_after=2024-03-02 00:00:00+00:00
[2024-03-02T09:51:25.899-0300] {processor.py:183} INFO - Processing /home/victor/Área de Trabalho/airflow/venv/lib/python3.10/site-packages/airflow/example_dags/example_short_circuit_decorator.py took 0.086 seconds
[2024-03-02T09:51:56.545-0300] {processor.py:161} INFO - Started process (PID=21721) to work on /home/victor/Área de Trabalho/airflow/venv/lib/python3.10/site-packages/airflow/example_dags/example_short_circuit_decorator.py
[2024-03-02T09:51:56.546-0300] {processor.py:830} INFO - Processing file /home/victor/Área de Trabalho/airflow/venv/lib/python3.10/site-packages/airflow/example_dags/example_short_circuit_decorator.py for tasks to queue
[2024-03-02T09:51:56.546-0300] {logging_mixin.py:188} INFO - [2024-03-02T09:51:56.546-0300] {dagbag.py:540} INFO - Filling up the DagBag from /home/victor/Área de Trabalho/airflow/venv/lib/python3.10/site-packages/airflow/example_dags/example_short_circuit_decorator.py
[2024-03-02T09:51:56.555-0300] {processor.py:840} INFO - DAG(s) 'example_short_circuit_decorator' retrieved from /home/victor/Área de Trabalho/airflow/venv/lib/python3.10/site-packages/airflow/example_dags/example_short_circuit_decorator.py
[2024-03-02T09:51:56.587-0300] {logging_mixin.py:188} INFO - [2024-03-02T09:51:56.586-0300] {dag.py:3047} INFO - Sync 1 DAGs
[2024-03-02T09:51:56.609-0300] {logging_mixin.py:188} INFO - [2024-03-02T09:51:56.609-0300] {dag.py:3834} INFO - Setting next_dagrun for example_short_circuit_decorator to 2024-03-01 00:00:00+00:00, run_after=2024-03-02 00:00:00+00:00
[2024-03-02T09:51:56.630-0300] {processor.py:183} INFO - Processing /home/victor/Área de Trabalho/airflow/venv/lib/python3.10/site-packages/airflow/example_dags/example_short_circuit_decorator.py took 0.088 seconds
[2024-03-02T09:52:27.063-0300] {processor.py:161} INFO - Started process (PID=22364) to work on /home/victor/Área de Trabalho/airflow/venv/lib/python3.10/site-packages/airflow/example_dags/example_short_circuit_decorator.py
[2024-03-02T09:52:27.063-0300] {processor.py:830} INFO - Processing file /home/victor/Área de Trabalho/airflow/venv/lib/python3.10/site-packages/airflow/example_dags/example_short_circuit_decorator.py for tasks to queue
[2024-03-02T09:52:27.064-0300] {logging_mixin.py:188} INFO - [2024-03-02T09:52:27.064-0300] {dagbag.py:540} INFO - Filling up the DagBag from /home/victor/Área de Trabalho/airflow/venv/lib/python3.10/site-packages/airflow/example_dags/example_short_circuit_decorator.py
[2024-03-02T09:52:27.072-0300] {processor.py:840} INFO - DAG(s) 'example_short_circuit_decorator' retrieved from /home/victor/Área de Trabalho/airflow/venv/lib/python3.10/site-packages/airflow/example_dags/example_short_circuit_decorator.py
[2024-03-02T09:52:27.102-0300] {logging_mixin.py:188} INFO - [2024-03-02T09:52:27.102-0300] {dag.py:3047} INFO - Sync 1 DAGs
[2024-03-02T09:52:27.122-0300] {logging_mixin.py:188} INFO - [2024-03-02T09:52:27.122-0300] {dag.py:3834} INFO - Setting next_dagrun for example_short_circuit_decorator to 2024-03-01 00:00:00+00:00, run_after=2024-03-02 00:00:00+00:00
[2024-03-02T09:52:27.143-0300] {processor.py:183} INFO - Processing /home/victor/Área de Trabalho/airflow/venv/lib/python3.10/site-packages/airflow/example_dags/example_short_circuit_decorator.py took 0.084 seconds
[2024-03-02T09:52:57.714-0300] {processor.py:161} INFO - Started process (PID=22689) to work on /home/victor/Área de Trabalho/airflow/venv/lib/python3.10/site-packages/airflow/example_dags/example_short_circuit_decorator.py
[2024-03-02T09:52:57.716-0300] {processor.py:830} INFO - Processing file /home/victor/Área de Trabalho/airflow/venv/lib/python3.10/site-packages/airflow/example_dags/example_short_circuit_decorator.py for tasks to queue
[2024-03-02T09:52:57.716-0300] {logging_mixin.py:188} INFO - [2024-03-02T09:52:57.716-0300] {dagbag.py:540} INFO - Filling up the DagBag from /home/victor/Área de Trabalho/airflow/venv/lib/python3.10/site-packages/airflow/example_dags/example_short_circuit_decorator.py
[2024-03-02T09:52:57.725-0300] {processor.py:840} INFO - DAG(s) 'example_short_circuit_decorator' retrieved from /home/victor/Área de Trabalho/airflow/venv/lib/python3.10/site-packages/airflow/example_dags/example_short_circuit_decorator.py
[2024-03-02T09:52:57.755-0300] {logging_mixin.py:188} INFO - [2024-03-02T09:52:57.755-0300] {dag.py:3047} INFO - Sync 1 DAGs
[2024-03-02T09:52:57.776-0300] {logging_mixin.py:188} INFO - [2024-03-02T09:52:57.776-0300] {dag.py:3834} INFO - Setting next_dagrun for example_short_circuit_decorator to 2024-03-01 00:00:00+00:00, run_after=2024-03-02 00:00:00+00:00
[2024-03-02T09:52:57.796-0300] {processor.py:183} INFO - Processing /home/victor/Área de Trabalho/airflow/venv/lib/python3.10/site-packages/airflow/example_dags/example_short_circuit_decorator.py took 0.085 seconds
[2024-03-02T09:53:28.321-0300] {processor.py:161} INFO - Started process (PID=23173) to work on /home/victor/Área de Trabalho/airflow/venv/lib/python3.10/site-packages/airflow/example_dags/example_short_circuit_decorator.py
[2024-03-02T09:53:28.322-0300] {processor.py:830} INFO - Processing file /home/victor/Área de Trabalho/airflow/venv/lib/python3.10/site-packages/airflow/example_dags/example_short_circuit_decorator.py for tasks to queue
[2024-03-02T09:53:28.322-0300] {logging_mixin.py:188} INFO - [2024-03-02T09:53:28.322-0300] {dagbag.py:540} INFO - Filling up the DagBag from /home/victor/Área de Trabalho/airflow/venv/lib/python3.10/site-packages/airflow/example_dags/example_short_circuit_decorator.py
[2024-03-02T09:53:28.331-0300] {processor.py:840} INFO - DAG(s) 'example_short_circuit_decorator' retrieved from /home/victor/Área de Trabalho/airflow/venv/lib/python3.10/site-packages/airflow/example_dags/example_short_circuit_decorator.py
[2024-03-02T09:53:28.359-0300] {logging_mixin.py:188} INFO - [2024-03-02T09:53:28.359-0300] {dag.py:3047} INFO - Sync 1 DAGs
[2024-03-02T09:53:28.382-0300] {logging_mixin.py:188} INFO - [2024-03-02T09:53:28.381-0300] {dag.py:3834} INFO - Setting next_dagrun for example_short_circuit_decorator to 2024-03-01 00:00:00+00:00, run_after=2024-03-02 00:00:00+00:00
[2024-03-02T09:53:28.402-0300] {processor.py:183} INFO - Processing /home/victor/Área de Trabalho/airflow/venv/lib/python3.10/site-packages/airflow/example_dags/example_short_circuit_decorator.py took 0.084 seconds
[2024-03-02T09:53:58.885-0300] {processor.py:161} INFO - Started process (PID=23556) to work on /home/victor/Área de Trabalho/airflow/venv/lib/python3.10/site-packages/airflow/example_dags/example_short_circuit_decorator.py
[2024-03-02T09:53:58.885-0300] {processor.py:830} INFO - Processing file /home/victor/Área de Trabalho/airflow/venv/lib/python3.10/site-packages/airflow/example_dags/example_short_circuit_decorator.py for tasks to queue
[2024-03-02T09:53:58.886-0300] {logging_mixin.py:188} INFO - [2024-03-02T09:53:58.886-0300] {dagbag.py:540} INFO - Filling up the DagBag from /home/victor/Área de Trabalho/airflow/venv/lib/python3.10/site-packages/airflow/example_dags/example_short_circuit_decorator.py
[2024-03-02T09:53:58.894-0300] {processor.py:840} INFO - DAG(s) 'example_short_circuit_decorator' retrieved from /home/victor/Área de Trabalho/airflow/venv/lib/python3.10/site-packages/airflow/example_dags/example_short_circuit_decorator.py
[2024-03-02T09:53:58.930-0300] {logging_mixin.py:188} INFO - [2024-03-02T09:53:58.929-0300] {dag.py:3047} INFO - Sync 1 DAGs
[2024-03-02T09:53:58.961-0300] {logging_mixin.py:188} INFO - [2024-03-02T09:53:58.961-0300] {dag.py:3834} INFO - Setting next_dagrun for example_short_circuit_decorator to 2024-03-01 00:00:00+00:00, run_after=2024-03-02 00:00:00+00:00
[2024-03-02T09:53:58.985-0300] {processor.py:183} INFO - Processing /home/victor/Área de Trabalho/airflow/venv/lib/python3.10/site-packages/airflow/example_dags/example_short_circuit_decorator.py took 0.103 seconds
[2024-03-02T09:54:29.962-0300] {processor.py:161} INFO - Started process (PID=24142) to work on /home/victor/Área de Trabalho/airflow/venv/lib/python3.10/site-packages/airflow/example_dags/example_short_circuit_decorator.py
[2024-03-02T09:54:29.963-0300] {processor.py:830} INFO - Processing file /home/victor/Área de Trabalho/airflow/venv/lib/python3.10/site-packages/airflow/example_dags/example_short_circuit_decorator.py for tasks to queue
[2024-03-02T09:54:29.964-0300] {logging_mixin.py:188} INFO - [2024-03-02T09:54:29.963-0300] {dagbag.py:540} INFO - Filling up the DagBag from /home/victor/Área de Trabalho/airflow/venv/lib/python3.10/site-packages/airflow/example_dags/example_short_circuit_decorator.py
[2024-03-02T09:54:29.978-0300] {processor.py:840} INFO - DAG(s) 'example_short_circuit_decorator' retrieved from /home/victor/Área de Trabalho/airflow/venv/lib/python3.10/site-packages/airflow/example_dags/example_short_circuit_decorator.py
[2024-03-02T09:54:30.017-0300] {logging_mixin.py:188} INFO - [2024-03-02T09:54:30.017-0300] {dag.py:3047} INFO - Sync 1 DAGs
[2024-03-02T09:54:30.040-0300] {logging_mixin.py:188} INFO - [2024-03-02T09:54:30.040-0300] {dag.py:3834} INFO - Setting next_dagrun for example_short_circuit_decorator to 2024-03-01 00:00:00+00:00, run_after=2024-03-02 00:00:00+00:00
[2024-03-02T09:54:30.062-0300] {processor.py:183} INFO - Processing /home/victor/Área de Trabalho/airflow/venv/lib/python3.10/site-packages/airflow/example_dags/example_short_circuit_decorator.py took 0.103 seconds
[2024-03-02T09:55:00.680-0300] {processor.py:161} INFO - Started process (PID=24698) to work on /home/victor/Área de Trabalho/airflow/venv/lib/python3.10/site-packages/airflow/example_dags/example_short_circuit_decorator.py
[2024-03-02T09:55:00.681-0300] {processor.py:830} INFO - Processing file /home/victor/Área de Trabalho/airflow/venv/lib/python3.10/site-packages/airflow/example_dags/example_short_circuit_decorator.py for tasks to queue
[2024-03-02T09:55:00.682-0300] {logging_mixin.py:188} INFO - [2024-03-02T09:55:00.682-0300] {dagbag.py:540} INFO - Filling up the DagBag from /home/victor/Área de Trabalho/airflow/venv/lib/python3.10/site-packages/airflow/example_dags/example_short_circuit_decorator.py
[2024-03-02T09:55:00.690-0300] {processor.py:840} INFO - DAG(s) 'example_short_circuit_decorator' retrieved from /home/victor/Área de Trabalho/airflow/venv/lib/python3.10/site-packages/airflow/example_dags/example_short_circuit_decorator.py
[2024-03-02T09:55:00.717-0300] {logging_mixin.py:188} INFO - [2024-03-02T09:55:00.717-0300] {dag.py:3047} INFO - Sync 1 DAGs
[2024-03-02T09:55:00.736-0300] {logging_mixin.py:188} INFO - [2024-03-02T09:55:00.736-0300] {dag.py:3834} INFO - Setting next_dagrun for example_short_circuit_decorator to 2024-03-01 00:00:00+00:00, run_after=2024-03-02 00:00:00+00:00
[2024-03-02T09:55:00.754-0300] {processor.py:183} INFO - Processing /home/victor/Área de Trabalho/airflow/venv/lib/python3.10/site-packages/airflow/example_dags/example_short_circuit_decorator.py took 0.077 seconds
[2024-03-02T09:55:31.193-0300] {processor.py:161} INFO - Started process (PID=25166) to work on /home/victor/Área de Trabalho/airflow/venv/lib/python3.10/site-packages/airflow/example_dags/example_short_circuit_decorator.py
[2024-03-02T09:55:31.194-0300] {processor.py:830} INFO - Processing file /home/victor/Área de Trabalho/airflow/venv/lib/python3.10/site-packages/airflow/example_dags/example_short_circuit_decorator.py for tasks to queue
[2024-03-02T09:55:31.197-0300] {logging_mixin.py:188} INFO - [2024-03-02T09:55:31.194-0300] {dagbag.py:540} INFO - Filling up the DagBag from /home/victor/Área de Trabalho/airflow/venv/lib/python3.10/site-packages/airflow/example_dags/example_short_circuit_decorator.py
[2024-03-02T09:55:31.230-0300] {processor.py:840} INFO - DAG(s) 'example_short_circuit_decorator' retrieved from /home/victor/Área de Trabalho/airflow/venv/lib/python3.10/site-packages/airflow/example_dags/example_short_circuit_decorator.py
[2024-03-02T09:55:31.259-0300] {logging_mixin.py:188} INFO - [2024-03-02T09:55:31.259-0300] {dag.py:3047} INFO - Sync 1 DAGs
[2024-03-02T09:55:31.280-0300] {logging_mixin.py:188} INFO - [2024-03-02T09:55:31.280-0300] {dag.py:3834} INFO - Setting next_dagrun for example_short_circuit_decorator to 2024-03-01 00:00:00+00:00, run_after=2024-03-02 00:00:00+00:00
[2024-03-02T09:55:31.299-0300] {processor.py:183} INFO - Processing /home/victor/Área de Trabalho/airflow/venv/lib/python3.10/site-packages/airflow/example_dags/example_short_circuit_decorator.py took 0.110 seconds
[2024-03-02T09:56:01.588-0300] {processor.py:161} INFO - Started process (PID=25665) to work on /home/victor/Área de Trabalho/airflow/venv/lib/python3.10/site-packages/airflow/example_dags/example_short_circuit_decorator.py
[2024-03-02T09:56:01.588-0300] {processor.py:830} INFO - Processing file /home/victor/Área de Trabalho/airflow/venv/lib/python3.10/site-packages/airflow/example_dags/example_short_circuit_decorator.py for tasks to queue
[2024-03-02T09:56:01.589-0300] {logging_mixin.py:188} INFO - [2024-03-02T09:56:01.589-0300] {dagbag.py:540} INFO - Filling up the DagBag from /home/victor/Área de Trabalho/airflow/venv/lib/python3.10/site-packages/airflow/example_dags/example_short_circuit_decorator.py
[2024-03-02T09:56:01.597-0300] {processor.py:840} INFO - DAG(s) 'example_short_circuit_decorator' retrieved from /home/victor/Área de Trabalho/airflow/venv/lib/python3.10/site-packages/airflow/example_dags/example_short_circuit_decorator.py
[2024-03-02T09:56:01.625-0300] {logging_mixin.py:188} INFO - [2024-03-02T09:56:01.625-0300] {dag.py:3047} INFO - Sync 1 DAGs
[2024-03-02T09:56:01.648-0300] {logging_mixin.py:188} INFO - [2024-03-02T09:56:01.647-0300] {dag.py:3834} INFO - Setting next_dagrun for example_short_circuit_decorator to 2024-03-01 00:00:00+00:00, run_after=2024-03-02 00:00:00+00:00
[2024-03-02T09:56:01.668-0300] {processor.py:183} INFO - Processing /home/victor/Área de Trabalho/airflow/venv/lib/python3.10/site-packages/airflow/example_dags/example_short_circuit_decorator.py took 0.083 seconds
[2024-03-02T09:56:31.899-0300] {processor.py:161} INFO - Started process (PID=25985) to work on /home/victor/Área de Trabalho/airflow/venv/lib/python3.10/site-packages/airflow/example_dags/example_short_circuit_decorator.py
[2024-03-02T09:56:31.900-0300] {processor.py:830} INFO - Processing file /home/victor/Área de Trabalho/airflow/venv/lib/python3.10/site-packages/airflow/example_dags/example_short_circuit_decorator.py for tasks to queue
[2024-03-02T09:56:31.901-0300] {logging_mixin.py:188} INFO - [2024-03-02T09:56:31.901-0300] {dagbag.py:540} INFO - Filling up the DagBag from /home/victor/Área de Trabalho/airflow/venv/lib/python3.10/site-packages/airflow/example_dags/example_short_circuit_decorator.py
[2024-03-02T09:56:31.909-0300] {processor.py:840} INFO - DAG(s) 'example_short_circuit_decorator' retrieved from /home/victor/Área de Trabalho/airflow/venv/lib/python3.10/site-packages/airflow/example_dags/example_short_circuit_decorator.py
[2024-03-02T09:56:31.936-0300] {logging_mixin.py:188} INFO - [2024-03-02T09:56:31.936-0300] {dag.py:3047} INFO - Sync 1 DAGs
[2024-03-02T09:56:31.958-0300] {logging_mixin.py:188} INFO - [2024-03-02T09:56:31.957-0300] {dag.py:3834} INFO - Setting next_dagrun for example_short_circuit_decorator to 2024-03-01 00:00:00+00:00, run_after=2024-03-02 00:00:00+00:00
[2024-03-02T09:56:31.979-0300] {processor.py:183} INFO - Processing /home/victor/Área de Trabalho/airflow/venv/lib/python3.10/site-packages/airflow/example_dags/example_short_circuit_decorator.py took 0.086 seconds
[2024-03-02T09:57:02.231-0300] {processor.py:161} INFO - Started process (PID=26467) to work on /home/victor/Área de Trabalho/airflow/venv/lib/python3.10/site-packages/airflow/example_dags/example_short_circuit_decorator.py
[2024-03-02T09:57:02.232-0300] {processor.py:830} INFO - Processing file /home/victor/Área de Trabalho/airflow/venv/lib/python3.10/site-packages/airflow/example_dags/example_short_circuit_decorator.py for tasks to queue
[2024-03-02T09:57:02.232-0300] {logging_mixin.py:188} INFO - [2024-03-02T09:57:02.232-0300] {dagbag.py:540} INFO - Filling up the DagBag from /home/victor/Área de Trabalho/airflow/venv/lib/python3.10/site-packages/airflow/example_dags/example_short_circuit_decorator.py
[2024-03-02T09:57:02.240-0300] {processor.py:840} INFO - DAG(s) 'example_short_circuit_decorator' retrieved from /home/victor/Área de Trabalho/airflow/venv/lib/python3.10/site-packages/airflow/example_dags/example_short_circuit_decorator.py
[2024-03-02T09:57:02.268-0300] {logging_mixin.py:188} INFO - [2024-03-02T09:57:02.267-0300] {dag.py:3047} INFO - Sync 1 DAGs
[2024-03-02T09:57:02.289-0300] {logging_mixin.py:188} INFO - [2024-03-02T09:57:02.289-0300] {dag.py:3834} INFO - Setting next_dagrun for example_short_circuit_decorator to 2024-03-01 00:00:00+00:00, run_after=2024-03-02 00:00:00+00:00
[2024-03-02T09:57:02.308-0300] {processor.py:183} INFO - Processing /home/victor/Área de Trabalho/airflow/venv/lib/python3.10/site-packages/airflow/example_dags/example_short_circuit_decorator.py took 0.080 seconds
[2024-03-02T09:57:32.833-0300] {processor.py:161} INFO - Started process (PID=26949) to work on /home/victor/Área de Trabalho/airflow/venv/lib/python3.10/site-packages/airflow/example_dags/example_short_circuit_decorator.py
[2024-03-02T09:57:32.833-0300] {processor.py:830} INFO - Processing file /home/victor/Área de Trabalho/airflow/venv/lib/python3.10/site-packages/airflow/example_dags/example_short_circuit_decorator.py for tasks to queue
[2024-03-02T09:57:32.835-0300] {logging_mixin.py:188} INFO - [2024-03-02T09:57:32.834-0300] {dagbag.py:540} INFO - Filling up the DagBag from /home/victor/Área de Trabalho/airflow/venv/lib/python3.10/site-packages/airflow/example_dags/example_short_circuit_decorator.py
[2024-03-02T09:57:32.844-0300] {processor.py:840} INFO - DAG(s) 'example_short_circuit_decorator' retrieved from /home/victor/Área de Trabalho/airflow/venv/lib/python3.10/site-packages/airflow/example_dags/example_short_circuit_decorator.py
[2024-03-02T09:57:32.872-0300] {logging_mixin.py:188} INFO - [2024-03-02T09:57:32.872-0300] {dag.py:3047} INFO - Sync 1 DAGs
[2024-03-02T09:57:32.895-0300] {logging_mixin.py:188} INFO - [2024-03-02T09:57:32.895-0300] {dag.py:3834} INFO - Setting next_dagrun for example_short_circuit_decorator to 2024-03-01 00:00:00+00:00, run_after=2024-03-02 00:00:00+00:00
[2024-03-02T09:57:32.918-0300] {processor.py:183} INFO - Processing /home/victor/Área de Trabalho/airflow/venv/lib/python3.10/site-packages/airflow/example_dags/example_short_circuit_decorator.py took 0.088 seconds
[2024-03-02T09:58:03.354-0300] {processor.py:161} INFO - Started process (PID=27479) to work on /home/victor/Área de Trabalho/airflow/venv/lib/python3.10/site-packages/airflow/example_dags/example_short_circuit_decorator.py
[2024-03-02T09:58:03.355-0300] {processor.py:830} INFO - Processing file /home/victor/Área de Trabalho/airflow/venv/lib/python3.10/site-packages/airflow/example_dags/example_short_circuit_decorator.py for tasks to queue
[2024-03-02T09:58:03.356-0300] {logging_mixin.py:188} INFO - [2024-03-02T09:58:03.356-0300] {dagbag.py:540} INFO - Filling up the DagBag from /home/victor/Área de Trabalho/airflow/venv/lib/python3.10/site-packages/airflow/example_dags/example_short_circuit_decorator.py
[2024-03-02T09:58:03.364-0300] {processor.py:840} INFO - DAG(s) 'example_short_circuit_decorator' retrieved from /home/victor/Área de Trabalho/airflow/venv/lib/python3.10/site-packages/airflow/example_dags/example_short_circuit_decorator.py
[2024-03-02T09:58:03.392-0300] {logging_mixin.py:188} INFO - [2024-03-02T09:58:03.392-0300] {dag.py:3047} INFO - Sync 1 DAGs
[2024-03-02T09:58:03.414-0300] {logging_mixin.py:188} INFO - [2024-03-02T09:58:03.414-0300] {dag.py:3834} INFO - Setting next_dagrun for example_short_circuit_decorator to 2024-03-01 00:00:00+00:00, run_after=2024-03-02 00:00:00+00:00
[2024-03-02T09:58:03.432-0300] {processor.py:183} INFO - Processing /home/victor/Área de Trabalho/airflow/venv/lib/python3.10/site-packages/airflow/example_dags/example_short_circuit_decorator.py took 0.081 seconds
[2024-03-02T09:58:33.779-0300] {processor.py:161} INFO - Started process (PID=28626) to work on /home/victor/Área de Trabalho/airflow/venv/lib/python3.10/site-packages/airflow/example_dags/example_short_circuit_decorator.py
[2024-03-02T09:58:33.779-0300] {processor.py:830} INFO - Processing file /home/victor/Área de Trabalho/airflow/venv/lib/python3.10/site-packages/airflow/example_dags/example_short_circuit_decorator.py for tasks to queue
[2024-03-02T09:58:33.780-0300] {logging_mixin.py:188} INFO - [2024-03-02T09:58:33.780-0300] {dagbag.py:540} INFO - Filling up the DagBag from /home/victor/Área de Trabalho/airflow/venv/lib/python3.10/site-packages/airflow/example_dags/example_short_circuit_decorator.py
[2024-03-02T09:58:33.788-0300] {processor.py:840} INFO - DAG(s) 'example_short_circuit_decorator' retrieved from /home/victor/Área de Trabalho/airflow/venv/lib/python3.10/site-packages/airflow/example_dags/example_short_circuit_decorator.py
[2024-03-02T09:58:33.815-0300] {logging_mixin.py:188} INFO - [2024-03-02T09:58:33.815-0300] {dag.py:3047} INFO - Sync 1 DAGs
[2024-03-02T09:58:33.836-0300] {logging_mixin.py:188} INFO - [2024-03-02T09:58:33.836-0300] {dag.py:3834} INFO - Setting next_dagrun for example_short_circuit_decorator to 2024-03-01 00:00:00+00:00, run_after=2024-03-02 00:00:00+00:00
[2024-03-02T09:58:33.861-0300] {processor.py:183} INFO - Processing /home/victor/Área de Trabalho/airflow/venv/lib/python3.10/site-packages/airflow/example_dags/example_short_circuit_decorator.py took 0.085 seconds
[2024-03-02T09:59:04.382-0300] {processor.py:161} INFO - Started process (PID=29377) to work on /home/victor/Área de Trabalho/airflow/venv/lib/python3.10/site-packages/airflow/example_dags/example_short_circuit_decorator.py
[2024-03-02T09:59:04.382-0300] {processor.py:830} INFO - Processing file /home/victor/Área de Trabalho/airflow/venv/lib/python3.10/site-packages/airflow/example_dags/example_short_circuit_decorator.py for tasks to queue
[2024-03-02T09:59:04.383-0300] {logging_mixin.py:188} INFO - [2024-03-02T09:59:04.383-0300] {dagbag.py:540} INFO - Filling up the DagBag from /home/victor/Área de Trabalho/airflow/venv/lib/python3.10/site-packages/airflow/example_dags/example_short_circuit_decorator.py
[2024-03-02T09:59:04.392-0300] {processor.py:840} INFO - DAG(s) 'example_short_circuit_decorator' retrieved from /home/victor/Área de Trabalho/airflow/venv/lib/python3.10/site-packages/airflow/example_dags/example_short_circuit_decorator.py
[2024-03-02T09:59:04.420-0300] {logging_mixin.py:188} INFO - [2024-03-02T09:59:04.420-0300] {dag.py:3047} INFO - Sync 1 DAGs
[2024-03-02T09:59:04.442-0300] {logging_mixin.py:188} INFO - [2024-03-02T09:59:04.442-0300] {dag.py:3834} INFO - Setting next_dagrun for example_short_circuit_decorator to 2024-03-01 00:00:00+00:00, run_after=2024-03-02 00:00:00+00:00
[2024-03-02T09:59:04.463-0300] {processor.py:183} INFO - Processing /home/victor/Área de Trabalho/airflow/venv/lib/python3.10/site-packages/airflow/example_dags/example_short_circuit_decorator.py took 0.084 seconds
