[2024-03-02T09:36:58.328-0300] {processor.py:161} INFO - Started process (PID=7873) to work on /home/victor/Área de Trabalho/airflow/venv/lib/python3.10/site-packages/airflow/example_dags/example_trigger_controller_dag.py
[2024-03-02T09:36:58.329-0300] {processor.py:830} INFO - Processing file /home/victor/Área de Trabalho/airflow/venv/lib/python3.10/site-packages/airflow/example_dags/example_trigger_controller_dag.py for tasks to queue
[2024-03-02T09:36:58.329-0300] {logging_mixin.py:188} INFO - [2024-03-02T09:36:58.329-0300] {dagbag.py:540} INFO - Filling up the DagBag from /home/victor/Área de Trabalho/airflow/venv/lib/python3.10/site-packages/airflow/example_dags/example_trigger_controller_dag.py
[2024-03-02T09:36:58.333-0300] {processor.py:840} INFO - DAG(s) 'example_trigger_controller_dag' retrieved from /home/victor/Área de Trabalho/airflow/venv/lib/python3.10/site-packages/airflow/example_dags/example_trigger_controller_dag.py
[2024-03-02T09:36:58.359-0300] {logging_mixin.py:188} INFO - [2024-03-02T09:36:58.358-0300] {dag.py:3047} INFO - Sync 1 DAGs
[2024-03-02T09:36:58.387-0300] {logging_mixin.py:188} INFO - [2024-03-02T09:36:58.387-0300] {dag.py:3834} INFO - Setting next_dagrun for example_trigger_controller_dag to 2021-01-01 00:00:00+00:00, run_after=2021-01-01 00:00:00+00:00
[2024-03-02T09:36:58.410-0300] {processor.py:183} INFO - Processing /home/victor/Área de Trabalho/airflow/venv/lib/python3.10/site-packages/airflow/example_dags/example_trigger_controller_dag.py took 0.086 seconds
[2024-03-02T09:37:29.211-0300] {processor.py:161} INFO - Started process (PID=9285) to work on /home/victor/Área de Trabalho/airflow/venv/lib/python3.10/site-packages/airflow/example_dags/example_trigger_controller_dag.py
[2024-03-02T09:37:29.212-0300] {processor.py:830} INFO - Processing file /home/victor/Área de Trabalho/airflow/venv/lib/python3.10/site-packages/airflow/example_dags/example_trigger_controller_dag.py for tasks to queue
[2024-03-02T09:37:29.213-0300] {logging_mixin.py:188} INFO - [2024-03-02T09:37:29.212-0300] {dagbag.py:540} INFO - Filling up the DagBag from /home/victor/Área de Trabalho/airflow/venv/lib/python3.10/site-packages/airflow/example_dags/example_trigger_controller_dag.py
[2024-03-02T09:37:29.216-0300] {processor.py:840} INFO - DAG(s) 'example_trigger_controller_dag' retrieved from /home/victor/Área de Trabalho/airflow/venv/lib/python3.10/site-packages/airflow/example_dags/example_trigger_controller_dag.py
[2024-03-02T09:37:29.318-0300] {logging_mixin.py:188} INFO - [2024-03-02T09:37:29.318-0300] {dag.py:3047} INFO - Sync 1 DAGs
[2024-03-02T09:37:29.336-0300] {logging_mixin.py:188} INFO - [2024-03-02T09:37:29.336-0300] {dag.py:3834} INFO - Setting next_dagrun for example_trigger_controller_dag to 2021-01-01 00:00:00+00:00, run_after=2021-01-01 00:00:00+00:00
[2024-03-02T09:37:29.358-0300] {processor.py:183} INFO - Processing /home/victor/Área de Trabalho/airflow/venv/lib/python3.10/site-packages/airflow/example_dags/example_trigger_controller_dag.py took 0.149 seconds
[2024-03-02T09:37:59.832-0300] {processor.py:161} INFO - Started process (PID=9950) to work on /home/victor/Área de Trabalho/airflow/venv/lib/python3.10/site-packages/airflow/example_dags/example_trigger_controller_dag.py
[2024-03-02T09:37:59.833-0300] {processor.py:830} INFO - Processing file /home/victor/Área de Trabalho/airflow/venv/lib/python3.10/site-packages/airflow/example_dags/example_trigger_controller_dag.py for tasks to queue
[2024-03-02T09:37:59.833-0300] {logging_mixin.py:188} INFO - [2024-03-02T09:37:59.833-0300] {dagbag.py:540} INFO - Filling up the DagBag from /home/victor/Área de Trabalho/airflow/venv/lib/python3.10/site-packages/airflow/example_dags/example_trigger_controller_dag.py
[2024-03-02T09:37:59.837-0300] {processor.py:840} INFO - DAG(s) 'example_trigger_controller_dag' retrieved from /home/victor/Área de Trabalho/airflow/venv/lib/python3.10/site-packages/airflow/example_dags/example_trigger_controller_dag.py
[2024-03-02T09:37:59.861-0300] {logging_mixin.py:188} INFO - [2024-03-02T09:37:59.861-0300] {dag.py:3047} INFO - Sync 1 DAGs
[2024-03-02T09:37:59.881-0300] {logging_mixin.py:188} INFO - [2024-03-02T09:37:59.881-0300] {dag.py:3834} INFO - Setting next_dagrun for example_trigger_controller_dag to 2021-01-01 00:00:00+00:00, run_after=2021-01-01 00:00:00+00:00
[2024-03-02T09:37:59.899-0300] {processor.py:183} INFO - Processing /home/victor/Área de Trabalho/airflow/venv/lib/python3.10/site-packages/airflow/example_dags/example_trigger_controller_dag.py took 0.070 seconds
[2024-03-02T09:38:31.244-0300] {processor.py:161} INFO - Started process (PID=10264) to work on /home/victor/Área de Trabalho/airflow/venv/lib/python3.10/site-packages/airflow/example_dags/example_trigger_controller_dag.py
[2024-03-02T09:38:31.245-0300] {processor.py:830} INFO - Processing file /home/victor/Área de Trabalho/airflow/venv/lib/python3.10/site-packages/airflow/example_dags/example_trigger_controller_dag.py for tasks to queue
[2024-03-02T09:38:31.245-0300] {logging_mixin.py:188} INFO - [2024-03-02T09:38:31.245-0300] {dagbag.py:540} INFO - Filling up the DagBag from /home/victor/Área de Trabalho/airflow/venv/lib/python3.10/site-packages/airflow/example_dags/example_trigger_controller_dag.py
[2024-03-02T09:38:31.249-0300] {processor.py:840} INFO - DAG(s) 'example_trigger_controller_dag' retrieved from /home/victor/Área de Trabalho/airflow/venv/lib/python3.10/site-packages/airflow/example_dags/example_trigger_controller_dag.py
[2024-03-02T09:38:31.276-0300] {logging_mixin.py:188} INFO - [2024-03-02T09:38:31.276-0300] {dag.py:3047} INFO - Sync 1 DAGs
[2024-03-02T09:38:31.296-0300] {logging_mixin.py:188} INFO - [2024-03-02T09:38:31.296-0300] {dag.py:3834} INFO - Setting next_dagrun for example_trigger_controller_dag to 2021-01-01 00:00:00+00:00, run_after=2021-01-01 00:00:00+00:00
[2024-03-02T09:38:31.315-0300] {processor.py:183} INFO - Processing /home/victor/Área de Trabalho/airflow/venv/lib/python3.10/site-packages/airflow/example_dags/example_trigger_controller_dag.py took 0.074 seconds
[2024-03-02T09:39:02.728-0300] {processor.py:161} INFO - Started process (PID=10808) to work on /home/victor/Área de Trabalho/airflow/venv/lib/python3.10/site-packages/airflow/example_dags/example_trigger_controller_dag.py
[2024-03-02T09:39:02.728-0300] {processor.py:830} INFO - Processing file /home/victor/Área de Trabalho/airflow/venv/lib/python3.10/site-packages/airflow/example_dags/example_trigger_controller_dag.py for tasks to queue
[2024-03-02T09:39:02.729-0300] {logging_mixin.py:188} INFO - [2024-03-02T09:39:02.729-0300] {dagbag.py:540} INFO - Filling up the DagBag from /home/victor/Área de Trabalho/airflow/venv/lib/python3.10/site-packages/airflow/example_dags/example_trigger_controller_dag.py
[2024-03-02T09:39:02.734-0300] {processor.py:840} INFO - DAG(s) 'example_trigger_controller_dag' retrieved from /home/victor/Área de Trabalho/airflow/venv/lib/python3.10/site-packages/airflow/example_dags/example_trigger_controller_dag.py
[2024-03-02T09:39:02.763-0300] {logging_mixin.py:188} INFO - [2024-03-02T09:39:02.762-0300] {dag.py:3047} INFO - Sync 1 DAGs
[2024-03-02T09:39:02.787-0300] {logging_mixin.py:188} INFO - [2024-03-02T09:39:02.787-0300] {dag.py:3834} INFO - Setting next_dagrun for example_trigger_controller_dag to 2021-01-01 00:00:00+00:00, run_after=2021-01-01 00:00:00+00:00
[2024-03-02T09:39:02.810-0300] {processor.py:183} INFO - Processing /home/victor/Área de Trabalho/airflow/venv/lib/python3.10/site-packages/airflow/example_dags/example_trigger_controller_dag.py took 0.085 seconds
[2024-03-02T09:39:33.930-0300] {processor.py:161} INFO - Started process (PID=11421) to work on /home/victor/Área de Trabalho/airflow/venv/lib/python3.10/site-packages/airflow/example_dags/example_trigger_controller_dag.py
[2024-03-02T09:39:33.931-0300] {processor.py:830} INFO - Processing file /home/victor/Área de Trabalho/airflow/venv/lib/python3.10/site-packages/airflow/example_dags/example_trigger_controller_dag.py for tasks to queue
[2024-03-02T09:39:33.932-0300] {logging_mixin.py:188} INFO - [2024-03-02T09:39:33.931-0300] {dagbag.py:540} INFO - Filling up the DagBag from /home/victor/Área de Trabalho/airflow/venv/lib/python3.10/site-packages/airflow/example_dags/example_trigger_controller_dag.py
[2024-03-02T09:39:33.935-0300] {processor.py:840} INFO - DAG(s) 'example_trigger_controller_dag' retrieved from /home/victor/Área de Trabalho/airflow/venv/lib/python3.10/site-packages/airflow/example_dags/example_trigger_controller_dag.py
[2024-03-02T09:39:33.961-0300] {logging_mixin.py:188} INFO - [2024-03-02T09:39:33.960-0300] {dag.py:3047} INFO - Sync 1 DAGs
[2024-03-02T09:39:33.985-0300] {logging_mixin.py:188} INFO - [2024-03-02T09:39:33.985-0300] {dag.py:3834} INFO - Setting next_dagrun for example_trigger_controller_dag to 2021-01-01 00:00:00+00:00, run_after=2021-01-01 00:00:00+00:00
[2024-03-02T09:39:34.003-0300] {processor.py:183} INFO - Processing /home/victor/Área de Trabalho/airflow/venv/lib/python3.10/site-packages/airflow/example_dags/example_trigger_controller_dag.py took 0.076 seconds
[2024-03-02T09:40:05.237-0300] {processor.py:161} INFO - Started process (PID=11897) to work on /home/victor/Área de Trabalho/airflow/venv/lib/python3.10/site-packages/airflow/example_dags/example_trigger_controller_dag.py
[2024-03-02T09:40:05.238-0300] {processor.py:830} INFO - Processing file /home/victor/Área de Trabalho/airflow/venv/lib/python3.10/site-packages/airflow/example_dags/example_trigger_controller_dag.py for tasks to queue
[2024-03-02T09:40:05.239-0300] {logging_mixin.py:188} INFO - [2024-03-02T09:40:05.239-0300] {dagbag.py:540} INFO - Filling up the DagBag from /home/victor/Área de Trabalho/airflow/venv/lib/python3.10/site-packages/airflow/example_dags/example_trigger_controller_dag.py
[2024-03-02T09:40:05.243-0300] {processor.py:840} INFO - DAG(s) 'example_trigger_controller_dag' retrieved from /home/victor/Área de Trabalho/airflow/venv/lib/python3.10/site-packages/airflow/example_dags/example_trigger_controller_dag.py
[2024-03-02T09:40:05.267-0300] {logging_mixin.py:188} INFO - [2024-03-02T09:40:05.267-0300] {dag.py:3047} INFO - Sync 1 DAGs
[2024-03-02T09:40:05.286-0300] {logging_mixin.py:188} INFO - [2024-03-02T09:40:05.286-0300] {dag.py:3834} INFO - Setting next_dagrun for example_trigger_controller_dag to 2021-01-01 00:00:00+00:00, run_after=2021-01-01 00:00:00+00:00
[2024-03-02T09:40:05.304-0300] {processor.py:183} INFO - Processing /home/victor/Área de Trabalho/airflow/venv/lib/python3.10/site-packages/airflow/example_dags/example_trigger_controller_dag.py took 0.070 seconds
[2024-03-02T09:40:36.564-0300] {processor.py:161} INFO - Started process (PID=12274) to work on /home/victor/Área de Trabalho/airflow/venv/lib/python3.10/site-packages/airflow/example_dags/example_trigger_controller_dag.py
[2024-03-02T09:40:36.565-0300] {processor.py:830} INFO - Processing file /home/victor/Área de Trabalho/airflow/venv/lib/python3.10/site-packages/airflow/example_dags/example_trigger_controller_dag.py for tasks to queue
[2024-03-02T09:40:36.565-0300] {logging_mixin.py:188} INFO - [2024-03-02T09:40:36.565-0300] {dagbag.py:540} INFO - Filling up the DagBag from /home/victor/Área de Trabalho/airflow/venv/lib/python3.10/site-packages/airflow/example_dags/example_trigger_controller_dag.py
[2024-03-02T09:40:36.570-0300] {processor.py:840} INFO - DAG(s) 'example_trigger_controller_dag' retrieved from /home/victor/Área de Trabalho/airflow/venv/lib/python3.10/site-packages/airflow/example_dags/example_trigger_controller_dag.py
[2024-03-02T09:40:36.598-0300] {logging_mixin.py:188} INFO - [2024-03-02T09:40:36.597-0300] {dag.py:3047} INFO - Sync 1 DAGs
[2024-03-02T09:40:36.619-0300] {logging_mixin.py:188} INFO - [2024-03-02T09:40:36.619-0300] {dag.py:3834} INFO - Setting next_dagrun for example_trigger_controller_dag to 2021-01-01 00:00:00+00:00, run_after=2021-01-01 00:00:00+00:00
[2024-03-02T09:40:36.639-0300] {processor.py:183} INFO - Processing /home/victor/Área de Trabalho/airflow/venv/lib/python3.10/site-packages/airflow/example_dags/example_trigger_controller_dag.py took 0.078 seconds
[2024-03-02T09:41:07.380-0300] {processor.py:161} INFO - Started process (PID=12751) to work on /home/victor/Área de Trabalho/airflow/venv/lib/python3.10/site-packages/airflow/example_dags/example_trigger_controller_dag.py
[2024-03-02T09:41:07.382-0300] {processor.py:830} INFO - Processing file /home/victor/Área de Trabalho/airflow/venv/lib/python3.10/site-packages/airflow/example_dags/example_trigger_controller_dag.py for tasks to queue
[2024-03-02T09:41:07.384-0300] {logging_mixin.py:188} INFO - [2024-03-02T09:41:07.383-0300] {dagbag.py:540} INFO - Filling up the DagBag from /home/victor/Área de Trabalho/airflow/venv/lib/python3.10/site-packages/airflow/example_dags/example_trigger_controller_dag.py
[2024-03-02T09:41:07.390-0300] {processor.py:840} INFO - DAG(s) 'example_trigger_controller_dag' retrieved from /home/victor/Área de Trabalho/airflow/venv/lib/python3.10/site-packages/airflow/example_dags/example_trigger_controller_dag.py
[2024-03-02T09:41:07.446-0300] {logging_mixin.py:188} INFO - [2024-03-02T09:41:07.445-0300] {dag.py:3047} INFO - Sync 1 DAGs
[2024-03-02T09:41:07.471-0300] {logging_mixin.py:188} INFO - [2024-03-02T09:41:07.471-0300] {dag.py:3834} INFO - Setting next_dagrun for example_trigger_controller_dag to 2021-01-01 00:00:00+00:00, run_after=2021-01-01 00:00:00+00:00
[2024-03-02T09:41:07.497-0300] {processor.py:183} INFO - Processing /home/victor/Área de Trabalho/airflow/venv/lib/python3.10/site-packages/airflow/example_dags/example_trigger_controller_dag.py took 0.121 seconds
[2024-03-02T09:41:38.284-0300] {processor.py:161} INFO - Started process (PID=13066) to work on /home/victor/Área de Trabalho/airflow/venv/lib/python3.10/site-packages/airflow/example_dags/example_trigger_controller_dag.py
[2024-03-02T09:41:38.287-0300] {processor.py:830} INFO - Processing file /home/victor/Área de Trabalho/airflow/venv/lib/python3.10/site-packages/airflow/example_dags/example_trigger_controller_dag.py for tasks to queue
[2024-03-02T09:41:38.290-0300] {logging_mixin.py:188} INFO - [2024-03-02T09:41:38.289-0300] {dagbag.py:540} INFO - Filling up the DagBag from /home/victor/Área de Trabalho/airflow/venv/lib/python3.10/site-packages/airflow/example_dags/example_trigger_controller_dag.py
[2024-03-02T09:41:38.295-0300] {processor.py:840} INFO - DAG(s) 'example_trigger_controller_dag' retrieved from /home/victor/Área de Trabalho/airflow/venv/lib/python3.10/site-packages/airflow/example_dags/example_trigger_controller_dag.py
[2024-03-02T09:41:38.324-0300] {logging_mixin.py:188} INFO - [2024-03-02T09:41:38.324-0300] {dag.py:3047} INFO - Sync 1 DAGs
[2024-03-02T09:41:38.350-0300] {logging_mixin.py:188} INFO - [2024-03-02T09:41:38.350-0300] {dag.py:3834} INFO - Setting next_dagrun for example_trigger_controller_dag to 2021-01-01 00:00:00+00:00, run_after=2021-01-01 00:00:00+00:00
[2024-03-02T09:41:38.371-0300] {processor.py:183} INFO - Processing /home/victor/Área de Trabalho/airflow/venv/lib/python3.10/site-packages/airflow/example_dags/example_trigger_controller_dag.py took 0.090 seconds
[2024-03-02T09:42:09.041-0300] {processor.py:161} INFO - Started process (PID=13698) to work on /home/victor/Área de Trabalho/airflow/venv/lib/python3.10/site-packages/airflow/example_dags/example_trigger_controller_dag.py
[2024-03-02T09:42:09.043-0300] {processor.py:830} INFO - Processing file /home/victor/Área de Trabalho/airflow/venv/lib/python3.10/site-packages/airflow/example_dags/example_trigger_controller_dag.py for tasks to queue
[2024-03-02T09:42:09.044-0300] {logging_mixin.py:188} INFO - [2024-03-02T09:42:09.043-0300] {dagbag.py:540} INFO - Filling up the DagBag from /home/victor/Área de Trabalho/airflow/venv/lib/python3.10/site-packages/airflow/example_dags/example_trigger_controller_dag.py
[2024-03-02T09:42:09.048-0300] {processor.py:840} INFO - DAG(s) 'example_trigger_controller_dag' retrieved from /home/victor/Área de Trabalho/airflow/venv/lib/python3.10/site-packages/airflow/example_dags/example_trigger_controller_dag.py
[2024-03-02T09:42:09.074-0300] {logging_mixin.py:188} INFO - [2024-03-02T09:42:09.074-0300] {dag.py:3047} INFO - Sync 1 DAGs
[2024-03-02T09:42:09.096-0300] {logging_mixin.py:188} INFO - [2024-03-02T09:42:09.095-0300] {dag.py:3834} INFO - Setting next_dagrun for example_trigger_controller_dag to 2021-01-01 00:00:00+00:00, run_after=2021-01-01 00:00:00+00:00
[2024-03-02T09:42:09.117-0300] {processor.py:183} INFO - Processing /home/victor/Área de Trabalho/airflow/venv/lib/python3.10/site-packages/airflow/example_dags/example_trigger_controller_dag.py took 0.078 seconds
[2024-03-02T09:42:39.929-0300] {processor.py:161} INFO - Started process (PID=14019) to work on /home/victor/Área de Trabalho/airflow/venv/lib/python3.10/site-packages/airflow/example_dags/example_trigger_controller_dag.py
[2024-03-02T09:42:39.929-0300] {processor.py:830} INFO - Processing file /home/victor/Área de Trabalho/airflow/venv/lib/python3.10/site-packages/airflow/example_dags/example_trigger_controller_dag.py for tasks to queue
[2024-03-02T09:42:39.930-0300] {logging_mixin.py:188} INFO - [2024-03-02T09:42:39.930-0300] {dagbag.py:540} INFO - Filling up the DagBag from /home/victor/Área de Trabalho/airflow/venv/lib/python3.10/site-packages/airflow/example_dags/example_trigger_controller_dag.py
[2024-03-02T09:42:39.938-0300] {processor.py:840} INFO - DAG(s) 'example_trigger_controller_dag' retrieved from /home/victor/Área de Trabalho/airflow/venv/lib/python3.10/site-packages/airflow/example_dags/example_trigger_controller_dag.py
[2024-03-02T09:42:39.965-0300] {logging_mixin.py:188} INFO - [2024-03-02T09:42:39.965-0300] {dag.py:3047} INFO - Sync 1 DAGs
[2024-03-02T09:42:39.990-0300] {logging_mixin.py:188} INFO - [2024-03-02T09:42:39.990-0300] {dag.py:3834} INFO - Setting next_dagrun for example_trigger_controller_dag to 2021-01-01 00:00:00+00:00, run_after=2021-01-01 00:00:00+00:00
[2024-03-02T09:42:40.015-0300] {processor.py:183} INFO - Processing /home/victor/Área de Trabalho/airflow/venv/lib/python3.10/site-packages/airflow/example_dags/example_trigger_controller_dag.py took 0.089 seconds
[2024-03-02T09:43:11.073-0300] {processor.py:161} INFO - Started process (PID=14500) to work on /home/victor/Área de Trabalho/airflow/venv/lib/python3.10/site-packages/airflow/example_dags/example_trigger_controller_dag.py
[2024-03-02T09:43:11.074-0300] {processor.py:830} INFO - Processing file /home/victor/Área de Trabalho/airflow/venv/lib/python3.10/site-packages/airflow/example_dags/example_trigger_controller_dag.py for tasks to queue
[2024-03-02T09:43:11.075-0300] {logging_mixin.py:188} INFO - [2024-03-02T09:43:11.075-0300] {dagbag.py:540} INFO - Filling up the DagBag from /home/victor/Área de Trabalho/airflow/venv/lib/python3.10/site-packages/airflow/example_dags/example_trigger_controller_dag.py
[2024-03-02T09:43:11.080-0300] {processor.py:840} INFO - DAG(s) 'example_trigger_controller_dag' retrieved from /home/victor/Área de Trabalho/airflow/venv/lib/python3.10/site-packages/airflow/example_dags/example_trigger_controller_dag.py
[2024-03-02T09:43:11.110-0300] {logging_mixin.py:188} INFO - [2024-03-02T09:43:11.110-0300] {dag.py:3047} INFO - Sync 1 DAGs
[2024-03-02T09:43:11.136-0300] {logging_mixin.py:188} INFO - [2024-03-02T09:43:11.136-0300] {dag.py:3834} INFO - Setting next_dagrun for example_trigger_controller_dag to 2021-01-01 00:00:00+00:00, run_after=2021-01-01 00:00:00+00:00
[2024-03-02T09:43:11.164-0300] {processor.py:183} INFO - Processing /home/victor/Área de Trabalho/airflow/venv/lib/python3.10/site-packages/airflow/example_dags/example_trigger_controller_dag.py took 0.093 seconds
[2024-03-02T09:43:41.903-0300] {processor.py:161} INFO - Started process (PID=14821) to work on /home/victor/Área de Trabalho/airflow/venv/lib/python3.10/site-packages/airflow/example_dags/example_trigger_controller_dag.py
[2024-03-02T09:43:41.904-0300] {processor.py:830} INFO - Processing file /home/victor/Área de Trabalho/airflow/venv/lib/python3.10/site-packages/airflow/example_dags/example_trigger_controller_dag.py for tasks to queue
[2024-03-02T09:43:41.905-0300] {logging_mixin.py:188} INFO - [2024-03-02T09:43:41.904-0300] {dagbag.py:540} INFO - Filling up the DagBag from /home/victor/Área de Trabalho/airflow/venv/lib/python3.10/site-packages/airflow/example_dags/example_trigger_controller_dag.py
[2024-03-02T09:43:41.914-0300] {processor.py:840} INFO - DAG(s) 'example_trigger_controller_dag' retrieved from /home/victor/Área de Trabalho/airflow/venv/lib/python3.10/site-packages/airflow/example_dags/example_trigger_controller_dag.py
[2024-03-02T09:43:41.944-0300] {logging_mixin.py:188} INFO - [2024-03-02T09:43:41.944-0300] {dag.py:3047} INFO - Sync 1 DAGs
[2024-03-02T09:43:41.966-0300] {logging_mixin.py:188} INFO - [2024-03-02T09:43:41.965-0300] {dag.py:3834} INFO - Setting next_dagrun for example_trigger_controller_dag to 2021-01-01 00:00:00+00:00, run_after=2021-01-01 00:00:00+00:00
[2024-03-02T09:43:41.985-0300] {processor.py:183} INFO - Processing /home/victor/Área de Trabalho/airflow/venv/lib/python3.10/site-packages/airflow/example_dags/example_trigger_controller_dag.py took 0.085 seconds
[2024-03-02T09:44:13.361-0300] {processor.py:161} INFO - Started process (PID=15303) to work on /home/victor/Área de Trabalho/airflow/venv/lib/python3.10/site-packages/airflow/example_dags/example_trigger_controller_dag.py
[2024-03-02T09:44:13.362-0300] {processor.py:830} INFO - Processing file /home/victor/Área de Trabalho/airflow/venv/lib/python3.10/site-packages/airflow/example_dags/example_trigger_controller_dag.py for tasks to queue
[2024-03-02T09:44:13.363-0300] {logging_mixin.py:188} INFO - [2024-03-02T09:44:13.363-0300] {dagbag.py:540} INFO - Filling up the DagBag from /home/victor/Área de Trabalho/airflow/venv/lib/python3.10/site-packages/airflow/example_dags/example_trigger_controller_dag.py
[2024-03-02T09:44:13.368-0300] {processor.py:840} INFO - DAG(s) 'example_trigger_controller_dag' retrieved from /home/victor/Área de Trabalho/airflow/venv/lib/python3.10/site-packages/airflow/example_dags/example_trigger_controller_dag.py
[2024-03-02T09:44:13.396-0300] {logging_mixin.py:188} INFO - [2024-03-02T09:44:13.396-0300] {dag.py:3047} INFO - Sync 1 DAGs
[2024-03-02T09:44:13.420-0300] {logging_mixin.py:188} INFO - [2024-03-02T09:44:13.419-0300] {dag.py:3834} INFO - Setting next_dagrun for example_trigger_controller_dag to 2021-01-01 00:00:00+00:00, run_after=2021-01-01 00:00:00+00:00
[2024-03-02T09:44:13.441-0300] {processor.py:183} INFO - Processing /home/victor/Área de Trabalho/airflow/venv/lib/python3.10/site-packages/airflow/example_dags/example_trigger_controller_dag.py took 0.085 seconds
[2024-03-02T09:44:44.033-0300] {processor.py:161} INFO - Started process (PID=15626) to work on /home/victor/Área de Trabalho/airflow/venv/lib/python3.10/site-packages/airflow/example_dags/example_trigger_controller_dag.py
[2024-03-02T09:44:44.034-0300] {processor.py:830} INFO - Processing file /home/victor/Área de Trabalho/airflow/venv/lib/python3.10/site-packages/airflow/example_dags/example_trigger_controller_dag.py for tasks to queue
[2024-03-02T09:44:44.035-0300] {logging_mixin.py:188} INFO - [2024-03-02T09:44:44.035-0300] {dagbag.py:540} INFO - Filling up the DagBag from /home/victor/Área de Trabalho/airflow/venv/lib/python3.10/site-packages/airflow/example_dags/example_trigger_controller_dag.py
[2024-03-02T09:44:44.039-0300] {processor.py:840} INFO - DAG(s) 'example_trigger_controller_dag' retrieved from /home/victor/Área de Trabalho/airflow/venv/lib/python3.10/site-packages/airflow/example_dags/example_trigger_controller_dag.py
[2024-03-02T09:44:44.070-0300] {logging_mixin.py:188} INFO - [2024-03-02T09:44:44.070-0300] {dag.py:3047} INFO - Sync 1 DAGs
[2024-03-02T09:44:44.098-0300] {logging_mixin.py:188} INFO - [2024-03-02T09:44:44.098-0300] {dag.py:3834} INFO - Setting next_dagrun for example_trigger_controller_dag to 2021-01-01 00:00:00+00:00, run_after=2021-01-01 00:00:00+00:00
[2024-03-02T09:44:44.119-0300] {processor.py:183} INFO - Processing /home/victor/Área de Trabalho/airflow/venv/lib/python3.10/site-packages/airflow/example_dags/example_trigger_controller_dag.py took 0.089 seconds
[2024-03-02T09:45:14.762-0300] {processor.py:161} INFO - Started process (PID=16111) to work on /home/victor/Área de Trabalho/airflow/venv/lib/python3.10/site-packages/airflow/example_dags/example_trigger_controller_dag.py
[2024-03-02T09:45:14.763-0300] {processor.py:830} INFO - Processing file /home/victor/Área de Trabalho/airflow/venv/lib/python3.10/site-packages/airflow/example_dags/example_trigger_controller_dag.py for tasks to queue
[2024-03-02T09:45:14.764-0300] {logging_mixin.py:188} INFO - [2024-03-02T09:45:14.764-0300] {dagbag.py:540} INFO - Filling up the DagBag from /home/victor/Área de Trabalho/airflow/venv/lib/python3.10/site-packages/airflow/example_dags/example_trigger_controller_dag.py
[2024-03-02T09:45:14.769-0300] {processor.py:840} INFO - DAG(s) 'example_trigger_controller_dag' retrieved from /home/victor/Área de Trabalho/airflow/venv/lib/python3.10/site-packages/airflow/example_dags/example_trigger_controller_dag.py
[2024-03-02T09:45:14.801-0300] {logging_mixin.py:188} INFO - [2024-03-02T09:45:14.800-0300] {dag.py:3047} INFO - Sync 1 DAGs
[2024-03-02T09:45:14.826-0300] {logging_mixin.py:188} INFO - [2024-03-02T09:45:14.826-0300] {dag.py:3834} INFO - Setting next_dagrun for example_trigger_controller_dag to 2021-01-01 00:00:00+00:00, run_after=2021-01-01 00:00:00+00:00
[2024-03-02T09:45:14.848-0300] {processor.py:183} INFO - Processing /home/victor/Área de Trabalho/airflow/venv/lib/python3.10/site-packages/airflow/example_dags/example_trigger_controller_dag.py took 0.089 seconds
[2024-03-02T09:45:45.936-0300] {processor.py:161} INFO - Started process (PID=16621) to work on /home/victor/Área de Trabalho/airflow/venv/lib/python3.10/site-packages/airflow/example_dags/example_trigger_controller_dag.py
[2024-03-02T09:45:45.937-0300] {processor.py:830} INFO - Processing file /home/victor/Área de Trabalho/airflow/venv/lib/python3.10/site-packages/airflow/example_dags/example_trigger_controller_dag.py for tasks to queue
[2024-03-02T09:45:45.938-0300] {logging_mixin.py:188} INFO - [2024-03-02T09:45:45.938-0300] {dagbag.py:540} INFO - Filling up the DagBag from /home/victor/Área de Trabalho/airflow/venv/lib/python3.10/site-packages/airflow/example_dags/example_trigger_controller_dag.py
[2024-03-02T09:45:45.943-0300] {processor.py:840} INFO - DAG(s) 'example_trigger_controller_dag' retrieved from /home/victor/Área de Trabalho/airflow/venv/lib/python3.10/site-packages/airflow/example_dags/example_trigger_controller_dag.py
[2024-03-02T09:45:45.971-0300] {logging_mixin.py:188} INFO - [2024-03-02T09:45:45.971-0300] {dag.py:3047} INFO - Sync 1 DAGs
[2024-03-02T09:45:45.992-0300] {logging_mixin.py:188} INFO - [2024-03-02T09:45:45.992-0300] {dag.py:3834} INFO - Setting next_dagrun for example_trigger_controller_dag to 2021-01-01 00:00:00+00:00, run_after=2021-01-01 00:00:00+00:00
[2024-03-02T09:45:46.015-0300] {processor.py:183} INFO - Processing /home/victor/Área de Trabalho/airflow/venv/lib/python3.10/site-packages/airflow/example_dags/example_trigger_controller_dag.py took 0.082 seconds
[2024-03-02T09:46:17.468-0300] {processor.py:161} INFO - Started process (PID=17110) to work on /home/victor/Área de Trabalho/airflow/venv/lib/python3.10/site-packages/airflow/example_dags/example_trigger_controller_dag.py
[2024-03-02T09:46:17.469-0300] {processor.py:830} INFO - Processing file /home/victor/Área de Trabalho/airflow/venv/lib/python3.10/site-packages/airflow/example_dags/example_trigger_controller_dag.py for tasks to queue
[2024-03-02T09:46:17.470-0300] {logging_mixin.py:188} INFO - [2024-03-02T09:46:17.470-0300] {dagbag.py:540} INFO - Filling up the DagBag from /home/victor/Área de Trabalho/airflow/venv/lib/python3.10/site-packages/airflow/example_dags/example_trigger_controller_dag.py
[2024-03-02T09:46:17.475-0300] {processor.py:840} INFO - DAG(s) 'example_trigger_controller_dag' retrieved from /home/victor/Área de Trabalho/airflow/venv/lib/python3.10/site-packages/airflow/example_dags/example_trigger_controller_dag.py
[2024-03-02T09:46:17.508-0300] {logging_mixin.py:188} INFO - [2024-03-02T09:46:17.508-0300] {dag.py:3047} INFO - Sync 1 DAGs
[2024-03-02T09:46:17.542-0300] {logging_mixin.py:188} INFO - [2024-03-02T09:46:17.542-0300] {dag.py:3834} INFO - Setting next_dagrun for example_trigger_controller_dag to 2021-01-01 00:00:00+00:00, run_after=2021-01-01 00:00:00+00:00
[2024-03-02T09:46:17.571-0300] {processor.py:183} INFO - Processing /home/victor/Área de Trabalho/airflow/venv/lib/python3.10/site-packages/airflow/example_dags/example_trigger_controller_dag.py took 0.108 seconds
[2024-03-02T09:46:48.228-0300] {processor.py:161} INFO - Started process (PID=17432) to work on /home/victor/Área de Trabalho/airflow/venv/lib/python3.10/site-packages/airflow/example_dags/example_trigger_controller_dag.py
[2024-03-02T09:46:48.229-0300] {processor.py:830} INFO - Processing file /home/victor/Área de Trabalho/airflow/venv/lib/python3.10/site-packages/airflow/example_dags/example_trigger_controller_dag.py for tasks to queue
[2024-03-02T09:46:48.230-0300] {logging_mixin.py:188} INFO - [2024-03-02T09:46:48.229-0300] {dagbag.py:540} INFO - Filling up the DagBag from /home/victor/Área de Trabalho/airflow/venv/lib/python3.10/site-packages/airflow/example_dags/example_trigger_controller_dag.py
[2024-03-02T09:46:48.234-0300] {processor.py:840} INFO - DAG(s) 'example_trigger_controller_dag' retrieved from /home/victor/Área de Trabalho/airflow/venv/lib/python3.10/site-packages/airflow/example_dags/example_trigger_controller_dag.py
[2024-03-02T09:46:48.262-0300] {logging_mixin.py:188} INFO - [2024-03-02T09:46:48.261-0300] {dag.py:3047} INFO - Sync 1 DAGs
[2024-03-02T09:46:48.284-0300] {logging_mixin.py:188} INFO - [2024-03-02T09:46:48.283-0300] {dag.py:3834} INFO - Setting next_dagrun for example_trigger_controller_dag to 2021-01-01 00:00:00+00:00, run_after=2021-01-01 00:00:00+00:00
[2024-03-02T09:46:48.304-0300] {processor.py:183} INFO - Processing /home/victor/Área de Trabalho/airflow/venv/lib/python3.10/site-packages/airflow/example_dags/example_trigger_controller_dag.py took 0.079 seconds
[2024-03-02T09:47:19.001-0300] {processor.py:161} INFO - Started process (PID=18087) to work on /home/victor/Área de Trabalho/airflow/venv/lib/python3.10/site-packages/airflow/example_dags/example_trigger_controller_dag.py
[2024-03-02T09:47:19.002-0300] {processor.py:830} INFO - Processing file /home/victor/Área de Trabalho/airflow/venv/lib/python3.10/site-packages/airflow/example_dags/example_trigger_controller_dag.py for tasks to queue
[2024-03-02T09:47:19.003-0300] {logging_mixin.py:188} INFO - [2024-03-02T09:47:19.002-0300] {dagbag.py:540} INFO - Filling up the DagBag from /home/victor/Área de Trabalho/airflow/venv/lib/python3.10/site-packages/airflow/example_dags/example_trigger_controller_dag.py
[2024-03-02T09:47:19.007-0300] {processor.py:840} INFO - DAG(s) 'example_trigger_controller_dag' retrieved from /home/victor/Área de Trabalho/airflow/venv/lib/python3.10/site-packages/airflow/example_dags/example_trigger_controller_dag.py
[2024-03-02T09:47:19.035-0300] {logging_mixin.py:188} INFO - [2024-03-02T09:47:19.035-0300] {dag.py:3047} INFO - Sync 1 DAGs
[2024-03-02T09:47:19.057-0300] {logging_mixin.py:188} INFO - [2024-03-02T09:47:19.057-0300] {dag.py:3834} INFO - Setting next_dagrun for example_trigger_controller_dag to 2021-01-01 00:00:00+00:00, run_after=2021-01-01 00:00:00+00:00
[2024-03-02T09:47:19.078-0300] {processor.py:183} INFO - Processing /home/victor/Área de Trabalho/airflow/venv/lib/python3.10/site-packages/airflow/example_dags/example_trigger_controller_dag.py took 0.080 seconds
[2024-03-02T09:47:49.782-0300] {processor.py:161} INFO - Started process (PID=18411) to work on /home/victor/Área de Trabalho/airflow/venv/lib/python3.10/site-packages/airflow/example_dags/example_trigger_controller_dag.py
[2024-03-02T09:47:49.783-0300] {processor.py:830} INFO - Processing file /home/victor/Área de Trabalho/airflow/venv/lib/python3.10/site-packages/airflow/example_dags/example_trigger_controller_dag.py for tasks to queue
[2024-03-02T09:47:49.784-0300] {logging_mixin.py:188} INFO - [2024-03-02T09:47:49.783-0300] {dagbag.py:540} INFO - Filling up the DagBag from /home/victor/Área de Trabalho/airflow/venv/lib/python3.10/site-packages/airflow/example_dags/example_trigger_controller_dag.py
[2024-03-02T09:47:49.788-0300] {processor.py:840} INFO - DAG(s) 'example_trigger_controller_dag' retrieved from /home/victor/Área de Trabalho/airflow/venv/lib/python3.10/site-packages/airflow/example_dags/example_trigger_controller_dag.py
[2024-03-02T09:47:49.815-0300] {logging_mixin.py:188} INFO - [2024-03-02T09:47:49.815-0300] {dag.py:3047} INFO - Sync 1 DAGs
[2024-03-02T09:47:49.838-0300] {logging_mixin.py:188} INFO - [2024-03-02T09:47:49.838-0300] {dag.py:3834} INFO - Setting next_dagrun for example_trigger_controller_dag to 2021-01-01 00:00:00+00:00, run_after=2021-01-01 00:00:00+00:00
[2024-03-02T09:47:49.859-0300] {processor.py:183} INFO - Processing /home/victor/Área de Trabalho/airflow/venv/lib/python3.10/site-packages/airflow/example_dags/example_trigger_controller_dag.py took 0.080 seconds
[2024-03-02T09:48:20.424-0300] {processor.py:161} INFO - Started process (PID=18897) to work on /home/victor/Área de Trabalho/airflow/venv/lib/python3.10/site-packages/airflow/example_dags/example_trigger_controller_dag.py
[2024-03-02T09:48:20.425-0300] {processor.py:830} INFO - Processing file /home/victor/Área de Trabalho/airflow/venv/lib/python3.10/site-packages/airflow/example_dags/example_trigger_controller_dag.py for tasks to queue
[2024-03-02T09:48:20.426-0300] {logging_mixin.py:188} INFO - [2024-03-02T09:48:20.426-0300] {dagbag.py:540} INFO - Filling up the DagBag from /home/victor/Área de Trabalho/airflow/venv/lib/python3.10/site-packages/airflow/example_dags/example_trigger_controller_dag.py
[2024-03-02T09:48:20.432-0300] {processor.py:840} INFO - DAG(s) 'example_trigger_controller_dag' retrieved from /home/victor/Área de Trabalho/airflow/venv/lib/python3.10/site-packages/airflow/example_dags/example_trigger_controller_dag.py
[2024-03-02T09:48:20.459-0300] {logging_mixin.py:188} INFO - [2024-03-02T09:48:20.459-0300] {dag.py:3047} INFO - Sync 1 DAGs
[2024-03-02T09:48:20.482-0300] {logging_mixin.py:188} INFO - [2024-03-02T09:48:20.481-0300] {dag.py:3834} INFO - Setting next_dagrun for example_trigger_controller_dag to 2021-01-01 00:00:00+00:00, run_after=2021-01-01 00:00:00+00:00
[2024-03-02T09:48:20.509-0300] {processor.py:183} INFO - Processing /home/victor/Área de Trabalho/airflow/venv/lib/python3.10/site-packages/airflow/example_dags/example_trigger_controller_dag.py took 0.088 seconds
[2024-03-02T09:48:51.191-0300] {processor.py:161} INFO - Started process (PID=19241) to work on /home/victor/Área de Trabalho/airflow/venv/lib/python3.10/site-packages/airflow/example_dags/example_trigger_controller_dag.py
[2024-03-02T09:48:51.192-0300] {processor.py:830} INFO - Processing file /home/victor/Área de Trabalho/airflow/venv/lib/python3.10/site-packages/airflow/example_dags/example_trigger_controller_dag.py for tasks to queue
[2024-03-02T09:48:51.193-0300] {logging_mixin.py:188} INFO - [2024-03-02T09:48:51.192-0300] {dagbag.py:540} INFO - Filling up the DagBag from /home/victor/Área de Trabalho/airflow/venv/lib/python3.10/site-packages/airflow/example_dags/example_trigger_controller_dag.py
[2024-03-02T09:48:51.197-0300] {processor.py:840} INFO - DAG(s) 'example_trigger_controller_dag' retrieved from /home/victor/Área de Trabalho/airflow/venv/lib/python3.10/site-packages/airflow/example_dags/example_trigger_controller_dag.py
[2024-03-02T09:48:51.224-0300] {logging_mixin.py:188} INFO - [2024-03-02T09:48:51.224-0300] {dag.py:3047} INFO - Sync 1 DAGs
[2024-03-02T09:48:51.251-0300] {logging_mixin.py:188} INFO - [2024-03-02T09:48:51.251-0300] {dag.py:3834} INFO - Setting next_dagrun for example_trigger_controller_dag to 2021-01-01 00:00:00+00:00, run_after=2021-01-01 00:00:00+00:00
[2024-03-02T09:48:51.273-0300] {processor.py:183} INFO - Processing /home/victor/Área de Trabalho/airflow/venv/lib/python3.10/site-packages/airflow/example_dags/example_trigger_controller_dag.py took 0.085 seconds
[2024-03-02T09:49:21.959-0300] {processor.py:161} INFO - Started process (PID=19722) to work on /home/victor/Área de Trabalho/airflow/venv/lib/python3.10/site-packages/airflow/example_dags/example_trigger_controller_dag.py
[2024-03-02T09:49:21.960-0300] {processor.py:830} INFO - Processing file /home/victor/Área de Trabalho/airflow/venv/lib/python3.10/site-packages/airflow/example_dags/example_trigger_controller_dag.py for tasks to queue
[2024-03-02T09:49:21.961-0300] {logging_mixin.py:188} INFO - [2024-03-02T09:49:21.960-0300] {dagbag.py:540} INFO - Filling up the DagBag from /home/victor/Área de Trabalho/airflow/venv/lib/python3.10/site-packages/airflow/example_dags/example_trigger_controller_dag.py
[2024-03-02T09:49:21.965-0300] {processor.py:840} INFO - DAG(s) 'example_trigger_controller_dag' retrieved from /home/victor/Área de Trabalho/airflow/venv/lib/python3.10/site-packages/airflow/example_dags/example_trigger_controller_dag.py
[2024-03-02T09:49:21.992-0300] {logging_mixin.py:188} INFO - [2024-03-02T09:49:21.992-0300] {dag.py:3047} INFO - Sync 1 DAGs
[2024-03-02T09:49:22.013-0300] {logging_mixin.py:188} INFO - [2024-03-02T09:49:22.013-0300] {dag.py:3834} INFO - Setting next_dagrun for example_trigger_controller_dag to 2021-01-01 00:00:00+00:00, run_after=2021-01-01 00:00:00+00:00
[2024-03-02T09:49:22.033-0300] {processor.py:183} INFO - Processing /home/victor/Área de Trabalho/airflow/venv/lib/python3.10/site-packages/airflow/example_dags/example_trigger_controller_dag.py took 0.081 seconds
[2024-03-02T09:49:52.677-0300] {processor.py:161} INFO - Started process (PID=20044) to work on /home/victor/Área de Trabalho/airflow/venv/lib/python3.10/site-packages/airflow/example_dags/example_trigger_controller_dag.py
[2024-03-02T09:49:52.679-0300] {processor.py:830} INFO - Processing file /home/victor/Área de Trabalho/airflow/venv/lib/python3.10/site-packages/airflow/example_dags/example_trigger_controller_dag.py for tasks to queue
[2024-03-02T09:49:52.680-0300] {logging_mixin.py:188} INFO - [2024-03-02T09:49:52.680-0300] {dagbag.py:540} INFO - Filling up the DagBag from /home/victor/Área de Trabalho/airflow/venv/lib/python3.10/site-packages/airflow/example_dags/example_trigger_controller_dag.py
[2024-03-02T09:49:52.684-0300] {processor.py:840} INFO - DAG(s) 'example_trigger_controller_dag' retrieved from /home/victor/Área de Trabalho/airflow/venv/lib/python3.10/site-packages/airflow/example_dags/example_trigger_controller_dag.py
[2024-03-02T09:49:52.710-0300] {logging_mixin.py:188} INFO - [2024-03-02T09:49:52.710-0300] {dag.py:3047} INFO - Sync 1 DAGs
[2024-03-02T09:49:52.734-0300] {logging_mixin.py:188} INFO - [2024-03-02T09:49:52.733-0300] {dag.py:3834} INFO - Setting next_dagrun for example_trigger_controller_dag to 2021-01-01 00:00:00+00:00, run_after=2021-01-01 00:00:00+00:00
[2024-03-02T09:49:52.756-0300] {processor.py:183} INFO - Processing /home/victor/Área de Trabalho/airflow/venv/lib/python3.10/site-packages/airflow/example_dags/example_trigger_controller_dag.py took 0.081 seconds
[2024-03-02T09:50:23.321-0300] {processor.py:161} INFO - Started process (PID=20525) to work on /home/victor/Área de Trabalho/airflow/venv/lib/python3.10/site-packages/airflow/example_dags/example_trigger_controller_dag.py
[2024-03-02T09:50:23.322-0300] {processor.py:830} INFO - Processing file /home/victor/Área de Trabalho/airflow/venv/lib/python3.10/site-packages/airflow/example_dags/example_trigger_controller_dag.py for tasks to queue
[2024-03-02T09:50:23.323-0300] {logging_mixin.py:188} INFO - [2024-03-02T09:50:23.323-0300] {dagbag.py:540} INFO - Filling up the DagBag from /home/victor/Área de Trabalho/airflow/venv/lib/python3.10/site-packages/airflow/example_dags/example_trigger_controller_dag.py
[2024-03-02T09:50:23.328-0300] {processor.py:840} INFO - DAG(s) 'example_trigger_controller_dag' retrieved from /home/victor/Área de Trabalho/airflow/venv/lib/python3.10/site-packages/airflow/example_dags/example_trigger_controller_dag.py
[2024-03-02T09:50:23.357-0300] {logging_mixin.py:188} INFO - [2024-03-02T09:50:23.357-0300] {dag.py:3047} INFO - Sync 1 DAGs
[2024-03-02T09:50:23.379-0300] {logging_mixin.py:188} INFO - [2024-03-02T09:50:23.379-0300] {dag.py:3834} INFO - Setting next_dagrun for example_trigger_controller_dag to 2021-01-01 00:00:00+00:00, run_after=2021-01-01 00:00:00+00:00
[2024-03-02T09:50:23.401-0300] {processor.py:183} INFO - Processing /home/victor/Área de Trabalho/airflow/venv/lib/python3.10/site-packages/airflow/example_dags/example_trigger_controller_dag.py took 0.083 seconds
[2024-03-02T09:50:54.777-0300] {processor.py:161} INFO - Started process (PID=20883) to work on /home/victor/Área de Trabalho/airflow/venv/lib/python3.10/site-packages/airflow/example_dags/example_trigger_controller_dag.py
[2024-03-02T09:50:54.778-0300] {processor.py:830} INFO - Processing file /home/victor/Área de Trabalho/airflow/venv/lib/python3.10/site-packages/airflow/example_dags/example_trigger_controller_dag.py for tasks to queue
[2024-03-02T09:50:54.779-0300] {logging_mixin.py:188} INFO - [2024-03-02T09:50:54.779-0300] {dagbag.py:540} INFO - Filling up the DagBag from /home/victor/Área de Trabalho/airflow/venv/lib/python3.10/site-packages/airflow/example_dags/example_trigger_controller_dag.py
[2024-03-02T09:50:54.784-0300] {processor.py:840} INFO - DAG(s) 'example_trigger_controller_dag' retrieved from /home/victor/Área de Trabalho/airflow/venv/lib/python3.10/site-packages/airflow/example_dags/example_trigger_controller_dag.py
[2024-03-02T09:50:54.813-0300] {logging_mixin.py:188} INFO - [2024-03-02T09:50:54.812-0300] {dag.py:3047} INFO - Sync 1 DAGs
[2024-03-02T09:50:54.835-0300] {logging_mixin.py:188} INFO - [2024-03-02T09:50:54.835-0300] {dag.py:3834} INFO - Setting next_dagrun for example_trigger_controller_dag to 2021-01-01 00:00:00+00:00, run_after=2021-01-01 00:00:00+00:00
[2024-03-02T09:50:54.858-0300] {processor.py:183} INFO - Processing /home/victor/Área de Trabalho/airflow/venv/lib/python3.10/site-packages/airflow/example_dags/example_trigger_controller_dag.py took 0.083 seconds
[2024-03-02T09:51:25.498-0300] {processor.py:161} INFO - Started process (PID=21364) to work on /home/victor/Área de Trabalho/airflow/venv/lib/python3.10/site-packages/airflow/example_dags/example_trigger_controller_dag.py
[2024-03-02T09:51:25.499-0300] {processor.py:830} INFO - Processing file /home/victor/Área de Trabalho/airflow/venv/lib/python3.10/site-packages/airflow/example_dags/example_trigger_controller_dag.py for tasks to queue
[2024-03-02T09:51:25.499-0300] {logging_mixin.py:188} INFO - [2024-03-02T09:51:25.499-0300] {dagbag.py:540} INFO - Filling up the DagBag from /home/victor/Área de Trabalho/airflow/venv/lib/python3.10/site-packages/airflow/example_dags/example_trigger_controller_dag.py
[2024-03-02T09:51:25.503-0300] {processor.py:840} INFO - DAG(s) 'example_trigger_controller_dag' retrieved from /home/victor/Área de Trabalho/airflow/venv/lib/python3.10/site-packages/airflow/example_dags/example_trigger_controller_dag.py
[2024-03-02T09:51:25.531-0300] {logging_mixin.py:188} INFO - [2024-03-02T09:51:25.531-0300] {dag.py:3047} INFO - Sync 1 DAGs
[2024-03-02T09:51:25.556-0300] {logging_mixin.py:188} INFO - [2024-03-02T09:51:25.556-0300] {dag.py:3834} INFO - Setting next_dagrun for example_trigger_controller_dag to 2021-01-01 00:00:00+00:00, run_after=2021-01-01 00:00:00+00:00
[2024-03-02T09:51:25.575-0300] {processor.py:183} INFO - Processing /home/victor/Área de Trabalho/airflow/venv/lib/python3.10/site-packages/airflow/example_dags/example_trigger_controller_dag.py took 0.080 seconds
[2024-03-02T09:51:56.239-0300] {processor.py:161} INFO - Started process (PID=21685) to work on /home/victor/Área de Trabalho/airflow/venv/lib/python3.10/site-packages/airflow/example_dags/example_trigger_controller_dag.py
[2024-03-02T09:51:56.240-0300] {processor.py:830} INFO - Processing file /home/victor/Área de Trabalho/airflow/venv/lib/python3.10/site-packages/airflow/example_dags/example_trigger_controller_dag.py for tasks to queue
[2024-03-02T09:51:56.241-0300] {logging_mixin.py:188} INFO - [2024-03-02T09:51:56.240-0300] {dagbag.py:540} INFO - Filling up the DagBag from /home/victor/Área de Trabalho/airflow/venv/lib/python3.10/site-packages/airflow/example_dags/example_trigger_controller_dag.py
[2024-03-02T09:51:56.245-0300] {processor.py:840} INFO - DAG(s) 'example_trigger_controller_dag' retrieved from /home/victor/Área de Trabalho/airflow/venv/lib/python3.10/site-packages/airflow/example_dags/example_trigger_controller_dag.py
[2024-03-02T09:51:56.276-0300] {logging_mixin.py:188} INFO - [2024-03-02T09:51:56.276-0300] {dag.py:3047} INFO - Sync 1 DAGs
[2024-03-02T09:51:56.297-0300] {logging_mixin.py:188} INFO - [2024-03-02T09:51:56.297-0300] {dag.py:3834} INFO - Setting next_dagrun for example_trigger_controller_dag to 2021-01-01 00:00:00+00:00, run_after=2021-01-01 00:00:00+00:00
[2024-03-02T09:51:56.318-0300] {processor.py:183} INFO - Processing /home/victor/Área de Trabalho/airflow/venv/lib/python3.10/site-packages/airflow/example_dags/example_trigger_controller_dag.py took 0.083 seconds
[2024-03-02T09:52:26.746-0300] {processor.py:161} INFO - Started process (PID=22331) to work on /home/victor/Área de Trabalho/airflow/venv/lib/python3.10/site-packages/airflow/example_dags/example_trigger_controller_dag.py
[2024-03-02T09:52:26.746-0300] {processor.py:830} INFO - Processing file /home/victor/Área de Trabalho/airflow/venv/lib/python3.10/site-packages/airflow/example_dags/example_trigger_controller_dag.py for tasks to queue
[2024-03-02T09:52:26.747-0300] {logging_mixin.py:188} INFO - [2024-03-02T09:52:26.747-0300] {dagbag.py:540} INFO - Filling up the DagBag from /home/victor/Área de Trabalho/airflow/venv/lib/python3.10/site-packages/airflow/example_dags/example_trigger_controller_dag.py
[2024-03-02T09:52:26.750-0300] {processor.py:840} INFO - DAG(s) 'example_trigger_controller_dag' retrieved from /home/victor/Área de Trabalho/airflow/venv/lib/python3.10/site-packages/airflow/example_dags/example_trigger_controller_dag.py
[2024-03-02T09:52:26.778-0300] {logging_mixin.py:188} INFO - [2024-03-02T09:52:26.777-0300] {dag.py:3047} INFO - Sync 1 DAGs
[2024-03-02T09:52:26.798-0300] {logging_mixin.py:188} INFO - [2024-03-02T09:52:26.798-0300] {dag.py:3834} INFO - Setting next_dagrun for example_trigger_controller_dag to 2021-01-01 00:00:00+00:00, run_after=2021-01-01 00:00:00+00:00
[2024-03-02T09:52:26.817-0300] {processor.py:183} INFO - Processing /home/victor/Área de Trabalho/airflow/venv/lib/python3.10/site-packages/airflow/example_dags/example_trigger_controller_dag.py took 0.074 seconds
[2024-03-02T09:52:57.359-0300] {processor.py:161} INFO - Started process (PID=22652) to work on /home/victor/Área de Trabalho/airflow/venv/lib/python3.10/site-packages/airflow/example_dags/example_trigger_controller_dag.py
[2024-03-02T09:52:57.360-0300] {processor.py:830} INFO - Processing file /home/victor/Área de Trabalho/airflow/venv/lib/python3.10/site-packages/airflow/example_dags/example_trigger_controller_dag.py for tasks to queue
[2024-03-02T09:52:57.361-0300] {logging_mixin.py:188} INFO - [2024-03-02T09:52:57.360-0300] {dagbag.py:540} INFO - Filling up the DagBag from /home/victor/Área de Trabalho/airflow/venv/lib/python3.10/site-packages/airflow/example_dags/example_trigger_controller_dag.py
[2024-03-02T09:52:57.365-0300] {processor.py:840} INFO - DAG(s) 'example_trigger_controller_dag' retrieved from /home/victor/Área de Trabalho/airflow/venv/lib/python3.10/site-packages/airflow/example_dags/example_trigger_controller_dag.py
[2024-03-02T09:52:57.398-0300] {logging_mixin.py:188} INFO - [2024-03-02T09:52:57.398-0300] {dag.py:3047} INFO - Sync 1 DAGs
[2024-03-02T09:52:57.421-0300] {logging_mixin.py:188} INFO - [2024-03-02T09:52:57.421-0300] {dag.py:3834} INFO - Setting next_dagrun for example_trigger_controller_dag to 2021-01-01 00:00:00+00:00, run_after=2021-01-01 00:00:00+00:00
[2024-03-02T09:52:57.441-0300] {processor.py:183} INFO - Processing /home/victor/Área de Trabalho/airflow/venv/lib/python3.10/site-packages/airflow/example_dags/example_trigger_controller_dag.py took 0.084 seconds
[2024-03-02T09:53:27.992-0300] {processor.py:161} INFO - Started process (PID=23136) to work on /home/victor/Área de Trabalho/airflow/venv/lib/python3.10/site-packages/airflow/example_dags/example_trigger_controller_dag.py
[2024-03-02T09:53:27.992-0300] {processor.py:830} INFO - Processing file /home/victor/Área de Trabalho/airflow/venv/lib/python3.10/site-packages/airflow/example_dags/example_trigger_controller_dag.py for tasks to queue
[2024-03-02T09:53:27.993-0300] {logging_mixin.py:188} INFO - [2024-03-02T09:53:27.993-0300] {dagbag.py:540} INFO - Filling up the DagBag from /home/victor/Área de Trabalho/airflow/venv/lib/python3.10/site-packages/airflow/example_dags/example_trigger_controller_dag.py
[2024-03-02T09:53:27.997-0300] {processor.py:840} INFO - DAG(s) 'example_trigger_controller_dag' retrieved from /home/victor/Área de Trabalho/airflow/venv/lib/python3.10/site-packages/airflow/example_dags/example_trigger_controller_dag.py
[2024-03-02T09:53:28.024-0300] {logging_mixin.py:188} INFO - [2024-03-02T09:53:28.023-0300] {dag.py:3047} INFO - Sync 1 DAGs
[2024-03-02T09:53:28.044-0300] {logging_mixin.py:188} INFO - [2024-03-02T09:53:28.044-0300] {dag.py:3834} INFO - Setting next_dagrun for example_trigger_controller_dag to 2021-01-01 00:00:00+00:00, run_after=2021-01-01 00:00:00+00:00
[2024-03-02T09:53:28.064-0300] {processor.py:183} INFO - Processing /home/victor/Área de Trabalho/airflow/venv/lib/python3.10/site-packages/airflow/example_dags/example_trigger_controller_dag.py took 0.075 seconds
[2024-03-02T09:53:58.241-0300] {processor.py:161} INFO - Started process (PID=23454) to work on /home/victor/Área de Trabalho/airflow/venv/lib/python3.10/site-packages/airflow/example_dags/example_trigger_controller_dag.py
[2024-03-02T09:53:58.242-0300] {processor.py:830} INFO - Processing file /home/victor/Área de Trabalho/airflow/venv/lib/python3.10/site-packages/airflow/example_dags/example_trigger_controller_dag.py for tasks to queue
[2024-03-02T09:53:58.243-0300] {logging_mixin.py:188} INFO - [2024-03-02T09:53:58.243-0300] {dagbag.py:540} INFO - Filling up the DagBag from /home/victor/Área de Trabalho/airflow/venv/lib/python3.10/site-packages/airflow/example_dags/example_trigger_controller_dag.py
[2024-03-02T09:53:58.247-0300] {processor.py:840} INFO - DAG(s) 'example_trigger_controller_dag' retrieved from /home/victor/Área de Trabalho/airflow/venv/lib/python3.10/site-packages/airflow/example_dags/example_trigger_controller_dag.py
[2024-03-02T09:53:58.277-0300] {logging_mixin.py:188} INFO - [2024-03-02T09:53:58.277-0300] {dag.py:3047} INFO - Sync 1 DAGs
[2024-03-02T09:53:58.306-0300] {logging_mixin.py:188} INFO - [2024-03-02T09:53:58.306-0300] {dag.py:3834} INFO - Setting next_dagrun for example_trigger_controller_dag to 2021-01-01 00:00:00+00:00, run_after=2021-01-01 00:00:00+00:00
[2024-03-02T09:53:58.325-0300] {processor.py:183} INFO - Processing /home/victor/Área de Trabalho/airflow/venv/lib/python3.10/site-packages/airflow/example_dags/example_trigger_controller_dag.py took 0.086 seconds
[2024-03-02T09:54:29.172-0300] {processor.py:161} INFO - Started process (PID=24102) to work on /home/victor/Área de Trabalho/airflow/venv/lib/python3.10/site-packages/airflow/example_dags/example_trigger_controller_dag.py
[2024-03-02T09:54:29.172-0300] {processor.py:830} INFO - Processing file /home/victor/Área de Trabalho/airflow/venv/lib/python3.10/site-packages/airflow/example_dags/example_trigger_controller_dag.py for tasks to queue
[2024-03-02T09:54:29.173-0300] {logging_mixin.py:188} INFO - [2024-03-02T09:54:29.173-0300] {dagbag.py:540} INFO - Filling up the DagBag from /home/victor/Área de Trabalho/airflow/venv/lib/python3.10/site-packages/airflow/example_dags/example_trigger_controller_dag.py
[2024-03-02T09:54:29.181-0300] {processor.py:840} INFO - DAG(s) 'example_trigger_controller_dag' retrieved from /home/victor/Área de Trabalho/airflow/venv/lib/python3.10/site-packages/airflow/example_dags/example_trigger_controller_dag.py
[2024-03-02T09:54:29.219-0300] {logging_mixin.py:188} INFO - [2024-03-02T09:54:29.219-0300] {dag.py:3047} INFO - Sync 1 DAGs
[2024-03-02T09:54:29.243-0300] {logging_mixin.py:188} INFO - [2024-03-02T09:54:29.243-0300] {dag.py:3834} INFO - Setting next_dagrun for example_trigger_controller_dag to 2021-01-01 00:00:00+00:00, run_after=2021-01-01 00:00:00+00:00
[2024-03-02T09:54:29.264-0300] {processor.py:183} INFO - Processing /home/victor/Área de Trabalho/airflow/venv/lib/python3.10/site-packages/airflow/example_dags/example_trigger_controller_dag.py took 0.095 seconds
[2024-03-02T09:55:00.169-0300] {processor.py:161} INFO - Started process (PID=24653) to work on /home/victor/Área de Trabalho/airflow/venv/lib/python3.10/site-packages/airflow/example_dags/example_trigger_controller_dag.py
[2024-03-02T09:55:00.170-0300] {processor.py:830} INFO - Processing file /home/victor/Área de Trabalho/airflow/venv/lib/python3.10/site-packages/airflow/example_dags/example_trigger_controller_dag.py for tasks to queue
[2024-03-02T09:55:00.171-0300] {logging_mixin.py:188} INFO - [2024-03-02T09:55:00.170-0300] {dagbag.py:540} INFO - Filling up the DagBag from /home/victor/Área de Trabalho/airflow/venv/lib/python3.10/site-packages/airflow/example_dags/example_trigger_controller_dag.py
[2024-03-02T09:55:00.175-0300] {processor.py:840} INFO - DAG(s) 'example_trigger_controller_dag' retrieved from /home/victor/Área de Trabalho/airflow/venv/lib/python3.10/site-packages/airflow/example_dags/example_trigger_controller_dag.py
[2024-03-02T09:55:00.200-0300] {logging_mixin.py:188} INFO - [2024-03-02T09:55:00.199-0300] {dag.py:3047} INFO - Sync 1 DAGs
[2024-03-02T09:55:00.219-0300] {logging_mixin.py:188} INFO - [2024-03-02T09:55:00.218-0300] {dag.py:3834} INFO - Setting next_dagrun for example_trigger_controller_dag to 2021-01-01 00:00:00+00:00, run_after=2021-01-01 00:00:00+00:00
[2024-03-02T09:55:00.237-0300] {processor.py:183} INFO - Processing /home/victor/Área de Trabalho/airflow/venv/lib/python3.10/site-packages/airflow/example_dags/example_trigger_controller_dag.py took 0.071 seconds
[2024-03-02T09:55:30.826-0300] {processor.py:161} INFO - Started process (PID=25122) to work on /home/victor/Área de Trabalho/airflow/venv/lib/python3.10/site-packages/airflow/example_dags/example_trigger_controller_dag.py
[2024-03-02T09:55:30.827-0300] {processor.py:830} INFO - Processing file /home/victor/Área de Trabalho/airflow/venv/lib/python3.10/site-packages/airflow/example_dags/example_trigger_controller_dag.py for tasks to queue
[2024-03-02T09:55:30.828-0300] {logging_mixin.py:188} INFO - [2024-03-02T09:55:30.828-0300] {dagbag.py:540} INFO - Filling up the DagBag from /home/victor/Área de Trabalho/airflow/venv/lib/python3.10/site-packages/airflow/example_dags/example_trigger_controller_dag.py
[2024-03-02T09:55:30.832-0300] {processor.py:840} INFO - DAG(s) 'example_trigger_controller_dag' retrieved from /home/victor/Área de Trabalho/airflow/venv/lib/python3.10/site-packages/airflow/example_dags/example_trigger_controller_dag.py
[2024-03-02T09:55:30.858-0300] {logging_mixin.py:188} INFO - [2024-03-02T09:55:30.858-0300] {dag.py:3047} INFO - Sync 1 DAGs
[2024-03-02T09:55:30.879-0300] {logging_mixin.py:188} INFO - [2024-03-02T09:55:30.879-0300] {dag.py:3834} INFO - Setting next_dagrun for example_trigger_controller_dag to 2021-01-01 00:00:00+00:00, run_after=2021-01-01 00:00:00+00:00
[2024-03-02T09:55:30.897-0300] {processor.py:183} INFO - Processing /home/victor/Área de Trabalho/airflow/venv/lib/python3.10/site-packages/airflow/example_dags/example_trigger_controller_dag.py took 0.074 seconds
[2024-03-02T09:56:01.258-0300] {processor.py:161} INFO - Started process (PID=25628) to work on /home/victor/Área de Trabalho/airflow/venv/lib/python3.10/site-packages/airflow/example_dags/example_trigger_controller_dag.py
[2024-03-02T09:56:01.259-0300] {processor.py:830} INFO - Processing file /home/victor/Área de Trabalho/airflow/venv/lib/python3.10/site-packages/airflow/example_dags/example_trigger_controller_dag.py for tasks to queue
[2024-03-02T09:56:01.260-0300] {logging_mixin.py:188} INFO - [2024-03-02T09:56:01.259-0300] {dagbag.py:540} INFO - Filling up the DagBag from /home/victor/Área de Trabalho/airflow/venv/lib/python3.10/site-packages/airflow/example_dags/example_trigger_controller_dag.py
[2024-03-02T09:56:01.264-0300] {processor.py:840} INFO - DAG(s) 'example_trigger_controller_dag' retrieved from /home/victor/Área de Trabalho/airflow/venv/lib/python3.10/site-packages/airflow/example_dags/example_trigger_controller_dag.py
[2024-03-02T09:56:01.290-0300] {logging_mixin.py:188} INFO - [2024-03-02T09:56:01.289-0300] {dag.py:3047} INFO - Sync 1 DAGs
[2024-03-02T09:56:01.310-0300] {logging_mixin.py:188} INFO - [2024-03-02T09:56:01.310-0300] {dag.py:3834} INFO - Setting next_dagrun for example_trigger_controller_dag to 2021-01-01 00:00:00+00:00, run_after=2021-01-01 00:00:00+00:00
[2024-03-02T09:56:01.329-0300] {processor.py:183} INFO - Processing /home/victor/Área de Trabalho/airflow/venv/lib/python3.10/site-packages/airflow/example_dags/example_trigger_controller_dag.py took 0.074 seconds
[2024-03-02T09:56:31.412-0300] {processor.py:161} INFO - Started process (PID=25945) to work on /home/victor/Área de Trabalho/airflow/venv/lib/python3.10/site-packages/airflow/example_dags/example_trigger_controller_dag.py
[2024-03-02T09:56:31.413-0300] {processor.py:830} INFO - Processing file /home/victor/Área de Trabalho/airflow/venv/lib/python3.10/site-packages/airflow/example_dags/example_trigger_controller_dag.py for tasks to queue
[2024-03-02T09:56:31.414-0300] {logging_mixin.py:188} INFO - [2024-03-02T09:56:31.413-0300] {dagbag.py:540} INFO - Filling up the DagBag from /home/victor/Área de Trabalho/airflow/venv/lib/python3.10/site-packages/airflow/example_dags/example_trigger_controller_dag.py
[2024-03-02T09:56:31.417-0300] {processor.py:840} INFO - DAG(s) 'example_trigger_controller_dag' retrieved from /home/victor/Área de Trabalho/airflow/venv/lib/python3.10/site-packages/airflow/example_dags/example_trigger_controller_dag.py
[2024-03-02T09:56:31.441-0300] {logging_mixin.py:188} INFO - [2024-03-02T09:56:31.441-0300] {dag.py:3047} INFO - Sync 1 DAGs
[2024-03-02T09:56:31.466-0300] {logging_mixin.py:188} INFO - [2024-03-02T09:56:31.465-0300] {dag.py:3834} INFO - Setting next_dagrun for example_trigger_controller_dag to 2021-01-01 00:00:00+00:00, run_after=2021-01-01 00:00:00+00:00
[2024-03-02T09:56:31.483-0300] {processor.py:183} INFO - Processing /home/victor/Área de Trabalho/airflow/venv/lib/python3.10/site-packages/airflow/example_dags/example_trigger_controller_dag.py took 0.073 seconds
[2024-03-02T09:57:01.648-0300] {processor.py:161} INFO - Started process (PID=26421) to work on /home/victor/Área de Trabalho/airflow/venv/lib/python3.10/site-packages/airflow/example_dags/example_trigger_controller_dag.py
[2024-03-02T09:57:01.649-0300] {processor.py:830} INFO - Processing file /home/victor/Área de Trabalho/airflow/venv/lib/python3.10/site-packages/airflow/example_dags/example_trigger_controller_dag.py for tasks to queue
[2024-03-02T09:57:01.650-0300] {logging_mixin.py:188} INFO - [2024-03-02T09:57:01.650-0300] {dagbag.py:540} INFO - Filling up the DagBag from /home/victor/Área de Trabalho/airflow/venv/lib/python3.10/site-packages/airflow/example_dags/example_trigger_controller_dag.py
[2024-03-02T09:57:01.654-0300] {processor.py:840} INFO - DAG(s) 'example_trigger_controller_dag' retrieved from /home/victor/Área de Trabalho/airflow/venv/lib/python3.10/site-packages/airflow/example_dags/example_trigger_controller_dag.py
[2024-03-02T09:57:01.680-0300] {logging_mixin.py:188} INFO - [2024-03-02T09:57:01.680-0300] {dag.py:3047} INFO - Sync 1 DAGs
[2024-03-02T09:57:01.701-0300] {logging_mixin.py:188} INFO - [2024-03-02T09:57:01.701-0300] {dag.py:3834} INFO - Setting next_dagrun for example_trigger_controller_dag to 2021-01-01 00:00:00+00:00, run_after=2021-01-01 00:00:00+00:00
[2024-03-02T09:57:01.719-0300] {processor.py:183} INFO - Processing /home/victor/Área de Trabalho/airflow/venv/lib/python3.10/site-packages/airflow/example_dags/example_trigger_controller_dag.py took 0.074 seconds
[2024-03-02T09:57:32.238-0300] {processor.py:161} INFO - Started process (PID=26903) to work on /home/victor/Área de Trabalho/airflow/venv/lib/python3.10/site-packages/airflow/example_dags/example_trigger_controller_dag.py
[2024-03-02T09:57:32.239-0300] {processor.py:830} INFO - Processing file /home/victor/Área de Trabalho/airflow/venv/lib/python3.10/site-packages/airflow/example_dags/example_trigger_controller_dag.py for tasks to queue
[2024-03-02T09:57:32.240-0300] {logging_mixin.py:188} INFO - [2024-03-02T09:57:32.239-0300] {dagbag.py:540} INFO - Filling up the DagBag from /home/victor/Área de Trabalho/airflow/venv/lib/python3.10/site-packages/airflow/example_dags/example_trigger_controller_dag.py
[2024-03-02T09:57:32.244-0300] {processor.py:840} INFO - DAG(s) 'example_trigger_controller_dag' retrieved from /home/victor/Área de Trabalho/airflow/venv/lib/python3.10/site-packages/airflow/example_dags/example_trigger_controller_dag.py
[2024-03-02T09:57:32.269-0300] {logging_mixin.py:188} INFO - [2024-03-02T09:57:32.269-0300] {dag.py:3047} INFO - Sync 1 DAGs
[2024-03-02T09:57:32.288-0300] {logging_mixin.py:188} INFO - [2024-03-02T09:57:32.288-0300] {dag.py:3834} INFO - Setting next_dagrun for example_trigger_controller_dag to 2021-01-01 00:00:00+00:00, run_after=2021-01-01 00:00:00+00:00
[2024-03-02T09:57:32.307-0300] {processor.py:183} INFO - Processing /home/victor/Área de Trabalho/airflow/venv/lib/python3.10/site-packages/airflow/example_dags/example_trigger_controller_dag.py took 0.072 seconds
[2024-03-02T09:58:02.785-0300] {processor.py:161} INFO - Started process (PID=27433) to work on /home/victor/Área de Trabalho/airflow/venv/lib/python3.10/site-packages/airflow/example_dags/example_trigger_controller_dag.py
[2024-03-02T09:58:02.787-0300] {processor.py:830} INFO - Processing file /home/victor/Área de Trabalho/airflow/venv/lib/python3.10/site-packages/airflow/example_dags/example_trigger_controller_dag.py for tasks to queue
[2024-03-02T09:58:02.787-0300] {logging_mixin.py:188} INFO - [2024-03-02T09:58:02.787-0300] {dagbag.py:540} INFO - Filling up the DagBag from /home/victor/Área de Trabalho/airflow/venv/lib/python3.10/site-packages/airflow/example_dags/example_trigger_controller_dag.py
[2024-03-02T09:58:02.792-0300] {processor.py:840} INFO - DAG(s) 'example_trigger_controller_dag' retrieved from /home/victor/Área de Trabalho/airflow/venv/lib/python3.10/site-packages/airflow/example_dags/example_trigger_controller_dag.py
[2024-03-02T09:58:02.823-0300] {logging_mixin.py:188} INFO - [2024-03-02T09:58:02.823-0300] {dag.py:3047} INFO - Sync 1 DAGs
[2024-03-02T09:58:02.848-0300] {logging_mixin.py:188} INFO - [2024-03-02T09:58:02.848-0300] {dag.py:3834} INFO - Setting next_dagrun for example_trigger_controller_dag to 2021-01-01 00:00:00+00:00, run_after=2021-01-01 00:00:00+00:00
[2024-03-02T09:58:02.871-0300] {processor.py:183} INFO - Processing /home/victor/Área de Trabalho/airflow/venv/lib/python3.10/site-packages/airflow/example_dags/example_trigger_controller_dag.py took 0.090 seconds
[2024-03-02T09:58:33.379-0300] {processor.py:161} INFO - Started process (PID=28364) to work on /home/victor/Área de Trabalho/airflow/venv/lib/python3.10/site-packages/airflow/example_dags/example_trigger_controller_dag.py
[2024-03-02T09:58:33.379-0300] {processor.py:830} INFO - Processing file /home/victor/Área de Trabalho/airflow/venv/lib/python3.10/site-packages/airflow/example_dags/example_trigger_controller_dag.py for tasks to queue
[2024-03-02T09:58:33.380-0300] {logging_mixin.py:188} INFO - [2024-03-02T09:58:33.380-0300] {dagbag.py:540} INFO - Filling up the DagBag from /home/victor/Área de Trabalho/airflow/venv/lib/python3.10/site-packages/airflow/example_dags/example_trigger_controller_dag.py
[2024-03-02T09:58:33.384-0300] {processor.py:840} INFO - DAG(s) 'example_trigger_controller_dag' retrieved from /home/victor/Área de Trabalho/airflow/venv/lib/python3.10/site-packages/airflow/example_dags/example_trigger_controller_dag.py
[2024-03-02T09:58:33.414-0300] {logging_mixin.py:188} INFO - [2024-03-02T09:58:33.413-0300] {dag.py:3047} INFO - Sync 1 DAGs
[2024-03-02T09:58:33.435-0300] {logging_mixin.py:188} INFO - [2024-03-02T09:58:33.434-0300] {dag.py:3834} INFO - Setting next_dagrun for example_trigger_controller_dag to 2021-01-01 00:00:00+00:00, run_after=2021-01-01 00:00:00+00:00
[2024-03-02T09:58:33.454-0300] {processor.py:183} INFO - Processing /home/victor/Área de Trabalho/airflow/venv/lib/python3.10/site-packages/airflow/example_dags/example_trigger_controller_dag.py took 0.079 seconds
[2024-03-02T09:59:04.074-0300] {processor.py:161} INFO - Started process (PID=29339) to work on /home/victor/Área de Trabalho/airflow/venv/lib/python3.10/site-packages/airflow/example_dags/example_trigger_controller_dag.py
[2024-03-02T09:59:04.081-0300] {processor.py:830} INFO - Processing file /home/victor/Área de Trabalho/airflow/venv/lib/python3.10/site-packages/airflow/example_dags/example_trigger_controller_dag.py for tasks to queue
[2024-03-02T09:59:04.081-0300] {logging_mixin.py:188} INFO - [2024-03-02T09:59:04.081-0300] {dagbag.py:540} INFO - Filling up the DagBag from /home/victor/Área de Trabalho/airflow/venv/lib/python3.10/site-packages/airflow/example_dags/example_trigger_controller_dag.py
[2024-03-02T09:59:04.086-0300] {processor.py:840} INFO - DAG(s) 'example_trigger_controller_dag' retrieved from /home/victor/Área de Trabalho/airflow/venv/lib/python3.10/site-packages/airflow/example_dags/example_trigger_controller_dag.py
[2024-03-02T09:59:04.112-0300] {logging_mixin.py:188} INFO - [2024-03-02T09:59:04.111-0300] {dag.py:3047} INFO - Sync 1 DAGs
[2024-03-02T09:59:04.131-0300] {logging_mixin.py:188} INFO - [2024-03-02T09:59:04.131-0300] {dag.py:3834} INFO - Setting next_dagrun for example_trigger_controller_dag to 2021-01-01 00:00:00+00:00, run_after=2021-01-01 00:00:00+00:00
[2024-03-02T09:59:04.149-0300] {processor.py:183} INFO - Processing /home/victor/Área de Trabalho/airflow/venv/lib/python3.10/site-packages/airflow/example_dags/example_trigger_controller_dag.py took 0.077 seconds
