[2024-03-02T09:36:58.908-0300] {processor.py:161} INFO - Started process (PID=7941) to work on /home/victor/Área de Trabalho/airflow/venv/lib/python3.10/site-packages/airflow/example_dags/example_python_decorator.py
[2024-03-02T09:36:58.909-0300] {processor.py:830} INFO - Processing file /home/victor/Área de Trabalho/airflow/venv/lib/python3.10/site-packages/airflow/example_dags/example_python_decorator.py for tasks to queue
[2024-03-02T09:36:58.910-0300] {logging_mixin.py:188} INFO - [2024-03-02T09:36:58.910-0300] {dagbag.py:540} INFO - Filling up the DagBag from /home/victor/Área de Trabalho/airflow/venv/lib/python3.10/site-packages/airflow/example_dags/example_python_decorator.py
[2024-03-02T09:36:58.922-0300] {processor.py:840} INFO - DAG(s) 'example_python_decorator' retrieved from /home/victor/Área de Trabalho/airflow/venv/lib/python3.10/site-packages/airflow/example_dags/example_python_decorator.py
[2024-03-02T09:36:58.941-0300] {logging_mixin.py:188} INFO - [2024-03-02T09:36:58.940-0300] {dag.py:3047} INFO - Sync 1 DAGs
[2024-03-02T09:36:58.953-0300] {logging_mixin.py:188} INFO - [2024-03-02T09:36:58.953-0300] {dag.py:3834} INFO - Setting next_dagrun for example_python_decorator to None, run_after=None
[2024-03-02T09:36:58.982-0300] {processor.py:183} INFO - Processing /home/victor/Área de Trabalho/airflow/venv/lib/python3.10/site-packages/airflow/example_dags/example_python_decorator.py took 0.089 seconds
[2024-03-02T09:37:30.063-0300] {processor.py:161} INFO - Started process (PID=9350) to work on /home/victor/Área de Trabalho/airflow/venv/lib/python3.10/site-packages/airflow/example_dags/example_python_decorator.py
[2024-03-02T09:37:30.064-0300] {processor.py:830} INFO - Processing file /home/victor/Área de Trabalho/airflow/venv/lib/python3.10/site-packages/airflow/example_dags/example_python_decorator.py for tasks to queue
[2024-03-02T09:37:30.064-0300] {logging_mixin.py:188} INFO - [2024-03-02T09:37:30.064-0300] {dagbag.py:540} INFO - Filling up the DagBag from /home/victor/Área de Trabalho/airflow/venv/lib/python3.10/site-packages/airflow/example_dags/example_python_decorator.py
[2024-03-02T09:37:30.076-0300] {processor.py:840} INFO - DAG(s) 'example_python_decorator' retrieved from /home/victor/Área de Trabalho/airflow/venv/lib/python3.10/site-packages/airflow/example_dags/example_python_decorator.py
[2024-03-02T09:37:30.173-0300] {logging_mixin.py:188} INFO - [2024-03-02T09:37:30.173-0300] {dag.py:3047} INFO - Sync 1 DAGs
[2024-03-02T09:37:30.184-0300] {logging_mixin.py:188} INFO - [2024-03-02T09:37:30.184-0300] {dag.py:3834} INFO - Setting next_dagrun for example_python_decorator to None, run_after=None
[2024-03-02T09:37:30.202-0300] {processor.py:183} INFO - Processing /home/victor/Área de Trabalho/airflow/venv/lib/python3.10/site-packages/airflow/example_dags/example_python_decorator.py took 0.142 seconds
[2024-03-02T09:38:00.437-0300] {processor.py:161} INFO - Started process (PID=10016) to work on /home/victor/Área de Trabalho/airflow/venv/lib/python3.10/site-packages/airflow/example_dags/example_python_decorator.py
[2024-03-02T09:38:00.438-0300] {processor.py:830} INFO - Processing file /home/victor/Área de Trabalho/airflow/venv/lib/python3.10/site-packages/airflow/example_dags/example_python_decorator.py for tasks to queue
[2024-03-02T09:38:00.438-0300] {logging_mixin.py:188} INFO - [2024-03-02T09:38:00.438-0300] {dagbag.py:540} INFO - Filling up the DagBag from /home/victor/Área de Trabalho/airflow/venv/lib/python3.10/site-packages/airflow/example_dags/example_python_decorator.py
[2024-03-02T09:38:00.451-0300] {processor.py:840} INFO - DAG(s) 'example_python_decorator' retrieved from /home/victor/Área de Trabalho/airflow/venv/lib/python3.10/site-packages/airflow/example_dags/example_python_decorator.py
[2024-03-02T09:38:00.481-0300] {logging_mixin.py:188} INFO - [2024-03-02T09:38:00.480-0300] {dag.py:3047} INFO - Sync 1 DAGs
[2024-03-02T09:38:00.493-0300] {logging_mixin.py:188} INFO - [2024-03-02T09:38:00.493-0300] {dag.py:3834} INFO - Setting next_dagrun for example_python_decorator to None, run_after=None
[2024-03-02T09:38:00.512-0300] {processor.py:183} INFO - Processing /home/victor/Área de Trabalho/airflow/venv/lib/python3.10/site-packages/airflow/example_dags/example_python_decorator.py took 0.078 seconds
[2024-03-02T09:38:31.860-0300] {processor.py:161} INFO - Started process (PID=10330) to work on /home/victor/Área de Trabalho/airflow/venv/lib/python3.10/site-packages/airflow/example_dags/example_python_decorator.py
[2024-03-02T09:38:31.861-0300] {processor.py:830} INFO - Processing file /home/victor/Área de Trabalho/airflow/venv/lib/python3.10/site-packages/airflow/example_dags/example_python_decorator.py for tasks to queue
[2024-03-02T09:38:31.862-0300] {logging_mixin.py:188} INFO - [2024-03-02T09:38:31.861-0300] {dagbag.py:540} INFO - Filling up the DagBag from /home/victor/Área de Trabalho/airflow/venv/lib/python3.10/site-packages/airflow/example_dags/example_python_decorator.py
[2024-03-02T09:38:31.873-0300] {processor.py:840} INFO - DAG(s) 'example_python_decorator' retrieved from /home/victor/Área de Trabalho/airflow/venv/lib/python3.10/site-packages/airflow/example_dags/example_python_decorator.py
[2024-03-02T09:38:31.901-0300] {logging_mixin.py:188} INFO - [2024-03-02T09:38:31.901-0300] {dag.py:3047} INFO - Sync 1 DAGs
[2024-03-02T09:38:31.912-0300] {logging_mixin.py:188} INFO - [2024-03-02T09:38:31.912-0300] {dag.py:3834} INFO - Setting next_dagrun for example_python_decorator to None, run_after=None
[2024-03-02T09:38:31.931-0300] {processor.py:183} INFO - Processing /home/victor/Área de Trabalho/airflow/venv/lib/python3.10/site-packages/airflow/example_dags/example_python_decorator.py took 0.074 seconds
[2024-03-02T09:39:03.273-0300] {processor.py:161} INFO - Started process (PID=10886) to work on /home/victor/Área de Trabalho/airflow/venv/lib/python3.10/site-packages/airflow/example_dags/example_python_decorator.py
[2024-03-02T09:39:03.274-0300] {processor.py:830} INFO - Processing file /home/victor/Área de Trabalho/airflow/venv/lib/python3.10/site-packages/airflow/example_dags/example_python_decorator.py for tasks to queue
[2024-03-02T09:39:03.274-0300] {logging_mixin.py:188} INFO - [2024-03-02T09:39:03.274-0300] {dagbag.py:540} INFO - Filling up the DagBag from /home/victor/Área de Trabalho/airflow/venv/lib/python3.10/site-packages/airflow/example_dags/example_python_decorator.py
[2024-03-02T09:39:03.285-0300] {processor.py:840} INFO - DAG(s) 'example_python_decorator' retrieved from /home/victor/Área de Trabalho/airflow/venv/lib/python3.10/site-packages/airflow/example_dags/example_python_decorator.py
[2024-03-02T09:39:03.313-0300] {logging_mixin.py:188} INFO - [2024-03-02T09:39:03.313-0300] {dag.py:3047} INFO - Sync 1 DAGs
[2024-03-02T09:39:03.324-0300] {logging_mixin.py:188} INFO - [2024-03-02T09:39:03.324-0300] {dag.py:3834} INFO - Setting next_dagrun for example_python_decorator to None, run_after=None
[2024-03-02T09:39:03.345-0300] {processor.py:183} INFO - Processing /home/victor/Área de Trabalho/airflow/venv/lib/python3.10/site-packages/airflow/example_dags/example_python_decorator.py took 0.075 seconds
[2024-03-02T09:39:34.444-0300] {processor.py:161} INFO - Started process (PID=11487) to work on /home/victor/Área de Trabalho/airflow/venv/lib/python3.10/site-packages/airflow/example_dags/example_python_decorator.py
[2024-03-02T09:39:34.445-0300] {processor.py:830} INFO - Processing file /home/victor/Área de Trabalho/airflow/venv/lib/python3.10/site-packages/airflow/example_dags/example_python_decorator.py for tasks to queue
[2024-03-02T09:39:34.446-0300] {logging_mixin.py:188} INFO - [2024-03-02T09:39:34.445-0300] {dagbag.py:540} INFO - Filling up the DagBag from /home/victor/Área de Trabalho/airflow/venv/lib/python3.10/site-packages/airflow/example_dags/example_python_decorator.py
[2024-03-02T09:39:34.457-0300] {processor.py:840} INFO - DAG(s) 'example_python_decorator' retrieved from /home/victor/Área de Trabalho/airflow/venv/lib/python3.10/site-packages/airflow/example_dags/example_python_decorator.py
[2024-03-02T09:39:34.484-0300] {logging_mixin.py:188} INFO - [2024-03-02T09:39:34.484-0300] {dag.py:3047} INFO - Sync 1 DAGs
[2024-03-02T09:39:34.496-0300] {logging_mixin.py:188} INFO - [2024-03-02T09:39:34.495-0300] {dag.py:3834} INFO - Setting next_dagrun for example_python_decorator to None, run_after=None
[2024-03-02T09:39:34.514-0300] {processor.py:183} INFO - Processing /home/victor/Área de Trabalho/airflow/venv/lib/python3.10/site-packages/airflow/example_dags/example_python_decorator.py took 0.073 seconds
[2024-03-02T09:40:05.755-0300] {processor.py:161} INFO - Started process (PID=11963) to work on /home/victor/Área de Trabalho/airflow/venv/lib/python3.10/site-packages/airflow/example_dags/example_python_decorator.py
[2024-03-02T09:40:05.756-0300] {processor.py:830} INFO - Processing file /home/victor/Área de Trabalho/airflow/venv/lib/python3.10/site-packages/airflow/example_dags/example_python_decorator.py for tasks to queue
[2024-03-02T09:40:05.756-0300] {logging_mixin.py:188} INFO - [2024-03-02T09:40:05.756-0300] {dagbag.py:540} INFO - Filling up the DagBag from /home/victor/Área de Trabalho/airflow/venv/lib/python3.10/site-packages/airflow/example_dags/example_python_decorator.py
[2024-03-02T09:40:05.769-0300] {processor.py:840} INFO - DAG(s) 'example_python_decorator' retrieved from /home/victor/Área de Trabalho/airflow/venv/lib/python3.10/site-packages/airflow/example_dags/example_python_decorator.py
[2024-03-02T09:40:05.797-0300] {logging_mixin.py:188} INFO - [2024-03-02T09:40:05.796-0300] {dag.py:3047} INFO - Sync 1 DAGs
[2024-03-02T09:40:05.809-0300] {logging_mixin.py:188} INFO - [2024-03-02T09:40:05.809-0300] {dag.py:3834} INFO - Setting next_dagrun for example_python_decorator to None, run_after=None
[2024-03-02T09:40:05.826-0300] {processor.py:183} INFO - Processing /home/victor/Área de Trabalho/airflow/venv/lib/python3.10/site-packages/airflow/example_dags/example_python_decorator.py took 0.075 seconds
[2024-03-02T09:40:37.155-0300] {processor.py:161} INFO - Started process (PID=12341) to work on /home/victor/Área de Trabalho/airflow/venv/lib/python3.10/site-packages/airflow/example_dags/example_python_decorator.py
[2024-03-02T09:40:37.156-0300] {processor.py:830} INFO - Processing file /home/victor/Área de Trabalho/airflow/venv/lib/python3.10/site-packages/airflow/example_dags/example_python_decorator.py for tasks to queue
[2024-03-02T09:40:37.157-0300] {logging_mixin.py:188} INFO - [2024-03-02T09:40:37.156-0300] {dagbag.py:540} INFO - Filling up the DagBag from /home/victor/Área de Trabalho/airflow/venv/lib/python3.10/site-packages/airflow/example_dags/example_python_decorator.py
[2024-03-02T09:40:37.174-0300] {processor.py:840} INFO - DAG(s) 'example_python_decorator' retrieved from /home/victor/Área de Trabalho/airflow/venv/lib/python3.10/site-packages/airflow/example_dags/example_python_decorator.py
[2024-03-02T09:40:37.202-0300] {logging_mixin.py:188} INFO - [2024-03-02T09:40:37.202-0300] {dag.py:3047} INFO - Sync 1 DAGs
[2024-03-02T09:40:37.216-0300] {logging_mixin.py:188} INFO - [2024-03-02T09:40:37.216-0300] {dag.py:3834} INFO - Setting next_dagrun for example_python_decorator to None, run_after=None
[2024-03-02T09:40:37.237-0300] {processor.py:183} INFO - Processing /home/victor/Área de Trabalho/airflow/venv/lib/python3.10/site-packages/airflow/example_dags/example_python_decorator.py took 0.085 seconds
[2024-03-02T09:41:08.162-0300] {processor.py:161} INFO - Started process (PID=12819) to work on /home/victor/Área de Trabalho/airflow/venv/lib/python3.10/site-packages/airflow/example_dags/example_python_decorator.py
[2024-03-02T09:41:08.163-0300] {processor.py:830} INFO - Processing file /home/victor/Área de Trabalho/airflow/venv/lib/python3.10/site-packages/airflow/example_dags/example_python_decorator.py for tasks to queue
[2024-03-02T09:41:08.163-0300] {logging_mixin.py:188} INFO - [2024-03-02T09:41:08.163-0300] {dagbag.py:540} INFO - Filling up the DagBag from /home/victor/Área de Trabalho/airflow/venv/lib/python3.10/site-packages/airflow/example_dags/example_python_decorator.py
[2024-03-02T09:41:08.177-0300] {processor.py:840} INFO - DAG(s) 'example_python_decorator' retrieved from /home/victor/Área de Trabalho/airflow/venv/lib/python3.10/site-packages/airflow/example_dags/example_python_decorator.py
[2024-03-02T09:41:08.212-0300] {logging_mixin.py:188} INFO - [2024-03-02T09:41:08.212-0300] {dag.py:3047} INFO - Sync 1 DAGs
[2024-03-02T09:41:08.226-0300] {logging_mixin.py:188} INFO - [2024-03-02T09:41:08.225-0300] {dag.py:3834} INFO - Setting next_dagrun for example_python_decorator to None, run_after=None
[2024-03-02T09:41:08.251-0300] {processor.py:183} INFO - Processing /home/victor/Área de Trabalho/airflow/venv/lib/python3.10/site-packages/airflow/example_dags/example_python_decorator.py took 0.093 seconds
[2024-03-02T09:41:38.868-0300] {processor.py:161} INFO - Started process (PID=13132) to work on /home/victor/Área de Trabalho/airflow/venv/lib/python3.10/site-packages/airflow/example_dags/example_python_decorator.py
[2024-03-02T09:41:38.869-0300] {processor.py:830} INFO - Processing file /home/victor/Área de Trabalho/airflow/venv/lib/python3.10/site-packages/airflow/example_dags/example_python_decorator.py for tasks to queue
[2024-03-02T09:41:38.870-0300] {logging_mixin.py:188} INFO - [2024-03-02T09:41:38.869-0300] {dagbag.py:540} INFO - Filling up the DagBag from /home/victor/Área de Trabalho/airflow/venv/lib/python3.10/site-packages/airflow/example_dags/example_python_decorator.py
[2024-03-02T09:41:38.882-0300] {processor.py:840} INFO - DAG(s) 'example_python_decorator' retrieved from /home/victor/Área de Trabalho/airflow/venv/lib/python3.10/site-packages/airflow/example_dags/example_python_decorator.py
[2024-03-02T09:41:38.914-0300] {logging_mixin.py:188} INFO - [2024-03-02T09:41:38.914-0300] {dag.py:3047} INFO - Sync 1 DAGs
[2024-03-02T09:41:38.926-0300] {logging_mixin.py:188} INFO - [2024-03-02T09:41:38.925-0300] {dag.py:3834} INFO - Setting next_dagrun for example_python_decorator to None, run_after=None
[2024-03-02T09:41:38.952-0300] {processor.py:183} INFO - Processing /home/victor/Área de Trabalho/airflow/venv/lib/python3.10/site-packages/airflow/example_dags/example_python_decorator.py took 0.087 seconds
[2024-03-02T09:42:09.735-0300] {processor.py:161} INFO - Started process (PID=13765) to work on /home/victor/Área de Trabalho/airflow/venv/lib/python3.10/site-packages/airflow/example_dags/example_python_decorator.py
[2024-03-02T09:42:09.737-0300] {processor.py:830} INFO - Processing file /home/victor/Área de Trabalho/airflow/venv/lib/python3.10/site-packages/airflow/example_dags/example_python_decorator.py for tasks to queue
[2024-03-02T09:42:09.737-0300] {logging_mixin.py:188} INFO - [2024-03-02T09:42:09.737-0300] {dagbag.py:540} INFO - Filling up the DagBag from /home/victor/Área de Trabalho/airflow/venv/lib/python3.10/site-packages/airflow/example_dags/example_python_decorator.py
[2024-03-02T09:42:09.750-0300] {processor.py:840} INFO - DAG(s) 'example_python_decorator' retrieved from /home/victor/Área de Trabalho/airflow/venv/lib/python3.10/site-packages/airflow/example_dags/example_python_decorator.py
[2024-03-02T09:42:09.778-0300] {logging_mixin.py:188} INFO - [2024-03-02T09:42:09.778-0300] {dag.py:3047} INFO - Sync 1 DAGs
[2024-03-02T09:42:09.793-0300] {logging_mixin.py:188} INFO - [2024-03-02T09:42:09.793-0300] {dag.py:3834} INFO - Setting next_dagrun for example_python_decorator to None, run_after=None
[2024-03-02T09:42:09.814-0300] {processor.py:183} INFO - Processing /home/victor/Área de Trabalho/airflow/venv/lib/python3.10/site-packages/airflow/example_dags/example_python_decorator.py took 0.082 seconds
[2024-03-02T09:42:40.582-0300] {processor.py:161} INFO - Started process (PID=14086) to work on /home/victor/Área de Trabalho/airflow/venv/lib/python3.10/site-packages/airflow/example_dags/example_python_decorator.py
[2024-03-02T09:42:40.582-0300] {processor.py:830} INFO - Processing file /home/victor/Área de Trabalho/airflow/venv/lib/python3.10/site-packages/airflow/example_dags/example_python_decorator.py for tasks to queue
[2024-03-02T09:42:40.583-0300] {logging_mixin.py:188} INFO - [2024-03-02T09:42:40.583-0300] {dagbag.py:540} INFO - Filling up the DagBag from /home/victor/Área de Trabalho/airflow/venv/lib/python3.10/site-packages/airflow/example_dags/example_python_decorator.py
[2024-03-02T09:42:40.604-0300] {processor.py:840} INFO - DAG(s) 'example_python_decorator' retrieved from /home/victor/Área de Trabalho/airflow/venv/lib/python3.10/site-packages/airflow/example_dags/example_python_decorator.py
[2024-03-02T09:42:40.637-0300] {logging_mixin.py:188} INFO - [2024-03-02T09:42:40.637-0300] {dag.py:3047} INFO - Sync 1 DAGs
[2024-03-02T09:42:40.649-0300] {logging_mixin.py:188} INFO - [2024-03-02T09:42:40.649-0300] {dag.py:3834} INFO - Setting next_dagrun for example_python_decorator to None, run_after=None
[2024-03-02T09:42:40.681-0300] {processor.py:183} INFO - Processing /home/victor/Área de Trabalho/airflow/venv/lib/python3.10/site-packages/airflow/example_dags/example_python_decorator.py took 0.103 seconds
[2024-03-02T09:43:11.741-0300] {processor.py:161} INFO - Started process (PID=14568) to work on /home/victor/Área de Trabalho/airflow/venv/lib/python3.10/site-packages/airflow/example_dags/example_python_decorator.py
[2024-03-02T09:43:11.742-0300] {processor.py:830} INFO - Processing file /home/victor/Área de Trabalho/airflow/venv/lib/python3.10/site-packages/airflow/example_dags/example_python_decorator.py for tasks to queue
[2024-03-02T09:43:11.743-0300] {logging_mixin.py:188} INFO - [2024-03-02T09:43:11.742-0300] {dagbag.py:540} INFO - Filling up the DagBag from /home/victor/Área de Trabalho/airflow/venv/lib/python3.10/site-packages/airflow/example_dags/example_python_decorator.py
[2024-03-02T09:43:11.755-0300] {processor.py:840} INFO - DAG(s) 'example_python_decorator' retrieved from /home/victor/Área de Trabalho/airflow/venv/lib/python3.10/site-packages/airflow/example_dags/example_python_decorator.py
[2024-03-02T09:43:11.787-0300] {logging_mixin.py:188} INFO - [2024-03-02T09:43:11.786-0300] {dag.py:3047} INFO - Sync 1 DAGs
[2024-03-02T09:43:11.799-0300] {logging_mixin.py:188} INFO - [2024-03-02T09:43:11.798-0300] {dag.py:3834} INFO - Setting next_dagrun for example_python_decorator to None, run_after=None
[2024-03-02T09:43:11.823-0300] {processor.py:183} INFO - Processing /home/victor/Área de Trabalho/airflow/venv/lib/python3.10/site-packages/airflow/example_dags/example_python_decorator.py took 0.086 seconds
[2024-03-02T09:43:42.467-0300] {processor.py:161} INFO - Started process (PID=14888) to work on /home/victor/Área de Trabalho/airflow/venv/lib/python3.10/site-packages/airflow/example_dags/example_python_decorator.py
[2024-03-02T09:43:42.468-0300] {processor.py:830} INFO - Processing file /home/victor/Área de Trabalho/airflow/venv/lib/python3.10/site-packages/airflow/example_dags/example_python_decorator.py for tasks to queue
[2024-03-02T09:43:42.469-0300] {logging_mixin.py:188} INFO - [2024-03-02T09:43:42.469-0300] {dagbag.py:540} INFO - Filling up the DagBag from /home/victor/Área de Trabalho/airflow/venv/lib/python3.10/site-packages/airflow/example_dags/example_python_decorator.py
[2024-03-02T09:43:42.483-0300] {processor.py:840} INFO - DAG(s) 'example_python_decorator' retrieved from /home/victor/Área de Trabalho/airflow/venv/lib/python3.10/site-packages/airflow/example_dags/example_python_decorator.py
[2024-03-02T09:43:42.519-0300] {logging_mixin.py:188} INFO - [2024-03-02T09:43:42.519-0300] {dag.py:3047} INFO - Sync 1 DAGs
[2024-03-02T09:43:42.534-0300] {logging_mixin.py:188} INFO - [2024-03-02T09:43:42.534-0300] {dag.py:3834} INFO - Setting next_dagrun for example_python_decorator to None, run_after=None
[2024-03-02T09:43:42.554-0300] {processor.py:183} INFO - Processing /home/victor/Área de Trabalho/airflow/venv/lib/python3.10/site-packages/airflow/example_dags/example_python_decorator.py took 0.089 seconds
[2024-03-02T09:44:13.950-0300] {processor.py:161} INFO - Started process (PID=15373) to work on /home/victor/Área de Trabalho/airflow/venv/lib/python3.10/site-packages/airflow/example_dags/example_python_decorator.py
[2024-03-02T09:44:13.951-0300] {processor.py:830} INFO - Processing file /home/victor/Área de Trabalho/airflow/venv/lib/python3.10/site-packages/airflow/example_dags/example_python_decorator.py for tasks to queue
[2024-03-02T09:44:13.951-0300] {logging_mixin.py:188} INFO - [2024-03-02T09:44:13.951-0300] {dagbag.py:540} INFO - Filling up the DagBag from /home/victor/Área de Trabalho/airflow/venv/lib/python3.10/site-packages/airflow/example_dags/example_python_decorator.py
[2024-03-02T09:44:13.964-0300] {processor.py:840} INFO - DAG(s) 'example_python_decorator' retrieved from /home/victor/Área de Trabalho/airflow/venv/lib/python3.10/site-packages/airflow/example_dags/example_python_decorator.py
[2024-03-02T09:44:14.002-0300] {logging_mixin.py:188} INFO - [2024-03-02T09:44:14.002-0300] {dag.py:3047} INFO - Sync 1 DAGs
[2024-03-02T09:44:14.015-0300] {logging_mixin.py:188} INFO - [2024-03-02T09:44:14.014-0300] {dag.py:3834} INFO - Setting next_dagrun for example_python_decorator to None, run_after=None
[2024-03-02T09:44:14.039-0300] {processor.py:183} INFO - Processing /home/victor/Área de Trabalho/airflow/venv/lib/python3.10/site-packages/airflow/example_dags/example_python_decorator.py took 0.093 seconds
[2024-03-02T09:44:44.667-0300] {processor.py:161} INFO - Started process (PID=15692) to work on /home/victor/Área de Trabalho/airflow/venv/lib/python3.10/site-packages/airflow/example_dags/example_python_decorator.py
[2024-03-02T09:44:44.668-0300] {processor.py:830} INFO - Processing file /home/victor/Área de Trabalho/airflow/venv/lib/python3.10/site-packages/airflow/example_dags/example_python_decorator.py for tasks to queue
[2024-03-02T09:44:44.669-0300] {logging_mixin.py:188} INFO - [2024-03-02T09:44:44.668-0300] {dagbag.py:540} INFO - Filling up the DagBag from /home/victor/Área de Trabalho/airflow/venv/lib/python3.10/site-packages/airflow/example_dags/example_python_decorator.py
[2024-03-02T09:44:44.683-0300] {processor.py:840} INFO - DAG(s) 'example_python_decorator' retrieved from /home/victor/Área de Trabalho/airflow/venv/lib/python3.10/site-packages/airflow/example_dags/example_python_decorator.py
[2024-03-02T09:44:44.714-0300] {logging_mixin.py:188} INFO - [2024-03-02T09:44:44.714-0300] {dag.py:3047} INFO - Sync 1 DAGs
[2024-03-02T09:44:44.729-0300] {logging_mixin.py:188} INFO - [2024-03-02T09:44:44.728-0300] {dag.py:3834} INFO - Setting next_dagrun for example_python_decorator to None, run_after=None
[2024-03-02T09:44:44.751-0300] {processor.py:183} INFO - Processing /home/victor/Área de Trabalho/airflow/venv/lib/python3.10/site-packages/airflow/example_dags/example_python_decorator.py took 0.087 seconds
[2024-03-02T09:45:15.513-0300] {processor.py:161} INFO - Started process (PID=16185) to work on /home/victor/Área de Trabalho/airflow/venv/lib/python3.10/site-packages/airflow/example_dags/example_python_decorator.py
[2024-03-02T09:45:15.514-0300] {processor.py:830} INFO - Processing file /home/victor/Área de Trabalho/airflow/venv/lib/python3.10/site-packages/airflow/example_dags/example_python_decorator.py for tasks to queue
[2024-03-02T09:45:15.515-0300] {logging_mixin.py:188} INFO - [2024-03-02T09:45:15.514-0300] {dagbag.py:540} INFO - Filling up the DagBag from /home/victor/Área de Trabalho/airflow/venv/lib/python3.10/site-packages/airflow/example_dags/example_python_decorator.py
[2024-03-02T09:45:15.534-0300] {processor.py:840} INFO - DAG(s) 'example_python_decorator' retrieved from /home/victor/Área de Trabalho/airflow/venv/lib/python3.10/site-packages/airflow/example_dags/example_python_decorator.py
[2024-03-02T09:45:15.585-0300] {logging_mixin.py:188} INFO - [2024-03-02T09:45:15.585-0300] {dag.py:3047} INFO - Sync 1 DAGs
[2024-03-02T09:45:15.601-0300] {logging_mixin.py:188} INFO - [2024-03-02T09:45:15.600-0300] {dag.py:3834} INFO - Setting next_dagrun for example_python_decorator to None, run_after=None
[2024-03-02T09:45:15.625-0300] {processor.py:183} INFO - Processing /home/victor/Área de Trabalho/airflow/venv/lib/python3.10/site-packages/airflow/example_dags/example_python_decorator.py took 0.117 seconds
[2024-03-02T09:45:46.506-0300] {processor.py:161} INFO - Started process (PID=16693) to work on /home/victor/Área de Trabalho/airflow/venv/lib/python3.10/site-packages/airflow/example_dags/example_python_decorator.py
[2024-03-02T09:45:46.507-0300] {processor.py:830} INFO - Processing file /home/victor/Área de Trabalho/airflow/venv/lib/python3.10/site-packages/airflow/example_dags/example_python_decorator.py for tasks to queue
[2024-03-02T09:45:46.508-0300] {logging_mixin.py:188} INFO - [2024-03-02T09:45:46.507-0300] {dagbag.py:540} INFO - Filling up the DagBag from /home/victor/Área de Trabalho/airflow/venv/lib/python3.10/site-packages/airflow/example_dags/example_python_decorator.py
[2024-03-02T09:45:46.520-0300] {processor.py:840} INFO - DAG(s) 'example_python_decorator' retrieved from /home/victor/Área de Trabalho/airflow/venv/lib/python3.10/site-packages/airflow/example_dags/example_python_decorator.py
[2024-03-02T09:45:46.551-0300] {logging_mixin.py:188} INFO - [2024-03-02T09:45:46.551-0300] {dag.py:3047} INFO - Sync 1 DAGs
[2024-03-02T09:45:46.564-0300] {logging_mixin.py:188} INFO - [2024-03-02T09:45:46.564-0300] {dag.py:3834} INFO - Setting next_dagrun for example_python_decorator to None, run_after=None
[2024-03-02T09:45:46.583-0300] {processor.py:183} INFO - Processing /home/victor/Área de Trabalho/airflow/venv/lib/python3.10/site-packages/airflow/example_dags/example_python_decorator.py took 0.080 seconds
[2024-03-02T09:46:18.179-0300] {processor.py:161} INFO - Started process (PID=17178) to work on /home/victor/Área de Trabalho/airflow/venv/lib/python3.10/site-packages/airflow/example_dags/example_python_decorator.py
[2024-03-02T09:46:18.180-0300] {processor.py:830} INFO - Processing file /home/victor/Área de Trabalho/airflow/venv/lib/python3.10/site-packages/airflow/example_dags/example_python_decorator.py for tasks to queue
[2024-03-02T09:46:18.181-0300] {logging_mixin.py:188} INFO - [2024-03-02T09:46:18.180-0300] {dagbag.py:540} INFO - Filling up the DagBag from /home/victor/Área de Trabalho/airflow/venv/lib/python3.10/site-packages/airflow/example_dags/example_python_decorator.py
[2024-03-02T09:46:18.192-0300] {processor.py:840} INFO - DAG(s) 'example_python_decorator' retrieved from /home/victor/Área de Trabalho/airflow/venv/lib/python3.10/site-packages/airflow/example_dags/example_python_decorator.py
[2024-03-02T09:46:18.223-0300] {logging_mixin.py:188} INFO - [2024-03-02T09:46:18.223-0300] {dag.py:3047} INFO - Sync 1 DAGs
[2024-03-02T09:46:18.235-0300] {logging_mixin.py:188} INFO - [2024-03-02T09:46:18.234-0300] {dag.py:3834} INFO - Setting next_dagrun for example_python_decorator to None, run_after=None
[2024-03-02T09:46:18.256-0300] {processor.py:183} INFO - Processing /home/victor/Área de Trabalho/airflow/venv/lib/python3.10/site-packages/airflow/example_dags/example_python_decorator.py took 0.080 seconds
[2024-03-02T09:46:48.773-0300] {processor.py:161} INFO - Started process (PID=17499) to work on /home/victor/Área de Trabalho/airflow/venv/lib/python3.10/site-packages/airflow/example_dags/example_python_decorator.py
[2024-03-02T09:46:48.774-0300] {processor.py:830} INFO - Processing file /home/victor/Área de Trabalho/airflow/venv/lib/python3.10/site-packages/airflow/example_dags/example_python_decorator.py for tasks to queue
[2024-03-02T09:46:48.774-0300] {logging_mixin.py:188} INFO - [2024-03-02T09:46:48.774-0300] {dagbag.py:540} INFO - Filling up the DagBag from /home/victor/Área de Trabalho/airflow/venv/lib/python3.10/site-packages/airflow/example_dags/example_python_decorator.py
[2024-03-02T09:46:48.786-0300] {processor.py:840} INFO - DAG(s) 'example_python_decorator' retrieved from /home/victor/Área de Trabalho/airflow/venv/lib/python3.10/site-packages/airflow/example_dags/example_python_decorator.py
[2024-03-02T09:46:48.814-0300] {logging_mixin.py:188} INFO - [2024-03-02T09:46:48.814-0300] {dag.py:3047} INFO - Sync 1 DAGs
[2024-03-02T09:46:48.826-0300] {logging_mixin.py:188} INFO - [2024-03-02T09:46:48.825-0300] {dag.py:3834} INFO - Setting next_dagrun for example_python_decorator to None, run_after=None
[2024-03-02T09:46:48.847-0300] {processor.py:183} INFO - Processing /home/victor/Área de Trabalho/airflow/venv/lib/python3.10/site-packages/airflow/example_dags/example_python_decorator.py took 0.077 seconds
[2024-03-02T09:47:19.739-0300] {processor.py:161} INFO - Started process (PID=18155) to work on /home/victor/Área de Trabalho/airflow/venv/lib/python3.10/site-packages/airflow/example_dags/example_python_decorator.py
[2024-03-02T09:47:19.740-0300] {processor.py:830} INFO - Processing file /home/victor/Área de Trabalho/airflow/venv/lib/python3.10/site-packages/airflow/example_dags/example_python_decorator.py for tasks to queue
[2024-03-02T09:47:19.741-0300] {logging_mixin.py:188} INFO - [2024-03-02T09:47:19.741-0300] {dagbag.py:540} INFO - Filling up the DagBag from /home/victor/Área de Trabalho/airflow/venv/lib/python3.10/site-packages/airflow/example_dags/example_python_decorator.py
[2024-03-02T09:47:19.752-0300] {processor.py:840} INFO - DAG(s) 'example_python_decorator' retrieved from /home/victor/Área de Trabalho/airflow/venv/lib/python3.10/site-packages/airflow/example_dags/example_python_decorator.py
[2024-03-02T09:47:19.780-0300] {logging_mixin.py:188} INFO - [2024-03-02T09:47:19.780-0300] {dag.py:3047} INFO - Sync 1 DAGs
[2024-03-02T09:47:19.791-0300] {logging_mixin.py:188} INFO - [2024-03-02T09:47:19.791-0300] {dag.py:3834} INFO - Setting next_dagrun for example_python_decorator to None, run_after=None
[2024-03-02T09:47:19.814-0300] {processor.py:183} INFO - Processing /home/victor/Área de Trabalho/airflow/venv/lib/python3.10/site-packages/airflow/example_dags/example_python_decorator.py took 0.077 seconds
[2024-03-02T09:47:50.337-0300] {processor.py:161} INFO - Started process (PID=18477) to work on /home/victor/Área de Trabalho/airflow/venv/lib/python3.10/site-packages/airflow/example_dags/example_python_decorator.py
[2024-03-02T09:47:50.338-0300] {processor.py:830} INFO - Processing file /home/victor/Área de Trabalho/airflow/venv/lib/python3.10/site-packages/airflow/example_dags/example_python_decorator.py for tasks to queue
[2024-03-02T09:47:50.339-0300] {logging_mixin.py:188} INFO - [2024-03-02T09:47:50.339-0300] {dagbag.py:540} INFO - Filling up the DagBag from /home/victor/Área de Trabalho/airflow/venv/lib/python3.10/site-packages/airflow/example_dags/example_python_decorator.py
[2024-03-02T09:47:50.355-0300] {processor.py:840} INFO - DAG(s) 'example_python_decorator' retrieved from /home/victor/Área de Trabalho/airflow/venv/lib/python3.10/site-packages/airflow/example_dags/example_python_decorator.py
[2024-03-02T09:47:50.387-0300] {logging_mixin.py:188} INFO - [2024-03-02T09:47:50.387-0300] {dag.py:3047} INFO - Sync 1 DAGs
[2024-03-02T09:47:50.400-0300] {logging_mixin.py:188} INFO - [2024-03-02T09:47:50.400-0300] {dag.py:3834} INFO - Setting next_dagrun for example_python_decorator to None, run_after=None
[2024-03-02T09:47:50.427-0300] {processor.py:183} INFO - Processing /home/victor/Área de Trabalho/airflow/venv/lib/python3.10/site-packages/airflow/example_dags/example_python_decorator.py took 0.093 seconds
[2024-03-02T09:48:21.044-0300] {processor.py:161} INFO - Started process (PID=18963) to work on /home/victor/Área de Trabalho/airflow/venv/lib/python3.10/site-packages/airflow/example_dags/example_python_decorator.py
[2024-03-02T09:48:21.045-0300] {processor.py:830} INFO - Processing file /home/victor/Área de Trabalho/airflow/venv/lib/python3.10/site-packages/airflow/example_dags/example_python_decorator.py for tasks to queue
[2024-03-02T09:48:21.046-0300] {logging_mixin.py:188} INFO - [2024-03-02T09:48:21.045-0300] {dagbag.py:540} INFO - Filling up the DagBag from /home/victor/Área de Trabalho/airflow/venv/lib/python3.10/site-packages/airflow/example_dags/example_python_decorator.py
[2024-03-02T09:48:21.057-0300] {processor.py:840} INFO - DAG(s) 'example_python_decorator' retrieved from /home/victor/Área de Trabalho/airflow/venv/lib/python3.10/site-packages/airflow/example_dags/example_python_decorator.py
[2024-03-02T09:48:21.089-0300] {logging_mixin.py:188} INFO - [2024-03-02T09:48:21.088-0300] {dag.py:3047} INFO - Sync 1 DAGs
[2024-03-02T09:48:21.104-0300] {logging_mixin.py:188} INFO - [2024-03-02T09:48:21.104-0300] {dag.py:3834} INFO - Setting next_dagrun for example_python_decorator to None, run_after=None
[2024-03-02T09:48:21.124-0300] {processor.py:183} INFO - Processing /home/victor/Área de Trabalho/airflow/venv/lib/python3.10/site-packages/airflow/example_dags/example_python_decorator.py took 0.084 seconds
[2024-03-02T09:48:51.832-0300] {processor.py:161} INFO - Started process (PID=19309) to work on /home/victor/Área de Trabalho/airflow/venv/lib/python3.10/site-packages/airflow/example_dags/example_python_decorator.py
[2024-03-02T09:48:51.833-0300] {processor.py:830} INFO - Processing file /home/victor/Área de Trabalho/airflow/venv/lib/python3.10/site-packages/airflow/example_dags/example_python_decorator.py for tasks to queue
[2024-03-02T09:48:51.834-0300] {logging_mixin.py:188} INFO - [2024-03-02T09:48:51.834-0300] {dagbag.py:540} INFO - Filling up the DagBag from /home/victor/Área de Trabalho/airflow/venv/lib/python3.10/site-packages/airflow/example_dags/example_python_decorator.py
[2024-03-02T09:48:51.848-0300] {processor.py:840} INFO - DAG(s) 'example_python_decorator' retrieved from /home/victor/Área de Trabalho/airflow/venv/lib/python3.10/site-packages/airflow/example_dags/example_python_decorator.py
[2024-03-02T09:48:51.879-0300] {logging_mixin.py:188} INFO - [2024-03-02T09:48:51.879-0300] {dag.py:3047} INFO - Sync 1 DAGs
[2024-03-02T09:48:51.892-0300] {logging_mixin.py:188} INFO - [2024-03-02T09:48:51.892-0300] {dag.py:3834} INFO - Setting next_dagrun for example_python_decorator to None, run_after=None
[2024-03-02T09:48:51.918-0300] {processor.py:183} INFO - Processing /home/victor/Área de Trabalho/airflow/venv/lib/python3.10/site-packages/airflow/example_dags/example_python_decorator.py took 0.088 seconds
[2024-03-02T09:49:22.587-0300] {processor.py:161} INFO - Started process (PID=19791) to work on /home/victor/Área de Trabalho/airflow/venv/lib/python3.10/site-packages/airflow/example_dags/example_python_decorator.py
[2024-03-02T09:49:22.588-0300] {processor.py:830} INFO - Processing file /home/victor/Área de Trabalho/airflow/venv/lib/python3.10/site-packages/airflow/example_dags/example_python_decorator.py for tasks to queue
[2024-03-02T09:49:22.588-0300] {logging_mixin.py:188} INFO - [2024-03-02T09:49:22.588-0300] {dagbag.py:540} INFO - Filling up the DagBag from /home/victor/Área de Trabalho/airflow/venv/lib/python3.10/site-packages/airflow/example_dags/example_python_decorator.py
[2024-03-02T09:49:22.600-0300] {processor.py:840} INFO - DAG(s) 'example_python_decorator' retrieved from /home/victor/Área de Trabalho/airflow/venv/lib/python3.10/site-packages/airflow/example_dags/example_python_decorator.py
[2024-03-02T09:49:22.628-0300] {logging_mixin.py:188} INFO - [2024-03-02T09:49:22.628-0300] {dag.py:3047} INFO - Sync 1 DAGs
[2024-03-02T09:49:22.641-0300] {logging_mixin.py:188} INFO - [2024-03-02T09:49:22.641-0300] {dag.py:3834} INFO - Setting next_dagrun for example_python_decorator to None, run_after=None
[2024-03-02T09:49:22.660-0300] {processor.py:183} INFO - Processing /home/victor/Área de Trabalho/airflow/venv/lib/python3.10/site-packages/airflow/example_dags/example_python_decorator.py took 0.077 seconds
[2024-03-02T09:49:53.256-0300] {processor.py:161} INFO - Started process (PID=20110) to work on /home/victor/Área de Trabalho/airflow/venv/lib/python3.10/site-packages/airflow/example_dags/example_python_decorator.py
[2024-03-02T09:49:53.257-0300] {processor.py:830} INFO - Processing file /home/victor/Área de Trabalho/airflow/venv/lib/python3.10/site-packages/airflow/example_dags/example_python_decorator.py for tasks to queue
[2024-03-02T09:49:53.258-0300] {logging_mixin.py:188} INFO - [2024-03-02T09:49:53.258-0300] {dagbag.py:540} INFO - Filling up the DagBag from /home/victor/Área de Trabalho/airflow/venv/lib/python3.10/site-packages/airflow/example_dags/example_python_decorator.py
[2024-03-02T09:49:53.273-0300] {processor.py:840} INFO - DAG(s) 'example_python_decorator' retrieved from /home/victor/Área de Trabalho/airflow/venv/lib/python3.10/site-packages/airflow/example_dags/example_python_decorator.py
[2024-03-02T09:49:53.305-0300] {logging_mixin.py:188} INFO - [2024-03-02T09:49:53.305-0300] {dag.py:3047} INFO - Sync 1 DAGs
[2024-03-02T09:49:53.318-0300] {logging_mixin.py:188} INFO - [2024-03-02T09:49:53.318-0300] {dag.py:3834} INFO - Setting next_dagrun for example_python_decorator to None, run_after=None
[2024-03-02T09:49:53.341-0300] {processor.py:183} INFO - Processing /home/victor/Área de Trabalho/airflow/venv/lib/python3.10/site-packages/airflow/example_dags/example_python_decorator.py took 0.088 seconds
[2024-03-02T09:50:23.922-0300] {processor.py:161} INFO - Started process (PID=20593) to work on /home/victor/Área de Trabalho/airflow/venv/lib/python3.10/site-packages/airflow/example_dags/example_python_decorator.py
[2024-03-02T09:50:23.922-0300] {processor.py:830} INFO - Processing file /home/victor/Área de Trabalho/airflow/venv/lib/python3.10/site-packages/airflow/example_dags/example_python_decorator.py for tasks to queue
[2024-03-02T09:50:23.923-0300] {logging_mixin.py:188} INFO - [2024-03-02T09:50:23.923-0300] {dagbag.py:540} INFO - Filling up the DagBag from /home/victor/Área de Trabalho/airflow/venv/lib/python3.10/site-packages/airflow/example_dags/example_python_decorator.py
[2024-03-02T09:50:23.937-0300] {processor.py:840} INFO - DAG(s) 'example_python_decorator' retrieved from /home/victor/Área de Trabalho/airflow/venv/lib/python3.10/site-packages/airflow/example_dags/example_python_decorator.py
[2024-03-02T09:50:23.968-0300] {logging_mixin.py:188} INFO - [2024-03-02T09:50:23.967-0300] {dag.py:3047} INFO - Sync 1 DAGs
[2024-03-02T09:50:23.984-0300] {logging_mixin.py:188} INFO - [2024-03-02T09:50:23.983-0300] {dag.py:3834} INFO - Setting next_dagrun for example_python_decorator to None, run_after=None
[2024-03-02T09:50:24.008-0300] {processor.py:183} INFO - Processing /home/victor/Área de Trabalho/airflow/venv/lib/python3.10/site-packages/airflow/example_dags/example_python_decorator.py took 0.089 seconds
[2024-03-02T09:50:55.356-0300] {processor.py:161} INFO - Started process (PID=20949) to work on /home/victor/Área de Trabalho/airflow/venv/lib/python3.10/site-packages/airflow/example_dags/example_python_decorator.py
[2024-03-02T09:50:55.357-0300] {processor.py:830} INFO - Processing file /home/victor/Área de Trabalho/airflow/venv/lib/python3.10/site-packages/airflow/example_dags/example_python_decorator.py for tasks to queue
[2024-03-02T09:50:55.358-0300] {logging_mixin.py:188} INFO - [2024-03-02T09:50:55.358-0300] {dagbag.py:540} INFO - Filling up the DagBag from /home/victor/Área de Trabalho/airflow/venv/lib/python3.10/site-packages/airflow/example_dags/example_python_decorator.py
[2024-03-02T09:50:55.371-0300] {processor.py:840} INFO - DAG(s) 'example_python_decorator' retrieved from /home/victor/Área de Trabalho/airflow/venv/lib/python3.10/site-packages/airflow/example_dags/example_python_decorator.py
[2024-03-02T09:50:55.406-0300] {logging_mixin.py:188} INFO - [2024-03-02T09:50:55.405-0300] {dag.py:3047} INFO - Sync 1 DAGs
[2024-03-02T09:50:55.418-0300] {logging_mixin.py:188} INFO - [2024-03-02T09:50:55.418-0300] {dag.py:3834} INFO - Setting next_dagrun for example_python_decorator to None, run_after=None
[2024-03-02T09:50:55.441-0300] {processor.py:183} INFO - Processing /home/victor/Área de Trabalho/airflow/venv/lib/python3.10/site-packages/airflow/example_dags/example_python_decorator.py took 0.087 seconds
[2024-03-02T09:51:26.047-0300] {processor.py:161} INFO - Started process (PID=21430) to work on /home/victor/Área de Trabalho/airflow/venv/lib/python3.10/site-packages/airflow/example_dags/example_python_decorator.py
[2024-03-02T09:51:26.048-0300] {processor.py:830} INFO - Processing file /home/victor/Área de Trabalho/airflow/venv/lib/python3.10/site-packages/airflow/example_dags/example_python_decorator.py for tasks to queue
[2024-03-02T09:51:26.049-0300] {logging_mixin.py:188} INFO - [2024-03-02T09:51:26.049-0300] {dagbag.py:540} INFO - Filling up the DagBag from /home/victor/Área de Trabalho/airflow/venv/lib/python3.10/site-packages/airflow/example_dags/example_python_decorator.py
[2024-03-02T09:51:26.066-0300] {processor.py:840} INFO - DAG(s) 'example_python_decorator' retrieved from /home/victor/Área de Trabalho/airflow/venv/lib/python3.10/site-packages/airflow/example_dags/example_python_decorator.py
[2024-03-02T09:51:26.108-0300] {logging_mixin.py:188} INFO - [2024-03-02T09:51:26.107-0300] {dag.py:3047} INFO - Sync 1 DAGs
[2024-03-02T09:51:26.119-0300] {logging_mixin.py:188} INFO - [2024-03-02T09:51:26.119-0300] {dag.py:3834} INFO - Setting next_dagrun for example_python_decorator to None, run_after=None
[2024-03-02T09:51:26.139-0300] {processor.py:183} INFO - Processing /home/victor/Área de Trabalho/airflow/venv/lib/python3.10/site-packages/airflow/example_dags/example_python_decorator.py took 0.094 seconds
[2024-03-02T09:51:56.796-0300] {processor.py:161} INFO - Started process (PID=21753) to work on /home/victor/Área de Trabalho/airflow/venv/lib/python3.10/site-packages/airflow/example_dags/example_python_decorator.py
[2024-03-02T09:51:56.800-0300] {processor.py:830} INFO - Processing file /home/victor/Área de Trabalho/airflow/venv/lib/python3.10/site-packages/airflow/example_dags/example_python_decorator.py for tasks to queue
[2024-03-02T09:51:56.801-0300] {logging_mixin.py:188} INFO - [2024-03-02T09:51:56.800-0300] {dagbag.py:540} INFO - Filling up the DagBag from /home/victor/Área de Trabalho/airflow/venv/lib/python3.10/site-packages/airflow/example_dags/example_python_decorator.py
[2024-03-02T09:51:56.813-0300] {processor.py:840} INFO - DAG(s) 'example_python_decorator' retrieved from /home/victor/Área de Trabalho/airflow/venv/lib/python3.10/site-packages/airflow/example_dags/example_python_decorator.py
[2024-03-02T09:51:56.843-0300] {logging_mixin.py:188} INFO - [2024-03-02T09:51:56.842-0300] {dag.py:3047} INFO - Sync 1 DAGs
[2024-03-02T09:51:56.854-0300] {logging_mixin.py:188} INFO - [2024-03-02T09:51:56.854-0300] {dag.py:3834} INFO - Setting next_dagrun for example_python_decorator to None, run_after=None
[2024-03-02T09:51:56.875-0300] {processor.py:183} INFO - Processing /home/victor/Área de Trabalho/airflow/venv/lib/python3.10/site-packages/airflow/example_dags/example_python_decorator.py took 0.082 seconds
[2024-03-02T09:52:27.330-0300] {processor.py:161} INFO - Started process (PID=22395) to work on /home/victor/Área de Trabalho/airflow/venv/lib/python3.10/site-packages/airflow/example_dags/example_python_decorator.py
[2024-03-02T09:52:27.331-0300] {processor.py:830} INFO - Processing file /home/victor/Área de Trabalho/airflow/venv/lib/python3.10/site-packages/airflow/example_dags/example_python_decorator.py for tasks to queue
[2024-03-02T09:52:27.332-0300] {logging_mixin.py:188} INFO - [2024-03-02T09:52:27.331-0300] {dagbag.py:540} INFO - Filling up the DagBag from /home/victor/Área de Trabalho/airflow/venv/lib/python3.10/site-packages/airflow/example_dags/example_python_decorator.py
[2024-03-02T09:52:27.344-0300] {processor.py:840} INFO - DAG(s) 'example_python_decorator' retrieved from /home/victor/Área de Trabalho/airflow/venv/lib/python3.10/site-packages/airflow/example_dags/example_python_decorator.py
[2024-03-02T09:52:27.372-0300] {logging_mixin.py:188} INFO - [2024-03-02T09:52:27.372-0300] {dag.py:3047} INFO - Sync 1 DAGs
[2024-03-02T09:52:27.384-0300] {logging_mixin.py:188} INFO - [2024-03-02T09:52:27.384-0300] {dag.py:3834} INFO - Setting next_dagrun for example_python_decorator to None, run_after=None
[2024-03-02T09:52:27.406-0300] {processor.py:183} INFO - Processing /home/victor/Área de Trabalho/airflow/venv/lib/python3.10/site-packages/airflow/example_dags/example_python_decorator.py took 0.079 seconds
[2024-03-02T09:52:57.978-0300] {processor.py:161} INFO - Started process (PID=22719) to work on /home/victor/Área de Trabalho/airflow/venv/lib/python3.10/site-packages/airflow/example_dags/example_python_decorator.py
[2024-03-02T09:52:57.982-0300] {processor.py:830} INFO - Processing file /home/victor/Área de Trabalho/airflow/venv/lib/python3.10/site-packages/airflow/example_dags/example_python_decorator.py for tasks to queue
[2024-03-02T09:52:57.982-0300] {logging_mixin.py:188} INFO - [2024-03-02T09:52:57.982-0300] {dagbag.py:540} INFO - Filling up the DagBag from /home/victor/Área de Trabalho/airflow/venv/lib/python3.10/site-packages/airflow/example_dags/example_python_decorator.py
[2024-03-02T09:52:57.995-0300] {processor.py:840} INFO - DAG(s) 'example_python_decorator' retrieved from /home/victor/Área de Trabalho/airflow/venv/lib/python3.10/site-packages/airflow/example_dags/example_python_decorator.py
[2024-03-02T09:52:58.023-0300] {logging_mixin.py:188} INFO - [2024-03-02T09:52:58.023-0300] {dag.py:3047} INFO - Sync 1 DAGs
[2024-03-02T09:52:58.037-0300] {logging_mixin.py:188} INFO - [2024-03-02T09:52:58.036-0300] {dag.py:3834} INFO - Setting next_dagrun for example_python_decorator to None, run_after=None
[2024-03-02T09:52:58.057-0300] {processor.py:183} INFO - Processing /home/victor/Área de Trabalho/airflow/venv/lib/python3.10/site-packages/airflow/example_dags/example_python_decorator.py took 0.082 seconds
[2024-03-02T09:53:28.589-0300] {processor.py:161} INFO - Started process (PID=23204) to work on /home/victor/Área de Trabalho/airflow/venv/lib/python3.10/site-packages/airflow/example_dags/example_python_decorator.py
[2024-03-02T09:53:28.590-0300] {processor.py:830} INFO - Processing file /home/victor/Área de Trabalho/airflow/venv/lib/python3.10/site-packages/airflow/example_dags/example_python_decorator.py for tasks to queue
[2024-03-02T09:53:28.591-0300] {logging_mixin.py:188} INFO - [2024-03-02T09:53:28.590-0300] {dagbag.py:540} INFO - Filling up the DagBag from /home/victor/Área de Trabalho/airflow/venv/lib/python3.10/site-packages/airflow/example_dags/example_python_decorator.py
[2024-03-02T09:53:28.603-0300] {processor.py:840} INFO - DAG(s) 'example_python_decorator' retrieved from /home/victor/Área de Trabalho/airflow/venv/lib/python3.10/site-packages/airflow/example_dags/example_python_decorator.py
[2024-03-02T09:53:28.633-0300] {logging_mixin.py:188} INFO - [2024-03-02T09:53:28.632-0300] {dag.py:3047} INFO - Sync 1 DAGs
[2024-03-02T09:53:28.644-0300] {logging_mixin.py:188} INFO - [2024-03-02T09:53:28.644-0300] {dag.py:3834} INFO - Setting next_dagrun for example_python_decorator to None, run_after=None
[2024-03-02T09:53:28.663-0300] {processor.py:183} INFO - Processing /home/victor/Área de Trabalho/airflow/venv/lib/python3.10/site-packages/airflow/example_dags/example_python_decorator.py took 0.077 seconds
[2024-03-02T09:53:59.114-0300] {processor.py:161} INFO - Started process (PID=23584) to work on /home/victor/Área de Trabalho/airflow/venv/lib/python3.10/site-packages/airflow/example_dags/example_python_decorator.py
[2024-03-02T09:53:59.115-0300] {processor.py:830} INFO - Processing file /home/victor/Área de Trabalho/airflow/venv/lib/python3.10/site-packages/airflow/example_dags/example_python_decorator.py for tasks to queue
[2024-03-02T09:53:59.115-0300] {logging_mixin.py:188} INFO - [2024-03-02T09:53:59.115-0300] {dagbag.py:540} INFO - Filling up the DagBag from /home/victor/Área de Trabalho/airflow/venv/lib/python3.10/site-packages/airflow/example_dags/example_python_decorator.py
[2024-03-02T09:53:59.127-0300] {processor.py:840} INFO - DAG(s) 'example_python_decorator' retrieved from /home/victor/Área de Trabalho/airflow/venv/lib/python3.10/site-packages/airflow/example_dags/example_python_decorator.py
[2024-03-02T09:53:59.156-0300] {logging_mixin.py:188} INFO - [2024-03-02T09:53:59.156-0300] {dag.py:3047} INFO - Sync 1 DAGs
[2024-03-02T09:53:59.169-0300] {logging_mixin.py:188} INFO - [2024-03-02T09:53:59.169-0300] {dag.py:3834} INFO - Setting next_dagrun for example_python_decorator to None, run_after=None
[2024-03-02T09:53:59.191-0300] {processor.py:183} INFO - Processing /home/victor/Área de Trabalho/airflow/venv/lib/python3.10/site-packages/airflow/example_dags/example_python_decorator.py took 0.080 seconds
[2024-03-02T09:54:30.245-0300] {processor.py:161} INFO - Started process (PID=24172) to work on /home/victor/Área de Trabalho/airflow/venv/lib/python3.10/site-packages/airflow/example_dags/example_python_decorator.py
[2024-03-02T09:54:30.245-0300] {processor.py:830} INFO - Processing file /home/victor/Área de Trabalho/airflow/venv/lib/python3.10/site-packages/airflow/example_dags/example_python_decorator.py for tasks to queue
[2024-03-02T09:54:30.246-0300] {logging_mixin.py:188} INFO - [2024-03-02T09:54:30.246-0300] {dagbag.py:540} INFO - Filling up the DagBag from /home/victor/Área de Trabalho/airflow/venv/lib/python3.10/site-packages/airflow/example_dags/example_python_decorator.py
[2024-03-02T09:54:30.259-0300] {processor.py:840} INFO - DAG(s) 'example_python_decorator' retrieved from /home/victor/Área de Trabalho/airflow/venv/lib/python3.10/site-packages/airflow/example_dags/example_python_decorator.py
[2024-03-02T09:54:30.291-0300] {logging_mixin.py:188} INFO - [2024-03-02T09:54:30.290-0300] {dag.py:3047} INFO - Sync 1 DAGs
[2024-03-02T09:54:30.304-0300] {logging_mixin.py:188} INFO - [2024-03-02T09:54:30.304-0300] {dag.py:3834} INFO - Setting next_dagrun for example_python_decorator to None, run_after=None
[2024-03-02T09:54:30.333-0300] {processor.py:183} INFO - Processing /home/victor/Área de Trabalho/airflow/venv/lib/python3.10/site-packages/airflow/example_dags/example_python_decorator.py took 0.092 seconds
[2024-03-02T09:55:00.938-0300] {processor.py:161} INFO - Started process (PID=24730) to work on /home/victor/Área de Trabalho/airflow/venv/lib/python3.10/site-packages/airflow/example_dags/example_python_decorator.py
[2024-03-02T09:55:00.939-0300] {processor.py:830} INFO - Processing file /home/victor/Área de Trabalho/airflow/venv/lib/python3.10/site-packages/airflow/example_dags/example_python_decorator.py for tasks to queue
[2024-03-02T09:55:00.940-0300] {logging_mixin.py:188} INFO - [2024-03-02T09:55:00.940-0300] {dagbag.py:540} INFO - Filling up the DagBag from /home/victor/Área de Trabalho/airflow/venv/lib/python3.10/site-packages/airflow/example_dags/example_python_decorator.py
[2024-03-02T09:55:00.953-0300] {processor.py:840} INFO - DAG(s) 'example_python_decorator' retrieved from /home/victor/Área de Trabalho/airflow/venv/lib/python3.10/site-packages/airflow/example_dags/example_python_decorator.py
[2024-03-02T09:55:00.981-0300] {logging_mixin.py:188} INFO - [2024-03-02T09:55:00.981-0300] {dag.py:3047} INFO - Sync 1 DAGs
[2024-03-02T09:55:00.993-0300] {logging_mixin.py:188} INFO - [2024-03-02T09:55:00.993-0300] {dag.py:3834} INFO - Setting next_dagrun for example_python_decorator to None, run_after=None
[2024-03-02T09:55:01.014-0300] {processor.py:183} INFO - Processing /home/victor/Área de Trabalho/airflow/venv/lib/python3.10/site-packages/airflow/example_dags/example_python_decorator.py took 0.078 seconds
[2024-03-02T09:55:31.661-0300] {processor.py:161} INFO - Started process (PID=25199) to work on /home/victor/Área de Trabalho/airflow/venv/lib/python3.10/site-packages/airflow/example_dags/example_python_decorator.py
[2024-03-02T09:55:31.662-0300] {processor.py:830} INFO - Processing file /home/victor/Área de Trabalho/airflow/venv/lib/python3.10/site-packages/airflow/example_dags/example_python_decorator.py for tasks to queue
[2024-03-02T09:55:31.663-0300] {logging_mixin.py:188} INFO - [2024-03-02T09:55:31.663-0300] {dagbag.py:540} INFO - Filling up the DagBag from /home/victor/Área de Trabalho/airflow/venv/lib/python3.10/site-packages/airflow/example_dags/example_python_decorator.py
[2024-03-02T09:55:31.675-0300] {processor.py:840} INFO - DAG(s) 'example_python_decorator' retrieved from /home/victor/Área de Trabalho/airflow/venv/lib/python3.10/site-packages/airflow/example_dags/example_python_decorator.py
[2024-03-02T09:55:31.703-0300] {logging_mixin.py:188} INFO - [2024-03-02T09:55:31.702-0300] {dag.py:3047} INFO - Sync 1 DAGs
[2024-03-02T09:55:31.714-0300] {logging_mixin.py:188} INFO - [2024-03-02T09:55:31.714-0300] {dag.py:3834} INFO - Setting next_dagrun for example_python_decorator to None, run_after=None
[2024-03-02T09:55:31.733-0300] {processor.py:183} INFO - Processing /home/victor/Área de Trabalho/airflow/venv/lib/python3.10/site-packages/airflow/example_dags/example_python_decorator.py took 0.074 seconds
[2024-03-02T09:56:01.967-0300] {processor.py:161} INFO - Started process (PID=25704) to work on /home/victor/Área de Trabalho/airflow/venv/lib/python3.10/site-packages/airflow/example_dags/example_python_decorator.py
[2024-03-02T09:56:01.968-0300] {processor.py:830} INFO - Processing file /home/victor/Área de Trabalho/airflow/venv/lib/python3.10/site-packages/airflow/example_dags/example_python_decorator.py for tasks to queue
[2024-03-02T09:56:01.969-0300] {logging_mixin.py:188} INFO - [2024-03-02T09:56:01.968-0300] {dagbag.py:540} INFO - Filling up the DagBag from /home/victor/Área de Trabalho/airflow/venv/lib/python3.10/site-packages/airflow/example_dags/example_python_decorator.py
[2024-03-02T09:56:01.980-0300] {processor.py:840} INFO - DAG(s) 'example_python_decorator' retrieved from /home/victor/Área de Trabalho/airflow/venv/lib/python3.10/site-packages/airflow/example_dags/example_python_decorator.py
[2024-03-02T09:56:02.008-0300] {logging_mixin.py:188} INFO - [2024-03-02T09:56:02.008-0300] {dag.py:3047} INFO - Sync 1 DAGs
[2024-03-02T09:56:02.020-0300] {logging_mixin.py:188} INFO - [2024-03-02T09:56:02.020-0300] {dag.py:3834} INFO - Setting next_dagrun for example_python_decorator to None, run_after=None
[2024-03-02T09:56:02.038-0300] {processor.py:183} INFO - Processing /home/victor/Área de Trabalho/airflow/venv/lib/python3.10/site-packages/airflow/example_dags/example_python_decorator.py took 0.075 seconds
[2024-03-02T09:56:32.140-0300] {processor.py:161} INFO - Started process (PID=26016) to work on /home/victor/Área de Trabalho/airflow/venv/lib/python3.10/site-packages/airflow/example_dags/example_python_decorator.py
[2024-03-02T09:56:32.141-0300] {processor.py:830} INFO - Processing file /home/victor/Área de Trabalho/airflow/venv/lib/python3.10/site-packages/airflow/example_dags/example_python_decorator.py for tasks to queue
[2024-03-02T09:56:32.142-0300] {logging_mixin.py:188} INFO - [2024-03-02T09:56:32.141-0300] {dagbag.py:540} INFO - Filling up the DagBag from /home/victor/Área de Trabalho/airflow/venv/lib/python3.10/site-packages/airflow/example_dags/example_python_decorator.py
[2024-03-02T09:56:32.153-0300] {processor.py:840} INFO - DAG(s) 'example_python_decorator' retrieved from /home/victor/Área de Trabalho/airflow/venv/lib/python3.10/site-packages/airflow/example_dags/example_python_decorator.py
[2024-03-02T09:56:32.178-0300] {logging_mixin.py:188} INFO - [2024-03-02T09:56:32.178-0300] {dag.py:3047} INFO - Sync 1 DAGs
[2024-03-02T09:56:32.189-0300] {logging_mixin.py:188} INFO - [2024-03-02T09:56:32.188-0300] {dag.py:3834} INFO - Setting next_dagrun for example_python_decorator to None, run_after=None
[2024-03-02T09:56:32.205-0300] {processor.py:183} INFO - Processing /home/victor/Área de Trabalho/airflow/venv/lib/python3.10/site-packages/airflow/example_dags/example_python_decorator.py took 0.068 seconds
[2024-03-02T09:57:02.526-0300] {processor.py:161} INFO - Started process (PID=26498) to work on /home/victor/Área de Trabalho/airflow/venv/lib/python3.10/site-packages/airflow/example_dags/example_python_decorator.py
[2024-03-02T09:57:02.527-0300] {processor.py:830} INFO - Processing file /home/victor/Área de Trabalho/airflow/venv/lib/python3.10/site-packages/airflow/example_dags/example_python_decorator.py for tasks to queue
[2024-03-02T09:57:02.527-0300] {logging_mixin.py:188} INFO - [2024-03-02T09:57:02.527-0300] {dagbag.py:540} INFO - Filling up the DagBag from /home/victor/Área de Trabalho/airflow/venv/lib/python3.10/site-packages/airflow/example_dags/example_python_decorator.py
[2024-03-02T09:57:02.539-0300] {processor.py:840} INFO - DAG(s) 'example_python_decorator' retrieved from /home/victor/Área de Trabalho/airflow/venv/lib/python3.10/site-packages/airflow/example_dags/example_python_decorator.py
[2024-03-02T09:57:02.566-0300] {logging_mixin.py:188} INFO - [2024-03-02T09:57:02.566-0300] {dag.py:3047} INFO - Sync 1 DAGs
[2024-03-02T09:57:02.578-0300] {logging_mixin.py:188} INFO - [2024-03-02T09:57:02.578-0300] {dag.py:3834} INFO - Setting next_dagrun for example_python_decorator to None, run_after=None
[2024-03-02T09:57:02.597-0300] {processor.py:183} INFO - Processing /home/victor/Área de Trabalho/airflow/venv/lib/python3.10/site-packages/airflow/example_dags/example_python_decorator.py took 0.074 seconds
[2024-03-02T09:57:33.101-0300] {processor.py:161} INFO - Started process (PID=26980) to work on /home/victor/Área de Trabalho/airflow/venv/lib/python3.10/site-packages/airflow/example_dags/example_python_decorator.py
[2024-03-02T09:57:33.102-0300] {processor.py:830} INFO - Processing file /home/victor/Área de Trabalho/airflow/venv/lib/python3.10/site-packages/airflow/example_dags/example_python_decorator.py for tasks to queue
[2024-03-02T09:57:33.103-0300] {logging_mixin.py:188} INFO - [2024-03-02T09:57:33.102-0300] {dagbag.py:540} INFO - Filling up the DagBag from /home/victor/Área de Trabalho/airflow/venv/lib/python3.10/site-packages/airflow/example_dags/example_python_decorator.py
[2024-03-02T09:57:33.115-0300] {processor.py:840} INFO - DAG(s) 'example_python_decorator' retrieved from /home/victor/Área de Trabalho/airflow/venv/lib/python3.10/site-packages/airflow/example_dags/example_python_decorator.py
[2024-03-02T09:57:33.142-0300] {logging_mixin.py:188} INFO - [2024-03-02T09:57:33.142-0300] {dag.py:3047} INFO - Sync 1 DAGs
[2024-03-02T09:57:33.153-0300] {logging_mixin.py:188} INFO - [2024-03-02T09:57:33.153-0300] {dag.py:3834} INFO - Setting next_dagrun for example_python_decorator to None, run_after=None
[2024-03-02T09:57:33.172-0300] {processor.py:183} INFO - Processing /home/victor/Área de Trabalho/airflow/venv/lib/python3.10/site-packages/airflow/example_dags/example_python_decorator.py took 0.074 seconds
[2024-03-02T09:58:03.693-0300] {processor.py:161} INFO - Started process (PID=27510) to work on /home/victor/Área de Trabalho/airflow/venv/lib/python3.10/site-packages/airflow/example_dags/example_python_decorator.py
[2024-03-02T09:58:03.694-0300] {processor.py:830} INFO - Processing file /home/victor/Área de Trabalho/airflow/venv/lib/python3.10/site-packages/airflow/example_dags/example_python_decorator.py for tasks to queue
[2024-03-02T09:58:03.695-0300] {logging_mixin.py:188} INFO - [2024-03-02T09:58:03.694-0300] {dagbag.py:540} INFO - Filling up the DagBag from /home/victor/Área de Trabalho/airflow/venv/lib/python3.10/site-packages/airflow/example_dags/example_python_decorator.py
[2024-03-02T09:58:03.706-0300] {processor.py:840} INFO - DAG(s) 'example_python_decorator' retrieved from /home/victor/Área de Trabalho/airflow/venv/lib/python3.10/site-packages/airflow/example_dags/example_python_decorator.py
[2024-03-02T09:58:03.735-0300] {logging_mixin.py:188} INFO - [2024-03-02T09:58:03.735-0300] {dag.py:3047} INFO - Sync 1 DAGs
[2024-03-02T09:58:03.749-0300] {logging_mixin.py:188} INFO - [2024-03-02T09:58:03.748-0300] {dag.py:3834} INFO - Setting next_dagrun for example_python_decorator to None, run_after=None
[2024-03-02T09:58:03.776-0300] {processor.py:183} INFO - Processing /home/victor/Área de Trabalho/airflow/venv/lib/python3.10/site-packages/airflow/example_dags/example_python_decorator.py took 0.086 seconds
[2024-03-02T09:58:34.525-0300] {processor.py:161} INFO - Started process (PID=28883) to work on /home/victor/Área de Trabalho/airflow/venv/lib/python3.10/site-packages/airflow/example_dags/example_python_decorator.py
[2024-03-02T09:58:34.526-0300] {processor.py:830} INFO - Processing file /home/victor/Área de Trabalho/airflow/venv/lib/python3.10/site-packages/airflow/example_dags/example_python_decorator.py for tasks to queue
[2024-03-02T09:58:34.526-0300] {logging_mixin.py:188} INFO - [2024-03-02T09:58:34.526-0300] {dagbag.py:540} INFO - Filling up the DagBag from /home/victor/Área de Trabalho/airflow/venv/lib/python3.10/site-packages/airflow/example_dags/example_python_decorator.py
[2024-03-02T09:58:34.537-0300] {processor.py:840} INFO - DAG(s) 'example_python_decorator' retrieved from /home/victor/Área de Trabalho/airflow/venv/lib/python3.10/site-packages/airflow/example_dags/example_python_decorator.py
[2024-03-02T09:58:34.564-0300] {logging_mixin.py:188} INFO - [2024-03-02T09:58:34.564-0300] {dag.py:3047} INFO - Sync 1 DAGs
[2024-03-02T09:58:34.575-0300] {logging_mixin.py:188} INFO - [2024-03-02T09:58:34.575-0300] {dag.py:3834} INFO - Setting next_dagrun for example_python_decorator to None, run_after=None
[2024-03-02T09:58:34.592-0300] {processor.py:183} INFO - Processing /home/victor/Área de Trabalho/airflow/venv/lib/python3.10/site-packages/airflow/example_dags/example_python_decorator.py took 0.070 seconds
[2024-03-02T09:59:05.098-0300] {processor.py:161} INFO - Started process (PID=29417) to work on /home/victor/Área de Trabalho/airflow/venv/lib/python3.10/site-packages/airflow/example_dags/example_python_decorator.py
[2024-03-02T09:59:05.099-0300] {processor.py:830} INFO - Processing file /home/victor/Área de Trabalho/airflow/venv/lib/python3.10/site-packages/airflow/example_dags/example_python_decorator.py for tasks to queue
[2024-03-02T09:59:05.099-0300] {logging_mixin.py:188} INFO - [2024-03-02T09:59:05.099-0300] {dagbag.py:540} INFO - Filling up the DagBag from /home/victor/Área de Trabalho/airflow/venv/lib/python3.10/site-packages/airflow/example_dags/example_python_decorator.py
[2024-03-02T09:59:05.110-0300] {processor.py:840} INFO - DAG(s) 'example_python_decorator' retrieved from /home/victor/Área de Trabalho/airflow/venv/lib/python3.10/site-packages/airflow/example_dags/example_python_decorator.py
[2024-03-02T09:59:05.137-0300] {logging_mixin.py:188} INFO - [2024-03-02T09:59:05.137-0300] {dag.py:3047} INFO - Sync 1 DAGs
[2024-03-02T09:59:05.148-0300] {logging_mixin.py:188} INFO - [2024-03-02T09:59:05.148-0300] {dag.py:3834} INFO - Setting next_dagrun for example_python_decorator to None, run_after=None
[2024-03-02T09:59:05.168-0300] {processor.py:183} INFO - Processing /home/victor/Área de Trabalho/airflow/venv/lib/python3.10/site-packages/airflow/example_dags/example_python_decorator.py took 0.073 seconds
