[2024-03-02T09:37:00.069-0300] {processor.py:161} INFO - Started process (PID=8039) to work on /home/victor/Área de Trabalho/airflow/venv/lib/python3.10/site-packages/airflow/example_dags/example_latest_only_with_trigger.py
[2024-03-02T09:37:00.070-0300] {processor.py:830} INFO - Processing file /home/victor/Área de Trabalho/airflow/venv/lib/python3.10/site-packages/airflow/example_dags/example_latest_only_with_trigger.py for tasks to queue
[2024-03-02T09:37:00.071-0300] {logging_mixin.py:188} INFO - [2024-03-02T09:37:00.070-0300] {dagbag.py:540} INFO - Filling up the DagBag from /home/victor/Área de Trabalho/airflow/venv/lib/python3.10/site-packages/airflow/example_dags/example_latest_only_with_trigger.py
[2024-03-02T09:37:00.076-0300] {processor.py:840} INFO - DAG(s) 'latest_only_with_trigger' retrieved from /home/victor/Área de Trabalho/airflow/venv/lib/python3.10/site-packages/airflow/example_dags/example_latest_only_with_trigger.py
[2024-03-02T09:37:00.095-0300] {logging_mixin.py:188} INFO - [2024-03-02T09:37:00.095-0300] {dag.py:3047} INFO - Sync 1 DAGs
[2024-03-02T09:37:00.117-0300] {logging_mixin.py:188} INFO - [2024-03-02T09:37:00.117-0300] {dag.py:3834} INFO - Setting next_dagrun for latest_only_with_trigger to 2024-03-02 08:00:00+00:00, run_after=2024-03-02 12:00:00+00:00
[2024-03-02T09:37:00.141-0300] {processor.py:183} INFO - Processing /home/victor/Área de Trabalho/airflow/venv/lib/python3.10/site-packages/airflow/example_dags/example_latest_only_with_trigger.py took 0.075 seconds
[2024-03-02T09:37:31.673-0300] {processor.py:161} INFO - Started process (PID=9494) to work on /home/victor/Área de Trabalho/airflow/venv/lib/python3.10/site-packages/airflow/example_dags/example_latest_only_with_trigger.py
[2024-03-02T09:37:31.674-0300] {processor.py:830} INFO - Processing file /home/victor/Área de Trabalho/airflow/venv/lib/python3.10/site-packages/airflow/example_dags/example_latest_only_with_trigger.py for tasks to queue
[2024-03-02T09:37:31.674-0300] {logging_mixin.py:188} INFO - [2024-03-02T09:37:31.674-0300] {dagbag.py:540} INFO - Filling up the DagBag from /home/victor/Área de Trabalho/airflow/venv/lib/python3.10/site-packages/airflow/example_dags/example_latest_only_with_trigger.py
[2024-03-02T09:37:31.679-0300] {processor.py:840} INFO - DAG(s) 'latest_only_with_trigger' retrieved from /home/victor/Área de Trabalho/airflow/venv/lib/python3.10/site-packages/airflow/example_dags/example_latest_only_with_trigger.py
[2024-03-02T09:37:31.788-0300] {logging_mixin.py:188} INFO - [2024-03-02T09:37:31.788-0300] {dag.py:3047} INFO - Sync 1 DAGs
[2024-03-02T09:37:31.807-0300] {logging_mixin.py:188} INFO - [2024-03-02T09:37:31.807-0300] {dag.py:3834} INFO - Setting next_dagrun for latest_only_with_trigger to 2024-03-02 08:00:00+00:00, run_after=2024-03-02 12:00:00+00:00
[2024-03-02T09:37:31.827-0300] {processor.py:183} INFO - Processing /home/victor/Área de Trabalho/airflow/venv/lib/python3.10/site-packages/airflow/example_dags/example_latest_only_with_trigger.py took 0.157 seconds
[2024-03-02T09:38:02.481-0300] {processor.py:161} INFO - Started process (PID=10101) to work on /home/victor/Área de Trabalho/airflow/venv/lib/python3.10/site-packages/airflow/example_dags/example_latest_only_with_trigger.py
[2024-03-02T09:38:02.482-0300] {processor.py:830} INFO - Processing file /home/victor/Área de Trabalho/airflow/venv/lib/python3.10/site-packages/airflow/example_dags/example_latest_only_with_trigger.py for tasks to queue
[2024-03-02T09:38:02.483-0300] {logging_mixin.py:188} INFO - [2024-03-02T09:38:02.483-0300] {dagbag.py:540} INFO - Filling up the DagBag from /home/victor/Área de Trabalho/airflow/venv/lib/python3.10/site-packages/airflow/example_dags/example_latest_only_with_trigger.py
[2024-03-02T09:38:02.488-0300] {processor.py:840} INFO - DAG(s) 'latest_only_with_trigger' retrieved from /home/victor/Área de Trabalho/airflow/venv/lib/python3.10/site-packages/airflow/example_dags/example_latest_only_with_trigger.py
[2024-03-02T09:38:02.516-0300] {logging_mixin.py:188} INFO - [2024-03-02T09:38:02.516-0300] {dag.py:3047} INFO - Sync 1 DAGs
[2024-03-02T09:38:02.536-0300] {logging_mixin.py:188} INFO - [2024-03-02T09:38:02.536-0300] {dag.py:3834} INFO - Setting next_dagrun for latest_only_with_trigger to 2024-03-02 08:00:00+00:00, run_after=2024-03-02 12:00:00+00:00
[2024-03-02T09:38:02.555-0300] {processor.py:183} INFO - Processing /home/victor/Área de Trabalho/airflow/venv/lib/python3.10/site-packages/airflow/example_dags/example_latest_only_with_trigger.py took 0.076 seconds
[2024-03-02T09:38:32.914-0300] {processor.py:161} INFO - Started process (PID=10417) to work on /home/victor/Área de Trabalho/airflow/venv/lib/python3.10/site-packages/airflow/example_dags/example_latest_only_with_trigger.py
[2024-03-02T09:38:32.915-0300] {processor.py:830} INFO - Processing file /home/victor/Área de Trabalho/airflow/venv/lib/python3.10/site-packages/airflow/example_dags/example_latest_only_with_trigger.py for tasks to queue
[2024-03-02T09:38:32.915-0300] {logging_mixin.py:188} INFO - [2024-03-02T09:38:32.915-0300] {dagbag.py:540} INFO - Filling up the DagBag from /home/victor/Área de Trabalho/airflow/venv/lib/python3.10/site-packages/airflow/example_dags/example_latest_only_with_trigger.py
[2024-03-02T09:38:32.920-0300] {processor.py:840} INFO - DAG(s) 'latest_only_with_trigger' retrieved from /home/victor/Área de Trabalho/airflow/venv/lib/python3.10/site-packages/airflow/example_dags/example_latest_only_with_trigger.py
[2024-03-02T09:38:32.946-0300] {logging_mixin.py:188} INFO - [2024-03-02T09:38:32.946-0300] {dag.py:3047} INFO - Sync 1 DAGs
[2024-03-02T09:38:32.965-0300] {logging_mixin.py:188} INFO - [2024-03-02T09:38:32.965-0300] {dag.py:3834} INFO - Setting next_dagrun for latest_only_with_trigger to 2024-03-02 08:00:00+00:00, run_after=2024-03-02 12:00:00+00:00
[2024-03-02T09:38:32.983-0300] {processor.py:183} INFO - Processing /home/victor/Área de Trabalho/airflow/venv/lib/python3.10/site-packages/airflow/example_dags/example_latest_only_with_trigger.py took 0.072 seconds
[2024-03-02T09:39:04.251-0300] {processor.py:161} INFO - Started process (PID=11000) to work on /home/victor/Área de Trabalho/airflow/venv/lib/python3.10/site-packages/airflow/example_dags/example_latest_only_with_trigger.py
[2024-03-02T09:39:04.253-0300] {processor.py:830} INFO - Processing file /home/victor/Área de Trabalho/airflow/venv/lib/python3.10/site-packages/airflow/example_dags/example_latest_only_with_trigger.py for tasks to queue
[2024-03-02T09:39:04.253-0300] {logging_mixin.py:188} INFO - [2024-03-02T09:39:04.253-0300] {dagbag.py:540} INFO - Filling up the DagBag from /home/victor/Área de Trabalho/airflow/venv/lib/python3.10/site-packages/airflow/example_dags/example_latest_only_with_trigger.py
[2024-03-02T09:39:04.259-0300] {processor.py:840} INFO - DAG(s) 'latest_only_with_trigger' retrieved from /home/victor/Área de Trabalho/airflow/venv/lib/python3.10/site-packages/airflow/example_dags/example_latest_only_with_trigger.py
[2024-03-02T09:39:04.285-0300] {logging_mixin.py:188} INFO - [2024-03-02T09:39:04.285-0300] {dag.py:3047} INFO - Sync 1 DAGs
[2024-03-02T09:39:04.307-0300] {logging_mixin.py:188} INFO - [2024-03-02T09:39:04.306-0300] {dag.py:3834} INFO - Setting next_dagrun for latest_only_with_trigger to 2024-03-02 08:00:00+00:00, run_after=2024-03-02 12:00:00+00:00
[2024-03-02T09:39:04.326-0300] {processor.py:183} INFO - Processing /home/victor/Área de Trabalho/airflow/venv/lib/python3.10/site-packages/airflow/example_dags/example_latest_only_with_trigger.py took 0.078 seconds
[2024-03-02T09:39:35.399-0300] {processor.py:161} INFO - Started process (PID=11570) to work on /home/victor/Área de Trabalho/airflow/venv/lib/python3.10/site-packages/airflow/example_dags/example_latest_only_with_trigger.py
[2024-03-02T09:39:35.400-0300] {processor.py:830} INFO - Processing file /home/victor/Área de Trabalho/airflow/venv/lib/python3.10/site-packages/airflow/example_dags/example_latest_only_with_trigger.py for tasks to queue
[2024-03-02T09:39:35.401-0300] {logging_mixin.py:188} INFO - [2024-03-02T09:39:35.401-0300] {dagbag.py:540} INFO - Filling up the DagBag from /home/victor/Área de Trabalho/airflow/venv/lib/python3.10/site-packages/airflow/example_dags/example_latest_only_with_trigger.py
[2024-03-02T09:39:35.406-0300] {processor.py:840} INFO - DAG(s) 'latest_only_with_trigger' retrieved from /home/victor/Área de Trabalho/airflow/venv/lib/python3.10/site-packages/airflow/example_dags/example_latest_only_with_trigger.py
[2024-03-02T09:39:35.432-0300] {logging_mixin.py:188} INFO - [2024-03-02T09:39:35.432-0300] {dag.py:3047} INFO - Sync 1 DAGs
[2024-03-02T09:39:35.452-0300] {logging_mixin.py:188} INFO - [2024-03-02T09:39:35.452-0300] {dag.py:3834} INFO - Setting next_dagrun for latest_only_with_trigger to 2024-03-02 08:00:00+00:00, run_after=2024-03-02 12:00:00+00:00
[2024-03-02T09:39:35.470-0300] {processor.py:183} INFO - Processing /home/victor/Área de Trabalho/airflow/venv/lib/python3.10/site-packages/airflow/example_dags/example_latest_only_with_trigger.py took 0.073 seconds
[2024-03-02T09:40:06.735-0300] {processor.py:161} INFO - Started process (PID=12049) to work on /home/victor/Área de Trabalho/airflow/venv/lib/python3.10/site-packages/airflow/example_dags/example_latest_only_with_trigger.py
[2024-03-02T09:40:06.736-0300] {processor.py:830} INFO - Processing file /home/victor/Área de Trabalho/airflow/venv/lib/python3.10/site-packages/airflow/example_dags/example_latest_only_with_trigger.py for tasks to queue
[2024-03-02T09:40:06.737-0300] {logging_mixin.py:188} INFO - [2024-03-02T09:40:06.737-0300] {dagbag.py:540} INFO - Filling up the DagBag from /home/victor/Área de Trabalho/airflow/venv/lib/python3.10/site-packages/airflow/example_dags/example_latest_only_with_trigger.py
[2024-03-02T09:40:06.742-0300] {processor.py:840} INFO - DAG(s) 'latest_only_with_trigger' retrieved from /home/victor/Área de Trabalho/airflow/venv/lib/python3.10/site-packages/airflow/example_dags/example_latest_only_with_trigger.py
[2024-03-02T09:40:06.771-0300] {logging_mixin.py:188} INFO - [2024-03-02T09:40:06.771-0300] {dag.py:3047} INFO - Sync 1 DAGs
[2024-03-02T09:40:06.793-0300] {logging_mixin.py:188} INFO - [2024-03-02T09:40:06.793-0300] {dag.py:3834} INFO - Setting next_dagrun for latest_only_with_trigger to 2024-03-02 08:00:00+00:00, run_after=2024-03-02 12:00:00+00:00
[2024-03-02T09:40:06.814-0300] {processor.py:183} INFO - Processing /home/victor/Área de Trabalho/airflow/venv/lib/python3.10/site-packages/airflow/example_dags/example_latest_only_with_trigger.py took 0.082 seconds
[2024-03-02T09:40:38.240-0300] {processor.py:161} INFO - Started process (PID=12424) to work on /home/victor/Área de Trabalho/airflow/venv/lib/python3.10/site-packages/airflow/example_dags/example_latest_only_with_trigger.py
[2024-03-02T09:40:38.241-0300] {processor.py:830} INFO - Processing file /home/victor/Área de Trabalho/airflow/venv/lib/python3.10/site-packages/airflow/example_dags/example_latest_only_with_trigger.py for tasks to queue
[2024-03-02T09:40:38.242-0300] {logging_mixin.py:188} INFO - [2024-03-02T09:40:38.242-0300] {dagbag.py:540} INFO - Filling up the DagBag from /home/victor/Área de Trabalho/airflow/venv/lib/python3.10/site-packages/airflow/example_dags/example_latest_only_with_trigger.py
[2024-03-02T09:40:38.247-0300] {processor.py:840} INFO - DAG(s) 'latest_only_with_trigger' retrieved from /home/victor/Área de Trabalho/airflow/venv/lib/python3.10/site-packages/airflow/example_dags/example_latest_only_with_trigger.py
[2024-03-02T09:40:38.278-0300] {logging_mixin.py:188} INFO - [2024-03-02T09:40:38.278-0300] {dag.py:3047} INFO - Sync 1 DAGs
[2024-03-02T09:40:38.300-0300] {logging_mixin.py:188} INFO - [2024-03-02T09:40:38.300-0300] {dag.py:3834} INFO - Setting next_dagrun for latest_only_with_trigger to 2024-03-02 08:00:00+00:00, run_after=2024-03-02 12:00:00+00:00
[2024-03-02T09:40:38.321-0300] {processor.py:183} INFO - Processing /home/victor/Área de Trabalho/airflow/venv/lib/python3.10/site-packages/airflow/example_dags/example_latest_only_with_trigger.py took 0.086 seconds
[2024-03-02T09:41:09.303-0300] {processor.py:161} INFO - Started process (PID=12901) to work on /home/victor/Área de Trabalho/airflow/venv/lib/python3.10/site-packages/airflow/example_dags/example_latest_only_with_trigger.py
[2024-03-02T09:41:09.307-0300] {processor.py:830} INFO - Processing file /home/victor/Área de Trabalho/airflow/venv/lib/python3.10/site-packages/airflow/example_dags/example_latest_only_with_trigger.py for tasks to queue
[2024-03-02T09:41:09.309-0300] {logging_mixin.py:188} INFO - [2024-03-02T09:41:09.308-0300] {dagbag.py:540} INFO - Filling up the DagBag from /home/victor/Área de Trabalho/airflow/venv/lib/python3.10/site-packages/airflow/example_dags/example_latest_only_with_trigger.py
[2024-03-02T09:41:09.315-0300] {processor.py:840} INFO - DAG(s) 'latest_only_with_trigger' retrieved from /home/victor/Área de Trabalho/airflow/venv/lib/python3.10/site-packages/airflow/example_dags/example_latest_only_with_trigger.py
[2024-03-02T09:41:09.344-0300] {logging_mixin.py:188} INFO - [2024-03-02T09:41:09.344-0300] {dag.py:3047} INFO - Sync 1 DAGs
[2024-03-02T09:41:09.371-0300] {logging_mixin.py:188} INFO - [2024-03-02T09:41:09.371-0300] {dag.py:3834} INFO - Setting next_dagrun for latest_only_with_trigger to 2024-03-02 08:00:00+00:00, run_after=2024-03-02 12:00:00+00:00
[2024-03-02T09:41:09.396-0300] {processor.py:183} INFO - Processing /home/victor/Área de Trabalho/airflow/venv/lib/python3.10/site-packages/airflow/example_dags/example_latest_only_with_trigger.py took 0.096 seconds
[2024-03-02T09:41:39.993-0300] {processor.py:161} INFO - Started process (PID=13216) to work on /home/victor/Área de Trabalho/airflow/venv/lib/python3.10/site-packages/airflow/example_dags/example_latest_only_with_trigger.py
[2024-03-02T09:41:39.995-0300] {processor.py:830} INFO - Processing file /home/victor/Área de Trabalho/airflow/venv/lib/python3.10/site-packages/airflow/example_dags/example_latest_only_with_trigger.py for tasks to queue
[2024-03-02T09:41:39.997-0300] {logging_mixin.py:188} INFO - [2024-03-02T09:41:39.996-0300] {dagbag.py:540} INFO - Filling up the DagBag from /home/victor/Área de Trabalho/airflow/venv/lib/python3.10/site-packages/airflow/example_dags/example_latest_only_with_trigger.py
[2024-03-02T09:41:40.001-0300] {processor.py:840} INFO - DAG(s) 'latest_only_with_trigger' retrieved from /home/victor/Área de Trabalho/airflow/venv/lib/python3.10/site-packages/airflow/example_dags/example_latest_only_with_trigger.py
[2024-03-02T09:41:40.038-0300] {logging_mixin.py:188} INFO - [2024-03-02T09:41:40.038-0300] {dag.py:3047} INFO - Sync 1 DAGs
[2024-03-02T09:41:40.060-0300] {logging_mixin.py:188} INFO - [2024-03-02T09:41:40.060-0300] {dag.py:3834} INFO - Setting next_dagrun for latest_only_with_trigger to 2024-03-02 08:00:00+00:00, run_after=2024-03-02 12:00:00+00:00
[2024-03-02T09:41:40.083-0300] {processor.py:183} INFO - Processing /home/victor/Área de Trabalho/airflow/venv/lib/python3.10/site-packages/airflow/example_dags/example_latest_only_with_trigger.py took 0.092 seconds
[2024-03-02T09:42:10.933-0300] {processor.py:161} INFO - Started process (PID=13859) to work on /home/victor/Área de Trabalho/airflow/venv/lib/python3.10/site-packages/airflow/example_dags/example_latest_only_with_trigger.py
[2024-03-02T09:42:10.934-0300] {processor.py:830} INFO - Processing file /home/victor/Área de Trabalho/airflow/venv/lib/python3.10/site-packages/airflow/example_dags/example_latest_only_with_trigger.py for tasks to queue
[2024-03-02T09:42:10.935-0300] {logging_mixin.py:188} INFO - [2024-03-02T09:42:10.935-0300] {dagbag.py:540} INFO - Filling up the DagBag from /home/victor/Área de Trabalho/airflow/venv/lib/python3.10/site-packages/airflow/example_dags/example_latest_only_with_trigger.py
[2024-03-02T09:42:10.940-0300] {processor.py:840} INFO - DAG(s) 'latest_only_with_trigger' retrieved from /home/victor/Área de Trabalho/airflow/venv/lib/python3.10/site-packages/airflow/example_dags/example_latest_only_with_trigger.py
[2024-03-02T09:42:10.969-0300] {logging_mixin.py:188} INFO - [2024-03-02T09:42:10.969-0300] {dag.py:3047} INFO - Sync 1 DAGs
[2024-03-02T09:42:10.996-0300] {logging_mixin.py:188} INFO - [2024-03-02T09:42:10.996-0300] {dag.py:3834} INFO - Setting next_dagrun for latest_only_with_trigger to 2024-03-02 08:00:00+00:00, run_after=2024-03-02 12:00:00+00:00
[2024-03-02T09:42:11.021-0300] {processor.py:183} INFO - Processing /home/victor/Área de Trabalho/airflow/venv/lib/python3.10/site-packages/airflow/example_dags/example_latest_only_with_trigger.py took 0.090 seconds
[2024-03-02T09:42:41.903-0300] {processor.py:161} INFO - Started process (PID=14167) to work on /home/victor/Área de Trabalho/airflow/venv/lib/python3.10/site-packages/airflow/example_dags/example_latest_only_with_trigger.py
[2024-03-02T09:42:41.904-0300] {processor.py:830} INFO - Processing file /home/victor/Área de Trabalho/airflow/venv/lib/python3.10/site-packages/airflow/example_dags/example_latest_only_with_trigger.py for tasks to queue
[2024-03-02T09:42:41.905-0300] {logging_mixin.py:188} INFO - [2024-03-02T09:42:41.904-0300] {dagbag.py:540} INFO - Filling up the DagBag from /home/victor/Área de Trabalho/airflow/venv/lib/python3.10/site-packages/airflow/example_dags/example_latest_only_with_trigger.py
[2024-03-02T09:42:41.912-0300] {processor.py:840} INFO - DAG(s) 'latest_only_with_trigger' retrieved from /home/victor/Área de Trabalho/airflow/venv/lib/python3.10/site-packages/airflow/example_dags/example_latest_only_with_trigger.py
[2024-03-02T09:42:41.946-0300] {logging_mixin.py:188} INFO - [2024-03-02T09:42:41.945-0300] {dag.py:3047} INFO - Sync 1 DAGs
[2024-03-02T09:42:41.971-0300] {logging_mixin.py:188} INFO - [2024-03-02T09:42:41.970-0300] {dag.py:3834} INFO - Setting next_dagrun for latest_only_with_trigger to 2024-03-02 08:00:00+00:00, run_after=2024-03-02 12:00:00+00:00
[2024-03-02T09:42:42.001-0300] {processor.py:183} INFO - Processing /home/victor/Área de Trabalho/airflow/venv/lib/python3.10/site-packages/airflow/example_dags/example_latest_only_with_trigger.py took 0.101 seconds
[2024-03-02T09:43:13.055-0300] {processor.py:161} INFO - Started process (PID=14657) to work on /home/victor/Área de Trabalho/airflow/venv/lib/python3.10/site-packages/airflow/example_dags/example_latest_only_with_trigger.py
[2024-03-02T09:43:13.056-0300] {processor.py:830} INFO - Processing file /home/victor/Área de Trabalho/airflow/venv/lib/python3.10/site-packages/airflow/example_dags/example_latest_only_with_trigger.py for tasks to queue
[2024-03-02T09:43:13.057-0300] {logging_mixin.py:188} INFO - [2024-03-02T09:43:13.057-0300] {dagbag.py:540} INFO - Filling up the DagBag from /home/victor/Área de Trabalho/airflow/venv/lib/python3.10/site-packages/airflow/example_dags/example_latest_only_with_trigger.py
[2024-03-02T09:43:13.063-0300] {processor.py:840} INFO - DAG(s) 'latest_only_with_trigger' retrieved from /home/victor/Área de Trabalho/airflow/venv/lib/python3.10/site-packages/airflow/example_dags/example_latest_only_with_trigger.py
[2024-03-02T09:43:13.096-0300] {logging_mixin.py:188} INFO - [2024-03-02T09:43:13.096-0300] {dag.py:3047} INFO - Sync 1 DAGs
[2024-03-02T09:43:13.134-0300] {logging_mixin.py:188} INFO - [2024-03-02T09:43:13.134-0300] {dag.py:3834} INFO - Setting next_dagrun for latest_only_with_trigger to 2024-03-02 08:00:00+00:00, run_after=2024-03-02 12:00:00+00:00
[2024-03-02T09:43:13.158-0300] {processor.py:183} INFO - Processing /home/victor/Área de Trabalho/airflow/venv/lib/python3.10/site-packages/airflow/example_dags/example_latest_only_with_trigger.py took 0.106 seconds
[2024-03-02T09:43:43.544-0300] {processor.py:161} INFO - Started process (PID=14972) to work on /home/victor/Área de Trabalho/airflow/venv/lib/python3.10/site-packages/airflow/example_dags/example_latest_only_with_trigger.py
[2024-03-02T09:43:43.545-0300] {processor.py:830} INFO - Processing file /home/victor/Área de Trabalho/airflow/venv/lib/python3.10/site-packages/airflow/example_dags/example_latest_only_with_trigger.py for tasks to queue
[2024-03-02T09:43:43.546-0300] {logging_mixin.py:188} INFO - [2024-03-02T09:43:43.546-0300] {dagbag.py:540} INFO - Filling up the DagBag from /home/victor/Área de Trabalho/airflow/venv/lib/python3.10/site-packages/airflow/example_dags/example_latest_only_with_trigger.py
[2024-03-02T09:43:43.552-0300] {processor.py:840} INFO - DAG(s) 'latest_only_with_trigger' retrieved from /home/victor/Área de Trabalho/airflow/venv/lib/python3.10/site-packages/airflow/example_dags/example_latest_only_with_trigger.py
[2024-03-02T09:43:43.582-0300] {logging_mixin.py:188} INFO - [2024-03-02T09:43:43.582-0300] {dag.py:3047} INFO - Sync 1 DAGs
[2024-03-02T09:43:43.606-0300] {logging_mixin.py:188} INFO - [2024-03-02T09:43:43.606-0300] {dag.py:3834} INFO - Setting next_dagrun for latest_only_with_trigger to 2024-03-02 08:00:00+00:00, run_after=2024-03-02 12:00:00+00:00
[2024-03-02T09:43:43.629-0300] {processor.py:183} INFO - Processing /home/victor/Área de Trabalho/airflow/venv/lib/python3.10/site-packages/airflow/example_dags/example_latest_only_with_trigger.py took 0.088 seconds
[2024-03-02T09:44:15.107-0300] {processor.py:161} INFO - Started process (PID=15462) to work on /home/victor/Área de Trabalho/airflow/venv/lib/python3.10/site-packages/airflow/example_dags/example_latest_only_with_trigger.py
[2024-03-02T09:44:15.108-0300] {processor.py:830} INFO - Processing file /home/victor/Área de Trabalho/airflow/venv/lib/python3.10/site-packages/airflow/example_dags/example_latest_only_with_trigger.py for tasks to queue
[2024-03-02T09:44:15.109-0300] {logging_mixin.py:188} INFO - [2024-03-02T09:44:15.108-0300] {dagbag.py:540} INFO - Filling up the DagBag from /home/victor/Área de Trabalho/airflow/venv/lib/python3.10/site-packages/airflow/example_dags/example_latest_only_with_trigger.py
[2024-03-02T09:44:15.117-0300] {processor.py:840} INFO - DAG(s) 'latest_only_with_trigger' retrieved from /home/victor/Área de Trabalho/airflow/venv/lib/python3.10/site-packages/airflow/example_dags/example_latest_only_with_trigger.py
[2024-03-02T09:44:15.149-0300] {logging_mixin.py:188} INFO - [2024-03-02T09:44:15.148-0300] {dag.py:3047} INFO - Sync 1 DAGs
[2024-03-02T09:44:15.174-0300] {logging_mixin.py:188} INFO - [2024-03-02T09:44:15.174-0300] {dag.py:3834} INFO - Setting next_dagrun for latest_only_with_trigger to 2024-03-02 08:00:00+00:00, run_after=2024-03-02 12:00:00+00:00
[2024-03-02T09:44:15.200-0300] {processor.py:183} INFO - Processing /home/victor/Área de Trabalho/airflow/venv/lib/python3.10/site-packages/airflow/example_dags/example_latest_only_with_trigger.py took 0.096 seconds
[2024-03-02T09:44:45.847-0300] {processor.py:161} INFO - Started process (PID=15785) to work on /home/victor/Área de Trabalho/airflow/venv/lib/python3.10/site-packages/airflow/example_dags/example_latest_only_with_trigger.py
[2024-03-02T09:44:45.848-0300] {processor.py:830} INFO - Processing file /home/victor/Área de Trabalho/airflow/venv/lib/python3.10/site-packages/airflow/example_dags/example_latest_only_with_trigger.py for tasks to queue
[2024-03-02T09:44:45.849-0300] {logging_mixin.py:188} INFO - [2024-03-02T09:44:45.848-0300] {dagbag.py:540} INFO - Filling up the DagBag from /home/victor/Área de Trabalho/airflow/venv/lib/python3.10/site-packages/airflow/example_dags/example_latest_only_with_trigger.py
[2024-03-02T09:44:45.854-0300] {processor.py:840} INFO - DAG(s) 'latest_only_with_trigger' retrieved from /home/victor/Área de Trabalho/airflow/venv/lib/python3.10/site-packages/airflow/example_dags/example_latest_only_with_trigger.py
[2024-03-02T09:44:45.883-0300] {logging_mixin.py:188} INFO - [2024-03-02T09:44:45.882-0300] {dag.py:3047} INFO - Sync 1 DAGs
[2024-03-02T09:44:45.906-0300] {logging_mixin.py:188} INFO - [2024-03-02T09:44:45.905-0300] {dag.py:3834} INFO - Setting next_dagrun for latest_only_with_trigger to 2024-03-02 08:00:00+00:00, run_after=2024-03-02 12:00:00+00:00
[2024-03-02T09:44:45.925-0300] {processor.py:183} INFO - Processing /home/victor/Área de Trabalho/airflow/venv/lib/python3.10/site-packages/airflow/example_dags/example_latest_only_with_trigger.py took 0.081 seconds
[2024-03-02T09:45:17.138-0300] {processor.py:161} INFO - Started process (PID=16269) to work on /home/victor/Área de Trabalho/airflow/venv/lib/python3.10/site-packages/airflow/example_dags/example_latest_only_with_trigger.py
[2024-03-02T09:45:17.138-0300] {processor.py:830} INFO - Processing file /home/victor/Área de Trabalho/airflow/venv/lib/python3.10/site-packages/airflow/example_dags/example_latest_only_with_trigger.py for tasks to queue
[2024-03-02T09:45:17.139-0300] {logging_mixin.py:188} INFO - [2024-03-02T09:45:17.139-0300] {dagbag.py:540} INFO - Filling up the DagBag from /home/victor/Área de Trabalho/airflow/venv/lib/python3.10/site-packages/airflow/example_dags/example_latest_only_with_trigger.py
[2024-03-02T09:45:17.146-0300] {processor.py:840} INFO - DAG(s) 'latest_only_with_trigger' retrieved from /home/victor/Área de Trabalho/airflow/venv/lib/python3.10/site-packages/airflow/example_dags/example_latest_only_with_trigger.py
[2024-03-02T09:45:17.178-0300] {logging_mixin.py:188} INFO - [2024-03-02T09:45:17.178-0300] {dag.py:3047} INFO - Sync 1 DAGs
[2024-03-02T09:45:17.199-0300] {logging_mixin.py:188} INFO - [2024-03-02T09:45:17.199-0300] {dag.py:3834} INFO - Setting next_dagrun for latest_only_with_trigger to 2024-03-02 08:00:00+00:00, run_after=2024-03-02 12:00:00+00:00
[2024-03-02T09:45:17.221-0300] {processor.py:183} INFO - Processing /home/victor/Área de Trabalho/airflow/venv/lib/python3.10/site-packages/airflow/example_dags/example_latest_only_with_trigger.py took 0.087 seconds
[2024-03-02T09:45:47.611-0300] {processor.py:161} INFO - Started process (PID=16777) to work on /home/victor/Área de Trabalho/airflow/venv/lib/python3.10/site-packages/airflow/example_dags/example_latest_only_with_trigger.py
[2024-03-02T09:45:47.612-0300] {processor.py:830} INFO - Processing file /home/victor/Área de Trabalho/airflow/venv/lib/python3.10/site-packages/airflow/example_dags/example_latest_only_with_trigger.py for tasks to queue
[2024-03-02T09:45:47.613-0300] {logging_mixin.py:188} INFO - [2024-03-02T09:45:47.613-0300] {dagbag.py:540} INFO - Filling up the DagBag from /home/victor/Área de Trabalho/airflow/venv/lib/python3.10/site-packages/airflow/example_dags/example_latest_only_with_trigger.py
[2024-03-02T09:45:47.619-0300] {processor.py:840} INFO - DAG(s) 'latest_only_with_trigger' retrieved from /home/victor/Área de Trabalho/airflow/venv/lib/python3.10/site-packages/airflow/example_dags/example_latest_only_with_trigger.py
[2024-03-02T09:45:47.645-0300] {logging_mixin.py:188} INFO - [2024-03-02T09:45:47.644-0300] {dag.py:3047} INFO - Sync 1 DAGs
[2024-03-02T09:45:47.666-0300] {logging_mixin.py:188} INFO - [2024-03-02T09:45:47.666-0300] {dag.py:3834} INFO - Setting next_dagrun for latest_only_with_trigger to 2024-03-02 08:00:00+00:00, run_after=2024-03-02 12:00:00+00:00
[2024-03-02T09:45:47.686-0300] {processor.py:183} INFO - Processing /home/victor/Área de Trabalho/airflow/venv/lib/python3.10/site-packages/airflow/example_dags/example_latest_only_with_trigger.py took 0.078 seconds
[2024-03-02T09:46:19.463-0300] {processor.py:161} INFO - Started process (PID=17261) to work on /home/victor/Área de Trabalho/airflow/venv/lib/python3.10/site-packages/airflow/example_dags/example_latest_only_with_trigger.py
[2024-03-02T09:46:19.464-0300] {processor.py:830} INFO - Processing file /home/victor/Área de Trabalho/airflow/venv/lib/python3.10/site-packages/airflow/example_dags/example_latest_only_with_trigger.py for tasks to queue
[2024-03-02T09:46:19.465-0300] {logging_mixin.py:188} INFO - [2024-03-02T09:46:19.464-0300] {dagbag.py:540} INFO - Filling up the DagBag from /home/victor/Área de Trabalho/airflow/venv/lib/python3.10/site-packages/airflow/example_dags/example_latest_only_with_trigger.py
[2024-03-02T09:46:19.472-0300] {processor.py:840} INFO - DAG(s) 'latest_only_with_trigger' retrieved from /home/victor/Área de Trabalho/airflow/venv/lib/python3.10/site-packages/airflow/example_dags/example_latest_only_with_trigger.py
[2024-03-02T09:46:19.504-0300] {logging_mixin.py:188} INFO - [2024-03-02T09:46:19.504-0300] {dag.py:3047} INFO - Sync 1 DAGs
[2024-03-02T09:46:19.528-0300] {logging_mixin.py:188} INFO - [2024-03-02T09:46:19.527-0300] {dag.py:3834} INFO - Setting next_dagrun for latest_only_with_trigger to 2024-03-02 08:00:00+00:00, run_after=2024-03-02 12:00:00+00:00
[2024-03-02T09:46:19.546-0300] {processor.py:183} INFO - Processing /home/victor/Área de Trabalho/airflow/venv/lib/python3.10/site-packages/airflow/example_dags/example_latest_only_with_trigger.py took 0.086 seconds
[2024-03-02T09:46:49.908-0300] {processor.py:161} INFO - Started process (PID=17580) to work on /home/victor/Área de Trabalho/airflow/venv/lib/python3.10/site-packages/airflow/example_dags/example_latest_only_with_trigger.py
[2024-03-02T09:46:49.909-0300] {processor.py:830} INFO - Processing file /home/victor/Área de Trabalho/airflow/venv/lib/python3.10/site-packages/airflow/example_dags/example_latest_only_with_trigger.py for tasks to queue
[2024-03-02T09:46:49.910-0300] {logging_mixin.py:188} INFO - [2024-03-02T09:46:49.910-0300] {dagbag.py:540} INFO - Filling up the DagBag from /home/victor/Área de Trabalho/airflow/venv/lib/python3.10/site-packages/airflow/example_dags/example_latest_only_with_trigger.py
[2024-03-02T09:46:49.915-0300] {processor.py:840} INFO - DAG(s) 'latest_only_with_trigger' retrieved from /home/victor/Área de Trabalho/airflow/venv/lib/python3.10/site-packages/airflow/example_dags/example_latest_only_with_trigger.py
[2024-03-02T09:46:49.943-0300] {logging_mixin.py:188} INFO - [2024-03-02T09:46:49.942-0300] {dag.py:3047} INFO - Sync 1 DAGs
[2024-03-02T09:46:49.969-0300] {logging_mixin.py:188} INFO - [2024-03-02T09:46:49.968-0300] {dag.py:3834} INFO - Setting next_dagrun for latest_only_with_trigger to 2024-03-02 08:00:00+00:00, run_after=2024-03-02 12:00:00+00:00
[2024-03-02T09:46:49.989-0300] {processor.py:183} INFO - Processing /home/victor/Área de Trabalho/airflow/venv/lib/python3.10/site-packages/airflow/example_dags/example_latest_only_with_trigger.py took 0.083 seconds
[2024-03-02T09:47:20.936-0300] {processor.py:161} INFO - Started process (PID=18237) to work on /home/victor/Área de Trabalho/airflow/venv/lib/python3.10/site-packages/airflow/example_dags/example_latest_only_with_trigger.py
[2024-03-02T09:47:20.939-0300] {processor.py:830} INFO - Processing file /home/victor/Área de Trabalho/airflow/venv/lib/python3.10/site-packages/airflow/example_dags/example_latest_only_with_trigger.py for tasks to queue
[2024-03-02T09:47:20.940-0300] {logging_mixin.py:188} INFO - [2024-03-02T09:47:20.940-0300] {dagbag.py:540} INFO - Filling up the DagBag from /home/victor/Área de Trabalho/airflow/venv/lib/python3.10/site-packages/airflow/example_dags/example_latest_only_with_trigger.py
[2024-03-02T09:47:20.948-0300] {processor.py:840} INFO - DAG(s) 'latest_only_with_trigger' retrieved from /home/victor/Área de Trabalho/airflow/venv/lib/python3.10/site-packages/airflow/example_dags/example_latest_only_with_trigger.py
[2024-03-02T09:47:20.977-0300] {logging_mixin.py:188} INFO - [2024-03-02T09:47:20.976-0300] {dag.py:3047} INFO - Sync 1 DAGs
[2024-03-02T09:47:20.998-0300] {logging_mixin.py:188} INFO - [2024-03-02T09:47:20.998-0300] {dag.py:3834} INFO - Setting next_dagrun for latest_only_with_trigger to 2024-03-02 08:00:00+00:00, run_after=2024-03-02 12:00:00+00:00
[2024-03-02T09:47:21.018-0300] {processor.py:183} INFO - Processing /home/victor/Área de Trabalho/airflow/venv/lib/python3.10/site-packages/airflow/example_dags/example_latest_only_with_trigger.py took 0.086 seconds
[2024-03-02T09:47:51.641-0300] {processor.py:161} INFO - Started process (PID=18563) to work on /home/victor/Área de Trabalho/airflow/venv/lib/python3.10/site-packages/airflow/example_dags/example_latest_only_with_trigger.py
[2024-03-02T09:47:51.642-0300] {processor.py:830} INFO - Processing file /home/victor/Área de Trabalho/airflow/venv/lib/python3.10/site-packages/airflow/example_dags/example_latest_only_with_trigger.py for tasks to queue
[2024-03-02T09:47:51.643-0300] {logging_mixin.py:188} INFO - [2024-03-02T09:47:51.643-0300] {dagbag.py:540} INFO - Filling up the DagBag from /home/victor/Área de Trabalho/airflow/venv/lib/python3.10/site-packages/airflow/example_dags/example_latest_only_with_trigger.py
[2024-03-02T09:47:51.648-0300] {processor.py:840} INFO - DAG(s) 'latest_only_with_trigger' retrieved from /home/victor/Área de Trabalho/airflow/venv/lib/python3.10/site-packages/airflow/example_dags/example_latest_only_with_trigger.py
[2024-03-02T09:47:51.674-0300] {logging_mixin.py:188} INFO - [2024-03-02T09:47:51.674-0300] {dag.py:3047} INFO - Sync 1 DAGs
[2024-03-02T09:47:51.695-0300] {logging_mixin.py:188} INFO - [2024-03-02T09:47:51.695-0300] {dag.py:3834} INFO - Setting next_dagrun for latest_only_with_trigger to 2024-03-02 08:00:00+00:00, run_after=2024-03-02 12:00:00+00:00
[2024-03-02T09:47:51.714-0300] {processor.py:183} INFO - Processing /home/victor/Área de Trabalho/airflow/venv/lib/python3.10/site-packages/airflow/example_dags/example_latest_only_with_trigger.py took 0.075 seconds
[2024-03-02T09:48:22.216-0300] {processor.py:161} INFO - Started process (PID=19047) to work on /home/victor/Área de Trabalho/airflow/venv/lib/python3.10/site-packages/airflow/example_dags/example_latest_only_with_trigger.py
[2024-03-02T09:48:22.217-0300] {processor.py:830} INFO - Processing file /home/victor/Área de Trabalho/airflow/venv/lib/python3.10/site-packages/airflow/example_dags/example_latest_only_with_trigger.py for tasks to queue
[2024-03-02T09:48:22.217-0300] {logging_mixin.py:188} INFO - [2024-03-02T09:48:22.217-0300] {dagbag.py:540} INFO - Filling up the DagBag from /home/victor/Área de Trabalho/airflow/venv/lib/python3.10/site-packages/airflow/example_dags/example_latest_only_with_trigger.py
[2024-03-02T09:48:22.223-0300] {processor.py:840} INFO - DAG(s) 'latest_only_with_trigger' retrieved from /home/victor/Área de Trabalho/airflow/venv/lib/python3.10/site-packages/airflow/example_dags/example_latest_only_with_trigger.py
[2024-03-02T09:48:22.257-0300] {logging_mixin.py:188} INFO - [2024-03-02T09:48:22.257-0300] {dag.py:3047} INFO - Sync 1 DAGs
[2024-03-02T09:48:22.284-0300] {logging_mixin.py:188} INFO - [2024-03-02T09:48:22.283-0300] {dag.py:3834} INFO - Setting next_dagrun for latest_only_with_trigger to 2024-03-02 08:00:00+00:00, run_after=2024-03-02 12:00:00+00:00
[2024-03-02T09:48:22.305-0300] {processor.py:183} INFO - Processing /home/victor/Área de Trabalho/airflow/venv/lib/python3.10/site-packages/airflow/example_dags/example_latest_only_with_trigger.py took 0.092 seconds
[2024-03-02T09:48:53.133-0300] {processor.py:161} INFO - Started process (PID=19391) to work on /home/victor/Área de Trabalho/airflow/venv/lib/python3.10/site-packages/airflow/example_dags/example_latest_only_with_trigger.py
[2024-03-02T09:48:53.133-0300] {processor.py:830} INFO - Processing file /home/victor/Área de Trabalho/airflow/venv/lib/python3.10/site-packages/airflow/example_dags/example_latest_only_with_trigger.py for tasks to queue
[2024-03-02T09:48:53.134-0300] {logging_mixin.py:188} INFO - [2024-03-02T09:48:53.134-0300] {dagbag.py:540} INFO - Filling up the DagBag from /home/victor/Área de Trabalho/airflow/venv/lib/python3.10/site-packages/airflow/example_dags/example_latest_only_with_trigger.py
[2024-03-02T09:48:53.140-0300] {processor.py:840} INFO - DAG(s) 'latest_only_with_trigger' retrieved from /home/victor/Área de Trabalho/airflow/venv/lib/python3.10/site-packages/airflow/example_dags/example_latest_only_with_trigger.py
[2024-03-02T09:48:53.173-0300] {logging_mixin.py:188} INFO - [2024-03-02T09:48:53.173-0300] {dag.py:3047} INFO - Sync 1 DAGs
[2024-03-02T09:48:53.201-0300] {logging_mixin.py:188} INFO - [2024-03-02T09:48:53.201-0300] {dag.py:3834} INFO - Setting next_dagrun for latest_only_with_trigger to 2024-03-02 08:00:00+00:00, run_after=2024-03-02 12:00:00+00:00
[2024-03-02T09:48:53.224-0300] {processor.py:183} INFO - Processing /home/victor/Área de Trabalho/airflow/venv/lib/python3.10/site-packages/airflow/example_dags/example_latest_only_with_trigger.py took 0.094 seconds
[2024-03-02T09:49:23.807-0300] {processor.py:161} INFO - Started process (PID=19873) to work on /home/victor/Área de Trabalho/airflow/venv/lib/python3.10/site-packages/airflow/example_dags/example_latest_only_with_trigger.py
[2024-03-02T09:49:23.808-0300] {processor.py:830} INFO - Processing file /home/victor/Área de Trabalho/airflow/venv/lib/python3.10/site-packages/airflow/example_dags/example_latest_only_with_trigger.py for tasks to queue
[2024-03-02T09:49:23.809-0300] {logging_mixin.py:188} INFO - [2024-03-02T09:49:23.808-0300] {dagbag.py:540} INFO - Filling up the DagBag from /home/victor/Área de Trabalho/airflow/venv/lib/python3.10/site-packages/airflow/example_dags/example_latest_only_with_trigger.py
[2024-03-02T09:49:23.818-0300] {processor.py:840} INFO - DAG(s) 'latest_only_with_trigger' retrieved from /home/victor/Área de Trabalho/airflow/venv/lib/python3.10/site-packages/airflow/example_dags/example_latest_only_with_trigger.py
[2024-03-02T09:49:23.854-0300] {logging_mixin.py:188} INFO - [2024-03-02T09:49:23.853-0300] {dag.py:3047} INFO - Sync 1 DAGs
[2024-03-02T09:49:23.880-0300] {logging_mixin.py:188} INFO - [2024-03-02T09:49:23.880-0300] {dag.py:3834} INFO - Setting next_dagrun for latest_only_with_trigger to 2024-03-02 08:00:00+00:00, run_after=2024-03-02 12:00:00+00:00
[2024-03-02T09:49:23.902-0300] {processor.py:183} INFO - Processing /home/victor/Área de Trabalho/airflow/venv/lib/python3.10/site-packages/airflow/example_dags/example_latest_only_with_trigger.py took 0.098 seconds
[2024-03-02T09:49:54.514-0300] {processor.py:161} INFO - Started process (PID=20194) to work on /home/victor/Área de Trabalho/airflow/venv/lib/python3.10/site-packages/airflow/example_dags/example_latest_only_with_trigger.py
[2024-03-02T09:49:54.515-0300] {processor.py:830} INFO - Processing file /home/victor/Área de Trabalho/airflow/venv/lib/python3.10/site-packages/airflow/example_dags/example_latest_only_with_trigger.py for tasks to queue
[2024-03-02T09:49:54.516-0300] {logging_mixin.py:188} INFO - [2024-03-02T09:49:54.515-0300] {dagbag.py:540} INFO - Filling up the DagBag from /home/victor/Área de Trabalho/airflow/venv/lib/python3.10/site-packages/airflow/example_dags/example_latest_only_with_trigger.py
[2024-03-02T09:49:54.521-0300] {processor.py:840} INFO - DAG(s) 'latest_only_with_trigger' retrieved from /home/victor/Área de Trabalho/airflow/venv/lib/python3.10/site-packages/airflow/example_dags/example_latest_only_with_trigger.py
[2024-03-02T09:49:54.552-0300] {logging_mixin.py:188} INFO - [2024-03-02T09:49:54.552-0300] {dag.py:3047} INFO - Sync 1 DAGs
[2024-03-02T09:49:54.579-0300] {logging_mixin.py:188} INFO - [2024-03-02T09:49:54.579-0300] {dag.py:3834} INFO - Setting next_dagrun for latest_only_with_trigger to 2024-03-02 08:00:00+00:00, run_after=2024-03-02 12:00:00+00:00
[2024-03-02T09:49:54.601-0300] {processor.py:183} INFO - Processing /home/victor/Área de Trabalho/airflow/venv/lib/python3.10/site-packages/airflow/example_dags/example_latest_only_with_trigger.py took 0.090 seconds
[2024-03-02T09:50:25.027-0300] {processor.py:161} INFO - Started process (PID=20677) to work on /home/victor/Área de Trabalho/airflow/venv/lib/python3.10/site-packages/airflow/example_dags/example_latest_only_with_trigger.py
[2024-03-02T09:50:25.028-0300] {processor.py:830} INFO - Processing file /home/victor/Área de Trabalho/airflow/venv/lib/python3.10/site-packages/airflow/example_dags/example_latest_only_with_trigger.py for tasks to queue
[2024-03-02T09:50:25.029-0300] {logging_mixin.py:188} INFO - [2024-03-02T09:50:25.028-0300] {dagbag.py:540} INFO - Filling up the DagBag from /home/victor/Área de Trabalho/airflow/venv/lib/python3.10/site-packages/airflow/example_dags/example_latest_only_with_trigger.py
[2024-03-02T09:50:25.034-0300] {processor.py:840} INFO - DAG(s) 'latest_only_with_trigger' retrieved from /home/victor/Área de Trabalho/airflow/venv/lib/python3.10/site-packages/airflow/example_dags/example_latest_only_with_trigger.py
[2024-03-02T09:50:25.060-0300] {logging_mixin.py:188} INFO - [2024-03-02T09:50:25.059-0300] {dag.py:3047} INFO - Sync 1 DAGs
[2024-03-02T09:50:25.079-0300] {logging_mixin.py:188} INFO - [2024-03-02T09:50:25.079-0300] {dag.py:3834} INFO - Setting next_dagrun for latest_only_with_trigger to 2024-03-02 08:00:00+00:00, run_after=2024-03-02 12:00:00+00:00
[2024-03-02T09:50:25.097-0300] {processor.py:183} INFO - Processing /home/victor/Área de Trabalho/airflow/venv/lib/python3.10/site-packages/airflow/example_dags/example_latest_only_with_trigger.py took 0.072 seconds
[2024-03-02T09:50:56.663-0300] {processor.py:161} INFO - Started process (PID=21036) to work on /home/victor/Área de Trabalho/airflow/venv/lib/python3.10/site-packages/airflow/example_dags/example_latest_only_with_trigger.py
[2024-03-02T09:50:56.665-0300] {processor.py:830} INFO - Processing file /home/victor/Área de Trabalho/airflow/venv/lib/python3.10/site-packages/airflow/example_dags/example_latest_only_with_trigger.py for tasks to queue
[2024-03-02T09:50:56.665-0300] {logging_mixin.py:188} INFO - [2024-03-02T09:50:56.665-0300] {dagbag.py:540} INFO - Filling up the DagBag from /home/victor/Área de Trabalho/airflow/venv/lib/python3.10/site-packages/airflow/example_dags/example_latest_only_with_trigger.py
[2024-03-02T09:50:56.672-0300] {processor.py:840} INFO - DAG(s) 'latest_only_with_trigger' retrieved from /home/victor/Área de Trabalho/airflow/venv/lib/python3.10/site-packages/airflow/example_dags/example_latest_only_with_trigger.py
[2024-03-02T09:50:56.702-0300] {logging_mixin.py:188} INFO - [2024-03-02T09:50:56.702-0300] {dag.py:3047} INFO - Sync 1 DAGs
[2024-03-02T09:50:56.726-0300] {logging_mixin.py:188} INFO - [2024-03-02T09:50:56.726-0300] {dag.py:3834} INFO - Setting next_dagrun for latest_only_with_trigger to 2024-03-02 08:00:00+00:00, run_after=2024-03-02 12:00:00+00:00
[2024-03-02T09:50:56.747-0300] {processor.py:183} INFO - Processing /home/victor/Área de Trabalho/airflow/venv/lib/python3.10/site-packages/airflow/example_dags/example_latest_only_with_trigger.py took 0.086 seconds
[2024-03-02T09:51:27.231-0300] {processor.py:161} INFO - Started process (PID=21514) to work on /home/victor/Área de Trabalho/airflow/venv/lib/python3.10/site-packages/airflow/example_dags/example_latest_only_with_trigger.py
[2024-03-02T09:51:27.233-0300] {processor.py:830} INFO - Processing file /home/victor/Área de Trabalho/airflow/venv/lib/python3.10/site-packages/airflow/example_dags/example_latest_only_with_trigger.py for tasks to queue
[2024-03-02T09:51:27.233-0300] {logging_mixin.py:188} INFO - [2024-03-02T09:51:27.233-0300] {dagbag.py:540} INFO - Filling up the DagBag from /home/victor/Área de Trabalho/airflow/venv/lib/python3.10/site-packages/airflow/example_dags/example_latest_only_with_trigger.py
[2024-03-02T09:51:27.239-0300] {processor.py:840} INFO - DAG(s) 'latest_only_with_trigger' retrieved from /home/victor/Área de Trabalho/airflow/venv/lib/python3.10/site-packages/airflow/example_dags/example_latest_only_with_trigger.py
[2024-03-02T09:51:27.266-0300] {logging_mixin.py:188} INFO - [2024-03-02T09:51:27.266-0300] {dag.py:3047} INFO - Sync 1 DAGs
[2024-03-02T09:51:27.291-0300] {logging_mixin.py:188} INFO - [2024-03-02T09:51:27.291-0300] {dag.py:3834} INFO - Setting next_dagrun for latest_only_with_trigger to 2024-03-02 08:00:00+00:00, run_after=2024-03-02 12:00:00+00:00
[2024-03-02T09:51:27.314-0300] {processor.py:183} INFO - Processing /home/victor/Área de Trabalho/airflow/venv/lib/python3.10/site-packages/airflow/example_dags/example_latest_only_with_trigger.py took 0.086 seconds
[2024-03-02T09:51:57.945-0300] {processor.py:161} INFO - Started process (PID=21896) to work on /home/victor/Área de Trabalho/airflow/venv/lib/python3.10/site-packages/airflow/example_dags/example_latest_only_with_trigger.py
[2024-03-02T09:51:57.946-0300] {processor.py:830} INFO - Processing file /home/victor/Área de Trabalho/airflow/venv/lib/python3.10/site-packages/airflow/example_dags/example_latest_only_with_trigger.py for tasks to queue
[2024-03-02T09:51:57.947-0300] {logging_mixin.py:188} INFO - [2024-03-02T09:51:57.947-0300] {dagbag.py:540} INFO - Filling up the DagBag from /home/victor/Área de Trabalho/airflow/venv/lib/python3.10/site-packages/airflow/example_dags/example_latest_only_with_trigger.py
[2024-03-02T09:51:57.952-0300] {processor.py:840} INFO - DAG(s) 'latest_only_with_trigger' retrieved from /home/victor/Área de Trabalho/airflow/venv/lib/python3.10/site-packages/airflow/example_dags/example_latest_only_with_trigger.py
[2024-03-02T09:51:57.981-0300] {logging_mixin.py:188} INFO - [2024-03-02T09:51:57.980-0300] {dag.py:3047} INFO - Sync 1 DAGs
[2024-03-02T09:51:58.004-0300] {logging_mixin.py:188} INFO - [2024-03-02T09:51:58.004-0300] {dag.py:3834} INFO - Setting next_dagrun for latest_only_with_trigger to 2024-03-02 08:00:00+00:00, run_after=2024-03-02 12:00:00+00:00
[2024-03-02T09:51:58.025-0300] {processor.py:183} INFO - Processing /home/victor/Área de Trabalho/airflow/venv/lib/python3.10/site-packages/airflow/example_dags/example_latest_only_with_trigger.py took 0.082 seconds
[2024-03-02T09:52:28.675-0300] {processor.py:161} INFO - Started process (PID=22482) to work on /home/victor/Área de Trabalho/airflow/venv/lib/python3.10/site-packages/airflow/example_dags/example_latest_only_with_trigger.py
[2024-03-02T09:52:28.676-0300] {processor.py:830} INFO - Processing file /home/victor/Área de Trabalho/airflow/venv/lib/python3.10/site-packages/airflow/example_dags/example_latest_only_with_trigger.py for tasks to queue
[2024-03-02T09:52:28.677-0300] {logging_mixin.py:188} INFO - [2024-03-02T09:52:28.676-0300] {dagbag.py:540} INFO - Filling up the DagBag from /home/victor/Área de Trabalho/airflow/venv/lib/python3.10/site-packages/airflow/example_dags/example_latest_only_with_trigger.py
[2024-03-02T09:52:28.682-0300] {processor.py:840} INFO - DAG(s) 'latest_only_with_trigger' retrieved from /home/victor/Área de Trabalho/airflow/venv/lib/python3.10/site-packages/airflow/example_dags/example_latest_only_with_trigger.py
[2024-03-02T09:52:28.714-0300] {logging_mixin.py:188} INFO - [2024-03-02T09:52:28.714-0300] {dag.py:3047} INFO - Sync 1 DAGs
[2024-03-02T09:52:28.762-0300] {logging_mixin.py:188} INFO - [2024-03-02T09:52:28.762-0300] {dag.py:3834} INFO - Setting next_dagrun for latest_only_with_trigger to 2024-03-02 08:00:00+00:00, run_after=2024-03-02 12:00:00+00:00
[2024-03-02T09:52:28.785-0300] {processor.py:183} INFO - Processing /home/victor/Área de Trabalho/airflow/venv/lib/python3.10/site-packages/airflow/example_dags/example_latest_only_with_trigger.py took 0.113 seconds
[2024-03-02T09:52:59.147-0300] {processor.py:161} INFO - Started process (PID=22862) to work on /home/victor/Área de Trabalho/airflow/venv/lib/python3.10/site-packages/airflow/example_dags/example_latest_only_with_trigger.py
[2024-03-02T09:52:59.148-0300] {processor.py:830} INFO - Processing file /home/victor/Área de Trabalho/airflow/venv/lib/python3.10/site-packages/airflow/example_dags/example_latest_only_with_trigger.py for tasks to queue
[2024-03-02T09:52:59.149-0300] {logging_mixin.py:188} INFO - [2024-03-02T09:52:59.149-0300] {dagbag.py:540} INFO - Filling up the DagBag from /home/victor/Área de Trabalho/airflow/venv/lib/python3.10/site-packages/airflow/example_dags/example_latest_only_with_trigger.py
[2024-03-02T09:52:59.160-0300] {processor.py:840} INFO - DAG(s) 'latest_only_with_trigger' retrieved from /home/victor/Área de Trabalho/airflow/venv/lib/python3.10/site-packages/airflow/example_dags/example_latest_only_with_trigger.py
[2024-03-02T09:52:59.189-0300] {logging_mixin.py:188} INFO - [2024-03-02T09:52:59.188-0300] {dag.py:3047} INFO - Sync 1 DAGs
[2024-03-02T09:52:59.211-0300] {logging_mixin.py:188} INFO - [2024-03-02T09:52:59.211-0300] {dag.py:3834} INFO - Setting next_dagrun for latest_only_with_trigger to 2024-03-02 08:00:00+00:00, run_after=2024-03-02 12:00:00+00:00
[2024-03-02T09:52:59.232-0300] {processor.py:183} INFO - Processing /home/victor/Área de Trabalho/airflow/venv/lib/python3.10/site-packages/airflow/example_dags/example_latest_only_with_trigger.py took 0.088 seconds
[2024-03-02T09:53:29.695-0300] {processor.py:161} INFO - Started process (PID=23288) to work on /home/victor/Área de Trabalho/airflow/venv/lib/python3.10/site-packages/airflow/example_dags/example_latest_only_with_trigger.py
[2024-03-02T09:53:29.696-0300] {processor.py:830} INFO - Processing file /home/victor/Área de Trabalho/airflow/venv/lib/python3.10/site-packages/airflow/example_dags/example_latest_only_with_trigger.py for tasks to queue
[2024-03-02T09:53:29.696-0300] {logging_mixin.py:188} INFO - [2024-03-02T09:53:29.696-0300] {dagbag.py:540} INFO - Filling up the DagBag from /home/victor/Área de Trabalho/airflow/venv/lib/python3.10/site-packages/airflow/example_dags/example_latest_only_with_trigger.py
[2024-03-02T09:53:29.702-0300] {processor.py:840} INFO - DAG(s) 'latest_only_with_trigger' retrieved from /home/victor/Área de Trabalho/airflow/venv/lib/python3.10/site-packages/airflow/example_dags/example_latest_only_with_trigger.py
[2024-03-02T09:53:29.731-0300] {logging_mixin.py:188} INFO - [2024-03-02T09:53:29.731-0300] {dag.py:3047} INFO - Sync 1 DAGs
[2024-03-02T09:53:29.754-0300] {logging_mixin.py:188} INFO - [2024-03-02T09:53:29.754-0300] {dag.py:3834} INFO - Setting next_dagrun for latest_only_with_trigger to 2024-03-02 08:00:00+00:00, run_after=2024-03-02 12:00:00+00:00
[2024-03-02T09:53:29.775-0300] {processor.py:183} INFO - Processing /home/victor/Área de Trabalho/airflow/venv/lib/python3.10/site-packages/airflow/example_dags/example_latest_only_with_trigger.py took 0.083 seconds
[2024-03-02T09:54:00.515-0300] {processor.py:161} INFO - Started process (PID=23771) to work on /home/victor/Área de Trabalho/airflow/venv/lib/python3.10/site-packages/airflow/example_dags/example_latest_only_with_trigger.py
[2024-03-02T09:54:00.516-0300] {processor.py:830} INFO - Processing file /home/victor/Área de Trabalho/airflow/venv/lib/python3.10/site-packages/airflow/example_dags/example_latest_only_with_trigger.py for tasks to queue
[2024-03-02T09:54:00.517-0300] {logging_mixin.py:188} INFO - [2024-03-02T09:54:00.517-0300] {dagbag.py:540} INFO - Filling up the DagBag from /home/victor/Área de Trabalho/airflow/venv/lib/python3.10/site-packages/airflow/example_dags/example_latest_only_with_trigger.py
[2024-03-02T09:54:00.524-0300] {processor.py:840} INFO - DAG(s) 'latest_only_with_trigger' retrieved from /home/victor/Área de Trabalho/airflow/venv/lib/python3.10/site-packages/airflow/example_dags/example_latest_only_with_trigger.py
[2024-03-02T09:54:00.556-0300] {logging_mixin.py:188} INFO - [2024-03-02T09:54:00.556-0300] {dag.py:3047} INFO - Sync 1 DAGs
[2024-03-02T09:54:00.579-0300] {logging_mixin.py:188} INFO - [2024-03-02T09:54:00.579-0300] {dag.py:3834} INFO - Setting next_dagrun for latest_only_with_trigger to 2024-03-02 08:00:00+00:00, run_after=2024-03-02 12:00:00+00:00
[2024-03-02T09:54:00.601-0300] {processor.py:183} INFO - Processing /home/victor/Área de Trabalho/airflow/venv/lib/python3.10/site-packages/airflow/example_dags/example_latest_only_with_trigger.py took 0.089 seconds
[2024-03-02T09:54:31.623-0300] {processor.py:161} INFO - Started process (PID=24253) to work on /home/victor/Área de Trabalho/airflow/venv/lib/python3.10/site-packages/airflow/example_dags/example_latest_only_with_trigger.py
[2024-03-02T09:54:31.623-0300] {processor.py:830} INFO - Processing file /home/victor/Área de Trabalho/airflow/venv/lib/python3.10/site-packages/airflow/example_dags/example_latest_only_with_trigger.py for tasks to queue
[2024-03-02T09:54:31.624-0300] {logging_mixin.py:188} INFO - [2024-03-02T09:54:31.624-0300] {dagbag.py:540} INFO - Filling up the DagBag from /home/victor/Área de Trabalho/airflow/venv/lib/python3.10/site-packages/airflow/example_dags/example_latest_only_with_trigger.py
[2024-03-02T09:54:31.630-0300] {processor.py:840} INFO - DAG(s) 'latest_only_with_trigger' retrieved from /home/victor/Área de Trabalho/airflow/venv/lib/python3.10/site-packages/airflow/example_dags/example_latest_only_with_trigger.py
[2024-03-02T09:54:31.661-0300] {logging_mixin.py:188} INFO - [2024-03-02T09:54:31.661-0300] {dag.py:3047} INFO - Sync 1 DAGs
[2024-03-02T09:54:31.686-0300] {logging_mixin.py:188} INFO - [2024-03-02T09:54:31.685-0300] {dag.py:3834} INFO - Setting next_dagrun for latest_only_with_trigger to 2024-03-02 08:00:00+00:00, run_after=2024-03-02 12:00:00+00:00
[2024-03-02T09:54:31.707-0300] {processor.py:183} INFO - Processing /home/victor/Área de Trabalho/airflow/venv/lib/python3.10/site-packages/airflow/example_dags/example_latest_only_with_trigger.py took 0.088 seconds
[2024-03-02T09:55:02.143-0300] {processor.py:161} INFO - Started process (PID=24815) to work on /home/victor/Área de Trabalho/airflow/venv/lib/python3.10/site-packages/airflow/example_dags/example_latest_only_with_trigger.py
[2024-03-02T09:55:02.144-0300] {processor.py:830} INFO - Processing file /home/victor/Área de Trabalho/airflow/venv/lib/python3.10/site-packages/airflow/example_dags/example_latest_only_with_trigger.py for tasks to queue
[2024-03-02T09:55:02.144-0300] {logging_mixin.py:188} INFO - [2024-03-02T09:55:02.144-0300] {dagbag.py:540} INFO - Filling up the DagBag from /home/victor/Área de Trabalho/airflow/venv/lib/python3.10/site-packages/airflow/example_dags/example_latest_only_with_trigger.py
[2024-03-02T09:55:02.149-0300] {processor.py:840} INFO - DAG(s) 'latest_only_with_trigger' retrieved from /home/victor/Área de Trabalho/airflow/venv/lib/python3.10/site-packages/airflow/example_dags/example_latest_only_with_trigger.py
[2024-03-02T09:55:02.181-0300] {logging_mixin.py:188} INFO - [2024-03-02T09:55:02.181-0300] {dag.py:3047} INFO - Sync 1 DAGs
[2024-03-02T09:55:02.207-0300] {logging_mixin.py:188} INFO - [2024-03-02T09:55:02.207-0300] {dag.py:3834} INFO - Setting next_dagrun for latest_only_with_trigger to 2024-03-02 08:00:00+00:00, run_after=2024-03-02 12:00:00+00:00
[2024-03-02T09:55:02.237-0300] {processor.py:183} INFO - Processing /home/victor/Área de Trabalho/airflow/venv/lib/python3.10/site-packages/airflow/example_dags/example_latest_only_with_trigger.py took 0.097 seconds
[2024-03-02T09:55:32.840-0300] {processor.py:161} INFO - Started process (PID=25286) to work on /home/victor/Área de Trabalho/airflow/venv/lib/python3.10/site-packages/airflow/example_dags/example_latest_only_with_trigger.py
[2024-03-02T09:55:32.841-0300] {processor.py:830} INFO - Processing file /home/victor/Área de Trabalho/airflow/venv/lib/python3.10/site-packages/airflow/example_dags/example_latest_only_with_trigger.py for tasks to queue
[2024-03-02T09:55:32.842-0300] {logging_mixin.py:188} INFO - [2024-03-02T09:55:32.842-0300] {dagbag.py:540} INFO - Filling up the DagBag from /home/victor/Área de Trabalho/airflow/venv/lib/python3.10/site-packages/airflow/example_dags/example_latest_only_with_trigger.py
[2024-03-02T09:55:32.848-0300] {processor.py:840} INFO - DAG(s) 'latest_only_with_trigger' retrieved from /home/victor/Área de Trabalho/airflow/venv/lib/python3.10/site-packages/airflow/example_dags/example_latest_only_with_trigger.py
[2024-03-02T09:55:32.874-0300] {logging_mixin.py:188} INFO - [2024-03-02T09:55:32.874-0300] {dag.py:3047} INFO - Sync 1 DAGs
[2024-03-02T09:55:32.897-0300] {logging_mixin.py:188} INFO - [2024-03-02T09:55:32.897-0300] {dag.py:3834} INFO - Setting next_dagrun for latest_only_with_trigger to 2024-03-02 08:00:00+00:00, run_after=2024-03-02 12:00:00+00:00
[2024-03-02T09:55:32.928-0300] {processor.py:183} INFO - Processing /home/victor/Área de Trabalho/airflow/venv/lib/python3.10/site-packages/airflow/example_dags/example_latest_only_with_trigger.py took 0.090 seconds
[2024-03-02T09:56:03.197-0300] {processor.py:161} INFO - Started process (PID=25789) to work on /home/victor/Área de Trabalho/airflow/venv/lib/python3.10/site-packages/airflow/example_dags/example_latest_only_with_trigger.py
[2024-03-02T09:56:03.198-0300] {processor.py:830} INFO - Processing file /home/victor/Área de Trabalho/airflow/venv/lib/python3.10/site-packages/airflow/example_dags/example_latest_only_with_trigger.py for tasks to queue
[2024-03-02T09:56:03.198-0300] {logging_mixin.py:188} INFO - [2024-03-02T09:56:03.198-0300] {dagbag.py:540} INFO - Filling up the DagBag from /home/victor/Área de Trabalho/airflow/venv/lib/python3.10/site-packages/airflow/example_dags/example_latest_only_with_trigger.py
[2024-03-02T09:56:03.204-0300] {processor.py:840} INFO - DAG(s) 'latest_only_with_trigger' retrieved from /home/victor/Área de Trabalho/airflow/venv/lib/python3.10/site-packages/airflow/example_dags/example_latest_only_with_trigger.py
[2024-03-02T09:56:03.231-0300] {logging_mixin.py:188} INFO - [2024-03-02T09:56:03.231-0300] {dag.py:3047} INFO - Sync 1 DAGs
[2024-03-02T09:56:03.252-0300] {logging_mixin.py:188} INFO - [2024-03-02T09:56:03.252-0300] {dag.py:3834} INFO - Setting next_dagrun for latest_only_with_trigger to 2024-03-02 08:00:00+00:00, run_after=2024-03-02 12:00:00+00:00
[2024-03-02T09:56:03.271-0300] {processor.py:183} INFO - Processing /home/victor/Área de Trabalho/airflow/venv/lib/python3.10/site-packages/airflow/example_dags/example_latest_only_with_trigger.py took 0.077 seconds
[2024-03-02T09:56:34.531-0300] {processor.py:161} INFO - Started process (PID=26111) to work on /home/victor/Área de Trabalho/airflow/venv/lib/python3.10/site-packages/airflow/example_dags/example_latest_only_with_trigger.py
[2024-03-02T09:56:34.531-0300] {processor.py:830} INFO - Processing file /home/victor/Área de Trabalho/airflow/venv/lib/python3.10/site-packages/airflow/example_dags/example_latest_only_with_trigger.py for tasks to queue
[2024-03-02T09:56:34.532-0300] {logging_mixin.py:188} INFO - [2024-03-02T09:56:34.532-0300] {dagbag.py:540} INFO - Filling up the DagBag from /home/victor/Área de Trabalho/airflow/venv/lib/python3.10/site-packages/airflow/example_dags/example_latest_only_with_trigger.py
[2024-03-02T09:56:34.537-0300] {processor.py:840} INFO - DAG(s) 'latest_only_with_trigger' retrieved from /home/victor/Área de Trabalho/airflow/venv/lib/python3.10/site-packages/airflow/example_dags/example_latest_only_with_trigger.py
[2024-03-02T09:56:34.564-0300] {logging_mixin.py:188} INFO - [2024-03-02T09:56:34.564-0300] {dag.py:3047} INFO - Sync 1 DAGs
[2024-03-02T09:56:34.584-0300] {logging_mixin.py:188} INFO - [2024-03-02T09:56:34.583-0300] {dag.py:3834} INFO - Setting next_dagrun for latest_only_with_trigger to 2024-03-02 08:00:00+00:00, run_after=2024-03-02 12:00:00+00:00
[2024-03-02T09:56:34.603-0300] {processor.py:183} INFO - Processing /home/victor/Área de Trabalho/airflow/venv/lib/python3.10/site-packages/airflow/example_dags/example_latest_only_with_trigger.py took 0.075 seconds
[2024-03-02T09:57:05.125-0300] {processor.py:161} INFO - Started process (PID=26754) to work on /home/victor/Área de Trabalho/airflow/venv/lib/python3.10/site-packages/airflow/example_dags/example_latest_only_with_trigger.py
[2024-03-02T09:57:05.126-0300] {processor.py:830} INFO - Processing file /home/victor/Área de Trabalho/airflow/venv/lib/python3.10/site-packages/airflow/example_dags/example_latest_only_with_trigger.py for tasks to queue
[2024-03-02T09:57:05.127-0300] {logging_mixin.py:188} INFO - [2024-03-02T09:57:05.127-0300] {dagbag.py:540} INFO - Filling up the DagBag from /home/victor/Área de Trabalho/airflow/venv/lib/python3.10/site-packages/airflow/example_dags/example_latest_only_with_trigger.py
[2024-03-02T09:57:05.132-0300] {processor.py:840} INFO - DAG(s) 'latest_only_with_trigger' retrieved from /home/victor/Área de Trabalho/airflow/venv/lib/python3.10/site-packages/airflow/example_dags/example_latest_only_with_trigger.py
[2024-03-02T09:57:05.159-0300] {logging_mixin.py:188} INFO - [2024-03-02T09:57:05.159-0300] {dag.py:3047} INFO - Sync 1 DAGs
[2024-03-02T09:57:05.180-0300] {logging_mixin.py:188} INFO - [2024-03-02T09:57:05.180-0300] {dag.py:3834} INFO - Setting next_dagrun for latest_only_with_trigger to 2024-03-02 08:00:00+00:00, run_after=2024-03-02 12:00:00+00:00
[2024-03-02T09:57:05.199-0300] {processor.py:183} INFO - Processing /home/victor/Área de Trabalho/airflow/venv/lib/python3.10/site-packages/airflow/example_dags/example_latest_only_with_trigger.py took 0.078 seconds
[2024-03-02T09:57:35.605-0300] {processor.py:161} INFO - Started process (PID=27075) to work on /home/victor/Área de Trabalho/airflow/venv/lib/python3.10/site-packages/airflow/example_dags/example_latest_only_with_trigger.py
[2024-03-02T09:57:35.606-0300] {processor.py:830} INFO - Processing file /home/victor/Área de Trabalho/airflow/venv/lib/python3.10/site-packages/airflow/example_dags/example_latest_only_with_trigger.py for tasks to queue
[2024-03-02T09:57:35.606-0300] {logging_mixin.py:188} INFO - [2024-03-02T09:57:35.606-0300] {dagbag.py:540} INFO - Filling up the DagBag from /home/victor/Área de Trabalho/airflow/venv/lib/python3.10/site-packages/airflow/example_dags/example_latest_only_with_trigger.py
[2024-03-02T09:57:35.612-0300] {processor.py:840} INFO - DAG(s) 'latest_only_with_trigger' retrieved from /home/victor/Área de Trabalho/airflow/venv/lib/python3.10/site-packages/airflow/example_dags/example_latest_only_with_trigger.py
[2024-03-02T09:57:35.637-0300] {logging_mixin.py:188} INFO - [2024-03-02T09:57:35.637-0300] {dag.py:3047} INFO - Sync 1 DAGs
[2024-03-02T09:57:35.657-0300] {logging_mixin.py:188} INFO - [2024-03-02T09:57:35.656-0300] {dag.py:3834} INFO - Setting next_dagrun for latest_only_with_trigger to 2024-03-02 08:00:00+00:00, run_after=2024-03-02 12:00:00+00:00
[2024-03-02T09:57:35.675-0300] {processor.py:183} INFO - Processing /home/victor/Área de Trabalho/airflow/venv/lib/python3.10/site-packages/airflow/example_dags/example_latest_only_with_trigger.py took 0.073 seconds
[2024-03-02T09:58:06.100-0300] {processor.py:161} INFO - Started process (PID=27628) to work on /home/victor/Área de Trabalho/airflow/venv/lib/python3.10/site-packages/airflow/example_dags/example_latest_only_with_trigger.py
[2024-03-02T09:58:06.101-0300] {processor.py:830} INFO - Processing file /home/victor/Área de Trabalho/airflow/venv/lib/python3.10/site-packages/airflow/example_dags/example_latest_only_with_trigger.py for tasks to queue
[2024-03-02T09:58:06.102-0300] {logging_mixin.py:188} INFO - [2024-03-02T09:58:06.101-0300] {dagbag.py:540} INFO - Filling up the DagBag from /home/victor/Área de Trabalho/airflow/venv/lib/python3.10/site-packages/airflow/example_dags/example_latest_only_with_trigger.py
[2024-03-02T09:58:06.107-0300] {processor.py:840} INFO - DAG(s) 'latest_only_with_trigger' retrieved from /home/victor/Área de Trabalho/airflow/venv/lib/python3.10/site-packages/airflow/example_dags/example_latest_only_with_trigger.py
[2024-03-02T09:58:06.141-0300] {logging_mixin.py:188} INFO - [2024-03-02T09:58:06.140-0300] {dag.py:3047} INFO - Sync 1 DAGs
[2024-03-02T09:58:06.165-0300] {logging_mixin.py:188} INFO - [2024-03-02T09:58:06.165-0300] {dag.py:3834} INFO - Setting next_dagrun for latest_only_with_trigger to 2024-03-02 08:00:00+00:00, run_after=2024-03-02 12:00:00+00:00
[2024-03-02T09:58:06.188-0300] {processor.py:183} INFO - Processing /home/victor/Área de Trabalho/airflow/venv/lib/python3.10/site-packages/airflow/example_dags/example_latest_only_with_trigger.py took 0.092 seconds
[2024-03-02T09:58:36.734-0300] {processor.py:161} INFO - Started process (PID=28996) to work on /home/victor/Área de Trabalho/airflow/venv/lib/python3.10/site-packages/airflow/example_dags/example_latest_only_with_trigger.py
[2024-03-02T09:58:36.736-0300] {processor.py:830} INFO - Processing file /home/victor/Área de Trabalho/airflow/venv/lib/python3.10/site-packages/airflow/example_dags/example_latest_only_with_trigger.py for tasks to queue
[2024-03-02T09:58:36.737-0300] {logging_mixin.py:188} INFO - [2024-03-02T09:58:36.737-0300] {dagbag.py:540} INFO - Filling up the DagBag from /home/victor/Área de Trabalho/airflow/venv/lib/python3.10/site-packages/airflow/example_dags/example_latest_only_with_trigger.py
[2024-03-02T09:58:36.743-0300] {processor.py:840} INFO - DAG(s) 'latest_only_with_trigger' retrieved from /home/victor/Área de Trabalho/airflow/venv/lib/python3.10/site-packages/airflow/example_dags/example_latest_only_with_trigger.py
[2024-03-02T09:58:36.771-0300] {logging_mixin.py:188} INFO - [2024-03-02T09:58:36.771-0300] {dag.py:3047} INFO - Sync 1 DAGs
[2024-03-02T09:58:36.796-0300] {logging_mixin.py:188} INFO - [2024-03-02T09:58:36.795-0300] {dag.py:3834} INFO - Setting next_dagrun for latest_only_with_trigger to 2024-03-02 08:00:00+00:00, run_after=2024-03-02 12:00:00+00:00
[2024-03-02T09:58:36.824-0300] {processor.py:183} INFO - Processing /home/victor/Área de Trabalho/airflow/venv/lib/python3.10/site-packages/airflow/example_dags/example_latest_only_with_trigger.py took 0.093 seconds
[2024-03-02T09:59:07.257-0300] {processor.py:161} INFO - Started process (PID=29509) to work on /home/victor/Área de Trabalho/airflow/venv/lib/python3.10/site-packages/airflow/example_dags/example_latest_only_with_trigger.py
[2024-03-02T09:59:07.258-0300] {processor.py:830} INFO - Processing file /home/victor/Área de Trabalho/airflow/venv/lib/python3.10/site-packages/airflow/example_dags/example_latest_only_with_trigger.py for tasks to queue
[2024-03-02T09:59:07.259-0300] {logging_mixin.py:188} INFO - [2024-03-02T09:59:07.259-0300] {dagbag.py:540} INFO - Filling up the DagBag from /home/victor/Área de Trabalho/airflow/venv/lib/python3.10/site-packages/airflow/example_dags/example_latest_only_with_trigger.py
[2024-03-02T09:59:07.264-0300] {processor.py:840} INFO - DAG(s) 'latest_only_with_trigger' retrieved from /home/victor/Área de Trabalho/airflow/venv/lib/python3.10/site-packages/airflow/example_dags/example_latest_only_with_trigger.py
[2024-03-02T09:59:07.291-0300] {logging_mixin.py:188} INFO - [2024-03-02T09:59:07.291-0300] {dag.py:3047} INFO - Sync 1 DAGs
[2024-03-02T09:59:07.313-0300] {logging_mixin.py:188} INFO - [2024-03-02T09:59:07.313-0300] {dag.py:3834} INFO - Setting next_dagrun for latest_only_with_trigger to 2024-03-02 08:00:00+00:00, run_after=2024-03-02 12:00:00+00:00
[2024-03-02T09:59:07.331-0300] {processor.py:183} INFO - Processing /home/victor/Área de Trabalho/airflow/venv/lib/python3.10/site-packages/airflow/example_dags/example_latest_only_with_trigger.py took 0.076 seconds
