[2024-03-02T09:37:00.496-0300] {processor.py:161} INFO - Started process (PID=8088) to work on /home/victor/Área de Trabalho/airflow/venv/lib/python3.10/site-packages/airflow/example_dags/example_bash_operator.py
[2024-03-02T09:37:00.497-0300] {processor.py:830} INFO - Processing file /home/victor/Área de Trabalho/airflow/venv/lib/python3.10/site-packages/airflow/example_dags/example_bash_operator.py for tasks to queue
[2024-03-02T09:37:00.498-0300] {logging_mixin.py:188} INFO - [2024-03-02T09:37:00.497-0300] {dagbag.py:540} INFO - Filling up the DagBag from /home/victor/Área de Trabalho/airflow/venv/lib/python3.10/site-packages/airflow/example_dags/example_bash_operator.py
[2024-03-02T09:37:00.511-0300] {processor.py:840} INFO - DAG(s) 'example_bash_operator' retrieved from /home/victor/Área de Trabalho/airflow/venv/lib/python3.10/site-packages/airflow/example_dags/example_bash_operator.py
[2024-03-02T09:37:00.532-0300] {logging_mixin.py:188} INFO - [2024-03-02T09:37:00.531-0300] {dag.py:3047} INFO - Sync 1 DAGs
[2024-03-02T09:37:00.556-0300] {logging_mixin.py:188} INFO - [2024-03-02T09:37:00.556-0300] {dag.py:3834} INFO - Setting next_dagrun for example_bash_operator to 2024-03-01 00:00:00+00:00, run_after=2024-03-02 00:00:00+00:00
[2024-03-02T09:37:00.577-0300] {processor.py:183} INFO - Processing /home/victor/Área de Trabalho/airflow/venv/lib/python3.10/site-packages/airflow/example_dags/example_bash_operator.py took 0.087 seconds
[2024-03-02T09:37:32.454-0300] {processor.py:161} INFO - Started process (PID=9645) to work on /home/victor/Área de Trabalho/airflow/venv/lib/python3.10/site-packages/airflow/example_dags/example_bash_operator.py
[2024-03-02T09:37:32.454-0300] {processor.py:830} INFO - Processing file /home/victor/Área de Trabalho/airflow/venv/lib/python3.10/site-packages/airflow/example_dags/example_bash_operator.py for tasks to queue
[2024-03-02T09:37:32.455-0300] {logging_mixin.py:188} INFO - [2024-03-02T09:37:32.455-0300] {dagbag.py:540} INFO - Filling up the DagBag from /home/victor/Área de Trabalho/airflow/venv/lib/python3.10/site-packages/airflow/example_dags/example_bash_operator.py
[2024-03-02T09:37:32.464-0300] {processor.py:840} INFO - DAG(s) 'example_bash_operator' retrieved from /home/victor/Área de Trabalho/airflow/venv/lib/python3.10/site-packages/airflow/example_dags/example_bash_operator.py
[2024-03-02T09:37:32.566-0300] {logging_mixin.py:188} INFO - [2024-03-02T09:37:32.566-0300] {dag.py:3047} INFO - Sync 1 DAGs
[2024-03-02T09:37:32.584-0300] {logging_mixin.py:188} INFO - [2024-03-02T09:37:32.584-0300] {dag.py:3834} INFO - Setting next_dagrun for example_bash_operator to 2024-03-01 00:00:00+00:00, run_after=2024-03-02 00:00:00+00:00
[2024-03-02T09:37:32.603-0300] {processor.py:183} INFO - Processing /home/victor/Área de Trabalho/airflow/venv/lib/python3.10/site-packages/airflow/example_dags/example_bash_operator.py took 0.152 seconds
[2024-03-02T09:38:02.875-0300] {processor.py:161} INFO - Started process (PID=10149) to work on /home/victor/Área de Trabalho/airflow/venv/lib/python3.10/site-packages/airflow/example_dags/example_bash_operator.py
[2024-03-02T09:38:02.876-0300] {processor.py:830} INFO - Processing file /home/victor/Área de Trabalho/airflow/venv/lib/python3.10/site-packages/airflow/example_dags/example_bash_operator.py for tasks to queue
[2024-03-02T09:38:02.877-0300] {logging_mixin.py:188} INFO - [2024-03-02T09:38:02.877-0300] {dagbag.py:540} INFO - Filling up the DagBag from /home/victor/Área de Trabalho/airflow/venv/lib/python3.10/site-packages/airflow/example_dags/example_bash_operator.py
[2024-03-02T09:38:02.887-0300] {processor.py:840} INFO - DAG(s) 'example_bash_operator' retrieved from /home/victor/Área de Trabalho/airflow/venv/lib/python3.10/site-packages/airflow/example_dags/example_bash_operator.py
[2024-03-02T09:38:02.921-0300] {logging_mixin.py:188} INFO - [2024-03-02T09:38:02.920-0300] {dag.py:3047} INFO - Sync 1 DAGs
[2024-03-02T09:38:02.943-0300] {logging_mixin.py:188} INFO - [2024-03-02T09:38:02.942-0300] {dag.py:3834} INFO - Setting next_dagrun for example_bash_operator to 2024-03-01 00:00:00+00:00, run_after=2024-03-02 00:00:00+00:00
[2024-03-02T09:38:02.962-0300] {processor.py:183} INFO - Processing /home/victor/Área de Trabalho/airflow/venv/lib/python3.10/site-packages/airflow/example_dags/example_bash_operator.py took 0.089 seconds
[2024-03-02T09:38:33.284-0300] {processor.py:161} INFO - Started process (PID=10463) to work on /home/victor/Área de Trabalho/airflow/venv/lib/python3.10/site-packages/airflow/example_dags/example_bash_operator.py
[2024-03-02T09:38:33.285-0300] {processor.py:830} INFO - Processing file /home/victor/Área de Trabalho/airflow/venv/lib/python3.10/site-packages/airflow/example_dags/example_bash_operator.py for tasks to queue
[2024-03-02T09:38:33.285-0300] {logging_mixin.py:188} INFO - [2024-03-02T09:38:33.285-0300] {dagbag.py:540} INFO - Filling up the DagBag from /home/victor/Área de Trabalho/airflow/venv/lib/python3.10/site-packages/airflow/example_dags/example_bash_operator.py
[2024-03-02T09:38:33.296-0300] {processor.py:840} INFO - DAG(s) 'example_bash_operator' retrieved from /home/victor/Área de Trabalho/airflow/venv/lib/python3.10/site-packages/airflow/example_dags/example_bash_operator.py
[2024-03-02T09:38:33.325-0300] {logging_mixin.py:188} INFO - [2024-03-02T09:38:33.325-0300] {dag.py:3047} INFO - Sync 1 DAGs
[2024-03-02T09:38:33.345-0300] {logging_mixin.py:188} INFO - [2024-03-02T09:38:33.345-0300] {dag.py:3834} INFO - Setting next_dagrun for example_bash_operator to 2024-03-01 00:00:00+00:00, run_after=2024-03-02 00:00:00+00:00
[2024-03-02T09:38:33.361-0300] {processor.py:183} INFO - Processing /home/victor/Área de Trabalho/airflow/venv/lib/python3.10/site-packages/airflow/example_dags/example_bash_operator.py took 0.080 seconds
[2024-03-02T09:39:04.676-0300] {processor.py:161} INFO - Started process (PID=11060) to work on /home/victor/Área de Trabalho/airflow/venv/lib/python3.10/site-packages/airflow/example_dags/example_bash_operator.py
[2024-03-02T09:39:04.678-0300] {processor.py:830} INFO - Processing file /home/victor/Área de Trabalho/airflow/venv/lib/python3.10/site-packages/airflow/example_dags/example_bash_operator.py for tasks to queue
[2024-03-02T09:39:04.679-0300] {logging_mixin.py:188} INFO - [2024-03-02T09:39:04.679-0300] {dagbag.py:540} INFO - Filling up the DagBag from /home/victor/Área de Trabalho/airflow/venv/lib/python3.10/site-packages/airflow/example_dags/example_bash_operator.py
[2024-03-02T09:39:04.689-0300] {processor.py:840} INFO - DAG(s) 'example_bash_operator' retrieved from /home/victor/Área de Trabalho/airflow/venv/lib/python3.10/site-packages/airflow/example_dags/example_bash_operator.py
[2024-03-02T09:39:04.720-0300] {logging_mixin.py:188} INFO - [2024-03-02T09:39:04.720-0300] {dag.py:3047} INFO - Sync 1 DAGs
[2024-03-02T09:39:04.741-0300] {logging_mixin.py:188} INFO - [2024-03-02T09:39:04.741-0300] {dag.py:3834} INFO - Setting next_dagrun for example_bash_operator to 2024-03-01 00:00:00+00:00, run_after=2024-03-02 00:00:00+00:00
[2024-03-02T09:39:04.762-0300] {processor.py:183} INFO - Processing /home/victor/Área de Trabalho/airflow/venv/lib/python3.10/site-packages/airflow/example_dags/example_bash_operator.py took 0.088 seconds
[2024-03-02T09:39:35.869-0300] {processor.py:161} INFO - Started process (PID=11619) to work on /home/victor/Área de Trabalho/airflow/venv/lib/python3.10/site-packages/airflow/example_dags/example_bash_operator.py
[2024-03-02T09:39:35.870-0300] {processor.py:830} INFO - Processing file /home/victor/Área de Trabalho/airflow/venv/lib/python3.10/site-packages/airflow/example_dags/example_bash_operator.py for tasks to queue
[2024-03-02T09:39:35.871-0300] {logging_mixin.py:188} INFO - [2024-03-02T09:39:35.870-0300] {dagbag.py:540} INFO - Filling up the DagBag from /home/victor/Área de Trabalho/airflow/venv/lib/python3.10/site-packages/airflow/example_dags/example_bash_operator.py
[2024-03-02T09:39:35.881-0300] {processor.py:840} INFO - DAG(s) 'example_bash_operator' retrieved from /home/victor/Área de Trabalho/airflow/venv/lib/python3.10/site-packages/airflow/example_dags/example_bash_operator.py
[2024-03-02T09:39:35.913-0300] {logging_mixin.py:188} INFO - [2024-03-02T09:39:35.913-0300] {dag.py:3047} INFO - Sync 1 DAGs
[2024-03-02T09:39:35.935-0300] {logging_mixin.py:188} INFO - [2024-03-02T09:39:35.935-0300] {dag.py:3834} INFO - Setting next_dagrun for example_bash_operator to 2024-03-01 00:00:00+00:00, run_after=2024-03-02 00:00:00+00:00
[2024-03-02T09:39:35.954-0300] {processor.py:183} INFO - Processing /home/victor/Área de Trabalho/airflow/venv/lib/python3.10/site-packages/airflow/example_dags/example_bash_operator.py took 0.088 seconds
[2024-03-02T09:40:07.152-0300] {processor.py:161} INFO - Started process (PID=12097) to work on /home/victor/Área de Trabalho/airflow/venv/lib/python3.10/site-packages/airflow/example_dags/example_bash_operator.py
[2024-03-02T09:40:07.154-0300] {processor.py:830} INFO - Processing file /home/victor/Área de Trabalho/airflow/venv/lib/python3.10/site-packages/airflow/example_dags/example_bash_operator.py for tasks to queue
[2024-03-02T09:40:07.154-0300] {logging_mixin.py:188} INFO - [2024-03-02T09:40:07.154-0300] {dagbag.py:540} INFO - Filling up the DagBag from /home/victor/Área de Trabalho/airflow/venv/lib/python3.10/site-packages/airflow/example_dags/example_bash_operator.py
[2024-03-02T09:40:07.165-0300] {processor.py:840} INFO - DAG(s) 'example_bash_operator' retrieved from /home/victor/Área de Trabalho/airflow/venv/lib/python3.10/site-packages/airflow/example_dags/example_bash_operator.py
[2024-03-02T09:40:07.197-0300] {logging_mixin.py:188} INFO - [2024-03-02T09:40:07.197-0300] {dag.py:3047} INFO - Sync 1 DAGs
[2024-03-02T09:40:07.219-0300] {logging_mixin.py:188} INFO - [2024-03-02T09:40:07.218-0300] {dag.py:3834} INFO - Setting next_dagrun for example_bash_operator to 2024-03-01 00:00:00+00:00, run_after=2024-03-02 00:00:00+00:00
[2024-03-02T09:40:07.237-0300] {processor.py:183} INFO - Processing /home/victor/Área de Trabalho/airflow/venv/lib/python3.10/site-packages/airflow/example_dags/example_bash_operator.py took 0.088 seconds
[2024-03-02T09:40:38.779-0300] {processor.py:161} INFO - Started process (PID=12473) to work on /home/victor/Área de Trabalho/airflow/venv/lib/python3.10/site-packages/airflow/example_dags/example_bash_operator.py
[2024-03-02T09:40:38.780-0300] {processor.py:830} INFO - Processing file /home/victor/Área de Trabalho/airflow/venv/lib/python3.10/site-packages/airflow/example_dags/example_bash_operator.py for tasks to queue
[2024-03-02T09:40:38.781-0300] {logging_mixin.py:188} INFO - [2024-03-02T09:40:38.780-0300] {dagbag.py:540} INFO - Filling up the DagBag from /home/victor/Área de Trabalho/airflow/venv/lib/python3.10/site-packages/airflow/example_dags/example_bash_operator.py
[2024-03-02T09:40:38.793-0300] {processor.py:840} INFO - DAG(s) 'example_bash_operator' retrieved from /home/victor/Área de Trabalho/airflow/venv/lib/python3.10/site-packages/airflow/example_dags/example_bash_operator.py
[2024-03-02T09:40:38.829-0300] {logging_mixin.py:188} INFO - [2024-03-02T09:40:38.828-0300] {dag.py:3047} INFO - Sync 1 DAGs
[2024-03-02T09:40:38.852-0300] {logging_mixin.py:188} INFO - [2024-03-02T09:40:38.852-0300] {dag.py:3834} INFO - Setting next_dagrun for example_bash_operator to 2024-03-01 00:00:00+00:00, run_after=2024-03-02 00:00:00+00:00
[2024-03-02T09:40:38.873-0300] {processor.py:183} INFO - Processing /home/victor/Área de Trabalho/airflow/venv/lib/python3.10/site-packages/airflow/example_dags/example_bash_operator.py took 0.098 seconds
[2024-03-02T09:41:09.830-0300] {processor.py:161} INFO - Started process (PID=12949) to work on /home/victor/Área de Trabalho/airflow/venv/lib/python3.10/site-packages/airflow/example_dags/example_bash_operator.py
[2024-03-02T09:41:09.831-0300] {processor.py:830} INFO - Processing file /home/victor/Área de Trabalho/airflow/venv/lib/python3.10/site-packages/airflow/example_dags/example_bash_operator.py for tasks to queue
[2024-03-02T09:41:09.832-0300] {logging_mixin.py:188} INFO - [2024-03-02T09:41:09.831-0300] {dagbag.py:540} INFO - Filling up the DagBag from /home/victor/Área de Trabalho/airflow/venv/lib/python3.10/site-packages/airflow/example_dags/example_bash_operator.py
[2024-03-02T09:41:09.848-0300] {processor.py:840} INFO - DAG(s) 'example_bash_operator' retrieved from /home/victor/Área de Trabalho/airflow/venv/lib/python3.10/site-packages/airflow/example_dags/example_bash_operator.py
[2024-03-02T09:41:09.891-0300] {logging_mixin.py:188} INFO - [2024-03-02T09:41:09.890-0300] {dag.py:3047} INFO - Sync 1 DAGs
[2024-03-02T09:41:09.915-0300] {logging_mixin.py:188} INFO - [2024-03-02T09:41:09.915-0300] {dag.py:3834} INFO - Setting next_dagrun for example_bash_operator to 2024-03-01 00:00:00+00:00, run_after=2024-03-02 00:00:00+00:00
[2024-03-02T09:41:09.934-0300] {processor.py:183} INFO - Processing /home/victor/Área de Trabalho/airflow/venv/lib/python3.10/site-packages/airflow/example_dags/example_bash_operator.py took 0.107 seconds
[2024-03-02T09:41:40.453-0300] {processor.py:161} INFO - Started process (PID=13264) to work on /home/victor/Área de Trabalho/airflow/venv/lib/python3.10/site-packages/airflow/example_dags/example_bash_operator.py
[2024-03-02T09:41:40.454-0300] {processor.py:830} INFO - Processing file /home/victor/Área de Trabalho/airflow/venv/lib/python3.10/site-packages/airflow/example_dags/example_bash_operator.py for tasks to queue
[2024-03-02T09:41:40.455-0300] {logging_mixin.py:188} INFO - [2024-03-02T09:41:40.454-0300] {dagbag.py:540} INFO - Filling up the DagBag from /home/victor/Área de Trabalho/airflow/venv/lib/python3.10/site-packages/airflow/example_dags/example_bash_operator.py
[2024-03-02T09:41:40.468-0300] {processor.py:840} INFO - DAG(s) 'example_bash_operator' retrieved from /home/victor/Área de Trabalho/airflow/venv/lib/python3.10/site-packages/airflow/example_dags/example_bash_operator.py
[2024-03-02T09:41:40.500-0300] {logging_mixin.py:188} INFO - [2024-03-02T09:41:40.499-0300] {dag.py:3047} INFO - Sync 1 DAGs
[2024-03-02T09:41:40.523-0300] {logging_mixin.py:188} INFO - [2024-03-02T09:41:40.523-0300] {dag.py:3834} INFO - Setting next_dagrun for example_bash_operator to 2024-03-01 00:00:00+00:00, run_after=2024-03-02 00:00:00+00:00
[2024-03-02T09:41:40.544-0300] {processor.py:183} INFO - Processing /home/victor/Área de Trabalho/airflow/venv/lib/python3.10/site-packages/airflow/example_dags/example_bash_operator.py took 0.094 seconds
[2024-03-02T09:42:11.411-0300] {processor.py:161} INFO - Started process (PID=13906) to work on /home/victor/Área de Trabalho/airflow/venv/lib/python3.10/site-packages/airflow/example_dags/example_bash_operator.py
[2024-03-02T09:42:11.412-0300] {processor.py:830} INFO - Processing file /home/victor/Área de Trabalho/airflow/venv/lib/python3.10/site-packages/airflow/example_dags/example_bash_operator.py for tasks to queue
[2024-03-02T09:42:11.413-0300] {logging_mixin.py:188} INFO - [2024-03-02T09:42:11.413-0300] {dagbag.py:540} INFO - Filling up the DagBag from /home/victor/Área de Trabalho/airflow/venv/lib/python3.10/site-packages/airflow/example_dags/example_bash_operator.py
[2024-03-02T09:42:11.429-0300] {processor.py:840} INFO - DAG(s) 'example_bash_operator' retrieved from /home/victor/Área de Trabalho/airflow/venv/lib/python3.10/site-packages/airflow/example_dags/example_bash_operator.py
[2024-03-02T09:42:11.463-0300] {logging_mixin.py:188} INFO - [2024-03-02T09:42:11.463-0300] {dag.py:3047} INFO - Sync 1 DAGs
[2024-03-02T09:42:11.484-0300] {logging_mixin.py:188} INFO - [2024-03-02T09:42:11.484-0300] {dag.py:3834} INFO - Setting next_dagrun for example_bash_operator to 2024-03-01 00:00:00+00:00, run_after=2024-03-02 00:00:00+00:00
[2024-03-02T09:42:11.505-0300] {processor.py:183} INFO - Processing /home/victor/Área de Trabalho/airflow/venv/lib/python3.10/site-packages/airflow/example_dags/example_bash_operator.py took 0.101 seconds
[2024-03-02T09:42:42.489-0300] {processor.py:161} INFO - Started process (PID=14217) to work on /home/victor/Área de Trabalho/airflow/venv/lib/python3.10/site-packages/airflow/example_dags/example_bash_operator.py
[2024-03-02T09:42:42.490-0300] {processor.py:830} INFO - Processing file /home/victor/Área de Trabalho/airflow/venv/lib/python3.10/site-packages/airflow/example_dags/example_bash_operator.py for tasks to queue
[2024-03-02T09:42:42.491-0300] {logging_mixin.py:188} INFO - [2024-03-02T09:42:42.490-0300] {dagbag.py:540} INFO - Filling up the DagBag from /home/victor/Área de Trabalho/airflow/venv/lib/python3.10/site-packages/airflow/example_dags/example_bash_operator.py
[2024-03-02T09:42:42.541-0300] {processor.py:840} INFO - DAG(s) 'example_bash_operator' retrieved from /home/victor/Área de Trabalho/airflow/venv/lib/python3.10/site-packages/airflow/example_dags/example_bash_operator.py
[2024-03-02T09:42:42.584-0300] {logging_mixin.py:188} INFO - [2024-03-02T09:42:42.584-0300] {dag.py:3047} INFO - Sync 1 DAGs
[2024-03-02T09:42:42.616-0300] {logging_mixin.py:188} INFO - [2024-03-02T09:42:42.615-0300] {dag.py:3834} INFO - Setting next_dagrun for example_bash_operator to 2024-03-01 00:00:00+00:00, run_after=2024-03-02 00:00:00+00:00
[2024-03-02T09:42:42.641-0300] {processor.py:183} INFO - Processing /home/victor/Área de Trabalho/airflow/venv/lib/python3.10/site-packages/airflow/example_dags/example_bash_operator.py took 0.155 seconds
[2024-03-02T09:43:13.564-0300] {processor.py:161} INFO - Started process (PID=14706) to work on /home/victor/Área de Trabalho/airflow/venv/lib/python3.10/site-packages/airflow/example_dags/example_bash_operator.py
[2024-03-02T09:43:13.565-0300] {processor.py:830} INFO - Processing file /home/victor/Área de Trabalho/airflow/venv/lib/python3.10/site-packages/airflow/example_dags/example_bash_operator.py for tasks to queue
[2024-03-02T09:43:13.566-0300] {logging_mixin.py:188} INFO - [2024-03-02T09:43:13.566-0300] {dagbag.py:540} INFO - Filling up the DagBag from /home/victor/Área de Trabalho/airflow/venv/lib/python3.10/site-packages/airflow/example_dags/example_bash_operator.py
[2024-03-02T09:43:13.578-0300] {processor.py:840} INFO - DAG(s) 'example_bash_operator' retrieved from /home/victor/Área de Trabalho/airflow/venv/lib/python3.10/site-packages/airflow/example_dags/example_bash_operator.py
[2024-03-02T09:43:13.619-0300] {logging_mixin.py:188} INFO - [2024-03-02T09:43:13.618-0300] {dag.py:3047} INFO - Sync 1 DAGs
[2024-03-02T09:43:13.646-0300] {logging_mixin.py:188} INFO - [2024-03-02T09:43:13.646-0300] {dag.py:3834} INFO - Setting next_dagrun for example_bash_operator to 2024-03-01 00:00:00+00:00, run_after=2024-03-02 00:00:00+00:00
[2024-03-02T09:43:13.667-0300] {processor.py:183} INFO - Processing /home/victor/Área de Trabalho/airflow/venv/lib/python3.10/site-packages/airflow/example_dags/example_bash_operator.py took 0.106 seconds
[2024-03-02T09:43:44.037-0300] {processor.py:161} INFO - Started process (PID=15028) to work on /home/victor/Área de Trabalho/airflow/venv/lib/python3.10/site-packages/airflow/example_dags/example_bash_operator.py
[2024-03-02T09:43:44.038-0300] {processor.py:830} INFO - Processing file /home/victor/Área de Trabalho/airflow/venv/lib/python3.10/site-packages/airflow/example_dags/example_bash_operator.py for tasks to queue
[2024-03-02T09:43:44.039-0300] {logging_mixin.py:188} INFO - [2024-03-02T09:43:44.039-0300] {dagbag.py:540} INFO - Filling up the DagBag from /home/victor/Área de Trabalho/airflow/venv/lib/python3.10/site-packages/airflow/example_dags/example_bash_operator.py
[2024-03-02T09:43:44.051-0300] {processor.py:840} INFO - DAG(s) 'example_bash_operator' retrieved from /home/victor/Área de Trabalho/airflow/venv/lib/python3.10/site-packages/airflow/example_dags/example_bash_operator.py
[2024-03-02T09:43:44.089-0300] {logging_mixin.py:188} INFO - [2024-03-02T09:43:44.088-0300] {dag.py:3047} INFO - Sync 1 DAGs
[2024-03-02T09:43:44.111-0300] {logging_mixin.py:188} INFO - [2024-03-02T09:43:44.111-0300] {dag.py:3834} INFO - Setting next_dagrun for example_bash_operator to 2024-03-01 00:00:00+00:00, run_after=2024-03-02 00:00:00+00:00
[2024-03-02T09:43:44.131-0300] {processor.py:183} INFO - Processing /home/victor/Área de Trabalho/airflow/venv/lib/python3.10/site-packages/airflow/example_dags/example_bash_operator.py took 0.097 seconds
[2024-03-02T09:44:15.607-0300] {processor.py:161} INFO - Started process (PID=15511) to work on /home/victor/Área de Trabalho/airflow/venv/lib/python3.10/site-packages/airflow/example_dags/example_bash_operator.py
[2024-03-02T09:44:15.608-0300] {processor.py:830} INFO - Processing file /home/victor/Área de Trabalho/airflow/venv/lib/python3.10/site-packages/airflow/example_dags/example_bash_operator.py for tasks to queue
[2024-03-02T09:44:15.609-0300] {logging_mixin.py:188} INFO - [2024-03-02T09:44:15.608-0300] {dagbag.py:540} INFO - Filling up the DagBag from /home/victor/Área de Trabalho/airflow/venv/lib/python3.10/site-packages/airflow/example_dags/example_bash_operator.py
[2024-03-02T09:44:15.620-0300] {processor.py:840} INFO - DAG(s) 'example_bash_operator' retrieved from /home/victor/Área de Trabalho/airflow/venv/lib/python3.10/site-packages/airflow/example_dags/example_bash_operator.py
[2024-03-02T09:44:15.658-0300] {logging_mixin.py:188} INFO - [2024-03-02T09:44:15.657-0300] {dag.py:3047} INFO - Sync 1 DAGs
[2024-03-02T09:44:15.683-0300] {logging_mixin.py:188} INFO - [2024-03-02T09:44:15.682-0300] {dag.py:3834} INFO - Setting next_dagrun for example_bash_operator to 2024-03-01 00:00:00+00:00, run_after=2024-03-02 00:00:00+00:00
[2024-03-02T09:44:15.706-0300] {processor.py:183} INFO - Processing /home/victor/Área de Trabalho/airflow/venv/lib/python3.10/site-packages/airflow/example_dags/example_bash_operator.py took 0.102 seconds
[2024-03-02T09:44:46.290-0300] {processor.py:161} INFO - Started process (PID=15833) to work on /home/victor/Área de Trabalho/airflow/venv/lib/python3.10/site-packages/airflow/example_dags/example_bash_operator.py
[2024-03-02T09:44:46.291-0300] {processor.py:830} INFO - Processing file /home/victor/Área de Trabalho/airflow/venv/lib/python3.10/site-packages/airflow/example_dags/example_bash_operator.py for tasks to queue
[2024-03-02T09:44:46.292-0300] {logging_mixin.py:188} INFO - [2024-03-02T09:44:46.291-0300] {dagbag.py:540} INFO - Filling up the DagBag from /home/victor/Área de Trabalho/airflow/venv/lib/python3.10/site-packages/airflow/example_dags/example_bash_operator.py
[2024-03-02T09:44:46.302-0300] {processor.py:840} INFO - DAG(s) 'example_bash_operator' retrieved from /home/victor/Área de Trabalho/airflow/venv/lib/python3.10/site-packages/airflow/example_dags/example_bash_operator.py
[2024-03-02T09:44:46.340-0300] {logging_mixin.py:188} INFO - [2024-03-02T09:44:46.340-0300] {dag.py:3047} INFO - Sync 1 DAGs
[2024-03-02T09:44:46.363-0300] {logging_mixin.py:188} INFO - [2024-03-02T09:44:46.363-0300] {dag.py:3834} INFO - Setting next_dagrun for example_bash_operator to 2024-03-01 00:00:00+00:00, run_after=2024-03-02 00:00:00+00:00
[2024-03-02T09:44:46.383-0300] {processor.py:183} INFO - Processing /home/victor/Área de Trabalho/airflow/venv/lib/python3.10/site-packages/airflow/example_dags/example_bash_operator.py took 0.096 seconds
[2024-03-02T09:45:17.619-0300] {processor.py:161} INFO - Started process (PID=16318) to work on /home/victor/Área de Trabalho/airflow/venv/lib/python3.10/site-packages/airflow/example_dags/example_bash_operator.py
[2024-03-02T09:45:17.619-0300] {processor.py:830} INFO - Processing file /home/victor/Área de Trabalho/airflow/venv/lib/python3.10/site-packages/airflow/example_dags/example_bash_operator.py for tasks to queue
[2024-03-02T09:45:17.620-0300] {logging_mixin.py:188} INFO - [2024-03-02T09:45:17.620-0300] {dagbag.py:540} INFO - Filling up the DagBag from /home/victor/Área de Trabalho/airflow/venv/lib/python3.10/site-packages/airflow/example_dags/example_bash_operator.py
[2024-03-02T09:45:17.631-0300] {processor.py:840} INFO - DAG(s) 'example_bash_operator' retrieved from /home/victor/Área de Trabalho/airflow/venv/lib/python3.10/site-packages/airflow/example_dags/example_bash_operator.py
[2024-03-02T09:45:17.672-0300] {logging_mixin.py:188} INFO - [2024-03-02T09:45:17.671-0300] {dag.py:3047} INFO - Sync 1 DAGs
[2024-03-02T09:45:17.693-0300] {logging_mixin.py:188} INFO - [2024-03-02T09:45:17.693-0300] {dag.py:3834} INFO - Setting next_dagrun for example_bash_operator to 2024-03-01 00:00:00+00:00, run_after=2024-03-02 00:00:00+00:00
[2024-03-02T09:45:17.713-0300] {processor.py:183} INFO - Processing /home/victor/Área de Trabalho/airflow/venv/lib/python3.10/site-packages/airflow/example_dags/example_bash_operator.py took 0.097 seconds
[2024-03-02T09:45:48.039-0300] {processor.py:161} INFO - Started process (PID=16825) to work on /home/victor/Área de Trabalho/airflow/venv/lib/python3.10/site-packages/airflow/example_dags/example_bash_operator.py
[2024-03-02T09:45:48.041-0300] {processor.py:830} INFO - Processing file /home/victor/Área de Trabalho/airflow/venv/lib/python3.10/site-packages/airflow/example_dags/example_bash_operator.py for tasks to queue
[2024-03-02T09:45:48.041-0300] {logging_mixin.py:188} INFO - [2024-03-02T09:45:48.041-0300] {dagbag.py:540} INFO - Filling up the DagBag from /home/victor/Área de Trabalho/airflow/venv/lib/python3.10/site-packages/airflow/example_dags/example_bash_operator.py
[2024-03-02T09:45:48.052-0300] {processor.py:840} INFO - DAG(s) 'example_bash_operator' retrieved from /home/victor/Área de Trabalho/airflow/venv/lib/python3.10/site-packages/airflow/example_dags/example_bash_operator.py
[2024-03-02T09:45:48.083-0300] {logging_mixin.py:188} INFO - [2024-03-02T09:45:48.083-0300] {dag.py:3047} INFO - Sync 1 DAGs
[2024-03-02T09:45:48.105-0300] {logging_mixin.py:188} INFO - [2024-03-02T09:45:48.105-0300] {dag.py:3834} INFO - Setting next_dagrun for example_bash_operator to 2024-03-01 00:00:00+00:00, run_after=2024-03-02 00:00:00+00:00
[2024-03-02T09:45:48.124-0300] {processor.py:183} INFO - Processing /home/victor/Área de Trabalho/airflow/venv/lib/python3.10/site-packages/airflow/example_dags/example_bash_operator.py took 0.088 seconds
[2024-03-02T09:46:19.919-0300] {processor.py:161} INFO - Started process (PID=17309) to work on /home/victor/Área de Trabalho/airflow/venv/lib/python3.10/site-packages/airflow/example_dags/example_bash_operator.py
[2024-03-02T09:46:19.920-0300] {processor.py:830} INFO - Processing file /home/victor/Área de Trabalho/airflow/venv/lib/python3.10/site-packages/airflow/example_dags/example_bash_operator.py for tasks to queue
[2024-03-02T09:46:19.921-0300] {logging_mixin.py:188} INFO - [2024-03-02T09:46:19.920-0300] {dagbag.py:540} INFO - Filling up the DagBag from /home/victor/Área de Trabalho/airflow/venv/lib/python3.10/site-packages/airflow/example_dags/example_bash_operator.py
[2024-03-02T09:46:19.932-0300] {processor.py:840} INFO - DAG(s) 'example_bash_operator' retrieved from /home/victor/Área de Trabalho/airflow/venv/lib/python3.10/site-packages/airflow/example_dags/example_bash_operator.py
[2024-03-02T09:46:19.970-0300] {logging_mixin.py:188} INFO - [2024-03-02T09:46:19.970-0300] {dag.py:3047} INFO - Sync 1 DAGs
[2024-03-02T09:46:19.993-0300] {logging_mixin.py:188} INFO - [2024-03-02T09:46:19.993-0300] {dag.py:3834} INFO - Setting next_dagrun for example_bash_operator to 2024-03-01 00:00:00+00:00, run_after=2024-03-02 00:00:00+00:00
[2024-03-02T09:46:20.015-0300] {processor.py:183} INFO - Processing /home/victor/Área de Trabalho/airflow/venv/lib/python3.10/site-packages/airflow/example_dags/example_bash_operator.py took 0.100 seconds
[2024-03-02T09:46:50.453-0300] {processor.py:161} INFO - Started process (PID=17631) to work on /home/victor/Área de Trabalho/airflow/venv/lib/python3.10/site-packages/airflow/example_dags/example_bash_operator.py
[2024-03-02T09:46:50.454-0300] {processor.py:830} INFO - Processing file /home/victor/Área de Trabalho/airflow/venv/lib/python3.10/site-packages/airflow/example_dags/example_bash_operator.py for tasks to queue
[2024-03-02T09:46:50.455-0300] {logging_mixin.py:188} INFO - [2024-03-02T09:46:50.455-0300] {dagbag.py:540} INFO - Filling up the DagBag from /home/victor/Área de Trabalho/airflow/venv/lib/python3.10/site-packages/airflow/example_dags/example_bash_operator.py
[2024-03-02T09:46:50.468-0300] {processor.py:840} INFO - DAG(s) 'example_bash_operator' retrieved from /home/victor/Área de Trabalho/airflow/venv/lib/python3.10/site-packages/airflow/example_dags/example_bash_operator.py
[2024-03-02T09:46:50.508-0300] {logging_mixin.py:188} INFO - [2024-03-02T09:46:50.508-0300] {dag.py:3047} INFO - Sync 1 DAGs
[2024-03-02T09:46:50.535-0300] {logging_mixin.py:188} INFO - [2024-03-02T09:46:50.534-0300] {dag.py:3834} INFO - Setting next_dagrun for example_bash_operator to 2024-03-01 00:00:00+00:00, run_after=2024-03-02 00:00:00+00:00
[2024-03-02T09:46:50.552-0300] {processor.py:183} INFO - Processing /home/victor/Área de Trabalho/airflow/venv/lib/python3.10/site-packages/airflow/example_dags/example_bash_operator.py took 0.102 seconds
[2024-03-02T09:47:21.471-0300] {processor.py:161} INFO - Started process (PID=18288) to work on /home/victor/Área de Trabalho/airflow/venv/lib/python3.10/site-packages/airflow/example_dags/example_bash_operator.py
[2024-03-02T09:47:21.473-0300] {processor.py:830} INFO - Processing file /home/victor/Área de Trabalho/airflow/venv/lib/python3.10/site-packages/airflow/example_dags/example_bash_operator.py for tasks to queue
[2024-03-02T09:47:21.475-0300] {logging_mixin.py:188} INFO - [2024-03-02T09:47:21.473-0300] {dagbag.py:540} INFO - Filling up the DagBag from /home/victor/Área de Trabalho/airflow/venv/lib/python3.10/site-packages/airflow/example_dags/example_bash_operator.py
[2024-03-02T09:47:21.486-0300] {processor.py:840} INFO - DAG(s) 'example_bash_operator' retrieved from /home/victor/Área de Trabalho/airflow/venv/lib/python3.10/site-packages/airflow/example_dags/example_bash_operator.py
[2024-03-02T09:47:21.522-0300] {logging_mixin.py:188} INFO - [2024-03-02T09:47:21.522-0300] {dag.py:3047} INFO - Sync 1 DAGs
[2024-03-02T09:47:21.548-0300] {logging_mixin.py:188} INFO - [2024-03-02T09:47:21.547-0300] {dag.py:3834} INFO - Setting next_dagrun for example_bash_operator to 2024-03-01 00:00:00+00:00, run_after=2024-03-02 00:00:00+00:00
[2024-03-02T09:47:21.568-0300] {processor.py:183} INFO - Processing /home/victor/Área de Trabalho/airflow/venv/lib/python3.10/site-packages/airflow/example_dags/example_bash_operator.py took 0.099 seconds
[2024-03-02T09:47:52.073-0300] {processor.py:161} INFO - Started process (PID=18610) to work on /home/victor/Área de Trabalho/airflow/venv/lib/python3.10/site-packages/airflow/example_dags/example_bash_operator.py
[2024-03-02T09:47:52.074-0300] {processor.py:830} INFO - Processing file /home/victor/Área de Trabalho/airflow/venv/lib/python3.10/site-packages/airflow/example_dags/example_bash_operator.py for tasks to queue
[2024-03-02T09:47:52.075-0300] {logging_mixin.py:188} INFO - [2024-03-02T09:47:52.074-0300] {dagbag.py:540} INFO - Filling up the DagBag from /home/victor/Área de Trabalho/airflow/venv/lib/python3.10/site-packages/airflow/example_dags/example_bash_operator.py
[2024-03-02T09:47:52.084-0300] {processor.py:840} INFO - DAG(s) 'example_bash_operator' retrieved from /home/victor/Área de Trabalho/airflow/venv/lib/python3.10/site-packages/airflow/example_dags/example_bash_operator.py
[2024-03-02T09:47:52.121-0300] {logging_mixin.py:188} INFO - [2024-03-02T09:47:52.121-0300] {dag.py:3047} INFO - Sync 1 DAGs
[2024-03-02T09:47:52.144-0300] {logging_mixin.py:188} INFO - [2024-03-02T09:47:52.144-0300] {dag.py:3834} INFO - Setting next_dagrun for example_bash_operator to 2024-03-01 00:00:00+00:00, run_after=2024-03-02 00:00:00+00:00
[2024-03-02T09:47:52.166-0300] {processor.py:183} INFO - Processing /home/victor/Área de Trabalho/airflow/venv/lib/python3.10/site-packages/airflow/example_dags/example_bash_operator.py took 0.096 seconds
[2024-03-02T09:48:22.693-0300] {processor.py:161} INFO - Started process (PID=19096) to work on /home/victor/Área de Trabalho/airflow/venv/lib/python3.10/site-packages/airflow/example_dags/example_bash_operator.py
[2024-03-02T09:48:22.694-0300] {processor.py:830} INFO - Processing file /home/victor/Área de Trabalho/airflow/venv/lib/python3.10/site-packages/airflow/example_dags/example_bash_operator.py for tasks to queue
[2024-03-02T09:48:22.695-0300] {logging_mixin.py:188} INFO - [2024-03-02T09:48:22.695-0300] {dagbag.py:540} INFO - Filling up the DagBag from /home/victor/Área de Trabalho/airflow/venv/lib/python3.10/site-packages/airflow/example_dags/example_bash_operator.py
[2024-03-02T09:48:22.704-0300] {processor.py:840} INFO - DAG(s) 'example_bash_operator' retrieved from /home/victor/Área de Trabalho/airflow/venv/lib/python3.10/site-packages/airflow/example_dags/example_bash_operator.py
[2024-03-02T09:48:22.739-0300] {logging_mixin.py:188} INFO - [2024-03-02T09:48:22.739-0300] {dag.py:3047} INFO - Sync 1 DAGs
[2024-03-02T09:48:22.761-0300] {logging_mixin.py:188} INFO - [2024-03-02T09:48:22.761-0300] {dag.py:3834} INFO - Setting next_dagrun for example_bash_operator to 2024-03-01 00:00:00+00:00, run_after=2024-03-02 00:00:00+00:00
[2024-03-02T09:48:22.781-0300] {processor.py:183} INFO - Processing /home/victor/Área de Trabalho/airflow/venv/lib/python3.10/site-packages/airflow/example_dags/example_bash_operator.py took 0.091 seconds
[2024-03-02T09:48:53.607-0300] {processor.py:161} INFO - Started process (PID=19439) to work on /home/victor/Área de Trabalho/airflow/venv/lib/python3.10/site-packages/airflow/example_dags/example_bash_operator.py
[2024-03-02T09:48:53.609-0300] {processor.py:830} INFO - Processing file /home/victor/Área de Trabalho/airflow/venv/lib/python3.10/site-packages/airflow/example_dags/example_bash_operator.py for tasks to queue
[2024-03-02T09:48:53.610-0300] {logging_mixin.py:188} INFO - [2024-03-02T09:48:53.609-0300] {dagbag.py:540} INFO - Filling up the DagBag from /home/victor/Área de Trabalho/airflow/venv/lib/python3.10/site-packages/airflow/example_dags/example_bash_operator.py
[2024-03-02T09:48:53.620-0300] {processor.py:840} INFO - DAG(s) 'example_bash_operator' retrieved from /home/victor/Área de Trabalho/airflow/venv/lib/python3.10/site-packages/airflow/example_dags/example_bash_operator.py
[2024-03-02T09:48:53.654-0300] {logging_mixin.py:188} INFO - [2024-03-02T09:48:53.654-0300] {dag.py:3047} INFO - Sync 1 DAGs
[2024-03-02T09:48:53.678-0300] {logging_mixin.py:188} INFO - [2024-03-02T09:48:53.678-0300] {dag.py:3834} INFO - Setting next_dagrun for example_bash_operator to 2024-03-01 00:00:00+00:00, run_after=2024-03-02 00:00:00+00:00
[2024-03-02T09:48:53.699-0300] {processor.py:183} INFO - Processing /home/victor/Área de Trabalho/airflow/venv/lib/python3.10/site-packages/airflow/example_dags/example_bash_operator.py took 0.095 seconds
[2024-03-02T09:49:24.316-0300] {processor.py:161} INFO - Started process (PID=19920) to work on /home/victor/Área de Trabalho/airflow/venv/lib/python3.10/site-packages/airflow/example_dags/example_bash_operator.py
[2024-03-02T09:49:24.317-0300] {processor.py:830} INFO - Processing file /home/victor/Área de Trabalho/airflow/venv/lib/python3.10/site-packages/airflow/example_dags/example_bash_operator.py for tasks to queue
[2024-03-02T09:49:24.317-0300] {logging_mixin.py:188} INFO - [2024-03-02T09:49:24.317-0300] {dagbag.py:540} INFO - Filling up the DagBag from /home/victor/Área de Trabalho/airflow/venv/lib/python3.10/site-packages/airflow/example_dags/example_bash_operator.py
[2024-03-02T09:49:24.330-0300] {processor.py:840} INFO - DAG(s) 'example_bash_operator' retrieved from /home/victor/Área de Trabalho/airflow/venv/lib/python3.10/site-packages/airflow/example_dags/example_bash_operator.py
[2024-03-02T09:49:24.367-0300] {logging_mixin.py:188} INFO - [2024-03-02T09:49:24.366-0300] {dag.py:3047} INFO - Sync 1 DAGs
[2024-03-02T09:49:24.392-0300] {logging_mixin.py:188} INFO - [2024-03-02T09:49:24.391-0300] {dag.py:3834} INFO - Setting next_dagrun for example_bash_operator to 2024-03-01 00:00:00+00:00, run_after=2024-03-02 00:00:00+00:00
[2024-03-02T09:49:24.412-0300] {processor.py:183} INFO - Processing /home/victor/Área de Trabalho/airflow/venv/lib/python3.10/site-packages/airflow/example_dags/example_bash_operator.py took 0.099 seconds
[2024-03-02T09:49:54.979-0300] {processor.py:161} INFO - Started process (PID=20242) to work on /home/victor/Área de Trabalho/airflow/venv/lib/python3.10/site-packages/airflow/example_dags/example_bash_operator.py
[2024-03-02T09:49:54.980-0300] {processor.py:830} INFO - Processing file /home/victor/Área de Trabalho/airflow/venv/lib/python3.10/site-packages/airflow/example_dags/example_bash_operator.py for tasks to queue
[2024-03-02T09:49:54.981-0300] {logging_mixin.py:188} INFO - [2024-03-02T09:49:54.980-0300] {dagbag.py:540} INFO - Filling up the DagBag from /home/victor/Área de Trabalho/airflow/venv/lib/python3.10/site-packages/airflow/example_dags/example_bash_operator.py
[2024-03-02T09:49:54.991-0300] {processor.py:840} INFO - DAG(s) 'example_bash_operator' retrieved from /home/victor/Área de Trabalho/airflow/venv/lib/python3.10/site-packages/airflow/example_dags/example_bash_operator.py
[2024-03-02T09:49:55.028-0300] {logging_mixin.py:188} INFO - [2024-03-02T09:49:55.027-0300] {dag.py:3047} INFO - Sync 1 DAGs
[2024-03-02T09:49:55.054-0300] {logging_mixin.py:188} INFO - [2024-03-02T09:49:55.054-0300] {dag.py:3834} INFO - Setting next_dagrun for example_bash_operator to 2024-03-01 00:00:00+00:00, run_after=2024-03-02 00:00:00+00:00
[2024-03-02T09:49:55.075-0300] {processor.py:183} INFO - Processing /home/victor/Área de Trabalho/airflow/venv/lib/python3.10/site-packages/airflow/example_dags/example_bash_operator.py took 0.098 seconds
[2024-03-02T09:50:25.417-0300] {processor.py:161} INFO - Started process (PID=20725) to work on /home/victor/Área de Trabalho/airflow/venv/lib/python3.10/site-packages/airflow/example_dags/example_bash_operator.py
[2024-03-02T09:50:25.418-0300] {processor.py:830} INFO - Processing file /home/victor/Área de Trabalho/airflow/venv/lib/python3.10/site-packages/airflow/example_dags/example_bash_operator.py for tasks to queue
[2024-03-02T09:50:25.418-0300] {logging_mixin.py:188} INFO - [2024-03-02T09:50:25.418-0300] {dagbag.py:540} INFO - Filling up the DagBag from /home/victor/Área de Trabalho/airflow/venv/lib/python3.10/site-packages/airflow/example_dags/example_bash_operator.py
[2024-03-02T09:50:25.429-0300] {processor.py:840} INFO - DAG(s) 'example_bash_operator' retrieved from /home/victor/Área de Trabalho/airflow/venv/lib/python3.10/site-packages/airflow/example_dags/example_bash_operator.py
[2024-03-02T09:50:25.462-0300] {logging_mixin.py:188} INFO - [2024-03-02T09:50:25.461-0300] {dag.py:3047} INFO - Sync 1 DAGs
[2024-03-02T09:50:25.482-0300] {logging_mixin.py:188} INFO - [2024-03-02T09:50:25.482-0300] {dag.py:3834} INFO - Setting next_dagrun for example_bash_operator to 2024-03-01 00:00:00+00:00, run_after=2024-03-02 00:00:00+00:00
[2024-03-02T09:50:25.501-0300] {processor.py:183} INFO - Processing /home/victor/Área de Trabalho/airflow/venv/lib/python3.10/site-packages/airflow/example_dags/example_bash_operator.py took 0.088 seconds
[2024-03-02T09:50:57.188-0300] {processor.py:161} INFO - Started process (PID=21083) to work on /home/victor/Área de Trabalho/airflow/venv/lib/python3.10/site-packages/airflow/example_dags/example_bash_operator.py
[2024-03-02T09:50:57.189-0300] {processor.py:830} INFO - Processing file /home/victor/Área de Trabalho/airflow/venv/lib/python3.10/site-packages/airflow/example_dags/example_bash_operator.py for tasks to queue
[2024-03-02T09:50:57.191-0300] {logging_mixin.py:188} INFO - [2024-03-02T09:50:57.190-0300] {dagbag.py:540} INFO - Filling up the DagBag from /home/victor/Área de Trabalho/airflow/venv/lib/python3.10/site-packages/airflow/example_dags/example_bash_operator.py
[2024-03-02T09:50:57.215-0300] {processor.py:840} INFO - DAG(s) 'example_bash_operator' retrieved from /home/victor/Área de Trabalho/airflow/venv/lib/python3.10/site-packages/airflow/example_dags/example_bash_operator.py
[2024-03-02T09:50:57.258-0300] {logging_mixin.py:188} INFO - [2024-03-02T09:50:57.258-0300] {dag.py:3047} INFO - Sync 1 DAGs
[2024-03-02T09:50:57.287-0300] {logging_mixin.py:188} INFO - [2024-03-02T09:50:57.286-0300] {dag.py:3834} INFO - Setting next_dagrun for example_bash_operator to 2024-03-01 00:00:00+00:00, run_after=2024-03-02 00:00:00+00:00
[2024-03-02T09:50:57.314-0300] {processor.py:183} INFO - Processing /home/victor/Área de Trabalho/airflow/venv/lib/python3.10/site-packages/airflow/example_dags/example_bash_operator.py took 0.129 seconds
[2024-03-02T09:51:27.770-0300] {processor.py:161} INFO - Started process (PID=21565) to work on /home/victor/Área de Trabalho/airflow/venv/lib/python3.10/site-packages/airflow/example_dags/example_bash_operator.py
[2024-03-02T09:51:27.771-0300] {processor.py:830} INFO - Processing file /home/victor/Área de Trabalho/airflow/venv/lib/python3.10/site-packages/airflow/example_dags/example_bash_operator.py for tasks to queue
[2024-03-02T09:51:27.772-0300] {logging_mixin.py:188} INFO - [2024-03-02T09:51:27.771-0300] {dagbag.py:540} INFO - Filling up the DagBag from /home/victor/Área de Trabalho/airflow/venv/lib/python3.10/site-packages/airflow/example_dags/example_bash_operator.py
[2024-03-02T09:51:27.781-0300] {processor.py:840} INFO - DAG(s) 'example_bash_operator' retrieved from /home/victor/Área de Trabalho/airflow/venv/lib/python3.10/site-packages/airflow/example_dags/example_bash_operator.py
[2024-03-02T09:51:27.816-0300] {logging_mixin.py:188} INFO - [2024-03-02T09:51:27.816-0300] {dag.py:3047} INFO - Sync 1 DAGs
[2024-03-02T09:51:27.839-0300] {logging_mixin.py:188} INFO - [2024-03-02T09:51:27.839-0300] {dag.py:3834} INFO - Setting next_dagrun for example_bash_operator to 2024-03-01 00:00:00+00:00, run_after=2024-03-02 00:00:00+00:00
[2024-03-02T09:51:27.857-0300] {processor.py:183} INFO - Processing /home/victor/Área de Trabalho/airflow/venv/lib/python3.10/site-packages/airflow/example_dags/example_bash_operator.py took 0.090 seconds
[2024-03-02T09:51:58.369-0300] {processor.py:161} INFO - Started process (PID=21944) to work on /home/victor/Área de Trabalho/airflow/venv/lib/python3.10/site-packages/airflow/example_dags/example_bash_operator.py
[2024-03-02T09:51:58.370-0300] {processor.py:830} INFO - Processing file /home/victor/Área de Trabalho/airflow/venv/lib/python3.10/site-packages/airflow/example_dags/example_bash_operator.py for tasks to queue
[2024-03-02T09:51:58.370-0300] {logging_mixin.py:188} INFO - [2024-03-02T09:51:58.370-0300] {dagbag.py:540} INFO - Filling up the DagBag from /home/victor/Área de Trabalho/airflow/venv/lib/python3.10/site-packages/airflow/example_dags/example_bash_operator.py
[2024-03-02T09:51:58.383-0300] {processor.py:840} INFO - DAG(s) 'example_bash_operator' retrieved from /home/victor/Área de Trabalho/airflow/venv/lib/python3.10/site-packages/airflow/example_dags/example_bash_operator.py
[2024-03-02T09:51:58.422-0300] {logging_mixin.py:188} INFO - [2024-03-02T09:51:58.422-0300] {dag.py:3047} INFO - Sync 1 DAGs
[2024-03-02T09:51:58.447-0300] {logging_mixin.py:188} INFO - [2024-03-02T09:51:58.447-0300] {dag.py:3834} INFO - Setting next_dagrun for example_bash_operator to 2024-03-01 00:00:00+00:00, run_after=2024-03-02 00:00:00+00:00
[2024-03-02T09:51:58.475-0300] {processor.py:183} INFO - Processing /home/victor/Área de Trabalho/airflow/venv/lib/python3.10/site-packages/airflow/example_dags/example_bash_operator.py took 0.110 seconds
[2024-03-02T09:52:29.130-0300] {processor.py:161} INFO - Started process (PID=22528) to work on /home/victor/Área de Trabalho/airflow/venv/lib/python3.10/site-packages/airflow/example_dags/example_bash_operator.py
[2024-03-02T09:52:29.131-0300] {processor.py:830} INFO - Processing file /home/victor/Área de Trabalho/airflow/venv/lib/python3.10/site-packages/airflow/example_dags/example_bash_operator.py for tasks to queue
[2024-03-02T09:52:29.132-0300] {logging_mixin.py:188} INFO - [2024-03-02T09:52:29.132-0300] {dagbag.py:540} INFO - Filling up the DagBag from /home/victor/Área de Trabalho/airflow/venv/lib/python3.10/site-packages/airflow/example_dags/example_bash_operator.py
[2024-03-02T09:52:29.141-0300] {processor.py:840} INFO - DAG(s) 'example_bash_operator' retrieved from /home/victor/Área de Trabalho/airflow/venv/lib/python3.10/site-packages/airflow/example_dags/example_bash_operator.py
[2024-03-02T09:52:29.173-0300] {logging_mixin.py:188} INFO - [2024-03-02T09:52:29.173-0300] {dag.py:3047} INFO - Sync 1 DAGs
[2024-03-02T09:52:29.195-0300] {logging_mixin.py:188} INFO - [2024-03-02T09:52:29.194-0300] {dag.py:3834} INFO - Setting next_dagrun for example_bash_operator to 2024-03-01 00:00:00+00:00, run_after=2024-03-02 00:00:00+00:00
[2024-03-02T09:52:29.214-0300] {processor.py:183} INFO - Processing /home/victor/Área de Trabalho/airflow/venv/lib/python3.10/site-packages/airflow/example_dags/example_bash_operator.py took 0.087 seconds
[2024-03-02T09:52:59.770-0300] {processor.py:161} INFO - Started process (PID=23014) to work on /home/victor/Área de Trabalho/airflow/venv/lib/python3.10/site-packages/airflow/example_dags/example_bash_operator.py
[2024-03-02T09:52:59.771-0300] {processor.py:830} INFO - Processing file /home/victor/Área de Trabalho/airflow/venv/lib/python3.10/site-packages/airflow/example_dags/example_bash_operator.py for tasks to queue
[2024-03-02T09:52:59.771-0300] {logging_mixin.py:188} INFO - [2024-03-02T09:52:59.771-0300] {dagbag.py:540} INFO - Filling up the DagBag from /home/victor/Área de Trabalho/airflow/venv/lib/python3.10/site-packages/airflow/example_dags/example_bash_operator.py
[2024-03-02T09:52:59.780-0300] {processor.py:840} INFO - DAG(s) 'example_bash_operator' retrieved from /home/victor/Área de Trabalho/airflow/venv/lib/python3.10/site-packages/airflow/example_dags/example_bash_operator.py
[2024-03-02T09:52:59.812-0300] {logging_mixin.py:188} INFO - [2024-03-02T09:52:59.811-0300] {dag.py:3047} INFO - Sync 1 DAGs
[2024-03-02T09:52:59.833-0300] {logging_mixin.py:188} INFO - [2024-03-02T09:52:59.833-0300] {dag.py:3834} INFO - Setting next_dagrun for example_bash_operator to 2024-03-01 00:00:00+00:00, run_after=2024-03-02 00:00:00+00:00
[2024-03-02T09:52:59.853-0300] {processor.py:183} INFO - Processing /home/victor/Área de Trabalho/airflow/venv/lib/python3.10/site-packages/airflow/example_dags/example_bash_operator.py took 0.087 seconds
[2024-03-02T09:53:30.131-0300] {processor.py:161} INFO - Started process (PID=23336) to work on /home/victor/Área de Trabalho/airflow/venv/lib/python3.10/site-packages/airflow/example_dags/example_bash_operator.py
[2024-03-02T09:53:30.132-0300] {processor.py:830} INFO - Processing file /home/victor/Área de Trabalho/airflow/venv/lib/python3.10/site-packages/airflow/example_dags/example_bash_operator.py for tasks to queue
[2024-03-02T09:53:30.132-0300] {logging_mixin.py:188} INFO - [2024-03-02T09:53:30.132-0300] {dagbag.py:540} INFO - Filling up the DagBag from /home/victor/Área de Trabalho/airflow/venv/lib/python3.10/site-packages/airflow/example_dags/example_bash_operator.py
[2024-03-02T09:53:30.142-0300] {processor.py:840} INFO - DAG(s) 'example_bash_operator' retrieved from /home/victor/Área de Trabalho/airflow/venv/lib/python3.10/site-packages/airflow/example_dags/example_bash_operator.py
[2024-03-02T09:53:30.176-0300] {logging_mixin.py:188} INFO - [2024-03-02T09:53:30.176-0300] {dag.py:3047} INFO - Sync 1 DAGs
[2024-03-02T09:53:30.197-0300] {logging_mixin.py:188} INFO - [2024-03-02T09:53:30.197-0300] {dag.py:3834} INFO - Setting next_dagrun for example_bash_operator to 2024-03-01 00:00:00+00:00, run_after=2024-03-02 00:00:00+00:00
[2024-03-02T09:53:30.217-0300] {processor.py:183} INFO - Processing /home/victor/Área de Trabalho/airflow/venv/lib/python3.10/site-packages/airflow/example_dags/example_bash_operator.py took 0.089 seconds
[2024-03-02T09:54:00.947-0300] {processor.py:161} INFO - Started process (PID=23819) to work on /home/victor/Área de Trabalho/airflow/venv/lib/python3.10/site-packages/airflow/example_dags/example_bash_operator.py
[2024-03-02T09:54:00.948-0300] {processor.py:830} INFO - Processing file /home/victor/Área de Trabalho/airflow/venv/lib/python3.10/site-packages/airflow/example_dags/example_bash_operator.py for tasks to queue
[2024-03-02T09:54:00.949-0300] {logging_mixin.py:188} INFO - [2024-03-02T09:54:00.949-0300] {dagbag.py:540} INFO - Filling up the DagBag from /home/victor/Área de Trabalho/airflow/venv/lib/python3.10/site-packages/airflow/example_dags/example_bash_operator.py
[2024-03-02T09:54:00.959-0300] {processor.py:840} INFO - DAG(s) 'example_bash_operator' retrieved from /home/victor/Área de Trabalho/airflow/venv/lib/python3.10/site-packages/airflow/example_dags/example_bash_operator.py
[2024-03-02T09:54:00.993-0300] {logging_mixin.py:188} INFO - [2024-03-02T09:54:00.992-0300] {dag.py:3047} INFO - Sync 1 DAGs
[2024-03-02T09:54:01.014-0300] {logging_mixin.py:188} INFO - [2024-03-02T09:54:01.014-0300] {dag.py:3834} INFO - Setting next_dagrun for example_bash_operator to 2024-03-01 00:00:00+00:00, run_after=2024-03-02 00:00:00+00:00
[2024-03-02T09:54:01.036-0300] {processor.py:183} INFO - Processing /home/victor/Área de Trabalho/airflow/venv/lib/python3.10/site-packages/airflow/example_dags/example_bash_operator.py took 0.091 seconds
[2024-03-02T09:54:32.173-0300] {processor.py:161} INFO - Started process (PID=24303) to work on /home/victor/Área de Trabalho/airflow/venv/lib/python3.10/site-packages/airflow/example_dags/example_bash_operator.py
[2024-03-02T09:54:32.174-0300] {processor.py:830} INFO - Processing file /home/victor/Área de Trabalho/airflow/venv/lib/python3.10/site-packages/airflow/example_dags/example_bash_operator.py for tasks to queue
[2024-03-02T09:54:32.175-0300] {logging_mixin.py:188} INFO - [2024-03-02T09:54:32.175-0300] {dagbag.py:540} INFO - Filling up the DagBag from /home/victor/Área de Trabalho/airflow/venv/lib/python3.10/site-packages/airflow/example_dags/example_bash_operator.py
[2024-03-02T09:54:32.185-0300] {processor.py:840} INFO - DAG(s) 'example_bash_operator' retrieved from /home/victor/Área de Trabalho/airflow/venv/lib/python3.10/site-packages/airflow/example_dags/example_bash_operator.py
[2024-03-02T09:54:32.230-0300] {logging_mixin.py:188} INFO - [2024-03-02T09:54:32.230-0300] {dag.py:3047} INFO - Sync 1 DAGs
[2024-03-02T09:54:32.263-0300] {logging_mixin.py:188} INFO - [2024-03-02T09:54:32.262-0300] {dag.py:3834} INFO - Setting next_dagrun for example_bash_operator to 2024-03-01 00:00:00+00:00, run_after=2024-03-02 00:00:00+00:00
[2024-03-02T09:54:32.287-0300] {processor.py:183} INFO - Processing /home/victor/Área de Trabalho/airflow/venv/lib/python3.10/site-packages/airflow/example_dags/example_bash_operator.py took 0.117 seconds
[2024-03-02T09:55:02.721-0300] {processor.py:161} INFO - Started process (PID=24876) to work on /home/victor/Área de Trabalho/airflow/venv/lib/python3.10/site-packages/airflow/example_dags/example_bash_operator.py
[2024-03-02T09:55:02.722-0300] {processor.py:830} INFO - Processing file /home/victor/Área de Trabalho/airflow/venv/lib/python3.10/site-packages/airflow/example_dags/example_bash_operator.py for tasks to queue
[2024-03-02T09:55:02.722-0300] {logging_mixin.py:188} INFO - [2024-03-02T09:55:02.722-0300] {dagbag.py:540} INFO - Filling up the DagBag from /home/victor/Área de Trabalho/airflow/venv/lib/python3.10/site-packages/airflow/example_dags/example_bash_operator.py
[2024-03-02T09:55:02.733-0300] {processor.py:840} INFO - DAG(s) 'example_bash_operator' retrieved from /home/victor/Área de Trabalho/airflow/venv/lib/python3.10/site-packages/airflow/example_dags/example_bash_operator.py
[2024-03-02T09:55:02.773-0300] {logging_mixin.py:188} INFO - [2024-03-02T09:55:02.772-0300] {dag.py:3047} INFO - Sync 1 DAGs
[2024-03-02T09:55:02.797-0300] {logging_mixin.py:188} INFO - [2024-03-02T09:55:02.797-0300] {dag.py:3834} INFO - Setting next_dagrun for example_bash_operator to 2024-03-01 00:00:00+00:00, run_after=2024-03-02 00:00:00+00:00
[2024-03-02T09:55:02.816-0300] {processor.py:183} INFO - Processing /home/victor/Área de Trabalho/airflow/venv/lib/python3.10/site-packages/airflow/example_dags/example_bash_operator.py took 0.099 seconds
[2024-03-02T09:55:33.283-0300] {processor.py:161} INFO - Started process (PID=25334) to work on /home/victor/Área de Trabalho/airflow/venv/lib/python3.10/site-packages/airflow/example_dags/example_bash_operator.py
[2024-03-02T09:55:33.284-0300] {processor.py:830} INFO - Processing file /home/victor/Área de Trabalho/airflow/venv/lib/python3.10/site-packages/airflow/example_dags/example_bash_operator.py for tasks to queue
[2024-03-02T09:55:33.285-0300] {logging_mixin.py:188} INFO - [2024-03-02T09:55:33.284-0300] {dagbag.py:540} INFO - Filling up the DagBag from /home/victor/Área de Trabalho/airflow/venv/lib/python3.10/site-packages/airflow/example_dags/example_bash_operator.py
[2024-03-02T09:55:33.294-0300] {processor.py:840} INFO - DAG(s) 'example_bash_operator' retrieved from /home/victor/Área de Trabalho/airflow/venv/lib/python3.10/site-packages/airflow/example_dags/example_bash_operator.py
[2024-03-02T09:55:33.326-0300] {logging_mixin.py:188} INFO - [2024-03-02T09:55:33.326-0300] {dag.py:3047} INFO - Sync 1 DAGs
[2024-03-02T09:55:33.347-0300] {logging_mixin.py:188} INFO - [2024-03-02T09:55:33.346-0300] {dag.py:3834} INFO - Setting next_dagrun for example_bash_operator to 2024-03-01 00:00:00+00:00, run_after=2024-03-02 00:00:00+00:00
[2024-03-02T09:55:33.364-0300] {processor.py:183} INFO - Processing /home/victor/Área de Trabalho/airflow/venv/lib/python3.10/site-packages/airflow/example_dags/example_bash_operator.py took 0.084 seconds
[2024-03-02T09:56:03.591-0300] {processor.py:161} INFO - Started process (PID=25837) to work on /home/victor/Área de Trabalho/airflow/venv/lib/python3.10/site-packages/airflow/example_dags/example_bash_operator.py
[2024-03-02T09:56:03.592-0300] {processor.py:830} INFO - Processing file /home/victor/Área de Trabalho/airflow/venv/lib/python3.10/site-packages/airflow/example_dags/example_bash_operator.py for tasks to queue
[2024-03-02T09:56:03.592-0300] {logging_mixin.py:188} INFO - [2024-03-02T09:56:03.592-0300] {dagbag.py:540} INFO - Filling up the DagBag from /home/victor/Área de Trabalho/airflow/venv/lib/python3.10/site-packages/airflow/example_dags/example_bash_operator.py
[2024-03-02T09:56:03.603-0300] {processor.py:840} INFO - DAG(s) 'example_bash_operator' retrieved from /home/victor/Área de Trabalho/airflow/venv/lib/python3.10/site-packages/airflow/example_dags/example_bash_operator.py
[2024-03-02T09:56:03.635-0300] {logging_mixin.py:188} INFO - [2024-03-02T09:56:03.634-0300] {dag.py:3047} INFO - Sync 1 DAGs
[2024-03-02T09:56:03.657-0300] {logging_mixin.py:188} INFO - [2024-03-02T09:56:03.656-0300] {dag.py:3834} INFO - Setting next_dagrun for example_bash_operator to 2024-03-01 00:00:00+00:00, run_after=2024-03-02 00:00:00+00:00
[2024-03-02T09:56:03.675-0300] {processor.py:183} INFO - Processing /home/victor/Área de Trabalho/airflow/venv/lib/python3.10/site-packages/airflow/example_dags/example_bash_operator.py took 0.087 seconds
[2024-03-02T09:56:34.921-0300] {processor.py:161} INFO - Started process (PID=26159) to work on /home/victor/Área de Trabalho/airflow/venv/lib/python3.10/site-packages/airflow/example_dags/example_bash_operator.py
[2024-03-02T09:56:34.921-0300] {processor.py:830} INFO - Processing file /home/victor/Área de Trabalho/airflow/venv/lib/python3.10/site-packages/airflow/example_dags/example_bash_operator.py for tasks to queue
[2024-03-02T09:56:34.922-0300] {logging_mixin.py:188} INFO - [2024-03-02T09:56:34.922-0300] {dagbag.py:540} INFO - Filling up the DagBag from /home/victor/Área de Trabalho/airflow/venv/lib/python3.10/site-packages/airflow/example_dags/example_bash_operator.py
[2024-03-02T09:56:34.932-0300] {processor.py:840} INFO - DAG(s) 'example_bash_operator' retrieved from /home/victor/Área de Trabalho/airflow/venv/lib/python3.10/site-packages/airflow/example_dags/example_bash_operator.py
[2024-03-02T09:56:34.963-0300] {logging_mixin.py:188} INFO - [2024-03-02T09:56:34.962-0300] {dag.py:3047} INFO - Sync 1 DAGs
[2024-03-02T09:56:34.983-0300] {logging_mixin.py:188} INFO - [2024-03-02T09:56:34.983-0300] {dag.py:3834} INFO - Setting next_dagrun for example_bash_operator to 2024-03-01 00:00:00+00:00, run_after=2024-03-02 00:00:00+00:00
[2024-03-02T09:56:35.002-0300] {processor.py:183} INFO - Processing /home/victor/Área de Trabalho/airflow/venv/lib/python3.10/site-packages/airflow/example_dags/example_bash_operator.py took 0.084 seconds
[2024-03-02T09:57:05.530-0300] {processor.py:161} INFO - Started process (PID=26802) to work on /home/victor/Área de Trabalho/airflow/venv/lib/python3.10/site-packages/airflow/example_dags/example_bash_operator.py
[2024-03-02T09:57:05.531-0300] {processor.py:830} INFO - Processing file /home/victor/Área de Trabalho/airflow/venv/lib/python3.10/site-packages/airflow/example_dags/example_bash_operator.py for tasks to queue
[2024-03-02T09:57:05.532-0300] {logging_mixin.py:188} INFO - [2024-03-02T09:57:05.532-0300] {dagbag.py:540} INFO - Filling up the DagBag from /home/victor/Área de Trabalho/airflow/venv/lib/python3.10/site-packages/airflow/example_dags/example_bash_operator.py
[2024-03-02T09:57:05.542-0300] {processor.py:840} INFO - DAG(s) 'example_bash_operator' retrieved from /home/victor/Área de Trabalho/airflow/venv/lib/python3.10/site-packages/airflow/example_dags/example_bash_operator.py
[2024-03-02T09:57:05.573-0300] {logging_mixin.py:188} INFO - [2024-03-02T09:57:05.573-0300] {dag.py:3047} INFO - Sync 1 DAGs
[2024-03-02T09:57:05.595-0300] {logging_mixin.py:188} INFO - [2024-03-02T09:57:05.595-0300] {dag.py:3834} INFO - Setting next_dagrun for example_bash_operator to 2024-03-01 00:00:00+00:00, run_after=2024-03-02 00:00:00+00:00
[2024-03-02T09:57:05.612-0300] {processor.py:183} INFO - Processing /home/victor/Área de Trabalho/airflow/venv/lib/python3.10/site-packages/airflow/example_dags/example_bash_operator.py took 0.088 seconds
[2024-03-02T09:57:35.999-0300] {processor.py:161} INFO - Started process (PID=27123) to work on /home/victor/Área de Trabalho/airflow/venv/lib/python3.10/site-packages/airflow/example_dags/example_bash_operator.py
[2024-03-02T09:57:36.000-0300] {processor.py:830} INFO - Processing file /home/victor/Área de Trabalho/airflow/venv/lib/python3.10/site-packages/airflow/example_dags/example_bash_operator.py for tasks to queue
[2024-03-02T09:57:36.001-0300] {logging_mixin.py:188} INFO - [2024-03-02T09:57:36.000-0300] {dagbag.py:540} INFO - Filling up the DagBag from /home/victor/Área de Trabalho/airflow/venv/lib/python3.10/site-packages/airflow/example_dags/example_bash_operator.py
[2024-03-02T09:57:36.012-0300] {processor.py:840} INFO - DAG(s) 'example_bash_operator' retrieved from /home/victor/Área de Trabalho/airflow/venv/lib/python3.10/site-packages/airflow/example_dags/example_bash_operator.py
[2024-03-02T09:57:36.043-0300] {logging_mixin.py:188} INFO - [2024-03-02T09:57:36.042-0300] {dag.py:3047} INFO - Sync 1 DAGs
[2024-03-02T09:57:36.063-0300] {logging_mixin.py:188} INFO - [2024-03-02T09:57:36.063-0300] {dag.py:3834} INFO - Setting next_dagrun for example_bash_operator to 2024-03-01 00:00:00+00:00, run_after=2024-03-02 00:00:00+00:00
[2024-03-02T09:57:36.083-0300] {processor.py:183} INFO - Processing /home/victor/Área de Trabalho/airflow/venv/lib/python3.10/site-packages/airflow/example_dags/example_bash_operator.py took 0.087 seconds
[2024-03-02T09:58:06.662-0300] {processor.py:161} INFO - Started process (PID=27686) to work on /home/victor/Área de Trabalho/airflow/venv/lib/python3.10/site-packages/airflow/example_dags/example_bash_operator.py
[2024-03-02T09:58:06.663-0300] {processor.py:830} INFO - Processing file /home/victor/Área de Trabalho/airflow/venv/lib/python3.10/site-packages/airflow/example_dags/example_bash_operator.py for tasks to queue
[2024-03-02T09:58:06.664-0300] {logging_mixin.py:188} INFO - [2024-03-02T09:58:06.663-0300] {dagbag.py:540} INFO - Filling up the DagBag from /home/victor/Área de Trabalho/airflow/venv/lib/python3.10/site-packages/airflow/example_dags/example_bash_operator.py
[2024-03-02T09:58:06.675-0300] {processor.py:840} INFO - DAG(s) 'example_bash_operator' retrieved from /home/victor/Área de Trabalho/airflow/venv/lib/python3.10/site-packages/airflow/example_dags/example_bash_operator.py
[2024-03-02T09:58:06.711-0300] {logging_mixin.py:188} INFO - [2024-03-02T09:58:06.711-0300] {dag.py:3047} INFO - Sync 1 DAGs
[2024-03-02T09:58:06.734-0300] {logging_mixin.py:188} INFO - [2024-03-02T09:58:06.733-0300] {dag.py:3834} INFO - Setting next_dagrun for example_bash_operator to 2024-03-01 00:00:00+00:00, run_after=2024-03-02 00:00:00+00:00
[2024-03-02T09:58:06.755-0300] {processor.py:183} INFO - Processing /home/victor/Área de Trabalho/airflow/venv/lib/python3.10/site-packages/airflow/example_dags/example_bash_operator.py took 0.097 seconds
[2024-03-02T09:58:37.203-0300] {processor.py:161} INFO - Started process (PID=29045) to work on /home/victor/Área de Trabalho/airflow/venv/lib/python3.10/site-packages/airflow/example_dags/example_bash_operator.py
[2024-03-02T09:58:37.204-0300] {processor.py:830} INFO - Processing file /home/victor/Área de Trabalho/airflow/venv/lib/python3.10/site-packages/airflow/example_dags/example_bash_operator.py for tasks to queue
[2024-03-02T09:58:37.205-0300] {logging_mixin.py:188} INFO - [2024-03-02T09:58:37.205-0300] {dagbag.py:540} INFO - Filling up the DagBag from /home/victor/Área de Trabalho/airflow/venv/lib/python3.10/site-packages/airflow/example_dags/example_bash_operator.py
[2024-03-02T09:58:37.215-0300] {processor.py:840} INFO - DAG(s) 'example_bash_operator' retrieved from /home/victor/Área de Trabalho/airflow/venv/lib/python3.10/site-packages/airflow/example_dags/example_bash_operator.py
[2024-03-02T09:58:37.249-0300] {logging_mixin.py:188} INFO - [2024-03-02T09:58:37.249-0300] {dag.py:3047} INFO - Sync 1 DAGs
[2024-03-02T09:58:37.272-0300] {logging_mixin.py:188} INFO - [2024-03-02T09:58:37.272-0300] {dag.py:3834} INFO - Setting next_dagrun for example_bash_operator to 2024-03-01 00:00:00+00:00, run_after=2024-03-02 00:00:00+00:00
[2024-03-02T09:58:37.369-0300] {processor.py:183} INFO - Processing /home/victor/Área de Trabalho/airflow/venv/lib/python3.10/site-packages/airflow/example_dags/example_bash_operator.py took 0.168 seconds
[2024-03-02T09:59:07.678-0300] {processor.py:161} INFO - Started process (PID=29557) to work on /home/victor/Área de Trabalho/airflow/venv/lib/python3.10/site-packages/airflow/example_dags/example_bash_operator.py
[2024-03-02T09:59:07.679-0300] {processor.py:830} INFO - Processing file /home/victor/Área de Trabalho/airflow/venv/lib/python3.10/site-packages/airflow/example_dags/example_bash_operator.py for tasks to queue
[2024-03-02T09:59:07.680-0300] {logging_mixin.py:188} INFO - [2024-03-02T09:59:07.679-0300] {dagbag.py:540} INFO - Filling up the DagBag from /home/victor/Área de Trabalho/airflow/venv/lib/python3.10/site-packages/airflow/example_dags/example_bash_operator.py
[2024-03-02T09:59:07.691-0300] {processor.py:840} INFO - DAG(s) 'example_bash_operator' retrieved from /home/victor/Área de Trabalho/airflow/venv/lib/python3.10/site-packages/airflow/example_dags/example_bash_operator.py
[2024-03-02T09:59:07.729-0300] {logging_mixin.py:188} INFO - [2024-03-02T09:59:07.729-0300] {dag.py:3047} INFO - Sync 1 DAGs
[2024-03-02T09:59:07.753-0300] {logging_mixin.py:188} INFO - [2024-03-02T09:59:07.752-0300] {dag.py:3834} INFO - Setting next_dagrun for example_bash_operator to 2024-03-01 00:00:00+00:00, run_after=2024-03-02 00:00:00+00:00
[2024-03-02T09:59:07.772-0300] {processor.py:183} INFO - Processing /home/victor/Área de Trabalho/airflow/venv/lib/python3.10/site-packages/airflow/example_dags/example_bash_operator.py took 0.097 seconds
