[2024-03-02T09:36:59.770-0300] {processor.py:161} INFO - Started process (PID=8018) to work on /home/victor/Área de Trabalho/airflow/venv/lib/python3.10/site-packages/airflow/example_dags/example_python_operator.py
[2024-03-02T09:36:59.771-0300] {processor.py:830} INFO - Processing file /home/victor/Área de Trabalho/airflow/venv/lib/python3.10/site-packages/airflow/example_dags/example_python_operator.py for tasks to queue
[2024-03-02T09:36:59.771-0300] {logging_mixin.py:188} INFO - [2024-03-02T09:36:59.771-0300] {dagbag.py:540} INFO - Filling up the DagBag from /home/victor/Área de Trabalho/airflow/venv/lib/python3.10/site-packages/airflow/example_dags/example_python_operator.py
[2024-03-02T09:36:59.780-0300] {processor.py:840} INFO - DAG(s) 'example_python_operator' retrieved from /home/victor/Área de Trabalho/airflow/venv/lib/python3.10/site-packages/airflow/example_dags/example_python_operator.py
[2024-03-02T09:36:59.799-0300] {logging_mixin.py:188} INFO - [2024-03-02T09:36:59.798-0300] {dag.py:3047} INFO - Sync 1 DAGs
[2024-03-02T09:36:59.820-0300] {logging_mixin.py:188} INFO - [2024-03-02T09:36:59.820-0300] {dag.py:3834} INFO - Setting next_dagrun for example_python_operator to None, run_after=None
[2024-03-02T09:36:59.840-0300] {processor.py:183} INFO - Processing /home/victor/Área de Trabalho/airflow/venv/lib/python3.10/site-packages/airflow/example_dags/example_python_operator.py took 0.073 seconds
[2024-03-02T09:37:31.424-0300] {processor.py:161} INFO - Started process (PID=9476) to work on /home/victor/Área de Trabalho/airflow/venv/lib/python3.10/site-packages/airflow/example_dags/example_python_operator.py
[2024-03-02T09:37:31.425-0300] {processor.py:830} INFO - Processing file /home/victor/Área de Trabalho/airflow/venv/lib/python3.10/site-packages/airflow/example_dags/example_python_operator.py for tasks to queue
[2024-03-02T09:37:31.425-0300] {logging_mixin.py:188} INFO - [2024-03-02T09:37:31.425-0300] {dagbag.py:540} INFO - Filling up the DagBag from /home/victor/Área de Trabalho/airflow/venv/lib/python3.10/site-packages/airflow/example_dags/example_python_operator.py
[2024-03-02T09:37:31.434-0300] {processor.py:840} INFO - DAG(s) 'example_python_operator' retrieved from /home/victor/Área de Trabalho/airflow/venv/lib/python3.10/site-packages/airflow/example_dags/example_python_operator.py
[2024-03-02T09:37:31.534-0300] {logging_mixin.py:188} INFO - [2024-03-02T09:37:31.534-0300] {dag.py:3047} INFO - Sync 1 DAGs
[2024-03-02T09:37:31.543-0300] {logging_mixin.py:188} INFO - [2024-03-02T09:37:31.543-0300] {dag.py:3834} INFO - Setting next_dagrun for example_python_operator to None, run_after=None
[2024-03-02T09:37:31.561-0300] {processor.py:183} INFO - Processing /home/victor/Área de Trabalho/airflow/venv/lib/python3.10/site-packages/airflow/example_dags/example_python_operator.py took 0.140 seconds
[2024-03-02T09:38:02.302-0300] {processor.py:161} INFO - Started process (PID=10081) to work on /home/victor/Área de Trabalho/airflow/venv/lib/python3.10/site-packages/airflow/example_dags/example_python_operator.py
[2024-03-02T09:38:02.303-0300] {processor.py:830} INFO - Processing file /home/victor/Área de Trabalho/airflow/venv/lib/python3.10/site-packages/airflow/example_dags/example_python_operator.py for tasks to queue
[2024-03-02T09:38:02.304-0300] {logging_mixin.py:188} INFO - [2024-03-02T09:38:02.304-0300] {dagbag.py:540} INFO - Filling up the DagBag from /home/victor/Área de Trabalho/airflow/venv/lib/python3.10/site-packages/airflow/example_dags/example_python_operator.py
[2024-03-02T09:38:02.312-0300] {processor.py:840} INFO - DAG(s) 'example_python_operator' retrieved from /home/victor/Área de Trabalho/airflow/venv/lib/python3.10/site-packages/airflow/example_dags/example_python_operator.py
[2024-03-02T09:38:02.339-0300] {logging_mixin.py:188} INFO - [2024-03-02T09:38:02.338-0300] {dag.py:3047} INFO - Sync 1 DAGs
[2024-03-02T09:38:02.349-0300] {logging_mixin.py:188} INFO - [2024-03-02T09:38:02.349-0300] {dag.py:3834} INFO - Setting next_dagrun for example_python_operator to None, run_after=None
[2024-03-02T09:38:02.369-0300] {processor.py:183} INFO - Processing /home/victor/Área de Trabalho/airflow/venv/lib/python3.10/site-packages/airflow/example_dags/example_python_operator.py took 0.069 seconds
[2024-03-02T09:38:32.645-0300] {processor.py:161} INFO - Started process (PID=10396) to work on /home/victor/Área de Trabalho/airflow/venv/lib/python3.10/site-packages/airflow/example_dags/example_python_operator.py
[2024-03-02T09:38:32.645-0300] {processor.py:830} INFO - Processing file /home/victor/Área de Trabalho/airflow/venv/lib/python3.10/site-packages/airflow/example_dags/example_python_operator.py for tasks to queue
[2024-03-02T09:38:32.646-0300] {logging_mixin.py:188} INFO - [2024-03-02T09:38:32.646-0300] {dagbag.py:540} INFO - Filling up the DagBag from /home/victor/Área de Trabalho/airflow/venv/lib/python3.10/site-packages/airflow/example_dags/example_python_operator.py
[2024-03-02T09:38:32.656-0300] {processor.py:840} INFO - DAG(s) 'example_python_operator' retrieved from /home/victor/Área de Trabalho/airflow/venv/lib/python3.10/site-packages/airflow/example_dags/example_python_operator.py
[2024-03-02T09:38:32.682-0300] {logging_mixin.py:188} INFO - [2024-03-02T09:38:32.681-0300] {dag.py:3047} INFO - Sync 1 DAGs
[2024-03-02T09:38:32.692-0300] {logging_mixin.py:188} INFO - [2024-03-02T09:38:32.692-0300] {dag.py:3834} INFO - Setting next_dagrun for example_python_operator to None, run_after=None
[2024-03-02T09:38:32.710-0300] {processor.py:183} INFO - Processing /home/victor/Área de Trabalho/airflow/venv/lib/python3.10/site-packages/airflow/example_dags/example_python_operator.py took 0.068 seconds
[2024-03-02T09:39:04.081-0300] {processor.py:161} INFO - Started process (PID=10976) to work on /home/victor/Área de Trabalho/airflow/venv/lib/python3.10/site-packages/airflow/example_dags/example_python_operator.py
[2024-03-02T09:39:04.082-0300] {processor.py:830} INFO - Processing file /home/victor/Área de Trabalho/airflow/venv/lib/python3.10/site-packages/airflow/example_dags/example_python_operator.py for tasks to queue
[2024-03-02T09:39:04.083-0300] {logging_mixin.py:188} INFO - [2024-03-02T09:39:04.082-0300] {dagbag.py:540} INFO - Filling up the DagBag from /home/victor/Área de Trabalho/airflow/venv/lib/python3.10/site-packages/airflow/example_dags/example_python_operator.py
[2024-03-02T09:39:04.092-0300] {processor.py:840} INFO - DAG(s) 'example_python_operator' retrieved from /home/victor/Área de Trabalho/airflow/venv/lib/python3.10/site-packages/airflow/example_dags/example_python_operator.py
[2024-03-02T09:39:04.119-0300] {logging_mixin.py:188} INFO - [2024-03-02T09:39:04.119-0300] {dag.py:3047} INFO - Sync 1 DAGs
[2024-03-02T09:39:04.130-0300] {logging_mixin.py:188} INFO - [2024-03-02T09:39:04.130-0300] {dag.py:3834} INFO - Setting next_dagrun for example_python_operator to None, run_after=None
[2024-03-02T09:39:04.150-0300] {processor.py:183} INFO - Processing /home/victor/Área de Trabalho/airflow/venv/lib/python3.10/site-packages/airflow/example_dags/example_python_operator.py took 0.072 seconds
[2024-03-02T09:39:35.226-0300] {processor.py:161} INFO - Started process (PID=11553) to work on /home/victor/Área de Trabalho/airflow/venv/lib/python3.10/site-packages/airflow/example_dags/example_python_operator.py
[2024-03-02T09:39:35.227-0300] {processor.py:830} INFO - Processing file /home/victor/Área de Trabalho/airflow/venv/lib/python3.10/site-packages/airflow/example_dags/example_python_operator.py for tasks to queue
[2024-03-02T09:39:35.228-0300] {logging_mixin.py:188} INFO - [2024-03-02T09:39:35.228-0300] {dagbag.py:540} INFO - Filling up the DagBag from /home/victor/Área de Trabalho/airflow/venv/lib/python3.10/site-packages/airflow/example_dags/example_python_operator.py
[2024-03-02T09:39:35.236-0300] {processor.py:840} INFO - DAG(s) 'example_python_operator' retrieved from /home/victor/Área de Trabalho/airflow/venv/lib/python3.10/site-packages/airflow/example_dags/example_python_operator.py
[2024-03-02T09:39:35.263-0300] {logging_mixin.py:188} INFO - [2024-03-02T09:39:35.262-0300] {dag.py:3047} INFO - Sync 1 DAGs
[2024-03-02T09:39:35.274-0300] {logging_mixin.py:188} INFO - [2024-03-02T09:39:35.274-0300] {dag.py:3834} INFO - Setting next_dagrun for example_python_operator to None, run_after=None
[2024-03-02T09:39:35.293-0300] {processor.py:183} INFO - Processing /home/victor/Área de Trabalho/airflow/venv/lib/python3.10/site-packages/airflow/example_dags/example_python_operator.py took 0.069 seconds
[2024-03-02T09:40:06.559-0300] {processor.py:161} INFO - Started process (PID=12030) to work on /home/victor/Área de Trabalho/airflow/venv/lib/python3.10/site-packages/airflow/example_dags/example_python_operator.py
[2024-03-02T09:40:06.560-0300] {processor.py:830} INFO - Processing file /home/victor/Área de Trabalho/airflow/venv/lib/python3.10/site-packages/airflow/example_dags/example_python_operator.py for tasks to queue
[2024-03-02T09:40:06.560-0300] {logging_mixin.py:188} INFO - [2024-03-02T09:40:06.560-0300] {dagbag.py:540} INFO - Filling up the DagBag from /home/victor/Área de Trabalho/airflow/venv/lib/python3.10/site-packages/airflow/example_dags/example_python_operator.py
[2024-03-02T09:40:06.569-0300] {processor.py:840} INFO - DAG(s) 'example_python_operator' retrieved from /home/victor/Área de Trabalho/airflow/venv/lib/python3.10/site-packages/airflow/example_dags/example_python_operator.py
[2024-03-02T09:40:06.596-0300] {logging_mixin.py:188} INFO - [2024-03-02T09:40:06.595-0300] {dag.py:3047} INFO - Sync 1 DAGs
[2024-03-02T09:40:06.607-0300] {logging_mixin.py:188} INFO - [2024-03-02T09:40:06.607-0300] {dag.py:3834} INFO - Setting next_dagrun for example_python_operator to None, run_after=None
[2024-03-02T09:40:06.628-0300] {processor.py:183} INFO - Processing /home/victor/Área de Trabalho/airflow/venv/lib/python3.10/site-packages/airflow/example_dags/example_python_operator.py took 0.072 seconds
[2024-03-02T09:40:38.022-0300] {processor.py:161} INFO - Started process (PID=12406) to work on /home/victor/Área de Trabalho/airflow/venv/lib/python3.10/site-packages/airflow/example_dags/example_python_operator.py
[2024-03-02T09:40:38.022-0300] {processor.py:830} INFO - Processing file /home/victor/Área de Trabalho/airflow/venv/lib/python3.10/site-packages/airflow/example_dags/example_python_operator.py for tasks to queue
[2024-03-02T09:40:38.023-0300] {logging_mixin.py:188} INFO - [2024-03-02T09:40:38.023-0300] {dagbag.py:540} INFO - Filling up the DagBag from /home/victor/Área de Trabalho/airflow/venv/lib/python3.10/site-packages/airflow/example_dags/example_python_operator.py
[2024-03-02T09:40:38.033-0300] {processor.py:840} INFO - DAG(s) 'example_python_operator' retrieved from /home/victor/Área de Trabalho/airflow/venv/lib/python3.10/site-packages/airflow/example_dags/example_python_operator.py
[2024-03-02T09:40:38.070-0300] {logging_mixin.py:188} INFO - [2024-03-02T09:40:38.070-0300] {dag.py:3047} INFO - Sync 1 DAGs
[2024-03-02T09:40:38.088-0300] {logging_mixin.py:188} INFO - [2024-03-02T09:40:38.087-0300] {dag.py:3834} INFO - Setting next_dagrun for example_python_operator to None, run_after=None
[2024-03-02T09:40:38.111-0300] {processor.py:183} INFO - Processing /home/victor/Área de Trabalho/airflow/venv/lib/python3.10/site-packages/airflow/example_dags/example_python_operator.py took 0.093 seconds
[2024-03-02T09:41:09.103-0300] {processor.py:161} INFO - Started process (PID=12883) to work on /home/victor/Área de Trabalho/airflow/venv/lib/python3.10/site-packages/airflow/example_dags/example_python_operator.py
[2024-03-02T09:41:09.110-0300] {processor.py:830} INFO - Processing file /home/victor/Área de Trabalho/airflow/venv/lib/python3.10/site-packages/airflow/example_dags/example_python_operator.py for tasks to queue
[2024-03-02T09:41:09.111-0300] {logging_mixin.py:188} INFO - [2024-03-02T09:41:09.111-0300] {dagbag.py:540} INFO - Filling up the DagBag from /home/victor/Área de Trabalho/airflow/venv/lib/python3.10/site-packages/airflow/example_dags/example_python_operator.py
[2024-03-02T09:41:09.120-0300] {processor.py:840} INFO - DAG(s) 'example_python_operator' retrieved from /home/victor/Área de Trabalho/airflow/venv/lib/python3.10/site-packages/airflow/example_dags/example_python_operator.py
[2024-03-02T09:41:09.151-0300] {logging_mixin.py:188} INFO - [2024-03-02T09:41:09.151-0300] {dag.py:3047} INFO - Sync 1 DAGs
[2024-03-02T09:41:09.164-0300] {logging_mixin.py:188} INFO - [2024-03-02T09:41:09.163-0300] {dag.py:3834} INFO - Setting next_dagrun for example_python_operator to None, run_after=None
[2024-03-02T09:41:09.189-0300] {processor.py:183} INFO - Processing /home/victor/Área de Trabalho/airflow/venv/lib/python3.10/site-packages/airflow/example_dags/example_python_operator.py took 0.089 seconds
[2024-03-02T09:41:39.805-0300] {processor.py:161} INFO - Started process (PID=13198) to work on /home/victor/Área de Trabalho/airflow/venv/lib/python3.10/site-packages/airflow/example_dags/example_python_operator.py
[2024-03-02T09:41:39.806-0300] {processor.py:830} INFO - Processing file /home/victor/Área de Trabalho/airflow/venv/lib/python3.10/site-packages/airflow/example_dags/example_python_operator.py for tasks to queue
[2024-03-02T09:41:39.807-0300] {logging_mixin.py:188} INFO - [2024-03-02T09:41:39.807-0300] {dagbag.py:540} INFO - Filling up the DagBag from /home/victor/Área de Trabalho/airflow/venv/lib/python3.10/site-packages/airflow/example_dags/example_python_operator.py
[2024-03-02T09:41:39.816-0300] {processor.py:840} INFO - DAG(s) 'example_python_operator' retrieved from /home/victor/Área de Trabalho/airflow/venv/lib/python3.10/site-packages/airflow/example_dags/example_python_operator.py
[2024-03-02T09:41:39.846-0300] {logging_mixin.py:188} INFO - [2024-03-02T09:41:39.846-0300] {dag.py:3047} INFO - Sync 1 DAGs
[2024-03-02T09:41:39.859-0300] {logging_mixin.py:188} INFO - [2024-03-02T09:41:39.858-0300] {dag.py:3834} INFO - Setting next_dagrun for example_python_operator to None, run_after=None
[2024-03-02T09:41:39.883-0300] {processor.py:183} INFO - Processing /home/victor/Área de Trabalho/airflow/venv/lib/python3.10/site-packages/airflow/example_dags/example_python_operator.py took 0.080 seconds
[2024-03-02T09:42:10.698-0300] {processor.py:161} INFO - Started process (PID=13840) to work on /home/victor/Área de Trabalho/airflow/venv/lib/python3.10/site-packages/airflow/example_dags/example_python_operator.py
[2024-03-02T09:42:10.699-0300] {processor.py:830} INFO - Processing file /home/victor/Área de Trabalho/airflow/venv/lib/python3.10/site-packages/airflow/example_dags/example_python_operator.py for tasks to queue
[2024-03-02T09:42:10.700-0300] {logging_mixin.py:188} INFO - [2024-03-02T09:42:10.699-0300] {dagbag.py:540} INFO - Filling up the DagBag from /home/victor/Área de Trabalho/airflow/venv/lib/python3.10/site-packages/airflow/example_dags/example_python_operator.py
[2024-03-02T09:42:10.711-0300] {processor.py:840} INFO - DAG(s) 'example_python_operator' retrieved from /home/victor/Área de Trabalho/airflow/venv/lib/python3.10/site-packages/airflow/example_dags/example_python_operator.py
[2024-03-02T09:42:10.742-0300] {logging_mixin.py:188} INFO - [2024-03-02T09:42:10.742-0300] {dag.py:3047} INFO - Sync 1 DAGs
[2024-03-02T09:42:10.753-0300] {logging_mixin.py:188} INFO - [2024-03-02T09:42:10.753-0300] {dag.py:3834} INFO - Setting next_dagrun for example_python_operator to None, run_after=None
[2024-03-02T09:42:10.774-0300] {processor.py:183} INFO - Processing /home/victor/Área de Trabalho/airflow/venv/lib/python3.10/site-packages/airflow/example_dags/example_python_operator.py took 0.078 seconds
[2024-03-02T09:42:41.675-0300] {processor.py:161} INFO - Started process (PID=14151) to work on /home/victor/Área de Trabalho/airflow/venv/lib/python3.10/site-packages/airflow/example_dags/example_python_operator.py
[2024-03-02T09:42:41.678-0300] {processor.py:830} INFO - Processing file /home/victor/Área de Trabalho/airflow/venv/lib/python3.10/site-packages/airflow/example_dags/example_python_operator.py for tasks to queue
[2024-03-02T09:42:41.679-0300] {logging_mixin.py:188} INFO - [2024-03-02T09:42:41.678-0300] {dagbag.py:540} INFO - Filling up the DagBag from /home/victor/Área de Trabalho/airflow/venv/lib/python3.10/site-packages/airflow/example_dags/example_python_operator.py
[2024-03-02T09:42:41.693-0300] {processor.py:840} INFO - DAG(s) 'example_python_operator' retrieved from /home/victor/Área de Trabalho/airflow/venv/lib/python3.10/site-packages/airflow/example_dags/example_python_operator.py
[2024-03-02T09:42:41.731-0300] {logging_mixin.py:188} INFO - [2024-03-02T09:42:41.731-0300] {dag.py:3047} INFO - Sync 1 DAGs
[2024-03-02T09:42:41.746-0300] {logging_mixin.py:188} INFO - [2024-03-02T09:42:41.746-0300] {dag.py:3834} INFO - Setting next_dagrun for example_python_operator to None, run_after=None
[2024-03-02T09:42:41.768-0300] {processor.py:183} INFO - Processing /home/victor/Área de Trabalho/airflow/venv/lib/python3.10/site-packages/airflow/example_dags/example_python_operator.py took 0.096 seconds
[2024-03-02T09:43:12.932-0300] {processor.py:161} INFO - Started process (PID=14638) to work on /home/victor/Área de Trabalho/airflow/venv/lib/python3.10/site-packages/airflow/example_dags/example_python_operator.py
[2024-03-02T09:43:12.933-0300] {processor.py:830} INFO - Processing file /home/victor/Área de Trabalho/airflow/venv/lib/python3.10/site-packages/airflow/example_dags/example_python_operator.py for tasks to queue
[2024-03-02T09:43:12.933-0300] {logging_mixin.py:188} INFO - [2024-03-02T09:43:12.933-0300] {dagbag.py:540} INFO - Filling up the DagBag from /home/victor/Área de Trabalho/airflow/venv/lib/python3.10/site-packages/airflow/example_dags/example_python_operator.py
[2024-03-02T09:43:12.943-0300] {processor.py:840} INFO - DAG(s) 'example_python_operator' retrieved from /home/victor/Área de Trabalho/airflow/venv/lib/python3.10/site-packages/airflow/example_dags/example_python_operator.py
[2024-03-02T09:43:12.975-0300] {logging_mixin.py:188} INFO - [2024-03-02T09:43:12.975-0300] {dag.py:3047} INFO - Sync 1 DAGs
[2024-03-02T09:43:12.989-0300] {logging_mixin.py:188} INFO - [2024-03-02T09:43:12.989-0300] {dag.py:3834} INFO - Setting next_dagrun for example_python_operator to None, run_after=None
[2024-03-02T09:43:13.012-0300] {processor.py:183} INFO - Processing /home/victor/Área de Trabalho/airflow/venv/lib/python3.10/site-packages/airflow/example_dags/example_python_operator.py took 0.083 seconds
[2024-03-02T09:43:43.355-0300] {processor.py:161} INFO - Started process (PID=14954) to work on /home/victor/Área de Trabalho/airflow/venv/lib/python3.10/site-packages/airflow/example_dags/example_python_operator.py
[2024-03-02T09:43:43.356-0300] {processor.py:830} INFO - Processing file /home/victor/Área de Trabalho/airflow/venv/lib/python3.10/site-packages/airflow/example_dags/example_python_operator.py for tasks to queue
[2024-03-02T09:43:43.357-0300] {logging_mixin.py:188} INFO - [2024-03-02T09:43:43.357-0300] {dagbag.py:540} INFO - Filling up the DagBag from /home/victor/Área de Trabalho/airflow/venv/lib/python3.10/site-packages/airflow/example_dags/example_python_operator.py
[2024-03-02T09:43:43.367-0300] {processor.py:840} INFO - DAG(s) 'example_python_operator' retrieved from /home/victor/Área de Trabalho/airflow/venv/lib/python3.10/site-packages/airflow/example_dags/example_python_operator.py
[2024-03-02T09:43:43.401-0300] {logging_mixin.py:188} INFO - [2024-03-02T09:43:43.400-0300] {dag.py:3047} INFO - Sync 1 DAGs
[2024-03-02T09:43:43.413-0300] {logging_mixin.py:188} INFO - [2024-03-02T09:43:43.412-0300] {dag.py:3834} INFO - Setting next_dagrun for example_python_operator to None, run_after=None
[2024-03-02T09:43:43.433-0300] {processor.py:183} INFO - Processing /home/victor/Área de Trabalho/airflow/venv/lib/python3.10/site-packages/airflow/example_dags/example_python_operator.py took 0.081 seconds
[2024-03-02T09:44:14.949-0300] {processor.py:161} INFO - Started process (PID=15444) to work on /home/victor/Área de Trabalho/airflow/venv/lib/python3.10/site-packages/airflow/example_dags/example_python_operator.py
[2024-03-02T09:44:14.951-0300] {processor.py:830} INFO - Processing file /home/victor/Área de Trabalho/airflow/venv/lib/python3.10/site-packages/airflow/example_dags/example_python_operator.py for tasks to queue
[2024-03-02T09:44:14.952-0300] {logging_mixin.py:188} INFO - [2024-03-02T09:44:14.951-0300] {dagbag.py:540} INFO - Filling up the DagBag from /home/victor/Área de Trabalho/airflow/venv/lib/python3.10/site-packages/airflow/example_dags/example_python_operator.py
[2024-03-02T09:44:14.962-0300] {processor.py:840} INFO - DAG(s) 'example_python_operator' retrieved from /home/victor/Área de Trabalho/airflow/venv/lib/python3.10/site-packages/airflow/example_dags/example_python_operator.py
[2024-03-02T09:44:14.996-0300] {logging_mixin.py:188} INFO - [2024-03-02T09:44:14.996-0300] {dag.py:3047} INFO - Sync 1 DAGs
[2024-03-02T09:44:15.010-0300] {logging_mixin.py:188} INFO - [2024-03-02T09:44:15.010-0300] {dag.py:3834} INFO - Setting next_dagrun for example_python_operator to None, run_after=None
[2024-03-02T09:44:15.031-0300] {processor.py:183} INFO - Processing /home/victor/Área de Trabalho/airflow/venv/lib/python3.10/site-packages/airflow/example_dags/example_python_operator.py took 0.085 seconds
[2024-03-02T09:44:45.671-0300] {processor.py:161} INFO - Started process (PID=15767) to work on /home/victor/Área de Trabalho/airflow/venv/lib/python3.10/site-packages/airflow/example_dags/example_python_operator.py
[2024-03-02T09:44:45.672-0300] {processor.py:830} INFO - Processing file /home/victor/Área de Trabalho/airflow/venv/lib/python3.10/site-packages/airflow/example_dags/example_python_operator.py for tasks to queue
[2024-03-02T09:44:45.673-0300] {logging_mixin.py:188} INFO - [2024-03-02T09:44:45.673-0300] {dagbag.py:540} INFO - Filling up the DagBag from /home/victor/Área de Trabalho/airflow/venv/lib/python3.10/site-packages/airflow/example_dags/example_python_operator.py
[2024-03-02T09:44:45.682-0300] {processor.py:840} INFO - DAG(s) 'example_python_operator' retrieved from /home/victor/Área de Trabalho/airflow/venv/lib/python3.10/site-packages/airflow/example_dags/example_python_operator.py
[2024-03-02T09:44:45.714-0300] {logging_mixin.py:188} INFO - [2024-03-02T09:44:45.713-0300] {dag.py:3047} INFO - Sync 1 DAGs
[2024-03-02T09:44:45.728-0300] {logging_mixin.py:188} INFO - [2024-03-02T09:44:45.728-0300] {dag.py:3834} INFO - Setting next_dagrun for example_python_operator to None, run_after=None
[2024-03-02T09:44:45.750-0300] {processor.py:183} INFO - Processing /home/victor/Área de Trabalho/airflow/venv/lib/python3.10/site-packages/airflow/example_dags/example_python_operator.py took 0.081 seconds
[2024-03-02T09:45:16.882-0300] {processor.py:161} INFO - Started process (PID=16252) to work on /home/victor/Área de Trabalho/airflow/venv/lib/python3.10/site-packages/airflow/example_dags/example_python_operator.py
[2024-03-02T09:45:16.885-0300] {processor.py:830} INFO - Processing file /home/victor/Área de Trabalho/airflow/venv/lib/python3.10/site-packages/airflow/example_dags/example_python_operator.py for tasks to queue
[2024-03-02T09:45:16.886-0300] {logging_mixin.py:188} INFO - [2024-03-02T09:45:16.886-0300] {dagbag.py:540} INFO - Filling up the DagBag from /home/victor/Área de Trabalho/airflow/venv/lib/python3.10/site-packages/airflow/example_dags/example_python_operator.py
[2024-03-02T09:45:16.898-0300] {processor.py:840} INFO - DAG(s) 'example_python_operator' retrieved from /home/victor/Área de Trabalho/airflow/venv/lib/python3.10/site-packages/airflow/example_dags/example_python_operator.py
[2024-03-02T09:45:16.932-0300] {logging_mixin.py:188} INFO - [2024-03-02T09:45:16.932-0300] {dag.py:3047} INFO - Sync 1 DAGs
[2024-03-02T09:45:16.946-0300] {logging_mixin.py:188} INFO - [2024-03-02T09:45:16.946-0300] {dag.py:3834} INFO - Setting next_dagrun for example_python_operator to None, run_after=None
[2024-03-02T09:45:16.967-0300] {processor.py:183} INFO - Processing /home/victor/Área de Trabalho/airflow/venv/lib/python3.10/site-packages/airflow/example_dags/example_python_operator.py took 0.089 seconds
[2024-03-02T09:45:47.420-0300] {processor.py:161} INFO - Started process (PID=16759) to work on /home/victor/Área de Trabalho/airflow/venv/lib/python3.10/site-packages/airflow/example_dags/example_python_operator.py
[2024-03-02T09:45:47.420-0300] {processor.py:830} INFO - Processing file /home/victor/Área de Trabalho/airflow/venv/lib/python3.10/site-packages/airflow/example_dags/example_python_operator.py for tasks to queue
[2024-03-02T09:45:47.421-0300] {logging_mixin.py:188} INFO - [2024-03-02T09:45:47.421-0300] {dagbag.py:540} INFO - Filling up the DagBag from /home/victor/Área de Trabalho/airflow/venv/lib/python3.10/site-packages/airflow/example_dags/example_python_operator.py
[2024-03-02T09:45:47.431-0300] {processor.py:840} INFO - DAG(s) 'example_python_operator' retrieved from /home/victor/Área de Trabalho/airflow/venv/lib/python3.10/site-packages/airflow/example_dags/example_python_operator.py
[2024-03-02T09:45:47.463-0300] {logging_mixin.py:188} INFO - [2024-03-02T09:45:47.462-0300] {dag.py:3047} INFO - Sync 1 DAGs
[2024-03-02T09:45:47.478-0300] {logging_mixin.py:188} INFO - [2024-03-02T09:45:47.477-0300] {dag.py:3834} INFO - Setting next_dagrun for example_python_operator to None, run_after=None
[2024-03-02T09:45:47.499-0300] {processor.py:183} INFO - Processing /home/victor/Área de Trabalho/airflow/venv/lib/python3.10/site-packages/airflow/example_dags/example_python_operator.py took 0.082 seconds
[2024-03-02T09:46:19.282-0300] {processor.py:161} INFO - Started process (PID=17242) to work on /home/victor/Área de Trabalho/airflow/venv/lib/python3.10/site-packages/airflow/example_dags/example_python_operator.py
[2024-03-02T09:46:19.283-0300] {processor.py:830} INFO - Processing file /home/victor/Área de Trabalho/airflow/venv/lib/python3.10/site-packages/airflow/example_dags/example_python_operator.py for tasks to queue
[2024-03-02T09:46:19.284-0300] {logging_mixin.py:188} INFO - [2024-03-02T09:46:19.283-0300] {dagbag.py:540} INFO - Filling up the DagBag from /home/victor/Área de Trabalho/airflow/venv/lib/python3.10/site-packages/airflow/example_dags/example_python_operator.py
[2024-03-02T09:46:19.293-0300] {processor.py:840} INFO - DAG(s) 'example_python_operator' retrieved from /home/victor/Área de Trabalho/airflow/venv/lib/python3.10/site-packages/airflow/example_dags/example_python_operator.py
[2024-03-02T09:46:19.323-0300] {logging_mixin.py:188} INFO - [2024-03-02T09:46:19.323-0300] {dag.py:3047} INFO - Sync 1 DAGs
[2024-03-02T09:46:19.336-0300] {logging_mixin.py:188} INFO - [2024-03-02T09:46:19.335-0300] {dag.py:3834} INFO - Setting next_dagrun for example_python_operator to None, run_after=None
[2024-03-02T09:46:19.359-0300] {processor.py:183} INFO - Processing /home/victor/Área de Trabalho/airflow/venv/lib/python3.10/site-packages/airflow/example_dags/example_python_operator.py took 0.080 seconds
[2024-03-02T09:46:49.715-0300] {processor.py:161} INFO - Started process (PID=17565) to work on /home/victor/Área de Trabalho/airflow/venv/lib/python3.10/site-packages/airflow/example_dags/example_python_operator.py
[2024-03-02T09:46:49.716-0300] {processor.py:830} INFO - Processing file /home/victor/Área de Trabalho/airflow/venv/lib/python3.10/site-packages/airflow/example_dags/example_python_operator.py for tasks to queue
[2024-03-02T09:46:49.717-0300] {logging_mixin.py:188} INFO - [2024-03-02T09:46:49.716-0300] {dagbag.py:540} INFO - Filling up the DagBag from /home/victor/Área de Trabalho/airflow/venv/lib/python3.10/site-packages/airflow/example_dags/example_python_operator.py
[2024-03-02T09:46:49.729-0300] {processor.py:840} INFO - DAG(s) 'example_python_operator' retrieved from /home/victor/Área de Trabalho/airflow/venv/lib/python3.10/site-packages/airflow/example_dags/example_python_operator.py
[2024-03-02T09:46:49.756-0300] {logging_mixin.py:188} INFO - [2024-03-02T09:46:49.756-0300] {dag.py:3047} INFO - Sync 1 DAGs
[2024-03-02T09:46:49.768-0300] {logging_mixin.py:188} INFO - [2024-03-02T09:46:49.767-0300] {dag.py:3834} INFO - Setting next_dagrun for example_python_operator to None, run_after=None
[2024-03-02T09:46:49.788-0300] {processor.py:183} INFO - Processing /home/victor/Área de Trabalho/airflow/venv/lib/python3.10/site-packages/airflow/example_dags/example_python_operator.py took 0.076 seconds
[2024-03-02T09:47:20.741-0300] {processor.py:161} INFO - Started process (PID=18222) to work on /home/victor/Área de Trabalho/airflow/venv/lib/python3.10/site-packages/airflow/example_dags/example_python_operator.py
[2024-03-02T09:47:20.742-0300] {processor.py:830} INFO - Processing file /home/victor/Área de Trabalho/airflow/venv/lib/python3.10/site-packages/airflow/example_dags/example_python_operator.py for tasks to queue
[2024-03-02T09:47:20.743-0300] {logging_mixin.py:188} INFO - [2024-03-02T09:47:20.742-0300] {dagbag.py:540} INFO - Filling up the DagBag from /home/victor/Área de Trabalho/airflow/venv/lib/python3.10/site-packages/airflow/example_dags/example_python_operator.py
[2024-03-02T09:47:20.751-0300] {processor.py:840} INFO - DAG(s) 'example_python_operator' retrieved from /home/victor/Área de Trabalho/airflow/venv/lib/python3.10/site-packages/airflow/example_dags/example_python_operator.py
[2024-03-02T09:47:20.778-0300] {logging_mixin.py:188} INFO - [2024-03-02T09:47:20.778-0300] {dag.py:3047} INFO - Sync 1 DAGs
[2024-03-02T09:47:20.791-0300] {logging_mixin.py:188} INFO - [2024-03-02T09:47:20.791-0300] {dag.py:3834} INFO - Setting next_dagrun for example_python_operator to None, run_after=None
[2024-03-02T09:47:20.812-0300] {processor.py:183} INFO - Processing /home/victor/Área de Trabalho/airflow/venv/lib/python3.10/site-packages/airflow/example_dags/example_python_operator.py took 0.074 seconds
[2024-03-02T09:47:51.439-0300] {processor.py:161} INFO - Started process (PID=18545) to work on /home/victor/Área de Trabalho/airflow/venv/lib/python3.10/site-packages/airflow/example_dags/example_python_operator.py
[2024-03-02T09:47:51.440-0300] {processor.py:830} INFO - Processing file /home/victor/Área de Trabalho/airflow/venv/lib/python3.10/site-packages/airflow/example_dags/example_python_operator.py for tasks to queue
[2024-03-02T09:47:51.440-0300] {logging_mixin.py:188} INFO - [2024-03-02T09:47:51.440-0300] {dagbag.py:540} INFO - Filling up the DagBag from /home/victor/Área de Trabalho/airflow/venv/lib/python3.10/site-packages/airflow/example_dags/example_python_operator.py
[2024-03-02T09:47:51.449-0300] {processor.py:840} INFO - DAG(s) 'example_python_operator' retrieved from /home/victor/Área de Trabalho/airflow/venv/lib/python3.10/site-packages/airflow/example_dags/example_python_operator.py
[2024-03-02T09:47:51.477-0300] {logging_mixin.py:188} INFO - [2024-03-02T09:47:51.477-0300] {dag.py:3047} INFO - Sync 1 DAGs
[2024-03-02T09:47:51.488-0300] {logging_mixin.py:188} INFO - [2024-03-02T09:47:51.488-0300] {dag.py:3834} INFO - Setting next_dagrun for example_python_operator to None, run_after=None
[2024-03-02T09:47:51.509-0300] {processor.py:183} INFO - Processing /home/victor/Área de Trabalho/airflow/venv/lib/python3.10/site-packages/airflow/example_dags/example_python_operator.py took 0.074 seconds
[2024-03-02T09:48:22.012-0300] {processor.py:161} INFO - Started process (PID=19030) to work on /home/victor/Área de Trabalho/airflow/venv/lib/python3.10/site-packages/airflow/example_dags/example_python_operator.py
[2024-03-02T09:48:22.013-0300] {processor.py:830} INFO - Processing file /home/victor/Área de Trabalho/airflow/venv/lib/python3.10/site-packages/airflow/example_dags/example_python_operator.py for tasks to queue
[2024-03-02T09:48:22.013-0300] {logging_mixin.py:188} INFO - [2024-03-02T09:48:22.013-0300] {dagbag.py:540} INFO - Filling up the DagBag from /home/victor/Área de Trabalho/airflow/venv/lib/python3.10/site-packages/airflow/example_dags/example_python_operator.py
[2024-03-02T09:48:22.024-0300] {processor.py:840} INFO - DAG(s) 'example_python_operator' retrieved from /home/victor/Área de Trabalho/airflow/venv/lib/python3.10/site-packages/airflow/example_dags/example_python_operator.py
[2024-03-02T09:48:22.052-0300] {logging_mixin.py:188} INFO - [2024-03-02T09:48:22.052-0300] {dag.py:3047} INFO - Sync 1 DAGs
[2024-03-02T09:48:22.064-0300] {logging_mixin.py:188} INFO - [2024-03-02T09:48:22.064-0300] {dag.py:3834} INFO - Setting next_dagrun for example_python_operator to None, run_after=None
[2024-03-02T09:48:22.085-0300] {processor.py:183} INFO - Processing /home/victor/Área de Trabalho/airflow/venv/lib/python3.10/site-packages/airflow/example_dags/example_python_operator.py took 0.076 seconds
[2024-03-02T09:48:52.942-0300] {processor.py:161} INFO - Started process (PID=19373) to work on /home/victor/Área de Trabalho/airflow/venv/lib/python3.10/site-packages/airflow/example_dags/example_python_operator.py
[2024-03-02T09:48:52.943-0300] {processor.py:830} INFO - Processing file /home/victor/Área de Trabalho/airflow/venv/lib/python3.10/site-packages/airflow/example_dags/example_python_operator.py for tasks to queue
[2024-03-02T09:48:52.944-0300] {logging_mixin.py:188} INFO - [2024-03-02T09:48:52.944-0300] {dagbag.py:540} INFO - Filling up the DagBag from /home/victor/Área de Trabalho/airflow/venv/lib/python3.10/site-packages/airflow/example_dags/example_python_operator.py
[2024-03-02T09:48:52.954-0300] {processor.py:840} INFO - DAG(s) 'example_python_operator' retrieved from /home/victor/Área de Trabalho/airflow/venv/lib/python3.10/site-packages/airflow/example_dags/example_python_operator.py
[2024-03-02T09:48:52.991-0300] {logging_mixin.py:188} INFO - [2024-03-02T09:48:52.991-0300] {dag.py:3047} INFO - Sync 1 DAGs
[2024-03-02T09:48:53.007-0300] {logging_mixin.py:188} INFO - [2024-03-02T09:48:53.007-0300] {dag.py:3834} INFO - Setting next_dagrun for example_python_operator to None, run_after=None
[2024-03-02T09:48:53.028-0300] {processor.py:183} INFO - Processing /home/victor/Área de Trabalho/airflow/venv/lib/python3.10/site-packages/airflow/example_dags/example_python_operator.py took 0.090 seconds
[2024-03-02T09:49:23.638-0300] {processor.py:161} INFO - Started process (PID=19855) to work on /home/victor/Área de Trabalho/airflow/venv/lib/python3.10/site-packages/airflow/example_dags/example_python_operator.py
[2024-03-02T09:49:23.639-0300] {processor.py:830} INFO - Processing file /home/victor/Área de Trabalho/airflow/venv/lib/python3.10/site-packages/airflow/example_dags/example_python_operator.py for tasks to queue
[2024-03-02T09:49:23.640-0300] {logging_mixin.py:188} INFO - [2024-03-02T09:49:23.639-0300] {dagbag.py:540} INFO - Filling up the DagBag from /home/victor/Área de Trabalho/airflow/venv/lib/python3.10/site-packages/airflow/example_dags/example_python_operator.py
[2024-03-02T09:49:23.656-0300] {processor.py:840} INFO - DAG(s) 'example_python_operator' retrieved from /home/victor/Área de Trabalho/airflow/venv/lib/python3.10/site-packages/airflow/example_dags/example_python_operator.py
[2024-03-02T09:49:23.689-0300] {logging_mixin.py:188} INFO - [2024-03-02T09:49:23.688-0300] {dag.py:3047} INFO - Sync 1 DAGs
[2024-03-02T09:49:23.705-0300] {logging_mixin.py:188} INFO - [2024-03-02T09:49:23.705-0300] {dag.py:3834} INFO - Setting next_dagrun for example_python_operator to None, run_after=None
[2024-03-02T09:49:23.726-0300] {processor.py:183} INFO - Processing /home/victor/Área de Trabalho/airflow/venv/lib/python3.10/site-packages/airflow/example_dags/example_python_operator.py took 0.090 seconds
[2024-03-02T09:49:54.384-0300] {processor.py:161} INFO - Started process (PID=20178) to work on /home/victor/Área de Trabalho/airflow/venv/lib/python3.10/site-packages/airflow/example_dags/example_python_operator.py
[2024-03-02T09:49:54.385-0300] {processor.py:830} INFO - Processing file /home/victor/Área de Trabalho/airflow/venv/lib/python3.10/site-packages/airflow/example_dags/example_python_operator.py for tasks to queue
[2024-03-02T09:49:54.386-0300] {logging_mixin.py:188} INFO - [2024-03-02T09:49:54.385-0300] {dagbag.py:540} INFO - Filling up the DagBag from /home/victor/Área de Trabalho/airflow/venv/lib/python3.10/site-packages/airflow/example_dags/example_python_operator.py
[2024-03-02T09:49:54.394-0300] {processor.py:840} INFO - DAG(s) 'example_python_operator' retrieved from /home/victor/Área de Trabalho/airflow/venv/lib/python3.10/site-packages/airflow/example_dags/example_python_operator.py
[2024-03-02T09:49:54.426-0300] {logging_mixin.py:188} INFO - [2024-03-02T09:49:54.426-0300] {dag.py:3047} INFO - Sync 1 DAGs
[2024-03-02T09:49:54.440-0300] {logging_mixin.py:188} INFO - [2024-03-02T09:49:54.440-0300] {dag.py:3834} INFO - Setting next_dagrun for example_python_operator to None, run_after=None
[2024-03-02T09:49:54.462-0300] {processor.py:183} INFO - Processing /home/victor/Área de Trabalho/airflow/venv/lib/python3.10/site-packages/airflow/example_dags/example_python_operator.py took 0.082 seconds
[2024-03-02T09:50:24.866-0300] {processor.py:161} INFO - Started process (PID=20659) to work on /home/victor/Área de Trabalho/airflow/venv/lib/python3.10/site-packages/airflow/example_dags/example_python_operator.py
[2024-03-02T09:50:24.867-0300] {processor.py:830} INFO - Processing file /home/victor/Área de Trabalho/airflow/venv/lib/python3.10/site-packages/airflow/example_dags/example_python_operator.py for tasks to queue
[2024-03-02T09:50:24.868-0300] {logging_mixin.py:188} INFO - [2024-03-02T09:50:24.868-0300] {dagbag.py:540} INFO - Filling up the DagBag from /home/victor/Área de Trabalho/airflow/venv/lib/python3.10/site-packages/airflow/example_dags/example_python_operator.py
[2024-03-02T09:50:24.877-0300] {processor.py:840} INFO - DAG(s) 'example_python_operator' retrieved from /home/victor/Área de Trabalho/airflow/venv/lib/python3.10/site-packages/airflow/example_dags/example_python_operator.py
[2024-03-02T09:50:24.905-0300] {logging_mixin.py:188} INFO - [2024-03-02T09:50:24.905-0300] {dag.py:3047} INFO - Sync 1 DAGs
[2024-03-02T09:50:24.915-0300] {logging_mixin.py:188} INFO - [2024-03-02T09:50:24.915-0300] {dag.py:3834} INFO - Setting next_dagrun for example_python_operator to None, run_after=None
[2024-03-02T09:50:24.932-0300] {processor.py:183} INFO - Processing /home/victor/Área de Trabalho/airflow/venv/lib/python3.10/site-packages/airflow/example_dags/example_python_operator.py took 0.069 seconds
[2024-03-02T09:50:56.459-0300] {processor.py:161} INFO - Started process (PID=21017) to work on /home/victor/Área de Trabalho/airflow/venv/lib/python3.10/site-packages/airflow/example_dags/example_python_operator.py
[2024-03-02T09:50:56.460-0300] {processor.py:830} INFO - Processing file /home/victor/Área de Trabalho/airflow/venv/lib/python3.10/site-packages/airflow/example_dags/example_python_operator.py for tasks to queue
[2024-03-02T09:50:56.461-0300] {logging_mixin.py:188} INFO - [2024-03-02T09:50:56.460-0300] {dagbag.py:540} INFO - Filling up the DagBag from /home/victor/Área de Trabalho/airflow/venv/lib/python3.10/site-packages/airflow/example_dags/example_python_operator.py
[2024-03-02T09:50:56.470-0300] {processor.py:840} INFO - DAG(s) 'example_python_operator' retrieved from /home/victor/Área de Trabalho/airflow/venv/lib/python3.10/site-packages/airflow/example_dags/example_python_operator.py
[2024-03-02T09:50:56.500-0300] {logging_mixin.py:188} INFO - [2024-03-02T09:50:56.500-0300] {dag.py:3047} INFO - Sync 1 DAGs
[2024-03-02T09:50:56.515-0300] {logging_mixin.py:188} INFO - [2024-03-02T09:50:56.514-0300] {dag.py:3834} INFO - Setting next_dagrun for example_python_operator to None, run_after=None
[2024-03-02T09:50:56.533-0300] {processor.py:183} INFO - Processing /home/victor/Área de Trabalho/airflow/venv/lib/python3.10/site-packages/airflow/example_dags/example_python_operator.py took 0.077 seconds
[2024-03-02T09:51:27.044-0300] {processor.py:161} INFO - Started process (PID=21497) to work on /home/victor/Área de Trabalho/airflow/venv/lib/python3.10/site-packages/airflow/example_dags/example_python_operator.py
[2024-03-02T09:51:27.044-0300] {processor.py:830} INFO - Processing file /home/victor/Área de Trabalho/airflow/venv/lib/python3.10/site-packages/airflow/example_dags/example_python_operator.py for tasks to queue
[2024-03-02T09:51:27.045-0300] {logging_mixin.py:188} INFO - [2024-03-02T09:51:27.045-0300] {dagbag.py:540} INFO - Filling up the DagBag from /home/victor/Área de Trabalho/airflow/venv/lib/python3.10/site-packages/airflow/example_dags/example_python_operator.py
[2024-03-02T09:51:27.055-0300] {processor.py:840} INFO - DAG(s) 'example_python_operator' retrieved from /home/victor/Área de Trabalho/airflow/venv/lib/python3.10/site-packages/airflow/example_dags/example_python_operator.py
[2024-03-02T09:51:27.085-0300] {logging_mixin.py:188} INFO - [2024-03-02T09:51:27.085-0300] {dag.py:3047} INFO - Sync 1 DAGs
[2024-03-02T09:51:27.096-0300] {logging_mixin.py:188} INFO - [2024-03-02T09:51:27.096-0300] {dag.py:3834} INFO - Setting next_dagrun for example_python_operator to None, run_after=None
[2024-03-02T09:51:27.118-0300] {processor.py:183} INFO - Processing /home/victor/Área de Trabalho/airflow/venv/lib/python3.10/site-packages/airflow/example_dags/example_python_operator.py took 0.077 seconds
[2024-03-02T09:51:57.792-0300] {processor.py:161} INFO - Started process (PID=21849) to work on /home/victor/Área de Trabalho/airflow/venv/lib/python3.10/site-packages/airflow/example_dags/example_python_operator.py
[2024-03-02T09:51:57.793-0300] {processor.py:830} INFO - Processing file /home/victor/Área de Trabalho/airflow/venv/lib/python3.10/site-packages/airflow/example_dags/example_python_operator.py for tasks to queue
[2024-03-02T09:51:57.794-0300] {logging_mixin.py:188} INFO - [2024-03-02T09:51:57.794-0300] {dagbag.py:540} INFO - Filling up the DagBag from /home/victor/Área de Trabalho/airflow/venv/lib/python3.10/site-packages/airflow/example_dags/example_python_operator.py
[2024-03-02T09:51:57.804-0300] {processor.py:840} INFO - DAG(s) 'example_python_operator' retrieved from /home/victor/Área de Trabalho/airflow/venv/lib/python3.10/site-packages/airflow/example_dags/example_python_operator.py
[2024-03-02T09:51:57.834-0300] {logging_mixin.py:188} INFO - [2024-03-02T09:51:57.834-0300] {dag.py:3047} INFO - Sync 1 DAGs
[2024-03-02T09:51:57.849-0300] {logging_mixin.py:188} INFO - [2024-03-02T09:51:57.848-0300] {dag.py:3834} INFO - Setting next_dagrun for example_python_operator to None, run_after=None
[2024-03-02T09:51:57.867-0300] {processor.py:183} INFO - Processing /home/victor/Área de Trabalho/airflow/venv/lib/python3.10/site-packages/airflow/example_dags/example_python_operator.py took 0.078 seconds
[2024-03-02T09:52:28.479-0300] {processor.py:161} INFO - Started process (PID=22464) to work on /home/victor/Área de Trabalho/airflow/venv/lib/python3.10/site-packages/airflow/example_dags/example_python_operator.py
[2024-03-02T09:52:28.480-0300] {processor.py:830} INFO - Processing file /home/victor/Área de Trabalho/airflow/venv/lib/python3.10/site-packages/airflow/example_dags/example_python_operator.py for tasks to queue
[2024-03-02T09:52:28.481-0300] {logging_mixin.py:188} INFO - [2024-03-02T09:52:28.481-0300] {dagbag.py:540} INFO - Filling up the DagBag from /home/victor/Área de Trabalho/airflow/venv/lib/python3.10/site-packages/airflow/example_dags/example_python_operator.py
[2024-03-02T09:52:28.491-0300] {processor.py:840} INFO - DAG(s) 'example_python_operator' retrieved from /home/victor/Área de Trabalho/airflow/venv/lib/python3.10/site-packages/airflow/example_dags/example_python_operator.py
[2024-03-02T09:52:28.518-0300] {logging_mixin.py:188} INFO - [2024-03-02T09:52:28.518-0300] {dag.py:3047} INFO - Sync 1 DAGs
[2024-03-02T09:52:28.529-0300] {logging_mixin.py:188} INFO - [2024-03-02T09:52:28.529-0300] {dag.py:3834} INFO - Setting next_dagrun for example_python_operator to None, run_after=None
[2024-03-02T09:52:28.548-0300] {processor.py:183} INFO - Processing /home/victor/Área de Trabalho/airflow/venv/lib/python3.10/site-packages/airflow/example_dags/example_python_operator.py took 0.072 seconds
[2024-03-02T09:52:59.035-0300] {processor.py:161} INFO - Started process (PID=22847) to work on /home/victor/Área de Trabalho/airflow/venv/lib/python3.10/site-packages/airflow/example_dags/example_python_operator.py
[2024-03-02T09:52:59.036-0300] {processor.py:830} INFO - Processing file /home/victor/Área de Trabalho/airflow/venv/lib/python3.10/site-packages/airflow/example_dags/example_python_operator.py for tasks to queue
[2024-03-02T09:52:59.037-0300] {logging_mixin.py:188} INFO - [2024-03-02T09:52:59.037-0300] {dagbag.py:540} INFO - Filling up the DagBag from /home/victor/Área de Trabalho/airflow/venv/lib/python3.10/site-packages/airflow/example_dags/example_python_operator.py
[2024-03-02T09:52:59.046-0300] {processor.py:840} INFO - DAG(s) 'example_python_operator' retrieved from /home/victor/Área de Trabalho/airflow/venv/lib/python3.10/site-packages/airflow/example_dags/example_python_operator.py
[2024-03-02T09:52:59.077-0300] {logging_mixin.py:188} INFO - [2024-03-02T09:52:59.077-0300] {dag.py:3047} INFO - Sync 1 DAGs
[2024-03-02T09:52:59.090-0300] {logging_mixin.py:188} INFO - [2024-03-02T09:52:59.090-0300] {dag.py:3834} INFO - Setting next_dagrun for example_python_operator to None, run_after=None
[2024-03-02T09:52:59.111-0300] {processor.py:183} INFO - Processing /home/victor/Área de Trabalho/airflow/venv/lib/python3.10/site-packages/airflow/example_dags/example_python_operator.py took 0.079 seconds
[2024-03-02T09:53:29.522-0300] {processor.py:161} INFO - Started process (PID=23270) to work on /home/victor/Área de Trabalho/airflow/venv/lib/python3.10/site-packages/airflow/example_dags/example_python_operator.py
[2024-03-02T09:53:29.523-0300] {processor.py:830} INFO - Processing file /home/victor/Área de Trabalho/airflow/venv/lib/python3.10/site-packages/airflow/example_dags/example_python_operator.py for tasks to queue
[2024-03-02T09:53:29.524-0300] {logging_mixin.py:188} INFO - [2024-03-02T09:53:29.524-0300] {dagbag.py:540} INFO - Filling up the DagBag from /home/victor/Área de Trabalho/airflow/venv/lib/python3.10/site-packages/airflow/example_dags/example_python_operator.py
[2024-03-02T09:53:29.533-0300] {processor.py:840} INFO - DAG(s) 'example_python_operator' retrieved from /home/victor/Área de Trabalho/airflow/venv/lib/python3.10/site-packages/airflow/example_dags/example_python_operator.py
[2024-03-02T09:53:29.563-0300] {logging_mixin.py:188} INFO - [2024-03-02T09:53:29.563-0300] {dag.py:3047} INFO - Sync 1 DAGs
[2024-03-02T09:53:29.575-0300] {logging_mixin.py:188} INFO - [2024-03-02T09:53:29.574-0300] {dag.py:3834} INFO - Setting next_dagrun for example_python_operator to None, run_after=None
[2024-03-02T09:53:29.599-0300] {processor.py:183} INFO - Processing /home/victor/Área de Trabalho/airflow/venv/lib/python3.10/site-packages/airflow/example_dags/example_python_operator.py took 0.079 seconds
[2024-03-02T09:54:00.315-0300] {processor.py:161} INFO - Started process (PID=23752) to work on /home/victor/Área de Trabalho/airflow/venv/lib/python3.10/site-packages/airflow/example_dags/example_python_operator.py
[2024-03-02T09:54:00.316-0300] {processor.py:830} INFO - Processing file /home/victor/Área de Trabalho/airflow/venv/lib/python3.10/site-packages/airflow/example_dags/example_python_operator.py for tasks to queue
[2024-03-02T09:54:00.317-0300] {logging_mixin.py:188} INFO - [2024-03-02T09:54:00.317-0300] {dagbag.py:540} INFO - Filling up the DagBag from /home/victor/Área de Trabalho/airflow/venv/lib/python3.10/site-packages/airflow/example_dags/example_python_operator.py
[2024-03-02T09:54:00.326-0300] {processor.py:840} INFO - DAG(s) 'example_python_operator' retrieved from /home/victor/Área de Trabalho/airflow/venv/lib/python3.10/site-packages/airflow/example_dags/example_python_operator.py
[2024-03-02T09:54:00.354-0300] {logging_mixin.py:188} INFO - [2024-03-02T09:54:00.354-0300] {dag.py:3047} INFO - Sync 1 DAGs
[2024-03-02T09:54:00.365-0300] {logging_mixin.py:188} INFO - [2024-03-02T09:54:00.365-0300] {dag.py:3834} INFO - Setting next_dagrun for example_python_operator to None, run_after=None
[2024-03-02T09:54:00.387-0300] {processor.py:183} INFO - Processing /home/victor/Área de Trabalho/airflow/venv/lib/python3.10/site-packages/airflow/example_dags/example_python_operator.py took 0.075 seconds
[2024-03-02T09:54:31.397-0300] {processor.py:161} INFO - Started process (PID=24236) to work on /home/victor/Área de Trabalho/airflow/venv/lib/python3.10/site-packages/airflow/example_dags/example_python_operator.py
[2024-03-02T09:54:31.397-0300] {processor.py:830} INFO - Processing file /home/victor/Área de Trabalho/airflow/venv/lib/python3.10/site-packages/airflow/example_dags/example_python_operator.py for tasks to queue
[2024-03-02T09:54:31.398-0300] {logging_mixin.py:188} INFO - [2024-03-02T09:54:31.398-0300] {dagbag.py:540} INFO - Filling up the DagBag from /home/victor/Área de Trabalho/airflow/venv/lib/python3.10/site-packages/airflow/example_dags/example_python_operator.py
[2024-03-02T09:54:31.409-0300] {processor.py:840} INFO - DAG(s) 'example_python_operator' retrieved from /home/victor/Área de Trabalho/airflow/venv/lib/python3.10/site-packages/airflow/example_dags/example_python_operator.py
[2024-03-02T09:54:31.440-0300] {logging_mixin.py:188} INFO - [2024-03-02T09:54:31.440-0300] {dag.py:3047} INFO - Sync 1 DAGs
[2024-03-02T09:54:31.454-0300] {logging_mixin.py:188} INFO - [2024-03-02T09:54:31.453-0300] {dag.py:3834} INFO - Setting next_dagrun for example_python_operator to None, run_after=None
[2024-03-02T09:54:31.477-0300] {processor.py:183} INFO - Processing /home/victor/Área de Trabalho/airflow/venv/lib/python3.10/site-packages/airflow/example_dags/example_python_operator.py took 0.083 seconds
[2024-03-02T09:55:01.909-0300] {processor.py:161} INFO - Started process (PID=24800) to work on /home/victor/Área de Trabalho/airflow/venv/lib/python3.10/site-packages/airflow/example_dags/example_python_operator.py
[2024-03-02T09:55:01.910-0300] {processor.py:830} INFO - Processing file /home/victor/Área de Trabalho/airflow/venv/lib/python3.10/site-packages/airflow/example_dags/example_python_operator.py for tasks to queue
[2024-03-02T09:55:01.911-0300] {logging_mixin.py:188} INFO - [2024-03-02T09:55:01.910-0300] {dagbag.py:540} INFO - Filling up the DagBag from /home/victor/Área de Trabalho/airflow/venv/lib/python3.10/site-packages/airflow/example_dags/example_python_operator.py
[2024-03-02T09:55:01.923-0300] {processor.py:840} INFO - DAG(s) 'example_python_operator' retrieved from /home/victor/Área de Trabalho/airflow/venv/lib/python3.10/site-packages/airflow/example_dags/example_python_operator.py
[2024-03-02T09:55:01.953-0300] {logging_mixin.py:188} INFO - [2024-03-02T09:55:01.952-0300] {dag.py:3047} INFO - Sync 1 DAGs
[2024-03-02T09:55:01.966-0300] {logging_mixin.py:188} INFO - [2024-03-02T09:55:01.965-0300] {dag.py:3834} INFO - Setting next_dagrun for example_python_operator to None, run_after=None
[2024-03-02T09:55:01.989-0300] {processor.py:183} INFO - Processing /home/victor/Área de Trabalho/airflow/venv/lib/python3.10/site-packages/airflow/example_dags/example_python_operator.py took 0.082 seconds
[2024-03-02T09:55:32.667-0300] {processor.py:161} INFO - Started process (PID=25267) to work on /home/victor/Área de Trabalho/airflow/venv/lib/python3.10/site-packages/airflow/example_dags/example_python_operator.py
[2024-03-02T09:55:32.668-0300] {processor.py:830} INFO - Processing file /home/victor/Área de Trabalho/airflow/venv/lib/python3.10/site-packages/airflow/example_dags/example_python_operator.py for tasks to queue
[2024-03-02T09:55:32.670-0300] {logging_mixin.py:188} INFO - [2024-03-02T09:55:32.669-0300] {dagbag.py:540} INFO - Filling up the DagBag from /home/victor/Área de Trabalho/airflow/venv/lib/python3.10/site-packages/airflow/example_dags/example_python_operator.py
[2024-03-02T09:55:32.683-0300] {processor.py:840} INFO - DAG(s) 'example_python_operator' retrieved from /home/victor/Área de Trabalho/airflow/venv/lib/python3.10/site-packages/airflow/example_dags/example_python_operator.py
[2024-03-02T09:55:32.721-0300] {logging_mixin.py:188} INFO - [2024-03-02T09:55:32.720-0300] {dag.py:3047} INFO - Sync 1 DAGs
[2024-03-02T09:55:32.737-0300] {logging_mixin.py:188} INFO - [2024-03-02T09:55:32.737-0300] {dag.py:3834} INFO - Setting next_dagrun for example_python_operator to None, run_after=None
[2024-03-02T09:55:32.759-0300] {processor.py:183} INFO - Processing /home/victor/Área de Trabalho/airflow/venv/lib/python3.10/site-packages/airflow/example_dags/example_python_operator.py took 0.095 seconds
[2024-03-02T09:56:03.017-0300] {processor.py:161} INFO - Started process (PID=25770) to work on /home/victor/Área de Trabalho/airflow/venv/lib/python3.10/site-packages/airflow/example_dags/example_python_operator.py
[2024-03-02T09:56:03.018-0300] {processor.py:830} INFO - Processing file /home/victor/Área de Trabalho/airflow/venv/lib/python3.10/site-packages/airflow/example_dags/example_python_operator.py for tasks to queue
[2024-03-02T09:56:03.018-0300] {logging_mixin.py:188} INFO - [2024-03-02T09:56:03.018-0300] {dagbag.py:540} INFO - Filling up the DagBag from /home/victor/Área de Trabalho/airflow/venv/lib/python3.10/site-packages/airflow/example_dags/example_python_operator.py
[2024-03-02T09:56:03.027-0300] {processor.py:840} INFO - DAG(s) 'example_python_operator' retrieved from /home/victor/Área de Trabalho/airflow/venv/lib/python3.10/site-packages/airflow/example_dags/example_python_operator.py
[2024-03-02T09:56:03.054-0300] {logging_mixin.py:188} INFO - [2024-03-02T09:56:03.054-0300] {dag.py:3047} INFO - Sync 1 DAGs
[2024-03-02T09:56:03.065-0300] {logging_mixin.py:188} INFO - [2024-03-02T09:56:03.065-0300] {dag.py:3834} INFO - Setting next_dagrun for example_python_operator to None, run_after=None
[2024-03-02T09:56:03.083-0300] {processor.py:183} INFO - Processing /home/victor/Área de Trabalho/airflow/venv/lib/python3.10/site-packages/airflow/example_dags/example_python_operator.py took 0.069 seconds
[2024-03-02T09:56:34.348-0300] {processor.py:161} INFO - Started process (PID=26091) to work on /home/victor/Área de Trabalho/airflow/venv/lib/python3.10/site-packages/airflow/example_dags/example_python_operator.py
[2024-03-02T09:56:34.349-0300] {processor.py:830} INFO - Processing file /home/victor/Área de Trabalho/airflow/venv/lib/python3.10/site-packages/airflow/example_dags/example_python_operator.py for tasks to queue
[2024-03-02T09:56:34.349-0300] {logging_mixin.py:188} INFO - [2024-03-02T09:56:34.349-0300] {dagbag.py:540} INFO - Filling up the DagBag from /home/victor/Área de Trabalho/airflow/venv/lib/python3.10/site-packages/airflow/example_dags/example_python_operator.py
[2024-03-02T09:56:34.358-0300] {processor.py:840} INFO - DAG(s) 'example_python_operator' retrieved from /home/victor/Área de Trabalho/airflow/venv/lib/python3.10/site-packages/airflow/example_dags/example_python_operator.py
[2024-03-02T09:56:34.384-0300] {logging_mixin.py:188} INFO - [2024-03-02T09:56:34.383-0300] {dag.py:3047} INFO - Sync 1 DAGs
[2024-03-02T09:56:34.394-0300] {logging_mixin.py:188} INFO - [2024-03-02T09:56:34.394-0300] {dag.py:3834} INFO - Setting next_dagrun for example_python_operator to None, run_after=None
[2024-03-02T09:56:34.412-0300] {processor.py:183} INFO - Processing /home/victor/Área de Trabalho/airflow/venv/lib/python3.10/site-packages/airflow/example_dags/example_python_operator.py took 0.067 seconds
[2024-03-02T09:57:04.919-0300] {processor.py:161} INFO - Started process (PID=26734) to work on /home/victor/Área de Trabalho/airflow/venv/lib/python3.10/site-packages/airflow/example_dags/example_python_operator.py
[2024-03-02T09:57:04.920-0300] {processor.py:830} INFO - Processing file /home/victor/Área de Trabalho/airflow/venv/lib/python3.10/site-packages/airflow/example_dags/example_python_operator.py for tasks to queue
[2024-03-02T09:57:04.921-0300] {logging_mixin.py:188} INFO - [2024-03-02T09:57:04.921-0300] {dagbag.py:540} INFO - Filling up the DagBag from /home/victor/Área de Trabalho/airflow/venv/lib/python3.10/site-packages/airflow/example_dags/example_python_operator.py
[2024-03-02T09:57:04.930-0300] {processor.py:840} INFO - DAG(s) 'example_python_operator' retrieved from /home/victor/Área de Trabalho/airflow/venv/lib/python3.10/site-packages/airflow/example_dags/example_python_operator.py
[2024-03-02T09:57:04.956-0300] {logging_mixin.py:188} INFO - [2024-03-02T09:57:04.956-0300] {dag.py:3047} INFO - Sync 1 DAGs
[2024-03-02T09:57:04.967-0300] {logging_mixin.py:188} INFO - [2024-03-02T09:57:04.967-0300] {dag.py:3834} INFO - Setting next_dagrun for example_python_operator to None, run_after=None
[2024-03-02T09:57:04.994-0300] {processor.py:183} INFO - Processing /home/victor/Área de Trabalho/airflow/venv/lib/python3.10/site-packages/airflow/example_dags/example_python_operator.py took 0.078 seconds
[2024-03-02T09:57:35.426-0300] {processor.py:161} INFO - Started process (PID=27055) to work on /home/victor/Área de Trabalho/airflow/venv/lib/python3.10/site-packages/airflow/example_dags/example_python_operator.py
[2024-03-02T09:57:35.427-0300] {processor.py:830} INFO - Processing file /home/victor/Área de Trabalho/airflow/venv/lib/python3.10/site-packages/airflow/example_dags/example_python_operator.py for tasks to queue
[2024-03-02T09:57:35.427-0300] {logging_mixin.py:188} INFO - [2024-03-02T09:57:35.427-0300] {dagbag.py:540} INFO - Filling up the DagBag from /home/victor/Área de Trabalho/airflow/venv/lib/python3.10/site-packages/airflow/example_dags/example_python_operator.py
[2024-03-02T09:57:35.436-0300] {processor.py:840} INFO - DAG(s) 'example_python_operator' retrieved from /home/victor/Área de Trabalho/airflow/venv/lib/python3.10/site-packages/airflow/example_dags/example_python_operator.py
[2024-03-02T09:57:35.462-0300] {logging_mixin.py:188} INFO - [2024-03-02T09:57:35.462-0300] {dag.py:3047} INFO - Sync 1 DAGs
[2024-03-02T09:57:35.472-0300] {logging_mixin.py:188} INFO - [2024-03-02T09:57:35.472-0300] {dag.py:3834} INFO - Setting next_dagrun for example_python_operator to None, run_after=None
[2024-03-02T09:57:35.490-0300] {processor.py:183} INFO - Processing /home/victor/Área de Trabalho/airflow/venv/lib/python3.10/site-packages/airflow/example_dags/example_python_operator.py took 0.067 seconds
[2024-03-02T09:58:05.936-0300] {processor.py:161} INFO - Started process (PID=27608) to work on /home/victor/Área de Trabalho/airflow/venv/lib/python3.10/site-packages/airflow/example_dags/example_python_operator.py
[2024-03-02T09:58:05.937-0300] {processor.py:830} INFO - Processing file /home/victor/Área de Trabalho/airflow/venv/lib/python3.10/site-packages/airflow/example_dags/example_python_operator.py for tasks to queue
[2024-03-02T09:58:05.938-0300] {logging_mixin.py:188} INFO - [2024-03-02T09:58:05.938-0300] {dagbag.py:540} INFO - Filling up the DagBag from /home/victor/Área de Trabalho/airflow/venv/lib/python3.10/site-packages/airflow/example_dags/example_python_operator.py
[2024-03-02T09:58:05.953-0300] {processor.py:840} INFO - DAG(s) 'example_python_operator' retrieved from /home/victor/Área de Trabalho/airflow/venv/lib/python3.10/site-packages/airflow/example_dags/example_python_operator.py
[2024-03-02T09:58:05.981-0300] {logging_mixin.py:188} INFO - [2024-03-02T09:58:05.980-0300] {dag.py:3047} INFO - Sync 1 DAGs
[2024-03-02T09:58:05.993-0300] {logging_mixin.py:188} INFO - [2024-03-02T09:58:05.993-0300] {dag.py:3834} INFO - Setting next_dagrun for example_python_operator to None, run_after=None
[2024-03-02T09:58:06.017-0300] {processor.py:183} INFO - Processing /home/victor/Área de Trabalho/airflow/venv/lib/python3.10/site-packages/airflow/example_dags/example_python_operator.py took 0.084 seconds
[2024-03-02T09:58:36.536-0300] {processor.py:161} INFO - Started process (PID=28977) to work on /home/victor/Área de Trabalho/airflow/venv/lib/python3.10/site-packages/airflow/example_dags/example_python_operator.py
[2024-03-02T09:58:36.537-0300] {processor.py:830} INFO - Processing file /home/victor/Área de Trabalho/airflow/venv/lib/python3.10/site-packages/airflow/example_dags/example_python_operator.py for tasks to queue
[2024-03-02T09:58:36.538-0300] {logging_mixin.py:188} INFO - [2024-03-02T09:58:36.538-0300] {dagbag.py:540} INFO - Filling up the DagBag from /home/victor/Área de Trabalho/airflow/venv/lib/python3.10/site-packages/airflow/example_dags/example_python_operator.py
[2024-03-02T09:58:36.547-0300] {processor.py:840} INFO - DAG(s) 'example_python_operator' retrieved from /home/victor/Área de Trabalho/airflow/venv/lib/python3.10/site-packages/airflow/example_dags/example_python_operator.py
[2024-03-02T09:58:36.575-0300] {logging_mixin.py:188} INFO - [2024-03-02T09:58:36.575-0300] {dag.py:3047} INFO - Sync 1 DAGs
[2024-03-02T09:58:36.586-0300] {logging_mixin.py:188} INFO - [2024-03-02T09:58:36.586-0300] {dag.py:3834} INFO - Setting next_dagrun for example_python_operator to None, run_after=None
[2024-03-02T09:58:36.605-0300] {processor.py:183} INFO - Processing /home/victor/Área de Trabalho/airflow/venv/lib/python3.10/site-packages/airflow/example_dags/example_python_operator.py took 0.072 seconds
[2024-03-02T09:59:07.070-0300] {processor.py:161} INFO - Started process (PID=29490) to work on /home/victor/Área de Trabalho/airflow/venv/lib/python3.10/site-packages/airflow/example_dags/example_python_operator.py
[2024-03-02T09:59:07.071-0300] {processor.py:830} INFO - Processing file /home/victor/Área de Trabalho/airflow/venv/lib/python3.10/site-packages/airflow/example_dags/example_python_operator.py for tasks to queue
[2024-03-02T09:59:07.071-0300] {logging_mixin.py:188} INFO - [2024-03-02T09:59:07.071-0300] {dagbag.py:540} INFO - Filling up the DagBag from /home/victor/Área de Trabalho/airflow/venv/lib/python3.10/site-packages/airflow/example_dags/example_python_operator.py
[2024-03-02T09:59:07.080-0300] {processor.py:840} INFO - DAG(s) 'example_python_operator' retrieved from /home/victor/Área de Trabalho/airflow/venv/lib/python3.10/site-packages/airflow/example_dags/example_python_operator.py
[2024-03-02T09:59:07.106-0300] {logging_mixin.py:188} INFO - [2024-03-02T09:59:07.106-0300] {dag.py:3047} INFO - Sync 1 DAGs
[2024-03-02T09:59:07.117-0300] {logging_mixin.py:188} INFO - [2024-03-02T09:59:07.117-0300] {dag.py:3834} INFO - Setting next_dagrun for example_python_operator to None, run_after=None
[2024-03-02T09:59:07.136-0300] {processor.py:183} INFO - Processing /home/victor/Área de Trabalho/airflow/venv/lib/python3.10/site-packages/airflow/example_dags/example_python_operator.py took 0.069 seconds
