[2024-03-02T09:36:58.561-0300] {processor.py:161} INFO - Started process (PID=7899) to work on /home/victor/Área de Trabalho/airflow/venv/lib/python3.10/site-packages/airflow/example_dags/example_xcomargs.py
[2024-03-02T09:36:58.562-0300] {processor.py:830} INFO - Processing file /home/victor/Área de Trabalho/airflow/venv/lib/python3.10/site-packages/airflow/example_dags/example_xcomargs.py for tasks to queue
[2024-03-02T09:36:58.563-0300] {logging_mixin.py:188} INFO - [2024-03-02T09:36:58.562-0300] {dagbag.py:540} INFO - Filling up the DagBag from /home/victor/Área de Trabalho/airflow/venv/lib/python3.10/site-packages/airflow/example_dags/example_xcomargs.py
[2024-03-02T09:36:58.570-0300] {processor.py:840} INFO - DAG(s) 'example_xcom_args_with_operators', 'example_xcom_args' retrieved from /home/victor/Área de Trabalho/airflow/venv/lib/python3.10/site-packages/airflow/example_dags/example_xcomargs.py
[2024-03-02T09:36:58.589-0300] {logging_mixin.py:188} INFO - [2024-03-02T09:36:58.589-0300] {dag.py:3047} INFO - Sync 2 DAGs
[2024-03-02T09:36:58.602-0300] {logging_mixin.py:188} INFO - [2024-03-02T09:36:58.602-0300] {dag.py:3834} INFO - Setting next_dagrun for example_xcom_args to None, run_after=None
[2024-03-02T09:36:58.605-0300] {logging_mixin.py:188} INFO - [2024-03-02T09:36:58.605-0300] {dag.py:3834} INFO - Setting next_dagrun for example_xcom_args_with_operators to None, run_after=None
[2024-03-02T09:36:58.622-0300] {processor.py:183} INFO - Processing /home/victor/Área de Trabalho/airflow/venv/lib/python3.10/site-packages/airflow/example_dags/example_xcomargs.py took 0.064 seconds
[2024-03-02T09:37:29.545-0300] {processor.py:161} INFO - Started process (PID=9309) to work on /home/victor/Área de Trabalho/airflow/venv/lib/python3.10/site-packages/airflow/example_dags/example_xcomargs.py
[2024-03-02T09:37:29.546-0300] {processor.py:830} INFO - Processing file /home/victor/Área de Trabalho/airflow/venv/lib/python3.10/site-packages/airflow/example_dags/example_xcomargs.py for tasks to queue
[2024-03-02T09:37:29.546-0300] {logging_mixin.py:188} INFO - [2024-03-02T09:37:29.546-0300] {dagbag.py:540} INFO - Filling up the DagBag from /home/victor/Área de Trabalho/airflow/venv/lib/python3.10/site-packages/airflow/example_dags/example_xcomargs.py
[2024-03-02T09:37:29.553-0300] {processor.py:840} INFO - DAG(s) 'example_xcom_args', 'example_xcom_args_with_operators' retrieved from /home/victor/Área de Trabalho/airflow/venv/lib/python3.10/site-packages/airflow/example_dags/example_xcomargs.py
[2024-03-02T09:37:29.663-0300] {logging_mixin.py:188} INFO - [2024-03-02T09:37:29.663-0300] {dag.py:3047} INFO - Sync 2 DAGs
[2024-03-02T09:37:29.673-0300] {logging_mixin.py:188} INFO - [2024-03-02T09:37:29.672-0300] {dag.py:3834} INFO - Setting next_dagrun for example_xcom_args to None, run_after=None
[2024-03-02T09:37:29.675-0300] {logging_mixin.py:188} INFO - [2024-03-02T09:37:29.675-0300] {dag.py:3834} INFO - Setting next_dagrun for example_xcom_args_with_operators to None, run_after=None
[2024-03-02T09:37:29.690-0300] {processor.py:183} INFO - Processing /home/victor/Área de Trabalho/airflow/venv/lib/python3.10/site-packages/airflow/example_dags/example_xcomargs.py took 0.148 seconds
[2024-03-02T09:38:00.012-0300] {processor.py:161} INFO - Started process (PID=9974) to work on /home/victor/Área de Trabalho/airflow/venv/lib/python3.10/site-packages/airflow/example_dags/example_xcomargs.py
[2024-03-02T09:38:00.013-0300] {processor.py:830} INFO - Processing file /home/victor/Área de Trabalho/airflow/venv/lib/python3.10/site-packages/airflow/example_dags/example_xcomargs.py for tasks to queue
[2024-03-02T09:38:00.014-0300] {logging_mixin.py:188} INFO - [2024-03-02T09:38:00.014-0300] {dagbag.py:540} INFO - Filling up the DagBag from /home/victor/Área de Trabalho/airflow/venv/lib/python3.10/site-packages/airflow/example_dags/example_xcomargs.py
[2024-03-02T09:38:00.022-0300] {processor.py:840} INFO - DAG(s) 'example_xcom_args_with_operators', 'example_xcom_args' retrieved from /home/victor/Área de Trabalho/airflow/venv/lib/python3.10/site-packages/airflow/example_dags/example_xcomargs.py
[2024-03-02T09:38:00.055-0300] {logging_mixin.py:188} INFO - [2024-03-02T09:38:00.054-0300] {dag.py:3047} INFO - Sync 2 DAGs
[2024-03-02T09:38:00.073-0300] {logging_mixin.py:188} INFO - [2024-03-02T09:38:00.072-0300] {dag.py:3834} INFO - Setting next_dagrun for example_xcom_args to None, run_after=None
[2024-03-02T09:38:00.077-0300] {logging_mixin.py:188} INFO - [2024-03-02T09:38:00.077-0300] {dag.py:3834} INFO - Setting next_dagrun for example_xcom_args_with_operators to None, run_after=None
[2024-03-02T09:38:00.098-0300] {processor.py:183} INFO - Processing /home/victor/Área de Trabalho/airflow/venv/lib/python3.10/site-packages/airflow/example_dags/example_xcomargs.py took 0.089 seconds
[2024-03-02T09:38:31.518-0300] {processor.py:161} INFO - Started process (PID=10291) to work on /home/victor/Área de Trabalho/airflow/venv/lib/python3.10/site-packages/airflow/example_dags/example_xcomargs.py
[2024-03-02T09:38:31.519-0300] {processor.py:830} INFO - Processing file /home/victor/Área de Trabalho/airflow/venv/lib/python3.10/site-packages/airflow/example_dags/example_xcomargs.py for tasks to queue
[2024-03-02T09:38:31.519-0300] {logging_mixin.py:188} INFO - [2024-03-02T09:38:31.519-0300] {dagbag.py:540} INFO - Filling up the DagBag from /home/victor/Área de Trabalho/airflow/venv/lib/python3.10/site-packages/airflow/example_dags/example_xcomargs.py
[2024-03-02T09:38:31.525-0300] {processor.py:840} INFO - DAG(s) 'example_xcom_args_with_operators', 'example_xcom_args' retrieved from /home/victor/Área de Trabalho/airflow/venv/lib/python3.10/site-packages/airflow/example_dags/example_xcomargs.py
[2024-03-02T09:38:31.553-0300] {logging_mixin.py:188} INFO - [2024-03-02T09:38:31.552-0300] {dag.py:3047} INFO - Sync 2 DAGs
[2024-03-02T09:38:31.563-0300] {logging_mixin.py:188} INFO - [2024-03-02T09:38:31.563-0300] {dag.py:3834} INFO - Setting next_dagrun for example_xcom_args to None, run_after=None
[2024-03-02T09:38:31.567-0300] {logging_mixin.py:188} INFO - [2024-03-02T09:38:31.567-0300] {dag.py:3834} INFO - Setting next_dagrun for example_xcom_args_with_operators to None, run_after=None
[2024-03-02T09:38:31.584-0300] {processor.py:183} INFO - Processing /home/victor/Área de Trabalho/airflow/venv/lib/python3.10/site-packages/airflow/example_dags/example_xcomargs.py took 0.069 seconds
[2024-03-02T09:39:02.942-0300] {processor.py:161} INFO - Started process (PID=10838) to work on /home/victor/Área de Trabalho/airflow/venv/lib/python3.10/site-packages/airflow/example_dags/example_xcomargs.py
[2024-03-02T09:39:02.942-0300] {processor.py:830} INFO - Processing file /home/victor/Área de Trabalho/airflow/venv/lib/python3.10/site-packages/airflow/example_dags/example_xcomargs.py for tasks to queue
[2024-03-02T09:39:02.943-0300] {logging_mixin.py:188} INFO - [2024-03-02T09:39:02.943-0300] {dagbag.py:540} INFO - Filling up the DagBag from /home/victor/Área de Trabalho/airflow/venv/lib/python3.10/site-packages/airflow/example_dags/example_xcomargs.py
[2024-03-02T09:39:02.950-0300] {processor.py:840} INFO - DAG(s) 'example_xcom_args_with_operators', 'example_xcom_args' retrieved from /home/victor/Área de Trabalho/airflow/venv/lib/python3.10/site-packages/airflow/example_dags/example_xcomargs.py
[2024-03-02T09:39:02.981-0300] {logging_mixin.py:188} INFO - [2024-03-02T09:39:02.981-0300] {dag.py:3047} INFO - Sync 2 DAGs
[2024-03-02T09:39:02.993-0300] {logging_mixin.py:188} INFO - [2024-03-02T09:39:02.993-0300] {dag.py:3834} INFO - Setting next_dagrun for example_xcom_args to None, run_after=None
[2024-03-02T09:39:02.997-0300] {logging_mixin.py:188} INFO - [2024-03-02T09:39:02.997-0300] {dag.py:3834} INFO - Setting next_dagrun for example_xcom_args_with_operators to None, run_after=None
[2024-03-02T09:39:03.016-0300] {processor.py:183} INFO - Processing /home/victor/Área de Trabalho/airflow/venv/lib/python3.10/site-packages/airflow/example_dags/example_xcomargs.py took 0.077 seconds
[2024-03-02T09:39:34.125-0300] {processor.py:161} INFO - Started process (PID=11445) to work on /home/victor/Área de Trabalho/airflow/venv/lib/python3.10/site-packages/airflow/example_dags/example_xcomargs.py
[2024-03-02T09:39:34.125-0300] {processor.py:830} INFO - Processing file /home/victor/Área de Trabalho/airflow/venv/lib/python3.10/site-packages/airflow/example_dags/example_xcomargs.py for tasks to queue
[2024-03-02T09:39:34.126-0300] {logging_mixin.py:188} INFO - [2024-03-02T09:39:34.126-0300] {dagbag.py:540} INFO - Filling up the DagBag from /home/victor/Área de Trabalho/airflow/venv/lib/python3.10/site-packages/airflow/example_dags/example_xcomargs.py
[2024-03-02T09:39:34.133-0300] {processor.py:840} INFO - DAG(s) 'example_xcom_args', 'example_xcom_args_with_operators' retrieved from /home/victor/Área de Trabalho/airflow/venv/lib/python3.10/site-packages/airflow/example_dags/example_xcomargs.py
[2024-03-02T09:39:34.162-0300] {logging_mixin.py:188} INFO - [2024-03-02T09:39:34.162-0300] {dag.py:3047} INFO - Sync 2 DAGs
[2024-03-02T09:39:34.175-0300] {logging_mixin.py:188} INFO - [2024-03-02T09:39:34.175-0300] {dag.py:3834} INFO - Setting next_dagrun for example_xcom_args to None, run_after=None
[2024-03-02T09:39:34.179-0300] {logging_mixin.py:188} INFO - [2024-03-02T09:39:34.179-0300] {dag.py:3834} INFO - Setting next_dagrun for example_xcom_args_with_operators to None, run_after=None
[2024-03-02T09:39:34.195-0300] {processor.py:183} INFO - Processing /home/victor/Área de Trabalho/airflow/venv/lib/python3.10/site-packages/airflow/example_dags/example_xcomargs.py took 0.074 seconds
[2024-03-02T09:40:05.415-0300] {processor.py:161} INFO - Started process (PID=11920) to work on /home/victor/Área de Trabalho/airflow/venv/lib/python3.10/site-packages/airflow/example_dags/example_xcomargs.py
[2024-03-02T09:40:05.415-0300] {processor.py:830} INFO - Processing file /home/victor/Área de Trabalho/airflow/venv/lib/python3.10/site-packages/airflow/example_dags/example_xcomargs.py for tasks to queue
[2024-03-02T09:40:05.416-0300] {logging_mixin.py:188} INFO - [2024-03-02T09:40:05.416-0300] {dagbag.py:540} INFO - Filling up the DagBag from /home/victor/Área de Trabalho/airflow/venv/lib/python3.10/site-packages/airflow/example_dags/example_xcomargs.py
[2024-03-02T09:40:05.423-0300] {processor.py:840} INFO - DAG(s) 'example_xcom_args_with_operators', 'example_xcom_args' retrieved from /home/victor/Área de Trabalho/airflow/venv/lib/python3.10/site-packages/airflow/example_dags/example_xcomargs.py
[2024-03-02T09:40:05.451-0300] {logging_mixin.py:188} INFO - [2024-03-02T09:40:05.451-0300] {dag.py:3047} INFO - Sync 2 DAGs
[2024-03-02T09:40:05.463-0300] {logging_mixin.py:188} INFO - [2024-03-02T09:40:05.462-0300] {dag.py:3834} INFO - Setting next_dagrun for example_xcom_args to None, run_after=None
[2024-03-02T09:40:05.467-0300] {logging_mixin.py:188} INFO - [2024-03-02T09:40:05.466-0300] {dag.py:3834} INFO - Setting next_dagrun for example_xcom_args_with_operators to None, run_after=None
[2024-03-02T09:40:05.485-0300] {processor.py:183} INFO - Processing /home/victor/Área de Trabalho/airflow/venv/lib/python3.10/site-packages/airflow/example_dags/example_xcomargs.py took 0.073 seconds
[2024-03-02T09:40:36.768-0300] {processor.py:161} INFO - Started process (PID=12299) to work on /home/victor/Área de Trabalho/airflow/venv/lib/python3.10/site-packages/airflow/example_dags/example_xcomargs.py
[2024-03-02T09:40:36.769-0300] {processor.py:830} INFO - Processing file /home/victor/Área de Trabalho/airflow/venv/lib/python3.10/site-packages/airflow/example_dags/example_xcomargs.py for tasks to queue
[2024-03-02T09:40:36.770-0300] {logging_mixin.py:188} INFO - [2024-03-02T09:40:36.769-0300] {dagbag.py:540} INFO - Filling up the DagBag from /home/victor/Área de Trabalho/airflow/venv/lib/python3.10/site-packages/airflow/example_dags/example_xcomargs.py
[2024-03-02T09:40:36.777-0300] {processor.py:840} INFO - DAG(s) 'example_xcom_args_with_operators', 'example_xcom_args' retrieved from /home/victor/Área de Trabalho/airflow/venv/lib/python3.10/site-packages/airflow/example_dags/example_xcomargs.py
[2024-03-02T09:40:36.809-0300] {logging_mixin.py:188} INFO - [2024-03-02T09:40:36.808-0300] {dag.py:3047} INFO - Sync 2 DAGs
[2024-03-02T09:40:36.824-0300] {logging_mixin.py:188} INFO - [2024-03-02T09:40:36.824-0300] {dag.py:3834} INFO - Setting next_dagrun for example_xcom_args to None, run_after=None
[2024-03-02T09:40:36.828-0300] {logging_mixin.py:188} INFO - [2024-03-02T09:40:36.828-0300] {dag.py:3834} INFO - Setting next_dagrun for example_xcom_args_with_operators to None, run_after=None
[2024-03-02T09:40:36.845-0300] {processor.py:183} INFO - Processing /home/victor/Área de Trabalho/airflow/venv/lib/python3.10/site-packages/airflow/example_dags/example_xcomargs.py took 0.080 seconds
[2024-03-02T09:41:07.647-0300] {processor.py:161} INFO - Started process (PID=12775) to work on /home/victor/Área de Trabalho/airflow/venv/lib/python3.10/site-packages/airflow/example_dags/example_xcomargs.py
[2024-03-02T09:41:07.648-0300] {processor.py:830} INFO - Processing file /home/victor/Área de Trabalho/airflow/venv/lib/python3.10/site-packages/airflow/example_dags/example_xcomargs.py for tasks to queue
[2024-03-02T09:41:07.648-0300] {logging_mixin.py:188} INFO - [2024-03-02T09:41:07.648-0300] {dagbag.py:540} INFO - Filling up the DagBag from /home/victor/Área de Trabalho/airflow/venv/lib/python3.10/site-packages/airflow/example_dags/example_xcomargs.py
[2024-03-02T09:41:07.657-0300] {processor.py:840} INFO - DAG(s) 'example_xcom_args_with_operators', 'example_xcom_args' retrieved from /home/victor/Área de Trabalho/airflow/venv/lib/python3.10/site-packages/airflow/example_dags/example_xcomargs.py
[2024-03-02T09:41:07.695-0300] {logging_mixin.py:188} INFO - [2024-03-02T09:41:07.694-0300] {dag.py:3047} INFO - Sync 2 DAGs
[2024-03-02T09:41:07.710-0300] {logging_mixin.py:188} INFO - [2024-03-02T09:41:07.710-0300] {dag.py:3834} INFO - Setting next_dagrun for example_xcom_args to None, run_after=None
[2024-03-02T09:41:07.715-0300] {logging_mixin.py:188} INFO - [2024-03-02T09:41:07.714-0300] {dag.py:3834} INFO - Setting next_dagrun for example_xcom_args_with_operators to None, run_after=None
[2024-03-02T09:41:07.742-0300] {processor.py:183} INFO - Processing /home/victor/Área de Trabalho/airflow/venv/lib/python3.10/site-packages/airflow/example_dags/example_xcomargs.py took 0.099 seconds
[2024-03-02T09:41:38.507-0300] {processor.py:161} INFO - Started process (PID=13090) to work on /home/victor/Área de Trabalho/airflow/venv/lib/python3.10/site-packages/airflow/example_dags/example_xcomargs.py
[2024-03-02T09:41:38.508-0300] {processor.py:830} INFO - Processing file /home/victor/Área de Trabalho/airflow/venv/lib/python3.10/site-packages/airflow/example_dags/example_xcomargs.py for tasks to queue
[2024-03-02T09:41:38.509-0300] {logging_mixin.py:188} INFO - [2024-03-02T09:41:38.508-0300] {dagbag.py:540} INFO - Filling up the DagBag from /home/victor/Área de Trabalho/airflow/venv/lib/python3.10/site-packages/airflow/example_dags/example_xcomargs.py
[2024-03-02T09:41:38.516-0300] {processor.py:840} INFO - DAG(s) 'example_xcom_args_with_operators', 'example_xcom_args' retrieved from /home/victor/Área de Trabalho/airflow/venv/lib/python3.10/site-packages/airflow/example_dags/example_xcomargs.py
[2024-03-02T09:41:38.547-0300] {logging_mixin.py:188} INFO - [2024-03-02T09:41:38.547-0300] {dag.py:3047} INFO - Sync 2 DAGs
[2024-03-02T09:41:38.560-0300] {logging_mixin.py:188} INFO - [2024-03-02T09:41:38.560-0300] {dag.py:3834} INFO - Setting next_dagrun for example_xcom_args to None, run_after=None
[2024-03-02T09:41:38.565-0300] {logging_mixin.py:188} INFO - [2024-03-02T09:41:38.565-0300] {dag.py:3834} INFO - Setting next_dagrun for example_xcom_args_with_operators to None, run_after=None
[2024-03-02T09:41:38.583-0300] {processor.py:183} INFO - Processing /home/victor/Área de Trabalho/airflow/venv/lib/python3.10/site-packages/airflow/example_dags/example_xcomargs.py took 0.081 seconds
[2024-03-02T09:42:09.283-0300] {processor.py:161} INFO - Started process (PID=13723) to work on /home/victor/Área de Trabalho/airflow/venv/lib/python3.10/site-packages/airflow/example_dags/example_xcomargs.py
[2024-03-02T09:42:09.285-0300] {processor.py:830} INFO - Processing file /home/victor/Área de Trabalho/airflow/venv/lib/python3.10/site-packages/airflow/example_dags/example_xcomargs.py for tasks to queue
[2024-03-02T09:42:09.286-0300] {logging_mixin.py:188} INFO - [2024-03-02T09:42:09.285-0300] {dagbag.py:540} INFO - Filling up the DagBag from /home/victor/Área de Trabalho/airflow/venv/lib/python3.10/site-packages/airflow/example_dags/example_xcomargs.py
[2024-03-02T09:42:09.294-0300] {processor.py:840} INFO - DAG(s) 'example_xcom_args_with_operators', 'example_xcom_args' retrieved from /home/victor/Área de Trabalho/airflow/venv/lib/python3.10/site-packages/airflow/example_dags/example_xcomargs.py
[2024-03-02T09:42:09.326-0300] {logging_mixin.py:188} INFO - [2024-03-02T09:42:09.326-0300] {dag.py:3047} INFO - Sync 2 DAGs
[2024-03-02T09:42:09.339-0300] {logging_mixin.py:188} INFO - [2024-03-02T09:42:09.339-0300] {dag.py:3834} INFO - Setting next_dagrun for example_xcom_args to None, run_after=None
[2024-03-02T09:42:09.343-0300] {logging_mixin.py:188} INFO - [2024-03-02T09:42:09.343-0300] {dag.py:3834} INFO - Setting next_dagrun for example_xcom_args_with_operators to None, run_after=None
[2024-03-02T09:42:09.363-0300] {processor.py:183} INFO - Processing /home/victor/Área de Trabalho/airflow/venv/lib/python3.10/site-packages/airflow/example_dags/example_xcomargs.py took 0.082 seconds
[2024-03-02T09:42:40.173-0300] {processor.py:161} INFO - Started process (PID=14044) to work on /home/victor/Área de Trabalho/airflow/venv/lib/python3.10/site-packages/airflow/example_dags/example_xcomargs.py
[2024-03-02T09:42:40.174-0300] {processor.py:830} INFO - Processing file /home/victor/Área de Trabalho/airflow/venv/lib/python3.10/site-packages/airflow/example_dags/example_xcomargs.py for tasks to queue
[2024-03-02T09:42:40.175-0300] {logging_mixin.py:188} INFO - [2024-03-02T09:42:40.174-0300] {dagbag.py:540} INFO - Filling up the DagBag from /home/victor/Área de Trabalho/airflow/venv/lib/python3.10/site-packages/airflow/example_dags/example_xcomargs.py
[2024-03-02T09:42:40.188-0300] {processor.py:840} INFO - DAG(s) 'example_xcom_args', 'example_xcom_args_with_operators' retrieved from /home/victor/Área de Trabalho/airflow/venv/lib/python3.10/site-packages/airflow/example_dags/example_xcomargs.py
[2024-03-02T09:42:40.222-0300] {logging_mixin.py:188} INFO - [2024-03-02T09:42:40.222-0300] {dag.py:3047} INFO - Sync 2 DAGs
[2024-03-02T09:42:40.234-0300] {logging_mixin.py:188} INFO - [2024-03-02T09:42:40.234-0300] {dag.py:3834} INFO - Setting next_dagrun for example_xcom_args to None, run_after=None
[2024-03-02T09:42:40.240-0300] {logging_mixin.py:188} INFO - [2024-03-02T09:42:40.240-0300] {dag.py:3834} INFO - Setting next_dagrun for example_xcom_args_with_operators to None, run_after=None
[2024-03-02T09:42:40.259-0300] {processor.py:183} INFO - Processing /home/victor/Área de Trabalho/airflow/venv/lib/python3.10/site-packages/airflow/example_dags/example_xcomargs.py took 0.091 seconds
[2024-03-02T09:43:11.309-0300] {processor.py:161} INFO - Started process (PID=14524) to work on /home/victor/Área de Trabalho/airflow/venv/lib/python3.10/site-packages/airflow/example_dags/example_xcomargs.py
[2024-03-02T09:43:11.310-0300] {processor.py:830} INFO - Processing file /home/victor/Área de Trabalho/airflow/venv/lib/python3.10/site-packages/airflow/example_dags/example_xcomargs.py for tasks to queue
[2024-03-02T09:43:11.310-0300] {logging_mixin.py:188} INFO - [2024-03-02T09:43:11.310-0300] {dagbag.py:540} INFO - Filling up the DagBag from /home/victor/Área de Trabalho/airflow/venv/lib/python3.10/site-packages/airflow/example_dags/example_xcomargs.py
[2024-03-02T09:43:11.319-0300] {processor.py:840} INFO - DAG(s) 'example_xcom_args', 'example_xcom_args_with_operators' retrieved from /home/victor/Área de Trabalho/airflow/venv/lib/python3.10/site-packages/airflow/example_dags/example_xcomargs.py
[2024-03-02T09:43:11.352-0300] {logging_mixin.py:188} INFO - [2024-03-02T09:43:11.352-0300] {dag.py:3047} INFO - Sync 2 DAGs
[2024-03-02T09:43:11.369-0300] {logging_mixin.py:188} INFO - [2024-03-02T09:43:11.368-0300] {dag.py:3834} INFO - Setting next_dagrun for example_xcom_args to None, run_after=None
[2024-03-02T09:43:11.373-0300] {logging_mixin.py:188} INFO - [2024-03-02T09:43:11.372-0300] {dag.py:3834} INFO - Setting next_dagrun for example_xcom_args_with_operators to None, run_after=None
[2024-03-02T09:43:11.395-0300] {processor.py:183} INFO - Processing /home/victor/Área de Trabalho/airflow/venv/lib/python3.10/site-packages/airflow/example_dags/example_xcomargs.py took 0.090 seconds
[2024-03-02T09:43:42.121-0300] {processor.py:161} INFO - Started process (PID=14846) to work on /home/victor/Área de Trabalho/airflow/venv/lib/python3.10/site-packages/airflow/example_dags/example_xcomargs.py
[2024-03-02T09:43:42.122-0300] {processor.py:830} INFO - Processing file /home/victor/Área de Trabalho/airflow/venv/lib/python3.10/site-packages/airflow/example_dags/example_xcomargs.py for tasks to queue
[2024-03-02T09:43:42.123-0300] {logging_mixin.py:188} INFO - [2024-03-02T09:43:42.122-0300] {dagbag.py:540} INFO - Filling up the DagBag from /home/victor/Área de Trabalho/airflow/venv/lib/python3.10/site-packages/airflow/example_dags/example_xcomargs.py
[2024-03-02T09:43:42.132-0300] {processor.py:840} INFO - DAG(s) 'example_xcom_args_with_operators', 'example_xcom_args' retrieved from /home/victor/Área de Trabalho/airflow/venv/lib/python3.10/site-packages/airflow/example_dags/example_xcomargs.py
[2024-03-02T09:43:42.165-0300] {logging_mixin.py:188} INFO - [2024-03-02T09:43:42.165-0300] {dag.py:3047} INFO - Sync 2 DAGs
[2024-03-02T09:43:42.177-0300] {logging_mixin.py:188} INFO - [2024-03-02T09:43:42.177-0300] {dag.py:3834} INFO - Setting next_dagrun for example_xcom_args to None, run_after=None
[2024-03-02T09:43:42.181-0300] {logging_mixin.py:188} INFO - [2024-03-02T09:43:42.181-0300] {dag.py:3834} INFO - Setting next_dagrun for example_xcom_args_with_operators to None, run_after=None
[2024-03-02T09:43:42.199-0300] {processor.py:183} INFO - Processing /home/victor/Área de Trabalho/airflow/venv/lib/python3.10/site-packages/airflow/example_dags/example_xcomargs.py took 0.081 seconds
[2024-03-02T09:44:13.576-0300] {processor.py:161} INFO - Started process (PID=15327) to work on /home/victor/Área de Trabalho/airflow/venv/lib/python3.10/site-packages/airflow/example_dags/example_xcomargs.py
[2024-03-02T09:44:13.578-0300] {processor.py:830} INFO - Processing file /home/victor/Área de Trabalho/airflow/venv/lib/python3.10/site-packages/airflow/example_dags/example_xcomargs.py for tasks to queue
[2024-03-02T09:44:13.579-0300] {logging_mixin.py:188} INFO - [2024-03-02T09:44:13.578-0300] {dagbag.py:540} INFO - Filling up the DagBag from /home/victor/Área de Trabalho/airflow/venv/lib/python3.10/site-packages/airflow/example_dags/example_xcomargs.py
[2024-03-02T09:44:13.587-0300] {processor.py:840} INFO - DAG(s) 'example_xcom_args', 'example_xcom_args_with_operators' retrieved from /home/victor/Área de Trabalho/airflow/venv/lib/python3.10/site-packages/airflow/example_dags/example_xcomargs.py
[2024-03-02T09:44:13.621-0300] {logging_mixin.py:188} INFO - [2024-03-02T09:44:13.621-0300] {dag.py:3047} INFO - Sync 2 DAGs
[2024-03-02T09:44:13.637-0300] {logging_mixin.py:188} INFO - [2024-03-02T09:44:13.637-0300] {dag.py:3834} INFO - Setting next_dagrun for example_xcom_args to None, run_after=None
[2024-03-02T09:44:13.640-0300] {logging_mixin.py:188} INFO - [2024-03-02T09:44:13.640-0300] {dag.py:3834} INFO - Setting next_dagrun for example_xcom_args_with_operators to None, run_after=None
[2024-03-02T09:44:13.663-0300] {processor.py:183} INFO - Processing /home/victor/Área de Trabalho/airflow/venv/lib/python3.10/site-packages/airflow/example_dags/example_xcomargs.py took 0.090 seconds
[2024-03-02T09:44:44.284-0300] {processor.py:161} INFO - Started process (PID=15650) to work on /home/victor/Área de Trabalho/airflow/venv/lib/python3.10/site-packages/airflow/example_dags/example_xcomargs.py
[2024-03-02T09:44:44.285-0300] {processor.py:830} INFO - Processing file /home/victor/Área de Trabalho/airflow/venv/lib/python3.10/site-packages/airflow/example_dags/example_xcomargs.py for tasks to queue
[2024-03-02T09:44:44.286-0300] {logging_mixin.py:188} INFO - [2024-03-02T09:44:44.285-0300] {dagbag.py:540} INFO - Filling up the DagBag from /home/victor/Área de Trabalho/airflow/venv/lib/python3.10/site-packages/airflow/example_dags/example_xcomargs.py
[2024-03-02T09:44:44.294-0300] {processor.py:840} INFO - DAG(s) 'example_xcom_args_with_operators', 'example_xcom_args' retrieved from /home/victor/Área de Trabalho/airflow/venv/lib/python3.10/site-packages/airflow/example_dags/example_xcomargs.py
[2024-03-02T09:44:44.328-0300] {logging_mixin.py:188} INFO - [2024-03-02T09:44:44.328-0300] {dag.py:3047} INFO - Sync 2 DAGs
[2024-03-02T09:44:44.342-0300] {logging_mixin.py:188} INFO - [2024-03-02T09:44:44.342-0300] {dag.py:3834} INFO - Setting next_dagrun for example_xcom_args to None, run_after=None
[2024-03-02T09:44:44.346-0300] {logging_mixin.py:188} INFO - [2024-03-02T09:44:44.346-0300] {dag.py:3834} INFO - Setting next_dagrun for example_xcom_args_with_operators to None, run_after=None
[2024-03-02T09:44:44.365-0300] {processor.py:183} INFO - Processing /home/victor/Área de Trabalho/airflow/venv/lib/python3.10/site-packages/airflow/example_dags/example_xcomargs.py took 0.085 seconds
[2024-03-02T09:45:15.034-0300] {processor.py:161} INFO - Started process (PID=16138) to work on /home/victor/Área de Trabalho/airflow/venv/lib/python3.10/site-packages/airflow/example_dags/example_xcomargs.py
[2024-03-02T09:45:15.035-0300] {processor.py:830} INFO - Processing file /home/victor/Área de Trabalho/airflow/venv/lib/python3.10/site-packages/airflow/example_dags/example_xcomargs.py for tasks to queue
[2024-03-02T09:45:15.036-0300] {logging_mixin.py:188} INFO - [2024-03-02T09:45:15.035-0300] {dagbag.py:540} INFO - Filling up the DagBag from /home/victor/Área de Trabalho/airflow/venv/lib/python3.10/site-packages/airflow/example_dags/example_xcomargs.py
[2024-03-02T09:45:15.044-0300] {processor.py:840} INFO - DAG(s) 'example_xcom_args_with_operators', 'example_xcom_args' retrieved from /home/victor/Área de Trabalho/airflow/venv/lib/python3.10/site-packages/airflow/example_dags/example_xcomargs.py
[2024-03-02T09:45:15.097-0300] {logging_mixin.py:188} INFO - [2024-03-02T09:45:15.096-0300] {dag.py:3047} INFO - Sync 2 DAGs
[2024-03-02T09:45:15.118-0300] {logging_mixin.py:188} INFO - [2024-03-02T09:45:15.117-0300] {dag.py:3834} INFO - Setting next_dagrun for example_xcom_args to None, run_after=None
[2024-03-02T09:45:15.122-0300] {logging_mixin.py:188} INFO - [2024-03-02T09:45:15.122-0300] {dag.py:3834} INFO - Setting next_dagrun for example_xcom_args_with_operators to None, run_after=None
[2024-03-02T09:45:15.143-0300] {processor.py:183} INFO - Processing /home/victor/Área de Trabalho/airflow/venv/lib/python3.10/site-packages/airflow/example_dags/example_xcomargs.py took 0.113 seconds
[2024-03-02T09:45:46.162-0300] {processor.py:161} INFO - Started process (PID=16650) to work on /home/victor/Área de Trabalho/airflow/venv/lib/python3.10/site-packages/airflow/example_dags/example_xcomargs.py
[2024-03-02T09:45:46.162-0300] {processor.py:830} INFO - Processing file /home/victor/Área de Trabalho/airflow/venv/lib/python3.10/site-packages/airflow/example_dags/example_xcomargs.py for tasks to queue
[2024-03-02T09:45:46.163-0300] {logging_mixin.py:188} INFO - [2024-03-02T09:45:46.163-0300] {dagbag.py:540} INFO - Filling up the DagBag from /home/victor/Área de Trabalho/airflow/venv/lib/python3.10/site-packages/airflow/example_dags/example_xcomargs.py
[2024-03-02T09:45:46.171-0300] {processor.py:840} INFO - DAG(s) 'example_xcom_args', 'example_xcom_args_with_operators' retrieved from /home/victor/Área de Trabalho/airflow/venv/lib/python3.10/site-packages/airflow/example_dags/example_xcomargs.py
[2024-03-02T09:45:46.202-0300] {logging_mixin.py:188} INFO - [2024-03-02T09:45:46.201-0300] {dag.py:3047} INFO - Sync 2 DAGs
[2024-03-02T09:45:46.214-0300] {logging_mixin.py:188} INFO - [2024-03-02T09:45:46.214-0300] {dag.py:3834} INFO - Setting next_dagrun for example_xcom_args to None, run_after=None
[2024-03-02T09:45:46.218-0300] {logging_mixin.py:188} INFO - [2024-03-02T09:45:46.218-0300] {dag.py:3834} INFO - Setting next_dagrun for example_xcom_args_with_operators to None, run_after=None
[2024-03-02T09:45:46.236-0300] {processor.py:183} INFO - Processing /home/victor/Área de Trabalho/airflow/venv/lib/python3.10/site-packages/airflow/example_dags/example_xcomargs.py took 0.077 seconds
[2024-03-02T09:46:17.704-0300] {processor.py:161} INFO - Started process (PID=17134) to work on /home/victor/Área de Trabalho/airflow/venv/lib/python3.10/site-packages/airflow/example_dags/example_xcomargs.py
[2024-03-02T09:46:17.705-0300] {processor.py:830} INFO - Processing file /home/victor/Área de Trabalho/airflow/venv/lib/python3.10/site-packages/airflow/example_dags/example_xcomargs.py for tasks to queue
[2024-03-02T09:46:17.708-0300] {logging_mixin.py:188} INFO - [2024-03-02T09:46:17.708-0300] {dagbag.py:540} INFO - Filling up the DagBag from /home/victor/Área de Trabalho/airflow/venv/lib/python3.10/site-packages/airflow/example_dags/example_xcomargs.py
[2024-03-02T09:46:17.716-0300] {processor.py:840} INFO - DAG(s) 'example_xcom_args', 'example_xcom_args_with_operators' retrieved from /home/victor/Área de Trabalho/airflow/venv/lib/python3.10/site-packages/airflow/example_dags/example_xcomargs.py
[2024-03-02T09:46:17.747-0300] {logging_mixin.py:188} INFO - [2024-03-02T09:46:17.747-0300] {dag.py:3047} INFO - Sync 2 DAGs
[2024-03-02T09:46:17.760-0300] {logging_mixin.py:188} INFO - [2024-03-02T09:46:17.760-0300] {dag.py:3834} INFO - Setting next_dagrun for example_xcom_args to None, run_after=None
[2024-03-02T09:46:17.764-0300] {logging_mixin.py:188} INFO - [2024-03-02T09:46:17.764-0300] {dag.py:3834} INFO - Setting next_dagrun for example_xcom_args_with_operators to None, run_after=None
[2024-03-02T09:46:17.783-0300] {processor.py:183} INFO - Processing /home/victor/Área de Trabalho/airflow/venv/lib/python3.10/site-packages/airflow/example_dags/example_xcomargs.py took 0.082 seconds
[2024-03-02T09:46:48.443-0300] {processor.py:161} INFO - Started process (PID=17456) to work on /home/victor/Área de Trabalho/airflow/venv/lib/python3.10/site-packages/airflow/example_dags/example_xcomargs.py
[2024-03-02T09:46:48.444-0300] {processor.py:830} INFO - Processing file /home/victor/Área de Trabalho/airflow/venv/lib/python3.10/site-packages/airflow/example_dags/example_xcomargs.py for tasks to queue
[2024-03-02T09:46:48.445-0300] {logging_mixin.py:188} INFO - [2024-03-02T09:46:48.444-0300] {dagbag.py:540} INFO - Filling up the DagBag from /home/victor/Área de Trabalho/airflow/venv/lib/python3.10/site-packages/airflow/example_dags/example_xcomargs.py
[2024-03-02T09:46:48.455-0300] {processor.py:840} INFO - DAG(s) 'example_xcom_args', 'example_xcom_args_with_operators' retrieved from /home/victor/Área de Trabalho/airflow/venv/lib/python3.10/site-packages/airflow/example_dags/example_xcomargs.py
[2024-03-02T09:46:48.486-0300] {logging_mixin.py:188} INFO - [2024-03-02T09:46:48.486-0300] {dag.py:3047} INFO - Sync 2 DAGs
[2024-03-02T09:46:48.503-0300] {logging_mixin.py:188} INFO - [2024-03-02T09:46:48.503-0300] {dag.py:3834} INFO - Setting next_dagrun for example_xcom_args to None, run_after=None
[2024-03-02T09:46:48.507-0300] {logging_mixin.py:188} INFO - [2024-03-02T09:46:48.507-0300] {dag.py:3834} INFO - Setting next_dagrun for example_xcom_args_with_operators to None, run_after=None
[2024-03-02T09:46:48.529-0300] {processor.py:183} INFO - Processing /home/victor/Área de Trabalho/airflow/venv/lib/python3.10/site-packages/airflow/example_dags/example_xcomargs.py took 0.088 seconds
[2024-03-02T09:47:19.313-0300] {processor.py:161} INFO - Started process (PID=18113) to work on /home/victor/Área de Trabalho/airflow/venv/lib/python3.10/site-packages/airflow/example_dags/example_xcomargs.py
[2024-03-02T09:47:19.314-0300] {processor.py:830} INFO - Processing file /home/victor/Área de Trabalho/airflow/venv/lib/python3.10/site-packages/airflow/example_dags/example_xcomargs.py for tasks to queue
[2024-03-02T09:47:19.315-0300] {logging_mixin.py:188} INFO - [2024-03-02T09:47:19.315-0300] {dagbag.py:540} INFO - Filling up the DagBag from /home/victor/Área de Trabalho/airflow/venv/lib/python3.10/site-packages/airflow/example_dags/example_xcomargs.py
[2024-03-02T09:47:19.322-0300] {processor.py:840} INFO - DAG(s) 'example_xcom_args', 'example_xcom_args_with_operators' retrieved from /home/victor/Área de Trabalho/airflow/venv/lib/python3.10/site-packages/airflow/example_dags/example_xcomargs.py
[2024-03-02T09:47:19.355-0300] {logging_mixin.py:188} INFO - [2024-03-02T09:47:19.354-0300] {dag.py:3047} INFO - Sync 2 DAGs
[2024-03-02T09:47:19.367-0300] {logging_mixin.py:188} INFO - [2024-03-02T09:47:19.367-0300] {dag.py:3834} INFO - Setting next_dagrun for example_xcom_args to None, run_after=None
[2024-03-02T09:47:19.371-0300] {logging_mixin.py:188} INFO - [2024-03-02T09:47:19.371-0300] {dag.py:3834} INFO - Setting next_dagrun for example_xcom_args_with_operators to None, run_after=None
[2024-03-02T09:47:19.387-0300] {processor.py:183} INFO - Processing /home/victor/Área de Trabalho/airflow/venv/lib/python3.10/site-packages/airflow/example_dags/example_xcomargs.py took 0.078 seconds
[2024-03-02T09:47:49.992-0300] {processor.py:161} INFO - Started process (PID=18435) to work on /home/victor/Área de Trabalho/airflow/venv/lib/python3.10/site-packages/airflow/example_dags/example_xcomargs.py
[2024-03-02T09:47:49.993-0300] {processor.py:830} INFO - Processing file /home/victor/Área de Trabalho/airflow/venv/lib/python3.10/site-packages/airflow/example_dags/example_xcomargs.py for tasks to queue
[2024-03-02T09:47:49.994-0300] {logging_mixin.py:188} INFO - [2024-03-02T09:47:49.994-0300] {dagbag.py:540} INFO - Filling up the DagBag from /home/victor/Área de Trabalho/airflow/venv/lib/python3.10/site-packages/airflow/example_dags/example_xcomargs.py
[2024-03-02T09:47:50.001-0300] {processor.py:840} INFO - DAG(s) 'example_xcom_args', 'example_xcom_args_with_operators' retrieved from /home/victor/Área de Trabalho/airflow/venv/lib/python3.10/site-packages/airflow/example_dags/example_xcomargs.py
[2024-03-02T09:47:50.033-0300] {logging_mixin.py:188} INFO - [2024-03-02T09:47:50.033-0300] {dag.py:3047} INFO - Sync 2 DAGs
[2024-03-02T09:47:50.045-0300] {logging_mixin.py:188} INFO - [2024-03-02T09:47:50.045-0300] {dag.py:3834} INFO - Setting next_dagrun for example_xcom_args to None, run_after=None
[2024-03-02T09:47:50.049-0300] {logging_mixin.py:188} INFO - [2024-03-02T09:47:50.049-0300] {dag.py:3834} INFO - Setting next_dagrun for example_xcom_args_with_operators to None, run_after=None
[2024-03-02T09:47:50.066-0300] {processor.py:183} INFO - Processing /home/victor/Área de Trabalho/airflow/venv/lib/python3.10/site-packages/airflow/example_dags/example_xcomargs.py took 0.077 seconds
[2024-03-02T09:48:20.648-0300] {processor.py:161} INFO - Started process (PID=18921) to work on /home/victor/Área de Trabalho/airflow/venv/lib/python3.10/site-packages/airflow/example_dags/example_xcomargs.py
[2024-03-02T09:48:20.649-0300] {processor.py:830} INFO - Processing file /home/victor/Área de Trabalho/airflow/venv/lib/python3.10/site-packages/airflow/example_dags/example_xcomargs.py for tasks to queue
[2024-03-02T09:48:20.650-0300] {logging_mixin.py:188} INFO - [2024-03-02T09:48:20.649-0300] {dagbag.py:540} INFO - Filling up the DagBag from /home/victor/Área de Trabalho/airflow/venv/lib/python3.10/site-packages/airflow/example_dags/example_xcomargs.py
[2024-03-02T09:48:20.657-0300] {processor.py:840} INFO - DAG(s) 'example_xcom_args', 'example_xcom_args_with_operators' retrieved from /home/victor/Área de Trabalho/airflow/venv/lib/python3.10/site-packages/airflow/example_dags/example_xcomargs.py
[2024-03-02T09:48:20.689-0300] {logging_mixin.py:188} INFO - [2024-03-02T09:48:20.689-0300] {dag.py:3047} INFO - Sync 2 DAGs
[2024-03-02T09:48:20.705-0300] {logging_mixin.py:188} INFO - [2024-03-02T09:48:20.705-0300] {dag.py:3834} INFO - Setting next_dagrun for example_xcom_args to None, run_after=None
[2024-03-02T09:48:20.709-0300] {logging_mixin.py:188} INFO - [2024-03-02T09:48:20.709-0300] {dag.py:3834} INFO - Setting next_dagrun for example_xcom_args_with_operators to None, run_after=None
[2024-03-02T09:48:20.726-0300] {processor.py:183} INFO - Processing /home/victor/Área de Trabalho/airflow/venv/lib/python3.10/site-packages/airflow/example_dags/example_xcomargs.py took 0.081 seconds
[2024-03-02T09:48:51.414-0300] {processor.py:161} INFO - Started process (PID=19264) to work on /home/victor/Área de Trabalho/airflow/venv/lib/python3.10/site-packages/airflow/example_dags/example_xcomargs.py
[2024-03-02T09:48:51.416-0300] {processor.py:830} INFO - Processing file /home/victor/Área de Trabalho/airflow/venv/lib/python3.10/site-packages/airflow/example_dags/example_xcomargs.py for tasks to queue
[2024-03-02T09:48:51.417-0300] {logging_mixin.py:188} INFO - [2024-03-02T09:48:51.417-0300] {dagbag.py:540} INFO - Filling up the DagBag from /home/victor/Área de Trabalho/airflow/venv/lib/python3.10/site-packages/airflow/example_dags/example_xcomargs.py
[2024-03-02T09:48:51.425-0300] {processor.py:840} INFO - DAG(s) 'example_xcom_args_with_operators', 'example_xcom_args' retrieved from /home/victor/Área de Trabalho/airflow/venv/lib/python3.10/site-packages/airflow/example_dags/example_xcomargs.py
[2024-03-02T09:48:51.455-0300] {logging_mixin.py:188} INFO - [2024-03-02T09:48:51.455-0300] {dag.py:3047} INFO - Sync 2 DAGs
[2024-03-02T09:48:51.468-0300] {logging_mixin.py:188} INFO - [2024-03-02T09:48:51.468-0300] {dag.py:3834} INFO - Setting next_dagrun for example_xcom_args to None, run_after=None
[2024-03-02T09:48:51.475-0300] {logging_mixin.py:188} INFO - [2024-03-02T09:48:51.474-0300] {dag.py:3834} INFO - Setting next_dagrun for example_xcom_args_with_operators to None, run_after=None
[2024-03-02T09:48:51.494-0300] {processor.py:183} INFO - Processing /home/victor/Área de Trabalho/airflow/venv/lib/python3.10/site-packages/airflow/example_dags/example_xcomargs.py took 0.083 seconds
[2024-03-02T09:49:22.170-0300] {processor.py:161} INFO - Started process (PID=19747) to work on /home/victor/Área de Trabalho/airflow/venv/lib/python3.10/site-packages/airflow/example_dags/example_xcomargs.py
[2024-03-02T09:49:22.170-0300] {processor.py:830} INFO - Processing file /home/victor/Área de Trabalho/airflow/venv/lib/python3.10/site-packages/airflow/example_dags/example_xcomargs.py for tasks to queue
[2024-03-02T09:49:22.171-0300] {logging_mixin.py:188} INFO - [2024-03-02T09:49:22.171-0300] {dagbag.py:540} INFO - Filling up the DagBag from /home/victor/Área de Trabalho/airflow/venv/lib/python3.10/site-packages/airflow/example_dags/example_xcomargs.py
[2024-03-02T09:49:22.179-0300] {processor.py:840} INFO - DAG(s) 'example_xcom_args', 'example_xcom_args_with_operators' retrieved from /home/victor/Área de Trabalho/airflow/venv/lib/python3.10/site-packages/airflow/example_dags/example_xcomargs.py
[2024-03-02T09:49:22.211-0300] {logging_mixin.py:188} INFO - [2024-03-02T09:49:22.211-0300] {dag.py:3047} INFO - Sync 2 DAGs
[2024-03-02T09:49:22.224-0300] {logging_mixin.py:188} INFO - [2024-03-02T09:49:22.224-0300] {dag.py:3834} INFO - Setting next_dagrun for example_xcom_args to None, run_after=None
[2024-03-02T09:49:22.228-0300] {logging_mixin.py:188} INFO - [2024-03-02T09:49:22.228-0300] {dag.py:3834} INFO - Setting next_dagrun for example_xcom_args_with_operators to None, run_after=None
[2024-03-02T09:49:22.248-0300] {processor.py:183} INFO - Processing /home/victor/Área de Trabalho/airflow/venv/lib/python3.10/site-packages/airflow/example_dags/example_xcomargs.py took 0.081 seconds
[2024-03-02T09:49:52.894-0300] {processor.py:161} INFO - Started process (PID=20068) to work on /home/victor/Área de Trabalho/airflow/venv/lib/python3.10/site-packages/airflow/example_dags/example_xcomargs.py
[2024-03-02T09:49:52.895-0300] {processor.py:830} INFO - Processing file /home/victor/Área de Trabalho/airflow/venv/lib/python3.10/site-packages/airflow/example_dags/example_xcomargs.py for tasks to queue
[2024-03-02T09:49:52.898-0300] {logging_mixin.py:188} INFO - [2024-03-02T09:49:52.897-0300] {dagbag.py:540} INFO - Filling up the DagBag from /home/victor/Área de Trabalho/airflow/venv/lib/python3.10/site-packages/airflow/example_dags/example_xcomargs.py
[2024-03-02T09:49:52.906-0300] {processor.py:840} INFO - DAG(s) 'example_xcom_args_with_operators', 'example_xcom_args' retrieved from /home/victor/Área de Trabalho/airflow/venv/lib/python3.10/site-packages/airflow/example_dags/example_xcomargs.py
[2024-03-02T09:49:52.939-0300] {logging_mixin.py:188} INFO - [2024-03-02T09:49:52.939-0300] {dag.py:3047} INFO - Sync 2 DAGs
[2024-03-02T09:49:52.952-0300] {logging_mixin.py:188} INFO - [2024-03-02T09:49:52.952-0300] {dag.py:3834} INFO - Setting next_dagrun for example_xcom_args to None, run_after=None
[2024-03-02T09:49:52.956-0300] {logging_mixin.py:188} INFO - [2024-03-02T09:49:52.956-0300] {dag.py:3834} INFO - Setting next_dagrun for example_xcom_args_with_operators to None, run_after=None
[2024-03-02T09:49:52.975-0300] {processor.py:183} INFO - Processing /home/victor/Área de Trabalho/airflow/venv/lib/python3.10/site-packages/airflow/example_dags/example_xcomargs.py took 0.084 seconds
[2024-03-02T09:50:23.542-0300] {processor.py:161} INFO - Started process (PID=20549) to work on /home/victor/Área de Trabalho/airflow/venv/lib/python3.10/site-packages/airflow/example_dags/example_xcomargs.py
[2024-03-02T09:50:23.543-0300] {processor.py:830} INFO - Processing file /home/victor/Área de Trabalho/airflow/venv/lib/python3.10/site-packages/airflow/example_dags/example_xcomargs.py for tasks to queue
[2024-03-02T09:50:23.544-0300] {logging_mixin.py:188} INFO - [2024-03-02T09:50:23.544-0300] {dagbag.py:540} INFO - Filling up the DagBag from /home/victor/Área de Trabalho/airflow/venv/lib/python3.10/site-packages/airflow/example_dags/example_xcomargs.py
[2024-03-02T09:50:23.552-0300] {processor.py:840} INFO - DAG(s) 'example_xcom_args', 'example_xcom_args_with_operators' retrieved from /home/victor/Área de Trabalho/airflow/venv/lib/python3.10/site-packages/airflow/example_dags/example_xcomargs.py
[2024-03-02T09:50:23.587-0300] {logging_mixin.py:188} INFO - [2024-03-02T09:50:23.587-0300] {dag.py:3047} INFO - Sync 2 DAGs
[2024-03-02T09:50:23.602-0300] {logging_mixin.py:188} INFO - [2024-03-02T09:50:23.602-0300] {dag.py:3834} INFO - Setting next_dagrun for example_xcom_args to None, run_after=None
[2024-03-02T09:50:23.609-0300] {logging_mixin.py:188} INFO - [2024-03-02T09:50:23.609-0300] {dag.py:3834} INFO - Setting next_dagrun for example_xcom_args_with_operators to None, run_after=None
[2024-03-02T09:50:23.627-0300] {processor.py:183} INFO - Processing /home/victor/Área de Trabalho/airflow/venv/lib/python3.10/site-packages/airflow/example_dags/example_xcomargs.py took 0.088 seconds
[2024-03-02T09:50:54.999-0300] {processor.py:161} INFO - Started process (PID=20907) to work on /home/victor/Área de Trabalho/airflow/venv/lib/python3.10/site-packages/airflow/example_dags/example_xcomargs.py
[2024-03-02T09:50:55.000-0300] {processor.py:830} INFO - Processing file /home/victor/Área de Trabalho/airflow/venv/lib/python3.10/site-packages/airflow/example_dags/example_xcomargs.py for tasks to queue
[2024-03-02T09:50:55.001-0300] {logging_mixin.py:188} INFO - [2024-03-02T09:50:55.000-0300] {dagbag.py:540} INFO - Filling up the DagBag from /home/victor/Área de Trabalho/airflow/venv/lib/python3.10/site-packages/airflow/example_dags/example_xcomargs.py
[2024-03-02T09:50:55.010-0300] {processor.py:840} INFO - DAG(s) 'example_xcom_args', 'example_xcom_args_with_operators' retrieved from /home/victor/Área de Trabalho/airflow/venv/lib/python3.10/site-packages/airflow/example_dags/example_xcomargs.py
[2024-03-02T09:50:55.039-0300] {logging_mixin.py:188} INFO - [2024-03-02T09:50:55.039-0300] {dag.py:3047} INFO - Sync 2 DAGs
[2024-03-02T09:50:55.058-0300] {logging_mixin.py:188} INFO - [2024-03-02T09:50:55.058-0300] {dag.py:3834} INFO - Setting next_dagrun for example_xcom_args to None, run_after=None
[2024-03-02T09:50:55.062-0300] {logging_mixin.py:188} INFO - [2024-03-02T09:50:55.062-0300] {dag.py:3834} INFO - Setting next_dagrun for example_xcom_args_with_operators to None, run_after=None
[2024-03-02T09:50:55.083-0300] {processor.py:183} INFO - Processing /home/victor/Área de Trabalho/airflow/venv/lib/python3.10/site-packages/airflow/example_dags/example_xcomargs.py took 0.087 seconds
[2024-03-02T09:51:25.709-0300] {processor.py:161} INFO - Started process (PID=21388) to work on /home/victor/Área de Trabalho/airflow/venv/lib/python3.10/site-packages/airflow/example_dags/example_xcomargs.py
[2024-03-02T09:51:25.709-0300] {processor.py:830} INFO - Processing file /home/victor/Área de Trabalho/airflow/venv/lib/python3.10/site-packages/airflow/example_dags/example_xcomargs.py for tasks to queue
[2024-03-02T09:51:25.710-0300] {logging_mixin.py:188} INFO - [2024-03-02T09:51:25.710-0300] {dagbag.py:540} INFO - Filling up the DagBag from /home/victor/Área de Trabalho/airflow/venv/lib/python3.10/site-packages/airflow/example_dags/example_xcomargs.py
[2024-03-02T09:51:25.719-0300] {processor.py:840} INFO - DAG(s) 'example_xcom_args', 'example_xcom_args_with_operators' retrieved from /home/victor/Área de Trabalho/airflow/venv/lib/python3.10/site-packages/airflow/example_dags/example_xcomargs.py
[2024-03-02T09:51:25.759-0300] {logging_mixin.py:188} INFO - [2024-03-02T09:51:25.759-0300] {dag.py:3047} INFO - Sync 2 DAGs
[2024-03-02T09:51:25.772-0300] {logging_mixin.py:188} INFO - [2024-03-02T09:51:25.772-0300] {dag.py:3834} INFO - Setting next_dagrun for example_xcom_args to None, run_after=None
[2024-03-02T09:51:25.776-0300] {logging_mixin.py:188} INFO - [2024-03-02T09:51:25.776-0300] {dag.py:3834} INFO - Setting next_dagrun for example_xcom_args_with_operators to None, run_after=None
[2024-03-02T09:51:25.794-0300] {processor.py:183} INFO - Processing /home/victor/Área de Trabalho/airflow/venv/lib/python3.10/site-packages/airflow/example_dags/example_xcomargs.py took 0.088 seconds
[2024-03-02T09:51:56.443-0300] {processor.py:161} INFO - Started process (PID=21709) to work on /home/victor/Área de Trabalho/airflow/venv/lib/python3.10/site-packages/airflow/example_dags/example_xcomargs.py
[2024-03-02T09:51:56.444-0300] {processor.py:830} INFO - Processing file /home/victor/Área de Trabalho/airflow/venv/lib/python3.10/site-packages/airflow/example_dags/example_xcomargs.py for tasks to queue
[2024-03-02T09:51:56.444-0300] {logging_mixin.py:188} INFO - [2024-03-02T09:51:56.444-0300] {dagbag.py:540} INFO - Filling up the DagBag from /home/victor/Área de Trabalho/airflow/venv/lib/python3.10/site-packages/airflow/example_dags/example_xcomargs.py
[2024-03-02T09:51:56.451-0300] {processor.py:840} INFO - DAG(s) 'example_xcom_args_with_operators', 'example_xcom_args' retrieved from /home/victor/Área de Trabalho/airflow/venv/lib/python3.10/site-packages/airflow/example_dags/example_xcomargs.py
[2024-03-02T09:51:56.483-0300] {logging_mixin.py:188} INFO - [2024-03-02T09:51:56.483-0300] {dag.py:3047} INFO - Sync 2 DAGs
[2024-03-02T09:51:56.495-0300] {logging_mixin.py:188} INFO - [2024-03-02T09:51:56.495-0300] {dag.py:3834} INFO - Setting next_dagrun for example_xcom_args to None, run_after=None
[2024-03-02T09:51:56.500-0300] {logging_mixin.py:188} INFO - [2024-03-02T09:51:56.498-0300] {dag.py:3834} INFO - Setting next_dagrun for example_xcom_args_with_operators to None, run_after=None
[2024-03-02T09:51:56.519-0300] {processor.py:183} INFO - Processing /home/victor/Área de Trabalho/airflow/venv/lib/python3.10/site-packages/airflow/example_dags/example_xcomargs.py took 0.079 seconds
[2024-03-02T09:52:26.959-0300] {processor.py:161} INFO - Started process (PID=22352) to work on /home/victor/Área de Trabalho/airflow/venv/lib/python3.10/site-packages/airflow/example_dags/example_xcomargs.py
[2024-03-02T09:52:26.960-0300] {processor.py:830} INFO - Processing file /home/victor/Área de Trabalho/airflow/venv/lib/python3.10/site-packages/airflow/example_dags/example_xcomargs.py for tasks to queue
[2024-03-02T09:52:26.961-0300] {logging_mixin.py:188} INFO - [2024-03-02T09:52:26.961-0300] {dagbag.py:540} INFO - Filling up the DagBag from /home/victor/Área de Trabalho/airflow/venv/lib/python3.10/site-packages/airflow/example_dags/example_xcomargs.py
[2024-03-02T09:52:26.969-0300] {processor.py:840} INFO - DAG(s) 'example_xcom_args', 'example_xcom_args_with_operators' retrieved from /home/victor/Área de Trabalho/airflow/venv/lib/python3.10/site-packages/airflow/example_dags/example_xcomargs.py
[2024-03-02T09:52:27.001-0300] {logging_mixin.py:188} INFO - [2024-03-02T09:52:27.000-0300] {dag.py:3047} INFO - Sync 2 DAGs
[2024-03-02T09:52:27.014-0300] {logging_mixin.py:188} INFO - [2024-03-02T09:52:27.014-0300] {dag.py:3834} INFO - Setting next_dagrun for example_xcom_args to None, run_after=None
[2024-03-02T09:52:27.018-0300] {logging_mixin.py:188} INFO - [2024-03-02T09:52:27.017-0300] {dag.py:3834} INFO - Setting next_dagrun for example_xcom_args_with_operators to None, run_after=None
[2024-03-02T09:52:27.040-0300] {processor.py:183} INFO - Processing /home/victor/Área de Trabalho/airflow/venv/lib/python3.10/site-packages/airflow/example_dags/example_xcomargs.py took 0.084 seconds
[2024-03-02T09:52:57.614-0300] {processor.py:161} INFO - Started process (PID=22677) to work on /home/victor/Área de Trabalho/airflow/venv/lib/python3.10/site-packages/airflow/example_dags/example_xcomargs.py
[2024-03-02T09:52:57.615-0300] {processor.py:830} INFO - Processing file /home/victor/Área de Trabalho/airflow/venv/lib/python3.10/site-packages/airflow/example_dags/example_xcomargs.py for tasks to queue
[2024-03-02T09:52:57.616-0300] {logging_mixin.py:188} INFO - [2024-03-02T09:52:57.615-0300] {dagbag.py:540} INFO - Filling up the DagBag from /home/victor/Área de Trabalho/airflow/venv/lib/python3.10/site-packages/airflow/example_dags/example_xcomargs.py
[2024-03-02T09:52:57.623-0300] {processor.py:840} INFO - DAG(s) 'example_xcom_args_with_operators', 'example_xcom_args' retrieved from /home/victor/Área de Trabalho/airflow/venv/lib/python3.10/site-packages/airflow/example_dags/example_xcomargs.py
[2024-03-02T09:52:57.654-0300] {logging_mixin.py:188} INFO - [2024-03-02T09:52:57.654-0300] {dag.py:3047} INFO - Sync 2 DAGs
[2024-03-02T09:52:57.666-0300] {logging_mixin.py:188} INFO - [2024-03-02T09:52:57.666-0300] {dag.py:3834} INFO - Setting next_dagrun for example_xcom_args to None, run_after=None
[2024-03-02T09:52:57.671-0300] {logging_mixin.py:188} INFO - [2024-03-02T09:52:57.671-0300] {dag.py:3834} INFO - Setting next_dagrun for example_xcom_args_with_operators to None, run_after=None
[2024-03-02T09:52:57.690-0300] {processor.py:183} INFO - Processing /home/victor/Área de Trabalho/airflow/venv/lib/python3.10/site-packages/airflow/example_dags/example_xcomargs.py took 0.078 seconds
[2024-03-02T09:53:28.214-0300] {processor.py:161} INFO - Started process (PID=23160) to work on /home/victor/Área de Trabalho/airflow/venv/lib/python3.10/site-packages/airflow/example_dags/example_xcomargs.py
[2024-03-02T09:53:28.215-0300] {processor.py:830} INFO - Processing file /home/victor/Área de Trabalho/airflow/venv/lib/python3.10/site-packages/airflow/example_dags/example_xcomargs.py for tasks to queue
[2024-03-02T09:53:28.216-0300] {logging_mixin.py:188} INFO - [2024-03-02T09:53:28.215-0300] {dagbag.py:540} INFO - Filling up the DagBag from /home/victor/Área de Trabalho/airflow/venv/lib/python3.10/site-packages/airflow/example_dags/example_xcomargs.py
[2024-03-02T09:53:28.225-0300] {processor.py:840} INFO - DAG(s) 'example_xcom_args', 'example_xcom_args_with_operators' retrieved from /home/victor/Área de Trabalho/airflow/venv/lib/python3.10/site-packages/airflow/example_dags/example_xcomargs.py
[2024-03-02T09:53:28.260-0300] {logging_mixin.py:188} INFO - [2024-03-02T09:53:28.260-0300] {dag.py:3047} INFO - Sync 2 DAGs
[2024-03-02T09:53:28.272-0300] {logging_mixin.py:188} INFO - [2024-03-02T09:53:28.272-0300] {dag.py:3834} INFO - Setting next_dagrun for example_xcom_args to None, run_after=None
[2024-03-02T09:53:28.276-0300] {logging_mixin.py:188} INFO - [2024-03-02T09:53:28.276-0300] {dag.py:3834} INFO - Setting next_dagrun for example_xcom_args_with_operators to None, run_after=None
[2024-03-02T09:53:28.297-0300] {processor.py:183} INFO - Processing /home/victor/Área de Trabalho/airflow/venv/lib/python3.10/site-packages/airflow/example_dags/example_xcomargs.py took 0.085 seconds
[2024-03-02T09:53:58.687-0300] {processor.py:161} INFO - Started process (PID=23541) to work on /home/victor/Área de Trabalho/airflow/venv/lib/python3.10/site-packages/airflow/example_dags/example_xcomargs.py
[2024-03-02T09:53:58.688-0300] {processor.py:830} INFO - Processing file /home/victor/Área de Trabalho/airflow/venv/lib/python3.10/site-packages/airflow/example_dags/example_xcomargs.py for tasks to queue
[2024-03-02T09:53:58.689-0300] {logging_mixin.py:188} INFO - [2024-03-02T09:53:58.689-0300] {dagbag.py:540} INFO - Filling up the DagBag from /home/victor/Área de Trabalho/airflow/venv/lib/python3.10/site-packages/airflow/example_dags/example_xcomargs.py
[2024-03-02T09:53:58.697-0300] {processor.py:840} INFO - DAG(s) 'example_xcom_args_with_operators', 'example_xcom_args' retrieved from /home/victor/Área de Trabalho/airflow/venv/lib/python3.10/site-packages/airflow/example_dags/example_xcomargs.py
[2024-03-02T09:53:58.727-0300] {logging_mixin.py:188} INFO - [2024-03-02T09:53:58.727-0300] {dag.py:3047} INFO - Sync 2 DAGs
[2024-03-02T09:53:58.740-0300] {logging_mixin.py:188} INFO - [2024-03-02T09:53:58.740-0300] {dag.py:3834} INFO - Setting next_dagrun for example_xcom_args to None, run_after=None
[2024-03-02T09:53:58.744-0300] {logging_mixin.py:188} INFO - [2024-03-02T09:53:58.744-0300] {dag.py:3834} INFO - Setting next_dagrun for example_xcom_args_with_operators to None, run_after=None
[2024-03-02T09:53:58.764-0300] {processor.py:183} INFO - Processing /home/victor/Área de Trabalho/airflow/venv/lib/python3.10/site-packages/airflow/example_dags/example_xcomargs.py took 0.079 seconds
[2024-03-02T09:54:29.684-0300] {processor.py:161} INFO - Started process (PID=24128) to work on /home/victor/Área de Trabalho/airflow/venv/lib/python3.10/site-packages/airflow/example_dags/example_xcomargs.py
[2024-03-02T09:54:29.685-0300] {processor.py:830} INFO - Processing file /home/victor/Área de Trabalho/airflow/venv/lib/python3.10/site-packages/airflow/example_dags/example_xcomargs.py for tasks to queue
[2024-03-02T09:54:29.685-0300] {logging_mixin.py:188} INFO - [2024-03-02T09:54:29.685-0300] {dagbag.py:540} INFO - Filling up the DagBag from /home/victor/Área de Trabalho/airflow/venv/lib/python3.10/site-packages/airflow/example_dags/example_xcomargs.py
[2024-03-02T09:54:29.694-0300] {processor.py:840} INFO - DAG(s) 'example_xcom_args_with_operators', 'example_xcom_args' retrieved from /home/victor/Área de Trabalho/airflow/venv/lib/python3.10/site-packages/airflow/example_dags/example_xcomargs.py
[2024-03-02T09:54:29.729-0300] {logging_mixin.py:188} INFO - [2024-03-02T09:54:29.729-0300] {dag.py:3047} INFO - Sync 2 DAGs
[2024-03-02T09:54:29.743-0300] {logging_mixin.py:188} INFO - [2024-03-02T09:54:29.742-0300] {dag.py:3834} INFO - Setting next_dagrun for example_xcom_args to None, run_after=None
[2024-03-02T09:54:29.748-0300] {logging_mixin.py:188} INFO - [2024-03-02T09:54:29.747-0300] {dag.py:3834} INFO - Setting next_dagrun for example_xcom_args_with_operators to None, run_after=None
[2024-03-02T09:54:29.768-0300] {processor.py:183} INFO - Processing /home/victor/Área de Trabalho/airflow/venv/lib/python3.10/site-packages/airflow/example_dags/example_xcomargs.py took 0.087 seconds
[2024-03-02T09:55:00.494-0300] {processor.py:161} INFO - Started process (PID=24686) to work on /home/victor/Área de Trabalho/airflow/venv/lib/python3.10/site-packages/airflow/example_dags/example_xcomargs.py
[2024-03-02T09:55:00.495-0300] {processor.py:830} INFO - Processing file /home/victor/Área de Trabalho/airflow/venv/lib/python3.10/site-packages/airflow/example_dags/example_xcomargs.py for tasks to queue
[2024-03-02T09:55:00.496-0300] {logging_mixin.py:188} INFO - [2024-03-02T09:55:00.495-0300] {dagbag.py:540} INFO - Filling up the DagBag from /home/victor/Área de Trabalho/airflow/venv/lib/python3.10/site-packages/airflow/example_dags/example_xcomargs.py
[2024-03-02T09:55:00.503-0300] {processor.py:840} INFO - DAG(s) 'example_xcom_args', 'example_xcom_args_with_operators' retrieved from /home/victor/Área de Trabalho/airflow/venv/lib/python3.10/site-packages/airflow/example_dags/example_xcomargs.py
[2024-03-02T09:55:00.534-0300] {logging_mixin.py:188} INFO - [2024-03-02T09:55:00.533-0300] {dag.py:3047} INFO - Sync 2 DAGs
[2024-03-02T09:55:00.546-0300] {logging_mixin.py:188} INFO - [2024-03-02T09:55:00.546-0300] {dag.py:3834} INFO - Setting next_dagrun for example_xcom_args to None, run_after=None
[2024-03-02T09:55:00.551-0300] {logging_mixin.py:188} INFO - [2024-03-02T09:55:00.550-0300] {dag.py:3834} INFO - Setting next_dagrun for example_xcom_args_with_operators to None, run_after=None
[2024-03-02T09:55:00.567-0300] {processor.py:183} INFO - Processing /home/victor/Área de Trabalho/airflow/venv/lib/python3.10/site-packages/airflow/example_dags/example_xcomargs.py took 0.076 seconds
[2024-03-02T09:55:31.034-0300] {processor.py:161} INFO - Started process (PID=25146) to work on /home/victor/Área de Trabalho/airflow/venv/lib/python3.10/site-packages/airflow/example_dags/example_xcomargs.py
[2024-03-02T09:55:31.035-0300] {processor.py:830} INFO - Processing file /home/victor/Área de Trabalho/airflow/venv/lib/python3.10/site-packages/airflow/example_dags/example_xcomargs.py for tasks to queue
[2024-03-02T09:55:31.036-0300] {logging_mixin.py:188} INFO - [2024-03-02T09:55:31.035-0300] {dagbag.py:540} INFO - Filling up the DagBag from /home/victor/Área de Trabalho/airflow/venv/lib/python3.10/site-packages/airflow/example_dags/example_xcomargs.py
[2024-03-02T09:55:31.043-0300] {processor.py:840} INFO - DAG(s) 'example_xcom_args', 'example_xcom_args_with_operators' retrieved from /home/victor/Área de Trabalho/airflow/venv/lib/python3.10/site-packages/airflow/example_dags/example_xcomargs.py
[2024-03-02T09:55:31.075-0300] {logging_mixin.py:188} INFO - [2024-03-02T09:55:31.075-0300] {dag.py:3047} INFO - Sync 2 DAGs
[2024-03-02T09:55:31.087-0300] {logging_mixin.py:188} INFO - [2024-03-02T09:55:31.087-0300] {dag.py:3834} INFO - Setting next_dagrun for example_xcom_args to None, run_after=None
[2024-03-02T09:55:31.091-0300] {logging_mixin.py:188} INFO - [2024-03-02T09:55:31.091-0300] {dag.py:3834} INFO - Setting next_dagrun for example_xcom_args_with_operators to None, run_after=None
[2024-03-02T09:55:31.108-0300] {processor.py:183} INFO - Processing /home/victor/Área de Trabalho/airflow/venv/lib/python3.10/site-packages/airflow/example_dags/example_xcomargs.py took 0.077 seconds
[2024-03-02T09:56:01.491-0300] {processor.py:161} INFO - Started process (PID=25653) to work on /home/victor/Área de Trabalho/airflow/venv/lib/python3.10/site-packages/airflow/example_dags/example_xcomargs.py
[2024-03-02T09:56:01.492-0300] {processor.py:830} INFO - Processing file /home/victor/Área de Trabalho/airflow/venv/lib/python3.10/site-packages/airflow/example_dags/example_xcomargs.py for tasks to queue
[2024-03-02T09:56:01.493-0300] {logging_mixin.py:188} INFO - [2024-03-02T09:56:01.493-0300] {dagbag.py:540} INFO - Filling up the DagBag from /home/victor/Área de Trabalho/airflow/venv/lib/python3.10/site-packages/airflow/example_dags/example_xcomargs.py
[2024-03-02T09:56:01.501-0300] {processor.py:840} INFO - DAG(s) 'example_xcom_args', 'example_xcom_args_with_operators' retrieved from /home/victor/Área de Trabalho/airflow/venv/lib/python3.10/site-packages/airflow/example_dags/example_xcomargs.py
[2024-03-02T09:56:01.531-0300] {logging_mixin.py:188} INFO - [2024-03-02T09:56:01.530-0300] {dag.py:3047} INFO - Sync 2 DAGs
[2024-03-02T09:56:01.543-0300] {logging_mixin.py:188} INFO - [2024-03-02T09:56:01.543-0300] {dag.py:3834} INFO - Setting next_dagrun for example_xcom_args to None, run_after=None
[2024-03-02T09:56:01.548-0300] {logging_mixin.py:188} INFO - [2024-03-02T09:56:01.547-0300] {dag.py:3834} INFO - Setting next_dagrun for example_xcom_args_with_operators to None, run_after=None
[2024-03-02T09:56:01.565-0300] {processor.py:183} INFO - Processing /home/victor/Área de Trabalho/airflow/venv/lib/python3.10/site-packages/airflow/example_dags/example_xcomargs.py took 0.080 seconds
[2024-03-02T09:56:31.796-0300] {processor.py:161} INFO - Started process (PID=25973) to work on /home/victor/Área de Trabalho/airflow/venv/lib/python3.10/site-packages/airflow/example_dags/example_xcomargs.py
[2024-03-02T09:56:31.797-0300] {processor.py:830} INFO - Processing file /home/victor/Área de Trabalho/airflow/venv/lib/python3.10/site-packages/airflow/example_dags/example_xcomargs.py for tasks to queue
[2024-03-02T09:56:31.798-0300] {logging_mixin.py:188} INFO - [2024-03-02T09:56:31.798-0300] {dagbag.py:540} INFO - Filling up the DagBag from /home/victor/Área de Trabalho/airflow/venv/lib/python3.10/site-packages/airflow/example_dags/example_xcomargs.py
[2024-03-02T09:56:31.805-0300] {processor.py:840} INFO - DAG(s) 'example_xcom_args', 'example_xcom_args_with_operators' retrieved from /home/victor/Área de Trabalho/airflow/venv/lib/python3.10/site-packages/airflow/example_dags/example_xcomargs.py
[2024-03-02T09:56:31.834-0300] {logging_mixin.py:188} INFO - [2024-03-02T09:56:31.833-0300] {dag.py:3047} INFO - Sync 2 DAGs
[2024-03-02T09:56:31.846-0300] {logging_mixin.py:188} INFO - [2024-03-02T09:56:31.846-0300] {dag.py:3834} INFO - Setting next_dagrun for example_xcom_args to None, run_after=None
[2024-03-02T09:56:31.850-0300] {logging_mixin.py:188} INFO - [2024-03-02T09:56:31.850-0300] {dag.py:3834} INFO - Setting next_dagrun for example_xcom_args_with_operators to None, run_after=None
[2024-03-02T09:56:31.867-0300] {processor.py:183} INFO - Processing /home/victor/Área de Trabalho/airflow/venv/lib/python3.10/site-packages/airflow/example_dags/example_xcomargs.py took 0.074 seconds
[2024-03-02T09:57:02.044-0300] {processor.py:161} INFO - Started process (PID=26454) to work on /home/victor/Área de Trabalho/airflow/venv/lib/python3.10/site-packages/airflow/example_dags/example_xcomargs.py
[2024-03-02T09:57:02.045-0300] {processor.py:830} INFO - Processing file /home/victor/Área de Trabalho/airflow/venv/lib/python3.10/site-packages/airflow/example_dags/example_xcomargs.py for tasks to queue
[2024-03-02T09:57:02.045-0300] {logging_mixin.py:188} INFO - [2024-03-02T09:57:02.045-0300] {dagbag.py:540} INFO - Filling up the DagBag from /home/victor/Área de Trabalho/airflow/venv/lib/python3.10/site-packages/airflow/example_dags/example_xcomargs.py
[2024-03-02T09:57:02.053-0300] {processor.py:840} INFO - DAG(s) 'example_xcom_args_with_operators', 'example_xcom_args' retrieved from /home/victor/Área de Trabalho/airflow/venv/lib/python3.10/site-packages/airflow/example_dags/example_xcomargs.py
[2024-03-02T09:57:02.082-0300] {logging_mixin.py:188} INFO - [2024-03-02T09:57:02.082-0300] {dag.py:3047} INFO - Sync 2 DAGs
[2024-03-02T09:57:02.094-0300] {logging_mixin.py:188} INFO - [2024-03-02T09:57:02.093-0300] {dag.py:3834} INFO - Setting next_dagrun for example_xcom_args to None, run_after=None
[2024-03-02T09:57:02.097-0300] {logging_mixin.py:188} INFO - [2024-03-02T09:57:02.097-0300] {dag.py:3834} INFO - Setting next_dagrun for example_xcom_args_with_operators to None, run_after=None
[2024-03-02T09:57:02.114-0300] {processor.py:183} INFO - Processing /home/victor/Área de Trabalho/airflow/venv/lib/python3.10/site-packages/airflow/example_dags/example_xcomargs.py took 0.074 seconds
[2024-03-02T09:57:32.638-0300] {processor.py:161} INFO - Started process (PID=26937) to work on /home/victor/Área de Trabalho/airflow/venv/lib/python3.10/site-packages/airflow/example_dags/example_xcomargs.py
[2024-03-02T09:57:32.639-0300] {processor.py:830} INFO - Processing file /home/victor/Área de Trabalho/airflow/venv/lib/python3.10/site-packages/airflow/example_dags/example_xcomargs.py for tasks to queue
[2024-03-02T09:57:32.639-0300] {logging_mixin.py:188} INFO - [2024-03-02T09:57:32.639-0300] {dagbag.py:540} INFO - Filling up the DagBag from /home/victor/Área de Trabalho/airflow/venv/lib/python3.10/site-packages/airflow/example_dags/example_xcomargs.py
[2024-03-02T09:57:32.646-0300] {processor.py:840} INFO - DAG(s) 'example_xcom_args', 'example_xcom_args_with_operators' retrieved from /home/victor/Área de Trabalho/airflow/venv/lib/python3.10/site-packages/airflow/example_dags/example_xcomargs.py
[2024-03-02T09:57:32.676-0300] {logging_mixin.py:188} INFO - [2024-03-02T09:57:32.676-0300] {dag.py:3047} INFO - Sync 2 DAGs
[2024-03-02T09:57:32.688-0300] {logging_mixin.py:188} INFO - [2024-03-02T09:57:32.687-0300] {dag.py:3834} INFO - Setting next_dagrun for example_xcom_args to None, run_after=None
[2024-03-02T09:57:32.691-0300] {logging_mixin.py:188} INFO - [2024-03-02T09:57:32.691-0300] {dag.py:3834} INFO - Setting next_dagrun for example_xcom_args_with_operators to None, run_after=None
[2024-03-02T09:57:32.708-0300] {processor.py:183} INFO - Processing /home/victor/Área de Trabalho/airflow/venv/lib/python3.10/site-packages/airflow/example_dags/example_xcomargs.py took 0.073 seconds
[2024-03-02T09:58:03.044-0300] {processor.py:161} INFO - Started process (PID=27457) to work on /home/victor/Área de Trabalho/airflow/venv/lib/python3.10/site-packages/airflow/example_dags/example_xcomargs.py
[2024-03-02T09:58:03.046-0300] {processor.py:830} INFO - Processing file /home/victor/Área de Trabalho/airflow/venv/lib/python3.10/site-packages/airflow/example_dags/example_xcomargs.py for tasks to queue
[2024-03-02T09:58:03.050-0300] {logging_mixin.py:188} INFO - [2024-03-02T09:58:03.049-0300] {dagbag.py:540} INFO - Filling up the DagBag from /home/victor/Área de Trabalho/airflow/venv/lib/python3.10/site-packages/airflow/example_dags/example_xcomargs.py
[2024-03-02T09:58:03.059-0300] {processor.py:840} INFO - DAG(s) 'example_xcom_args', 'example_xcom_args_with_operators' retrieved from /home/victor/Área de Trabalho/airflow/venv/lib/python3.10/site-packages/airflow/example_dags/example_xcomargs.py
[2024-03-02T09:58:03.093-0300] {logging_mixin.py:188} INFO - [2024-03-02T09:58:03.093-0300] {dag.py:3047} INFO - Sync 2 DAGs
[2024-03-02T09:58:03.105-0300] {logging_mixin.py:188} INFO - [2024-03-02T09:58:03.104-0300] {dag.py:3834} INFO - Setting next_dagrun for example_xcom_args to None, run_after=None
[2024-03-02T09:58:03.109-0300] {logging_mixin.py:188} INFO - [2024-03-02T09:58:03.109-0300] {dag.py:3834} INFO - Setting next_dagrun for example_xcom_args_with_operators to None, run_after=None
[2024-03-02T09:58:03.134-0300] {processor.py:183} INFO - Processing /home/victor/Área de Trabalho/airflow/venv/lib/python3.10/site-packages/airflow/example_dags/example_xcomargs.py took 0.093 seconds
[2024-03-02T09:58:33.678-0300] {processor.py:161} INFO - Started process (PID=28543) to work on /home/victor/Área de Trabalho/airflow/venv/lib/python3.10/site-packages/airflow/example_dags/example_xcomargs.py
[2024-03-02T09:58:33.679-0300] {processor.py:830} INFO - Processing file /home/victor/Área de Trabalho/airflow/venv/lib/python3.10/site-packages/airflow/example_dags/example_xcomargs.py for tasks to queue
[2024-03-02T09:58:33.680-0300] {logging_mixin.py:188} INFO - [2024-03-02T09:58:33.680-0300] {dagbag.py:540} INFO - Filling up the DagBag from /home/victor/Área de Trabalho/airflow/venv/lib/python3.10/site-packages/airflow/example_dags/example_xcomargs.py
[2024-03-02T09:58:33.687-0300] {processor.py:840} INFO - DAG(s) 'example_xcom_args_with_operators', 'example_xcom_args' retrieved from /home/victor/Área de Trabalho/airflow/venv/lib/python3.10/site-packages/airflow/example_dags/example_xcomargs.py
[2024-03-02T09:58:33.719-0300] {logging_mixin.py:188} INFO - [2024-03-02T09:58:33.719-0300] {dag.py:3047} INFO - Sync 2 DAGs
[2024-03-02T09:58:33.732-0300] {logging_mixin.py:188} INFO - [2024-03-02T09:58:33.732-0300] {dag.py:3834} INFO - Setting next_dagrun for example_xcom_args to None, run_after=None
[2024-03-02T09:58:33.736-0300] {logging_mixin.py:188} INFO - [2024-03-02T09:58:33.735-0300] {dag.py:3834} INFO - Setting next_dagrun for example_xcom_args_with_operators to None, run_after=None
[2024-03-02T09:58:33.755-0300] {processor.py:183} INFO - Processing /home/victor/Área de Trabalho/airflow/venv/lib/python3.10/site-packages/airflow/example_dags/example_xcomargs.py took 0.080 seconds
[2024-03-02T09:59:04.269-0300] {processor.py:161} INFO - Started process (PID=29363) to work on /home/victor/Área de Trabalho/airflow/venv/lib/python3.10/site-packages/airflow/example_dags/example_xcomargs.py
[2024-03-02T09:59:04.270-0300] {processor.py:830} INFO - Processing file /home/victor/Área de Trabalho/airflow/venv/lib/python3.10/site-packages/airflow/example_dags/example_xcomargs.py for tasks to queue
[2024-03-02T09:59:04.271-0300] {logging_mixin.py:188} INFO - [2024-03-02T09:59:04.271-0300] {dagbag.py:540} INFO - Filling up the DagBag from /home/victor/Área de Trabalho/airflow/venv/lib/python3.10/site-packages/airflow/example_dags/example_xcomargs.py
[2024-03-02T09:59:04.279-0300] {processor.py:840} INFO - DAG(s) 'example_xcom_args', 'example_xcom_args_with_operators' retrieved from /home/victor/Área de Trabalho/airflow/venv/lib/python3.10/site-packages/airflow/example_dags/example_xcomargs.py
[2024-03-02T09:59:04.313-0300] {logging_mixin.py:188} INFO - [2024-03-02T09:59:04.312-0300] {dag.py:3047} INFO - Sync 2 DAGs
[2024-03-02T09:59:04.332-0300] {logging_mixin.py:188} INFO - [2024-03-02T09:59:04.331-0300] {dag.py:3834} INFO - Setting next_dagrun for example_xcom_args to None, run_after=None
[2024-03-02T09:59:04.337-0300] {logging_mixin.py:188} INFO - [2024-03-02T09:59:04.337-0300] {dag.py:3834} INFO - Setting next_dagrun for example_xcom_args_with_operators to None, run_after=None
[2024-03-02T09:59:04.359-0300] {processor.py:183} INFO - Processing /home/victor/Área de Trabalho/airflow/venv/lib/python3.10/site-packages/airflow/example_dags/example_xcomargs.py took 0.093 seconds
