[2024-03-02T09:37:00.250-0300] {processor.py:161} INFO - Started process (PID=8057) to work on /home/victor/Área de Trabalho/airflow/venv/lib/python3.10/site-packages/airflow/example_dags/example_branch_python_dop_operator_3.py
[2024-03-02T09:37:00.250-0300] {processor.py:830} INFO - Processing file /home/victor/Área de Trabalho/airflow/venv/lib/python3.10/site-packages/airflow/example_dags/example_branch_python_dop_operator_3.py for tasks to queue
[2024-03-02T09:37:00.251-0300] {logging_mixin.py:188} INFO - [2024-03-02T09:37:00.251-0300] {dagbag.py:540} INFO - Filling up the DagBag from /home/victor/Área de Trabalho/airflow/venv/lib/python3.10/site-packages/airflow/example_dags/example_branch_python_dop_operator_3.py
[2024-03-02T09:37:00.261-0300] {processor.py:840} INFO - DAG(s) 'example_branch_dop_operator_v3' retrieved from /home/victor/Área de Trabalho/airflow/venv/lib/python3.10/site-packages/airflow/example_dags/example_branch_python_dop_operator_3.py
[2024-03-02T09:37:00.280-0300] {logging_mixin.py:188} INFO - [2024-03-02T09:37:00.280-0300] {dag.py:3047} INFO - Sync 1 DAGs
[2024-03-02T09:37:00.307-0300] {logging_mixin.py:188} INFO - [2024-03-02T09:37:00.307-0300] {dag.py:3834} INFO - Setting next_dagrun for example_branch_dop_operator_v3 to 2024-03-02 12:36:00+00:00, run_after=2024-03-02 12:37:00+00:00
[2024-03-02T09:37:00.327-0300] {processor.py:183} INFO - Processing /home/victor/Área de Trabalho/airflow/venv/lib/python3.10/site-packages/airflow/example_dags/example_branch_python_dop_operator_3.py took 0.080 seconds
[2024-03-02T09:37:31.939-0300] {processor.py:161} INFO - Started process (PID=9512) to work on /home/victor/Área de Trabalho/airflow/venv/lib/python3.10/site-packages/airflow/example_dags/example_branch_python_dop_operator_3.py
[2024-03-02T09:37:31.940-0300] {processor.py:830} INFO - Processing file /home/victor/Área de Trabalho/airflow/venv/lib/python3.10/site-packages/airflow/example_dags/example_branch_python_dop_operator_3.py for tasks to queue
[2024-03-02T09:37:31.941-0300] {logging_mixin.py:188} INFO - [2024-03-02T09:37:31.941-0300] {dagbag.py:540} INFO - Filling up the DagBag from /home/victor/Área de Trabalho/airflow/venv/lib/python3.10/site-packages/airflow/example_dags/example_branch_python_dop_operator_3.py
[2024-03-02T09:37:31.953-0300] {processor.py:840} INFO - DAG(s) 'example_branch_dop_operator_v3' retrieved from /home/victor/Área de Trabalho/airflow/venv/lib/python3.10/site-packages/airflow/example_dags/example_branch_python_dop_operator_3.py
[2024-03-02T09:37:32.066-0300] {logging_mixin.py:188} INFO - [2024-03-02T09:37:32.065-0300] {dag.py:3047} INFO - Sync 1 DAGs
[2024-03-02T09:37:32.090-0300] {logging_mixin.py:188} INFO - [2024-03-02T09:37:32.090-0300] {dag.py:3834} INFO - Setting next_dagrun for example_branch_dop_operator_v3 to 2024-03-02 12:36:00+00:00, run_after=2024-03-02 12:37:00+00:00
[2024-03-02T09:37:32.110-0300] {processor.py:183} INFO - Processing /home/victor/Área de Trabalho/airflow/venv/lib/python3.10/site-packages/airflow/example_dags/example_branch_python_dop_operator_3.py took 0.173 seconds
[2024-03-02T09:38:02.605-0300] {processor.py:161} INFO - Started process (PID=10119) to work on /home/victor/Área de Trabalho/airflow/venv/lib/python3.10/site-packages/airflow/example_dags/example_branch_python_dop_operator_3.py
[2024-03-02T09:38:02.606-0300] {processor.py:830} INFO - Processing file /home/victor/Área de Trabalho/airflow/venv/lib/python3.10/site-packages/airflow/example_dags/example_branch_python_dop_operator_3.py for tasks to queue
[2024-03-02T09:38:02.607-0300] {logging_mixin.py:188} INFO - [2024-03-02T09:38:02.606-0300] {dagbag.py:540} INFO - Filling up the DagBag from /home/victor/Área de Trabalho/airflow/venv/lib/python3.10/site-packages/airflow/example_dags/example_branch_python_dop_operator_3.py
[2024-03-02T09:38:02.614-0300] {processor.py:840} INFO - DAG(s) 'example_branch_dop_operator_v3' retrieved from /home/victor/Área de Trabalho/airflow/venv/lib/python3.10/site-packages/airflow/example_dags/example_branch_python_dop_operator_3.py
[2024-03-02T09:38:02.641-0300] {logging_mixin.py:188} INFO - [2024-03-02T09:38:02.640-0300] {dag.py:3047} INFO - Sync 1 DAGs
[2024-03-02T09:38:02.664-0300] {logging_mixin.py:188} INFO - [2024-03-02T09:38:02.664-0300] {dag.py:3834} INFO - Setting next_dagrun for example_branch_dop_operator_v3 to 2024-03-02 12:37:00+00:00, run_after=2024-03-02 12:38:00+00:00
[2024-03-02T09:38:02.683-0300] {processor.py:183} INFO - Processing /home/victor/Área de Trabalho/airflow/venv/lib/python3.10/site-packages/airflow/example_dags/example_branch_python_dop_operator_3.py took 0.081 seconds
[2024-03-02T09:38:33.005-0300] {processor.py:161} INFO - Started process (PID=10432) to work on /home/victor/Área de Trabalho/airflow/venv/lib/python3.10/site-packages/airflow/example_dags/example_branch_python_dop_operator_3.py
[2024-03-02T09:38:33.006-0300] {processor.py:830} INFO - Processing file /home/victor/Área de Trabalho/airflow/venv/lib/python3.10/site-packages/airflow/example_dags/example_branch_python_dop_operator_3.py for tasks to queue
[2024-03-02T09:38:33.007-0300] {logging_mixin.py:188} INFO - [2024-03-02T09:38:33.007-0300] {dagbag.py:540} INFO - Filling up the DagBag from /home/victor/Área de Trabalho/airflow/venv/lib/python3.10/site-packages/airflow/example_dags/example_branch_python_dop_operator_3.py
[2024-03-02T09:38:33.014-0300] {processor.py:840} INFO - DAG(s) 'example_branch_dop_operator_v3' retrieved from /home/victor/Área de Trabalho/airflow/venv/lib/python3.10/site-packages/airflow/example_dags/example_branch_python_dop_operator_3.py
[2024-03-02T09:38:33.046-0300] {logging_mixin.py:188} INFO - [2024-03-02T09:38:33.045-0300] {dag.py:3047} INFO - Sync 1 DAGs
[2024-03-02T09:38:33.069-0300] {logging_mixin.py:188} INFO - [2024-03-02T09:38:33.069-0300] {dag.py:3834} INFO - Setting next_dagrun for example_branch_dop_operator_v3 to 2024-03-02 12:37:00+00:00, run_after=2024-03-02 12:38:00+00:00
[2024-03-02T09:38:33.089-0300] {processor.py:183} INFO - Processing /home/victor/Área de Trabalho/airflow/venv/lib/python3.10/site-packages/airflow/example_dags/example_branch_python_dop_operator_3.py took 0.086 seconds
[2024-03-02T09:39:04.371-0300] {processor.py:161} INFO - Started process (PID=11018) to work on /home/victor/Área de Trabalho/airflow/venv/lib/python3.10/site-packages/airflow/example_dags/example_branch_python_dop_operator_3.py
[2024-03-02T09:39:04.372-0300] {processor.py:830} INFO - Processing file /home/victor/Área de Trabalho/airflow/venv/lib/python3.10/site-packages/airflow/example_dags/example_branch_python_dop_operator_3.py for tasks to queue
[2024-03-02T09:39:04.373-0300] {logging_mixin.py:188} INFO - [2024-03-02T09:39:04.373-0300] {dagbag.py:540} INFO - Filling up the DagBag from /home/victor/Área de Trabalho/airflow/venv/lib/python3.10/site-packages/airflow/example_dags/example_branch_python_dop_operator_3.py
[2024-03-02T09:39:04.381-0300] {processor.py:840} INFO - DAG(s) 'example_branch_dop_operator_v3' retrieved from /home/victor/Área de Trabalho/airflow/venv/lib/python3.10/site-packages/airflow/example_dags/example_branch_python_dop_operator_3.py
[2024-03-02T09:39:04.410-0300] {logging_mixin.py:188} INFO - [2024-03-02T09:39:04.410-0300] {dag.py:3047} INFO - Sync 1 DAGs
[2024-03-02T09:39:04.436-0300] {logging_mixin.py:188} INFO - [2024-03-02T09:39:04.436-0300] {dag.py:3834} INFO - Setting next_dagrun for example_branch_dop_operator_v3 to 2024-03-02 12:38:00+00:00, run_after=2024-03-02 12:39:00+00:00
[2024-03-02T09:39:04.457-0300] {processor.py:183} INFO - Processing /home/victor/Área de Trabalho/airflow/venv/lib/python3.10/site-packages/airflow/example_dags/example_branch_python_dop_operator_3.py took 0.089 seconds
[2024-03-02T09:39:35.575-0300] {processor.py:161} INFO - Started process (PID=11588) to work on /home/victor/Área de Trabalho/airflow/venv/lib/python3.10/site-packages/airflow/example_dags/example_branch_python_dop_operator_3.py
[2024-03-02T09:39:35.576-0300] {processor.py:830} INFO - Processing file /home/victor/Área de Trabalho/airflow/venv/lib/python3.10/site-packages/airflow/example_dags/example_branch_python_dop_operator_3.py for tasks to queue
[2024-03-02T09:39:35.577-0300] {logging_mixin.py:188} INFO - [2024-03-02T09:39:35.576-0300] {dagbag.py:540} INFO - Filling up the DagBag from /home/victor/Área de Trabalho/airflow/venv/lib/python3.10/site-packages/airflow/example_dags/example_branch_python_dop_operator_3.py
[2024-03-02T09:39:35.584-0300] {processor.py:840} INFO - DAG(s) 'example_branch_dop_operator_v3' retrieved from /home/victor/Área de Trabalho/airflow/venv/lib/python3.10/site-packages/airflow/example_dags/example_branch_python_dop_operator_3.py
[2024-03-02T09:39:35.610-0300] {logging_mixin.py:188} INFO - [2024-03-02T09:39:35.610-0300] {dag.py:3047} INFO - Sync 1 DAGs
[2024-03-02T09:39:35.633-0300] {logging_mixin.py:188} INFO - [2024-03-02T09:39:35.633-0300] {dag.py:3834} INFO - Setting next_dagrun for example_branch_dop_operator_v3 to 2024-03-02 12:38:00+00:00, run_after=2024-03-02 12:39:00+00:00
[2024-03-02T09:39:35.651-0300] {processor.py:183} INFO - Processing /home/victor/Área de Trabalho/airflow/venv/lib/python3.10/site-packages/airflow/example_dags/example_branch_python_dop_operator_3.py took 0.080 seconds
[2024-03-02T09:40:06.880-0300] {processor.py:161} INFO - Started process (PID=12067) to work on /home/victor/Área de Trabalho/airflow/venv/lib/python3.10/site-packages/airflow/example_dags/example_branch_python_dop_operator_3.py
[2024-03-02T09:40:06.881-0300] {processor.py:830} INFO - Processing file /home/victor/Área de Trabalho/airflow/venv/lib/python3.10/site-packages/airflow/example_dags/example_branch_python_dop_operator_3.py for tasks to queue
[2024-03-02T09:40:06.882-0300] {logging_mixin.py:188} INFO - [2024-03-02T09:40:06.882-0300] {dagbag.py:540} INFO - Filling up the DagBag from /home/victor/Área de Trabalho/airflow/venv/lib/python3.10/site-packages/airflow/example_dags/example_branch_python_dop_operator_3.py
[2024-03-02T09:40:06.891-0300] {processor.py:840} INFO - DAG(s) 'example_branch_dop_operator_v3' retrieved from /home/victor/Área de Trabalho/airflow/venv/lib/python3.10/site-packages/airflow/example_dags/example_branch_python_dop_operator_3.py
[2024-03-02T09:40:06.917-0300] {logging_mixin.py:188} INFO - [2024-03-02T09:40:06.917-0300] {dag.py:3047} INFO - Sync 1 DAGs
[2024-03-02T09:40:06.945-0300] {logging_mixin.py:188} INFO - [2024-03-02T09:40:06.945-0300] {dag.py:3834} INFO - Setting next_dagrun for example_branch_dop_operator_v3 to 2024-03-02 12:39:00+00:00, run_after=2024-03-02 12:40:00+00:00
[2024-03-02T09:40:06.964-0300] {processor.py:183} INFO - Processing /home/victor/Área de Trabalho/airflow/venv/lib/python3.10/site-packages/airflow/example_dags/example_branch_python_dop_operator_3.py took 0.087 seconds
[2024-03-02T09:40:38.441-0300] {processor.py:161} INFO - Started process (PID=12440) to work on /home/victor/Área de Trabalho/airflow/venv/lib/python3.10/site-packages/airflow/example_dags/example_branch_python_dop_operator_3.py
[2024-03-02T09:40:38.443-0300] {processor.py:830} INFO - Processing file /home/victor/Área de Trabalho/airflow/venv/lib/python3.10/site-packages/airflow/example_dags/example_branch_python_dop_operator_3.py for tasks to queue
[2024-03-02T09:40:38.444-0300] {logging_mixin.py:188} INFO - [2024-03-02T09:40:38.443-0300] {dagbag.py:540} INFO - Filling up the DagBag from /home/victor/Área de Trabalho/airflow/venv/lib/python3.10/site-packages/airflow/example_dags/example_branch_python_dop_operator_3.py
[2024-03-02T09:40:38.456-0300] {processor.py:840} INFO - DAG(s) 'example_branch_dop_operator_v3' retrieved from /home/victor/Área de Trabalho/airflow/venv/lib/python3.10/site-packages/airflow/example_dags/example_branch_python_dop_operator_3.py
[2024-03-02T09:40:38.485-0300] {logging_mixin.py:188} INFO - [2024-03-02T09:40:38.485-0300] {dag.py:3047} INFO - Sync 1 DAGs
[2024-03-02T09:40:38.510-0300] {logging_mixin.py:188} INFO - [2024-03-02T09:40:38.510-0300] {dag.py:3834} INFO - Setting next_dagrun for example_branch_dop_operator_v3 to 2024-03-02 12:39:00+00:00, run_after=2024-03-02 12:40:00+00:00
[2024-03-02T09:40:38.532-0300] {processor.py:183} INFO - Processing /home/victor/Área de Trabalho/airflow/venv/lib/python3.10/site-packages/airflow/example_dags/example_branch_python_dop_operator_3.py took 0.094 seconds
[2024-03-02T09:41:09.467-0300] {processor.py:161} INFO - Started process (PID=12919) to work on /home/victor/Área de Trabalho/airflow/venv/lib/python3.10/site-packages/airflow/example_dags/example_branch_python_dop_operator_3.py
[2024-03-02T09:41:09.468-0300] {processor.py:830} INFO - Processing file /home/victor/Área de Trabalho/airflow/venv/lib/python3.10/site-packages/airflow/example_dags/example_branch_python_dop_operator_3.py for tasks to queue
[2024-03-02T09:41:09.469-0300] {logging_mixin.py:188} INFO - [2024-03-02T09:41:09.468-0300] {dagbag.py:540} INFO - Filling up the DagBag from /home/victor/Área de Trabalho/airflow/venv/lib/python3.10/site-packages/airflow/example_dags/example_branch_python_dop_operator_3.py
[2024-03-02T09:41:09.478-0300] {processor.py:840} INFO - DAG(s) 'example_branch_dop_operator_v3' retrieved from /home/victor/Área de Trabalho/airflow/venv/lib/python3.10/site-packages/airflow/example_dags/example_branch_python_dop_operator_3.py
[2024-03-02T09:41:09.514-0300] {logging_mixin.py:188} INFO - [2024-03-02T09:41:09.514-0300] {dag.py:3047} INFO - Sync 1 DAGs
[2024-03-02T09:41:09.547-0300] {logging_mixin.py:188} INFO - [2024-03-02T09:41:09.546-0300] {dag.py:3834} INFO - Setting next_dagrun for example_branch_dop_operator_v3 to 2024-03-02 12:40:00+00:00, run_after=2024-03-02 12:41:00+00:00
[2024-03-02T09:41:09.569-0300] {processor.py:183} INFO - Processing /home/victor/Área de Trabalho/airflow/venv/lib/python3.10/site-packages/airflow/example_dags/example_branch_python_dop_operator_3.py took 0.105 seconds
[2024-03-02T09:41:40.118-0300] {processor.py:161} INFO - Started process (PID=13233) to work on /home/victor/Área de Trabalho/airflow/venv/lib/python3.10/site-packages/airflow/example_dags/example_branch_python_dop_operator_3.py
[2024-03-02T09:41:40.119-0300] {processor.py:830} INFO - Processing file /home/victor/Área de Trabalho/airflow/venv/lib/python3.10/site-packages/airflow/example_dags/example_branch_python_dop_operator_3.py for tasks to queue
[2024-03-02T09:41:40.120-0300] {logging_mixin.py:188} INFO - [2024-03-02T09:41:40.120-0300] {dagbag.py:540} INFO - Filling up the DagBag from /home/victor/Área de Trabalho/airflow/venv/lib/python3.10/site-packages/airflow/example_dags/example_branch_python_dop_operator_3.py
[2024-03-02T09:41:40.129-0300] {processor.py:840} INFO - DAG(s) 'example_branch_dop_operator_v3' retrieved from /home/victor/Área de Trabalho/airflow/venv/lib/python3.10/site-packages/airflow/example_dags/example_branch_python_dop_operator_3.py
[2024-03-02T09:41:40.156-0300] {logging_mixin.py:188} INFO - [2024-03-02T09:41:40.156-0300] {dag.py:3047} INFO - Sync 1 DAGs
[2024-03-02T09:41:40.184-0300] {logging_mixin.py:188} INFO - [2024-03-02T09:41:40.183-0300] {dag.py:3834} INFO - Setting next_dagrun for example_branch_dop_operator_v3 to 2024-03-02 12:40:00+00:00, run_after=2024-03-02 12:41:00+00:00
[2024-03-02T09:41:40.206-0300] {processor.py:183} INFO - Processing /home/victor/Área de Trabalho/airflow/venv/lib/python3.10/site-packages/airflow/example_dags/example_branch_python_dop_operator_3.py took 0.090 seconds
[2024-03-02T09:42:11.073-0300] {processor.py:161} INFO - Started process (PID=13875) to work on /home/victor/Área de Trabalho/airflow/venv/lib/python3.10/site-packages/airflow/example_dags/example_branch_python_dop_operator_3.py
[2024-03-02T09:42:11.075-0300] {processor.py:830} INFO - Processing file /home/victor/Área de Trabalho/airflow/venv/lib/python3.10/site-packages/airflow/example_dags/example_branch_python_dop_operator_3.py for tasks to queue
[2024-03-02T09:42:11.076-0300] {logging_mixin.py:188} INFO - [2024-03-02T09:42:11.075-0300] {dagbag.py:540} INFO - Filling up the DagBag from /home/victor/Área de Trabalho/airflow/venv/lib/python3.10/site-packages/airflow/example_dags/example_branch_python_dop_operator_3.py
[2024-03-02T09:42:11.085-0300] {processor.py:840} INFO - DAG(s) 'example_branch_dop_operator_v3' retrieved from /home/victor/Área de Trabalho/airflow/venv/lib/python3.10/site-packages/airflow/example_dags/example_branch_python_dop_operator_3.py
[2024-03-02T09:42:11.115-0300] {logging_mixin.py:188} INFO - [2024-03-02T09:42:11.114-0300] {dag.py:3047} INFO - Sync 1 DAGs
[2024-03-02T09:42:11.141-0300] {logging_mixin.py:188} INFO - [2024-03-02T09:42:11.140-0300] {dag.py:3834} INFO - Setting next_dagrun for example_branch_dop_operator_v3 to 2024-03-02 12:41:00+00:00, run_after=2024-03-02 12:42:00+00:00
[2024-03-02T09:42:11.164-0300] {processor.py:183} INFO - Processing /home/victor/Área de Trabalho/airflow/venv/lib/python3.10/site-packages/airflow/example_dags/example_branch_python_dop_operator_3.py took 0.094 seconds
[2024-03-02T09:42:42.129-0300] {processor.py:161} INFO - Started process (PID=14185) to work on /home/victor/Área de Trabalho/airflow/venv/lib/python3.10/site-packages/airflow/example_dags/example_branch_python_dop_operator_3.py
[2024-03-02T09:42:42.130-0300] {processor.py:830} INFO - Processing file /home/victor/Área de Trabalho/airflow/venv/lib/python3.10/site-packages/airflow/example_dags/example_branch_python_dop_operator_3.py for tasks to queue
[2024-03-02T09:42:42.131-0300] {logging_mixin.py:188} INFO - [2024-03-02T09:42:42.131-0300] {dagbag.py:540} INFO - Filling up the DagBag from /home/victor/Área de Trabalho/airflow/venv/lib/python3.10/site-packages/airflow/example_dags/example_branch_python_dop_operator_3.py
[2024-03-02T09:42:42.147-0300] {processor.py:840} INFO - DAG(s) 'example_branch_dop_operator_v3' retrieved from /home/victor/Área de Trabalho/airflow/venv/lib/python3.10/site-packages/airflow/example_dags/example_branch_python_dop_operator_3.py
[2024-03-02T09:42:42.180-0300] {logging_mixin.py:188} INFO - [2024-03-02T09:42:42.180-0300] {dag.py:3047} INFO - Sync 1 DAGs
[2024-03-02T09:42:42.210-0300] {logging_mixin.py:188} INFO - [2024-03-02T09:42:42.209-0300] {dag.py:3834} INFO - Setting next_dagrun for example_branch_dop_operator_v3 to 2024-03-02 12:41:00+00:00, run_after=2024-03-02 12:42:00+00:00
[2024-03-02T09:42:42.236-0300] {processor.py:183} INFO - Processing /home/victor/Área de Trabalho/airflow/venv/lib/python3.10/site-packages/airflow/example_dags/example_branch_python_dop_operator_3.py took 0.110 seconds
[2024-03-02T09:43:13.279-0300] {processor.py:161} INFO - Started process (PID=14676) to work on /home/victor/Área de Trabalho/airflow/venv/lib/python3.10/site-packages/airflow/example_dags/example_branch_python_dop_operator_3.py
[2024-03-02T09:43:13.280-0300] {processor.py:830} INFO - Processing file /home/victor/Área de Trabalho/airflow/venv/lib/python3.10/site-packages/airflow/example_dags/example_branch_python_dop_operator_3.py for tasks to queue
[2024-03-02T09:43:13.281-0300] {logging_mixin.py:188} INFO - [2024-03-02T09:43:13.280-0300] {dagbag.py:540} INFO - Filling up the DagBag from /home/victor/Área de Trabalho/airflow/venv/lib/python3.10/site-packages/airflow/example_dags/example_branch_python_dop_operator_3.py
[2024-03-02T09:43:13.289-0300] {processor.py:840} INFO - DAG(s) 'example_branch_dop_operator_v3' retrieved from /home/victor/Área de Trabalho/airflow/venv/lib/python3.10/site-packages/airflow/example_dags/example_branch_python_dop_operator_3.py
[2024-03-02T09:43:13.321-0300] {logging_mixin.py:188} INFO - [2024-03-02T09:43:13.321-0300] {dag.py:3047} INFO - Sync 1 DAGs
[2024-03-02T09:43:13.350-0300] {logging_mixin.py:188} INFO - [2024-03-02T09:43:13.350-0300] {dag.py:3834} INFO - Setting next_dagrun for example_branch_dop_operator_v3 to 2024-03-02 12:42:00+00:00, run_after=2024-03-02 12:43:00+00:00
[2024-03-02T09:43:13.372-0300] {processor.py:183} INFO - Processing /home/victor/Área de Trabalho/airflow/venv/lib/python3.10/site-packages/airflow/example_dags/example_branch_python_dop_operator_3.py took 0.096 seconds
[2024-03-02T09:43:43.689-0300] {processor.py:161} INFO - Started process (PID=14990) to work on /home/victor/Área de Trabalho/airflow/venv/lib/python3.10/site-packages/airflow/example_dags/example_branch_python_dop_operator_3.py
[2024-03-02T09:43:43.690-0300] {processor.py:830} INFO - Processing file /home/victor/Área de Trabalho/airflow/venv/lib/python3.10/site-packages/airflow/example_dags/example_branch_python_dop_operator_3.py for tasks to queue
[2024-03-02T09:43:43.691-0300] {logging_mixin.py:188} INFO - [2024-03-02T09:43:43.690-0300] {dagbag.py:540} INFO - Filling up the DagBag from /home/victor/Área de Trabalho/airflow/venv/lib/python3.10/site-packages/airflow/example_dags/example_branch_python_dop_operator_3.py
[2024-03-02T09:43:43.700-0300] {processor.py:840} INFO - DAG(s) 'example_branch_dop_operator_v3' retrieved from /home/victor/Área de Trabalho/airflow/venv/lib/python3.10/site-packages/airflow/example_dags/example_branch_python_dop_operator_3.py
[2024-03-02T09:43:43.731-0300] {logging_mixin.py:188} INFO - [2024-03-02T09:43:43.731-0300] {dag.py:3047} INFO - Sync 1 DAGs
[2024-03-02T09:43:43.761-0300] {logging_mixin.py:188} INFO - [2024-03-02T09:43:43.761-0300] {dag.py:3834} INFO - Setting next_dagrun for example_branch_dop_operator_v3 to 2024-03-02 12:42:00+00:00, run_after=2024-03-02 12:43:00+00:00
[2024-03-02T09:43:43.787-0300] {processor.py:183} INFO - Processing /home/victor/Área de Trabalho/airflow/venv/lib/python3.10/site-packages/airflow/example_dags/example_branch_python_dop_operator_3.py took 0.101 seconds
[2024-03-02T09:44:15.287-0300] {processor.py:161} INFO - Started process (PID=15480) to work on /home/victor/Área de Trabalho/airflow/venv/lib/python3.10/site-packages/airflow/example_dags/example_branch_python_dop_operator_3.py
[2024-03-02T09:44:15.288-0300] {processor.py:830} INFO - Processing file /home/victor/Área de Trabalho/airflow/venv/lib/python3.10/site-packages/airflow/example_dags/example_branch_python_dop_operator_3.py for tasks to queue
[2024-03-02T09:44:15.289-0300] {logging_mixin.py:188} INFO - [2024-03-02T09:44:15.289-0300] {dagbag.py:540} INFO - Filling up the DagBag from /home/victor/Área de Trabalho/airflow/venv/lib/python3.10/site-packages/airflow/example_dags/example_branch_python_dop_operator_3.py
[2024-03-02T09:44:15.298-0300] {processor.py:840} INFO - DAG(s) 'example_branch_dop_operator_v3' retrieved from /home/victor/Área de Trabalho/airflow/venv/lib/python3.10/site-packages/airflow/example_dags/example_branch_python_dop_operator_3.py
[2024-03-02T09:44:15.327-0300] {logging_mixin.py:188} INFO - [2024-03-02T09:44:15.327-0300] {dag.py:3047} INFO - Sync 1 DAGs
[2024-03-02T09:44:15.357-0300] {logging_mixin.py:188} INFO - [2024-03-02T09:44:15.357-0300] {dag.py:3834} INFO - Setting next_dagrun for example_branch_dop_operator_v3 to 2024-03-02 12:43:00+00:00, run_after=2024-03-02 12:44:00+00:00
[2024-03-02T09:44:15.390-0300] {processor.py:183} INFO - Processing /home/victor/Área de Trabalho/airflow/venv/lib/python3.10/site-packages/airflow/example_dags/example_branch_python_dop_operator_3.py took 0.106 seconds
[2024-03-02T09:44:45.987-0300] {processor.py:161} INFO - Started process (PID=15803) to work on /home/victor/Área de Trabalho/airflow/venv/lib/python3.10/site-packages/airflow/example_dags/example_branch_python_dop_operator_3.py
[2024-03-02T09:44:45.988-0300] {processor.py:830} INFO - Processing file /home/victor/Área de Trabalho/airflow/venv/lib/python3.10/site-packages/airflow/example_dags/example_branch_python_dop_operator_3.py for tasks to queue
[2024-03-02T09:44:45.989-0300] {logging_mixin.py:188} INFO - [2024-03-02T09:44:45.989-0300] {dagbag.py:540} INFO - Filling up the DagBag from /home/victor/Área de Trabalho/airflow/venv/lib/python3.10/site-packages/airflow/example_dags/example_branch_python_dop_operator_3.py
[2024-03-02T09:44:45.996-0300] {processor.py:840} INFO - DAG(s) 'example_branch_dop_operator_v3' retrieved from /home/victor/Área de Trabalho/airflow/venv/lib/python3.10/site-packages/airflow/example_dags/example_branch_python_dop_operator_3.py
[2024-03-02T09:44:46.025-0300] {logging_mixin.py:188} INFO - [2024-03-02T09:44:46.024-0300] {dag.py:3047} INFO - Sync 1 DAGs
[2024-03-02T09:44:46.054-0300] {logging_mixin.py:188} INFO - [2024-03-02T09:44:46.054-0300] {dag.py:3834} INFO - Setting next_dagrun for example_branch_dop_operator_v3 to 2024-03-02 12:43:00+00:00, run_after=2024-03-02 12:44:00+00:00
[2024-03-02T09:44:46.079-0300] {processor.py:183} INFO - Processing /home/victor/Área de Trabalho/airflow/venv/lib/python3.10/site-packages/airflow/example_dags/example_branch_python_dop_operator_3.py took 0.096 seconds
[2024-03-02T09:45:17.333-0300] {processor.py:161} INFO - Started process (PID=16288) to work on /home/victor/Área de Trabalho/airflow/venv/lib/python3.10/site-packages/airflow/example_dags/example_branch_python_dop_operator_3.py
[2024-03-02T09:45:17.334-0300] {processor.py:830} INFO - Processing file /home/victor/Área de Trabalho/airflow/venv/lib/python3.10/site-packages/airflow/example_dags/example_branch_python_dop_operator_3.py for tasks to queue
[2024-03-02T09:45:17.335-0300] {logging_mixin.py:188} INFO - [2024-03-02T09:45:17.334-0300] {dagbag.py:540} INFO - Filling up the DagBag from /home/victor/Área de Trabalho/airflow/venv/lib/python3.10/site-packages/airflow/example_dags/example_branch_python_dop_operator_3.py
[2024-03-02T09:45:17.343-0300] {processor.py:840} INFO - DAG(s) 'example_branch_dop_operator_v3' retrieved from /home/victor/Área de Trabalho/airflow/venv/lib/python3.10/site-packages/airflow/example_dags/example_branch_python_dop_operator_3.py
[2024-03-02T09:45:17.373-0300] {logging_mixin.py:188} INFO - [2024-03-02T09:45:17.372-0300] {dag.py:3047} INFO - Sync 1 DAGs
[2024-03-02T09:45:17.401-0300] {logging_mixin.py:188} INFO - [2024-03-02T09:45:17.401-0300] {dag.py:3834} INFO - Setting next_dagrun for example_branch_dop_operator_v3 to 2024-03-02 12:44:00+00:00, run_after=2024-03-02 12:45:00+00:00
[2024-03-02T09:45:17.422-0300] {processor.py:183} INFO - Processing /home/victor/Área de Trabalho/airflow/venv/lib/python3.10/site-packages/airflow/example_dags/example_branch_python_dop_operator_3.py took 0.091 seconds
[2024-03-02T09:45:47.736-0300] {processor.py:161} INFO - Started process (PID=16795) to work on /home/victor/Área de Trabalho/airflow/venv/lib/python3.10/site-packages/airflow/example_dags/example_branch_python_dop_operator_3.py
[2024-03-02T09:45:47.737-0300] {processor.py:830} INFO - Processing file /home/victor/Área de Trabalho/airflow/venv/lib/python3.10/site-packages/airflow/example_dags/example_branch_python_dop_operator_3.py for tasks to queue
[2024-03-02T09:45:47.738-0300] {logging_mixin.py:188} INFO - [2024-03-02T09:45:47.738-0300] {dagbag.py:540} INFO - Filling up the DagBag from /home/victor/Área de Trabalho/airflow/venv/lib/python3.10/site-packages/airflow/example_dags/example_branch_python_dop_operator_3.py
[2024-03-02T09:45:47.746-0300] {processor.py:840} INFO - DAG(s) 'example_branch_dop_operator_v3' retrieved from /home/victor/Área de Trabalho/airflow/venv/lib/python3.10/site-packages/airflow/example_dags/example_branch_python_dop_operator_3.py
[2024-03-02T09:45:47.782-0300] {logging_mixin.py:188} INFO - [2024-03-02T09:45:47.782-0300] {dag.py:3047} INFO - Sync 1 DAGs
[2024-03-02T09:45:47.809-0300] {logging_mixin.py:188} INFO - [2024-03-02T09:45:47.809-0300] {dag.py:3834} INFO - Setting next_dagrun for example_branch_dop_operator_v3 to 2024-03-02 12:44:00+00:00, run_after=2024-03-02 12:45:00+00:00
[2024-03-02T09:45:47.832-0300] {processor.py:183} INFO - Processing /home/victor/Área de Trabalho/airflow/venv/lib/python3.10/site-packages/airflow/example_dags/example_branch_python_dop_operator_3.py took 0.099 seconds
[2024-03-02T09:46:19.615-0300] {processor.py:161} INFO - Started process (PID=17279) to work on /home/victor/Área de Trabalho/airflow/venv/lib/python3.10/site-packages/airflow/example_dags/example_branch_python_dop_operator_3.py
[2024-03-02T09:46:19.616-0300] {processor.py:830} INFO - Processing file /home/victor/Área de Trabalho/airflow/venv/lib/python3.10/site-packages/airflow/example_dags/example_branch_python_dop_operator_3.py for tasks to queue
[2024-03-02T09:46:19.617-0300] {logging_mixin.py:188} INFO - [2024-03-02T09:46:19.616-0300] {dagbag.py:540} INFO - Filling up the DagBag from /home/victor/Área de Trabalho/airflow/venv/lib/python3.10/site-packages/airflow/example_dags/example_branch_python_dop_operator_3.py
[2024-03-02T09:46:19.627-0300] {processor.py:840} INFO - DAG(s) 'example_branch_dop_operator_v3' retrieved from /home/victor/Área de Trabalho/airflow/venv/lib/python3.10/site-packages/airflow/example_dags/example_branch_python_dop_operator_3.py
[2024-03-02T09:46:19.655-0300] {logging_mixin.py:188} INFO - [2024-03-02T09:46:19.655-0300] {dag.py:3047} INFO - Sync 1 DAGs
[2024-03-02T09:46:19.684-0300] {logging_mixin.py:188} INFO - [2024-03-02T09:46:19.684-0300] {dag.py:3834} INFO - Setting next_dagrun for example_branch_dop_operator_v3 to 2024-03-02 12:45:00+00:00, run_after=2024-03-02 12:46:00+00:00
[2024-03-02T09:46:19.706-0300] {processor.py:183} INFO - Processing /home/victor/Área de Trabalho/airflow/venv/lib/python3.10/site-packages/airflow/example_dags/example_branch_python_dop_operator_3.py took 0.094 seconds
[2024-03-02T09:46:50.115-0300] {processor.py:161} INFO - Started process (PID=17600) to work on /home/victor/Área de Trabalho/airflow/venv/lib/python3.10/site-packages/airflow/example_dags/example_branch_python_dop_operator_3.py
[2024-03-02T09:46:50.116-0300] {processor.py:830} INFO - Processing file /home/victor/Área de Trabalho/airflow/venv/lib/python3.10/site-packages/airflow/example_dags/example_branch_python_dop_operator_3.py for tasks to queue
[2024-03-02T09:46:50.117-0300] {logging_mixin.py:188} INFO - [2024-03-02T09:46:50.117-0300] {dagbag.py:540} INFO - Filling up the DagBag from /home/victor/Área de Trabalho/airflow/venv/lib/python3.10/site-packages/airflow/example_dags/example_branch_python_dop_operator_3.py
[2024-03-02T09:46:50.124-0300] {processor.py:840} INFO - DAG(s) 'example_branch_dop_operator_v3' retrieved from /home/victor/Área de Trabalho/airflow/venv/lib/python3.10/site-packages/airflow/example_dags/example_branch_python_dop_operator_3.py
[2024-03-02T09:46:50.152-0300] {logging_mixin.py:188} INFO - [2024-03-02T09:46:50.152-0300] {dag.py:3047} INFO - Sync 1 DAGs
[2024-03-02T09:46:50.179-0300] {logging_mixin.py:188} INFO - [2024-03-02T09:46:50.178-0300] {dag.py:3834} INFO - Setting next_dagrun for example_branch_dop_operator_v3 to 2024-03-02 12:45:00+00:00, run_after=2024-03-02 12:46:00+00:00
[2024-03-02T09:46:50.201-0300] {processor.py:183} INFO - Processing /home/victor/Área de Trabalho/airflow/venv/lib/python3.10/site-packages/airflow/example_dags/example_branch_python_dop_operator_3.py took 0.090 seconds
[2024-03-02T09:47:21.134-0300] {processor.py:161} INFO - Started process (PID=18255) to work on /home/victor/Área de Trabalho/airflow/venv/lib/python3.10/site-packages/airflow/example_dags/example_branch_python_dop_operator_3.py
[2024-03-02T09:47:21.135-0300] {processor.py:830} INFO - Processing file /home/victor/Área de Trabalho/airflow/venv/lib/python3.10/site-packages/airflow/example_dags/example_branch_python_dop_operator_3.py for tasks to queue
[2024-03-02T09:47:21.136-0300] {logging_mixin.py:188} INFO - [2024-03-02T09:47:21.135-0300] {dagbag.py:540} INFO - Filling up the DagBag from /home/victor/Área de Trabalho/airflow/venv/lib/python3.10/site-packages/airflow/example_dags/example_branch_python_dop_operator_3.py
[2024-03-02T09:47:21.143-0300] {processor.py:840} INFO - DAG(s) 'example_branch_dop_operator_v3' retrieved from /home/victor/Área de Trabalho/airflow/venv/lib/python3.10/site-packages/airflow/example_dags/example_branch_python_dop_operator_3.py
[2024-03-02T09:47:21.173-0300] {logging_mixin.py:188} INFO - [2024-03-02T09:47:21.173-0300] {dag.py:3047} INFO - Sync 1 DAGs
[2024-03-02T09:47:21.197-0300] {logging_mixin.py:188} INFO - [2024-03-02T09:47:21.197-0300] {dag.py:3834} INFO - Setting next_dagrun for example_branch_dop_operator_v3 to 2024-03-02 12:46:00+00:00, run_after=2024-03-02 12:47:00+00:00
[2024-03-02T09:47:21.217-0300] {processor.py:183} INFO - Processing /home/victor/Área de Trabalho/airflow/venv/lib/python3.10/site-packages/airflow/example_dags/example_branch_python_dop_operator_3.py took 0.086 seconds
[2024-03-02T09:47:51.829-0300] {processor.py:161} INFO - Started process (PID=18579) to work on /home/victor/Área de Trabalho/airflow/venv/lib/python3.10/site-packages/airflow/example_dags/example_branch_python_dop_operator_3.py
[2024-03-02T09:47:51.830-0300] {processor.py:830} INFO - Processing file /home/victor/Área de Trabalho/airflow/venv/lib/python3.10/site-packages/airflow/example_dags/example_branch_python_dop_operator_3.py for tasks to queue
[2024-03-02T09:47:51.831-0300] {logging_mixin.py:188} INFO - [2024-03-02T09:47:51.831-0300] {dagbag.py:540} INFO - Filling up the DagBag from /home/victor/Área de Trabalho/airflow/venv/lib/python3.10/site-packages/airflow/example_dags/example_branch_python_dop_operator_3.py
[2024-03-02T09:47:51.840-0300] {processor.py:840} INFO - DAG(s) 'example_branch_dop_operator_v3' retrieved from /home/victor/Área de Trabalho/airflow/venv/lib/python3.10/site-packages/airflow/example_dags/example_branch_python_dop_operator_3.py
[2024-03-02T09:47:51.867-0300] {logging_mixin.py:188} INFO - [2024-03-02T09:47:51.866-0300] {dag.py:3047} INFO - Sync 1 DAGs
[2024-03-02T09:47:51.893-0300] {logging_mixin.py:188} INFO - [2024-03-02T09:47:51.892-0300] {dag.py:3834} INFO - Setting next_dagrun for example_branch_dop_operator_v3 to 2024-03-02 12:46:00+00:00, run_after=2024-03-02 12:47:00+00:00
[2024-03-02T09:47:51.913-0300] {processor.py:183} INFO - Processing /home/victor/Área de Trabalho/airflow/venv/lib/python3.10/site-packages/airflow/example_dags/example_branch_python_dop_operator_3.py took 0.088 seconds
[2024-03-02T09:48:22.419-0300] {processor.py:161} INFO - Started process (PID=19066) to work on /home/victor/Área de Trabalho/airflow/venv/lib/python3.10/site-packages/airflow/example_dags/example_branch_python_dop_operator_3.py
[2024-03-02T09:48:22.420-0300] {processor.py:830} INFO - Processing file /home/victor/Área de Trabalho/airflow/venv/lib/python3.10/site-packages/airflow/example_dags/example_branch_python_dop_operator_3.py for tasks to queue
[2024-03-02T09:48:22.421-0300] {logging_mixin.py:188} INFO - [2024-03-02T09:48:22.420-0300] {dagbag.py:540} INFO - Filling up the DagBag from /home/victor/Área de Trabalho/airflow/venv/lib/python3.10/site-packages/airflow/example_dags/example_branch_python_dop_operator_3.py
[2024-03-02T09:48:22.429-0300] {processor.py:840} INFO - DAG(s) 'example_branch_dop_operator_v3' retrieved from /home/victor/Área de Trabalho/airflow/venv/lib/python3.10/site-packages/airflow/example_dags/example_branch_python_dop_operator_3.py
[2024-03-02T09:48:22.458-0300] {logging_mixin.py:188} INFO - [2024-03-02T09:48:22.458-0300] {dag.py:3047} INFO - Sync 1 DAGs
[2024-03-02T09:48:22.485-0300] {logging_mixin.py:188} INFO - [2024-03-02T09:48:22.485-0300] {dag.py:3834} INFO - Setting next_dagrun for example_branch_dop_operator_v3 to 2024-03-02 12:47:00+00:00, run_after=2024-03-02 12:48:00+00:00
[2024-03-02T09:48:22.505-0300] {processor.py:183} INFO - Processing /home/victor/Área de Trabalho/airflow/venv/lib/python3.10/site-packages/airflow/example_dags/example_branch_python_dop_operator_3.py took 0.089 seconds
[2024-03-02T09:48:53.274-0300] {processor.py:161} INFO - Started process (PID=19409) to work on /home/victor/Área de Trabalho/airflow/venv/lib/python3.10/site-packages/airflow/example_dags/example_branch_python_dop_operator_3.py
[2024-03-02T09:48:53.276-0300] {processor.py:830} INFO - Processing file /home/victor/Área de Trabalho/airflow/venv/lib/python3.10/site-packages/airflow/example_dags/example_branch_python_dop_operator_3.py for tasks to queue
[2024-03-02T09:48:53.276-0300] {logging_mixin.py:188} INFO - [2024-03-02T09:48:53.276-0300] {dagbag.py:540} INFO - Filling up the DagBag from /home/victor/Área de Trabalho/airflow/venv/lib/python3.10/site-packages/airflow/example_dags/example_branch_python_dop_operator_3.py
[2024-03-02T09:48:53.285-0300] {processor.py:840} INFO - DAG(s) 'example_branch_dop_operator_v3' retrieved from /home/victor/Área de Trabalho/airflow/venv/lib/python3.10/site-packages/airflow/example_dags/example_branch_python_dop_operator_3.py
[2024-03-02T09:48:53.313-0300] {logging_mixin.py:188} INFO - [2024-03-02T09:48:53.313-0300] {dag.py:3047} INFO - Sync 1 DAGs
[2024-03-02T09:48:53.341-0300] {logging_mixin.py:188} INFO - [2024-03-02T09:48:53.341-0300] {dag.py:3834} INFO - Setting next_dagrun for example_branch_dop_operator_v3 to 2024-03-02 12:47:00+00:00, run_after=2024-03-02 12:48:00+00:00
[2024-03-02T09:48:53.364-0300] {processor.py:183} INFO - Processing /home/victor/Área de Trabalho/airflow/venv/lib/python3.10/site-packages/airflow/example_dags/example_branch_python_dop_operator_3.py took 0.092 seconds
[2024-03-02T09:49:24.064-0300] {processor.py:161} INFO - Started process (PID=19891) to work on /home/victor/Área de Trabalho/airflow/venv/lib/python3.10/site-packages/airflow/example_dags/example_branch_python_dop_operator_3.py
[2024-03-02T09:49:24.065-0300] {processor.py:830} INFO - Processing file /home/victor/Área de Trabalho/airflow/venv/lib/python3.10/site-packages/airflow/example_dags/example_branch_python_dop_operator_3.py for tasks to queue
[2024-03-02T09:49:24.066-0300] {logging_mixin.py:188} INFO - [2024-03-02T09:49:24.066-0300] {dagbag.py:540} INFO - Filling up the DagBag from /home/victor/Área de Trabalho/airflow/venv/lib/python3.10/site-packages/airflow/example_dags/example_branch_python_dop_operator_3.py
[2024-03-02T09:49:24.075-0300] {processor.py:840} INFO - DAG(s) 'example_branch_dop_operator_v3' retrieved from /home/victor/Área de Trabalho/airflow/venv/lib/python3.10/site-packages/airflow/example_dags/example_branch_python_dop_operator_3.py
[2024-03-02T09:49:24.103-0300] {logging_mixin.py:188} INFO - [2024-03-02T09:49:24.102-0300] {dag.py:3047} INFO - Sync 1 DAGs
[2024-03-02T09:49:24.132-0300] {logging_mixin.py:188} INFO - [2024-03-02T09:49:24.132-0300] {dag.py:3834} INFO - Setting next_dagrun for example_branch_dop_operator_v3 to 2024-03-02 12:48:00+00:00, run_after=2024-03-02 12:49:00+00:00
[2024-03-02T09:49:24.155-0300] {processor.py:183} INFO - Processing /home/victor/Área de Trabalho/airflow/venv/lib/python3.10/site-packages/airflow/example_dags/example_branch_python_dop_operator_3.py took 0.093 seconds
[2024-03-02T09:49:54.697-0300] {processor.py:161} INFO - Started process (PID=20212) to work on /home/victor/Área de Trabalho/airflow/venv/lib/python3.10/site-packages/airflow/example_dags/example_branch_python_dop_operator_3.py
[2024-03-02T09:49:54.698-0300] {processor.py:830} INFO - Processing file /home/victor/Área de Trabalho/airflow/venv/lib/python3.10/site-packages/airflow/example_dags/example_branch_python_dop_operator_3.py for tasks to queue
[2024-03-02T09:49:54.699-0300] {logging_mixin.py:188} INFO - [2024-03-02T09:49:54.699-0300] {dagbag.py:540} INFO - Filling up the DagBag from /home/victor/Área de Trabalho/airflow/venv/lib/python3.10/site-packages/airflow/example_dags/example_branch_python_dop_operator_3.py
[2024-03-02T09:49:54.707-0300] {processor.py:840} INFO - DAG(s) 'example_branch_dop_operator_v3' retrieved from /home/victor/Área de Trabalho/airflow/venv/lib/python3.10/site-packages/airflow/example_dags/example_branch_python_dop_operator_3.py
[2024-03-02T09:49:54.736-0300] {logging_mixin.py:188} INFO - [2024-03-02T09:49:54.735-0300] {dag.py:3047} INFO - Sync 1 DAGs
[2024-03-02T09:49:54.761-0300] {logging_mixin.py:188} INFO - [2024-03-02T09:49:54.761-0300] {dag.py:3834} INFO - Setting next_dagrun for example_branch_dop_operator_v3 to 2024-03-02 12:48:00+00:00, run_after=2024-03-02 12:49:00+00:00
[2024-03-02T09:49:54.782-0300] {processor.py:183} INFO - Processing /home/victor/Área de Trabalho/airflow/venv/lib/python3.10/site-packages/airflow/example_dags/example_branch_python_dop_operator_3.py took 0.088 seconds
[2024-03-02T09:50:25.137-0300] {processor.py:161} INFO - Started process (PID=20694) to work on /home/victor/Área de Trabalho/airflow/venv/lib/python3.10/site-packages/airflow/example_dags/example_branch_python_dop_operator_3.py
[2024-03-02T09:50:25.138-0300] {processor.py:830} INFO - Processing file /home/victor/Área de Trabalho/airflow/venv/lib/python3.10/site-packages/airflow/example_dags/example_branch_python_dop_operator_3.py for tasks to queue
[2024-03-02T09:50:25.139-0300] {logging_mixin.py:188} INFO - [2024-03-02T09:50:25.138-0300] {dagbag.py:540} INFO - Filling up the DagBag from /home/victor/Área de Trabalho/airflow/venv/lib/python3.10/site-packages/airflow/example_dags/example_branch_python_dop_operator_3.py
[2024-03-02T09:50:25.146-0300] {processor.py:840} INFO - DAG(s) 'example_branch_dop_operator_v3' retrieved from /home/victor/Área de Trabalho/airflow/venv/lib/python3.10/site-packages/airflow/example_dags/example_branch_python_dop_operator_3.py
[2024-03-02T09:50:25.171-0300] {logging_mixin.py:188} INFO - [2024-03-02T09:50:25.171-0300] {dag.py:3047} INFO - Sync 1 DAGs
[2024-03-02T09:50:25.195-0300] {logging_mixin.py:188} INFO - [2024-03-02T09:50:25.195-0300] {dag.py:3834} INFO - Setting next_dagrun for example_branch_dop_operator_v3 to 2024-03-02 12:49:00+00:00, run_after=2024-03-02 12:50:00+00:00
[2024-03-02T09:50:25.215-0300] {processor.py:183} INFO - Processing /home/victor/Área de Trabalho/airflow/venv/lib/python3.10/site-packages/airflow/example_dags/example_branch_python_dop_operator_3.py took 0.080 seconds
[2024-03-02T09:50:56.867-0300] {processor.py:161} INFO - Started process (PID=21055) to work on /home/victor/Área de Trabalho/airflow/venv/lib/python3.10/site-packages/airflow/example_dags/example_branch_python_dop_operator_3.py
[2024-03-02T09:50:56.868-0300] {processor.py:830} INFO - Processing file /home/victor/Área de Trabalho/airflow/venv/lib/python3.10/site-packages/airflow/example_dags/example_branch_python_dop_operator_3.py for tasks to queue
[2024-03-02T09:50:56.869-0300] {logging_mixin.py:188} INFO - [2024-03-02T09:50:56.869-0300] {dagbag.py:540} INFO - Filling up the DagBag from /home/victor/Área de Trabalho/airflow/venv/lib/python3.10/site-packages/airflow/example_dags/example_branch_python_dop_operator_3.py
[2024-03-02T09:50:56.878-0300] {processor.py:840} INFO - DAG(s) 'example_branch_dop_operator_v3' retrieved from /home/victor/Área de Trabalho/airflow/venv/lib/python3.10/site-packages/airflow/example_dags/example_branch_python_dop_operator_3.py
[2024-03-02T09:50:56.913-0300] {logging_mixin.py:188} INFO - [2024-03-02T09:50:56.913-0300] {dag.py:3047} INFO - Sync 1 DAGs
[2024-03-02T09:50:56.941-0300] {logging_mixin.py:188} INFO - [2024-03-02T09:50:56.941-0300] {dag.py:3834} INFO - Setting next_dagrun for example_branch_dop_operator_v3 to 2024-03-02 12:49:00+00:00, run_after=2024-03-02 12:50:00+00:00
[2024-03-02T09:50:56.963-0300] {processor.py:183} INFO - Processing /home/victor/Área de Trabalho/airflow/venv/lib/python3.10/site-packages/airflow/example_dags/example_branch_python_dop_operator_3.py took 0.099 seconds
[2024-03-02T09:51:27.431-0300] {processor.py:161} INFO - Started process (PID=21532) to work on /home/victor/Área de Trabalho/airflow/venv/lib/python3.10/site-packages/airflow/example_dags/example_branch_python_dop_operator_3.py
[2024-03-02T09:51:27.431-0300] {processor.py:830} INFO - Processing file /home/victor/Área de Trabalho/airflow/venv/lib/python3.10/site-packages/airflow/example_dags/example_branch_python_dop_operator_3.py for tasks to queue
[2024-03-02T09:51:27.434-0300] {logging_mixin.py:188} INFO - [2024-03-02T09:51:27.433-0300] {dagbag.py:540} INFO - Filling up the DagBag from /home/victor/Área de Trabalho/airflow/venv/lib/python3.10/site-packages/airflow/example_dags/example_branch_python_dop_operator_3.py
[2024-03-02T09:51:27.442-0300] {processor.py:840} INFO - DAG(s) 'example_branch_dop_operator_v3' retrieved from /home/victor/Área de Trabalho/airflow/venv/lib/python3.10/site-packages/airflow/example_dags/example_branch_python_dop_operator_3.py
[2024-03-02T09:51:27.472-0300] {logging_mixin.py:188} INFO - [2024-03-02T09:51:27.472-0300] {dag.py:3047} INFO - Sync 1 DAGs
[2024-03-02T09:51:27.502-0300] {logging_mixin.py:188} INFO - [2024-03-02T09:51:27.502-0300] {dag.py:3834} INFO - Setting next_dagrun for example_branch_dop_operator_v3 to 2024-03-02 12:50:00+00:00, run_after=2024-03-02 12:51:00+00:00
[2024-03-02T09:51:27.522-0300] {processor.py:183} INFO - Processing /home/victor/Área de Trabalho/airflow/venv/lib/python3.10/site-packages/airflow/example_dags/example_branch_python_dop_operator_3.py took 0.095 seconds
[2024-03-02T09:51:58.121-0300] {processor.py:161} INFO - Started process (PID=21914) to work on /home/victor/Área de Trabalho/airflow/venv/lib/python3.10/site-packages/airflow/example_dags/example_branch_python_dop_operator_3.py
[2024-03-02T09:51:58.123-0300] {processor.py:830} INFO - Processing file /home/victor/Área de Trabalho/airflow/venv/lib/python3.10/site-packages/airflow/example_dags/example_branch_python_dop_operator_3.py for tasks to queue
[2024-03-02T09:51:58.123-0300] {logging_mixin.py:188} INFO - [2024-03-02T09:51:58.123-0300] {dagbag.py:540} INFO - Filling up the DagBag from /home/victor/Área de Trabalho/airflow/venv/lib/python3.10/site-packages/airflow/example_dags/example_branch_python_dop_operator_3.py
[2024-03-02T09:51:58.131-0300] {processor.py:840} INFO - DAG(s) 'example_branch_dop_operator_v3' retrieved from /home/victor/Área de Trabalho/airflow/venv/lib/python3.10/site-packages/airflow/example_dags/example_branch_python_dop_operator_3.py
[2024-03-02T09:51:58.160-0300] {logging_mixin.py:188} INFO - [2024-03-02T09:51:58.160-0300] {dag.py:3047} INFO - Sync 1 DAGs
[2024-03-02T09:51:58.187-0300] {logging_mixin.py:188} INFO - [2024-03-02T09:51:58.187-0300] {dag.py:3834} INFO - Setting next_dagrun for example_branch_dop_operator_v3 to 2024-03-02 12:50:00+00:00, run_after=2024-03-02 12:51:00+00:00
[2024-03-02T09:51:58.205-0300] {processor.py:183} INFO - Processing /home/victor/Área de Trabalho/airflow/venv/lib/python3.10/site-packages/airflow/example_dags/example_branch_python_dop_operator_3.py took 0.088 seconds
[2024-03-02T09:52:28.816-0300] {processor.py:161} INFO - Started process (PID=22497) to work on /home/victor/Área de Trabalho/airflow/venv/lib/python3.10/site-packages/airflow/example_dags/example_branch_python_dop_operator_3.py
[2024-03-02T09:52:28.817-0300] {processor.py:830} INFO - Processing file /home/victor/Área de Trabalho/airflow/venv/lib/python3.10/site-packages/airflow/example_dags/example_branch_python_dop_operator_3.py for tasks to queue
[2024-03-02T09:52:28.818-0300] {logging_mixin.py:188} INFO - [2024-03-02T09:52:28.818-0300] {dagbag.py:540} INFO - Filling up the DagBag from /home/victor/Área de Trabalho/airflow/venv/lib/python3.10/site-packages/airflow/example_dags/example_branch_python_dop_operator_3.py
[2024-03-02T09:52:28.825-0300] {processor.py:840} INFO - DAG(s) 'example_branch_dop_operator_v3' retrieved from /home/victor/Área de Trabalho/airflow/venv/lib/python3.10/site-packages/airflow/example_dags/example_branch_python_dop_operator_3.py
[2024-03-02T09:52:28.851-0300] {logging_mixin.py:188} INFO - [2024-03-02T09:52:28.851-0300] {dag.py:3047} INFO - Sync 1 DAGs
[2024-03-02T09:52:28.875-0300] {logging_mixin.py:188} INFO - [2024-03-02T09:52:28.875-0300] {dag.py:3834} INFO - Setting next_dagrun for example_branch_dop_operator_v3 to 2024-03-02 12:51:00+00:00, run_after=2024-03-02 12:52:00+00:00
[2024-03-02T09:52:28.897-0300] {processor.py:183} INFO - Processing /home/victor/Área de Trabalho/airflow/venv/lib/python3.10/site-packages/airflow/example_dags/example_branch_python_dop_operator_3.py took 0.084 seconds
[2024-03-02T09:52:59.446-0300] {processor.py:161} INFO - Started process (PID=22883) to work on /home/victor/Área de Trabalho/airflow/venv/lib/python3.10/site-packages/airflow/example_dags/example_branch_python_dop_operator_3.py
[2024-03-02T09:52:59.447-0300] {processor.py:830} INFO - Processing file /home/victor/Área de Trabalho/airflow/venv/lib/python3.10/site-packages/airflow/example_dags/example_branch_python_dop_operator_3.py for tasks to queue
[2024-03-02T09:52:59.447-0300] {logging_mixin.py:188} INFO - [2024-03-02T09:52:59.447-0300] {dagbag.py:540} INFO - Filling up the DagBag from /home/victor/Área de Trabalho/airflow/venv/lib/python3.10/site-packages/airflow/example_dags/example_branch_python_dop_operator_3.py
[2024-03-02T09:52:59.455-0300] {processor.py:840} INFO - DAG(s) 'example_branch_dop_operator_v3' retrieved from /home/victor/Área de Trabalho/airflow/venv/lib/python3.10/site-packages/airflow/example_dags/example_branch_python_dop_operator_3.py
[2024-03-02T09:52:59.482-0300] {logging_mixin.py:188} INFO - [2024-03-02T09:52:59.482-0300] {dag.py:3047} INFO - Sync 1 DAGs
[2024-03-02T09:52:59.509-0300] {logging_mixin.py:188} INFO - [2024-03-02T09:52:59.509-0300] {dag.py:3834} INFO - Setting next_dagrun for example_branch_dop_operator_v3 to 2024-03-02 12:51:00+00:00, run_after=2024-03-02 12:52:00+00:00
[2024-03-02T09:52:59.531-0300] {processor.py:183} INFO - Processing /home/victor/Área de Trabalho/airflow/venv/lib/python3.10/site-packages/airflow/example_dags/example_branch_python_dop_operator_3.py took 0.088 seconds
[2024-03-02T09:53:29.841-0300] {processor.py:161} INFO - Started process (PID=23306) to work on /home/victor/Área de Trabalho/airflow/venv/lib/python3.10/site-packages/airflow/example_dags/example_branch_python_dop_operator_3.py
[2024-03-02T09:53:29.841-0300] {processor.py:830} INFO - Processing file /home/victor/Área de Trabalho/airflow/venv/lib/python3.10/site-packages/airflow/example_dags/example_branch_python_dop_operator_3.py for tasks to queue
[2024-03-02T09:53:29.842-0300] {logging_mixin.py:188} INFO - [2024-03-02T09:53:29.842-0300] {dagbag.py:540} INFO - Filling up the DagBag from /home/victor/Área de Trabalho/airflow/venv/lib/python3.10/site-packages/airflow/example_dags/example_branch_python_dop_operator_3.py
[2024-03-02T09:53:29.855-0300] {processor.py:840} INFO - DAG(s) 'example_branch_dop_operator_v3' retrieved from /home/victor/Área de Trabalho/airflow/venv/lib/python3.10/site-packages/airflow/example_dags/example_branch_python_dop_operator_3.py
[2024-03-02T09:53:29.881-0300] {logging_mixin.py:188} INFO - [2024-03-02T09:53:29.881-0300] {dag.py:3047} INFO - Sync 1 DAGs
[2024-03-02T09:53:29.907-0300] {logging_mixin.py:188} INFO - [2024-03-02T09:53:29.907-0300] {dag.py:3834} INFO - Setting next_dagrun for example_branch_dop_operator_v3 to 2024-03-02 12:52:00+00:00, run_after=2024-03-02 12:53:00+00:00
[2024-03-02T09:53:29.927-0300] {processor.py:183} INFO - Processing /home/victor/Área de Trabalho/airflow/venv/lib/python3.10/site-packages/airflow/example_dags/example_branch_python_dop_operator_3.py took 0.089 seconds
[2024-03-02T09:54:00.696-0300] {processor.py:161} INFO - Started process (PID=23789) to work on /home/victor/Área de Trabalho/airflow/venv/lib/python3.10/site-packages/airflow/example_dags/example_branch_python_dop_operator_3.py
[2024-03-02T09:54:00.697-0300] {processor.py:830} INFO - Processing file /home/victor/Área de Trabalho/airflow/venv/lib/python3.10/site-packages/airflow/example_dags/example_branch_python_dop_operator_3.py for tasks to queue
[2024-03-02T09:54:00.698-0300] {logging_mixin.py:188} INFO - [2024-03-02T09:54:00.698-0300] {dagbag.py:540} INFO - Filling up the DagBag from /home/victor/Área de Trabalho/airflow/venv/lib/python3.10/site-packages/airflow/example_dags/example_branch_python_dop_operator_3.py
[2024-03-02T09:54:00.707-0300] {processor.py:840} INFO - DAG(s) 'example_branch_dop_operator_v3' retrieved from /home/victor/Área de Trabalho/airflow/venv/lib/python3.10/site-packages/airflow/example_dags/example_branch_python_dop_operator_3.py
[2024-03-02T09:54:00.734-0300] {logging_mixin.py:188} INFO - [2024-03-02T09:54:00.734-0300] {dag.py:3047} INFO - Sync 1 DAGs
[2024-03-02T09:54:00.762-0300] {logging_mixin.py:188} INFO - [2024-03-02T09:54:00.761-0300] {dag.py:3834} INFO - Setting next_dagrun for example_branch_dop_operator_v3 to 2024-03-02 12:53:00+00:00, run_after=2024-03-02 12:54:00+00:00
[2024-03-02T09:54:00.781-0300] {processor.py:183} INFO - Processing /home/victor/Área de Trabalho/airflow/venv/lib/python3.10/site-packages/airflow/example_dags/example_branch_python_dop_operator_3.py took 0.088 seconds
[2024-03-02T09:54:31.841-0300] {processor.py:161} INFO - Started process (PID=24269) to work on /home/victor/Área de Trabalho/airflow/venv/lib/python3.10/site-packages/airflow/example_dags/example_branch_python_dop_operator_3.py
[2024-03-02T09:54:31.841-0300] {processor.py:830} INFO - Processing file /home/victor/Área de Trabalho/airflow/venv/lib/python3.10/site-packages/airflow/example_dags/example_branch_python_dop_operator_3.py for tasks to queue
[2024-03-02T09:54:31.842-0300] {logging_mixin.py:188} INFO - [2024-03-02T09:54:31.842-0300] {dagbag.py:540} INFO - Filling up the DagBag from /home/victor/Área de Trabalho/airflow/venv/lib/python3.10/site-packages/airflow/example_dags/example_branch_python_dop_operator_3.py
[2024-03-02T09:54:31.849-0300] {processor.py:840} INFO - DAG(s) 'example_branch_dop_operator_v3' retrieved from /home/victor/Área de Trabalho/airflow/venv/lib/python3.10/site-packages/airflow/example_dags/example_branch_python_dop_operator_3.py
[2024-03-02T09:54:31.880-0300] {logging_mixin.py:188} INFO - [2024-03-02T09:54:31.880-0300] {dag.py:3047} INFO - Sync 1 DAGs
[2024-03-02T09:54:31.907-0300] {logging_mixin.py:188} INFO - [2024-03-02T09:54:31.906-0300] {dag.py:3834} INFO - Setting next_dagrun for example_branch_dop_operator_v3 to 2024-03-02 12:53:00+00:00, run_after=2024-03-02 12:54:00+00:00
[2024-03-02T09:54:31.927-0300] {processor.py:183} INFO - Processing /home/victor/Área de Trabalho/airflow/venv/lib/python3.10/site-packages/airflow/example_dags/example_branch_python_dop_operator_3.py took 0.089 seconds
[2024-03-02T09:55:02.421-0300] {processor.py:161} INFO - Started process (PID=24846) to work on /home/victor/Área de Trabalho/airflow/venv/lib/python3.10/site-packages/airflow/example_dags/example_branch_python_dop_operator_3.py
[2024-03-02T09:55:02.423-0300] {processor.py:830} INFO - Processing file /home/victor/Área de Trabalho/airflow/venv/lib/python3.10/site-packages/airflow/example_dags/example_branch_python_dop_operator_3.py for tasks to queue
[2024-03-02T09:55:02.424-0300] {logging_mixin.py:188} INFO - [2024-03-02T09:55:02.424-0300] {dagbag.py:540} INFO - Filling up the DagBag from /home/victor/Área de Trabalho/airflow/venv/lib/python3.10/site-packages/airflow/example_dags/example_branch_python_dop_operator_3.py
[2024-03-02T09:55:02.439-0300] {processor.py:840} INFO - DAG(s) 'example_branch_dop_operator_v3' retrieved from /home/victor/Área de Trabalho/airflow/venv/lib/python3.10/site-packages/airflow/example_dags/example_branch_python_dop_operator_3.py
[2024-03-02T09:55:02.483-0300] {logging_mixin.py:188} INFO - [2024-03-02T09:55:02.483-0300] {dag.py:3047} INFO - Sync 1 DAGs
[2024-03-02T09:55:02.510-0300] {logging_mixin.py:188} INFO - [2024-03-02T09:55:02.510-0300] {dag.py:3834} INFO - Setting next_dagrun for example_branch_dop_operator_v3 to 2024-03-02 12:54:00+00:00, run_after=2024-03-02 12:55:00+00:00
[2024-03-02T09:55:02.533-0300] {processor.py:183} INFO - Processing /home/victor/Área de Trabalho/airflow/venv/lib/python3.10/site-packages/airflow/example_dags/example_branch_python_dop_operator_3.py took 0.117 seconds
[2024-03-02T09:55:32.993-0300] {processor.py:161} INFO - Started process (PID=25304) to work on /home/victor/Área de Trabalho/airflow/venv/lib/python3.10/site-packages/airflow/example_dags/example_branch_python_dop_operator_3.py
[2024-03-02T09:55:32.994-0300] {processor.py:830} INFO - Processing file /home/victor/Área de Trabalho/airflow/venv/lib/python3.10/site-packages/airflow/example_dags/example_branch_python_dop_operator_3.py for tasks to queue
[2024-03-02T09:55:32.995-0300] {logging_mixin.py:188} INFO - [2024-03-02T09:55:32.995-0300] {dagbag.py:540} INFO - Filling up the DagBag from /home/victor/Área de Trabalho/airflow/venv/lib/python3.10/site-packages/airflow/example_dags/example_branch_python_dop_operator_3.py
[2024-03-02T09:55:33.003-0300] {processor.py:840} INFO - DAG(s) 'example_branch_dop_operator_v3' retrieved from /home/victor/Área de Trabalho/airflow/venv/lib/python3.10/site-packages/airflow/example_dags/example_branch_python_dop_operator_3.py
[2024-03-02T09:55:33.029-0300] {logging_mixin.py:188} INFO - [2024-03-02T09:55:33.029-0300] {dag.py:3047} INFO - Sync 1 DAGs
[2024-03-02T09:55:33.055-0300] {logging_mixin.py:188} INFO - [2024-03-02T09:55:33.055-0300] {dag.py:3834} INFO - Setting next_dagrun for example_branch_dop_operator_v3 to 2024-03-02 12:54:00+00:00, run_after=2024-03-02 12:55:00+00:00
[2024-03-02T09:55:33.075-0300] {processor.py:183} INFO - Processing /home/victor/Área de Trabalho/airflow/venv/lib/python3.10/site-packages/airflow/example_dags/example_branch_python_dop_operator_3.py took 0.084 seconds
[2024-03-02T09:56:03.313-0300] {processor.py:161} INFO - Started process (PID=25807) to work on /home/victor/Área de Trabalho/airflow/venv/lib/python3.10/site-packages/airflow/example_dags/example_branch_python_dop_operator_3.py
[2024-03-02T09:56:03.314-0300] {processor.py:830} INFO - Processing file /home/victor/Área de Trabalho/airflow/venv/lib/python3.10/site-packages/airflow/example_dags/example_branch_python_dop_operator_3.py for tasks to queue
[2024-03-02T09:56:03.315-0300] {logging_mixin.py:188} INFO - [2024-03-02T09:56:03.314-0300] {dagbag.py:540} INFO - Filling up the DagBag from /home/victor/Área de Trabalho/airflow/venv/lib/python3.10/site-packages/airflow/example_dags/example_branch_python_dop_operator_3.py
[2024-03-02T09:56:03.323-0300] {processor.py:840} INFO - DAG(s) 'example_branch_dop_operator_v3' retrieved from /home/victor/Área de Trabalho/airflow/venv/lib/python3.10/site-packages/airflow/example_dags/example_branch_python_dop_operator_3.py
[2024-03-02T09:56:03.348-0300] {logging_mixin.py:188} INFO - [2024-03-02T09:56:03.348-0300] {dag.py:3047} INFO - Sync 1 DAGs
[2024-03-02T09:56:03.371-0300] {logging_mixin.py:188} INFO - [2024-03-02T09:56:03.371-0300] {dag.py:3834} INFO - Setting next_dagrun for example_branch_dop_operator_v3 to 2024-03-02 12:55:00+00:00, run_after=2024-03-02 12:56:00+00:00
[2024-03-02T09:56:03.391-0300] {processor.py:183} INFO - Processing /home/victor/Área de Trabalho/airflow/venv/lib/python3.10/site-packages/airflow/example_dags/example_branch_python_dop_operator_3.py took 0.081 seconds
[2024-03-02T09:56:34.650-0300] {processor.py:161} INFO - Started process (PID=26128) to work on /home/victor/Área de Trabalho/airflow/venv/lib/python3.10/site-packages/airflow/example_dags/example_branch_python_dop_operator_3.py
[2024-03-02T09:56:34.651-0300] {processor.py:830} INFO - Processing file /home/victor/Área de Trabalho/airflow/venv/lib/python3.10/site-packages/airflow/example_dags/example_branch_python_dop_operator_3.py for tasks to queue
[2024-03-02T09:56:34.652-0300] {logging_mixin.py:188} INFO - [2024-03-02T09:56:34.651-0300] {dagbag.py:540} INFO - Filling up the DagBag from /home/victor/Área de Trabalho/airflow/venv/lib/python3.10/site-packages/airflow/example_dags/example_branch_python_dop_operator_3.py
[2024-03-02T09:56:34.661-0300] {processor.py:840} INFO - DAG(s) 'example_branch_dop_operator_v3' retrieved from /home/victor/Área de Trabalho/airflow/venv/lib/python3.10/site-packages/airflow/example_dags/example_branch_python_dop_operator_3.py
[2024-03-02T09:56:34.686-0300] {logging_mixin.py:188} INFO - [2024-03-02T09:56:34.686-0300] {dag.py:3047} INFO - Sync 1 DAGs
[2024-03-02T09:56:34.710-0300] {logging_mixin.py:188} INFO - [2024-03-02T09:56:34.709-0300] {dag.py:3834} INFO - Setting next_dagrun for example_branch_dop_operator_v3 to 2024-03-02 12:55:00+00:00, run_after=2024-03-02 12:56:00+00:00
[2024-03-02T09:56:34.728-0300] {processor.py:183} INFO - Processing /home/victor/Área de Trabalho/airflow/venv/lib/python3.10/site-packages/airflow/example_dags/example_branch_python_dop_operator_3.py took 0.081 seconds
[2024-03-02T09:57:05.236-0300] {processor.py:161} INFO - Started process (PID=26771) to work on /home/victor/Área de Trabalho/airflow/venv/lib/python3.10/site-packages/airflow/example_dags/example_branch_python_dop_operator_3.py
[2024-03-02T09:57:05.237-0300] {processor.py:830} INFO - Processing file /home/victor/Área de Trabalho/airflow/venv/lib/python3.10/site-packages/airflow/example_dags/example_branch_python_dop_operator_3.py for tasks to queue
[2024-03-02T09:57:05.238-0300] {logging_mixin.py:188} INFO - [2024-03-02T09:57:05.237-0300] {dagbag.py:540} INFO - Filling up the DagBag from /home/victor/Área de Trabalho/airflow/venv/lib/python3.10/site-packages/airflow/example_dags/example_branch_python_dop_operator_3.py
[2024-03-02T09:57:05.245-0300] {processor.py:840} INFO - DAG(s) 'example_branch_dop_operator_v3' retrieved from /home/victor/Área de Trabalho/airflow/venv/lib/python3.10/site-packages/airflow/example_dags/example_branch_python_dop_operator_3.py
[2024-03-02T09:57:05.270-0300] {logging_mixin.py:188} INFO - [2024-03-02T09:57:05.270-0300] {dag.py:3047} INFO - Sync 1 DAGs
[2024-03-02T09:57:05.294-0300] {logging_mixin.py:188} INFO - [2024-03-02T09:57:05.293-0300] {dag.py:3834} INFO - Setting next_dagrun for example_branch_dop_operator_v3 to 2024-03-02 12:56:00+00:00, run_after=2024-03-02 12:57:00+00:00
[2024-03-02T09:57:05.313-0300] {processor.py:183} INFO - Processing /home/victor/Área de Trabalho/airflow/venv/lib/python3.10/site-packages/airflow/example_dags/example_branch_python_dop_operator_3.py took 0.080 seconds
[2024-03-02T09:57:35.716-0300] {processor.py:161} INFO - Started process (PID=27092) to work on /home/victor/Área de Trabalho/airflow/venv/lib/python3.10/site-packages/airflow/example_dags/example_branch_python_dop_operator_3.py
[2024-03-02T09:57:35.717-0300] {processor.py:830} INFO - Processing file /home/victor/Área de Trabalho/airflow/venv/lib/python3.10/site-packages/airflow/example_dags/example_branch_python_dop_operator_3.py for tasks to queue
[2024-03-02T09:57:35.718-0300] {logging_mixin.py:188} INFO - [2024-03-02T09:57:35.717-0300] {dagbag.py:540} INFO - Filling up the DagBag from /home/victor/Área de Trabalho/airflow/venv/lib/python3.10/site-packages/airflow/example_dags/example_branch_python_dop_operator_3.py
[2024-03-02T09:57:35.725-0300] {processor.py:840} INFO - DAG(s) 'example_branch_dop_operator_v3' retrieved from /home/victor/Área de Trabalho/airflow/venv/lib/python3.10/site-packages/airflow/example_dags/example_branch_python_dop_operator_3.py
[2024-03-02T09:57:35.751-0300] {logging_mixin.py:188} INFO - [2024-03-02T09:57:35.750-0300] {dag.py:3047} INFO - Sync 1 DAGs
[2024-03-02T09:57:35.774-0300] {logging_mixin.py:188} INFO - [2024-03-02T09:57:35.773-0300] {dag.py:3834} INFO - Setting next_dagrun for example_branch_dop_operator_v3 to 2024-03-02 12:56:00+00:00, run_after=2024-03-02 12:57:00+00:00
[2024-03-02T09:57:35.791-0300] {processor.py:183} INFO - Processing /home/victor/Área de Trabalho/airflow/venv/lib/python3.10/site-packages/airflow/example_dags/example_branch_python_dop_operator_3.py took 0.078 seconds
[2024-03-02T09:58:06.322-0300] {processor.py:161} INFO - Started process (PID=27646) to work on /home/victor/Área de Trabalho/airflow/venv/lib/python3.10/site-packages/airflow/example_dags/example_branch_python_dop_operator_3.py
[2024-03-02T09:58:06.323-0300] {processor.py:830} INFO - Processing file /home/victor/Área de Trabalho/airflow/venv/lib/python3.10/site-packages/airflow/example_dags/example_branch_python_dop_operator_3.py for tasks to queue
[2024-03-02T09:58:06.323-0300] {logging_mixin.py:188} INFO - [2024-03-02T09:58:06.323-0300] {dagbag.py:540} INFO - Filling up the DagBag from /home/victor/Área de Trabalho/airflow/venv/lib/python3.10/site-packages/airflow/example_dags/example_branch_python_dop_operator_3.py
[2024-03-02T09:58:06.332-0300] {processor.py:840} INFO - DAG(s) 'example_branch_dop_operator_v3' retrieved from /home/victor/Área de Trabalho/airflow/venv/lib/python3.10/site-packages/airflow/example_dags/example_branch_python_dop_operator_3.py
[2024-03-02T09:58:06.365-0300] {logging_mixin.py:188} INFO - [2024-03-02T09:58:06.364-0300] {dag.py:3047} INFO - Sync 1 DAGs
[2024-03-02T09:58:06.391-0300] {logging_mixin.py:188} INFO - [2024-03-02T09:58:06.391-0300] {dag.py:3834} INFO - Setting next_dagrun for example_branch_dop_operator_v3 to 2024-03-02 12:57:00+00:00, run_after=2024-03-02 12:58:00+00:00
[2024-03-02T09:58:06.411-0300] {processor.py:183} INFO - Processing /home/victor/Área de Trabalho/airflow/venv/lib/python3.10/site-packages/airflow/example_dags/example_branch_python_dop_operator_3.py took 0.092 seconds
[2024-03-02T09:58:36.879-0300] {processor.py:161} INFO - Started process (PID=29013) to work on /home/victor/Área de Trabalho/airflow/venv/lib/python3.10/site-packages/airflow/example_dags/example_branch_python_dop_operator_3.py
[2024-03-02T09:58:36.881-0300] {processor.py:830} INFO - Processing file /home/victor/Área de Trabalho/airflow/venv/lib/python3.10/site-packages/airflow/example_dags/example_branch_python_dop_operator_3.py for tasks to queue
[2024-03-02T09:58:36.882-0300] {logging_mixin.py:188} INFO - [2024-03-02T09:58:36.881-0300] {dagbag.py:540} INFO - Filling up the DagBag from /home/victor/Área de Trabalho/airflow/venv/lib/python3.10/site-packages/airflow/example_dags/example_branch_python_dop_operator_3.py
[2024-03-02T09:58:36.891-0300] {processor.py:840} INFO - DAG(s) 'example_branch_dop_operator_v3' retrieved from /home/victor/Área de Trabalho/airflow/venv/lib/python3.10/site-packages/airflow/example_dags/example_branch_python_dop_operator_3.py
[2024-03-02T09:58:36.938-0300] {logging_mixin.py:188} INFO - [2024-03-02T09:58:36.938-0300] {dag.py:3047} INFO - Sync 1 DAGs
[2024-03-02T09:58:36.963-0300] {logging_mixin.py:188} INFO - [2024-03-02T09:58:36.963-0300] {dag.py:3834} INFO - Setting next_dagrun for example_branch_dop_operator_v3 to 2024-03-02 12:57:00+00:00, run_after=2024-03-02 12:58:00+00:00
[2024-03-02T09:58:36.996-0300] {processor.py:183} INFO - Processing /home/victor/Área de Trabalho/airflow/venv/lib/python3.10/site-packages/airflow/example_dags/example_branch_python_dop_operator_3.py took 0.120 seconds
[2024-03-02T09:59:07.370-0300] {processor.py:161} INFO - Started process (PID=29526) to work on /home/victor/Área de Trabalho/airflow/venv/lib/python3.10/site-packages/airflow/example_dags/example_branch_python_dop_operator_3.py
[2024-03-02T09:59:07.372-0300] {processor.py:830} INFO - Processing file /home/victor/Área de Trabalho/airflow/venv/lib/python3.10/site-packages/airflow/example_dags/example_branch_python_dop_operator_3.py for tasks to queue
[2024-03-02T09:59:07.373-0300] {logging_mixin.py:188} INFO - [2024-03-02T09:59:07.372-0300] {dagbag.py:540} INFO - Filling up the DagBag from /home/victor/Área de Trabalho/airflow/venv/lib/python3.10/site-packages/airflow/example_dags/example_branch_python_dop_operator_3.py
[2024-03-02T09:59:07.380-0300] {processor.py:840} INFO - DAG(s) 'example_branch_dop_operator_v3' retrieved from /home/victor/Área de Trabalho/airflow/venv/lib/python3.10/site-packages/airflow/example_dags/example_branch_python_dop_operator_3.py
[2024-03-02T09:59:07.408-0300] {logging_mixin.py:188} INFO - [2024-03-02T09:59:07.407-0300] {dag.py:3047} INFO - Sync 1 DAGs
[2024-03-02T09:59:07.431-0300] {logging_mixin.py:188} INFO - [2024-03-02T09:59:07.431-0300] {dag.py:3834} INFO - Setting next_dagrun for example_branch_dop_operator_v3 to 2024-03-02 12:58:00+00:00, run_after=2024-03-02 12:59:00+00:00
[2024-03-02T09:59:07.454-0300] {processor.py:183} INFO - Processing /home/victor/Área de Trabalho/airflow/venv/lib/python3.10/site-packages/airflow/example_dags/example_branch_python_dop_operator_3.py took 0.087 seconds
