[2024-03-02T09:37:00.365-0300] {processor.py:161} INFO - Started process (PID=8072) to work on /home/victor/Área de Trabalho/airflow/venv/lib/python3.10/site-packages/airflow/example_dags/example_branch_operator.py
[2024-03-02T09:37:00.366-0300] {processor.py:830} INFO - Processing file /home/victor/Área de Trabalho/airflow/venv/lib/python3.10/site-packages/airflow/example_dags/example_branch_operator.py for tasks to queue
[2024-03-02T09:37:00.366-0300] {logging_mixin.py:188} INFO - [2024-03-02T09:37:00.366-0300] {dagbag.py:540} INFO - Filling up the DagBag from /home/victor/Área de Trabalho/airflow/venv/lib/python3.10/site-packages/airflow/example_dags/example_branch_operator.py
[2024-03-02T09:37:00.386-0300] {processor.py:840} INFO - DAG(s) 'example_branch_operator' retrieved from /home/victor/Área de Trabalho/airflow/venv/lib/python3.10/site-packages/airflow/example_dags/example_branch_operator.py
[2024-03-02T09:37:00.407-0300] {logging_mixin.py:188} INFO - [2024-03-02T09:37:00.406-0300] {dag.py:3047} INFO - Sync 1 DAGs
[2024-03-02T09:37:00.444-0300] {logging_mixin.py:188} INFO - [2024-03-02T09:37:00.444-0300] {dag.py:3834} INFO - Setting next_dagrun for example_branch_operator to 2024-03-01 00:00:00+00:00, run_after=2024-03-02 00:00:00+00:00
[2024-03-02T09:37:00.464-0300] {processor.py:183} INFO - Processing /home/victor/Área de Trabalho/airflow/venv/lib/python3.10/site-packages/airflow/example_dags/example_branch_operator.py took 0.101 seconds
[2024-03-02T09:37:32.235-0300] {processor.py:161} INFO - Started process (PID=9530) to work on /home/victor/Área de Trabalho/airflow/venv/lib/python3.10/site-packages/airflow/example_dags/example_branch_operator.py
[2024-03-02T09:37:32.237-0300] {processor.py:830} INFO - Processing file /home/victor/Área de Trabalho/airflow/venv/lib/python3.10/site-packages/airflow/example_dags/example_branch_operator.py for tasks to queue
[2024-03-02T09:37:32.238-0300] {logging_mixin.py:188} INFO - [2024-03-02T09:37:32.237-0300] {dagbag.py:540} INFO - Filling up the DagBag from /home/victor/Área de Trabalho/airflow/venv/lib/python3.10/site-packages/airflow/example_dags/example_branch_operator.py
[2024-03-02T09:37:32.257-0300] {processor.py:840} INFO - DAG(s) 'example_branch_operator' retrieved from /home/victor/Área de Trabalho/airflow/venv/lib/python3.10/site-packages/airflow/example_dags/example_branch_operator.py
[2024-03-02T09:37:32.393-0300] {logging_mixin.py:188} INFO - [2024-03-02T09:37:32.392-0300] {dag.py:3047} INFO - Sync 1 DAGs
[2024-03-02T09:37:32.412-0300] {logging_mixin.py:188} INFO - [2024-03-02T09:37:32.412-0300] {dag.py:3834} INFO - Setting next_dagrun for example_branch_operator to 2024-03-01 00:00:00+00:00, run_after=2024-03-02 00:00:00+00:00
[2024-03-02T09:37:32.431-0300] {processor.py:183} INFO - Processing /home/victor/Área de Trabalho/airflow/venv/lib/python3.10/site-packages/airflow/example_dags/example_branch_operator.py took 0.200 seconds
[2024-03-02T09:38:02.762-0300] {processor.py:161} INFO - Started process (PID=10137) to work on /home/victor/Área de Trabalho/airflow/venv/lib/python3.10/site-packages/airflow/example_dags/example_branch_operator.py
[2024-03-02T09:38:02.763-0300] {processor.py:830} INFO - Processing file /home/victor/Área de Trabalho/airflow/venv/lib/python3.10/site-packages/airflow/example_dags/example_branch_operator.py for tasks to queue
[2024-03-02T09:38:02.763-0300] {logging_mixin.py:188} INFO - [2024-03-02T09:38:02.763-0300] {dagbag.py:540} INFO - Filling up the DagBag from /home/victor/Área de Trabalho/airflow/venv/lib/python3.10/site-packages/airflow/example_dags/example_branch_operator.py
[2024-03-02T09:38:02.780-0300] {processor.py:840} INFO - DAG(s) 'example_branch_operator' retrieved from /home/victor/Área de Trabalho/airflow/venv/lib/python3.10/site-packages/airflow/example_dags/example_branch_operator.py
[2024-03-02T09:38:02.813-0300] {logging_mixin.py:188} INFO - [2024-03-02T09:38:02.812-0300] {dag.py:3047} INFO - Sync 1 DAGs
[2024-03-02T09:38:02.834-0300] {logging_mixin.py:188} INFO - [2024-03-02T09:38:02.834-0300] {dag.py:3834} INFO - Setting next_dagrun for example_branch_operator to 2024-03-01 00:00:00+00:00, run_after=2024-03-02 00:00:00+00:00
[2024-03-02T09:38:02.852-0300] {processor.py:183} INFO - Processing /home/victor/Área de Trabalho/airflow/venv/lib/python3.10/site-packages/airflow/example_dags/example_branch_operator.py took 0.093 seconds
[2024-03-02T09:38:33.180-0300] {processor.py:161} INFO - Started process (PID=10451) to work on /home/victor/Área de Trabalho/airflow/venv/lib/python3.10/site-packages/airflow/example_dags/example_branch_operator.py
[2024-03-02T09:38:33.181-0300] {processor.py:830} INFO - Processing file /home/victor/Área de Trabalho/airflow/venv/lib/python3.10/site-packages/airflow/example_dags/example_branch_operator.py for tasks to queue
[2024-03-02T09:38:33.181-0300] {logging_mixin.py:188} INFO - [2024-03-02T09:38:33.181-0300] {dagbag.py:540} INFO - Filling up the DagBag from /home/victor/Área de Trabalho/airflow/venv/lib/python3.10/site-packages/airflow/example_dags/example_branch_operator.py
[2024-03-02T09:38:33.197-0300] {processor.py:840} INFO - DAG(s) 'example_branch_operator' retrieved from /home/victor/Área de Trabalho/airflow/venv/lib/python3.10/site-packages/airflow/example_dags/example_branch_operator.py
[2024-03-02T09:38:33.227-0300] {logging_mixin.py:188} INFO - [2024-03-02T09:38:33.227-0300] {dag.py:3047} INFO - Sync 1 DAGs
[2024-03-02T09:38:33.248-0300] {logging_mixin.py:188} INFO - [2024-03-02T09:38:33.248-0300] {dag.py:3834} INFO - Setting next_dagrun for example_branch_operator to 2024-03-01 00:00:00+00:00, run_after=2024-03-02 00:00:00+00:00
[2024-03-02T09:38:33.264-0300] {processor.py:183} INFO - Processing /home/victor/Área de Trabalho/airflow/venv/lib/python3.10/site-packages/airflow/example_dags/example_branch_operator.py took 0.087 seconds
[2024-03-02T09:39:04.558-0300] {processor.py:161} INFO - Started process (PID=11042) to work on /home/victor/Área de Trabalho/airflow/venv/lib/python3.10/site-packages/airflow/example_dags/example_branch_operator.py
[2024-03-02T09:39:04.560-0300] {processor.py:830} INFO - Processing file /home/victor/Área de Trabalho/airflow/venv/lib/python3.10/site-packages/airflow/example_dags/example_branch_operator.py for tasks to queue
[2024-03-02T09:39:04.561-0300] {logging_mixin.py:188} INFO - [2024-03-02T09:39:04.561-0300] {dagbag.py:540} INFO - Filling up the DagBag from /home/victor/Área de Trabalho/airflow/venv/lib/python3.10/site-packages/airflow/example_dags/example_branch_operator.py
[2024-03-02T09:39:04.577-0300] {processor.py:840} INFO - DAG(s) 'example_branch_operator' retrieved from /home/victor/Área de Trabalho/airflow/venv/lib/python3.10/site-packages/airflow/example_dags/example_branch_operator.py
[2024-03-02T09:39:04.609-0300] {logging_mixin.py:188} INFO - [2024-03-02T09:39:04.608-0300] {dag.py:3047} INFO - Sync 1 DAGs
[2024-03-02T09:39:04.634-0300] {logging_mixin.py:188} INFO - [2024-03-02T09:39:04.633-0300] {dag.py:3834} INFO - Setting next_dagrun for example_branch_operator to 2024-03-01 00:00:00+00:00, run_after=2024-03-02 00:00:00+00:00
[2024-03-02T09:39:04.652-0300] {processor.py:183} INFO - Processing /home/victor/Área de Trabalho/airflow/venv/lib/python3.10/site-packages/airflow/example_dags/example_branch_operator.py took 0.097 seconds
[2024-03-02T09:39:35.755-0300] {processor.py:161} INFO - Started process (PID=11606) to work on /home/victor/Área de Trabalho/airflow/venv/lib/python3.10/site-packages/airflow/example_dags/example_branch_operator.py
[2024-03-02T09:39:35.756-0300] {processor.py:830} INFO - Processing file /home/victor/Área de Trabalho/airflow/venv/lib/python3.10/site-packages/airflow/example_dags/example_branch_operator.py for tasks to queue
[2024-03-02T09:39:35.757-0300] {logging_mixin.py:188} INFO - [2024-03-02T09:39:35.757-0300] {dagbag.py:540} INFO - Filling up the DagBag from /home/victor/Área de Trabalho/airflow/venv/lib/python3.10/site-packages/airflow/example_dags/example_branch_operator.py
[2024-03-02T09:39:35.772-0300] {processor.py:840} INFO - DAG(s) 'example_branch_operator' retrieved from /home/victor/Área de Trabalho/airflow/venv/lib/python3.10/site-packages/airflow/example_dags/example_branch_operator.py
[2024-03-02T09:39:35.803-0300] {logging_mixin.py:188} INFO - [2024-03-02T09:39:35.803-0300] {dag.py:3047} INFO - Sync 1 DAGs
[2024-03-02T09:39:35.825-0300] {logging_mixin.py:188} INFO - [2024-03-02T09:39:35.825-0300] {dag.py:3834} INFO - Setting next_dagrun for example_branch_operator to 2024-03-01 00:00:00+00:00, run_after=2024-03-02 00:00:00+00:00
[2024-03-02T09:39:35.846-0300] {processor.py:183} INFO - Processing /home/victor/Área de Trabalho/airflow/venv/lib/python3.10/site-packages/airflow/example_dags/example_branch_operator.py took 0.094 seconds
[2024-03-02T09:40:07.034-0300] {processor.py:161} INFO - Started process (PID=12085) to work on /home/victor/Área de Trabalho/airflow/venv/lib/python3.10/site-packages/airflow/example_dags/example_branch_operator.py
[2024-03-02T09:40:07.034-0300] {processor.py:830} INFO - Processing file /home/victor/Área de Trabalho/airflow/venv/lib/python3.10/site-packages/airflow/example_dags/example_branch_operator.py for tasks to queue
[2024-03-02T09:40:07.035-0300] {logging_mixin.py:188} INFO - [2024-03-02T09:40:07.035-0300] {dagbag.py:540} INFO - Filling up the DagBag from /home/victor/Área de Trabalho/airflow/venv/lib/python3.10/site-packages/airflow/example_dags/example_branch_operator.py
[2024-03-02T09:40:07.054-0300] {processor.py:840} INFO - DAG(s) 'example_branch_operator' retrieved from /home/victor/Área de Trabalho/airflow/venv/lib/python3.10/site-packages/airflow/example_dags/example_branch_operator.py
[2024-03-02T09:40:07.088-0300] {logging_mixin.py:188} INFO - [2024-03-02T09:40:07.087-0300] {dag.py:3047} INFO - Sync 1 DAGs
[2024-03-02T09:40:07.111-0300] {logging_mixin.py:188} INFO - [2024-03-02T09:40:07.111-0300] {dag.py:3834} INFO - Setting next_dagrun for example_branch_operator to 2024-03-01 00:00:00+00:00, run_after=2024-03-02 00:00:00+00:00
[2024-03-02T09:40:07.131-0300] {processor.py:183} INFO - Processing /home/victor/Área de Trabalho/airflow/venv/lib/python3.10/site-packages/airflow/example_dags/example_branch_operator.py took 0.100 seconds
[2024-03-02T09:40:38.657-0300] {processor.py:161} INFO - Started process (PID=12461) to work on /home/victor/Área de Trabalho/airflow/venv/lib/python3.10/site-packages/airflow/example_dags/example_branch_operator.py
[2024-03-02T09:40:38.658-0300] {processor.py:830} INFO - Processing file /home/victor/Área de Trabalho/airflow/venv/lib/python3.10/site-packages/airflow/example_dags/example_branch_operator.py for tasks to queue
[2024-03-02T09:40:38.659-0300] {logging_mixin.py:188} INFO - [2024-03-02T09:40:38.659-0300] {dagbag.py:540} INFO - Filling up the DagBag from /home/victor/Área de Trabalho/airflow/venv/lib/python3.10/site-packages/airflow/example_dags/example_branch_operator.py
[2024-03-02T09:40:38.675-0300] {processor.py:840} INFO - DAG(s) 'example_branch_operator' retrieved from /home/victor/Área de Trabalho/airflow/venv/lib/python3.10/site-packages/airflow/example_dags/example_branch_operator.py
[2024-03-02T09:40:38.710-0300] {logging_mixin.py:188} INFO - [2024-03-02T09:40:38.710-0300] {dag.py:3047} INFO - Sync 1 DAGs
[2024-03-02T09:40:38.734-0300] {logging_mixin.py:188} INFO - [2024-03-02T09:40:38.734-0300] {dag.py:3834} INFO - Setting next_dagrun for example_branch_operator to 2024-03-01 00:00:00+00:00, run_after=2024-03-02 00:00:00+00:00
[2024-03-02T09:40:38.755-0300] {processor.py:183} INFO - Processing /home/victor/Área de Trabalho/airflow/venv/lib/python3.10/site-packages/airflow/example_dags/example_branch_operator.py took 0.101 seconds
[2024-03-02T09:41:09.681-0300] {processor.py:161} INFO - Started process (PID=12937) to work on /home/victor/Área de Trabalho/airflow/venv/lib/python3.10/site-packages/airflow/example_dags/example_branch_operator.py
[2024-03-02T09:41:09.682-0300] {processor.py:830} INFO - Processing file /home/victor/Área de Trabalho/airflow/venv/lib/python3.10/site-packages/airflow/example_dags/example_branch_operator.py for tasks to queue
[2024-03-02T09:41:09.683-0300] {logging_mixin.py:188} INFO - [2024-03-02T09:41:09.683-0300] {dagbag.py:540} INFO - Filling up the DagBag from /home/victor/Área de Trabalho/airflow/venv/lib/python3.10/site-packages/airflow/example_dags/example_branch_operator.py
[2024-03-02T09:41:09.701-0300] {processor.py:840} INFO - DAG(s) 'example_branch_operator' retrieved from /home/victor/Área de Trabalho/airflow/venv/lib/python3.10/site-packages/airflow/example_dags/example_branch_operator.py
[2024-03-02T09:41:09.748-0300] {logging_mixin.py:188} INFO - [2024-03-02T09:41:09.747-0300] {dag.py:3047} INFO - Sync 1 DAGs
[2024-03-02T09:41:09.775-0300] {logging_mixin.py:188} INFO - [2024-03-02T09:41:09.775-0300] {dag.py:3834} INFO - Setting next_dagrun for example_branch_operator to 2024-03-01 00:00:00+00:00, run_after=2024-03-02 00:00:00+00:00
[2024-03-02T09:41:09.798-0300] {processor.py:183} INFO - Processing /home/victor/Área de Trabalho/airflow/venv/lib/python3.10/site-packages/airflow/example_dags/example_branch_operator.py took 0.120 seconds
[2024-03-02T09:41:40.321-0300] {processor.py:161} INFO - Started process (PID=13252) to work on /home/victor/Área de Trabalho/airflow/venv/lib/python3.10/site-packages/airflow/example_dags/example_branch_operator.py
[2024-03-02T09:41:40.322-0300] {processor.py:830} INFO - Processing file /home/victor/Área de Trabalho/airflow/venv/lib/python3.10/site-packages/airflow/example_dags/example_branch_operator.py for tasks to queue
[2024-03-02T09:41:40.323-0300] {logging_mixin.py:188} INFO - [2024-03-02T09:41:40.322-0300] {dagbag.py:540} INFO - Filling up the DagBag from /home/victor/Área de Trabalho/airflow/venv/lib/python3.10/site-packages/airflow/example_dags/example_branch_operator.py
[2024-03-02T09:41:40.345-0300] {processor.py:840} INFO - DAG(s) 'example_branch_operator' retrieved from /home/victor/Área de Trabalho/airflow/venv/lib/python3.10/site-packages/airflow/example_dags/example_branch_operator.py
[2024-03-02T09:41:40.381-0300] {logging_mixin.py:188} INFO - [2024-03-02T09:41:40.380-0300] {dag.py:3047} INFO - Sync 1 DAGs
[2024-03-02T09:41:40.406-0300] {logging_mixin.py:188} INFO - [2024-03-02T09:41:40.406-0300] {dag.py:3834} INFO - Setting next_dagrun for example_branch_operator to 2024-03-01 00:00:00+00:00, run_after=2024-03-02 00:00:00+00:00
[2024-03-02T09:41:40.428-0300] {processor.py:183} INFO - Processing /home/victor/Área de Trabalho/airflow/venv/lib/python3.10/site-packages/airflow/example_dags/example_branch_operator.py took 0.110 seconds
[2024-03-02T09:42:11.271-0300] {processor.py:161} INFO - Started process (PID=13894) to work on /home/victor/Área de Trabalho/airflow/venv/lib/python3.10/site-packages/airflow/example_dags/example_branch_operator.py
[2024-03-02T09:42:11.273-0300] {processor.py:830} INFO - Processing file /home/victor/Área de Trabalho/airflow/venv/lib/python3.10/site-packages/airflow/example_dags/example_branch_operator.py for tasks to queue
[2024-03-02T09:42:11.274-0300] {logging_mixin.py:188} INFO - [2024-03-02T09:42:11.273-0300] {dagbag.py:540} INFO - Filling up the DagBag from /home/victor/Área de Trabalho/airflow/venv/lib/python3.10/site-packages/airflow/example_dags/example_branch_operator.py
[2024-03-02T09:42:11.294-0300] {processor.py:840} INFO - DAG(s) 'example_branch_operator' retrieved from /home/victor/Área de Trabalho/airflow/venv/lib/python3.10/site-packages/airflow/example_dags/example_branch_operator.py
[2024-03-02T09:42:11.329-0300] {logging_mixin.py:188} INFO - [2024-03-02T09:42:11.329-0300] {dag.py:3047} INFO - Sync 1 DAGs
[2024-03-02T09:42:11.353-0300] {logging_mixin.py:188} INFO - [2024-03-02T09:42:11.353-0300] {dag.py:3834} INFO - Setting next_dagrun for example_branch_operator to 2024-03-01 00:00:00+00:00, run_after=2024-03-02 00:00:00+00:00
[2024-03-02T09:42:11.380-0300] {processor.py:183} INFO - Processing /home/victor/Área de Trabalho/airflow/venv/lib/python3.10/site-packages/airflow/example_dags/example_branch_operator.py took 0.112 seconds
[2024-03-02T09:42:42.364-0300] {processor.py:161} INFO - Started process (PID=14205) to work on /home/victor/Área de Trabalho/airflow/venv/lib/python3.10/site-packages/airflow/example_dags/example_branch_operator.py
[2024-03-02T09:42:42.365-0300] {processor.py:830} INFO - Processing file /home/victor/Área de Trabalho/airflow/venv/lib/python3.10/site-packages/airflow/example_dags/example_branch_operator.py for tasks to queue
[2024-03-02T09:42:42.366-0300] {logging_mixin.py:188} INFO - [2024-03-02T09:42:42.366-0300] {dagbag.py:540} INFO - Filling up the DagBag from /home/victor/Área de Trabalho/airflow/venv/lib/python3.10/site-packages/airflow/example_dags/example_branch_operator.py
[2024-03-02T09:42:42.383-0300] {processor.py:840} INFO - DAG(s) 'example_branch_operator' retrieved from /home/victor/Área de Trabalho/airflow/venv/lib/python3.10/site-packages/airflow/example_dags/example_branch_operator.py
[2024-03-02T09:42:42.419-0300] {logging_mixin.py:188} INFO - [2024-03-02T09:42:42.419-0300] {dag.py:3047} INFO - Sync 1 DAGs
[2024-03-02T09:42:42.444-0300] {logging_mixin.py:188} INFO - [2024-03-02T09:42:42.443-0300] {dag.py:3834} INFO - Setting next_dagrun for example_branch_operator to 2024-03-01 00:00:00+00:00, run_after=2024-03-02 00:00:00+00:00
[2024-03-02T09:42:42.464-0300] {processor.py:183} INFO - Processing /home/victor/Área de Trabalho/airflow/venv/lib/python3.10/site-packages/airflow/example_dags/example_branch_operator.py took 0.103 seconds
[2024-03-02T09:43:13.427-0300] {processor.py:161} INFO - Started process (PID=14694) to work on /home/victor/Área de Trabalho/airflow/venv/lib/python3.10/site-packages/airflow/example_dags/example_branch_operator.py
[2024-03-02T09:43:13.427-0300] {processor.py:830} INFO - Processing file /home/victor/Área de Trabalho/airflow/venv/lib/python3.10/site-packages/airflow/example_dags/example_branch_operator.py for tasks to queue
[2024-03-02T09:43:13.428-0300] {logging_mixin.py:188} INFO - [2024-03-02T09:43:13.428-0300] {dagbag.py:540} INFO - Filling up the DagBag from /home/victor/Área de Trabalho/airflow/venv/lib/python3.10/site-packages/airflow/example_dags/example_branch_operator.py
[2024-03-02T09:43:13.445-0300] {processor.py:840} INFO - DAG(s) 'example_branch_operator' retrieved from /home/victor/Área de Trabalho/airflow/venv/lib/python3.10/site-packages/airflow/example_dags/example_branch_operator.py
[2024-03-02T09:43:13.485-0300] {logging_mixin.py:188} INFO - [2024-03-02T09:43:13.484-0300] {dag.py:3047} INFO - Sync 1 DAGs
[2024-03-02T09:43:13.511-0300] {logging_mixin.py:188} INFO - [2024-03-02T09:43:13.511-0300] {dag.py:3834} INFO - Setting next_dagrun for example_branch_operator to 2024-03-01 00:00:00+00:00, run_after=2024-03-02 00:00:00+00:00
[2024-03-02T09:43:13.533-0300] {processor.py:183} INFO - Processing /home/victor/Área de Trabalho/airflow/venv/lib/python3.10/site-packages/airflow/example_dags/example_branch_operator.py took 0.109 seconds
[2024-03-02T09:43:43.896-0300] {processor.py:161} INFO - Started process (PID=15011) to work on /home/victor/Área de Trabalho/airflow/venv/lib/python3.10/site-packages/airflow/example_dags/example_branch_operator.py
[2024-03-02T09:43:43.897-0300] {processor.py:830} INFO - Processing file /home/victor/Área de Trabalho/airflow/venv/lib/python3.10/site-packages/airflow/example_dags/example_branch_operator.py for tasks to queue
[2024-03-02T09:43:43.898-0300] {logging_mixin.py:188} INFO - [2024-03-02T09:43:43.898-0300] {dagbag.py:540} INFO - Filling up the DagBag from /home/victor/Área de Trabalho/airflow/venv/lib/python3.10/site-packages/airflow/example_dags/example_branch_operator.py
[2024-03-02T09:43:43.918-0300] {processor.py:840} INFO - DAG(s) 'example_branch_operator' retrieved from /home/victor/Área de Trabalho/airflow/venv/lib/python3.10/site-packages/airflow/example_dags/example_branch_operator.py
[2024-03-02T09:43:43.960-0300] {logging_mixin.py:188} INFO - [2024-03-02T09:43:43.959-0300] {dag.py:3047} INFO - Sync 1 DAGs
[2024-03-02T09:43:43.986-0300] {logging_mixin.py:188} INFO - [2024-03-02T09:43:43.986-0300] {dag.py:3834} INFO - Setting next_dagrun for example_branch_operator to 2024-03-01 00:00:00+00:00, run_after=2024-03-02 00:00:00+00:00
[2024-03-02T09:43:44.008-0300] {processor.py:183} INFO - Processing /home/victor/Área de Trabalho/airflow/venv/lib/python3.10/site-packages/airflow/example_dags/example_branch_operator.py took 0.120 seconds
[2024-03-02T09:44:15.462-0300] {processor.py:161} INFO - Started process (PID=15498) to work on /home/victor/Área de Trabalho/airflow/venv/lib/python3.10/site-packages/airflow/example_dags/example_branch_operator.py
[2024-03-02T09:44:15.463-0300] {processor.py:830} INFO - Processing file /home/victor/Área de Trabalho/airflow/venv/lib/python3.10/site-packages/airflow/example_dags/example_branch_operator.py for tasks to queue
[2024-03-02T09:44:15.464-0300] {logging_mixin.py:188} INFO - [2024-03-02T09:44:15.464-0300] {dagbag.py:540} INFO - Filling up the DagBag from /home/victor/Área de Trabalho/airflow/venv/lib/python3.10/site-packages/airflow/example_dags/example_branch_operator.py
[2024-03-02T09:44:15.491-0300] {processor.py:840} INFO - DAG(s) 'example_branch_operator' retrieved from /home/victor/Área de Trabalho/airflow/venv/lib/python3.10/site-packages/airflow/example_dags/example_branch_operator.py
[2024-03-02T09:44:15.526-0300] {logging_mixin.py:188} INFO - [2024-03-02T09:44:15.526-0300] {dag.py:3047} INFO - Sync 1 DAGs
[2024-03-02T09:44:15.556-0300] {logging_mixin.py:188} INFO - [2024-03-02T09:44:15.556-0300] {dag.py:3834} INFO - Setting next_dagrun for example_branch_operator to 2024-03-01 00:00:00+00:00, run_after=2024-03-02 00:00:00+00:00
[2024-03-02T09:44:15.579-0300] {processor.py:183} INFO - Processing /home/victor/Área de Trabalho/airflow/venv/lib/python3.10/site-packages/airflow/example_dags/example_branch_operator.py took 0.119 seconds
[2024-03-02T09:44:46.168-0300] {processor.py:161} INFO - Started process (PID=15821) to work on /home/victor/Área de Trabalho/airflow/venv/lib/python3.10/site-packages/airflow/example_dags/example_branch_operator.py
[2024-03-02T09:44:46.168-0300] {processor.py:830} INFO - Processing file /home/victor/Área de Trabalho/airflow/venv/lib/python3.10/site-packages/airflow/example_dags/example_branch_operator.py for tasks to queue
[2024-03-02T09:44:46.169-0300] {logging_mixin.py:188} INFO - [2024-03-02T09:44:46.169-0300] {dagbag.py:540} INFO - Filling up the DagBag from /home/victor/Área de Trabalho/airflow/venv/lib/python3.10/site-packages/airflow/example_dags/example_branch_operator.py
[2024-03-02T09:44:46.184-0300] {processor.py:840} INFO - DAG(s) 'example_branch_operator' retrieved from /home/victor/Área de Trabalho/airflow/venv/lib/python3.10/site-packages/airflow/example_dags/example_branch_operator.py
[2024-03-02T09:44:46.219-0300] {logging_mixin.py:188} INFO - [2024-03-02T09:44:46.219-0300] {dag.py:3047} INFO - Sync 1 DAGs
[2024-03-02T09:44:46.242-0300] {logging_mixin.py:188} INFO - [2024-03-02T09:44:46.242-0300] {dag.py:3834} INFO - Setting next_dagrun for example_branch_operator to 2024-03-01 00:00:00+00:00, run_after=2024-03-02 00:00:00+00:00
[2024-03-02T09:44:46.263-0300] {processor.py:183} INFO - Processing /home/victor/Área de Trabalho/airflow/venv/lib/python3.10/site-packages/airflow/example_dags/example_branch_operator.py took 0.098 seconds
[2024-03-02T09:45:17.498-0300] {processor.py:161} INFO - Started process (PID=16306) to work on /home/victor/Área de Trabalho/airflow/venv/lib/python3.10/site-packages/airflow/example_dags/example_branch_operator.py
[2024-03-02T09:45:17.498-0300] {processor.py:830} INFO - Processing file /home/victor/Área de Trabalho/airflow/venv/lib/python3.10/site-packages/airflow/example_dags/example_branch_operator.py for tasks to queue
[2024-03-02T09:45:17.499-0300] {logging_mixin.py:188} INFO - [2024-03-02T09:45:17.499-0300] {dagbag.py:540} INFO - Filling up the DagBag from /home/victor/Área de Trabalho/airflow/venv/lib/python3.10/site-packages/airflow/example_dags/example_branch_operator.py
[2024-03-02T09:45:17.515-0300] {processor.py:840} INFO - DAG(s) 'example_branch_operator' retrieved from /home/victor/Área de Trabalho/airflow/venv/lib/python3.10/site-packages/airflow/example_dags/example_branch_operator.py
[2024-03-02T09:45:17.552-0300] {logging_mixin.py:188} INFO - [2024-03-02T09:45:17.552-0300] {dag.py:3047} INFO - Sync 1 DAGs
[2024-03-02T09:45:17.576-0300] {logging_mixin.py:188} INFO - [2024-03-02T09:45:17.576-0300] {dag.py:3834} INFO - Setting next_dagrun for example_branch_operator to 2024-03-01 00:00:00+00:00, run_after=2024-03-02 00:00:00+00:00
[2024-03-02T09:45:17.597-0300] {processor.py:183} INFO - Processing /home/victor/Área de Trabalho/airflow/venv/lib/python3.10/site-packages/airflow/example_dags/example_branch_operator.py took 0.102 seconds
[2024-03-02T09:45:47.919-0300] {processor.py:161} INFO - Started process (PID=16813) to work on /home/victor/Área de Trabalho/airflow/venv/lib/python3.10/site-packages/airflow/example_dags/example_branch_operator.py
[2024-03-02T09:45:47.920-0300] {processor.py:830} INFO - Processing file /home/victor/Área de Trabalho/airflow/venv/lib/python3.10/site-packages/airflow/example_dags/example_branch_operator.py for tasks to queue
[2024-03-02T09:45:47.921-0300] {logging_mixin.py:188} INFO - [2024-03-02T09:45:47.920-0300] {dagbag.py:540} INFO - Filling up the DagBag from /home/victor/Área de Trabalho/airflow/venv/lib/python3.10/site-packages/airflow/example_dags/example_branch_operator.py
[2024-03-02T09:45:47.941-0300] {processor.py:840} INFO - DAG(s) 'example_branch_operator' retrieved from /home/victor/Área de Trabalho/airflow/venv/lib/python3.10/site-packages/airflow/example_dags/example_branch_operator.py
[2024-03-02T09:45:47.974-0300] {logging_mixin.py:188} INFO - [2024-03-02T09:45:47.974-0300] {dag.py:3047} INFO - Sync 1 DAGs
[2024-03-02T09:45:47.996-0300] {logging_mixin.py:188} INFO - [2024-03-02T09:45:47.996-0300] {dag.py:3834} INFO - Setting next_dagrun for example_branch_operator to 2024-03-01 00:00:00+00:00, run_after=2024-03-02 00:00:00+00:00
[2024-03-02T09:45:48.014-0300] {processor.py:183} INFO - Processing /home/victor/Área de Trabalho/airflow/venv/lib/python3.10/site-packages/airflow/example_dags/example_branch_operator.py took 0.099 seconds
[2024-03-02T09:46:19.789-0300] {processor.py:161} INFO - Started process (PID=17297) to work on /home/victor/Área de Trabalho/airflow/venv/lib/python3.10/site-packages/airflow/example_dags/example_branch_operator.py
[2024-03-02T09:46:19.790-0300] {processor.py:830} INFO - Processing file /home/victor/Área de Trabalho/airflow/venv/lib/python3.10/site-packages/airflow/example_dags/example_branch_operator.py for tasks to queue
[2024-03-02T09:46:19.791-0300] {logging_mixin.py:188} INFO - [2024-03-02T09:46:19.791-0300] {dagbag.py:540} INFO - Filling up the DagBag from /home/victor/Área de Trabalho/airflow/venv/lib/python3.10/site-packages/airflow/example_dags/example_branch_operator.py
[2024-03-02T09:46:19.807-0300] {processor.py:840} INFO - DAG(s) 'example_branch_operator' retrieved from /home/victor/Área de Trabalho/airflow/venv/lib/python3.10/site-packages/airflow/example_dags/example_branch_operator.py
[2024-03-02T09:46:19.842-0300] {logging_mixin.py:188} INFO - [2024-03-02T09:46:19.842-0300] {dag.py:3047} INFO - Sync 1 DAGs
[2024-03-02T09:46:19.865-0300] {logging_mixin.py:188} INFO - [2024-03-02T09:46:19.865-0300] {dag.py:3834} INFO - Setting next_dagrun for example_branch_operator to 2024-03-01 00:00:00+00:00, run_after=2024-03-02 00:00:00+00:00
[2024-03-02T09:46:19.887-0300] {processor.py:183} INFO - Processing /home/victor/Área de Trabalho/airflow/venv/lib/python3.10/site-packages/airflow/example_dags/example_branch_operator.py took 0.101 seconds
[2024-03-02T09:46:50.325-0300] {processor.py:161} INFO - Started process (PID=17618) to work on /home/victor/Área de Trabalho/airflow/venv/lib/python3.10/site-packages/airflow/example_dags/example_branch_operator.py
[2024-03-02T09:46:50.325-0300] {processor.py:830} INFO - Processing file /home/victor/Área de Trabalho/airflow/venv/lib/python3.10/site-packages/airflow/example_dags/example_branch_operator.py for tasks to queue
[2024-03-02T09:46:50.326-0300] {logging_mixin.py:188} INFO - [2024-03-02T09:46:50.326-0300] {dagbag.py:540} INFO - Filling up the DagBag from /home/victor/Área de Trabalho/airflow/venv/lib/python3.10/site-packages/airflow/example_dags/example_branch_operator.py
[2024-03-02T09:46:50.342-0300] {processor.py:840} INFO - DAG(s) 'example_branch_operator' retrieved from /home/victor/Área de Trabalho/airflow/venv/lib/python3.10/site-packages/airflow/example_dags/example_branch_operator.py
[2024-03-02T09:46:50.377-0300] {logging_mixin.py:188} INFO - [2024-03-02T09:46:50.377-0300] {dag.py:3047} INFO - Sync 1 DAGs
[2024-03-02T09:46:50.402-0300] {logging_mixin.py:188} INFO - [2024-03-02T09:46:50.402-0300] {dag.py:3834} INFO - Setting next_dagrun for example_branch_operator to 2024-03-01 00:00:00+00:00, run_after=2024-03-02 00:00:00+00:00
[2024-03-02T09:46:50.421-0300] {processor.py:183} INFO - Processing /home/victor/Área de Trabalho/airflow/venv/lib/python3.10/site-packages/airflow/example_dags/example_branch_operator.py took 0.100 seconds
[2024-03-02T09:47:21.335-0300] {processor.py:161} INFO - Started process (PID=18275) to work on /home/victor/Área de Trabalho/airflow/venv/lib/python3.10/site-packages/airflow/example_dags/example_branch_operator.py
[2024-03-02T09:47:21.336-0300] {processor.py:830} INFO - Processing file /home/victor/Área de Trabalho/airflow/venv/lib/python3.10/site-packages/airflow/example_dags/example_branch_operator.py for tasks to queue
[2024-03-02T09:47:21.337-0300] {logging_mixin.py:188} INFO - [2024-03-02T09:47:21.336-0300] {dagbag.py:540} INFO - Filling up the DagBag from /home/victor/Área de Trabalho/airflow/venv/lib/python3.10/site-packages/airflow/example_dags/example_branch_operator.py
[2024-03-02T09:47:21.356-0300] {processor.py:840} INFO - DAG(s) 'example_branch_operator' retrieved from /home/victor/Área de Trabalho/airflow/venv/lib/python3.10/site-packages/airflow/example_dags/example_branch_operator.py
[2024-03-02T09:47:21.398-0300] {logging_mixin.py:188} INFO - [2024-03-02T09:47:21.398-0300] {dag.py:3047} INFO - Sync 1 DAGs
[2024-03-02T09:47:21.424-0300] {logging_mixin.py:188} INFO - [2024-03-02T09:47:21.423-0300] {dag.py:3834} INFO - Setting next_dagrun for example_branch_operator to 2024-03-01 00:00:00+00:00, run_after=2024-03-02 00:00:00+00:00
[2024-03-02T09:47:21.446-0300] {processor.py:183} INFO - Processing /home/victor/Área de Trabalho/airflow/venv/lib/python3.10/site-packages/airflow/example_dags/example_branch_operator.py took 0.114 seconds
[2024-03-02T09:47:51.952-0300] {processor.py:161} INFO - Started process (PID=18597) to work on /home/victor/Área de Trabalho/airflow/venv/lib/python3.10/site-packages/airflow/example_dags/example_branch_operator.py
[2024-03-02T09:47:51.953-0300] {processor.py:830} INFO - Processing file /home/victor/Área de Trabalho/airflow/venv/lib/python3.10/site-packages/airflow/example_dags/example_branch_operator.py for tasks to queue
[2024-03-02T09:47:51.956-0300] {logging_mixin.py:188} INFO - [2024-03-02T09:47:51.955-0300] {dagbag.py:540} INFO - Filling up the DagBag from /home/victor/Área de Trabalho/airflow/venv/lib/python3.10/site-packages/airflow/example_dags/example_branch_operator.py
[2024-03-02T09:47:51.971-0300] {processor.py:840} INFO - DAG(s) 'example_branch_operator' retrieved from /home/victor/Área de Trabalho/airflow/venv/lib/python3.10/site-packages/airflow/example_dags/example_branch_operator.py
[2024-03-02T09:47:52.006-0300] {logging_mixin.py:188} INFO - [2024-03-02T09:47:52.005-0300] {dag.py:3047} INFO - Sync 1 DAGs
[2024-03-02T09:47:52.029-0300] {logging_mixin.py:188} INFO - [2024-03-02T09:47:52.029-0300] {dag.py:3834} INFO - Setting next_dagrun for example_branch_operator to 2024-03-01 00:00:00+00:00, run_after=2024-03-02 00:00:00+00:00
[2024-03-02T09:47:52.050-0300] {processor.py:183} INFO - Processing /home/victor/Área de Trabalho/airflow/venv/lib/python3.10/site-packages/airflow/example_dags/example_branch_operator.py took 0.101 seconds
[2024-03-02T09:48:22.550-0300] {processor.py:161} INFO - Started process (PID=19083) to work on /home/victor/Área de Trabalho/airflow/venv/lib/python3.10/site-packages/airflow/example_dags/example_branch_operator.py
[2024-03-02T09:48:22.551-0300] {processor.py:830} INFO - Processing file /home/victor/Área de Trabalho/airflow/venv/lib/python3.10/site-packages/airflow/example_dags/example_branch_operator.py for tasks to queue
[2024-03-02T09:48:22.552-0300] {logging_mixin.py:188} INFO - [2024-03-02T09:48:22.551-0300] {dagbag.py:540} INFO - Filling up the DagBag from /home/victor/Área de Trabalho/airflow/venv/lib/python3.10/site-packages/airflow/example_dags/example_branch_operator.py
[2024-03-02T09:48:22.573-0300] {processor.py:840} INFO - DAG(s) 'example_branch_operator' retrieved from /home/victor/Área de Trabalho/airflow/venv/lib/python3.10/site-packages/airflow/example_dags/example_branch_operator.py
[2024-03-02T09:48:22.618-0300] {logging_mixin.py:188} INFO - [2024-03-02T09:48:22.617-0300] {dag.py:3047} INFO - Sync 1 DAGs
[2024-03-02T09:48:22.642-0300] {logging_mixin.py:188} INFO - [2024-03-02T09:48:22.642-0300] {dag.py:3834} INFO - Setting next_dagrun for example_branch_operator to 2024-03-01 00:00:00+00:00, run_after=2024-03-02 00:00:00+00:00
[2024-03-02T09:48:22.664-0300] {processor.py:183} INFO - Processing /home/victor/Área de Trabalho/airflow/venv/lib/python3.10/site-packages/airflow/example_dags/example_branch_operator.py took 0.117 seconds
[2024-03-02T09:48:53.478-0300] {processor.py:161} INFO - Started process (PID=19427) to work on /home/victor/Área de Trabalho/airflow/venv/lib/python3.10/site-packages/airflow/example_dags/example_branch_operator.py
[2024-03-02T09:48:53.479-0300] {processor.py:830} INFO - Processing file /home/victor/Área de Trabalho/airflow/venv/lib/python3.10/site-packages/airflow/example_dags/example_branch_operator.py for tasks to queue
[2024-03-02T09:48:53.479-0300] {logging_mixin.py:188} INFO - [2024-03-02T09:48:53.479-0300] {dagbag.py:540} INFO - Filling up the DagBag from /home/victor/Área de Trabalho/airflow/venv/lib/python3.10/site-packages/airflow/example_dags/example_branch_operator.py
[2024-03-02T09:48:53.498-0300] {processor.py:840} INFO - DAG(s) 'example_branch_operator' retrieved from /home/victor/Área de Trabalho/airflow/venv/lib/python3.10/site-packages/airflow/example_dags/example_branch_operator.py
[2024-03-02T09:48:53.534-0300] {logging_mixin.py:188} INFO - [2024-03-02T09:48:53.534-0300] {dag.py:3047} INFO - Sync 1 DAGs
[2024-03-02T09:48:53.563-0300] {logging_mixin.py:188} INFO - [2024-03-02T09:48:53.562-0300] {dag.py:3834} INFO - Setting next_dagrun for example_branch_operator to 2024-03-01 00:00:00+00:00, run_after=2024-03-02 00:00:00+00:00
[2024-03-02T09:48:53.584-0300] {processor.py:183} INFO - Processing /home/victor/Área de Trabalho/airflow/venv/lib/python3.10/site-packages/airflow/example_dags/example_branch_operator.py took 0.110 seconds
[2024-03-02T09:49:24.195-0300] {processor.py:161} INFO - Started process (PID=19908) to work on /home/victor/Área de Trabalho/airflow/venv/lib/python3.10/site-packages/airflow/example_dags/example_branch_operator.py
[2024-03-02T09:49:24.196-0300] {processor.py:830} INFO - Processing file /home/victor/Área de Trabalho/airflow/venv/lib/python3.10/site-packages/airflow/example_dags/example_branch_operator.py for tasks to queue
[2024-03-02T09:49:24.196-0300] {logging_mixin.py:188} INFO - [2024-03-02T09:49:24.196-0300] {dagbag.py:540} INFO - Filling up the DagBag from /home/victor/Área de Trabalho/airflow/venv/lib/python3.10/site-packages/airflow/example_dags/example_branch_operator.py
[2024-03-02T09:49:24.212-0300] {processor.py:840} INFO - DAG(s) 'example_branch_operator' retrieved from /home/victor/Área de Trabalho/airflow/venv/lib/python3.10/site-packages/airflow/example_dags/example_branch_operator.py
[2024-03-02T09:49:24.246-0300] {logging_mixin.py:188} INFO - [2024-03-02T09:49:24.246-0300] {dag.py:3047} INFO - Sync 1 DAGs
[2024-03-02T09:49:24.270-0300] {logging_mixin.py:188} INFO - [2024-03-02T09:49:24.270-0300] {dag.py:3834} INFO - Setting next_dagrun for example_branch_operator to 2024-03-01 00:00:00+00:00, run_after=2024-03-02 00:00:00+00:00
[2024-03-02T09:49:24.292-0300] {processor.py:183} INFO - Processing /home/victor/Área de Trabalho/airflow/venv/lib/python3.10/site-packages/airflow/example_dags/example_branch_operator.py took 0.100 seconds
[2024-03-02T09:49:54.839-0300] {processor.py:161} INFO - Started process (PID=20230) to work on /home/victor/Área de Trabalho/airflow/venv/lib/python3.10/site-packages/airflow/example_dags/example_branch_operator.py
[2024-03-02T09:49:54.843-0300] {processor.py:830} INFO - Processing file /home/victor/Área de Trabalho/airflow/venv/lib/python3.10/site-packages/airflow/example_dags/example_branch_operator.py for tasks to queue
[2024-03-02T09:49:54.845-0300] {logging_mixin.py:188} INFO - [2024-03-02T09:49:54.845-0300] {dagbag.py:540} INFO - Filling up the DagBag from /home/victor/Área de Trabalho/airflow/venv/lib/python3.10/site-packages/airflow/example_dags/example_branch_operator.py
[2024-03-02T09:49:54.861-0300] {processor.py:840} INFO - DAG(s) 'example_branch_operator' retrieved from /home/victor/Área de Trabalho/airflow/venv/lib/python3.10/site-packages/airflow/example_dags/example_branch_operator.py
[2024-03-02T09:49:54.900-0300] {logging_mixin.py:188} INFO - [2024-03-02T09:49:54.899-0300] {dag.py:3047} INFO - Sync 1 DAGs
[2024-03-02T09:49:54.932-0300] {logging_mixin.py:188} INFO - [2024-03-02T09:49:54.931-0300] {dag.py:3834} INFO - Setting next_dagrun for example_branch_operator to 2024-03-01 00:00:00+00:00, run_after=2024-03-02 00:00:00+00:00
[2024-03-02T09:49:54.954-0300] {processor.py:183} INFO - Processing /home/victor/Área de Trabalho/airflow/venv/lib/python3.10/site-packages/airflow/example_dags/example_branch_operator.py took 0.118 seconds
[2024-03-02T09:50:25.300-0300] {processor.py:161} INFO - Started process (PID=20713) to work on /home/victor/Área de Trabalho/airflow/venv/lib/python3.10/site-packages/airflow/example_dags/example_branch_operator.py
[2024-03-02T09:50:25.301-0300] {processor.py:830} INFO - Processing file /home/victor/Área de Trabalho/airflow/venv/lib/python3.10/site-packages/airflow/example_dags/example_branch_operator.py for tasks to queue
[2024-03-02T09:50:25.302-0300] {logging_mixin.py:188} INFO - [2024-03-02T09:50:25.301-0300] {dagbag.py:540} INFO - Filling up the DagBag from /home/victor/Área de Trabalho/airflow/venv/lib/python3.10/site-packages/airflow/example_dags/example_branch_operator.py
[2024-03-02T09:50:25.316-0300] {processor.py:840} INFO - DAG(s) 'example_branch_operator' retrieved from /home/victor/Área de Trabalho/airflow/venv/lib/python3.10/site-packages/airflow/example_dags/example_branch_operator.py
[2024-03-02T09:50:25.347-0300] {logging_mixin.py:188} INFO - [2024-03-02T09:50:25.347-0300] {dag.py:3047} INFO - Sync 1 DAGs
[2024-03-02T09:50:25.369-0300] {logging_mixin.py:188} INFO - [2024-03-02T09:50:25.369-0300] {dag.py:3834} INFO - Setting next_dagrun for example_branch_operator to 2024-03-01 00:00:00+00:00, run_after=2024-03-02 00:00:00+00:00
[2024-03-02T09:50:25.390-0300] {processor.py:183} INFO - Processing /home/victor/Área de Trabalho/airflow/venv/lib/python3.10/site-packages/airflow/example_dags/example_branch_operator.py took 0.093 seconds
[2024-03-02T09:50:57.015-0300] {processor.py:161} INFO - Started process (PID=21070) to work on /home/victor/Área de Trabalho/airflow/venv/lib/python3.10/site-packages/airflow/example_dags/example_branch_operator.py
[2024-03-02T09:50:57.016-0300] {processor.py:830} INFO - Processing file /home/victor/Área de Trabalho/airflow/venv/lib/python3.10/site-packages/airflow/example_dags/example_branch_operator.py for tasks to queue
[2024-03-02T09:50:57.018-0300] {logging_mixin.py:188} INFO - [2024-03-02T09:50:57.017-0300] {dagbag.py:540} INFO - Filling up the DagBag from /home/victor/Área de Trabalho/airflow/venv/lib/python3.10/site-packages/airflow/example_dags/example_branch_operator.py
[2024-03-02T09:50:57.039-0300] {processor.py:840} INFO - DAG(s) 'example_branch_operator' retrieved from /home/victor/Área de Trabalho/airflow/venv/lib/python3.10/site-packages/airflow/example_dags/example_branch_operator.py
[2024-03-02T09:50:57.087-0300] {logging_mixin.py:188} INFO - [2024-03-02T09:50:57.086-0300] {dag.py:3047} INFO - Sync 1 DAGs
[2024-03-02T09:50:57.118-0300] {logging_mixin.py:188} INFO - [2024-03-02T09:50:57.118-0300] {dag.py:3834} INFO - Setting next_dagrun for example_branch_operator to 2024-03-01 00:00:00+00:00, run_after=2024-03-02 00:00:00+00:00
[2024-03-02T09:50:57.142-0300] {processor.py:183} INFO - Processing /home/victor/Área de Trabalho/airflow/venv/lib/python3.10/site-packages/airflow/example_dags/example_branch_operator.py took 0.137 seconds
[2024-03-02T09:51:27.634-0300] {processor.py:161} INFO - Started process (PID=21551) to work on /home/victor/Área de Trabalho/airflow/venv/lib/python3.10/site-packages/airflow/example_dags/example_branch_operator.py
[2024-03-02T09:51:27.635-0300] {processor.py:830} INFO - Processing file /home/victor/Área de Trabalho/airflow/venv/lib/python3.10/site-packages/airflow/example_dags/example_branch_operator.py for tasks to queue
[2024-03-02T09:51:27.636-0300] {logging_mixin.py:188} INFO - [2024-03-02T09:51:27.636-0300] {dagbag.py:540} INFO - Filling up the DagBag from /home/victor/Área de Trabalho/airflow/venv/lib/python3.10/site-packages/airflow/example_dags/example_branch_operator.py
[2024-03-02T09:51:27.652-0300] {processor.py:840} INFO - DAG(s) 'example_branch_operator' retrieved from /home/victor/Área de Trabalho/airflow/venv/lib/python3.10/site-packages/airflow/example_dags/example_branch_operator.py
[2024-03-02T09:51:27.687-0300] {logging_mixin.py:188} INFO - [2024-03-02T09:51:27.686-0300] {dag.py:3047} INFO - Sync 1 DAGs
[2024-03-02T09:51:27.710-0300] {logging_mixin.py:188} INFO - [2024-03-02T09:51:27.710-0300] {dag.py:3834} INFO - Setting next_dagrun for example_branch_operator to 2024-03-01 00:00:00+00:00, run_after=2024-03-02 00:00:00+00:00
[2024-03-02T09:51:27.730-0300] {processor.py:183} INFO - Processing /home/victor/Área de Trabalho/airflow/venv/lib/python3.10/site-packages/airflow/example_dags/example_branch_operator.py took 0.099 seconds
[2024-03-02T09:51:58.252-0300] {processor.py:161} INFO - Started process (PID=21931) to work on /home/victor/Área de Trabalho/airflow/venv/lib/python3.10/site-packages/airflow/example_dags/example_branch_operator.py
[2024-03-02T09:51:58.253-0300] {processor.py:830} INFO - Processing file /home/victor/Área de Trabalho/airflow/venv/lib/python3.10/site-packages/airflow/example_dags/example_branch_operator.py for tasks to queue
[2024-03-02T09:51:58.254-0300] {logging_mixin.py:188} INFO - [2024-03-02T09:51:58.254-0300] {dagbag.py:540} INFO - Filling up the DagBag from /home/victor/Área de Trabalho/airflow/venv/lib/python3.10/site-packages/airflow/example_dags/example_branch_operator.py
[2024-03-02T09:51:58.269-0300] {processor.py:840} INFO - DAG(s) 'example_branch_operator' retrieved from /home/victor/Área de Trabalho/airflow/venv/lib/python3.10/site-packages/airflow/example_dags/example_branch_operator.py
[2024-03-02T09:51:58.304-0300] {logging_mixin.py:188} INFO - [2024-03-02T09:51:58.304-0300] {dag.py:3047} INFO - Sync 1 DAGs
[2024-03-02T09:51:58.327-0300] {logging_mixin.py:188} INFO - [2024-03-02T09:51:58.327-0300] {dag.py:3834} INFO - Setting next_dagrun for example_branch_operator to 2024-03-01 00:00:00+00:00, run_after=2024-03-02 00:00:00+00:00
[2024-03-02T09:51:58.347-0300] {processor.py:183} INFO - Processing /home/victor/Área de Trabalho/airflow/venv/lib/python3.10/site-packages/airflow/example_dags/example_branch_operator.py took 0.098 seconds
[2024-03-02T09:52:29.011-0300] {processor.py:161} INFO - Started process (PID=22516) to work on /home/victor/Área de Trabalho/airflow/venv/lib/python3.10/site-packages/airflow/example_dags/example_branch_operator.py
[2024-03-02T09:52:29.011-0300] {processor.py:830} INFO - Processing file /home/victor/Área de Trabalho/airflow/venv/lib/python3.10/site-packages/airflow/example_dags/example_branch_operator.py for tasks to queue
[2024-03-02T09:52:29.012-0300] {logging_mixin.py:188} INFO - [2024-03-02T09:52:29.012-0300] {dagbag.py:540} INFO - Filling up the DagBag from /home/victor/Área de Trabalho/airflow/venv/lib/python3.10/site-packages/airflow/example_dags/example_branch_operator.py
[2024-03-02T09:52:29.029-0300] {processor.py:840} INFO - DAG(s) 'example_branch_operator' retrieved from /home/victor/Área de Trabalho/airflow/venv/lib/python3.10/site-packages/airflow/example_dags/example_branch_operator.py
[2024-03-02T09:52:29.061-0300] {logging_mixin.py:188} INFO - [2024-03-02T09:52:29.061-0300] {dag.py:3047} INFO - Sync 1 DAGs
[2024-03-02T09:52:29.085-0300] {logging_mixin.py:188} INFO - [2024-03-02T09:52:29.085-0300] {dag.py:3834} INFO - Setting next_dagrun for example_branch_operator to 2024-03-01 00:00:00+00:00, run_after=2024-03-02 00:00:00+00:00
[2024-03-02T09:52:29.105-0300] {processor.py:183} INFO - Processing /home/victor/Área de Trabalho/airflow/venv/lib/python3.10/site-packages/airflow/example_dags/example_branch_operator.py took 0.098 seconds
[2024-03-02T09:52:59.649-0300] {processor.py:161} INFO - Started process (PID=22953) to work on /home/victor/Área de Trabalho/airflow/venv/lib/python3.10/site-packages/airflow/example_dags/example_branch_operator.py
[2024-03-02T09:52:59.650-0300] {processor.py:830} INFO - Processing file /home/victor/Área de Trabalho/airflow/venv/lib/python3.10/site-packages/airflow/example_dags/example_branch_operator.py for tasks to queue
[2024-03-02T09:52:59.651-0300] {logging_mixin.py:188} INFO - [2024-03-02T09:52:59.651-0300] {dagbag.py:540} INFO - Filling up the DagBag from /home/victor/Área de Trabalho/airflow/venv/lib/python3.10/site-packages/airflow/example_dags/example_branch_operator.py
[2024-03-02T09:52:59.668-0300] {processor.py:840} INFO - DAG(s) 'example_branch_operator' retrieved from /home/victor/Área de Trabalho/airflow/venv/lib/python3.10/site-packages/airflow/example_dags/example_branch_operator.py
[2024-03-02T09:52:59.703-0300] {logging_mixin.py:188} INFO - [2024-03-02T09:52:59.703-0300] {dag.py:3047} INFO - Sync 1 DAGs
[2024-03-02T09:52:59.726-0300] {logging_mixin.py:188} INFO - [2024-03-02T09:52:59.726-0300] {dag.py:3834} INFO - Setting next_dagrun for example_branch_operator to 2024-03-01 00:00:00+00:00, run_after=2024-03-02 00:00:00+00:00
[2024-03-02T09:52:59.747-0300] {processor.py:183} INFO - Processing /home/victor/Área de Trabalho/airflow/venv/lib/python3.10/site-packages/airflow/example_dags/example_branch_operator.py took 0.100 seconds
[2024-03-02T09:53:30.010-0300] {processor.py:161} INFO - Started process (PID=23324) to work on /home/victor/Área de Trabalho/airflow/venv/lib/python3.10/site-packages/airflow/example_dags/example_branch_operator.py
[2024-03-02T09:53:30.011-0300] {processor.py:830} INFO - Processing file /home/victor/Área de Trabalho/airflow/venv/lib/python3.10/site-packages/airflow/example_dags/example_branch_operator.py for tasks to queue
[2024-03-02T09:53:30.011-0300] {logging_mixin.py:188} INFO - [2024-03-02T09:53:30.011-0300] {dagbag.py:540} INFO - Filling up the DagBag from /home/victor/Área de Trabalho/airflow/venv/lib/python3.10/site-packages/airflow/example_dags/example_branch_operator.py
[2024-03-02T09:53:30.031-0300] {processor.py:840} INFO - DAG(s) 'example_branch_operator' retrieved from /home/victor/Área de Trabalho/airflow/venv/lib/python3.10/site-packages/airflow/example_dags/example_branch_operator.py
[2024-03-02T09:53:30.065-0300] {logging_mixin.py:188} INFO - [2024-03-02T09:53:30.064-0300] {dag.py:3047} INFO - Sync 1 DAGs
[2024-03-02T09:53:30.088-0300] {logging_mixin.py:188} INFO - [2024-03-02T09:53:30.088-0300] {dag.py:3834} INFO - Setting next_dagrun for example_branch_operator to 2024-03-01 00:00:00+00:00, run_after=2024-03-02 00:00:00+00:00
[2024-03-02T09:53:30.108-0300] {processor.py:183} INFO - Processing /home/victor/Área de Trabalho/airflow/venv/lib/python3.10/site-packages/airflow/example_dags/example_branch_operator.py took 0.101 seconds
[2024-03-02T09:54:00.830-0300] {processor.py:161} INFO - Started process (PID=23807) to work on /home/victor/Área de Trabalho/airflow/venv/lib/python3.10/site-packages/airflow/example_dags/example_branch_operator.py
[2024-03-02T09:54:00.831-0300] {processor.py:830} INFO - Processing file /home/victor/Área de Trabalho/airflow/venv/lib/python3.10/site-packages/airflow/example_dags/example_branch_operator.py for tasks to queue
[2024-03-02T09:54:00.832-0300] {logging_mixin.py:188} INFO - [2024-03-02T09:54:00.832-0300] {dagbag.py:540} INFO - Filling up the DagBag from /home/victor/Área de Trabalho/airflow/venv/lib/python3.10/site-packages/airflow/example_dags/example_branch_operator.py
[2024-03-02T09:54:00.846-0300] {processor.py:840} INFO - DAG(s) 'example_branch_operator' retrieved from /home/victor/Área de Trabalho/airflow/venv/lib/python3.10/site-packages/airflow/example_dags/example_branch_operator.py
[2024-03-02T09:54:00.883-0300] {logging_mixin.py:188} INFO - [2024-03-02T09:54:00.882-0300] {dag.py:3047} INFO - Sync 1 DAGs
[2024-03-02T09:54:00.905-0300] {logging_mixin.py:188} INFO - [2024-03-02T09:54:00.905-0300] {dag.py:3834} INFO - Setting next_dagrun for example_branch_operator to 2024-03-01 00:00:00+00:00, run_after=2024-03-02 00:00:00+00:00
[2024-03-02T09:54:00.926-0300] {processor.py:183} INFO - Processing /home/victor/Área de Trabalho/airflow/venv/lib/python3.10/site-packages/airflow/example_dags/example_branch_operator.py took 0.100 seconds
[2024-03-02T09:54:32.049-0300] {processor.py:161} INFO - Started process (PID=24290) to work on /home/victor/Área de Trabalho/airflow/venv/lib/python3.10/site-packages/airflow/example_dags/example_branch_operator.py
[2024-03-02T09:54:32.050-0300] {processor.py:830} INFO - Processing file /home/victor/Área de Trabalho/airflow/venv/lib/python3.10/site-packages/airflow/example_dags/example_branch_operator.py for tasks to queue
[2024-03-02T09:54:32.051-0300] {logging_mixin.py:188} INFO - [2024-03-02T09:54:32.050-0300] {dagbag.py:540} INFO - Filling up the DagBag from /home/victor/Área de Trabalho/airflow/venv/lib/python3.10/site-packages/airflow/example_dags/example_branch_operator.py
[2024-03-02T09:54:32.067-0300] {processor.py:840} INFO - DAG(s) 'example_branch_operator' retrieved from /home/victor/Área de Trabalho/airflow/venv/lib/python3.10/site-packages/airflow/example_dags/example_branch_operator.py
[2024-03-02T09:54:32.100-0300] {logging_mixin.py:188} INFO - [2024-03-02T09:54:32.100-0300] {dag.py:3047} INFO - Sync 1 DAGs
[2024-03-02T09:54:32.123-0300] {logging_mixin.py:188} INFO - [2024-03-02T09:54:32.123-0300] {dag.py:3834} INFO - Setting next_dagrun for example_branch_operator to 2024-03-01 00:00:00+00:00, run_after=2024-03-02 00:00:00+00:00
[2024-03-02T09:54:32.147-0300] {processor.py:183} INFO - Processing /home/victor/Área de Trabalho/airflow/venv/lib/python3.10/site-packages/airflow/example_dags/example_branch_operator.py took 0.101 seconds
[2024-03-02T09:55:02.590-0300] {processor.py:161} INFO - Started process (PID=24863) to work on /home/victor/Área de Trabalho/airflow/venv/lib/python3.10/site-packages/airflow/example_dags/example_branch_operator.py
[2024-03-02T09:55:02.591-0300] {processor.py:830} INFO - Processing file /home/victor/Área de Trabalho/airflow/venv/lib/python3.10/site-packages/airflow/example_dags/example_branch_operator.py for tasks to queue
[2024-03-02T09:55:02.592-0300] {logging_mixin.py:188} INFO - [2024-03-02T09:55:02.591-0300] {dagbag.py:540} INFO - Filling up the DagBag from /home/victor/Área de Trabalho/airflow/venv/lib/python3.10/site-packages/airflow/example_dags/example_branch_operator.py
[2024-03-02T09:55:02.609-0300] {processor.py:840} INFO - DAG(s) 'example_branch_operator' retrieved from /home/victor/Área de Trabalho/airflow/venv/lib/python3.10/site-packages/airflow/example_dags/example_branch_operator.py
[2024-03-02T09:55:02.648-0300] {logging_mixin.py:188} INFO - [2024-03-02T09:55:02.648-0300] {dag.py:3047} INFO - Sync 1 DAGs
[2024-03-02T09:55:02.672-0300] {logging_mixin.py:188} INFO - [2024-03-02T09:55:02.672-0300] {dag.py:3834} INFO - Setting next_dagrun for example_branch_operator to 2024-03-01 00:00:00+00:00, run_after=2024-03-02 00:00:00+00:00
[2024-03-02T09:55:02.694-0300] {processor.py:183} INFO - Processing /home/victor/Área de Trabalho/airflow/venv/lib/python3.10/site-packages/airflow/example_dags/example_branch_operator.py took 0.107 seconds
[2024-03-02T09:55:33.157-0300] {processor.py:161} INFO - Started process (PID=25322) to work on /home/victor/Área de Trabalho/airflow/venv/lib/python3.10/site-packages/airflow/example_dags/example_branch_operator.py
[2024-03-02T09:55:33.158-0300] {processor.py:830} INFO - Processing file /home/victor/Área de Trabalho/airflow/venv/lib/python3.10/site-packages/airflow/example_dags/example_branch_operator.py for tasks to queue
[2024-03-02T09:55:33.159-0300] {logging_mixin.py:188} INFO - [2024-03-02T09:55:33.159-0300] {dagbag.py:540} INFO - Filling up the DagBag from /home/victor/Área de Trabalho/airflow/venv/lib/python3.10/site-packages/airflow/example_dags/example_branch_operator.py
[2024-03-02T09:55:33.177-0300] {processor.py:840} INFO - DAG(s) 'example_branch_operator' retrieved from /home/victor/Área de Trabalho/airflow/venv/lib/python3.10/site-packages/airflow/example_dags/example_branch_operator.py
[2024-03-02T09:55:33.213-0300] {logging_mixin.py:188} INFO - [2024-03-02T09:55:33.212-0300] {dag.py:3047} INFO - Sync 1 DAGs
[2024-03-02T09:55:33.236-0300] {logging_mixin.py:188} INFO - [2024-03-02T09:55:33.236-0300] {dag.py:3834} INFO - Setting next_dagrun for example_branch_operator to 2024-03-01 00:00:00+00:00, run_after=2024-03-02 00:00:00+00:00
[2024-03-02T09:55:33.257-0300] {processor.py:183} INFO - Processing /home/victor/Área de Trabalho/airflow/venv/lib/python3.10/site-packages/airflow/example_dags/example_branch_operator.py took 0.103 seconds
[2024-03-02T09:56:03.475-0300] {processor.py:161} INFO - Started process (PID=25825) to work on /home/victor/Área de Trabalho/airflow/venv/lib/python3.10/site-packages/airflow/example_dags/example_branch_operator.py
[2024-03-02T09:56:03.476-0300] {processor.py:830} INFO - Processing file /home/victor/Área de Trabalho/airflow/venv/lib/python3.10/site-packages/airflow/example_dags/example_branch_operator.py for tasks to queue
[2024-03-02T09:56:03.477-0300] {logging_mixin.py:188} INFO - [2024-03-02T09:56:03.476-0300] {dagbag.py:540} INFO - Filling up the DagBag from /home/victor/Área de Trabalho/airflow/venv/lib/python3.10/site-packages/airflow/example_dags/example_branch_operator.py
[2024-03-02T09:56:03.492-0300] {processor.py:840} INFO - DAG(s) 'example_branch_operator' retrieved from /home/victor/Área de Trabalho/airflow/venv/lib/python3.10/site-packages/airflow/example_dags/example_branch_operator.py
[2024-03-02T09:56:03.524-0300] {logging_mixin.py:188} INFO - [2024-03-02T09:56:03.523-0300] {dag.py:3047} INFO - Sync 1 DAGs
[2024-03-02T09:56:03.546-0300] {logging_mixin.py:188} INFO - [2024-03-02T09:56:03.545-0300] {dag.py:3834} INFO - Setting next_dagrun for example_branch_operator to 2024-03-01 00:00:00+00:00, run_after=2024-03-02 00:00:00+00:00
[2024-03-02T09:56:03.566-0300] {processor.py:183} INFO - Processing /home/victor/Área de Trabalho/airflow/venv/lib/python3.10/site-packages/airflow/example_dags/example_branch_operator.py took 0.094 seconds
[2024-03-02T09:56:34.814-0300] {processor.py:161} INFO - Started process (PID=26147) to work on /home/victor/Área de Trabalho/airflow/venv/lib/python3.10/site-packages/airflow/example_dags/example_branch_operator.py
[2024-03-02T09:56:34.815-0300] {processor.py:830} INFO - Processing file /home/victor/Área de Trabalho/airflow/venv/lib/python3.10/site-packages/airflow/example_dags/example_branch_operator.py for tasks to queue
[2024-03-02T09:56:34.815-0300] {logging_mixin.py:188} INFO - [2024-03-02T09:56:34.815-0300] {dagbag.py:540} INFO - Filling up the DagBag from /home/victor/Área de Trabalho/airflow/venv/lib/python3.10/site-packages/airflow/example_dags/example_branch_operator.py
[2024-03-02T09:56:34.830-0300] {processor.py:840} INFO - DAG(s) 'example_branch_operator' retrieved from /home/victor/Área de Trabalho/airflow/venv/lib/python3.10/site-packages/airflow/example_dags/example_branch_operator.py
[2024-03-02T09:56:34.861-0300] {logging_mixin.py:188} INFO - [2024-03-02T09:56:34.861-0300] {dag.py:3047} INFO - Sync 1 DAGs
[2024-03-02T09:56:34.882-0300] {logging_mixin.py:188} INFO - [2024-03-02T09:56:34.882-0300] {dag.py:3834} INFO - Setting next_dagrun for example_branch_operator to 2024-03-01 00:00:00+00:00, run_after=2024-03-02 00:00:00+00:00
[2024-03-02T09:56:34.901-0300] {processor.py:183} INFO - Processing /home/victor/Área de Trabalho/airflow/venv/lib/python3.10/site-packages/airflow/example_dags/example_branch_operator.py took 0.090 seconds
[2024-03-02T09:57:05.413-0300] {processor.py:161} INFO - Started process (PID=26790) to work on /home/victor/Área de Trabalho/airflow/venv/lib/python3.10/site-packages/airflow/example_dags/example_branch_operator.py
[2024-03-02T09:57:05.415-0300] {processor.py:830} INFO - Processing file /home/victor/Área de Trabalho/airflow/venv/lib/python3.10/site-packages/airflow/example_dags/example_branch_operator.py for tasks to queue
[2024-03-02T09:57:05.416-0300] {logging_mixin.py:188} INFO - [2024-03-02T09:57:05.416-0300] {dagbag.py:540} INFO - Filling up the DagBag from /home/victor/Área de Trabalho/airflow/venv/lib/python3.10/site-packages/airflow/example_dags/example_branch_operator.py
[2024-03-02T09:57:05.434-0300] {processor.py:840} INFO - DAG(s) 'example_branch_operator' retrieved from /home/victor/Área de Trabalho/airflow/venv/lib/python3.10/site-packages/airflow/example_dags/example_branch_operator.py
[2024-03-02T09:57:05.466-0300] {logging_mixin.py:188} INFO - [2024-03-02T09:57:05.466-0300] {dag.py:3047} INFO - Sync 1 DAGs
[2024-03-02T09:57:05.487-0300] {logging_mixin.py:188} INFO - [2024-03-02T09:57:05.486-0300] {dag.py:3834} INFO - Setting next_dagrun for example_branch_operator to 2024-03-01 00:00:00+00:00, run_after=2024-03-02 00:00:00+00:00
[2024-03-02T09:57:05.505-0300] {processor.py:183} INFO - Processing /home/victor/Área de Trabalho/airflow/venv/lib/python3.10/site-packages/airflow/example_dags/example_branch_operator.py took 0.095 seconds
[2024-03-02T09:57:35.888-0300] {processor.py:161} INFO - Started process (PID=27111) to work on /home/victor/Área de Trabalho/airflow/venv/lib/python3.10/site-packages/airflow/example_dags/example_branch_operator.py
[2024-03-02T09:57:35.889-0300] {processor.py:830} INFO - Processing file /home/victor/Área de Trabalho/airflow/venv/lib/python3.10/site-packages/airflow/example_dags/example_branch_operator.py for tasks to queue
[2024-03-02T09:57:35.889-0300] {logging_mixin.py:188} INFO - [2024-03-02T09:57:35.889-0300] {dagbag.py:540} INFO - Filling up the DagBag from /home/victor/Área de Trabalho/airflow/venv/lib/python3.10/site-packages/airflow/example_dags/example_branch_operator.py
[2024-03-02T09:57:35.905-0300] {processor.py:840} INFO - DAG(s) 'example_branch_operator' retrieved from /home/victor/Área de Trabalho/airflow/venv/lib/python3.10/site-packages/airflow/example_dags/example_branch_operator.py
[2024-03-02T09:57:35.937-0300] {logging_mixin.py:188} INFO - [2024-03-02T09:57:35.936-0300] {dag.py:3047} INFO - Sync 1 DAGs
[2024-03-02T09:57:35.959-0300] {logging_mixin.py:188} INFO - [2024-03-02T09:57:35.958-0300] {dag.py:3834} INFO - Setting next_dagrun for example_branch_operator to 2024-03-01 00:00:00+00:00, run_after=2024-03-02 00:00:00+00:00
[2024-03-02T09:57:35.978-0300] {processor.py:183} INFO - Processing /home/victor/Área de Trabalho/airflow/venv/lib/python3.10/site-packages/airflow/example_dags/example_branch_operator.py took 0.093 seconds
[2024-03-02T09:58:06.520-0300] {processor.py:161} INFO - Started process (PID=27674) to work on /home/victor/Área de Trabalho/airflow/venv/lib/python3.10/site-packages/airflow/example_dags/example_branch_operator.py
[2024-03-02T09:58:06.522-0300] {processor.py:830} INFO - Processing file /home/victor/Área de Trabalho/airflow/venv/lib/python3.10/site-packages/airflow/example_dags/example_branch_operator.py for tasks to queue
[2024-03-02T09:58:06.523-0300] {logging_mixin.py:188} INFO - [2024-03-02T09:58:06.522-0300] {dagbag.py:540} INFO - Filling up the DagBag from /home/victor/Área de Trabalho/airflow/venv/lib/python3.10/site-packages/airflow/example_dags/example_branch_operator.py
[2024-03-02T09:58:06.549-0300] {processor.py:840} INFO - DAG(s) 'example_branch_operator' retrieved from /home/victor/Área de Trabalho/airflow/venv/lib/python3.10/site-packages/airflow/example_dags/example_branch_operator.py
[2024-03-02T09:58:06.585-0300] {logging_mixin.py:188} INFO - [2024-03-02T09:58:06.585-0300] {dag.py:3047} INFO - Sync 1 DAGs
[2024-03-02T09:58:06.611-0300] {logging_mixin.py:188} INFO - [2024-03-02T09:58:06.611-0300] {dag.py:3834} INFO - Setting next_dagrun for example_branch_operator to 2024-03-01 00:00:00+00:00, run_after=2024-03-02 00:00:00+00:00
[2024-03-02T09:58:06.631-0300] {processor.py:183} INFO - Processing /home/victor/Área de Trabalho/airflow/venv/lib/python3.10/site-packages/airflow/example_dags/example_branch_operator.py took 0.114 seconds
[2024-03-02T09:58:37.066-0300] {processor.py:161} INFO - Started process (PID=29032) to work on /home/victor/Área de Trabalho/airflow/venv/lib/python3.10/site-packages/airflow/example_dags/example_branch_operator.py
[2024-03-02T09:58:37.067-0300] {processor.py:830} INFO - Processing file /home/victor/Área de Trabalho/airflow/venv/lib/python3.10/site-packages/airflow/example_dags/example_branch_operator.py for tasks to queue
[2024-03-02T09:58:37.067-0300] {logging_mixin.py:188} INFO - [2024-03-02T09:58:37.067-0300] {dagbag.py:540} INFO - Filling up the DagBag from /home/victor/Área de Trabalho/airflow/venv/lib/python3.10/site-packages/airflow/example_dags/example_branch_operator.py
[2024-03-02T09:58:37.084-0300] {processor.py:840} INFO - DAG(s) 'example_branch_operator' retrieved from /home/victor/Área de Trabalho/airflow/venv/lib/python3.10/site-packages/airflow/example_dags/example_branch_operator.py
[2024-03-02T09:58:37.126-0300] {logging_mixin.py:188} INFO - [2024-03-02T09:58:37.125-0300] {dag.py:3047} INFO - Sync 1 DAGs
[2024-03-02T09:58:37.152-0300] {logging_mixin.py:188} INFO - [2024-03-02T09:58:37.152-0300] {dag.py:3834} INFO - Setting next_dagrun for example_branch_operator to 2024-03-01 00:00:00+00:00, run_after=2024-03-02 00:00:00+00:00
[2024-03-02T09:58:37.178-0300] {processor.py:183} INFO - Processing /home/victor/Área de Trabalho/airflow/venv/lib/python3.10/site-packages/airflow/example_dags/example_branch_operator.py took 0.115 seconds
[2024-03-02T09:59:07.558-0300] {processor.py:161} INFO - Started process (PID=29545) to work on /home/victor/Área de Trabalho/airflow/venv/lib/python3.10/site-packages/airflow/example_dags/example_branch_operator.py
[2024-03-02T09:59:07.559-0300] {processor.py:830} INFO - Processing file /home/victor/Área de Trabalho/airflow/venv/lib/python3.10/site-packages/airflow/example_dags/example_branch_operator.py for tasks to queue
[2024-03-02T09:59:07.559-0300] {logging_mixin.py:188} INFO - [2024-03-02T09:59:07.559-0300] {dagbag.py:540} INFO - Filling up the DagBag from /home/victor/Área de Trabalho/airflow/venv/lib/python3.10/site-packages/airflow/example_dags/example_branch_operator.py
[2024-03-02T09:59:07.576-0300] {processor.py:840} INFO - DAG(s) 'example_branch_operator' retrieved from /home/victor/Área de Trabalho/airflow/venv/lib/python3.10/site-packages/airflow/example_dags/example_branch_operator.py
[2024-03-02T09:59:07.610-0300] {logging_mixin.py:188} INFO - [2024-03-02T09:59:07.610-0300] {dag.py:3047} INFO - Sync 1 DAGs
[2024-03-02T09:59:07.633-0300] {logging_mixin.py:188} INFO - [2024-03-02T09:59:07.633-0300] {dag.py:3834} INFO - Setting next_dagrun for example_branch_operator to 2024-03-01 00:00:00+00:00, run_after=2024-03-02 00:00:00+00:00
[2024-03-02T09:59:07.653-0300] {processor.py:183} INFO - Processing /home/victor/Área de Trabalho/airflow/venv/lib/python3.10/site-packages/airflow/example_dags/example_branch_operator.py took 0.099 seconds
