[2024-03-02T09:36:59.675-0300] {processor.py:161} INFO - Started process (PID=8008) to work on /home/victor/Área de Trabalho/airflow/venv/lib/python3.10/site-packages/airflow/example_dags/example_params_trigger_ui.py
[2024-03-02T09:36:59.676-0300] {processor.py:830} INFO - Processing file /home/victor/Área de Trabalho/airflow/venv/lib/python3.10/site-packages/airflow/example_dags/example_params_trigger_ui.py for tasks to queue
[2024-03-02T09:36:59.677-0300] {logging_mixin.py:188} INFO - [2024-03-02T09:36:59.676-0300] {dagbag.py:540} INFO - Filling up the DagBag from /home/victor/Área de Trabalho/airflow/venv/lib/python3.10/site-packages/airflow/example_dags/example_params_trigger_ui.py
[2024-03-02T09:36:59.689-0300] {processor.py:840} INFO - DAG(s) 'example_params_trigger_ui' retrieved from /home/victor/Área de Trabalho/airflow/venv/lib/python3.10/site-packages/airflow/example_dags/example_params_trigger_ui.py
[2024-03-02T09:36:59.708-0300] {logging_mixin.py:188} INFO - [2024-03-02T09:36:59.707-0300] {dag.py:3047} INFO - Sync 1 DAGs
[2024-03-02T09:36:59.727-0300] {logging_mixin.py:188} INFO - [2024-03-02T09:36:59.726-0300] {dag.py:3834} INFO - Setting next_dagrun for example_params_trigger_ui to None, run_after=None
[2024-03-02T09:36:59.749-0300] {processor.py:183} INFO - Processing /home/victor/Área de Trabalho/airflow/venv/lib/python3.10/site-packages/airflow/example_dags/example_params_trigger_ui.py took 0.077 seconds
[2024-03-02T09:37:31.323-0300] {processor.py:161} INFO - Started process (PID=9470) to work on /home/victor/Área de Trabalho/airflow/venv/lib/python3.10/site-packages/airflow/example_dags/example_params_trigger_ui.py
[2024-03-02T09:37:31.324-0300] {processor.py:830} INFO - Processing file /home/victor/Área de Trabalho/airflow/venv/lib/python3.10/site-packages/airflow/example_dags/example_params_trigger_ui.py for tasks to queue
[2024-03-02T09:37:31.325-0300] {logging_mixin.py:188} INFO - [2024-03-02T09:37:31.325-0300] {dagbag.py:540} INFO - Filling up the DagBag from /home/victor/Área de Trabalho/airflow/venv/lib/python3.10/site-packages/airflow/example_dags/example_params_trigger_ui.py
[2024-03-02T09:37:31.338-0300] {processor.py:840} INFO - DAG(s) 'example_params_trigger_ui' retrieved from /home/victor/Área de Trabalho/airflow/venv/lib/python3.10/site-packages/airflow/example_dags/example_params_trigger_ui.py
[2024-03-02T09:37:31.466-0300] {logging_mixin.py:188} INFO - [2024-03-02T09:37:31.466-0300] {dag.py:3047} INFO - Sync 1 DAGs
[2024-03-02T09:37:31.475-0300] {logging_mixin.py:188} INFO - [2024-03-02T09:37:31.475-0300] {dag.py:3834} INFO - Setting next_dagrun for example_params_trigger_ui to None, run_after=None
[2024-03-02T09:37:31.492-0300] {processor.py:183} INFO - Processing /home/victor/Área de Trabalho/airflow/venv/lib/python3.10/site-packages/airflow/example_dags/example_params_trigger_ui.py took 0.171 seconds
[2024-03-02T09:38:02.297-0300] {processor.py:161} INFO - Started process (PID=10078) to work on /home/victor/Área de Trabalho/airflow/venv/lib/python3.10/site-packages/airflow/example_dags/example_params_trigger_ui.py
[2024-03-02T09:38:02.298-0300] {processor.py:830} INFO - Processing file /home/victor/Área de Trabalho/airflow/venv/lib/python3.10/site-packages/airflow/example_dags/example_params_trigger_ui.py for tasks to queue
[2024-03-02T09:38:02.299-0300] {logging_mixin.py:188} INFO - [2024-03-02T09:38:02.298-0300] {dagbag.py:540} INFO - Filling up the DagBag from /home/victor/Área de Trabalho/airflow/venv/lib/python3.10/site-packages/airflow/example_dags/example_params_trigger_ui.py
[2024-03-02T09:38:02.310-0300] {processor.py:840} INFO - DAG(s) 'example_params_trigger_ui' retrieved from /home/victor/Área de Trabalho/airflow/venv/lib/python3.10/site-packages/airflow/example_dags/example_params_trigger_ui.py
[2024-03-02T09:38:02.358-0300] {logging_mixin.py:188} INFO - [2024-03-02T09:38:02.358-0300] {dag.py:3047} INFO - Sync 1 DAGs
[2024-03-02T09:38:02.370-0300] {logging_mixin.py:188} INFO - [2024-03-02T09:38:02.370-0300] {dag.py:3834} INFO - Setting next_dagrun for example_params_trigger_ui to None, run_after=None
[2024-03-02T09:38:02.394-0300] {processor.py:183} INFO - Processing /home/victor/Área de Trabalho/airflow/venv/lib/python3.10/site-packages/airflow/example_dags/example_params_trigger_ui.py took 0.100 seconds
[2024-03-02T09:38:32.624-0300] {processor.py:161} INFO - Started process (PID=10391) to work on /home/victor/Área de Trabalho/airflow/venv/lib/python3.10/site-packages/airflow/example_dags/example_params_trigger_ui.py
[2024-03-02T09:38:32.625-0300] {processor.py:830} INFO - Processing file /home/victor/Área de Trabalho/airflow/venv/lib/python3.10/site-packages/airflow/example_dags/example_params_trigger_ui.py for tasks to queue
[2024-03-02T09:38:32.626-0300] {logging_mixin.py:188} INFO - [2024-03-02T09:38:32.625-0300] {dagbag.py:540} INFO - Filling up the DagBag from /home/victor/Área de Trabalho/airflow/venv/lib/python3.10/site-packages/airflow/example_dags/example_params_trigger_ui.py
[2024-03-02T09:38:32.637-0300] {processor.py:840} INFO - DAG(s) 'example_params_trigger_ui' retrieved from /home/victor/Área de Trabalho/airflow/venv/lib/python3.10/site-packages/airflow/example_dags/example_params_trigger_ui.py
[2024-03-02T09:38:32.686-0300] {logging_mixin.py:188} INFO - [2024-03-02T09:38:32.685-0300] {dag.py:3047} INFO - Sync 1 DAGs
[2024-03-02T09:38:32.696-0300] {logging_mixin.py:188} INFO - [2024-03-02T09:38:32.695-0300] {dag.py:3834} INFO - Setting next_dagrun for example_params_trigger_ui to None, run_after=None
[2024-03-02T09:38:32.714-0300] {processor.py:183} INFO - Processing /home/victor/Área de Trabalho/airflow/venv/lib/python3.10/site-packages/airflow/example_dags/example_params_trigger_ui.py took 0.093 seconds
[2024-03-02T09:39:04.048-0300] {processor.py:161} INFO - Started process (PID=10970) to work on /home/victor/Área de Trabalho/airflow/venv/lib/python3.10/site-packages/airflow/example_dags/example_params_trigger_ui.py
[2024-03-02T09:39:04.049-0300] {processor.py:830} INFO - Processing file /home/victor/Área de Trabalho/airflow/venv/lib/python3.10/site-packages/airflow/example_dags/example_params_trigger_ui.py for tasks to queue
[2024-03-02T09:39:04.049-0300] {logging_mixin.py:188} INFO - [2024-03-02T09:39:04.049-0300] {dagbag.py:540} INFO - Filling up the DagBag from /home/victor/Área de Trabalho/airflow/venv/lib/python3.10/site-packages/airflow/example_dags/example_params_trigger_ui.py
[2024-03-02T09:39:04.062-0300] {processor.py:840} INFO - DAG(s) 'example_params_trigger_ui' retrieved from /home/victor/Área de Trabalho/airflow/venv/lib/python3.10/site-packages/airflow/example_dags/example_params_trigger_ui.py
[2024-03-02T09:39:04.111-0300] {logging_mixin.py:188} INFO - [2024-03-02T09:39:04.110-0300] {dag.py:3047} INFO - Sync 1 DAGs
[2024-03-02T09:39:04.121-0300] {logging_mixin.py:188} INFO - [2024-03-02T09:39:04.120-0300] {dag.py:3834} INFO - Setting next_dagrun for example_params_trigger_ui to None, run_after=None
[2024-03-02T09:39:04.137-0300] {processor.py:183} INFO - Processing /home/victor/Área de Trabalho/airflow/venv/lib/python3.10/site-packages/airflow/example_dags/example_params_trigger_ui.py took 0.092 seconds
[2024-03-02T09:39:35.195-0300] {processor.py:161} INFO - Started process (PID=11547) to work on /home/victor/Área de Trabalho/airflow/venv/lib/python3.10/site-packages/airflow/example_dags/example_params_trigger_ui.py
[2024-03-02T09:39:35.196-0300] {processor.py:830} INFO - Processing file /home/victor/Área de Trabalho/airflow/venv/lib/python3.10/site-packages/airflow/example_dags/example_params_trigger_ui.py for tasks to queue
[2024-03-02T09:39:35.196-0300] {logging_mixin.py:188} INFO - [2024-03-02T09:39:35.196-0300] {dagbag.py:540} INFO - Filling up the DagBag from /home/victor/Área de Trabalho/airflow/venv/lib/python3.10/site-packages/airflow/example_dags/example_params_trigger_ui.py
[2024-03-02T09:39:35.208-0300] {processor.py:840} INFO - DAG(s) 'example_params_trigger_ui' retrieved from /home/victor/Área de Trabalho/airflow/venv/lib/python3.10/site-packages/airflow/example_dags/example_params_trigger_ui.py
[2024-03-02T09:39:35.256-0300] {logging_mixin.py:188} INFO - [2024-03-02T09:39:35.256-0300] {dag.py:3047} INFO - Sync 1 DAGs
[2024-03-02T09:39:35.267-0300] {logging_mixin.py:188} INFO - [2024-03-02T09:39:35.267-0300] {dag.py:3834} INFO - Setting next_dagrun for example_params_trigger_ui to None, run_after=None
[2024-03-02T09:39:35.286-0300] {processor.py:183} INFO - Processing /home/victor/Área de Trabalho/airflow/venv/lib/python3.10/site-packages/airflow/example_dags/example_params_trigger_ui.py took 0.094 seconds
[2024-03-02T09:40:06.527-0300] {processor.py:161} INFO - Started process (PID=12024) to work on /home/victor/Área de Trabalho/airflow/venv/lib/python3.10/site-packages/airflow/example_dags/example_params_trigger_ui.py
[2024-03-02T09:40:06.528-0300] {processor.py:830} INFO - Processing file /home/victor/Área de Trabalho/airflow/venv/lib/python3.10/site-packages/airflow/example_dags/example_params_trigger_ui.py for tasks to queue
[2024-03-02T09:40:06.528-0300] {logging_mixin.py:188} INFO - [2024-03-02T09:40:06.528-0300] {dagbag.py:540} INFO - Filling up the DagBag from /home/victor/Área de Trabalho/airflow/venv/lib/python3.10/site-packages/airflow/example_dags/example_params_trigger_ui.py
[2024-03-02T09:40:06.541-0300] {processor.py:840} INFO - DAG(s) 'example_params_trigger_ui' retrieved from /home/victor/Área de Trabalho/airflow/venv/lib/python3.10/site-packages/airflow/example_dags/example_params_trigger_ui.py
[2024-03-02T09:40:06.589-0300] {logging_mixin.py:188} INFO - [2024-03-02T09:40:06.589-0300] {dag.py:3047} INFO - Sync 1 DAGs
[2024-03-02T09:40:06.600-0300] {logging_mixin.py:188} INFO - [2024-03-02T09:40:06.600-0300] {dag.py:3834} INFO - Setting next_dagrun for example_params_trigger_ui to None, run_after=None
[2024-03-02T09:40:06.620-0300] {processor.py:183} INFO - Processing /home/victor/Área de Trabalho/airflow/venv/lib/python3.10/site-packages/airflow/example_dags/example_params_trigger_ui.py took 0.096 seconds
[2024-03-02T09:40:37.990-0300] {processor.py:161} INFO - Started process (PID=12401) to work on /home/victor/Área de Trabalho/airflow/venv/lib/python3.10/site-packages/airflow/example_dags/example_params_trigger_ui.py
[2024-03-02T09:40:37.991-0300] {processor.py:830} INFO - Processing file /home/victor/Área de Trabalho/airflow/venv/lib/python3.10/site-packages/airflow/example_dags/example_params_trigger_ui.py for tasks to queue
[2024-03-02T09:40:37.992-0300] {logging_mixin.py:188} INFO - [2024-03-02T09:40:37.992-0300] {dagbag.py:540} INFO - Filling up the DagBag from /home/victor/Área de Trabalho/airflow/venv/lib/python3.10/site-packages/airflow/example_dags/example_params_trigger_ui.py
[2024-03-02T09:40:38.016-0300] {processor.py:840} INFO - DAG(s) 'example_params_trigger_ui' retrieved from /home/victor/Área de Trabalho/airflow/venv/lib/python3.10/site-packages/airflow/example_dags/example_params_trigger_ui.py
[2024-03-02T09:40:38.079-0300] {logging_mixin.py:188} INFO - [2024-03-02T09:40:38.078-0300] {dag.py:3047} INFO - Sync 1 DAGs
[2024-03-02T09:40:38.093-0300] {logging_mixin.py:188} INFO - [2024-03-02T09:40:38.093-0300] {dag.py:3834} INFO - Setting next_dagrun for example_params_trigger_ui to None, run_after=None
[2024-03-02T09:40:38.118-0300] {processor.py:183} INFO - Processing /home/victor/Área de Trabalho/airflow/venv/lib/python3.10/site-packages/airflow/example_dags/example_params_trigger_ui.py took 0.131 seconds
[2024-03-02T09:41:09.055-0300] {processor.py:161} INFO - Started process (PID=12877) to work on /home/victor/Área de Trabalho/airflow/venv/lib/python3.10/site-packages/airflow/example_dags/example_params_trigger_ui.py
[2024-03-02T09:41:09.056-0300] {processor.py:830} INFO - Processing file /home/victor/Área de Trabalho/airflow/venv/lib/python3.10/site-packages/airflow/example_dags/example_params_trigger_ui.py for tasks to queue
[2024-03-02T09:41:09.057-0300] {logging_mixin.py:188} INFO - [2024-03-02T09:41:09.057-0300] {dagbag.py:540} INFO - Filling up the DagBag from /home/victor/Área de Trabalho/airflow/venv/lib/python3.10/site-packages/airflow/example_dags/example_params_trigger_ui.py
[2024-03-02T09:41:09.072-0300] {processor.py:840} INFO - DAG(s) 'example_params_trigger_ui' retrieved from /home/victor/Área de Trabalho/airflow/venv/lib/python3.10/site-packages/airflow/example_dags/example_params_trigger_ui.py
[2024-03-02T09:41:09.131-0300] {logging_mixin.py:188} INFO - [2024-03-02T09:41:09.131-0300] {dag.py:3047} INFO - Sync 1 DAGs
[2024-03-02T09:41:09.144-0300] {logging_mixin.py:188} INFO - [2024-03-02T09:41:09.144-0300] {dag.py:3834} INFO - Setting next_dagrun for example_params_trigger_ui to None, run_after=None
[2024-03-02T09:41:09.168-0300] {processor.py:183} INFO - Processing /home/victor/Área de Trabalho/airflow/venv/lib/python3.10/site-packages/airflow/example_dags/example_params_trigger_ui.py took 0.117 seconds
[2024-03-02T09:41:39.747-0300] {processor.py:161} INFO - Started process (PID=13192) to work on /home/victor/Área de Trabalho/airflow/venv/lib/python3.10/site-packages/airflow/example_dags/example_params_trigger_ui.py
[2024-03-02T09:41:39.748-0300] {processor.py:830} INFO - Processing file /home/victor/Área de Trabalho/airflow/venv/lib/python3.10/site-packages/airflow/example_dags/example_params_trigger_ui.py for tasks to queue
[2024-03-02T09:41:39.749-0300] {logging_mixin.py:188} INFO - [2024-03-02T09:41:39.749-0300] {dagbag.py:540} INFO - Filling up the DagBag from /home/victor/Área de Trabalho/airflow/venv/lib/python3.10/site-packages/airflow/example_dags/example_params_trigger_ui.py
[2024-03-02T09:41:39.761-0300] {processor.py:840} INFO - DAG(s) 'example_params_trigger_ui' retrieved from /home/victor/Área de Trabalho/airflow/venv/lib/python3.10/site-packages/airflow/example_dags/example_params_trigger_ui.py
[2024-03-02T09:41:39.818-0300] {logging_mixin.py:188} INFO - [2024-03-02T09:41:39.817-0300] {dag.py:3047} INFO - Sync 1 DAGs
[2024-03-02T09:41:39.830-0300] {logging_mixin.py:188} INFO - [2024-03-02T09:41:39.829-0300] {dag.py:3834} INFO - Setting next_dagrun for example_params_trigger_ui to None, run_after=None
[2024-03-02T09:41:39.851-0300] {processor.py:183} INFO - Processing /home/victor/Área de Trabalho/airflow/venv/lib/python3.10/site-packages/airflow/example_dags/example_params_trigger_ui.py took 0.107 seconds
[2024-03-02T09:42:10.655-0300] {processor.py:161} INFO - Started process (PID=13834) to work on /home/victor/Área de Trabalho/airflow/venv/lib/python3.10/site-packages/airflow/example_dags/example_params_trigger_ui.py
[2024-03-02T09:42:10.656-0300] {processor.py:830} INFO - Processing file /home/victor/Área de Trabalho/airflow/venv/lib/python3.10/site-packages/airflow/example_dags/example_params_trigger_ui.py for tasks to queue
[2024-03-02T09:42:10.657-0300] {logging_mixin.py:188} INFO - [2024-03-02T09:42:10.657-0300] {dagbag.py:540} INFO - Filling up the DagBag from /home/victor/Área de Trabalho/airflow/venv/lib/python3.10/site-packages/airflow/example_dags/example_params_trigger_ui.py
[2024-03-02T09:42:10.670-0300] {processor.py:840} INFO - DAG(s) 'example_params_trigger_ui' retrieved from /home/victor/Área de Trabalho/airflow/venv/lib/python3.10/site-packages/airflow/example_dags/example_params_trigger_ui.py
[2024-03-02T09:42:10.730-0300] {logging_mixin.py:188} INFO - [2024-03-02T09:42:10.730-0300] {dag.py:3047} INFO - Sync 1 DAGs
[2024-03-02T09:42:10.743-0300] {logging_mixin.py:188} INFO - [2024-03-02T09:42:10.742-0300] {dag.py:3834} INFO - Setting next_dagrun for example_params_trigger_ui to None, run_after=None
[2024-03-02T09:42:10.765-0300] {processor.py:183} INFO - Processing /home/victor/Área de Trabalho/airflow/venv/lib/python3.10/site-packages/airflow/example_dags/example_params_trigger_ui.py took 0.113 seconds
[2024-03-02T09:42:41.656-0300] {processor.py:161} INFO - Started process (PID=14146) to work on /home/victor/Área de Trabalho/airflow/venv/lib/python3.10/site-packages/airflow/example_dags/example_params_trigger_ui.py
[2024-03-02T09:42:41.657-0300] {processor.py:830} INFO - Processing file /home/victor/Área de Trabalho/airflow/venv/lib/python3.10/site-packages/airflow/example_dags/example_params_trigger_ui.py for tasks to queue
[2024-03-02T09:42:41.657-0300] {logging_mixin.py:188} INFO - [2024-03-02T09:42:41.657-0300] {dagbag.py:540} INFO - Filling up the DagBag from /home/victor/Área de Trabalho/airflow/venv/lib/python3.10/site-packages/airflow/example_dags/example_params_trigger_ui.py
[2024-03-02T09:42:41.673-0300] {processor.py:840} INFO - DAG(s) 'example_params_trigger_ui' retrieved from /home/victor/Área de Trabalho/airflow/venv/lib/python3.10/site-packages/airflow/example_dags/example_params_trigger_ui.py
[2024-03-02T09:42:41.732-0300] {logging_mixin.py:188} INFO - [2024-03-02T09:42:41.732-0300] {dag.py:3047} INFO - Sync 1 DAGs
[2024-03-02T09:42:41.746-0300] {logging_mixin.py:188} INFO - [2024-03-02T09:42:41.746-0300] {dag.py:3834} INFO - Setting next_dagrun for example_params_trigger_ui to None, run_after=None
[2024-03-02T09:42:41.768-0300] {processor.py:183} INFO - Processing /home/victor/Área de Trabalho/airflow/venv/lib/python3.10/site-packages/airflow/example_dags/example_params_trigger_ui.py took 0.115 seconds
[2024-03-02T09:43:12.813-0300] {processor.py:161} INFO - Started process (PID=14628) to work on /home/victor/Área de Trabalho/airflow/venv/lib/python3.10/site-packages/airflow/example_dags/example_params_trigger_ui.py
[2024-03-02T09:43:12.814-0300] {processor.py:830} INFO - Processing file /home/victor/Área de Trabalho/airflow/venv/lib/python3.10/site-packages/airflow/example_dags/example_params_trigger_ui.py for tasks to queue
[2024-03-02T09:43:12.815-0300] {logging_mixin.py:188} INFO - [2024-03-02T09:43:12.815-0300] {dagbag.py:540} INFO - Filling up the DagBag from /home/victor/Área de Trabalho/airflow/venv/lib/python3.10/site-packages/airflow/example_dags/example_params_trigger_ui.py
[2024-03-02T09:43:12.827-0300] {processor.py:840} INFO - DAG(s) 'example_params_trigger_ui' retrieved from /home/victor/Área de Trabalho/airflow/venv/lib/python3.10/site-packages/airflow/example_dags/example_params_trigger_ui.py
[2024-03-02T09:43:12.879-0300] {logging_mixin.py:188} INFO - [2024-03-02T09:43:12.879-0300] {dag.py:3047} INFO - Sync 1 DAGs
[2024-03-02T09:43:12.891-0300] {logging_mixin.py:188} INFO - [2024-03-02T09:43:12.891-0300] {dag.py:3834} INFO - Setting next_dagrun for example_params_trigger_ui to None, run_after=None
[2024-03-02T09:43:12.912-0300] {processor.py:183} INFO - Processing /home/victor/Área de Trabalho/airflow/venv/lib/python3.10/site-packages/airflow/example_dags/example_params_trigger_ui.py took 0.101 seconds
[2024-03-02T09:43:43.296-0300] {processor.py:161} INFO - Started process (PID=14948) to work on /home/victor/Área de Trabalho/airflow/venv/lib/python3.10/site-packages/airflow/example_dags/example_params_trigger_ui.py
[2024-03-02T09:43:43.297-0300] {processor.py:830} INFO - Processing file /home/victor/Área de Trabalho/airflow/venv/lib/python3.10/site-packages/airflow/example_dags/example_params_trigger_ui.py for tasks to queue
[2024-03-02T09:43:43.298-0300] {logging_mixin.py:188} INFO - [2024-03-02T09:43:43.298-0300] {dagbag.py:540} INFO - Filling up the DagBag from /home/victor/Área de Trabalho/airflow/venv/lib/python3.10/site-packages/airflow/example_dags/example_params_trigger_ui.py
[2024-03-02T09:43:43.311-0300] {processor.py:840} INFO - DAG(s) 'example_params_trigger_ui' retrieved from /home/victor/Área de Trabalho/airflow/venv/lib/python3.10/site-packages/airflow/example_dags/example_params_trigger_ui.py
[2024-03-02T09:43:43.373-0300] {logging_mixin.py:188} INFO - [2024-03-02T09:43:43.373-0300] {dag.py:3047} INFO - Sync 1 DAGs
[2024-03-02T09:43:43.385-0300] {logging_mixin.py:188} INFO - [2024-03-02T09:43:43.385-0300] {dag.py:3834} INFO - Setting next_dagrun for example_params_trigger_ui to None, run_after=None
[2024-03-02T09:43:43.407-0300] {processor.py:183} INFO - Processing /home/victor/Área de Trabalho/airflow/venv/lib/python3.10/site-packages/airflow/example_dags/example_params_trigger_ui.py took 0.114 seconds
[2024-03-02T09:44:14.833-0300] {processor.py:161} INFO - Started process (PID=15437) to work on /home/victor/Área de Trabalho/airflow/venv/lib/python3.10/site-packages/airflow/example_dags/example_params_trigger_ui.py
[2024-03-02T09:44:14.834-0300] {processor.py:830} INFO - Processing file /home/victor/Área de Trabalho/airflow/venv/lib/python3.10/site-packages/airflow/example_dags/example_params_trigger_ui.py for tasks to queue
[2024-03-02T09:44:14.837-0300] {logging_mixin.py:188} INFO - [2024-03-02T09:44:14.835-0300] {dagbag.py:540} INFO - Filling up the DagBag from /home/victor/Área de Trabalho/airflow/venv/lib/python3.10/site-packages/airflow/example_dags/example_params_trigger_ui.py
[2024-03-02T09:44:14.852-0300] {processor.py:840} INFO - DAG(s) 'example_params_trigger_ui' retrieved from /home/victor/Área de Trabalho/airflow/venv/lib/python3.10/site-packages/airflow/example_dags/example_params_trigger_ui.py
[2024-03-02T09:44:14.924-0300] {logging_mixin.py:188} INFO - [2024-03-02T09:44:14.924-0300] {dag.py:3047} INFO - Sync 1 DAGs
[2024-03-02T09:44:14.937-0300] {logging_mixin.py:188} INFO - [2024-03-02T09:44:14.937-0300] {dag.py:3834} INFO - Setting next_dagrun for example_params_trigger_ui to None, run_after=None
[2024-03-02T09:44:14.961-0300] {processor.py:183} INFO - Processing /home/victor/Área de Trabalho/airflow/venv/lib/python3.10/site-packages/airflow/example_dags/example_params_trigger_ui.py took 0.130 seconds
[2024-03-02T09:44:45.614-0300] {processor.py:161} INFO - Started process (PID=15761) to work on /home/victor/Área de Trabalho/airflow/venv/lib/python3.10/site-packages/airflow/example_dags/example_params_trigger_ui.py
[2024-03-02T09:44:45.615-0300] {processor.py:830} INFO - Processing file /home/victor/Área de Trabalho/airflow/venv/lib/python3.10/site-packages/airflow/example_dags/example_params_trigger_ui.py for tasks to queue
[2024-03-02T09:44:45.616-0300] {logging_mixin.py:188} INFO - [2024-03-02T09:44:45.616-0300] {dagbag.py:540} INFO - Filling up the DagBag from /home/victor/Área de Trabalho/airflow/venv/lib/python3.10/site-packages/airflow/example_dags/example_params_trigger_ui.py
[2024-03-02T09:44:45.629-0300] {processor.py:840} INFO - DAG(s) 'example_params_trigger_ui' retrieved from /home/victor/Área de Trabalho/airflow/venv/lib/python3.10/site-packages/airflow/example_dags/example_params_trigger_ui.py
[2024-03-02T09:44:45.686-0300] {logging_mixin.py:188} INFO - [2024-03-02T09:44:45.685-0300] {dag.py:3047} INFO - Sync 1 DAGs
[2024-03-02T09:44:45.698-0300] {logging_mixin.py:188} INFO - [2024-03-02T09:44:45.698-0300] {dag.py:3834} INFO - Setting next_dagrun for example_params_trigger_ui to None, run_after=None
[2024-03-02T09:44:45.719-0300] {processor.py:183} INFO - Processing /home/victor/Área de Trabalho/airflow/venv/lib/python3.10/site-packages/airflow/example_dags/example_params_trigger_ui.py took 0.108 seconds
[2024-03-02T09:45:16.830-0300] {processor.py:161} INFO - Started process (PID=16246) to work on /home/victor/Área de Trabalho/airflow/venv/lib/python3.10/site-packages/airflow/example_dags/example_params_trigger_ui.py
[2024-03-02T09:45:16.832-0300] {processor.py:830} INFO - Processing file /home/victor/Área de Trabalho/airflow/venv/lib/python3.10/site-packages/airflow/example_dags/example_params_trigger_ui.py for tasks to queue
[2024-03-02T09:45:16.836-0300] {logging_mixin.py:188} INFO - [2024-03-02T09:45:16.836-0300] {dagbag.py:540} INFO - Filling up the DagBag from /home/victor/Área de Trabalho/airflow/venv/lib/python3.10/site-packages/airflow/example_dags/example_params_trigger_ui.py
[2024-03-02T09:45:16.860-0300] {processor.py:840} INFO - DAG(s) 'example_params_trigger_ui' retrieved from /home/victor/Área de Trabalho/airflow/venv/lib/python3.10/site-packages/airflow/example_dags/example_params_trigger_ui.py
[2024-03-02T09:45:16.930-0300] {logging_mixin.py:188} INFO - [2024-03-02T09:45:16.930-0300] {dag.py:3047} INFO - Sync 1 DAGs
[2024-03-02T09:45:16.946-0300] {logging_mixin.py:188} INFO - [2024-03-02T09:45:16.946-0300] {dag.py:3834} INFO - Setting next_dagrun for example_params_trigger_ui to None, run_after=None
[2024-03-02T09:45:16.967-0300] {processor.py:183} INFO - Processing /home/victor/Área de Trabalho/airflow/venv/lib/python3.10/site-packages/airflow/example_dags/example_params_trigger_ui.py took 0.143 seconds
[2024-03-02T09:45:47.389-0300] {processor.py:161} INFO - Started process (PID=16753) to work on /home/victor/Área de Trabalho/airflow/venv/lib/python3.10/site-packages/airflow/example_dags/example_params_trigger_ui.py
[2024-03-02T09:45:47.390-0300] {processor.py:830} INFO - Processing file /home/victor/Área de Trabalho/airflow/venv/lib/python3.10/site-packages/airflow/example_dags/example_params_trigger_ui.py for tasks to queue
[2024-03-02T09:45:47.391-0300] {logging_mixin.py:188} INFO - [2024-03-02T09:45:47.390-0300] {dagbag.py:540} INFO - Filling up the DagBag from /home/victor/Área de Trabalho/airflow/venv/lib/python3.10/site-packages/airflow/example_dags/example_params_trigger_ui.py
[2024-03-02T09:45:47.403-0300] {processor.py:840} INFO - DAG(s) 'example_params_trigger_ui' retrieved from /home/victor/Área de Trabalho/airflow/venv/lib/python3.10/site-packages/airflow/example_dags/example_params_trigger_ui.py
[2024-03-02T09:45:47.457-0300] {logging_mixin.py:188} INFO - [2024-03-02T09:45:47.456-0300] {dag.py:3047} INFO - Sync 1 DAGs
[2024-03-02T09:45:47.468-0300] {logging_mixin.py:188} INFO - [2024-03-02T09:45:47.468-0300] {dag.py:3834} INFO - Setting next_dagrun for example_params_trigger_ui to None, run_after=None
[2024-03-02T09:45:47.488-0300] {processor.py:183} INFO - Processing /home/victor/Área de Trabalho/airflow/venv/lib/python3.10/site-packages/airflow/example_dags/example_params_trigger_ui.py took 0.102 seconds
[2024-03-02T09:46:19.222-0300] {processor.py:161} INFO - Started process (PID=17236) to work on /home/victor/Área de Trabalho/airflow/venv/lib/python3.10/site-packages/airflow/example_dags/example_params_trigger_ui.py
[2024-03-02T09:46:19.223-0300] {processor.py:830} INFO - Processing file /home/victor/Área de Trabalho/airflow/venv/lib/python3.10/site-packages/airflow/example_dags/example_params_trigger_ui.py for tasks to queue
[2024-03-02T09:46:19.224-0300] {logging_mixin.py:188} INFO - [2024-03-02T09:46:19.224-0300] {dagbag.py:540} INFO - Filling up the DagBag from /home/victor/Área de Trabalho/airflow/venv/lib/python3.10/site-packages/airflow/example_dags/example_params_trigger_ui.py
[2024-03-02T09:46:19.240-0300] {processor.py:840} INFO - DAG(s) 'example_params_trigger_ui' retrieved from /home/victor/Área de Trabalho/airflow/venv/lib/python3.10/site-packages/airflow/example_dags/example_params_trigger_ui.py
[2024-03-02T09:46:19.296-0300] {logging_mixin.py:188} INFO - [2024-03-02T09:46:19.296-0300] {dag.py:3047} INFO - Sync 1 DAGs
[2024-03-02T09:46:19.309-0300] {logging_mixin.py:188} INFO - [2024-03-02T09:46:19.309-0300] {dag.py:3834} INFO - Setting next_dagrun for example_params_trigger_ui to None, run_after=None
[2024-03-02T09:46:19.329-0300] {processor.py:183} INFO - Processing /home/victor/Área de Trabalho/airflow/venv/lib/python3.10/site-packages/airflow/example_dags/example_params_trigger_ui.py took 0.110 seconds
[2024-03-02T09:46:49.686-0300] {processor.py:161} INFO - Started process (PID=17559) to work on /home/victor/Área de Trabalho/airflow/venv/lib/python3.10/site-packages/airflow/example_dags/example_params_trigger_ui.py
[2024-03-02T09:46:49.687-0300] {processor.py:830} INFO - Processing file /home/victor/Área de Trabalho/airflow/venv/lib/python3.10/site-packages/airflow/example_dags/example_params_trigger_ui.py for tasks to queue
[2024-03-02T09:46:49.687-0300] {logging_mixin.py:188} INFO - [2024-03-02T09:46:49.687-0300] {dagbag.py:540} INFO - Filling up the DagBag from /home/victor/Área de Trabalho/airflow/venv/lib/python3.10/site-packages/airflow/example_dags/example_params_trigger_ui.py
[2024-03-02T09:46:49.702-0300] {processor.py:840} INFO - DAG(s) 'example_params_trigger_ui' retrieved from /home/victor/Área de Trabalho/airflow/venv/lib/python3.10/site-packages/airflow/example_dags/example_params_trigger_ui.py
[2024-03-02T09:46:49.756-0300] {logging_mixin.py:188} INFO - [2024-03-02T09:46:49.756-0300] {dag.py:3047} INFO - Sync 1 DAGs
[2024-03-02T09:46:49.768-0300] {logging_mixin.py:188} INFO - [2024-03-02T09:46:49.768-0300] {dag.py:3834} INFO - Setting next_dagrun for example_params_trigger_ui to None, run_after=None
[2024-03-02T09:46:49.788-0300] {processor.py:183} INFO - Processing /home/victor/Área de Trabalho/airflow/venv/lib/python3.10/site-packages/airflow/example_dags/example_params_trigger_ui.py took 0.105 seconds
[2024-03-02T09:47:20.714-0300] {processor.py:161} INFO - Started process (PID=18216) to work on /home/victor/Área de Trabalho/airflow/venv/lib/python3.10/site-packages/airflow/example_dags/example_params_trigger_ui.py
[2024-03-02T09:47:20.715-0300] {processor.py:830} INFO - Processing file /home/victor/Área de Trabalho/airflow/venv/lib/python3.10/site-packages/airflow/example_dags/example_params_trigger_ui.py for tasks to queue
[2024-03-02T09:47:20.715-0300] {logging_mixin.py:188} INFO - [2024-03-02T09:47:20.715-0300] {dagbag.py:540} INFO - Filling up the DagBag from /home/victor/Área de Trabalho/airflow/venv/lib/python3.10/site-packages/airflow/example_dags/example_params_trigger_ui.py
[2024-03-02T09:47:20.729-0300] {processor.py:840} INFO - DAG(s) 'example_params_trigger_ui' retrieved from /home/victor/Área de Trabalho/airflow/venv/lib/python3.10/site-packages/airflow/example_dags/example_params_trigger_ui.py
[2024-03-02T09:47:20.779-0300] {logging_mixin.py:188} INFO - [2024-03-02T09:47:20.779-0300] {dag.py:3047} INFO - Sync 1 DAGs
[2024-03-02T09:47:20.790-0300] {logging_mixin.py:188} INFO - [2024-03-02T09:47:20.790-0300] {dag.py:3834} INFO - Setting next_dagrun for example_params_trigger_ui to None, run_after=None
[2024-03-02T09:47:20.810-0300] {processor.py:183} INFO - Processing /home/victor/Área de Trabalho/airflow/venv/lib/python3.10/site-packages/airflow/example_dags/example_params_trigger_ui.py took 0.099 seconds
[2024-03-02T09:47:51.321-0300] {processor.py:161} INFO - Started process (PID=18539) to work on /home/victor/Área de Trabalho/airflow/venv/lib/python3.10/site-packages/airflow/example_dags/example_params_trigger_ui.py
[2024-03-02T09:47:51.322-0300] {processor.py:830} INFO - Processing file /home/victor/Área de Trabalho/airflow/venv/lib/python3.10/site-packages/airflow/example_dags/example_params_trigger_ui.py for tasks to queue
[2024-03-02T09:47:51.323-0300] {logging_mixin.py:188} INFO - [2024-03-02T09:47:51.322-0300] {dagbag.py:540} INFO - Filling up the DagBag from /home/victor/Área de Trabalho/airflow/venv/lib/python3.10/site-packages/airflow/example_dags/example_params_trigger_ui.py
[2024-03-02T09:47:51.335-0300] {processor.py:840} INFO - DAG(s) 'example_params_trigger_ui' retrieved from /home/victor/Área de Trabalho/airflow/venv/lib/python3.10/site-packages/airflow/example_dags/example_params_trigger_ui.py
[2024-03-02T09:47:51.385-0300] {logging_mixin.py:188} INFO - [2024-03-02T09:47:51.384-0300] {dag.py:3047} INFO - Sync 1 DAGs
[2024-03-02T09:47:51.397-0300] {logging_mixin.py:188} INFO - [2024-03-02T09:47:51.397-0300] {dag.py:3834} INFO - Setting next_dagrun for example_params_trigger_ui to None, run_after=None
[2024-03-02T09:47:51.416-0300] {processor.py:183} INFO - Processing /home/victor/Área de Trabalho/airflow/venv/lib/python3.10/site-packages/airflow/example_dags/example_params_trigger_ui.py took 0.098 seconds
[2024-03-02T09:48:21.979-0300] {processor.py:161} INFO - Started process (PID=19024) to work on /home/victor/Área de Trabalho/airflow/venv/lib/python3.10/site-packages/airflow/example_dags/example_params_trigger_ui.py
[2024-03-02T09:48:21.980-0300] {processor.py:830} INFO - Processing file /home/victor/Área de Trabalho/airflow/venv/lib/python3.10/site-packages/airflow/example_dags/example_params_trigger_ui.py for tasks to queue
[2024-03-02T09:48:21.980-0300] {logging_mixin.py:188} INFO - [2024-03-02T09:48:21.980-0300] {dagbag.py:540} INFO - Filling up the DagBag from /home/victor/Área de Trabalho/airflow/venv/lib/python3.10/site-packages/airflow/example_dags/example_params_trigger_ui.py
[2024-03-02T09:48:21.993-0300] {processor.py:840} INFO - DAG(s) 'example_params_trigger_ui' retrieved from /home/victor/Área de Trabalho/airflow/venv/lib/python3.10/site-packages/airflow/example_dags/example_params_trigger_ui.py
[2024-03-02T09:48:22.044-0300] {logging_mixin.py:188} INFO - [2024-03-02T09:48:22.043-0300] {dag.py:3047} INFO - Sync 1 DAGs
[2024-03-02T09:48:22.054-0300] {logging_mixin.py:188} INFO - [2024-03-02T09:48:22.054-0300] {dag.py:3834} INFO - Setting next_dagrun for example_params_trigger_ui to None, run_after=None
[2024-03-02T09:48:22.083-0300] {processor.py:183} INFO - Processing /home/victor/Área de Trabalho/airflow/venv/lib/python3.10/site-packages/airflow/example_dags/example_params_trigger_ui.py took 0.107 seconds
[2024-03-02T09:48:52.900-0300] {processor.py:161} INFO - Started process (PID=19367) to work on /home/victor/Área de Trabalho/airflow/venv/lib/python3.10/site-packages/airflow/example_dags/example_params_trigger_ui.py
[2024-03-02T09:48:52.901-0300] {processor.py:830} INFO - Processing file /home/victor/Área de Trabalho/airflow/venv/lib/python3.10/site-packages/airflow/example_dags/example_params_trigger_ui.py for tasks to queue
[2024-03-02T09:48:52.902-0300] {logging_mixin.py:188} INFO - [2024-03-02T09:48:52.902-0300] {dagbag.py:540} INFO - Filling up the DagBag from /home/victor/Área de Trabalho/airflow/venv/lib/python3.10/site-packages/airflow/example_dags/example_params_trigger_ui.py
[2024-03-02T09:48:52.914-0300] {processor.py:840} INFO - DAG(s) 'example_params_trigger_ui' retrieved from /home/victor/Área de Trabalho/airflow/venv/lib/python3.10/site-packages/airflow/example_dags/example_params_trigger_ui.py
[2024-03-02T09:48:52.968-0300] {logging_mixin.py:188} INFO - [2024-03-02T09:48:52.967-0300] {dag.py:3047} INFO - Sync 1 DAGs
[2024-03-02T09:48:52.980-0300] {logging_mixin.py:188} INFO - [2024-03-02T09:48:52.980-0300] {dag.py:3834} INFO - Setting next_dagrun for example_params_trigger_ui to None, run_after=None
[2024-03-02T09:48:53.000-0300] {processor.py:183} INFO - Processing /home/victor/Área de Trabalho/airflow/venv/lib/python3.10/site-packages/airflow/example_dags/example_params_trigger_ui.py took 0.104 seconds
[2024-03-02T09:49:23.554-0300] {processor.py:161} INFO - Started process (PID=19848) to work on /home/victor/Área de Trabalho/airflow/venv/lib/python3.10/site-packages/airflow/example_dags/example_params_trigger_ui.py
[2024-03-02T09:49:23.555-0300] {processor.py:830} INFO - Processing file /home/victor/Área de Trabalho/airflow/venv/lib/python3.10/site-packages/airflow/example_dags/example_params_trigger_ui.py for tasks to queue
[2024-03-02T09:49:23.555-0300] {logging_mixin.py:188} INFO - [2024-03-02T09:49:23.555-0300] {dagbag.py:540} INFO - Filling up the DagBag from /home/victor/Área de Trabalho/airflow/venv/lib/python3.10/site-packages/airflow/example_dags/example_params_trigger_ui.py
[2024-03-02T09:49:23.571-0300] {processor.py:840} INFO - DAG(s) 'example_params_trigger_ui' retrieved from /home/victor/Área de Trabalho/airflow/venv/lib/python3.10/site-packages/airflow/example_dags/example_params_trigger_ui.py
[2024-03-02T09:49:23.628-0300] {logging_mixin.py:188} INFO - [2024-03-02T09:49:23.627-0300] {dag.py:3047} INFO - Sync 1 DAGs
[2024-03-02T09:49:23.641-0300] {logging_mixin.py:188} INFO - [2024-03-02T09:49:23.641-0300] {dag.py:3834} INFO - Setting next_dagrun for example_params_trigger_ui to None, run_after=None
[2024-03-02T09:49:23.670-0300] {processor.py:183} INFO - Processing /home/victor/Área de Trabalho/airflow/venv/lib/python3.10/site-packages/airflow/example_dags/example_params_trigger_ui.py took 0.119 seconds
[2024-03-02T09:49:54.265-0300] {processor.py:161} INFO - Started process (PID=20172) to work on /home/victor/Área de Trabalho/airflow/venv/lib/python3.10/site-packages/airflow/example_dags/example_params_trigger_ui.py
[2024-03-02T09:49:54.266-0300] {processor.py:830} INFO - Processing file /home/victor/Área de Trabalho/airflow/venv/lib/python3.10/site-packages/airflow/example_dags/example_params_trigger_ui.py for tasks to queue
[2024-03-02T09:49:54.267-0300] {logging_mixin.py:188} INFO - [2024-03-02T09:49:54.266-0300] {dagbag.py:540} INFO - Filling up the DagBag from /home/victor/Área de Trabalho/airflow/venv/lib/python3.10/site-packages/airflow/example_dags/example_params_trigger_ui.py
[2024-03-02T09:49:54.279-0300] {processor.py:840} INFO - DAG(s) 'example_params_trigger_ui' retrieved from /home/victor/Área de Trabalho/airflow/venv/lib/python3.10/site-packages/airflow/example_dags/example_params_trigger_ui.py
[2024-03-02T09:49:54.330-0300] {logging_mixin.py:188} INFO - [2024-03-02T09:49:54.329-0300] {dag.py:3047} INFO - Sync 1 DAGs
[2024-03-02T09:49:54.342-0300] {logging_mixin.py:188} INFO - [2024-03-02T09:49:54.342-0300] {dag.py:3834} INFO - Setting next_dagrun for example_params_trigger_ui to None, run_after=None
[2024-03-02T09:49:54.362-0300] {processor.py:183} INFO - Processing /home/victor/Área de Trabalho/airflow/venv/lib/python3.10/site-packages/airflow/example_dags/example_params_trigger_ui.py took 0.100 seconds
[2024-03-02T09:50:24.824-0300] {processor.py:161} INFO - Started process (PID=20653) to work on /home/victor/Área de Trabalho/airflow/venv/lib/python3.10/site-packages/airflow/example_dags/example_params_trigger_ui.py
[2024-03-02T09:50:24.825-0300] {processor.py:830} INFO - Processing file /home/victor/Área de Trabalho/airflow/venv/lib/python3.10/site-packages/airflow/example_dags/example_params_trigger_ui.py for tasks to queue
[2024-03-02T09:50:24.825-0300] {logging_mixin.py:188} INFO - [2024-03-02T09:50:24.825-0300] {dagbag.py:540} INFO - Filling up the DagBag from /home/victor/Área de Trabalho/airflow/venv/lib/python3.10/site-packages/airflow/example_dags/example_params_trigger_ui.py
[2024-03-02T09:50:24.837-0300] {processor.py:840} INFO - DAG(s) 'example_params_trigger_ui' retrieved from /home/victor/Área de Trabalho/airflow/venv/lib/python3.10/site-packages/airflow/example_dags/example_params_trigger_ui.py
[2024-03-02T09:50:24.893-0300] {logging_mixin.py:188} INFO - [2024-03-02T09:50:24.892-0300] {dag.py:3047} INFO - Sync 1 DAGs
[2024-03-02T09:50:24.905-0300] {logging_mixin.py:188} INFO - [2024-03-02T09:50:24.905-0300] {dag.py:3834} INFO - Setting next_dagrun for example_params_trigger_ui to None, run_after=None
[2024-03-02T09:50:24.921-0300] {processor.py:183} INFO - Processing /home/victor/Área de Trabalho/airflow/venv/lib/python3.10/site-packages/airflow/example_dags/example_params_trigger_ui.py took 0.100 seconds
[2024-03-02T09:50:56.338-0300] {processor.py:161} INFO - Started process (PID=21011) to work on /home/victor/Área de Trabalho/airflow/venv/lib/python3.10/site-packages/airflow/example_dags/example_params_trigger_ui.py
[2024-03-02T09:50:56.339-0300] {processor.py:830} INFO - Processing file /home/victor/Área de Trabalho/airflow/venv/lib/python3.10/site-packages/airflow/example_dags/example_params_trigger_ui.py for tasks to queue
[2024-03-02T09:50:56.340-0300] {logging_mixin.py:188} INFO - [2024-03-02T09:50:56.339-0300] {dagbag.py:540} INFO - Filling up the DagBag from /home/victor/Área de Trabalho/airflow/venv/lib/python3.10/site-packages/airflow/example_dags/example_params_trigger_ui.py
[2024-03-02T09:50:56.352-0300] {processor.py:840} INFO - DAG(s) 'example_params_trigger_ui' retrieved from /home/victor/Área de Trabalho/airflow/venv/lib/python3.10/site-packages/airflow/example_dags/example_params_trigger_ui.py
[2024-03-02T09:50:56.402-0300] {logging_mixin.py:188} INFO - [2024-03-02T09:50:56.402-0300] {dag.py:3047} INFO - Sync 1 DAGs
[2024-03-02T09:50:56.415-0300] {logging_mixin.py:188} INFO - [2024-03-02T09:50:56.415-0300] {dag.py:3834} INFO - Setting next_dagrun for example_params_trigger_ui to None, run_after=None
[2024-03-02T09:50:56.435-0300] {processor.py:183} INFO - Processing /home/victor/Área de Trabalho/airflow/venv/lib/python3.10/site-packages/airflow/example_dags/example_params_trigger_ui.py took 0.101 seconds
[2024-03-02T09:51:27.012-0300] {processor.py:161} INFO - Started process (PID=21491) to work on /home/victor/Área de Trabalho/airflow/venv/lib/python3.10/site-packages/airflow/example_dags/example_params_trigger_ui.py
[2024-03-02T09:51:27.012-0300] {processor.py:830} INFO - Processing file /home/victor/Área de Trabalho/airflow/venv/lib/python3.10/site-packages/airflow/example_dags/example_params_trigger_ui.py for tasks to queue
[2024-03-02T09:51:27.013-0300] {logging_mixin.py:188} INFO - [2024-03-02T09:51:27.013-0300] {dagbag.py:540} INFO - Filling up the DagBag from /home/victor/Área de Trabalho/airflow/venv/lib/python3.10/site-packages/airflow/example_dags/example_params_trigger_ui.py
[2024-03-02T09:51:27.026-0300] {processor.py:840} INFO - DAG(s) 'example_params_trigger_ui' retrieved from /home/victor/Área de Trabalho/airflow/venv/lib/python3.10/site-packages/airflow/example_dags/example_params_trigger_ui.py
[2024-03-02T09:51:27.082-0300] {logging_mixin.py:188} INFO - [2024-03-02T09:51:27.082-0300] {dag.py:3047} INFO - Sync 1 DAGs
[2024-03-02T09:51:27.094-0300] {logging_mixin.py:188} INFO - [2024-03-02T09:51:27.093-0300] {dag.py:3834} INFO - Setting next_dagrun for example_params_trigger_ui to None, run_after=None
[2024-03-02T09:51:27.112-0300] {processor.py:183} INFO - Processing /home/victor/Área de Trabalho/airflow/venv/lib/python3.10/site-packages/airflow/example_dags/example_params_trigger_ui.py took 0.104 seconds
[2024-03-02T09:51:57.697-0300] {processor.py:161} INFO - Started process (PID=21813) to work on /home/victor/Área de Trabalho/airflow/venv/lib/python3.10/site-packages/airflow/example_dags/example_params_trigger_ui.py
[2024-03-02T09:51:57.698-0300] {processor.py:830} INFO - Processing file /home/victor/Área de Trabalho/airflow/venv/lib/python3.10/site-packages/airflow/example_dags/example_params_trigger_ui.py for tasks to queue
[2024-03-02T09:51:57.698-0300] {logging_mixin.py:188} INFO - [2024-03-02T09:51:57.698-0300] {dagbag.py:540} INFO - Filling up the DagBag from /home/victor/Área de Trabalho/airflow/venv/lib/python3.10/site-packages/airflow/example_dags/example_params_trigger_ui.py
[2024-03-02T09:51:57.718-0300] {processor.py:840} INFO - DAG(s) 'example_params_trigger_ui' retrieved from /home/victor/Área de Trabalho/airflow/venv/lib/python3.10/site-packages/airflow/example_dags/example_params_trigger_ui.py
[2024-03-02T09:51:57.776-0300] {logging_mixin.py:188} INFO - [2024-03-02T09:51:57.775-0300] {dag.py:3047} INFO - Sync 1 DAGs
[2024-03-02T09:51:57.788-0300] {logging_mixin.py:188} INFO - [2024-03-02T09:51:57.788-0300] {dag.py:3834} INFO - Setting next_dagrun for example_params_trigger_ui to None, run_after=None
[2024-03-02T09:51:57.809-0300] {processor.py:183} INFO - Processing /home/victor/Área de Trabalho/airflow/venv/lib/python3.10/site-packages/airflow/example_dags/example_params_trigger_ui.py took 0.115 seconds
[2024-03-02T09:52:28.353-0300] {processor.py:161} INFO - Started process (PID=22458) to work on /home/victor/Área de Trabalho/airflow/venv/lib/python3.10/site-packages/airflow/example_dags/example_params_trigger_ui.py
[2024-03-02T09:52:28.354-0300] {processor.py:830} INFO - Processing file /home/victor/Área de Trabalho/airflow/venv/lib/python3.10/site-packages/airflow/example_dags/example_params_trigger_ui.py for tasks to queue
[2024-03-02T09:52:28.355-0300] {logging_mixin.py:188} INFO - [2024-03-02T09:52:28.354-0300] {dagbag.py:540} INFO - Filling up the DagBag from /home/victor/Área de Trabalho/airflow/venv/lib/python3.10/site-packages/airflow/example_dags/example_params_trigger_ui.py
[2024-03-02T09:52:28.366-0300] {processor.py:840} INFO - DAG(s) 'example_params_trigger_ui' retrieved from /home/victor/Área de Trabalho/airflow/venv/lib/python3.10/site-packages/airflow/example_dags/example_params_trigger_ui.py
[2024-03-02T09:52:28.415-0300] {logging_mixin.py:188} INFO - [2024-03-02T09:52:28.415-0300] {dag.py:3047} INFO - Sync 1 DAGs
[2024-03-02T09:52:28.425-0300] {logging_mixin.py:188} INFO - [2024-03-02T09:52:28.425-0300] {dag.py:3834} INFO - Setting next_dagrun for example_params_trigger_ui to None, run_after=None
[2024-03-02T09:52:28.452-0300] {processor.py:183} INFO - Processing /home/victor/Área de Trabalho/airflow/venv/lib/python3.10/site-packages/airflow/example_dags/example_params_trigger_ui.py took 0.101 seconds
[2024-03-02T09:52:58.919-0300] {processor.py:161} INFO - Started process (PID=22841) to work on /home/victor/Área de Trabalho/airflow/venv/lib/python3.10/site-packages/airflow/example_dags/example_params_trigger_ui.py
[2024-03-02T09:52:58.921-0300] {processor.py:830} INFO - Processing file /home/victor/Área de Trabalho/airflow/venv/lib/python3.10/site-packages/airflow/example_dags/example_params_trigger_ui.py for tasks to queue
[2024-03-02T09:52:58.921-0300] {logging_mixin.py:188} INFO - [2024-03-02T09:52:58.921-0300] {dagbag.py:540} INFO - Filling up the DagBag from /home/victor/Área de Trabalho/airflow/venv/lib/python3.10/site-packages/airflow/example_dags/example_params_trigger_ui.py
[2024-03-02T09:52:58.934-0300] {processor.py:840} INFO - DAG(s) 'example_params_trigger_ui' retrieved from /home/victor/Área de Trabalho/airflow/venv/lib/python3.10/site-packages/airflow/example_dags/example_params_trigger_ui.py
[2024-03-02T09:52:58.983-0300] {logging_mixin.py:188} INFO - [2024-03-02T09:52:58.983-0300] {dag.py:3047} INFO - Sync 1 DAGs
[2024-03-02T09:52:58.995-0300] {logging_mixin.py:188} INFO - [2024-03-02T09:52:58.995-0300] {dag.py:3834} INFO - Setting next_dagrun for example_params_trigger_ui to None, run_after=None
[2024-03-02T09:52:59.013-0300] {processor.py:183} INFO - Processing /home/victor/Área de Trabalho/airflow/venv/lib/python3.10/site-packages/airflow/example_dags/example_params_trigger_ui.py took 0.097 seconds
[2024-03-02T09:53:29.465-0300] {processor.py:161} INFO - Started process (PID=23264) to work on /home/victor/Área de Trabalho/airflow/venv/lib/python3.10/site-packages/airflow/example_dags/example_params_trigger_ui.py
[2024-03-02T09:53:29.466-0300] {processor.py:830} INFO - Processing file /home/victor/Área de Trabalho/airflow/venv/lib/python3.10/site-packages/airflow/example_dags/example_params_trigger_ui.py for tasks to queue
[2024-03-02T09:53:29.467-0300] {logging_mixin.py:188} INFO - [2024-03-02T09:53:29.466-0300] {dagbag.py:540} INFO - Filling up the DagBag from /home/victor/Área de Trabalho/airflow/venv/lib/python3.10/site-packages/airflow/example_dags/example_params_trigger_ui.py
[2024-03-02T09:53:29.480-0300] {processor.py:840} INFO - DAG(s) 'example_params_trigger_ui' retrieved from /home/victor/Área de Trabalho/airflow/venv/lib/python3.10/site-packages/airflow/example_dags/example_params_trigger_ui.py
[2024-03-02T09:53:29.535-0300] {logging_mixin.py:188} INFO - [2024-03-02T09:53:29.534-0300] {dag.py:3047} INFO - Sync 1 DAGs
[2024-03-02T09:53:29.547-0300] {logging_mixin.py:188} INFO - [2024-03-02T09:53:29.546-0300] {dag.py:3834} INFO - Setting next_dagrun for example_params_trigger_ui to None, run_after=None
[2024-03-02T09:53:29.568-0300] {processor.py:183} INFO - Processing /home/victor/Área de Trabalho/airflow/venv/lib/python3.10/site-packages/airflow/example_dags/example_params_trigger_ui.py took 0.106 seconds
[2024-03-02T09:54:00.178-0300] {processor.py:161} INFO - Started process (PID=23746) to work on /home/victor/Área de Trabalho/airflow/venv/lib/python3.10/site-packages/airflow/example_dags/example_params_trigger_ui.py
[2024-03-02T09:54:00.184-0300] {processor.py:830} INFO - Processing file /home/victor/Área de Trabalho/airflow/venv/lib/python3.10/site-packages/airflow/example_dags/example_params_trigger_ui.py for tasks to queue
[2024-03-02T09:54:00.184-0300] {logging_mixin.py:188} INFO - [2024-03-02T09:54:00.184-0300] {dagbag.py:540} INFO - Filling up the DagBag from /home/victor/Área de Trabalho/airflow/venv/lib/python3.10/site-packages/airflow/example_dags/example_params_trigger_ui.py
[2024-03-02T09:54:00.197-0300] {processor.py:840} INFO - DAG(s) 'example_params_trigger_ui' retrieved from /home/victor/Área de Trabalho/airflow/venv/lib/python3.10/site-packages/airflow/example_dags/example_params_trigger_ui.py
[2024-03-02T09:54:00.251-0300] {logging_mixin.py:188} INFO - [2024-03-02T09:54:00.251-0300] {dag.py:3047} INFO - Sync 1 DAGs
[2024-03-02T09:54:00.267-0300] {logging_mixin.py:188} INFO - [2024-03-02T09:54:00.266-0300] {dag.py:3834} INFO - Setting next_dagrun for example_params_trigger_ui to None, run_after=None
[2024-03-02T09:54:00.292-0300] {processor.py:183} INFO - Processing /home/victor/Área de Trabalho/airflow/venv/lib/python3.10/site-packages/airflow/example_dags/example_params_trigger_ui.py took 0.117 seconds
[2024-03-02T09:54:31.351-0300] {processor.py:161} INFO - Started process (PID=24230) to work on /home/victor/Área de Trabalho/airflow/venv/lib/python3.10/site-packages/airflow/example_dags/example_params_trigger_ui.py
[2024-03-02T09:54:31.352-0300] {processor.py:830} INFO - Processing file /home/victor/Área de Trabalho/airflow/venv/lib/python3.10/site-packages/airflow/example_dags/example_params_trigger_ui.py for tasks to queue
[2024-03-02T09:54:31.353-0300] {logging_mixin.py:188} INFO - [2024-03-02T09:54:31.353-0300] {dagbag.py:540} INFO - Filling up the DagBag from /home/victor/Área de Trabalho/airflow/venv/lib/python3.10/site-packages/airflow/example_dags/example_params_trigger_ui.py
[2024-03-02T09:54:31.367-0300] {processor.py:840} INFO - DAG(s) 'example_params_trigger_ui' retrieved from /home/victor/Área de Trabalho/airflow/venv/lib/python3.10/site-packages/airflow/example_dags/example_params_trigger_ui.py
[2024-03-02T09:54:31.435-0300] {logging_mixin.py:188} INFO - [2024-03-02T09:54:31.435-0300] {dag.py:3047} INFO - Sync 1 DAGs
[2024-03-02T09:54:31.451-0300] {logging_mixin.py:188} INFO - [2024-03-02T09:54:31.451-0300] {dag.py:3834} INFO - Setting next_dagrun for example_params_trigger_ui to None, run_after=None
[2024-03-02T09:54:31.478-0300] {processor.py:183} INFO - Processing /home/victor/Área de Trabalho/airflow/venv/lib/python3.10/site-packages/airflow/example_dags/example_params_trigger_ui.py took 0.129 seconds
[2024-03-02T09:55:01.873-0300] {processor.py:161} INFO - Started process (PID=24794) to work on /home/victor/Área de Trabalho/airflow/venv/lib/python3.10/site-packages/airflow/example_dags/example_params_trigger_ui.py
[2024-03-02T09:55:01.873-0300] {processor.py:830} INFO - Processing file /home/victor/Área de Trabalho/airflow/venv/lib/python3.10/site-packages/airflow/example_dags/example_params_trigger_ui.py for tasks to queue
[2024-03-02T09:55:01.874-0300] {logging_mixin.py:188} INFO - [2024-03-02T09:55:01.874-0300] {dagbag.py:540} INFO - Filling up the DagBag from /home/victor/Área de Trabalho/airflow/venv/lib/python3.10/site-packages/airflow/example_dags/example_params_trigger_ui.py
[2024-03-02T09:55:01.886-0300] {processor.py:840} INFO - DAG(s) 'example_params_trigger_ui' retrieved from /home/victor/Área de Trabalho/airflow/venv/lib/python3.10/site-packages/airflow/example_dags/example_params_trigger_ui.py
[2024-03-02T09:55:01.941-0300] {logging_mixin.py:188} INFO - [2024-03-02T09:55:01.941-0300] {dag.py:3047} INFO - Sync 1 DAGs
[2024-03-02T09:55:01.955-0300] {logging_mixin.py:188} INFO - [2024-03-02T09:55:01.955-0300] {dag.py:3834} INFO - Setting next_dagrun for example_params_trigger_ui to None, run_after=None
[2024-03-02T09:55:01.979-0300] {processor.py:183} INFO - Processing /home/victor/Área de Trabalho/airflow/venv/lib/python3.10/site-packages/airflow/example_dags/example_params_trigger_ui.py took 0.109 seconds
[2024-03-02T09:55:32.568-0300] {processor.py:161} INFO - Started process (PID=25260) to work on /home/victor/Área de Trabalho/airflow/venv/lib/python3.10/site-packages/airflow/example_dags/example_params_trigger_ui.py
[2024-03-02T09:55:32.569-0300] {processor.py:830} INFO - Processing file /home/victor/Área de Trabalho/airflow/venv/lib/python3.10/site-packages/airflow/example_dags/example_params_trigger_ui.py for tasks to queue
[2024-03-02T09:55:32.570-0300] {logging_mixin.py:188} INFO - [2024-03-02T09:55:32.569-0300] {dagbag.py:540} INFO - Filling up the DagBag from /home/victor/Área de Trabalho/airflow/venv/lib/python3.10/site-packages/airflow/example_dags/example_params_trigger_ui.py
[2024-03-02T09:55:32.600-0300] {processor.py:840} INFO - DAG(s) 'example_params_trigger_ui' retrieved from /home/victor/Área de Trabalho/airflow/venv/lib/python3.10/site-packages/airflow/example_dags/example_params_trigger_ui.py
[2024-03-02T09:55:32.663-0300] {logging_mixin.py:188} INFO - [2024-03-02T09:55:32.663-0300] {dag.py:3047} INFO - Sync 1 DAGs
[2024-03-02T09:55:32.674-0300] {logging_mixin.py:188} INFO - [2024-03-02T09:55:32.674-0300] {dag.py:3834} INFO - Setting next_dagrun for example_params_trigger_ui to None, run_after=None
[2024-03-02T09:55:32.703-0300] {processor.py:183} INFO - Processing /home/victor/Área de Trabalho/airflow/venv/lib/python3.10/site-packages/airflow/example_dags/example_params_trigger_ui.py took 0.138 seconds
[2024-03-02T09:56:03.011-0300] {processor.py:161} INFO - Started process (PID=25767) to work on /home/victor/Área de Trabalho/airflow/venv/lib/python3.10/site-packages/airflow/example_dags/example_params_trigger_ui.py
[2024-03-02T09:56:03.012-0300] {processor.py:830} INFO - Processing file /home/victor/Área de Trabalho/airflow/venv/lib/python3.10/site-packages/airflow/example_dags/example_params_trigger_ui.py for tasks to queue
[2024-03-02T09:56:03.013-0300] {logging_mixin.py:188} INFO - [2024-03-02T09:56:03.012-0300] {dagbag.py:540} INFO - Filling up the DagBag from /home/victor/Área de Trabalho/airflow/venv/lib/python3.10/site-packages/airflow/example_dags/example_params_trigger_ui.py
[2024-03-02T09:56:03.024-0300] {processor.py:840} INFO - DAG(s) 'example_params_trigger_ui' retrieved from /home/victor/Área de Trabalho/airflow/venv/lib/python3.10/site-packages/airflow/example_dags/example_params_trigger_ui.py
[2024-03-02T09:56:03.073-0300] {logging_mixin.py:188} INFO - [2024-03-02T09:56:03.073-0300] {dag.py:3047} INFO - Sync 1 DAGs
[2024-03-02T09:56:03.084-0300] {logging_mixin.py:188} INFO - [2024-03-02T09:56:03.084-0300] {dag.py:3834} INFO - Setting next_dagrun for example_params_trigger_ui to None, run_after=None
[2024-03-02T09:56:03.103-0300] {processor.py:183} INFO - Processing /home/victor/Área de Trabalho/airflow/venv/lib/python3.10/site-packages/airflow/example_dags/example_params_trigger_ui.py took 0.095 seconds
[2024-03-02T09:56:34.343-0300] {processor.py:161} INFO - Started process (PID=26088) to work on /home/victor/Área de Trabalho/airflow/venv/lib/python3.10/site-packages/airflow/example_dags/example_params_trigger_ui.py
[2024-03-02T09:56:34.343-0300] {processor.py:830} INFO - Processing file /home/victor/Área de Trabalho/airflow/venv/lib/python3.10/site-packages/airflow/example_dags/example_params_trigger_ui.py for tasks to queue
[2024-03-02T09:56:34.344-0300] {logging_mixin.py:188} INFO - [2024-03-02T09:56:34.344-0300] {dagbag.py:540} INFO - Filling up the DagBag from /home/victor/Área de Trabalho/airflow/venv/lib/python3.10/site-packages/airflow/example_dags/example_params_trigger_ui.py
[2024-03-02T09:56:34.355-0300] {processor.py:840} INFO - DAG(s) 'example_params_trigger_ui' retrieved from /home/victor/Área de Trabalho/airflow/venv/lib/python3.10/site-packages/airflow/example_dags/example_params_trigger_ui.py
[2024-03-02T09:56:34.404-0300] {logging_mixin.py:188} INFO - [2024-03-02T09:56:34.404-0300] {dag.py:3047} INFO - Sync 1 DAGs
[2024-03-02T09:56:34.415-0300] {logging_mixin.py:188} INFO - [2024-03-02T09:56:34.415-0300] {dag.py:3834} INFO - Setting next_dagrun for example_params_trigger_ui to None, run_after=None
[2024-03-02T09:56:34.434-0300] {processor.py:183} INFO - Processing /home/victor/Área de Trabalho/airflow/venv/lib/python3.10/site-packages/airflow/example_dags/example_params_trigger_ui.py took 0.095 seconds
[2024-03-02T09:57:04.913-0300] {processor.py:161} INFO - Started process (PID=26731) to work on /home/victor/Área de Trabalho/airflow/venv/lib/python3.10/site-packages/airflow/example_dags/example_params_trigger_ui.py
[2024-03-02T09:57:04.916-0300] {processor.py:830} INFO - Processing file /home/victor/Área de Trabalho/airflow/venv/lib/python3.10/site-packages/airflow/example_dags/example_params_trigger_ui.py for tasks to queue
[2024-03-02T09:57:04.917-0300] {logging_mixin.py:188} INFO - [2024-03-02T09:57:04.917-0300] {dagbag.py:540} INFO - Filling up the DagBag from /home/victor/Área de Trabalho/airflow/venv/lib/python3.10/site-packages/airflow/example_dags/example_params_trigger_ui.py
[2024-03-02T09:57:04.929-0300] {processor.py:840} INFO - DAG(s) 'example_params_trigger_ui' retrieved from /home/victor/Área de Trabalho/airflow/venv/lib/python3.10/site-packages/airflow/example_dags/example_params_trigger_ui.py
[2024-03-02T09:57:04.977-0300] {logging_mixin.py:188} INFO - [2024-03-02T09:57:04.977-0300] {dag.py:3047} INFO - Sync 1 DAGs
[2024-03-02T09:57:04.989-0300] {logging_mixin.py:188} INFO - [2024-03-02T09:57:04.988-0300] {dag.py:3834} INFO - Setting next_dagrun for example_params_trigger_ui to None, run_after=None
[2024-03-02T09:57:05.009-0300] {processor.py:183} INFO - Processing /home/victor/Área de Trabalho/airflow/venv/lib/python3.10/site-packages/airflow/example_dags/example_params_trigger_ui.py took 0.099 seconds
[2024-03-02T09:57:35.420-0300] {processor.py:161} INFO - Started process (PID=27052) to work on /home/victor/Área de Trabalho/airflow/venv/lib/python3.10/site-packages/airflow/example_dags/example_params_trigger_ui.py
[2024-03-02T09:57:35.421-0300] {processor.py:830} INFO - Processing file /home/victor/Área de Trabalho/airflow/venv/lib/python3.10/site-packages/airflow/example_dags/example_params_trigger_ui.py for tasks to queue
[2024-03-02T09:57:35.421-0300] {logging_mixin.py:188} INFO - [2024-03-02T09:57:35.421-0300] {dagbag.py:540} INFO - Filling up the DagBag from /home/victor/Área de Trabalho/airflow/venv/lib/python3.10/site-packages/airflow/example_dags/example_params_trigger_ui.py
[2024-03-02T09:57:35.433-0300] {processor.py:840} INFO - DAG(s) 'example_params_trigger_ui' retrieved from /home/victor/Área de Trabalho/airflow/venv/lib/python3.10/site-packages/airflow/example_dags/example_params_trigger_ui.py
[2024-03-02T09:57:35.481-0300] {logging_mixin.py:188} INFO - [2024-03-02T09:57:35.481-0300] {dag.py:3047} INFO - Sync 1 DAGs
[2024-03-02T09:57:35.492-0300] {logging_mixin.py:188} INFO - [2024-03-02T09:57:35.492-0300] {dag.py:3834} INFO - Setting next_dagrun for example_params_trigger_ui to None, run_after=None
[2024-03-02T09:57:35.511-0300] {processor.py:183} INFO - Processing /home/victor/Área de Trabalho/airflow/venv/lib/python3.10/site-packages/airflow/example_dags/example_params_trigger_ui.py took 0.094 seconds
[2024-03-02T09:58:05.840-0300] {processor.py:161} INFO - Started process (PID=27601) to work on /home/victor/Área de Trabalho/airflow/venv/lib/python3.10/site-packages/airflow/example_dags/example_params_trigger_ui.py
[2024-03-02T09:58:05.841-0300] {processor.py:830} INFO - Processing file /home/victor/Área de Trabalho/airflow/venv/lib/python3.10/site-packages/airflow/example_dags/example_params_trigger_ui.py for tasks to queue
[2024-03-02T09:58:05.841-0300] {logging_mixin.py:188} INFO - [2024-03-02T09:58:05.841-0300] {dagbag.py:540} INFO - Filling up the DagBag from /home/victor/Área de Trabalho/airflow/venv/lib/python3.10/site-packages/airflow/example_dags/example_params_trigger_ui.py
[2024-03-02T09:58:05.855-0300] {processor.py:840} INFO - DAG(s) 'example_params_trigger_ui' retrieved from /home/victor/Área de Trabalho/airflow/venv/lib/python3.10/site-packages/airflow/example_dags/example_params_trigger_ui.py
[2024-03-02T09:58:05.912-0300] {logging_mixin.py:188} INFO - [2024-03-02T09:58:05.912-0300] {dag.py:3047} INFO - Sync 1 DAGs
[2024-03-02T09:58:05.926-0300] {logging_mixin.py:188} INFO - [2024-03-02T09:58:05.926-0300] {dag.py:3834} INFO - Setting next_dagrun for example_params_trigger_ui to None, run_after=None
[2024-03-02T09:58:05.953-0300] {processor.py:183} INFO - Processing /home/victor/Área de Trabalho/airflow/venv/lib/python3.10/site-packages/airflow/example_dags/example_params_trigger_ui.py took 0.116 seconds
[2024-03-02T09:58:36.530-0300] {processor.py:161} INFO - Started process (PID=28974) to work on /home/victor/Área de Trabalho/airflow/venv/lib/python3.10/site-packages/airflow/example_dags/example_params_trigger_ui.py
[2024-03-02T09:58:36.531-0300] {processor.py:830} INFO - Processing file /home/victor/Área de Trabalho/airflow/venv/lib/python3.10/site-packages/airflow/example_dags/example_params_trigger_ui.py for tasks to queue
[2024-03-02T09:58:36.532-0300] {logging_mixin.py:188} INFO - [2024-03-02T09:58:36.532-0300] {dagbag.py:540} INFO - Filling up the DagBag from /home/victor/Área de Trabalho/airflow/venv/lib/python3.10/site-packages/airflow/example_dags/example_params_trigger_ui.py
[2024-03-02T09:58:36.544-0300] {processor.py:840} INFO - DAG(s) 'example_params_trigger_ui' retrieved from /home/victor/Área de Trabalho/airflow/venv/lib/python3.10/site-packages/airflow/example_dags/example_params_trigger_ui.py
[2024-03-02T09:58:36.595-0300] {logging_mixin.py:188} INFO - [2024-03-02T09:58:36.594-0300] {dag.py:3047} INFO - Sync 1 DAGs
[2024-03-02T09:58:36.607-0300] {logging_mixin.py:188} INFO - [2024-03-02T09:58:36.606-0300] {dag.py:3834} INFO - Setting next_dagrun for example_params_trigger_ui to None, run_after=None
[2024-03-02T09:58:36.627-0300] {processor.py:183} INFO - Processing /home/victor/Área de Trabalho/airflow/venv/lib/python3.10/site-packages/airflow/example_dags/example_params_trigger_ui.py took 0.099 seconds
[2024-03-02T09:59:07.064-0300] {processor.py:161} INFO - Started process (PID=29487) to work on /home/victor/Área de Trabalho/airflow/venv/lib/python3.10/site-packages/airflow/example_dags/example_params_trigger_ui.py
[2024-03-02T09:59:07.064-0300] {processor.py:830} INFO - Processing file /home/victor/Área de Trabalho/airflow/venv/lib/python3.10/site-packages/airflow/example_dags/example_params_trigger_ui.py for tasks to queue
[2024-03-02T09:59:07.065-0300] {logging_mixin.py:188} INFO - [2024-03-02T09:59:07.065-0300] {dagbag.py:540} INFO - Filling up the DagBag from /home/victor/Área de Trabalho/airflow/venv/lib/python3.10/site-packages/airflow/example_dags/example_params_trigger_ui.py
[2024-03-02T09:59:07.077-0300] {processor.py:840} INFO - DAG(s) 'example_params_trigger_ui' retrieved from /home/victor/Área de Trabalho/airflow/venv/lib/python3.10/site-packages/airflow/example_dags/example_params_trigger_ui.py
[2024-03-02T09:59:07.125-0300] {logging_mixin.py:188} INFO - [2024-03-02T09:59:07.125-0300] {dag.py:3047} INFO - Sync 1 DAGs
[2024-03-02T09:59:07.137-0300] {logging_mixin.py:188} INFO - [2024-03-02T09:59:07.136-0300] {dag.py:3834} INFO - Setting next_dagrun for example_params_trigger_ui to None, run_after=None
[2024-03-02T09:59:07.159-0300] {processor.py:183} INFO - Processing /home/victor/Área de Trabalho/airflow/venv/lib/python3.10/site-packages/airflow/example_dags/example_params_trigger_ui.py took 0.098 seconds
