[2024-03-02T09:36:58.397-0300] {processor.py:161} INFO - Started process (PID=7881) to work on /home/victor/Área de Trabalho/airflow/venv/lib/python3.10/site-packages/airflow/example_dags/example_short_circuit_operator.py
[2024-03-02T09:36:58.398-0300] {processor.py:830} INFO - Processing file /home/victor/Área de Trabalho/airflow/venv/lib/python3.10/site-packages/airflow/example_dags/example_short_circuit_operator.py for tasks to queue
[2024-03-02T09:36:58.399-0300] {logging_mixin.py:188} INFO - [2024-03-02T09:36:58.398-0300] {dagbag.py:540} INFO - Filling up the DagBag from /home/victor/Área de Trabalho/airflow/venv/lib/python3.10/site-packages/airflow/example_dags/example_short_circuit_operator.py
[2024-03-02T09:36:58.405-0300] {processor.py:840} INFO - DAG(s) 'example_short_circuit_operator' retrieved from /home/victor/Área de Trabalho/airflow/venv/lib/python3.10/site-packages/airflow/example_dags/example_short_circuit_operator.py
[2024-03-02T09:36:58.423-0300] {logging_mixin.py:188} INFO - [2024-03-02T09:36:58.423-0300] {dag.py:3047} INFO - Sync 1 DAGs
[2024-03-02T09:36:58.446-0300] {logging_mixin.py:188} INFO - [2024-03-02T09:36:58.445-0300] {dag.py:3834} INFO - Setting next_dagrun for example_short_circuit_operator to 2024-03-01 00:00:00+00:00, run_after=2024-03-02 00:00:00+00:00
[2024-03-02T09:36:58.466-0300] {processor.py:183} INFO - Processing /home/victor/Área de Trabalho/airflow/venv/lib/python3.10/site-packages/airflow/example_dags/example_short_circuit_operator.py took 0.072 seconds
[2024-03-02T09:37:29.300-0300] {processor.py:161} INFO - Started process (PID=9291) to work on /home/victor/Área de Trabalho/airflow/venv/lib/python3.10/site-packages/airflow/example_dags/example_short_circuit_operator.py
[2024-03-02T09:37:29.300-0300] {processor.py:830} INFO - Processing file /home/victor/Área de Trabalho/airflow/venv/lib/python3.10/site-packages/airflow/example_dags/example_short_circuit_operator.py for tasks to queue
[2024-03-02T09:37:29.301-0300] {logging_mixin.py:188} INFO - [2024-03-02T09:37:29.301-0300] {dagbag.py:540} INFO - Filling up the DagBag from /home/victor/Área de Trabalho/airflow/venv/lib/python3.10/site-packages/airflow/example_dags/example_short_circuit_operator.py
[2024-03-02T09:37:29.307-0300] {processor.py:840} INFO - DAG(s) 'example_short_circuit_operator' retrieved from /home/victor/Área de Trabalho/airflow/venv/lib/python3.10/site-packages/airflow/example_dags/example_short_circuit_operator.py
[2024-03-02T09:37:29.412-0300] {logging_mixin.py:188} INFO - [2024-03-02T09:37:29.411-0300] {dag.py:3047} INFO - Sync 1 DAGs
[2024-03-02T09:37:29.429-0300] {logging_mixin.py:188} INFO - [2024-03-02T09:37:29.429-0300] {dag.py:3834} INFO - Setting next_dagrun for example_short_circuit_operator to 2024-03-01 00:00:00+00:00, run_after=2024-03-02 00:00:00+00:00
[2024-03-02T09:37:29.451-0300] {processor.py:183} INFO - Processing /home/victor/Área de Trabalho/airflow/venv/lib/python3.10/site-packages/airflow/example_dags/example_short_circuit_operator.py took 0.154 seconds
[2024-03-02T09:37:59.897-0300] {processor.py:161} INFO - Started process (PID=9956) to work on /home/victor/Área de Trabalho/airflow/venv/lib/python3.10/site-packages/airflow/example_dags/example_short_circuit_operator.py
[2024-03-02T09:37:59.898-0300] {processor.py:830} INFO - Processing file /home/victor/Área de Trabalho/airflow/venv/lib/python3.10/site-packages/airflow/example_dags/example_short_circuit_operator.py for tasks to queue
[2024-03-02T09:37:59.899-0300] {logging_mixin.py:188} INFO - [2024-03-02T09:37:59.898-0300] {dagbag.py:540} INFO - Filling up the DagBag from /home/victor/Área de Trabalho/airflow/venv/lib/python3.10/site-packages/airflow/example_dags/example_short_circuit_operator.py
[2024-03-02T09:37:59.905-0300] {processor.py:840} INFO - DAG(s) 'example_short_circuit_operator' retrieved from /home/victor/Área de Trabalho/airflow/venv/lib/python3.10/site-packages/airflow/example_dags/example_short_circuit_operator.py
[2024-03-02T09:37:59.932-0300] {logging_mixin.py:188} INFO - [2024-03-02T09:37:59.931-0300] {dag.py:3047} INFO - Sync 1 DAGs
[2024-03-02T09:37:59.952-0300] {logging_mixin.py:188} INFO - [2024-03-02T09:37:59.951-0300] {dag.py:3834} INFO - Setting next_dagrun for example_short_circuit_operator to 2024-03-01 00:00:00+00:00, run_after=2024-03-02 00:00:00+00:00
[2024-03-02T09:37:59.969-0300] {processor.py:183} INFO - Processing /home/victor/Área de Trabalho/airflow/venv/lib/python3.10/site-packages/airflow/example_dags/example_short_circuit_operator.py took 0.075 seconds
[2024-03-02T09:38:31.329-0300] {processor.py:161} INFO - Started process (PID=10273) to work on /home/victor/Área de Trabalho/airflow/venv/lib/python3.10/site-packages/airflow/example_dags/example_short_circuit_operator.py
[2024-03-02T09:38:31.330-0300] {processor.py:830} INFO - Processing file /home/victor/Área de Trabalho/airflow/venv/lib/python3.10/site-packages/airflow/example_dags/example_short_circuit_operator.py for tasks to queue
[2024-03-02T09:38:31.331-0300] {logging_mixin.py:188} INFO - [2024-03-02T09:38:31.331-0300] {dagbag.py:540} INFO - Filling up the DagBag from /home/victor/Área de Trabalho/airflow/venv/lib/python3.10/site-packages/airflow/example_dags/example_short_circuit_operator.py
[2024-03-02T09:38:31.337-0300] {processor.py:840} INFO - DAG(s) 'example_short_circuit_operator' retrieved from /home/victor/Área de Trabalho/airflow/venv/lib/python3.10/site-packages/airflow/example_dags/example_short_circuit_operator.py
[2024-03-02T09:38:31.364-0300] {logging_mixin.py:188} INFO - [2024-03-02T09:38:31.364-0300] {dag.py:3047} INFO - Sync 1 DAGs
[2024-03-02T09:38:31.383-0300] {logging_mixin.py:188} INFO - [2024-03-02T09:38:31.383-0300] {dag.py:3834} INFO - Setting next_dagrun for example_short_circuit_operator to 2024-03-01 00:00:00+00:00, run_after=2024-03-02 00:00:00+00:00
[2024-03-02T09:38:31.401-0300] {processor.py:183} INFO - Processing /home/victor/Área de Trabalho/airflow/venv/lib/python3.10/site-packages/airflow/example_dags/example_short_circuit_operator.py took 0.075 seconds
[2024-03-02T09:39:02.796-0300] {processor.py:161} INFO - Started process (PID=10814) to work on /home/victor/Área de Trabalho/airflow/venv/lib/python3.10/site-packages/airflow/example_dags/example_short_circuit_operator.py
[2024-03-02T09:39:02.797-0300] {processor.py:830} INFO - Processing file /home/victor/Área de Trabalho/airflow/venv/lib/python3.10/site-packages/airflow/example_dags/example_short_circuit_operator.py for tasks to queue
[2024-03-02T09:39:02.798-0300] {logging_mixin.py:188} INFO - [2024-03-02T09:39:02.798-0300] {dagbag.py:540} INFO - Filling up the DagBag from /home/victor/Área de Trabalho/airflow/venv/lib/python3.10/site-packages/airflow/example_dags/example_short_circuit_operator.py
[2024-03-02T09:39:02.806-0300] {processor.py:840} INFO - DAG(s) 'example_short_circuit_operator' retrieved from /home/victor/Área de Trabalho/airflow/venv/lib/python3.10/site-packages/airflow/example_dags/example_short_circuit_operator.py
[2024-03-02T09:39:02.839-0300] {logging_mixin.py:188} INFO - [2024-03-02T09:39:02.839-0300] {dag.py:3047} INFO - Sync 1 DAGs
[2024-03-02T09:39:02.865-0300] {logging_mixin.py:188} INFO - [2024-03-02T09:39:02.864-0300] {dag.py:3834} INFO - Setting next_dagrun for example_short_circuit_operator to 2024-03-01 00:00:00+00:00, run_after=2024-03-02 00:00:00+00:00
[2024-03-02T09:39:02.884-0300] {processor.py:183} INFO - Processing /home/victor/Área de Trabalho/airflow/venv/lib/python3.10/site-packages/airflow/example_dags/example_short_circuit_operator.py took 0.090 seconds
[2024-03-02T09:39:33.998-0300] {processor.py:161} INFO - Started process (PID=11427) to work on /home/victor/Área de Trabalho/airflow/venv/lib/python3.10/site-packages/airflow/example_dags/example_short_circuit_operator.py
[2024-03-02T09:39:33.999-0300] {processor.py:830} INFO - Processing file /home/victor/Área de Trabalho/airflow/venv/lib/python3.10/site-packages/airflow/example_dags/example_short_circuit_operator.py for tasks to queue
[2024-03-02T09:39:33.999-0300] {logging_mixin.py:188} INFO - [2024-03-02T09:39:33.999-0300] {dagbag.py:540} INFO - Filling up the DagBag from /home/victor/Área de Trabalho/airflow/venv/lib/python3.10/site-packages/airflow/example_dags/example_short_circuit_operator.py
[2024-03-02T09:39:34.006-0300] {processor.py:840} INFO - DAG(s) 'example_short_circuit_operator' retrieved from /home/victor/Área de Trabalho/airflow/venv/lib/python3.10/site-packages/airflow/example_dags/example_short_circuit_operator.py
[2024-03-02T09:39:34.035-0300] {logging_mixin.py:188} INFO - [2024-03-02T09:39:34.035-0300] {dag.py:3047} INFO - Sync 1 DAGs
[2024-03-02T09:39:34.057-0300] {logging_mixin.py:188} INFO - [2024-03-02T09:39:34.057-0300] {dag.py:3834} INFO - Setting next_dagrun for example_short_circuit_operator to 2024-03-01 00:00:00+00:00, run_after=2024-03-02 00:00:00+00:00
[2024-03-02T09:39:34.076-0300] {processor.py:183} INFO - Processing /home/victor/Área de Trabalho/airflow/venv/lib/python3.10/site-packages/airflow/example_dags/example_short_circuit_operator.py took 0.081 seconds
[2024-03-02T09:40:05.310-0300] {processor.py:161} INFO - Started process (PID=11903) to work on /home/victor/Área de Trabalho/airflow/venv/lib/python3.10/site-packages/airflow/example_dags/example_short_circuit_operator.py
[2024-03-02T09:40:05.311-0300] {processor.py:830} INFO - Processing file /home/victor/Área de Trabalho/airflow/venv/lib/python3.10/site-packages/airflow/example_dags/example_short_circuit_operator.py for tasks to queue
[2024-03-02T09:40:05.311-0300] {logging_mixin.py:188} INFO - [2024-03-02T09:40:05.311-0300] {dagbag.py:540} INFO - Filling up the DagBag from /home/victor/Área de Trabalho/airflow/venv/lib/python3.10/site-packages/airflow/example_dags/example_short_circuit_operator.py
[2024-03-02T09:40:05.317-0300] {processor.py:840} INFO - DAG(s) 'example_short_circuit_operator' retrieved from /home/victor/Área de Trabalho/airflow/venv/lib/python3.10/site-packages/airflow/example_dags/example_short_circuit_operator.py
[2024-03-02T09:40:05.343-0300] {logging_mixin.py:188} INFO - [2024-03-02T09:40:05.343-0300] {dag.py:3047} INFO - Sync 1 DAGs
[2024-03-02T09:40:05.363-0300] {logging_mixin.py:188} INFO - [2024-03-02T09:40:05.363-0300] {dag.py:3834} INFO - Setting next_dagrun for example_short_circuit_operator to 2024-03-01 00:00:00+00:00, run_after=2024-03-02 00:00:00+00:00
[2024-03-02T09:40:05.381-0300] {processor.py:183} INFO - Processing /home/victor/Área de Trabalho/airflow/venv/lib/python3.10/site-packages/airflow/example_dags/example_short_circuit_operator.py took 0.074 seconds
[2024-03-02T09:40:36.619-0300] {processor.py:161} INFO - Started process (PID=12281) to work on /home/victor/Área de Trabalho/airflow/venv/lib/python3.10/site-packages/airflow/example_dags/example_short_circuit_operator.py
[2024-03-02T09:40:36.619-0300] {processor.py:830} INFO - Processing file /home/victor/Área de Trabalho/airflow/venv/lib/python3.10/site-packages/airflow/example_dags/example_short_circuit_operator.py for tasks to queue
[2024-03-02T09:40:36.620-0300] {logging_mixin.py:188} INFO - [2024-03-02T09:40:36.620-0300] {dagbag.py:540} INFO - Filling up the DagBag from /home/victor/Área de Trabalho/airflow/venv/lib/python3.10/site-packages/airflow/example_dags/example_short_circuit_operator.py
[2024-03-02T09:40:36.627-0300] {processor.py:840} INFO - DAG(s) 'example_short_circuit_operator' retrieved from /home/victor/Área de Trabalho/airflow/venv/lib/python3.10/site-packages/airflow/example_dags/example_short_circuit_operator.py
[2024-03-02T09:40:36.660-0300] {logging_mixin.py:188} INFO - [2024-03-02T09:40:36.660-0300] {dag.py:3047} INFO - Sync 1 DAGs
[2024-03-02T09:40:36.685-0300] {logging_mixin.py:188} INFO - [2024-03-02T09:40:36.685-0300] {dag.py:3834} INFO - Setting next_dagrun for example_short_circuit_operator to 2024-03-01 00:00:00+00:00, run_after=2024-03-02 00:00:00+00:00
[2024-03-02T09:40:36.708-0300] {processor.py:183} INFO - Processing /home/victor/Área de Trabalho/airflow/venv/lib/python3.10/site-packages/airflow/example_dags/example_short_circuit_operator.py took 0.092 seconds
[2024-03-02T09:41:07.446-0300] {processor.py:161} INFO - Started process (PID=12757) to work on /home/victor/Área de Trabalho/airflow/venv/lib/python3.10/site-packages/airflow/example_dags/example_short_circuit_operator.py
[2024-03-02T09:41:07.447-0300] {processor.py:830} INFO - Processing file /home/victor/Área de Trabalho/airflow/venv/lib/python3.10/site-packages/airflow/example_dags/example_short_circuit_operator.py for tasks to queue
[2024-03-02T09:41:07.448-0300] {logging_mixin.py:188} INFO - [2024-03-02T09:41:07.447-0300] {dagbag.py:540} INFO - Filling up the DagBag from /home/victor/Área de Trabalho/airflow/venv/lib/python3.10/site-packages/airflow/example_dags/example_short_circuit_operator.py
[2024-03-02T09:41:07.456-0300] {processor.py:840} INFO - DAG(s) 'example_short_circuit_operator' retrieved from /home/victor/Área de Trabalho/airflow/venv/lib/python3.10/site-packages/airflow/example_dags/example_short_circuit_operator.py
[2024-03-02T09:41:07.489-0300] {logging_mixin.py:188} INFO - [2024-03-02T09:41:07.489-0300] {dag.py:3047} INFO - Sync 1 DAGs
[2024-03-02T09:41:07.514-0300] {logging_mixin.py:188} INFO - [2024-03-02T09:41:07.514-0300] {dag.py:3834} INFO - Setting next_dagrun for example_short_circuit_operator to 2024-03-01 00:00:00+00:00, run_after=2024-03-02 00:00:00+00:00
[2024-03-02T09:41:07.539-0300] {processor.py:183} INFO - Processing /home/victor/Área de Trabalho/airflow/venv/lib/python3.10/site-packages/airflow/example_dags/example_short_circuit_operator.py took 0.096 seconds
[2024-03-02T09:41:38.357-0300] {processor.py:161} INFO - Started process (PID=13072) to work on /home/victor/Área de Trabalho/airflow/venv/lib/python3.10/site-packages/airflow/example_dags/example_short_circuit_operator.py
[2024-03-02T09:41:38.360-0300] {processor.py:830} INFO - Processing file /home/victor/Área de Trabalho/airflow/venv/lib/python3.10/site-packages/airflow/example_dags/example_short_circuit_operator.py for tasks to queue
[2024-03-02T09:41:38.361-0300] {logging_mixin.py:188} INFO - [2024-03-02T09:41:38.360-0300] {dagbag.py:540} INFO - Filling up the DagBag from /home/victor/Área de Trabalho/airflow/venv/lib/python3.10/site-packages/airflow/example_dags/example_short_circuit_operator.py
[2024-03-02T09:41:38.370-0300] {processor.py:840} INFO - DAG(s) 'example_short_circuit_operator' retrieved from /home/victor/Área de Trabalho/airflow/venv/lib/python3.10/site-packages/airflow/example_dags/example_short_circuit_operator.py
[2024-03-02T09:41:38.400-0300] {logging_mixin.py:188} INFO - [2024-03-02T09:41:38.400-0300] {dag.py:3047} INFO - Sync 1 DAGs
[2024-03-02T09:41:38.422-0300] {logging_mixin.py:188} INFO - [2024-03-02T09:41:38.422-0300] {dag.py:3834} INFO - Setting next_dagrun for example_short_circuit_operator to 2024-03-01 00:00:00+00:00, run_after=2024-03-02 00:00:00+00:00
[2024-03-02T09:41:38.446-0300] {processor.py:183} INFO - Processing /home/victor/Área de Trabalho/airflow/venv/lib/python3.10/site-packages/airflow/example_dags/example_short_circuit_operator.py took 0.091 seconds
[2024-03-02T09:42:09.147-0300] {processor.py:161} INFO - Started process (PID=13706) to work on /home/victor/Área de Trabalho/airflow/venv/lib/python3.10/site-packages/airflow/example_dags/example_short_circuit_operator.py
[2024-03-02T09:42:09.148-0300] {processor.py:830} INFO - Processing file /home/victor/Área de Trabalho/airflow/venv/lib/python3.10/site-packages/airflow/example_dags/example_short_circuit_operator.py for tasks to queue
[2024-03-02T09:42:09.149-0300] {logging_mixin.py:188} INFO - [2024-03-02T09:42:09.148-0300] {dagbag.py:540} INFO - Filling up the DagBag from /home/victor/Área de Trabalho/airflow/venv/lib/python3.10/site-packages/airflow/example_dags/example_short_circuit_operator.py
[2024-03-02T09:42:09.156-0300] {processor.py:840} INFO - DAG(s) 'example_short_circuit_operator' retrieved from /home/victor/Área de Trabalho/airflow/venv/lib/python3.10/site-packages/airflow/example_dags/example_short_circuit_operator.py
[2024-03-02T09:42:09.185-0300] {logging_mixin.py:188} INFO - [2024-03-02T09:42:09.185-0300] {dag.py:3047} INFO - Sync 1 DAGs
[2024-03-02T09:42:09.210-0300] {logging_mixin.py:188} INFO - [2024-03-02T09:42:09.210-0300] {dag.py:3834} INFO - Setting next_dagrun for example_short_circuit_operator to 2024-03-01 00:00:00+00:00, run_after=2024-03-02 00:00:00+00:00
[2024-03-02T09:42:09.233-0300] {processor.py:183} INFO - Processing /home/victor/Área de Trabalho/airflow/venv/lib/python3.10/site-packages/airflow/example_dags/example_short_circuit_operator.py took 0.089 seconds
[2024-03-02T09:42:39.997-0300] {processor.py:161} INFO - Started process (PID=14026) to work on /home/victor/Área de Trabalho/airflow/venv/lib/python3.10/site-packages/airflow/example_dags/example_short_circuit_operator.py
[2024-03-02T09:42:39.997-0300] {processor.py:830} INFO - Processing file /home/victor/Área de Trabalho/airflow/venv/lib/python3.10/site-packages/airflow/example_dags/example_short_circuit_operator.py for tasks to queue
[2024-03-02T09:42:39.998-0300] {logging_mixin.py:188} INFO - [2024-03-02T09:42:39.998-0300] {dagbag.py:540} INFO - Filling up the DagBag from /home/victor/Área de Trabalho/airflow/venv/lib/python3.10/site-packages/airflow/example_dags/example_short_circuit_operator.py
[2024-03-02T09:42:40.011-0300] {processor.py:840} INFO - DAG(s) 'example_short_circuit_operator' retrieved from /home/victor/Área de Trabalho/airflow/venv/lib/python3.10/site-packages/airflow/example_dags/example_short_circuit_operator.py
[2024-03-02T09:42:40.044-0300] {logging_mixin.py:188} INFO - [2024-03-02T09:42:40.044-0300] {dag.py:3047} INFO - Sync 1 DAGs
[2024-03-02T09:42:40.073-0300] {logging_mixin.py:188} INFO - [2024-03-02T09:42:40.073-0300] {dag.py:3834} INFO - Setting next_dagrun for example_short_circuit_operator to 2024-03-01 00:00:00+00:00, run_after=2024-03-02 00:00:00+00:00
[2024-03-02T09:42:40.096-0300] {processor.py:183} INFO - Processing /home/victor/Área de Trabalho/airflow/venv/lib/python3.10/site-packages/airflow/example_dags/example_short_circuit_operator.py took 0.103 seconds
[2024-03-02T09:43:11.124-0300] {processor.py:161} INFO - Started process (PID=14506) to work on /home/victor/Área de Trabalho/airflow/venv/lib/python3.10/site-packages/airflow/example_dags/example_short_circuit_operator.py
[2024-03-02T09:43:11.127-0300] {processor.py:830} INFO - Processing file /home/victor/Área de Trabalho/airflow/venv/lib/python3.10/site-packages/airflow/example_dags/example_short_circuit_operator.py for tasks to queue
[2024-03-02T09:43:11.128-0300] {logging_mixin.py:188} INFO - [2024-03-02T09:43:11.128-0300] {dagbag.py:540} INFO - Filling up the DagBag from /home/victor/Área de Trabalho/airflow/venv/lib/python3.10/site-packages/airflow/example_dags/example_short_circuit_operator.py
[2024-03-02T09:43:11.137-0300] {processor.py:840} INFO - DAG(s) 'example_short_circuit_operator' retrieved from /home/victor/Área de Trabalho/airflow/venv/lib/python3.10/site-packages/airflow/example_dags/example_short_circuit_operator.py
[2024-03-02T09:43:11.169-0300] {logging_mixin.py:188} INFO - [2024-03-02T09:43:11.169-0300] {dag.py:3047} INFO - Sync 1 DAGs
[2024-03-02T09:43:11.196-0300] {logging_mixin.py:188} INFO - [2024-03-02T09:43:11.195-0300] {dag.py:3834} INFO - Setting next_dagrun for example_short_circuit_operator to 2024-03-01 00:00:00+00:00, run_after=2024-03-02 00:00:00+00:00
[2024-03-02T09:43:11.219-0300] {processor.py:183} INFO - Processing /home/victor/Área de Trabalho/airflow/venv/lib/python3.10/site-packages/airflow/example_dags/example_short_circuit_operator.py took 0.098 seconds
[2024-03-02T09:43:41.962-0300] {processor.py:161} INFO - Started process (PID=14827) to work on /home/victor/Área de Trabalho/airflow/venv/lib/python3.10/site-packages/airflow/example_dags/example_short_circuit_operator.py
[2024-03-02T09:43:41.963-0300] {processor.py:830} INFO - Processing file /home/victor/Área de Trabalho/airflow/venv/lib/python3.10/site-packages/airflow/example_dags/example_short_circuit_operator.py for tasks to queue
[2024-03-02T09:43:41.963-0300] {logging_mixin.py:188} INFO - [2024-03-02T09:43:41.963-0300] {dagbag.py:540} INFO - Filling up the DagBag from /home/victor/Área de Trabalho/airflow/venv/lib/python3.10/site-packages/airflow/example_dags/example_short_circuit_operator.py
[2024-03-02T09:43:41.970-0300] {processor.py:840} INFO - DAG(s) 'example_short_circuit_operator' retrieved from /home/victor/Área de Trabalho/airflow/venv/lib/python3.10/site-packages/airflow/example_dags/example_short_circuit_operator.py
[2024-03-02T09:43:41.999-0300] {logging_mixin.py:188} INFO - [2024-03-02T09:43:41.999-0300] {dag.py:3047} INFO - Sync 1 DAGs
[2024-03-02T09:43:42.021-0300] {logging_mixin.py:188} INFO - [2024-03-02T09:43:42.021-0300] {dag.py:3834} INFO - Setting next_dagrun for example_short_circuit_operator to 2024-03-01 00:00:00+00:00, run_after=2024-03-02 00:00:00+00:00
[2024-03-02T09:43:42.040-0300] {processor.py:183} INFO - Processing /home/victor/Área de Trabalho/airflow/venv/lib/python3.10/site-packages/airflow/example_dags/example_short_circuit_operator.py took 0.082 seconds
[2024-03-02T09:44:13.394-0300] {processor.py:161} INFO - Started process (PID=15309) to work on /home/victor/Área de Trabalho/airflow/venv/lib/python3.10/site-packages/airflow/example_dags/example_short_circuit_operator.py
[2024-03-02T09:44:13.395-0300] {processor.py:830} INFO - Processing file /home/victor/Área de Trabalho/airflow/venv/lib/python3.10/site-packages/airflow/example_dags/example_short_circuit_operator.py for tasks to queue
[2024-03-02T09:44:13.395-0300] {logging_mixin.py:188} INFO - [2024-03-02T09:44:13.395-0300] {dagbag.py:540} INFO - Filling up the DagBag from /home/victor/Área de Trabalho/airflow/venv/lib/python3.10/site-packages/airflow/example_dags/example_short_circuit_operator.py
[2024-03-02T09:44:13.403-0300] {processor.py:840} INFO - DAG(s) 'example_short_circuit_operator' retrieved from /home/victor/Área de Trabalho/airflow/venv/lib/python3.10/site-packages/airflow/example_dags/example_short_circuit_operator.py
[2024-03-02T09:44:13.435-0300] {logging_mixin.py:188} INFO - [2024-03-02T09:44:13.434-0300] {dag.py:3047} INFO - Sync 1 DAGs
[2024-03-02T09:44:13.459-0300] {logging_mixin.py:188} INFO - [2024-03-02T09:44:13.459-0300] {dag.py:3834} INFO - Setting next_dagrun for example_short_circuit_operator to 2024-03-01 00:00:00+00:00, run_after=2024-03-02 00:00:00+00:00
[2024-03-02T09:44:13.481-0300] {processor.py:183} INFO - Processing /home/victor/Área de Trabalho/airflow/venv/lib/python3.10/site-packages/airflow/example_dags/example_short_circuit_operator.py took 0.091 seconds
[2024-03-02T09:44:44.086-0300] {processor.py:161} INFO - Started process (PID=15632) to work on /home/victor/Área de Trabalho/airflow/venv/lib/python3.10/site-packages/airflow/example_dags/example_short_circuit_operator.py
[2024-03-02T09:44:44.087-0300] {processor.py:830} INFO - Processing file /home/victor/Área de Trabalho/airflow/venv/lib/python3.10/site-packages/airflow/example_dags/example_short_circuit_operator.py for tasks to queue
[2024-03-02T09:44:44.088-0300] {logging_mixin.py:188} INFO - [2024-03-02T09:44:44.087-0300] {dagbag.py:540} INFO - Filling up the DagBag from /home/victor/Área de Trabalho/airflow/venv/lib/python3.10/site-packages/airflow/example_dags/example_short_circuit_operator.py
[2024-03-02T09:44:44.095-0300] {processor.py:840} INFO - DAG(s) 'example_short_circuit_operator' retrieved from /home/victor/Área de Trabalho/airflow/venv/lib/python3.10/site-packages/airflow/example_dags/example_short_circuit_operator.py
[2024-03-02T09:44:44.126-0300] {logging_mixin.py:188} INFO - [2024-03-02T09:44:44.125-0300] {dag.py:3047} INFO - Sync 1 DAGs
[2024-03-02T09:44:44.151-0300] {logging_mixin.py:188} INFO - [2024-03-02T09:44:44.151-0300] {dag.py:3834} INFO - Setting next_dagrun for example_short_circuit_operator to 2024-03-01 00:00:00+00:00, run_after=2024-03-02 00:00:00+00:00
[2024-03-02T09:44:44.178-0300] {processor.py:183} INFO - Processing /home/victor/Área de Trabalho/airflow/venv/lib/python3.10/site-packages/airflow/example_dags/example_short_circuit_operator.py took 0.095 seconds
[2024-03-02T09:45:14.838-0300] {processor.py:161} INFO - Started process (PID=16117) to work on /home/victor/Área de Trabalho/airflow/venv/lib/python3.10/site-packages/airflow/example_dags/example_short_circuit_operator.py
[2024-03-02T09:45:14.840-0300] {processor.py:830} INFO - Processing file /home/victor/Área de Trabalho/airflow/venv/lib/python3.10/site-packages/airflow/example_dags/example_short_circuit_operator.py for tasks to queue
[2024-03-02T09:45:14.841-0300] {logging_mixin.py:188} INFO - [2024-03-02T09:45:14.840-0300] {dagbag.py:540} INFO - Filling up the DagBag from /home/victor/Área de Trabalho/airflow/venv/lib/python3.10/site-packages/airflow/example_dags/example_short_circuit_operator.py
[2024-03-02T09:45:14.852-0300] {processor.py:840} INFO - DAG(s) 'example_short_circuit_operator' retrieved from /home/victor/Área de Trabalho/airflow/venv/lib/python3.10/site-packages/airflow/example_dags/example_short_circuit_operator.py
[2024-03-02T09:45:14.888-0300] {logging_mixin.py:188} INFO - [2024-03-02T09:45:14.887-0300] {dag.py:3047} INFO - Sync 1 DAGs
[2024-03-02T09:45:14.915-0300] {logging_mixin.py:188} INFO - [2024-03-02T09:45:14.915-0300] {dag.py:3834} INFO - Setting next_dagrun for example_short_circuit_operator to 2024-03-01 00:00:00+00:00, run_after=2024-03-02 00:00:00+00:00
[2024-03-02T09:45:14.938-0300] {processor.py:183} INFO - Processing /home/victor/Área de Trabalho/airflow/venv/lib/python3.10/site-packages/airflow/example_dags/example_short_circuit_operator.py took 0.104 seconds
[2024-03-02T09:45:45.975-0300] {processor.py:161} INFO - Started process (PID=16628) to work on /home/victor/Área de Trabalho/airflow/venv/lib/python3.10/site-packages/airflow/example_dags/example_short_circuit_operator.py
[2024-03-02T09:45:45.976-0300] {processor.py:830} INFO - Processing file /home/victor/Área de Trabalho/airflow/venv/lib/python3.10/site-packages/airflow/example_dags/example_short_circuit_operator.py for tasks to queue
[2024-03-02T09:45:45.976-0300] {logging_mixin.py:188} INFO - [2024-03-02T09:45:45.976-0300] {dagbag.py:540} INFO - Filling up the DagBag from /home/victor/Área de Trabalho/airflow/venv/lib/python3.10/site-packages/airflow/example_dags/example_short_circuit_operator.py
[2024-03-02T09:45:45.984-0300] {processor.py:840} INFO - DAG(s) 'example_short_circuit_operator' retrieved from /home/victor/Área de Trabalho/airflow/venv/lib/python3.10/site-packages/airflow/example_dags/example_short_circuit_operator.py
[2024-03-02T09:45:46.014-0300] {logging_mixin.py:188} INFO - [2024-03-02T09:45:46.014-0300] {dag.py:3047} INFO - Sync 1 DAGs
[2024-03-02T09:45:46.037-0300] {logging_mixin.py:188} INFO - [2024-03-02T09:45:46.037-0300] {dag.py:3834} INFO - Setting next_dagrun for example_short_circuit_operator to 2024-03-01 00:00:00+00:00, run_after=2024-03-02 00:00:00+00:00
[2024-03-02T09:45:46.059-0300] {processor.py:183} INFO - Processing /home/victor/Área de Trabalho/airflow/venv/lib/python3.10/site-packages/airflow/example_dags/example_short_circuit_operator.py took 0.086 seconds
[2024-03-02T09:46:17.497-0300] {processor.py:161} INFO - Started process (PID=17116) to work on /home/victor/Área de Trabalho/airflow/venv/lib/python3.10/site-packages/airflow/example_dags/example_short_circuit_operator.py
[2024-03-02T09:46:17.498-0300] {processor.py:830} INFO - Processing file /home/victor/Área de Trabalho/airflow/venv/lib/python3.10/site-packages/airflow/example_dags/example_short_circuit_operator.py for tasks to queue
[2024-03-02T09:46:17.499-0300] {logging_mixin.py:188} INFO - [2024-03-02T09:46:17.498-0300] {dagbag.py:540} INFO - Filling up the DagBag from /home/victor/Área de Trabalho/airflow/venv/lib/python3.10/site-packages/airflow/example_dags/example_short_circuit_operator.py
[2024-03-02T09:46:17.507-0300] {processor.py:840} INFO - DAG(s) 'example_short_circuit_operator' retrieved from /home/victor/Área de Trabalho/airflow/venv/lib/python3.10/site-packages/airflow/example_dags/example_short_circuit_operator.py
[2024-03-02T09:46:17.542-0300] {logging_mixin.py:188} INFO - [2024-03-02T09:46:17.542-0300] {dag.py:3047} INFO - Sync 1 DAGs
[2024-03-02T09:46:17.568-0300] {logging_mixin.py:188} INFO - [2024-03-02T09:46:17.568-0300] {dag.py:3834} INFO - Setting next_dagrun for example_short_circuit_operator to 2024-03-01 00:00:00+00:00, run_after=2024-03-02 00:00:00+00:00
[2024-03-02T09:46:17.591-0300] {processor.py:183} INFO - Processing /home/victor/Área de Trabalho/airflow/venv/lib/python3.10/site-packages/airflow/example_dags/example_short_circuit_operator.py took 0.098 seconds
[2024-03-02T09:46:48.278-0300] {processor.py:161} INFO - Started process (PID=17438) to work on /home/victor/Área de Trabalho/airflow/venv/lib/python3.10/site-packages/airflow/example_dags/example_short_circuit_operator.py
[2024-03-02T09:46:48.279-0300] {processor.py:830} INFO - Processing file /home/victor/Área de Trabalho/airflow/venv/lib/python3.10/site-packages/airflow/example_dags/example_short_circuit_operator.py for tasks to queue
[2024-03-02T09:46:48.280-0300] {logging_mixin.py:188} INFO - [2024-03-02T09:46:48.280-0300] {dagbag.py:540} INFO - Filling up the DagBag from /home/victor/Área de Trabalho/airflow/venv/lib/python3.10/site-packages/airflow/example_dags/example_short_circuit_operator.py
[2024-03-02T09:46:48.287-0300] {processor.py:840} INFO - DAG(s) 'example_short_circuit_operator' retrieved from /home/victor/Área de Trabalho/airflow/venv/lib/python3.10/site-packages/airflow/example_dags/example_short_circuit_operator.py
[2024-03-02T09:46:48.317-0300] {logging_mixin.py:188} INFO - [2024-03-02T09:46:48.317-0300] {dag.py:3047} INFO - Sync 1 DAGs
[2024-03-02T09:46:48.340-0300] {logging_mixin.py:188} INFO - [2024-03-02T09:46:48.340-0300] {dag.py:3834} INFO - Setting next_dagrun for example_short_circuit_operator to 2024-03-01 00:00:00+00:00, run_after=2024-03-02 00:00:00+00:00
[2024-03-02T09:46:48.360-0300] {processor.py:183} INFO - Processing /home/victor/Área de Trabalho/airflow/venv/lib/python3.10/site-packages/airflow/example_dags/example_short_circuit_operator.py took 0.084 seconds
[2024-03-02T09:47:19.108-0300] {processor.py:161} INFO - Started process (PID=18098) to work on /home/victor/Área de Trabalho/airflow/venv/lib/python3.10/site-packages/airflow/example_dags/example_short_circuit_operator.py
[2024-03-02T09:47:19.109-0300] {processor.py:830} INFO - Processing file /home/victor/Área de Trabalho/airflow/venv/lib/python3.10/site-packages/airflow/example_dags/example_short_circuit_operator.py for tasks to queue
[2024-03-02T09:47:19.109-0300] {logging_mixin.py:188} INFO - [2024-03-02T09:47:19.109-0300] {dagbag.py:540} INFO - Filling up the DagBag from /home/victor/Área de Trabalho/airflow/venv/lib/python3.10/site-packages/airflow/example_dags/example_short_circuit_operator.py
[2024-03-02T09:47:19.116-0300] {processor.py:840} INFO - DAG(s) 'example_short_circuit_operator' retrieved from /home/victor/Área de Trabalho/airflow/venv/lib/python3.10/site-packages/airflow/example_dags/example_short_circuit_operator.py
[2024-03-02T09:47:19.145-0300] {logging_mixin.py:188} INFO - [2024-03-02T09:47:19.145-0300] {dag.py:3047} INFO - Sync 1 DAGs
[2024-03-02T09:47:19.167-0300] {logging_mixin.py:188} INFO - [2024-03-02T09:47:19.166-0300] {dag.py:3834} INFO - Setting next_dagrun for example_short_circuit_operator to 2024-03-01 00:00:00+00:00, run_after=2024-03-02 00:00:00+00:00
[2024-03-02T09:47:19.183-0300] {processor.py:183} INFO - Processing /home/victor/Área de Trabalho/airflow/venv/lib/python3.10/site-packages/airflow/example_dags/example_short_circuit_operator.py took 0.079 seconds
[2024-03-02T09:47:49.831-0300] {processor.py:161} INFO - Started process (PID=18417) to work on /home/victor/Área de Trabalho/airflow/venv/lib/python3.10/site-packages/airflow/example_dags/example_short_circuit_operator.py
[2024-03-02T09:47:49.832-0300] {processor.py:830} INFO - Processing file /home/victor/Área de Trabalho/airflow/venv/lib/python3.10/site-packages/airflow/example_dags/example_short_circuit_operator.py for tasks to queue
[2024-03-02T09:47:49.833-0300] {logging_mixin.py:188} INFO - [2024-03-02T09:47:49.833-0300] {dagbag.py:540} INFO - Filling up the DagBag from /home/victor/Área de Trabalho/airflow/venv/lib/python3.10/site-packages/airflow/example_dags/example_short_circuit_operator.py
[2024-03-02T09:47:49.841-0300] {processor.py:840} INFO - DAG(s) 'example_short_circuit_operator' retrieved from /home/victor/Área de Trabalho/airflow/venv/lib/python3.10/site-packages/airflow/example_dags/example_short_circuit_operator.py
[2024-03-02T09:47:49.876-0300] {logging_mixin.py:188} INFO - [2024-03-02T09:47:49.875-0300] {dag.py:3047} INFO - Sync 1 DAGs
[2024-03-02T09:47:49.900-0300] {logging_mixin.py:188} INFO - [2024-03-02T09:47:49.900-0300] {dag.py:3834} INFO - Setting next_dagrun for example_short_circuit_operator to 2024-03-01 00:00:00+00:00, run_after=2024-03-02 00:00:00+00:00
[2024-03-02T09:47:49.920-0300] {processor.py:183} INFO - Processing /home/victor/Área de Trabalho/airflow/venv/lib/python3.10/site-packages/airflow/example_dags/example_short_circuit_operator.py took 0.092 seconds
[2024-03-02T09:48:20.475-0300] {processor.py:161} INFO - Started process (PID=18903) to work on /home/victor/Área de Trabalho/airflow/venv/lib/python3.10/site-packages/airflow/example_dags/example_short_circuit_operator.py
[2024-03-02T09:48:20.476-0300] {processor.py:830} INFO - Processing file /home/victor/Área de Trabalho/airflow/venv/lib/python3.10/site-packages/airflow/example_dags/example_short_circuit_operator.py for tasks to queue
[2024-03-02T09:48:20.477-0300] {logging_mixin.py:188} INFO - [2024-03-02T09:48:20.476-0300] {dagbag.py:540} INFO - Filling up the DagBag from /home/victor/Área de Trabalho/airflow/venv/lib/python3.10/site-packages/airflow/example_dags/example_short_circuit_operator.py
[2024-03-02T09:48:20.484-0300] {processor.py:840} INFO - DAG(s) 'example_short_circuit_operator' retrieved from /home/victor/Área de Trabalho/airflow/venv/lib/python3.10/site-packages/airflow/example_dags/example_short_circuit_operator.py
[2024-03-02T09:48:20.515-0300] {logging_mixin.py:188} INFO - [2024-03-02T09:48:20.515-0300] {dag.py:3047} INFO - Sync 1 DAGs
[2024-03-02T09:48:20.541-0300] {logging_mixin.py:188} INFO - [2024-03-02T09:48:20.540-0300] {dag.py:3834} INFO - Setting next_dagrun for example_short_circuit_operator to 2024-03-01 00:00:00+00:00, run_after=2024-03-02 00:00:00+00:00
[2024-03-02T09:48:20.560-0300] {processor.py:183} INFO - Processing /home/victor/Área de Trabalho/airflow/venv/lib/python3.10/site-packages/airflow/example_dags/example_short_circuit_operator.py took 0.088 seconds
[2024-03-02T09:48:51.257-0300] {processor.py:161} INFO - Started process (PID=19247) to work on /home/victor/Área de Trabalho/airflow/venv/lib/python3.10/site-packages/airflow/example_dags/example_short_circuit_operator.py
[2024-03-02T09:48:51.258-0300] {processor.py:830} INFO - Processing file /home/victor/Área de Trabalho/airflow/venv/lib/python3.10/site-packages/airflow/example_dags/example_short_circuit_operator.py for tasks to queue
[2024-03-02T09:48:51.259-0300] {logging_mixin.py:188} INFO - [2024-03-02T09:48:51.259-0300] {dagbag.py:540} INFO - Filling up the DagBag from /home/victor/Área de Trabalho/airflow/venv/lib/python3.10/site-packages/airflow/example_dags/example_short_circuit_operator.py
[2024-03-02T09:48:51.266-0300] {processor.py:840} INFO - DAG(s) 'example_short_circuit_operator' retrieved from /home/victor/Área de Trabalho/airflow/venv/lib/python3.10/site-packages/airflow/example_dags/example_short_circuit_operator.py
[2024-03-02T09:48:51.297-0300] {logging_mixin.py:188} INFO - [2024-03-02T09:48:51.297-0300] {dag.py:3047} INFO - Sync 1 DAGs
[2024-03-02T09:48:51.321-0300] {logging_mixin.py:188} INFO - [2024-03-02T09:48:51.321-0300] {dag.py:3834} INFO - Setting next_dagrun for example_short_circuit_operator to 2024-03-01 00:00:00+00:00, run_after=2024-03-02 00:00:00+00:00
[2024-03-02T09:48:51.353-0300] {processor.py:183} INFO - Processing /home/victor/Área de Trabalho/airflow/venv/lib/python3.10/site-packages/airflow/example_dags/example_short_circuit_operator.py took 0.098 seconds
[2024-03-02T09:49:22.012-0300] {processor.py:161} INFO - Started process (PID=19729) to work on /home/victor/Área de Trabalho/airflow/venv/lib/python3.10/site-packages/airflow/example_dags/example_short_circuit_operator.py
[2024-03-02T09:49:22.013-0300] {processor.py:830} INFO - Processing file /home/victor/Área de Trabalho/airflow/venv/lib/python3.10/site-packages/airflow/example_dags/example_short_circuit_operator.py for tasks to queue
[2024-03-02T09:49:22.014-0300] {logging_mixin.py:188} INFO - [2024-03-02T09:49:22.013-0300] {dagbag.py:540} INFO - Filling up the DagBag from /home/victor/Área de Trabalho/airflow/venv/lib/python3.10/site-packages/airflow/example_dags/example_short_circuit_operator.py
[2024-03-02T09:49:22.021-0300] {processor.py:840} INFO - DAG(s) 'example_short_circuit_operator' retrieved from /home/victor/Área de Trabalho/airflow/venv/lib/python3.10/site-packages/airflow/example_dags/example_short_circuit_operator.py
[2024-03-02T09:49:22.051-0300] {logging_mixin.py:188} INFO - [2024-03-02T09:49:22.050-0300] {dag.py:3047} INFO - Sync 1 DAGs
[2024-03-02T09:49:22.075-0300] {logging_mixin.py:188} INFO - [2024-03-02T09:49:22.075-0300] {dag.py:3834} INFO - Setting next_dagrun for example_short_circuit_operator to 2024-03-01 00:00:00+00:00, run_after=2024-03-02 00:00:00+00:00
[2024-03-02T09:49:22.094-0300] {processor.py:183} INFO - Processing /home/victor/Área de Trabalho/airflow/venv/lib/python3.10/site-packages/airflow/example_dags/example_short_circuit_operator.py took 0.086 seconds
[2024-03-02T09:49:52.704-0300] {processor.py:161} INFO - Started process (PID=20050) to work on /home/victor/Área de Trabalho/airflow/venv/lib/python3.10/site-packages/airflow/example_dags/example_short_circuit_operator.py
[2024-03-02T09:49:52.706-0300] {processor.py:830} INFO - Processing file /home/victor/Área de Trabalho/airflow/venv/lib/python3.10/site-packages/airflow/example_dags/example_short_circuit_operator.py for tasks to queue
[2024-03-02T09:49:52.707-0300] {logging_mixin.py:188} INFO - [2024-03-02T09:49:52.706-0300] {dagbag.py:540} INFO - Filling up the DagBag from /home/victor/Área de Trabalho/airflow/venv/lib/python3.10/site-packages/airflow/example_dags/example_short_circuit_operator.py
[2024-03-02T09:49:52.715-0300] {processor.py:840} INFO - DAG(s) 'example_short_circuit_operator' retrieved from /home/victor/Área de Trabalho/airflow/venv/lib/python3.10/site-packages/airflow/example_dags/example_short_circuit_operator.py
[2024-03-02T09:49:52.748-0300] {logging_mixin.py:188} INFO - [2024-03-02T09:49:52.747-0300] {dag.py:3047} INFO - Sync 1 DAGs
[2024-03-02T09:49:52.774-0300] {logging_mixin.py:188} INFO - [2024-03-02T09:49:52.774-0300] {dag.py:3834} INFO - Setting next_dagrun for example_short_circuit_operator to 2024-03-01 00:00:00+00:00, run_after=2024-03-02 00:00:00+00:00
[2024-03-02T09:49:52.802-0300] {processor.py:183} INFO - Processing /home/victor/Área de Trabalho/airflow/venv/lib/python3.10/site-packages/airflow/example_dags/example_short_circuit_operator.py took 0.101 seconds
[2024-03-02T09:50:23.365-0300] {processor.py:161} INFO - Started process (PID=20531) to work on /home/victor/Área de Trabalho/airflow/venv/lib/python3.10/site-packages/airflow/example_dags/example_short_circuit_operator.py
[2024-03-02T09:50:23.365-0300] {processor.py:830} INFO - Processing file /home/victor/Área de Trabalho/airflow/venv/lib/python3.10/site-packages/airflow/example_dags/example_short_circuit_operator.py for tasks to queue
[2024-03-02T09:50:23.366-0300] {logging_mixin.py:188} INFO - [2024-03-02T09:50:23.366-0300] {dagbag.py:540} INFO - Filling up the DagBag from /home/victor/Área de Trabalho/airflow/venv/lib/python3.10/site-packages/airflow/example_dags/example_short_circuit_operator.py
[2024-03-02T09:50:23.373-0300] {processor.py:840} INFO - DAG(s) 'example_short_circuit_operator' retrieved from /home/victor/Área de Trabalho/airflow/venv/lib/python3.10/site-packages/airflow/example_dags/example_short_circuit_operator.py
[2024-03-02T09:50:23.404-0300] {logging_mixin.py:188} INFO - [2024-03-02T09:50:23.404-0300] {dag.py:3047} INFO - Sync 1 DAGs
[2024-03-02T09:50:23.427-0300] {logging_mixin.py:188} INFO - [2024-03-02T09:50:23.427-0300] {dag.py:3834} INFO - Setting next_dagrun for example_short_circuit_operator to 2024-03-01 00:00:00+00:00, run_after=2024-03-02 00:00:00+00:00
[2024-03-02T09:50:23.447-0300] {processor.py:183} INFO - Processing /home/victor/Área de Trabalho/airflow/venv/lib/python3.10/site-packages/airflow/example_dags/example_short_circuit_operator.py took 0.086 seconds
[2024-03-02T09:50:54.831-0300] {processor.py:161} INFO - Started process (PID=20889) to work on /home/victor/Área de Trabalho/airflow/venv/lib/python3.10/site-packages/airflow/example_dags/example_short_circuit_operator.py
[2024-03-02T09:50:54.832-0300] {processor.py:830} INFO - Processing file /home/victor/Área de Trabalho/airflow/venv/lib/python3.10/site-packages/airflow/example_dags/example_short_circuit_operator.py for tasks to queue
[2024-03-02T09:50:54.833-0300] {logging_mixin.py:188} INFO - [2024-03-02T09:50:54.833-0300] {dagbag.py:540} INFO - Filling up the DagBag from /home/victor/Área de Trabalho/airflow/venv/lib/python3.10/site-packages/airflow/example_dags/example_short_circuit_operator.py
[2024-03-02T09:50:54.840-0300] {processor.py:840} INFO - DAG(s) 'example_short_circuit_operator' retrieved from /home/victor/Área de Trabalho/airflow/venv/lib/python3.10/site-packages/airflow/example_dags/example_short_circuit_operator.py
[2024-03-02T09:50:54.873-0300] {logging_mixin.py:188} INFO - [2024-03-02T09:50:54.873-0300] {dag.py:3047} INFO - Sync 1 DAGs
[2024-03-02T09:50:54.897-0300] {logging_mixin.py:188} INFO - [2024-03-02T09:50:54.896-0300] {dag.py:3834} INFO - Setting next_dagrun for example_short_circuit_operator to 2024-03-01 00:00:00+00:00, run_after=2024-03-02 00:00:00+00:00
[2024-03-02T09:50:54.919-0300] {processor.py:183} INFO - Processing /home/victor/Área de Trabalho/airflow/venv/lib/python3.10/site-packages/airflow/example_dags/example_short_circuit_operator.py took 0.091 seconds
[2024-03-02T09:51:25.544-0300] {processor.py:161} INFO - Started process (PID=21370) to work on /home/victor/Área de Trabalho/airflow/venv/lib/python3.10/site-packages/airflow/example_dags/example_short_circuit_operator.py
[2024-03-02T09:51:25.545-0300] {processor.py:830} INFO - Processing file /home/victor/Área de Trabalho/airflow/venv/lib/python3.10/site-packages/airflow/example_dags/example_short_circuit_operator.py for tasks to queue
[2024-03-02T09:51:25.546-0300] {logging_mixin.py:188} INFO - [2024-03-02T09:51:25.545-0300] {dagbag.py:540} INFO - Filling up the DagBag from /home/victor/Área de Trabalho/airflow/venv/lib/python3.10/site-packages/airflow/example_dags/example_short_circuit_operator.py
[2024-03-02T09:51:25.554-0300] {processor.py:840} INFO - DAG(s) 'example_short_circuit_operator' retrieved from /home/victor/Área de Trabalho/airflow/venv/lib/python3.10/site-packages/airflow/example_dags/example_short_circuit_operator.py
[2024-03-02T09:51:25.587-0300] {logging_mixin.py:188} INFO - [2024-03-02T09:51:25.586-0300] {dag.py:3047} INFO - Sync 1 DAGs
[2024-03-02T09:51:25.612-0300] {logging_mixin.py:188} INFO - [2024-03-02T09:51:25.612-0300] {dag.py:3834} INFO - Setting next_dagrun for example_short_circuit_operator to 2024-03-01 00:00:00+00:00, run_after=2024-03-02 00:00:00+00:00
[2024-03-02T09:51:25.635-0300] {processor.py:183} INFO - Processing /home/victor/Área de Trabalho/airflow/venv/lib/python3.10/site-packages/airflow/example_dags/example_short_circuit_operator.py took 0.094 seconds
[2024-03-02T09:51:56.268-0300] {processor.py:161} INFO - Started process (PID=21691) to work on /home/victor/Área de Trabalho/airflow/venv/lib/python3.10/site-packages/airflow/example_dags/example_short_circuit_operator.py
[2024-03-02T09:51:56.269-0300] {processor.py:830} INFO - Processing file /home/victor/Área de Trabalho/airflow/venv/lib/python3.10/site-packages/airflow/example_dags/example_short_circuit_operator.py for tasks to queue
[2024-03-02T09:51:56.272-0300] {logging_mixin.py:188} INFO - [2024-03-02T09:51:56.272-0300] {dagbag.py:540} INFO - Filling up the DagBag from /home/victor/Área de Trabalho/airflow/venv/lib/python3.10/site-packages/airflow/example_dags/example_short_circuit_operator.py
[2024-03-02T09:51:56.279-0300] {processor.py:840} INFO - DAG(s) 'example_short_circuit_operator' retrieved from /home/victor/Área de Trabalho/airflow/venv/lib/python3.10/site-packages/airflow/example_dags/example_short_circuit_operator.py
[2024-03-02T09:51:56.317-0300] {logging_mixin.py:188} INFO - [2024-03-02T09:51:56.316-0300] {dag.py:3047} INFO - Sync 1 DAGs
[2024-03-02T09:51:56.340-0300] {logging_mixin.py:188} INFO - [2024-03-02T09:51:56.340-0300] {dag.py:3834} INFO - Setting next_dagrun for example_short_circuit_operator to 2024-03-01 00:00:00+00:00, run_after=2024-03-02 00:00:00+00:00
[2024-03-02T09:51:56.359-0300] {processor.py:183} INFO - Processing /home/victor/Área de Trabalho/airflow/venv/lib/python3.10/site-packages/airflow/example_dags/example_short_circuit_operator.py took 0.096 seconds
[2024-03-02T09:52:26.838-0300] {processor.py:161} INFO - Started process (PID=22337) to work on /home/victor/Área de Trabalho/airflow/venv/lib/python3.10/site-packages/airflow/example_dags/example_short_circuit_operator.py
[2024-03-02T09:52:26.839-0300] {processor.py:830} INFO - Processing file /home/victor/Área de Trabalho/airflow/venv/lib/python3.10/site-packages/airflow/example_dags/example_short_circuit_operator.py for tasks to queue
[2024-03-02T09:52:26.839-0300] {logging_mixin.py:188} INFO - [2024-03-02T09:52:26.839-0300] {dagbag.py:540} INFO - Filling up the DagBag from /home/victor/Área de Trabalho/airflow/venv/lib/python3.10/site-packages/airflow/example_dags/example_short_circuit_operator.py
[2024-03-02T09:52:26.846-0300] {processor.py:840} INFO - DAG(s) 'example_short_circuit_operator' retrieved from /home/victor/Área de Trabalho/airflow/venv/lib/python3.10/site-packages/airflow/example_dags/example_short_circuit_operator.py
[2024-03-02T09:52:26.878-0300] {logging_mixin.py:188} INFO - [2024-03-02T09:52:26.877-0300] {dag.py:3047} INFO - Sync 1 DAGs
[2024-03-02T09:52:26.899-0300] {logging_mixin.py:188} INFO - [2024-03-02T09:52:26.899-0300] {dag.py:3834} INFO - Setting next_dagrun for example_short_circuit_operator to 2024-03-01 00:00:00+00:00, run_after=2024-03-02 00:00:00+00:00
[2024-03-02T09:52:26.919-0300] {processor.py:183} INFO - Processing /home/victor/Área de Trabalho/airflow/venv/lib/python3.10/site-packages/airflow/example_dags/example_short_circuit_operator.py took 0.084 seconds
[2024-03-02T09:52:57.463-0300] {processor.py:161} INFO - Started process (PID=22659) to work on /home/victor/Área de Trabalho/airflow/venv/lib/python3.10/site-packages/airflow/example_dags/example_short_circuit_operator.py
[2024-03-02T09:52:57.463-0300] {processor.py:830} INFO - Processing file /home/victor/Área de Trabalho/airflow/venv/lib/python3.10/site-packages/airflow/example_dags/example_short_circuit_operator.py for tasks to queue
[2024-03-02T09:52:57.464-0300] {logging_mixin.py:188} INFO - [2024-03-02T09:52:57.464-0300] {dagbag.py:540} INFO - Filling up the DagBag from /home/victor/Área de Trabalho/airflow/venv/lib/python3.10/site-packages/airflow/example_dags/example_short_circuit_operator.py
[2024-03-02T09:52:57.471-0300] {processor.py:840} INFO - DAG(s) 'example_short_circuit_operator' retrieved from /home/victor/Área de Trabalho/airflow/venv/lib/python3.10/site-packages/airflow/example_dags/example_short_circuit_operator.py
[2024-03-02T09:52:57.506-0300] {logging_mixin.py:188} INFO - [2024-03-02T09:52:57.506-0300] {dag.py:3047} INFO - Sync 1 DAGs
[2024-03-02T09:52:57.534-0300] {logging_mixin.py:188} INFO - [2024-03-02T09:52:57.534-0300] {dag.py:3834} INFO - Setting next_dagrun for example_short_circuit_operator to 2024-03-01 00:00:00+00:00, run_after=2024-03-02 00:00:00+00:00
[2024-03-02T09:52:57.554-0300] {processor.py:183} INFO - Processing /home/victor/Área de Trabalho/airflow/venv/lib/python3.10/site-packages/airflow/example_dags/example_short_circuit_operator.py took 0.095 seconds
[2024-03-02T09:53:28.093-0300] {processor.py:161} INFO - Started process (PID=23143) to work on /home/victor/Área de Trabalho/airflow/venv/lib/python3.10/site-packages/airflow/example_dags/example_short_circuit_operator.py
[2024-03-02T09:53:28.093-0300] {processor.py:830} INFO - Processing file /home/victor/Área de Trabalho/airflow/venv/lib/python3.10/site-packages/airflow/example_dags/example_short_circuit_operator.py for tasks to queue
[2024-03-02T09:53:28.094-0300] {logging_mixin.py:188} INFO - [2024-03-02T09:53:28.094-0300] {dagbag.py:540} INFO - Filling up the DagBag from /home/victor/Área de Trabalho/airflow/venv/lib/python3.10/site-packages/airflow/example_dags/example_short_circuit_operator.py
[2024-03-02T09:53:28.101-0300] {processor.py:840} INFO - DAG(s) 'example_short_circuit_operator' retrieved from /home/victor/Área de Trabalho/airflow/venv/lib/python3.10/site-packages/airflow/example_dags/example_short_circuit_operator.py
[2024-03-02T09:53:28.129-0300] {logging_mixin.py:188} INFO - [2024-03-02T09:53:28.129-0300] {dag.py:3047} INFO - Sync 1 DAGs
[2024-03-02T09:53:28.153-0300] {logging_mixin.py:188} INFO - [2024-03-02T09:53:28.153-0300] {dag.py:3834} INFO - Setting next_dagrun for example_short_circuit_operator to 2024-03-01 00:00:00+00:00, run_after=2024-03-02 00:00:00+00:00
[2024-03-02T09:53:28.173-0300] {processor.py:183} INFO - Processing /home/victor/Área de Trabalho/airflow/venv/lib/python3.10/site-packages/airflow/example_dags/example_short_circuit_operator.py took 0.084 seconds
[2024-03-02T09:53:58.349-0300] {processor.py:161} INFO - Started process (PID=23464) to work on /home/victor/Área de Trabalho/airflow/venv/lib/python3.10/site-packages/airflow/example_dags/example_short_circuit_operator.py
[2024-03-02T09:53:58.350-0300] {processor.py:830} INFO - Processing file /home/victor/Área de Trabalho/airflow/venv/lib/python3.10/site-packages/airflow/example_dags/example_short_circuit_operator.py for tasks to queue
[2024-03-02T09:53:58.350-0300] {logging_mixin.py:188} INFO - [2024-03-02T09:53:58.350-0300] {dagbag.py:540} INFO - Filling up the DagBag from /home/victor/Área de Trabalho/airflow/venv/lib/python3.10/site-packages/airflow/example_dags/example_short_circuit_operator.py
[2024-03-02T09:53:58.357-0300] {processor.py:840} INFO - DAG(s) 'example_short_circuit_operator' retrieved from /home/victor/Área de Trabalho/airflow/venv/lib/python3.10/site-packages/airflow/example_dags/example_short_circuit_operator.py
[2024-03-02T09:53:58.389-0300] {logging_mixin.py:188} INFO - [2024-03-02T09:53:58.389-0300] {dag.py:3047} INFO - Sync 1 DAGs
[2024-03-02T09:53:58.414-0300] {logging_mixin.py:188} INFO - [2024-03-02T09:53:58.413-0300] {dag.py:3834} INFO - Setting next_dagrun for example_short_circuit_operator to 2024-03-01 00:00:00+00:00, run_after=2024-03-02 00:00:00+00:00
[2024-03-02T09:53:58.440-0300] {processor.py:183} INFO - Processing /home/victor/Área de Trabalho/airflow/venv/lib/python3.10/site-packages/airflow/example_dags/example_short_circuit_operator.py took 0.094 seconds
[2024-03-02T09:54:29.310-0300] {processor.py:161} INFO - Started process (PID=24109) to work on /home/victor/Área de Trabalho/airflow/venv/lib/python3.10/site-packages/airflow/example_dags/example_short_circuit_operator.py
[2024-03-02T09:54:29.316-0300] {processor.py:830} INFO - Processing file /home/victor/Área de Trabalho/airflow/venv/lib/python3.10/site-packages/airflow/example_dags/example_short_circuit_operator.py for tasks to queue
[2024-03-02T09:54:29.317-0300] {logging_mixin.py:188} INFO - [2024-03-02T09:54:29.317-0300] {dagbag.py:540} INFO - Filling up the DagBag from /home/victor/Área de Trabalho/airflow/venv/lib/python3.10/site-packages/airflow/example_dags/example_short_circuit_operator.py
[2024-03-02T09:54:29.326-0300] {processor.py:840} INFO - DAG(s) 'example_short_circuit_operator' retrieved from /home/victor/Área de Trabalho/airflow/venv/lib/python3.10/site-packages/airflow/example_dags/example_short_circuit_operator.py
[2024-03-02T09:54:29.359-0300] {logging_mixin.py:188} INFO - [2024-03-02T09:54:29.358-0300] {dag.py:3047} INFO - Sync 1 DAGs
[2024-03-02T09:54:29.385-0300] {logging_mixin.py:188} INFO - [2024-03-02T09:54:29.385-0300] {dag.py:3834} INFO - Setting next_dagrun for example_short_circuit_operator to 2024-03-01 00:00:00+00:00, run_after=2024-03-02 00:00:00+00:00
[2024-03-02T09:54:29.410-0300] {processor.py:183} INFO - Processing /home/victor/Área de Trabalho/airflow/venv/lib/python3.10/site-packages/airflow/example_dags/example_short_circuit_operator.py took 0.104 seconds
[2024-03-02T09:55:00.195-0300] {processor.py:161} INFO - Started process (PID=24659) to work on /home/victor/Área de Trabalho/airflow/venv/lib/python3.10/site-packages/airflow/example_dags/example_short_circuit_operator.py
[2024-03-02T09:55:00.196-0300] {processor.py:830} INFO - Processing file /home/victor/Área de Trabalho/airflow/venv/lib/python3.10/site-packages/airflow/example_dags/example_short_circuit_operator.py for tasks to queue
[2024-03-02T09:55:00.196-0300] {logging_mixin.py:188} INFO - [2024-03-02T09:55:00.196-0300] {dagbag.py:540} INFO - Filling up the DagBag from /home/victor/Área de Trabalho/airflow/venv/lib/python3.10/site-packages/airflow/example_dags/example_short_circuit_operator.py
[2024-03-02T09:55:00.203-0300] {processor.py:840} INFO - DAG(s) 'example_short_circuit_operator' retrieved from /home/victor/Área de Trabalho/airflow/venv/lib/python3.10/site-packages/airflow/example_dags/example_short_circuit_operator.py
[2024-03-02T09:55:00.229-0300] {logging_mixin.py:188} INFO - [2024-03-02T09:55:00.229-0300] {dag.py:3047} INFO - Sync 1 DAGs
[2024-03-02T09:55:00.250-0300] {logging_mixin.py:188} INFO - [2024-03-02T09:55:00.250-0300] {dag.py:3834} INFO - Setting next_dagrun for example_short_circuit_operator to 2024-03-01 00:00:00+00:00, run_after=2024-03-02 00:00:00+00:00
[2024-03-02T09:55:00.268-0300] {processor.py:183} INFO - Processing /home/victor/Área de Trabalho/airflow/venv/lib/python3.10/site-packages/airflow/example_dags/example_short_circuit_operator.py took 0.076 seconds
[2024-03-02T09:55:30.859-0300] {processor.py:161} INFO - Started process (PID=25128) to work on /home/victor/Área de Trabalho/airflow/venv/lib/python3.10/site-packages/airflow/example_dags/example_short_circuit_operator.py
[2024-03-02T09:55:30.860-0300] {processor.py:830} INFO - Processing file /home/victor/Área de Trabalho/airflow/venv/lib/python3.10/site-packages/airflow/example_dags/example_short_circuit_operator.py for tasks to queue
[2024-03-02T09:55:30.861-0300] {logging_mixin.py:188} INFO - [2024-03-02T09:55:30.860-0300] {dagbag.py:540} INFO - Filling up the DagBag from /home/victor/Área de Trabalho/airflow/venv/lib/python3.10/site-packages/airflow/example_dags/example_short_circuit_operator.py
[2024-03-02T09:55:30.867-0300] {processor.py:840} INFO - DAG(s) 'example_short_circuit_operator' retrieved from /home/victor/Área de Trabalho/airflow/venv/lib/python3.10/site-packages/airflow/example_dags/example_short_circuit_operator.py
[2024-03-02T09:55:30.896-0300] {logging_mixin.py:188} INFO - [2024-03-02T09:55:30.896-0300] {dag.py:3047} INFO - Sync 1 DAGs
[2024-03-02T09:55:30.923-0300] {logging_mixin.py:188} INFO - [2024-03-02T09:55:30.923-0300] {dag.py:3834} INFO - Setting next_dagrun for example_short_circuit_operator to 2024-03-01 00:00:00+00:00, run_after=2024-03-02 00:00:00+00:00
[2024-03-02T09:55:30.944-0300] {processor.py:183} INFO - Processing /home/victor/Área de Trabalho/airflow/venv/lib/python3.10/site-packages/airflow/example_dags/example_short_circuit_operator.py took 0.087 seconds
[2024-03-02T09:56:01.351-0300] {processor.py:161} INFO - Started process (PID=25634) to work on /home/victor/Área de Trabalho/airflow/venv/lib/python3.10/site-packages/airflow/example_dags/example_short_circuit_operator.py
[2024-03-02T09:56:01.352-0300] {processor.py:830} INFO - Processing file /home/victor/Área de Trabalho/airflow/venv/lib/python3.10/site-packages/airflow/example_dags/example_short_circuit_operator.py for tasks to queue
[2024-03-02T09:56:01.353-0300] {logging_mixin.py:188} INFO - [2024-03-02T09:56:01.353-0300] {dagbag.py:540} INFO - Filling up the DagBag from /home/victor/Área de Trabalho/airflow/venv/lib/python3.10/site-packages/airflow/example_dags/example_short_circuit_operator.py
[2024-03-02T09:56:01.360-0300] {processor.py:840} INFO - DAG(s) 'example_short_circuit_operator' retrieved from /home/victor/Área de Trabalho/airflow/venv/lib/python3.10/site-packages/airflow/example_dags/example_short_circuit_operator.py
[2024-03-02T09:56:01.390-0300] {logging_mixin.py:188} INFO - [2024-03-02T09:56:01.389-0300] {dag.py:3047} INFO - Sync 1 DAGs
[2024-03-02T09:56:01.412-0300] {logging_mixin.py:188} INFO - [2024-03-02T09:56:01.412-0300] {dag.py:3834} INFO - Setting next_dagrun for example_short_circuit_operator to 2024-03-01 00:00:00+00:00, run_after=2024-03-02 00:00:00+00:00
[2024-03-02T09:56:01.432-0300] {processor.py:183} INFO - Processing /home/victor/Área de Trabalho/airflow/venv/lib/python3.10/site-packages/airflow/example_dags/example_short_circuit_operator.py took 0.083 seconds
[2024-03-02T09:56:31.508-0300] {processor.py:161} INFO - Started process (PID=25955) to work on /home/victor/Área de Trabalho/airflow/venv/lib/python3.10/site-packages/airflow/example_dags/example_short_circuit_operator.py
[2024-03-02T09:56:31.509-0300] {processor.py:830} INFO - Processing file /home/victor/Área de Trabalho/airflow/venv/lib/python3.10/site-packages/airflow/example_dags/example_short_circuit_operator.py for tasks to queue
[2024-03-02T09:56:31.510-0300] {logging_mixin.py:188} INFO - [2024-03-02T09:56:31.509-0300] {dagbag.py:540} INFO - Filling up the DagBag from /home/victor/Área de Trabalho/airflow/venv/lib/python3.10/site-packages/airflow/example_dags/example_short_circuit_operator.py
[2024-03-02T09:56:31.517-0300] {processor.py:840} INFO - DAG(s) 'example_short_circuit_operator' retrieved from /home/victor/Área de Trabalho/airflow/venv/lib/python3.10/site-packages/airflow/example_dags/example_short_circuit_operator.py
[2024-03-02T09:56:31.546-0300] {logging_mixin.py:188} INFO - [2024-03-02T09:56:31.545-0300] {dag.py:3047} INFO - Sync 1 DAGs
[2024-03-02T09:56:31.568-0300] {logging_mixin.py:188} INFO - [2024-03-02T09:56:31.568-0300] {dag.py:3834} INFO - Setting next_dagrun for example_short_circuit_operator to 2024-03-01 00:00:00+00:00, run_after=2024-03-02 00:00:00+00:00
[2024-03-02T09:56:31.588-0300] {processor.py:183} INFO - Processing /home/victor/Área de Trabalho/airflow/venv/lib/python3.10/site-packages/airflow/example_dags/example_short_circuit_operator.py took 0.082 seconds
[2024-03-02T09:57:01.737-0300] {processor.py:161} INFO - Started process (PID=26430) to work on /home/victor/Área de Trabalho/airflow/venv/lib/python3.10/site-packages/airflow/example_dags/example_short_circuit_operator.py
[2024-03-02T09:57:01.738-0300] {processor.py:830} INFO - Processing file /home/victor/Área de Trabalho/airflow/venv/lib/python3.10/site-packages/airflow/example_dags/example_short_circuit_operator.py for tasks to queue
[2024-03-02T09:57:01.739-0300] {logging_mixin.py:188} INFO - [2024-03-02T09:57:01.739-0300] {dagbag.py:540} INFO - Filling up the DagBag from /home/victor/Área de Trabalho/airflow/venv/lib/python3.10/site-packages/airflow/example_dags/example_short_circuit_operator.py
[2024-03-02T09:57:01.745-0300] {processor.py:840} INFO - DAG(s) 'example_short_circuit_operator' retrieved from /home/victor/Área de Trabalho/airflow/venv/lib/python3.10/site-packages/airflow/example_dags/example_short_circuit_operator.py
[2024-03-02T09:57:01.773-0300] {logging_mixin.py:188} INFO - [2024-03-02T09:57:01.772-0300] {dag.py:3047} INFO - Sync 1 DAGs
[2024-03-02T09:57:01.794-0300] {logging_mixin.py:188} INFO - [2024-03-02T09:57:01.794-0300] {dag.py:3834} INFO - Setting next_dagrun for example_short_circuit_operator to 2024-03-01 00:00:00+00:00, run_after=2024-03-02 00:00:00+00:00
[2024-03-02T09:57:01.814-0300] {processor.py:183} INFO - Processing /home/victor/Área de Trabalho/airflow/venv/lib/python3.10/site-packages/airflow/example_dags/example_short_circuit_operator.py took 0.079 seconds
[2024-03-02T09:57:32.329-0300] {processor.py:161} INFO - Started process (PID=26912) to work on /home/victor/Área de Trabalho/airflow/venv/lib/python3.10/site-packages/airflow/example_dags/example_short_circuit_operator.py
[2024-03-02T09:57:32.330-0300] {processor.py:830} INFO - Processing file /home/victor/Área de Trabalho/airflow/venv/lib/python3.10/site-packages/airflow/example_dags/example_short_circuit_operator.py for tasks to queue
[2024-03-02T09:57:32.331-0300] {logging_mixin.py:188} INFO - [2024-03-02T09:57:32.330-0300] {dagbag.py:540} INFO - Filling up the DagBag from /home/victor/Área de Trabalho/airflow/venv/lib/python3.10/site-packages/airflow/example_dags/example_short_circuit_operator.py
[2024-03-02T09:57:32.336-0300] {processor.py:840} INFO - DAG(s) 'example_short_circuit_operator' retrieved from /home/victor/Área de Trabalho/airflow/venv/lib/python3.10/site-packages/airflow/example_dags/example_short_circuit_operator.py
[2024-03-02T09:57:32.363-0300] {logging_mixin.py:188} INFO - [2024-03-02T09:57:32.362-0300] {dag.py:3047} INFO - Sync 1 DAGs
[2024-03-02T09:57:32.381-0300] {logging_mixin.py:188} INFO - [2024-03-02T09:57:32.381-0300] {dag.py:3834} INFO - Setting next_dagrun for example_short_circuit_operator to 2024-03-01 00:00:00+00:00, run_after=2024-03-02 00:00:00+00:00
[2024-03-02T09:57:32.398-0300] {processor.py:183} INFO - Processing /home/victor/Área de Trabalho/airflow/venv/lib/python3.10/site-packages/airflow/example_dags/example_short_circuit_operator.py took 0.072 seconds
[2024-03-02T09:58:02.825-0300] {processor.py:161} INFO - Started process (PID=27439) to work on /home/victor/Área de Trabalho/airflow/venv/lib/python3.10/site-packages/airflow/example_dags/example_short_circuit_operator.py
[2024-03-02T09:58:02.826-0300] {processor.py:830} INFO - Processing file /home/victor/Área de Trabalho/airflow/venv/lib/python3.10/site-packages/airflow/example_dags/example_short_circuit_operator.py for tasks to queue
[2024-03-02T09:58:02.827-0300] {logging_mixin.py:188} INFO - [2024-03-02T09:58:02.827-0300] {dagbag.py:540} INFO - Filling up the DagBag from /home/victor/Área de Trabalho/airflow/venv/lib/python3.10/site-packages/airflow/example_dags/example_short_circuit_operator.py
[2024-03-02T09:58:02.833-0300] {processor.py:840} INFO - DAG(s) 'example_short_circuit_operator' retrieved from /home/victor/Área de Trabalho/airflow/venv/lib/python3.10/site-packages/airflow/example_dags/example_short_circuit_operator.py
[2024-03-02T09:58:02.869-0300] {logging_mixin.py:188} INFO - [2024-03-02T09:58:02.869-0300] {dag.py:3047} INFO - Sync 1 DAGs
[2024-03-02T09:58:02.893-0300] {logging_mixin.py:188} INFO - [2024-03-02T09:58:02.893-0300] {dag.py:3834} INFO - Setting next_dagrun for example_short_circuit_operator to 2024-03-01 00:00:00+00:00, run_after=2024-03-02 00:00:00+00:00
[2024-03-02T09:58:02.932-0300] {processor.py:183} INFO - Processing /home/victor/Área de Trabalho/airflow/venv/lib/python3.10/site-packages/airflow/example_dags/example_short_circuit_operator.py took 0.109 seconds
[2024-03-02T09:58:33.478-0300] {processor.py:161} INFO - Started process (PID=28410) to work on /home/victor/Área de Trabalho/airflow/venv/lib/python3.10/site-packages/airflow/example_dags/example_short_circuit_operator.py
[2024-03-02T09:58:33.480-0300] {processor.py:830} INFO - Processing file /home/victor/Área de Trabalho/airflow/venv/lib/python3.10/site-packages/airflow/example_dags/example_short_circuit_operator.py for tasks to queue
[2024-03-02T09:58:33.481-0300] {logging_mixin.py:188} INFO - [2024-03-02T09:58:33.480-0300] {dagbag.py:540} INFO - Filling up the DagBag from /home/victor/Área de Trabalho/airflow/venv/lib/python3.10/site-packages/airflow/example_dags/example_short_circuit_operator.py
[2024-03-02T09:58:33.487-0300] {processor.py:840} INFO - DAG(s) 'example_short_circuit_operator' retrieved from /home/victor/Área de Trabalho/airflow/venv/lib/python3.10/site-packages/airflow/example_dags/example_short_circuit_operator.py
[2024-03-02T09:58:33.517-0300] {logging_mixin.py:188} INFO - [2024-03-02T09:58:33.516-0300] {dag.py:3047} INFO - Sync 1 DAGs
[2024-03-02T09:58:33.538-0300] {logging_mixin.py:188} INFO - [2024-03-02T09:58:33.538-0300] {dag.py:3834} INFO - Setting next_dagrun for example_short_circuit_operator to 2024-03-01 00:00:00+00:00, run_after=2024-03-02 00:00:00+00:00
[2024-03-02T09:58:33.558-0300] {processor.py:183} INFO - Processing /home/victor/Área de Trabalho/airflow/venv/lib/python3.10/site-packages/airflow/example_dags/example_short_circuit_operator.py took 0.082 seconds
[2024-03-02T09:59:04.091-0300] {processor.py:161} INFO - Started process (PID=29344) to work on /home/victor/Área de Trabalho/airflow/venv/lib/python3.10/site-packages/airflow/example_dags/example_short_circuit_operator.py
[2024-03-02T09:59:04.092-0300] {processor.py:830} INFO - Processing file /home/victor/Área de Trabalho/airflow/venv/lib/python3.10/site-packages/airflow/example_dags/example_short_circuit_operator.py for tasks to queue
[2024-03-02T09:59:04.093-0300] {logging_mixin.py:188} INFO - [2024-03-02T09:59:04.093-0300] {dagbag.py:540} INFO - Filling up the DagBag from /home/victor/Área de Trabalho/airflow/venv/lib/python3.10/site-packages/airflow/example_dags/example_short_circuit_operator.py
[2024-03-02T09:59:04.100-0300] {processor.py:840} INFO - DAG(s) 'example_short_circuit_operator' retrieved from /home/victor/Área de Trabalho/airflow/venv/lib/python3.10/site-packages/airflow/example_dags/example_short_circuit_operator.py
[2024-03-02T09:59:04.131-0300] {logging_mixin.py:188} INFO - [2024-03-02T09:59:04.131-0300] {dag.py:3047} INFO - Sync 1 DAGs
[2024-03-02T09:59:04.151-0300] {logging_mixin.py:188} INFO - [2024-03-02T09:59:04.151-0300] {dag.py:3834} INFO - Setting next_dagrun for example_short_circuit_operator to 2024-03-01 00:00:00+00:00, run_after=2024-03-02 00:00:00+00:00
[2024-03-02T09:59:04.171-0300] {processor.py:183} INFO - Processing /home/victor/Área de Trabalho/airflow/venv/lib/python3.10/site-packages/airflow/example_dags/example_short_circuit_operator.py took 0.083 seconds
