[2024-03-02T09:37:00.475-0300] {processor.py:161} INFO - Started process (PID=8082) to work on /home/victor/Área de Trabalho/airflow/venv/lib/python3.10/site-packages/airflow/example_dags/example_branch_datetime_operator.py
[2024-03-02T09:37:00.476-0300] {processor.py:830} INFO - Processing file /home/victor/Área de Trabalho/airflow/venv/lib/python3.10/site-packages/airflow/example_dags/example_branch_datetime_operator.py for tasks to queue
[2024-03-02T09:37:00.477-0300] {logging_mixin.py:188} INFO - [2024-03-02T09:37:00.476-0300] {dagbag.py:540} INFO - Filling up the DagBag from /home/victor/Área de Trabalho/airflow/venv/lib/python3.10/site-packages/airflow/example_dags/example_branch_datetime_operator.py
[2024-03-02T09:37:00.486-0300] {processor.py:840} INFO - DAG(s) 'example_branch_datetime_operator_3', 'example_branch_datetime_operator_2', 'example_branch_datetime_operator' retrieved from /home/victor/Área de Trabalho/airflow/venv/lib/python3.10/site-packages/airflow/example_dags/example_branch_datetime_operator.py
[2024-03-02T09:37:00.505-0300] {logging_mixin.py:188} INFO - [2024-03-02T09:37:00.505-0300] {dag.py:3047} INFO - Sync 3 DAGs
[2024-03-02T09:37:00.540-0300] {logging_mixin.py:188} INFO - [2024-03-02T09:37:00.539-0300] {dag.py:3834} INFO - Setting next_dagrun for example_branch_datetime_operator to 2024-03-01 00:00:00+00:00, run_after=2024-03-02 00:00:00+00:00
[2024-03-02T09:37:00.547-0300] {logging_mixin.py:188} INFO - [2024-03-02T09:37:00.547-0300] {dag.py:3834} INFO - Setting next_dagrun for example_branch_datetime_operator_2 to 2024-03-01 00:00:00+00:00, run_after=2024-03-02 00:00:00+00:00
[2024-03-02T09:37:00.550-0300] {logging_mixin.py:188} INFO - [2024-03-02T09:37:00.550-0300] {dag.py:3834} INFO - Setting next_dagrun for example_branch_datetime_operator_3 to 2024-03-01 00:00:00+00:00, run_after=2024-03-02 00:00:00+00:00
[2024-03-02T09:37:00.571-0300] {processor.py:183} INFO - Processing /home/victor/Área de Trabalho/airflow/venv/lib/python3.10/site-packages/airflow/example_dags/example_branch_datetime_operator.py took 0.099 seconds
[2024-03-02T09:37:32.313-0300] {processor.py:161} INFO - Started process (PID=9555) to work on /home/victor/Área de Trabalho/airflow/venv/lib/python3.10/site-packages/airflow/example_dags/example_branch_datetime_operator.py
[2024-03-02T09:37:32.314-0300] {processor.py:830} INFO - Processing file /home/victor/Área de Trabalho/airflow/venv/lib/python3.10/site-packages/airflow/example_dags/example_branch_datetime_operator.py for tasks to queue
[2024-03-02T09:37:32.315-0300] {logging_mixin.py:188} INFO - [2024-03-02T09:37:32.315-0300] {dagbag.py:540} INFO - Filling up the DagBag from /home/victor/Área de Trabalho/airflow/venv/lib/python3.10/site-packages/airflow/example_dags/example_branch_datetime_operator.py
[2024-03-02T09:37:32.324-0300] {processor.py:840} INFO - DAG(s) 'example_branch_datetime_operator', 'example_branch_datetime_operator_2', 'example_branch_datetime_operator_3' retrieved from /home/victor/Área de Trabalho/airflow/venv/lib/python3.10/site-packages/airflow/example_dags/example_branch_datetime_operator.py
[2024-03-02T09:37:32.459-0300] {logging_mixin.py:188} INFO - [2024-03-02T09:37:32.458-0300] {dag.py:3047} INFO - Sync 3 DAGs
[2024-03-02T09:37:32.478-0300] {logging_mixin.py:188} INFO - [2024-03-02T09:37:32.477-0300] {dag.py:3834} INFO - Setting next_dagrun for example_branch_datetime_operator to 2024-03-01 00:00:00+00:00, run_after=2024-03-02 00:00:00+00:00
[2024-03-02T09:37:32.482-0300] {logging_mixin.py:188} INFO - [2024-03-02T09:37:32.482-0300] {dag.py:3834} INFO - Setting next_dagrun for example_branch_datetime_operator_2 to 2024-03-01 00:00:00+00:00, run_after=2024-03-02 00:00:00+00:00
[2024-03-02T09:37:32.484-0300] {logging_mixin.py:188} INFO - [2024-03-02T09:37:32.484-0300] {dag.py:3834} INFO - Setting next_dagrun for example_branch_datetime_operator_3 to 2024-03-01 00:00:00+00:00, run_after=2024-03-02 00:00:00+00:00
[2024-03-02T09:37:32.503-0300] {processor.py:183} INFO - Processing /home/victor/Área de Trabalho/airflow/venv/lib/python3.10/site-packages/airflow/example_dags/example_branch_datetime_operator.py took 0.192 seconds
[2024-03-02T09:38:02.798-0300] {processor.py:161} INFO - Started process (PID=10143) to work on /home/victor/Área de Trabalho/airflow/venv/lib/python3.10/site-packages/airflow/example_dags/example_branch_datetime_operator.py
[2024-03-02T09:38:02.799-0300] {processor.py:830} INFO - Processing file /home/victor/Área de Trabalho/airflow/venv/lib/python3.10/site-packages/airflow/example_dags/example_branch_datetime_operator.py for tasks to queue
[2024-03-02T09:38:02.800-0300] {logging_mixin.py:188} INFO - [2024-03-02T09:38:02.800-0300] {dagbag.py:540} INFO - Filling up the DagBag from /home/victor/Área de Trabalho/airflow/venv/lib/python3.10/site-packages/airflow/example_dags/example_branch_datetime_operator.py
[2024-03-02T09:38:02.808-0300] {processor.py:840} INFO - DAG(s) 'example_branch_datetime_operator', 'example_branch_datetime_operator_2', 'example_branch_datetime_operator_3' retrieved from /home/victor/Área de Trabalho/airflow/venv/lib/python3.10/site-packages/airflow/example_dags/example_branch_datetime_operator.py
[2024-03-02T09:38:02.841-0300] {logging_mixin.py:188} INFO - [2024-03-02T09:38:02.841-0300] {dag.py:3047} INFO - Sync 3 DAGs
[2024-03-02T09:38:02.864-0300] {logging_mixin.py:188} INFO - [2024-03-02T09:38:02.864-0300] {dag.py:3834} INFO - Setting next_dagrun for example_branch_datetime_operator to 2024-03-01 00:00:00+00:00, run_after=2024-03-02 00:00:00+00:00
[2024-03-02T09:38:02.870-0300] {logging_mixin.py:188} INFO - [2024-03-02T09:38:02.869-0300] {dag.py:3834} INFO - Setting next_dagrun for example_branch_datetime_operator_2 to 2024-03-01 00:00:00+00:00, run_after=2024-03-02 00:00:00+00:00
[2024-03-02T09:38:02.872-0300] {logging_mixin.py:188} INFO - [2024-03-02T09:38:02.872-0300] {dag.py:3834} INFO - Setting next_dagrun for example_branch_datetime_operator_3 to 2024-03-01 00:00:00+00:00, run_after=2024-03-02 00:00:00+00:00
[2024-03-02T09:38:02.889-0300] {processor.py:183} INFO - Processing /home/victor/Área de Trabalho/airflow/venv/lib/python3.10/site-packages/airflow/example_dags/example_branch_datetime_operator.py took 0.094 seconds
[2024-03-02T09:38:33.207-0300] {processor.py:161} INFO - Started process (PID=10456) to work on /home/victor/Área de Trabalho/airflow/venv/lib/python3.10/site-packages/airflow/example_dags/example_branch_datetime_operator.py
[2024-03-02T09:38:33.207-0300] {processor.py:830} INFO - Processing file /home/victor/Área de Trabalho/airflow/venv/lib/python3.10/site-packages/airflow/example_dags/example_branch_datetime_operator.py for tasks to queue
[2024-03-02T09:38:33.208-0300] {logging_mixin.py:188} INFO - [2024-03-02T09:38:33.208-0300] {dagbag.py:540} INFO - Filling up the DagBag from /home/victor/Área de Trabalho/airflow/venv/lib/python3.10/site-packages/airflow/example_dags/example_branch_datetime_operator.py
[2024-03-02T09:38:33.217-0300] {processor.py:840} INFO - DAG(s) 'example_branch_datetime_operator_2', 'example_branch_datetime_operator_3', 'example_branch_datetime_operator' retrieved from /home/victor/Área de Trabalho/airflow/venv/lib/python3.10/site-packages/airflow/example_dags/example_branch_datetime_operator.py
[2024-03-02T09:38:33.246-0300] {logging_mixin.py:188} INFO - [2024-03-02T09:38:33.246-0300] {dag.py:3047} INFO - Sync 3 DAGs
[2024-03-02T09:38:33.266-0300] {logging_mixin.py:188} INFO - [2024-03-02T09:38:33.266-0300] {dag.py:3834} INFO - Setting next_dagrun for example_branch_datetime_operator to 2024-03-01 00:00:00+00:00, run_after=2024-03-02 00:00:00+00:00
[2024-03-02T09:38:33.272-0300] {logging_mixin.py:188} INFO - [2024-03-02T09:38:33.272-0300] {dag.py:3834} INFO - Setting next_dagrun for example_branch_datetime_operator_2 to 2024-03-01 00:00:00+00:00, run_after=2024-03-02 00:00:00+00:00
[2024-03-02T09:38:33.274-0300] {logging_mixin.py:188} INFO - [2024-03-02T09:38:33.274-0300] {dag.py:3834} INFO - Setting next_dagrun for example_branch_datetime_operator_3 to 2024-03-01 00:00:00+00:00, run_after=2024-03-02 00:00:00+00:00
[2024-03-02T09:38:33.292-0300] {processor.py:183} INFO - Processing /home/victor/Área de Trabalho/airflow/venv/lib/python3.10/site-packages/airflow/example_dags/example_branch_datetime_operator.py took 0.088 seconds
[2024-03-02T09:39:04.580-0300] {processor.py:161} INFO - Started process (PID=11047) to work on /home/victor/Área de Trabalho/airflow/venv/lib/python3.10/site-packages/airflow/example_dags/example_branch_datetime_operator.py
[2024-03-02T09:39:04.582-0300] {processor.py:830} INFO - Processing file /home/victor/Área de Trabalho/airflow/venv/lib/python3.10/site-packages/airflow/example_dags/example_branch_datetime_operator.py for tasks to queue
[2024-03-02T09:39:04.583-0300] {logging_mixin.py:188} INFO - [2024-03-02T09:39:04.582-0300] {dagbag.py:540} INFO - Filling up the DagBag from /home/victor/Área de Trabalho/airflow/venv/lib/python3.10/site-packages/airflow/example_dags/example_branch_datetime_operator.py
[2024-03-02T09:39:04.591-0300] {processor.py:840} INFO - DAG(s) 'example_branch_datetime_operator', 'example_branch_datetime_operator_2', 'example_branch_datetime_operator_3' retrieved from /home/victor/Área de Trabalho/airflow/venv/lib/python3.10/site-packages/airflow/example_dags/example_branch_datetime_operator.py
[2024-03-02T09:39:04.626-0300] {logging_mixin.py:188} INFO - [2024-03-02T09:39:04.625-0300] {dag.py:3047} INFO - Sync 3 DAGs
[2024-03-02T09:39:04.647-0300] {logging_mixin.py:188} INFO - [2024-03-02T09:39:04.647-0300] {dag.py:3834} INFO - Setting next_dagrun for example_branch_datetime_operator to 2024-03-01 00:00:00+00:00, run_after=2024-03-02 00:00:00+00:00
[2024-03-02T09:39:04.652-0300] {logging_mixin.py:188} INFO - [2024-03-02T09:39:04.651-0300] {dag.py:3834} INFO - Setting next_dagrun for example_branch_datetime_operator_2 to 2024-03-01 00:00:00+00:00, run_after=2024-03-02 00:00:00+00:00
[2024-03-02T09:39:04.654-0300] {logging_mixin.py:188} INFO - [2024-03-02T09:39:04.654-0300] {dag.py:3834} INFO - Setting next_dagrun for example_branch_datetime_operator_3 to 2024-03-01 00:00:00+00:00, run_after=2024-03-02 00:00:00+00:00
[2024-03-02T09:39:04.673-0300] {processor.py:183} INFO - Processing /home/victor/Área de Trabalho/airflow/venv/lib/python3.10/site-packages/airflow/example_dags/example_branch_datetime_operator.py took 0.096 seconds
[2024-03-02T09:39:35.840-0300] {processor.py:161} INFO - Started process (PID=11613) to work on /home/victor/Área de Trabalho/airflow/venv/lib/python3.10/site-packages/airflow/example_dags/example_branch_datetime_operator.py
[2024-03-02T09:39:35.841-0300] {processor.py:830} INFO - Processing file /home/victor/Área de Trabalho/airflow/venv/lib/python3.10/site-packages/airflow/example_dags/example_branch_datetime_operator.py for tasks to queue
[2024-03-02T09:39:35.842-0300] {logging_mixin.py:188} INFO - [2024-03-02T09:39:35.841-0300] {dagbag.py:540} INFO - Filling up the DagBag from /home/victor/Área de Trabalho/airflow/venv/lib/python3.10/site-packages/airflow/example_dags/example_branch_datetime_operator.py
[2024-03-02T09:39:35.851-0300] {processor.py:840} INFO - DAG(s) 'example_branch_datetime_operator_2', 'example_branch_datetime_operator', 'example_branch_datetime_operator_3' retrieved from /home/victor/Área de Trabalho/airflow/venv/lib/python3.10/site-packages/airflow/example_dags/example_branch_datetime_operator.py
[2024-03-02T09:39:35.884-0300] {logging_mixin.py:188} INFO - [2024-03-02T09:39:35.884-0300] {dag.py:3047} INFO - Sync 3 DAGs
[2024-03-02T09:39:35.906-0300] {logging_mixin.py:188} INFO - [2024-03-02T09:39:35.906-0300] {dag.py:3834} INFO - Setting next_dagrun for example_branch_datetime_operator to 2024-03-01 00:00:00+00:00, run_after=2024-03-02 00:00:00+00:00
[2024-03-02T09:39:35.911-0300] {logging_mixin.py:188} INFO - [2024-03-02T09:39:35.911-0300] {dag.py:3834} INFO - Setting next_dagrun for example_branch_datetime_operator_2 to 2024-03-01 00:00:00+00:00, run_after=2024-03-02 00:00:00+00:00
[2024-03-02T09:39:35.913-0300] {logging_mixin.py:188} INFO - [2024-03-02T09:39:35.913-0300] {dag.py:3834} INFO - Setting next_dagrun for example_branch_datetime_operator_3 to 2024-03-01 00:00:00+00:00, run_after=2024-03-02 00:00:00+00:00
[2024-03-02T09:39:35.930-0300] {processor.py:183} INFO - Processing /home/victor/Área de Trabalho/airflow/venv/lib/python3.10/site-packages/airflow/example_dags/example_branch_datetime_operator.py took 0.093 seconds
[2024-03-02T09:40:07.086-0300] {processor.py:161} INFO - Started process (PID=12091) to work on /home/victor/Área de Trabalho/airflow/venv/lib/python3.10/site-packages/airflow/example_dags/example_branch_datetime_operator.py
[2024-03-02T09:40:07.087-0300] {processor.py:830} INFO - Processing file /home/victor/Área de Trabalho/airflow/venv/lib/python3.10/site-packages/airflow/example_dags/example_branch_datetime_operator.py for tasks to queue
[2024-03-02T09:40:07.088-0300] {logging_mixin.py:188} INFO - [2024-03-02T09:40:07.088-0300] {dagbag.py:540} INFO - Filling up the DagBag from /home/victor/Área de Trabalho/airflow/venv/lib/python3.10/site-packages/airflow/example_dags/example_branch_datetime_operator.py
[2024-03-02T09:40:07.097-0300] {processor.py:840} INFO - DAG(s) 'example_branch_datetime_operator', 'example_branch_datetime_operator_3', 'example_branch_datetime_operator_2' retrieved from /home/victor/Área de Trabalho/airflow/venv/lib/python3.10/site-packages/airflow/example_dags/example_branch_datetime_operator.py
[2024-03-02T09:40:07.133-0300] {logging_mixin.py:188} INFO - [2024-03-02T09:40:07.132-0300] {dag.py:3047} INFO - Sync 3 DAGs
[2024-03-02T09:40:07.157-0300] {logging_mixin.py:188} INFO - [2024-03-02T09:40:07.157-0300] {dag.py:3834} INFO - Setting next_dagrun for example_branch_datetime_operator to 2024-03-01 00:00:00+00:00, run_after=2024-03-02 00:00:00+00:00
[2024-03-02T09:40:07.162-0300] {logging_mixin.py:188} INFO - [2024-03-02T09:40:07.162-0300] {dag.py:3834} INFO - Setting next_dagrun for example_branch_datetime_operator_2 to 2024-03-01 00:00:00+00:00, run_after=2024-03-02 00:00:00+00:00
[2024-03-02T09:40:07.164-0300] {logging_mixin.py:188} INFO - [2024-03-02T09:40:07.164-0300] {dag.py:3834} INFO - Setting next_dagrun for example_branch_datetime_operator_3 to 2024-03-01 00:00:00+00:00, run_after=2024-03-02 00:00:00+00:00
[2024-03-02T09:40:07.182-0300] {processor.py:183} INFO - Processing /home/victor/Área de Trabalho/airflow/venv/lib/python3.10/site-packages/airflow/example_dags/example_branch_datetime_operator.py took 0.098 seconds
[2024-03-02T09:40:38.673-0300] {processor.py:161} INFO - Started process (PID=12466) to work on /home/victor/Área de Trabalho/airflow/venv/lib/python3.10/site-packages/airflow/example_dags/example_branch_datetime_operator.py
[2024-03-02T09:40:38.674-0300] {processor.py:830} INFO - Processing file /home/victor/Área de Trabalho/airflow/venv/lib/python3.10/site-packages/airflow/example_dags/example_branch_datetime_operator.py for tasks to queue
[2024-03-02T09:40:38.675-0300] {logging_mixin.py:188} INFO - [2024-03-02T09:40:38.674-0300] {dagbag.py:540} INFO - Filling up the DagBag from /home/victor/Área de Trabalho/airflow/venv/lib/python3.10/site-packages/airflow/example_dags/example_branch_datetime_operator.py
[2024-03-02T09:40:38.691-0300] {processor.py:840} INFO - DAG(s) 'example_branch_datetime_operator', 'example_branch_datetime_operator_3', 'example_branch_datetime_operator_2' retrieved from /home/victor/Área de Trabalho/airflow/venv/lib/python3.10/site-packages/airflow/example_dags/example_branch_datetime_operator.py
[2024-03-02T09:40:38.728-0300] {logging_mixin.py:188} INFO - [2024-03-02T09:40:38.727-0300] {dag.py:3047} INFO - Sync 3 DAGs
[2024-03-02T09:40:38.753-0300] {logging_mixin.py:188} INFO - [2024-03-02T09:40:38.752-0300] {dag.py:3834} INFO - Setting next_dagrun for example_branch_datetime_operator to 2024-03-01 00:00:00+00:00, run_after=2024-03-02 00:00:00+00:00
[2024-03-02T09:40:38.762-0300] {logging_mixin.py:188} INFO - [2024-03-02T09:40:38.761-0300] {dag.py:3834} INFO - Setting next_dagrun for example_branch_datetime_operator_2 to 2024-03-01 00:00:00+00:00, run_after=2024-03-02 00:00:00+00:00
[2024-03-02T09:40:38.764-0300] {logging_mixin.py:188} INFO - [2024-03-02T09:40:38.764-0300] {dag.py:3834} INFO - Setting next_dagrun for example_branch_datetime_operator_3 to 2024-03-01 00:00:00+00:00, run_after=2024-03-02 00:00:00+00:00
[2024-03-02T09:40:38.783-0300] {processor.py:183} INFO - Processing /home/victor/Área de Trabalho/airflow/venv/lib/python3.10/site-packages/airflow/example_dags/example_branch_datetime_operator.py took 0.113 seconds
[2024-03-02T09:41:09.726-0300] {processor.py:161} INFO - Started process (PID=12943) to work on /home/victor/Área de Trabalho/airflow/venv/lib/python3.10/site-packages/airflow/example_dags/example_branch_datetime_operator.py
[2024-03-02T09:41:09.727-0300] {processor.py:830} INFO - Processing file /home/victor/Área de Trabalho/airflow/venv/lib/python3.10/site-packages/airflow/example_dags/example_branch_datetime_operator.py for tasks to queue
[2024-03-02T09:41:09.728-0300] {logging_mixin.py:188} INFO - [2024-03-02T09:41:09.727-0300] {dagbag.py:540} INFO - Filling up the DagBag from /home/victor/Área de Trabalho/airflow/venv/lib/python3.10/site-packages/airflow/example_dags/example_branch_datetime_operator.py
[2024-03-02T09:41:09.737-0300] {processor.py:840} INFO - DAG(s) 'example_branch_datetime_operator', 'example_branch_datetime_operator_2', 'example_branch_datetime_operator_3' retrieved from /home/victor/Área de Trabalho/airflow/venv/lib/python3.10/site-packages/airflow/example_dags/example_branch_datetime_operator.py
[2024-03-02T09:41:09.779-0300] {logging_mixin.py:188} INFO - [2024-03-02T09:41:09.778-0300] {dag.py:3047} INFO - Sync 3 DAGs
[2024-03-02T09:41:09.805-0300] {logging_mixin.py:188} INFO - [2024-03-02T09:41:09.805-0300] {dag.py:3834} INFO - Setting next_dagrun for example_branch_datetime_operator to 2024-03-01 00:00:00+00:00, run_after=2024-03-02 00:00:00+00:00
[2024-03-02T09:41:09.813-0300] {logging_mixin.py:188} INFO - [2024-03-02T09:41:09.813-0300] {dag.py:3834} INFO - Setting next_dagrun for example_branch_datetime_operator_2 to 2024-03-01 00:00:00+00:00, run_after=2024-03-02 00:00:00+00:00
[2024-03-02T09:41:09.817-0300] {logging_mixin.py:188} INFO - [2024-03-02T09:41:09.817-0300] {dag.py:3834} INFO - Setting next_dagrun for example_branch_datetime_operator_3 to 2024-03-01 00:00:00+00:00, run_after=2024-03-02 00:00:00+00:00
[2024-03-02T09:41:09.837-0300] {processor.py:183} INFO - Processing /home/victor/Área de Trabalho/airflow/venv/lib/python3.10/site-packages/airflow/example_dags/example_branch_datetime_operator.py took 0.114 seconds
[2024-03-02T09:41:40.345-0300] {processor.py:161} INFO - Started process (PID=13257) to work on /home/victor/Área de Trabalho/airflow/venv/lib/python3.10/site-packages/airflow/example_dags/example_branch_datetime_operator.py
[2024-03-02T09:41:40.346-0300] {processor.py:830} INFO - Processing file /home/victor/Área de Trabalho/airflow/venv/lib/python3.10/site-packages/airflow/example_dags/example_branch_datetime_operator.py for tasks to queue
[2024-03-02T09:41:40.347-0300] {logging_mixin.py:188} INFO - [2024-03-02T09:41:40.347-0300] {dagbag.py:540} INFO - Filling up the DagBag from /home/victor/Área de Trabalho/airflow/venv/lib/python3.10/site-packages/airflow/example_dags/example_branch_datetime_operator.py
[2024-03-02T09:41:40.356-0300] {processor.py:840} INFO - DAG(s) 'example_branch_datetime_operator', 'example_branch_datetime_operator_3', 'example_branch_datetime_operator_2' retrieved from /home/victor/Área de Trabalho/airflow/venv/lib/python3.10/site-packages/airflow/example_dags/example_branch_datetime_operator.py
[2024-03-02T09:41:40.390-0300] {logging_mixin.py:188} INFO - [2024-03-02T09:41:40.390-0300] {dag.py:3047} INFO - Sync 3 DAGs
[2024-03-02T09:41:40.417-0300] {logging_mixin.py:188} INFO - [2024-03-02T09:41:40.417-0300] {dag.py:3834} INFO - Setting next_dagrun for example_branch_datetime_operator to 2024-03-01 00:00:00+00:00, run_after=2024-03-02 00:00:00+00:00
[2024-03-02T09:41:40.424-0300] {logging_mixin.py:188} INFO - [2024-03-02T09:41:40.424-0300] {dag.py:3834} INFO - Setting next_dagrun for example_branch_datetime_operator_2 to 2024-03-01 00:00:00+00:00, run_after=2024-03-02 00:00:00+00:00
[2024-03-02T09:41:40.429-0300] {logging_mixin.py:188} INFO - [2024-03-02T09:41:40.429-0300] {dag.py:3834} INFO - Setting next_dagrun for example_branch_datetime_operator_3 to 2024-03-01 00:00:00+00:00, run_after=2024-03-02 00:00:00+00:00
[2024-03-02T09:41:40.449-0300] {processor.py:183} INFO - Processing /home/victor/Área de Trabalho/airflow/venv/lib/python3.10/site-packages/airflow/example_dags/example_branch_datetime_operator.py took 0.107 seconds
[2024-03-02T09:42:11.310-0300] {processor.py:161} INFO - Started process (PID=13900) to work on /home/victor/Área de Trabalho/airflow/venv/lib/python3.10/site-packages/airflow/example_dags/example_branch_datetime_operator.py
[2024-03-02T09:42:11.311-0300] {processor.py:830} INFO - Processing file /home/victor/Área de Trabalho/airflow/venv/lib/python3.10/site-packages/airflow/example_dags/example_branch_datetime_operator.py for tasks to queue
[2024-03-02T09:42:11.312-0300] {logging_mixin.py:188} INFO - [2024-03-02T09:42:11.312-0300] {dagbag.py:540} INFO - Filling up the DagBag from /home/victor/Área de Trabalho/airflow/venv/lib/python3.10/site-packages/airflow/example_dags/example_branch_datetime_operator.py
[2024-03-02T09:42:11.326-0300] {processor.py:840} INFO - DAG(s) 'example_branch_datetime_operator_2', 'example_branch_datetime_operator_3', 'example_branch_datetime_operator' retrieved from /home/victor/Área de Trabalho/airflow/venv/lib/python3.10/site-packages/airflow/example_dags/example_branch_datetime_operator.py
[2024-03-02T09:42:11.365-0300] {logging_mixin.py:188} INFO - [2024-03-02T09:42:11.364-0300] {dag.py:3047} INFO - Sync 3 DAGs
[2024-03-02T09:42:11.388-0300] {logging_mixin.py:188} INFO - [2024-03-02T09:42:11.388-0300] {dag.py:3834} INFO - Setting next_dagrun for example_branch_datetime_operator to 2024-03-01 00:00:00+00:00, run_after=2024-03-02 00:00:00+00:00
[2024-03-02T09:42:11.396-0300] {logging_mixin.py:188} INFO - [2024-03-02T09:42:11.395-0300] {dag.py:3834} INFO - Setting next_dagrun for example_branch_datetime_operator_2 to 2024-03-01 00:00:00+00:00, run_after=2024-03-02 00:00:00+00:00
[2024-03-02T09:42:11.399-0300] {logging_mixin.py:188} INFO - [2024-03-02T09:42:11.399-0300] {dag.py:3834} INFO - Setting next_dagrun for example_branch_datetime_operator_3 to 2024-03-01 00:00:00+00:00, run_after=2024-03-02 00:00:00+00:00
[2024-03-02T09:42:11.418-0300] {processor.py:183} INFO - Processing /home/victor/Área de Trabalho/airflow/venv/lib/python3.10/site-packages/airflow/example_dags/example_branch_datetime_operator.py took 0.111 seconds
[2024-03-02T09:42:42.471-0300] {processor.py:161} INFO - Started process (PID=14212) to work on /home/victor/Área de Trabalho/airflow/venv/lib/python3.10/site-packages/airflow/example_dags/example_branch_datetime_operator.py
[2024-03-02T09:42:42.472-0300] {processor.py:830} INFO - Processing file /home/victor/Área de Trabalho/airflow/venv/lib/python3.10/site-packages/airflow/example_dags/example_branch_datetime_operator.py for tasks to queue
[2024-03-02T09:42:42.474-0300] {logging_mixin.py:188} INFO - [2024-03-02T09:42:42.473-0300] {dagbag.py:540} INFO - Filling up the DagBag from /home/victor/Área de Trabalho/airflow/venv/lib/python3.10/site-packages/airflow/example_dags/example_branch_datetime_operator.py
[2024-03-02T09:42:42.485-0300] {processor.py:840} INFO - DAG(s) 'example_branch_datetime_operator_3', 'example_branch_datetime_operator', 'example_branch_datetime_operator_2' retrieved from /home/victor/Área de Trabalho/airflow/venv/lib/python3.10/site-packages/airflow/example_dags/example_branch_datetime_operator.py
[2024-03-02T09:42:42.538-0300] {logging_mixin.py:188} INFO - [2024-03-02T09:42:42.537-0300] {dag.py:3047} INFO - Sync 3 DAGs
[2024-03-02T09:42:42.565-0300] {logging_mixin.py:188} INFO - [2024-03-02T09:42:42.565-0300] {dag.py:3834} INFO - Setting next_dagrun for example_branch_datetime_operator to 2024-03-01 00:00:00+00:00, run_after=2024-03-02 00:00:00+00:00
[2024-03-02T09:42:42.571-0300] {logging_mixin.py:188} INFO - [2024-03-02T09:42:42.571-0300] {dag.py:3834} INFO - Setting next_dagrun for example_branch_datetime_operator_2 to 2024-03-01 00:00:00+00:00, run_after=2024-03-02 00:00:00+00:00
[2024-03-02T09:42:42.574-0300] {logging_mixin.py:188} INFO - [2024-03-02T09:42:42.574-0300] {dag.py:3834} INFO - Setting next_dagrun for example_branch_datetime_operator_3 to 2024-03-01 00:00:00+00:00, run_after=2024-03-02 00:00:00+00:00
[2024-03-02T09:42:42.597-0300] {processor.py:183} INFO - Processing /home/victor/Área de Trabalho/airflow/venv/lib/python3.10/site-packages/airflow/example_dags/example_branch_datetime_operator.py took 0.134 seconds
[2024-03-02T09:43:13.516-0300] {processor.py:161} INFO - Started process (PID=14700) to work on /home/victor/Área de Trabalho/airflow/venv/lib/python3.10/site-packages/airflow/example_dags/example_branch_datetime_operator.py
[2024-03-02T09:43:13.517-0300] {processor.py:830} INFO - Processing file /home/victor/Área de Trabalho/airflow/venv/lib/python3.10/site-packages/airflow/example_dags/example_branch_datetime_operator.py for tasks to queue
[2024-03-02T09:43:13.519-0300] {logging_mixin.py:188} INFO - [2024-03-02T09:43:13.518-0300] {dagbag.py:540} INFO - Filling up the DagBag from /home/victor/Área de Trabalho/airflow/venv/lib/python3.10/site-packages/airflow/example_dags/example_branch_datetime_operator.py
[2024-03-02T09:43:13.529-0300] {processor.py:840} INFO - DAG(s) 'example_branch_datetime_operator_3', 'example_branch_datetime_operator', 'example_branch_datetime_operator_2' retrieved from /home/victor/Área de Trabalho/airflow/venv/lib/python3.10/site-packages/airflow/example_dags/example_branch_datetime_operator.py
[2024-03-02T09:43:13.572-0300] {logging_mixin.py:188} INFO - [2024-03-02T09:43:13.571-0300] {dag.py:3047} INFO - Sync 3 DAGs
[2024-03-02T09:43:13.599-0300] {logging_mixin.py:188} INFO - [2024-03-02T09:43:13.599-0300] {dag.py:3834} INFO - Setting next_dagrun for example_branch_datetime_operator to 2024-03-01 00:00:00+00:00, run_after=2024-03-02 00:00:00+00:00
[2024-03-02T09:43:13.605-0300] {logging_mixin.py:188} INFO - [2024-03-02T09:43:13.605-0300] {dag.py:3834} INFO - Setting next_dagrun for example_branch_datetime_operator_2 to 2024-03-01 00:00:00+00:00, run_after=2024-03-02 00:00:00+00:00
[2024-03-02T09:43:13.609-0300] {logging_mixin.py:188} INFO - [2024-03-02T09:43:13.609-0300] {dag.py:3834} INFO - Setting next_dagrun for example_branch_datetime_operator_3 to 2024-03-01 00:00:00+00:00, run_after=2024-03-02 00:00:00+00:00
[2024-03-02T09:43:13.627-0300] {processor.py:183} INFO - Processing /home/victor/Área de Trabalho/airflow/venv/lib/python3.10/site-packages/airflow/example_dags/example_branch_datetime_operator.py took 0.115 seconds
[2024-03-02T09:43:43.939-0300] {processor.py:161} INFO - Started process (PID=15017) to work on /home/victor/Área de Trabalho/airflow/venv/lib/python3.10/site-packages/airflow/example_dags/example_branch_datetime_operator.py
[2024-03-02T09:43:43.939-0300] {processor.py:830} INFO - Processing file /home/victor/Área de Trabalho/airflow/venv/lib/python3.10/site-packages/airflow/example_dags/example_branch_datetime_operator.py for tasks to queue
[2024-03-02T09:43:43.940-0300] {logging_mixin.py:188} INFO - [2024-03-02T09:43:43.940-0300] {dagbag.py:540} INFO - Filling up the DagBag from /home/victor/Área de Trabalho/airflow/venv/lib/python3.10/site-packages/airflow/example_dags/example_branch_datetime_operator.py
[2024-03-02T09:43:43.950-0300] {processor.py:840} INFO - DAG(s) 'example_branch_datetime_operator', 'example_branch_datetime_operator_3', 'example_branch_datetime_operator_2' retrieved from /home/victor/Área de Trabalho/airflow/venv/lib/python3.10/site-packages/airflow/example_dags/example_branch_datetime_operator.py
[2024-03-02T09:43:43.990-0300] {logging_mixin.py:188} INFO - [2024-03-02T09:43:43.990-0300] {dag.py:3047} INFO - Sync 3 DAGs
[2024-03-02T09:43:44.017-0300] {logging_mixin.py:188} INFO - [2024-03-02T09:43:44.016-0300] {dag.py:3834} INFO - Setting next_dagrun for example_branch_datetime_operator to 2024-03-01 00:00:00+00:00, run_after=2024-03-02 00:00:00+00:00
[2024-03-02T09:43:44.022-0300] {logging_mixin.py:188} INFO - [2024-03-02T09:43:44.022-0300] {dag.py:3834} INFO - Setting next_dagrun for example_branch_datetime_operator_2 to 2024-03-01 00:00:00+00:00, run_after=2024-03-02 00:00:00+00:00
[2024-03-02T09:43:44.025-0300] {logging_mixin.py:188} INFO - [2024-03-02T09:43:44.025-0300] {dag.py:3834} INFO - Setting next_dagrun for example_branch_datetime_operator_3 to 2024-03-01 00:00:00+00:00, run_after=2024-03-02 00:00:00+00:00
[2024-03-02T09:43:44.045-0300] {processor.py:183} INFO - Processing /home/victor/Área de Trabalho/airflow/venv/lib/python3.10/site-packages/airflow/example_dags/example_branch_datetime_operator.py took 0.110 seconds
[2024-03-02T09:44:15.523-0300] {processor.py:161} INFO - Started process (PID=15504) to work on /home/victor/Área de Trabalho/airflow/venv/lib/python3.10/site-packages/airflow/example_dags/example_branch_datetime_operator.py
[2024-03-02T09:44:15.524-0300] {processor.py:830} INFO - Processing file /home/victor/Área de Trabalho/airflow/venv/lib/python3.10/site-packages/airflow/example_dags/example_branch_datetime_operator.py for tasks to queue
[2024-03-02T09:44:15.525-0300] {logging_mixin.py:188} INFO - [2024-03-02T09:44:15.524-0300] {dagbag.py:540} INFO - Filling up the DagBag from /home/victor/Área de Trabalho/airflow/venv/lib/python3.10/site-packages/airflow/example_dags/example_branch_datetime_operator.py
[2024-03-02T09:44:15.536-0300] {processor.py:840} INFO - DAG(s) 'example_branch_datetime_operator', 'example_branch_datetime_operator_2', 'example_branch_datetime_operator_3' retrieved from /home/victor/Área de Trabalho/airflow/venv/lib/python3.10/site-packages/airflow/example_dags/example_branch_datetime_operator.py
[2024-03-02T09:44:15.574-0300] {logging_mixin.py:188} INFO - [2024-03-02T09:44:15.573-0300] {dag.py:3047} INFO - Sync 3 DAGs
[2024-03-02T09:44:15.600-0300] {logging_mixin.py:188} INFO - [2024-03-02T09:44:15.600-0300] {dag.py:3834} INFO - Setting next_dagrun for example_branch_datetime_operator to 2024-03-01 00:00:00+00:00, run_after=2024-03-02 00:00:00+00:00
[2024-03-02T09:44:15.608-0300] {logging_mixin.py:188} INFO - [2024-03-02T09:44:15.608-0300] {dag.py:3834} INFO - Setting next_dagrun for example_branch_datetime_operator_2 to 2024-03-01 00:00:00+00:00, run_after=2024-03-02 00:00:00+00:00
[2024-03-02T09:44:15.611-0300] {logging_mixin.py:188} INFO - [2024-03-02T09:44:15.610-0300] {dag.py:3834} INFO - Setting next_dagrun for example_branch_datetime_operator_3 to 2024-03-01 00:00:00+00:00, run_after=2024-03-02 00:00:00+00:00
[2024-03-02T09:44:15.629-0300] {processor.py:183} INFO - Processing /home/victor/Área de Trabalho/airflow/venv/lib/python3.10/site-packages/airflow/example_dags/example_branch_datetime_operator.py took 0.109 seconds
[2024-03-02T09:44:46.221-0300] {processor.py:161} INFO - Started process (PID=15827) to work on /home/victor/Área de Trabalho/airflow/venv/lib/python3.10/site-packages/airflow/example_dags/example_branch_datetime_operator.py
[2024-03-02T09:44:46.222-0300] {processor.py:830} INFO - Processing file /home/victor/Área de Trabalho/airflow/venv/lib/python3.10/site-packages/airflow/example_dags/example_branch_datetime_operator.py for tasks to queue
[2024-03-02T09:44:46.223-0300] {logging_mixin.py:188} INFO - [2024-03-02T09:44:46.222-0300] {dagbag.py:540} INFO - Filling up the DagBag from /home/victor/Área de Trabalho/airflow/venv/lib/python3.10/site-packages/airflow/example_dags/example_branch_datetime_operator.py
[2024-03-02T09:44:46.235-0300] {processor.py:840} INFO - DAG(s) 'example_branch_datetime_operator_3', 'example_branch_datetime_operator', 'example_branch_datetime_operator_2' retrieved from /home/victor/Área de Trabalho/airflow/venv/lib/python3.10/site-packages/airflow/example_dags/example_branch_datetime_operator.py
[2024-03-02T09:44:46.273-0300] {logging_mixin.py:188} INFO - [2024-03-02T09:44:46.273-0300] {dag.py:3047} INFO - Sync 3 DAGs
[2024-03-02T09:44:46.297-0300] {logging_mixin.py:188} INFO - [2024-03-02T09:44:46.297-0300] {dag.py:3834} INFO - Setting next_dagrun for example_branch_datetime_operator to 2024-03-01 00:00:00+00:00, run_after=2024-03-02 00:00:00+00:00
[2024-03-02T09:44:46.303-0300] {logging_mixin.py:188} INFO - [2024-03-02T09:44:46.303-0300] {dag.py:3834} INFO - Setting next_dagrun for example_branch_datetime_operator_2 to 2024-03-01 00:00:00+00:00, run_after=2024-03-02 00:00:00+00:00
[2024-03-02T09:44:46.306-0300] {logging_mixin.py:188} INFO - [2024-03-02T09:44:46.306-0300] {dag.py:3834} INFO - Setting next_dagrun for example_branch_datetime_operator_3 to 2024-03-01 00:00:00+00:00, run_after=2024-03-02 00:00:00+00:00
[2024-03-02T09:44:46.325-0300] {processor.py:183} INFO - Processing /home/victor/Área de Trabalho/airflow/venv/lib/python3.10/site-packages/airflow/example_dags/example_branch_datetime_operator.py took 0.107 seconds
[2024-03-02T09:45:17.557-0300] {processor.py:161} INFO - Started process (PID=16312) to work on /home/victor/Área de Trabalho/airflow/venv/lib/python3.10/site-packages/airflow/example_dags/example_branch_datetime_operator.py
[2024-03-02T09:45:17.558-0300] {processor.py:830} INFO - Processing file /home/victor/Área de Trabalho/airflow/venv/lib/python3.10/site-packages/airflow/example_dags/example_branch_datetime_operator.py for tasks to queue
[2024-03-02T09:45:17.559-0300] {logging_mixin.py:188} INFO - [2024-03-02T09:45:17.559-0300] {dagbag.py:540} INFO - Filling up the DagBag from /home/victor/Área de Trabalho/airflow/venv/lib/python3.10/site-packages/airflow/example_dags/example_branch_datetime_operator.py
[2024-03-02T09:45:17.568-0300] {processor.py:840} INFO - DAG(s) 'example_branch_datetime_operator', 'example_branch_datetime_operator_3', 'example_branch_datetime_operator_2' retrieved from /home/victor/Área de Trabalho/airflow/venv/lib/python3.10/site-packages/airflow/example_dags/example_branch_datetime_operator.py
[2024-03-02T09:45:17.606-0300] {logging_mixin.py:188} INFO - [2024-03-02T09:45:17.606-0300] {dag.py:3047} INFO - Sync 3 DAGs
[2024-03-02T09:45:17.629-0300] {logging_mixin.py:188} INFO - [2024-03-02T09:45:17.629-0300] {dag.py:3834} INFO - Setting next_dagrun for example_branch_datetime_operator to 2024-03-01 00:00:00+00:00, run_after=2024-03-02 00:00:00+00:00
[2024-03-02T09:45:17.637-0300] {logging_mixin.py:188} INFO - [2024-03-02T09:45:17.637-0300] {dag.py:3834} INFO - Setting next_dagrun for example_branch_datetime_operator_2 to 2024-03-01 00:00:00+00:00, run_after=2024-03-02 00:00:00+00:00
[2024-03-02T09:45:17.640-0300] {logging_mixin.py:188} INFO - [2024-03-02T09:45:17.640-0300] {dag.py:3834} INFO - Setting next_dagrun for example_branch_datetime_operator_3 to 2024-03-01 00:00:00+00:00, run_after=2024-03-02 00:00:00+00:00
[2024-03-02T09:45:17.660-0300] {processor.py:183} INFO - Processing /home/victor/Área de Trabalho/airflow/venv/lib/python3.10/site-packages/airflow/example_dags/example_branch_datetime_operator.py took 0.107 seconds
[2024-03-02T09:45:47.958-0300] {processor.py:161} INFO - Started process (PID=16819) to work on /home/victor/Área de Trabalho/airflow/venv/lib/python3.10/site-packages/airflow/example_dags/example_branch_datetime_operator.py
[2024-03-02T09:45:47.958-0300] {processor.py:830} INFO - Processing file /home/victor/Área de Trabalho/airflow/venv/lib/python3.10/site-packages/airflow/example_dags/example_branch_datetime_operator.py for tasks to queue
[2024-03-02T09:45:47.959-0300] {logging_mixin.py:188} INFO - [2024-03-02T09:45:47.959-0300] {dagbag.py:540} INFO - Filling up the DagBag from /home/victor/Área de Trabalho/airflow/venv/lib/python3.10/site-packages/airflow/example_dags/example_branch_datetime_operator.py
[2024-03-02T09:45:47.968-0300] {processor.py:840} INFO - DAG(s) 'example_branch_datetime_operator_3', 'example_branch_datetime_operator_2', 'example_branch_datetime_operator' retrieved from /home/victor/Área de Trabalho/airflow/venv/lib/python3.10/site-packages/airflow/example_dags/example_branch_datetime_operator.py
[2024-03-02T09:45:48.001-0300] {logging_mixin.py:188} INFO - [2024-03-02T09:45:48.001-0300] {dag.py:3047} INFO - Sync 3 DAGs
[2024-03-02T09:45:48.023-0300] {logging_mixin.py:188} INFO - [2024-03-02T09:45:48.023-0300] {dag.py:3834} INFO - Setting next_dagrun for example_branch_datetime_operator to 2024-03-01 00:00:00+00:00, run_after=2024-03-02 00:00:00+00:00
[2024-03-02T09:45:48.028-0300] {logging_mixin.py:188} INFO - [2024-03-02T09:45:48.028-0300] {dag.py:3834} INFO - Setting next_dagrun for example_branch_datetime_operator_2 to 2024-03-01 00:00:00+00:00, run_after=2024-03-02 00:00:00+00:00
[2024-03-02T09:45:48.031-0300] {logging_mixin.py:188} INFO - [2024-03-02T09:45:48.031-0300] {dag.py:3834} INFO - Setting next_dagrun for example_branch_datetime_operator_3 to 2024-03-01 00:00:00+00:00, run_after=2024-03-02 00:00:00+00:00
[2024-03-02T09:45:48.049-0300] {processor.py:183} INFO - Processing /home/victor/Área de Trabalho/airflow/venv/lib/python3.10/site-packages/airflow/example_dags/example_branch_datetime_operator.py took 0.095 seconds
[2024-03-02T09:46:19.840-0300] {processor.py:161} INFO - Started process (PID=17303) to work on /home/victor/Área de Trabalho/airflow/venv/lib/python3.10/site-packages/airflow/example_dags/example_branch_datetime_operator.py
[2024-03-02T09:46:19.841-0300] {processor.py:830} INFO - Processing file /home/victor/Área de Trabalho/airflow/venv/lib/python3.10/site-packages/airflow/example_dags/example_branch_datetime_operator.py for tasks to queue
[2024-03-02T09:46:19.842-0300] {logging_mixin.py:188} INFO - [2024-03-02T09:46:19.842-0300] {dagbag.py:540} INFO - Filling up the DagBag from /home/victor/Área de Trabalho/airflow/venv/lib/python3.10/site-packages/airflow/example_dags/example_branch_datetime_operator.py
[2024-03-02T09:46:19.852-0300] {processor.py:840} INFO - DAG(s) 'example_branch_datetime_operator_2', 'example_branch_datetime_operator_3', 'example_branch_datetime_operator' retrieved from /home/victor/Área de Trabalho/airflow/venv/lib/python3.10/site-packages/airflow/example_dags/example_branch_datetime_operator.py
[2024-03-02T09:46:19.891-0300] {logging_mixin.py:188} INFO - [2024-03-02T09:46:19.891-0300] {dag.py:3047} INFO - Sync 3 DAGs
[2024-03-02T09:46:19.916-0300] {logging_mixin.py:188} INFO - [2024-03-02T09:46:19.916-0300] {dag.py:3834} INFO - Setting next_dagrun for example_branch_datetime_operator to 2024-03-01 00:00:00+00:00, run_after=2024-03-02 00:00:00+00:00
[2024-03-02T09:46:19.921-0300] {logging_mixin.py:188} INFO - [2024-03-02T09:46:19.921-0300] {dag.py:3834} INFO - Setting next_dagrun for example_branch_datetime_operator_2 to 2024-03-01 00:00:00+00:00, run_after=2024-03-02 00:00:00+00:00
[2024-03-02T09:46:19.924-0300] {logging_mixin.py:188} INFO - [2024-03-02T09:46:19.924-0300] {dag.py:3834} INFO - Setting next_dagrun for example_branch_datetime_operator_3 to 2024-03-01 00:00:00+00:00, run_after=2024-03-02 00:00:00+00:00
[2024-03-02T09:46:19.942-0300] {processor.py:183} INFO - Processing /home/victor/Área de Trabalho/airflow/venv/lib/python3.10/site-packages/airflow/example_dags/example_branch_datetime_operator.py took 0.105 seconds
[2024-03-02T09:46:50.414-0300] {processor.py:161} INFO - Started process (PID=17625) to work on /home/victor/Área de Trabalho/airflow/venv/lib/python3.10/site-packages/airflow/example_dags/example_branch_datetime_operator.py
[2024-03-02T09:46:50.415-0300] {processor.py:830} INFO - Processing file /home/victor/Área de Trabalho/airflow/venv/lib/python3.10/site-packages/airflow/example_dags/example_branch_datetime_operator.py for tasks to queue
[2024-03-02T09:46:50.416-0300] {logging_mixin.py:188} INFO - [2024-03-02T09:46:50.416-0300] {dagbag.py:540} INFO - Filling up the DagBag from /home/victor/Área de Trabalho/airflow/venv/lib/python3.10/site-packages/airflow/example_dags/example_branch_datetime_operator.py
[2024-03-02T09:46:50.425-0300] {processor.py:840} INFO - DAG(s) 'example_branch_datetime_operator_3', 'example_branch_datetime_operator', 'example_branch_datetime_operator_2' retrieved from /home/victor/Área de Trabalho/airflow/venv/lib/python3.10/site-packages/airflow/example_dags/example_branch_datetime_operator.py
[2024-03-02T09:46:50.464-0300] {logging_mixin.py:188} INFO - [2024-03-02T09:46:50.464-0300] {dag.py:3047} INFO - Sync 3 DAGs
[2024-03-02T09:46:50.490-0300] {logging_mixin.py:188} INFO - [2024-03-02T09:46:50.490-0300] {dag.py:3834} INFO - Setting next_dagrun for example_branch_datetime_operator to 2024-03-01 00:00:00+00:00, run_after=2024-03-02 00:00:00+00:00
[2024-03-02T09:46:50.496-0300] {logging_mixin.py:188} INFO - [2024-03-02T09:46:50.496-0300] {dag.py:3834} INFO - Setting next_dagrun for example_branch_datetime_operator_2 to 2024-03-01 00:00:00+00:00, run_after=2024-03-02 00:00:00+00:00
[2024-03-02T09:46:50.500-0300] {logging_mixin.py:188} INFO - [2024-03-02T09:46:50.499-0300] {dag.py:3834} INFO - Setting next_dagrun for example_branch_datetime_operator_3 to 2024-03-01 00:00:00+00:00, run_after=2024-03-02 00:00:00+00:00
[2024-03-02T09:46:50.515-0300] {processor.py:183} INFO - Processing /home/victor/Área de Trabalho/airflow/venv/lib/python3.10/site-packages/airflow/example_dags/example_branch_datetime_operator.py took 0.104 seconds
[2024-03-02T09:47:21.436-0300] {processor.py:161} INFO - Started process (PID=18282) to work on /home/victor/Área de Trabalho/airflow/venv/lib/python3.10/site-packages/airflow/example_dags/example_branch_datetime_operator.py
[2024-03-02T09:47:21.439-0300] {processor.py:830} INFO - Processing file /home/victor/Área de Trabalho/airflow/venv/lib/python3.10/site-packages/airflow/example_dags/example_branch_datetime_operator.py for tasks to queue
[2024-03-02T09:47:21.439-0300] {logging_mixin.py:188} INFO - [2024-03-02T09:47:21.439-0300] {dagbag.py:540} INFO - Filling up the DagBag from /home/victor/Área de Trabalho/airflow/venv/lib/python3.10/site-packages/airflow/example_dags/example_branch_datetime_operator.py
[2024-03-02T09:47:21.449-0300] {processor.py:840} INFO - DAG(s) 'example_branch_datetime_operator', 'example_branch_datetime_operator_2', 'example_branch_datetime_operator_3' retrieved from /home/victor/Área de Trabalho/airflow/venv/lib/python3.10/site-packages/airflow/example_dags/example_branch_datetime_operator.py
[2024-03-02T09:47:21.487-0300] {logging_mixin.py:188} INFO - [2024-03-02T09:47:21.487-0300] {dag.py:3047} INFO - Sync 3 DAGs
[2024-03-02T09:47:21.511-0300] {logging_mixin.py:188} INFO - [2024-03-02T09:47:21.510-0300] {dag.py:3834} INFO - Setting next_dagrun for example_branch_datetime_operator to 2024-03-01 00:00:00+00:00, run_after=2024-03-02 00:00:00+00:00
[2024-03-02T09:47:21.516-0300] {logging_mixin.py:188} INFO - [2024-03-02T09:47:21.516-0300] {dag.py:3834} INFO - Setting next_dagrun for example_branch_datetime_operator_2 to 2024-03-01 00:00:00+00:00, run_after=2024-03-02 00:00:00+00:00
[2024-03-02T09:47:21.518-0300] {logging_mixin.py:188} INFO - [2024-03-02T09:47:21.518-0300] {dag.py:3834} INFO - Setting next_dagrun for example_branch_datetime_operator_3 to 2024-03-01 00:00:00+00:00, run_after=2024-03-02 00:00:00+00:00
[2024-03-02T09:47:21.536-0300] {processor.py:183} INFO - Processing /home/victor/Área de Trabalho/airflow/venv/lib/python3.10/site-packages/airflow/example_dags/example_branch_datetime_operator.py took 0.103 seconds
[2024-03-02T09:47:52.036-0300] {processor.py:161} INFO - Started process (PID=18604) to work on /home/victor/Área de Trabalho/airflow/venv/lib/python3.10/site-packages/airflow/example_dags/example_branch_datetime_operator.py
[2024-03-02T09:47:52.039-0300] {processor.py:830} INFO - Processing file /home/victor/Área de Trabalho/airflow/venv/lib/python3.10/site-packages/airflow/example_dags/example_branch_datetime_operator.py for tasks to queue
[2024-03-02T09:47:52.040-0300] {logging_mixin.py:188} INFO - [2024-03-02T09:47:52.040-0300] {dagbag.py:540} INFO - Filling up the DagBag from /home/victor/Área de Trabalho/airflow/venv/lib/python3.10/site-packages/airflow/example_dags/example_branch_datetime_operator.py
[2024-03-02T09:47:52.052-0300] {processor.py:840} INFO - DAG(s) 'example_branch_datetime_operator_2', 'example_branch_datetime_operator_3', 'example_branch_datetime_operator' retrieved from /home/victor/Área de Trabalho/airflow/venv/lib/python3.10/site-packages/airflow/example_dags/example_branch_datetime_operator.py
[2024-03-02T09:47:52.087-0300] {logging_mixin.py:188} INFO - [2024-03-02T09:47:52.086-0300] {dag.py:3047} INFO - Sync 3 DAGs
[2024-03-02T09:47:52.109-0300] {logging_mixin.py:188} INFO - [2024-03-02T09:47:52.109-0300] {dag.py:3834} INFO - Setting next_dagrun for example_branch_datetime_operator to 2024-03-01 00:00:00+00:00, run_after=2024-03-02 00:00:00+00:00
[2024-03-02T09:47:52.114-0300] {logging_mixin.py:188} INFO - [2024-03-02T09:47:52.114-0300] {dag.py:3834} INFO - Setting next_dagrun for example_branch_datetime_operator_2 to 2024-03-01 00:00:00+00:00, run_after=2024-03-02 00:00:00+00:00
[2024-03-02T09:47:52.116-0300] {logging_mixin.py:188} INFO - [2024-03-02T09:47:52.116-0300] {dag.py:3834} INFO - Setting next_dagrun for example_branch_datetime_operator_3 to 2024-03-01 00:00:00+00:00, run_after=2024-03-02 00:00:00+00:00
[2024-03-02T09:47:52.134-0300] {processor.py:183} INFO - Processing /home/victor/Área de Trabalho/airflow/venv/lib/python3.10/site-packages/airflow/example_dags/example_branch_datetime_operator.py took 0.102 seconds
[2024-03-02T09:48:22.637-0300] {processor.py:161} INFO - Started process (PID=19090) to work on /home/victor/Área de Trabalho/airflow/venv/lib/python3.10/site-packages/airflow/example_dags/example_branch_datetime_operator.py
[2024-03-02T09:48:22.640-0300] {processor.py:830} INFO - Processing file /home/victor/Área de Trabalho/airflow/venv/lib/python3.10/site-packages/airflow/example_dags/example_branch_datetime_operator.py for tasks to queue
[2024-03-02T09:48:22.641-0300] {logging_mixin.py:188} INFO - [2024-03-02T09:48:22.641-0300] {dagbag.py:540} INFO - Filling up the DagBag from /home/victor/Área de Trabalho/airflow/venv/lib/python3.10/site-packages/airflow/example_dags/example_branch_datetime_operator.py
[2024-03-02T09:48:22.652-0300] {processor.py:840} INFO - DAG(s) 'example_branch_datetime_operator_3', 'example_branch_datetime_operator_2', 'example_branch_datetime_operator' retrieved from /home/victor/Área de Trabalho/airflow/venv/lib/python3.10/site-packages/airflow/example_dags/example_branch_datetime_operator.py
[2024-03-02T09:48:22.692-0300] {logging_mixin.py:188} INFO - [2024-03-02T09:48:22.691-0300] {dag.py:3047} INFO - Sync 3 DAGs
[2024-03-02T09:48:22.715-0300] {logging_mixin.py:188} INFO - [2024-03-02T09:48:22.715-0300] {dag.py:3834} INFO - Setting next_dagrun for example_branch_datetime_operator to 2024-03-01 00:00:00+00:00, run_after=2024-03-02 00:00:00+00:00
[2024-03-02T09:48:22.721-0300] {logging_mixin.py:188} INFO - [2024-03-02T09:48:22.721-0300] {dag.py:3834} INFO - Setting next_dagrun for example_branch_datetime_operator_2 to 2024-03-01 00:00:00+00:00, run_after=2024-03-02 00:00:00+00:00
[2024-03-02T09:48:22.725-0300] {logging_mixin.py:188} INFO - [2024-03-02T09:48:22.723-0300] {dag.py:3834} INFO - Setting next_dagrun for example_branch_datetime_operator_3 to 2024-03-01 00:00:00+00:00, run_after=2024-03-02 00:00:00+00:00
[2024-03-02T09:48:22.746-0300] {processor.py:183} INFO - Processing /home/victor/Área de Trabalho/airflow/venv/lib/python3.10/site-packages/airflow/example_dags/example_branch_datetime_operator.py took 0.112 seconds
[2024-03-02T09:48:53.505-0300] {processor.py:161} INFO - Started process (PID=19432) to work on /home/victor/Área de Trabalho/airflow/venv/lib/python3.10/site-packages/airflow/example_dags/example_branch_datetime_operator.py
[2024-03-02T09:48:53.506-0300] {processor.py:830} INFO - Processing file /home/victor/Área de Trabalho/airflow/venv/lib/python3.10/site-packages/airflow/example_dags/example_branch_datetime_operator.py for tasks to queue
[2024-03-02T09:48:53.507-0300] {logging_mixin.py:188} INFO - [2024-03-02T09:48:53.507-0300] {dagbag.py:540} INFO - Filling up the DagBag from /home/victor/Área de Trabalho/airflow/venv/lib/python3.10/site-packages/airflow/example_dags/example_branch_datetime_operator.py
[2024-03-02T09:48:53.516-0300] {processor.py:840} INFO - DAG(s) 'example_branch_datetime_operator', 'example_branch_datetime_operator_2', 'example_branch_datetime_operator_3' retrieved from /home/victor/Área de Trabalho/airflow/venv/lib/python3.10/site-packages/airflow/example_dags/example_branch_datetime_operator.py
[2024-03-02T09:48:53.560-0300] {logging_mixin.py:188} INFO - [2024-03-02T09:48:53.560-0300] {dag.py:3047} INFO - Sync 3 DAGs
[2024-03-02T09:48:53.584-0300] {logging_mixin.py:188} INFO - [2024-03-02T09:48:53.583-0300] {dag.py:3834} INFO - Setting next_dagrun for example_branch_datetime_operator to 2024-03-01 00:00:00+00:00, run_after=2024-03-02 00:00:00+00:00
[2024-03-02T09:48:53.590-0300] {logging_mixin.py:188} INFO - [2024-03-02T09:48:53.589-0300] {dag.py:3834} INFO - Setting next_dagrun for example_branch_datetime_operator_2 to 2024-03-01 00:00:00+00:00, run_after=2024-03-02 00:00:00+00:00
[2024-03-02T09:48:53.593-0300] {logging_mixin.py:188} INFO - [2024-03-02T09:48:53.593-0300] {dag.py:3834} INFO - Setting next_dagrun for example_branch_datetime_operator_3 to 2024-03-01 00:00:00+00:00, run_after=2024-03-02 00:00:00+00:00
[2024-03-02T09:48:53.612-0300] {processor.py:183} INFO - Processing /home/victor/Área de Trabalho/airflow/venv/lib/python3.10/site-packages/airflow/example_dags/example_branch_datetime_operator.py took 0.110 seconds
[2024-03-02T09:49:24.296-0300] {processor.py:161} INFO - Started process (PID=19915) to work on /home/victor/Área de Trabalho/airflow/venv/lib/python3.10/site-packages/airflow/example_dags/example_branch_datetime_operator.py
[2024-03-02T09:49:24.297-0300] {processor.py:830} INFO - Processing file /home/victor/Área de Trabalho/airflow/venv/lib/python3.10/site-packages/airflow/example_dags/example_branch_datetime_operator.py for tasks to queue
[2024-03-02T09:49:24.297-0300] {logging_mixin.py:188} INFO - [2024-03-02T09:49:24.297-0300] {dagbag.py:540} INFO - Filling up the DagBag from /home/victor/Área de Trabalho/airflow/venv/lib/python3.10/site-packages/airflow/example_dags/example_branch_datetime_operator.py
[2024-03-02T09:49:24.308-0300] {processor.py:840} INFO - DAG(s) 'example_branch_datetime_operator_3', 'example_branch_datetime_operator', 'example_branch_datetime_operator_2' retrieved from /home/victor/Área de Trabalho/airflow/venv/lib/python3.10/site-packages/airflow/example_dags/example_branch_datetime_operator.py
[2024-03-02T09:49:24.343-0300] {logging_mixin.py:188} INFO - [2024-03-02T09:49:24.343-0300] {dag.py:3047} INFO - Sync 3 DAGs
[2024-03-02T09:49:24.365-0300] {logging_mixin.py:188} INFO - [2024-03-02T09:49:24.365-0300] {dag.py:3834} INFO - Setting next_dagrun for example_branch_datetime_operator to 2024-03-01 00:00:00+00:00, run_after=2024-03-02 00:00:00+00:00
[2024-03-02T09:49:24.373-0300] {logging_mixin.py:188} INFO - [2024-03-02T09:49:24.372-0300] {dag.py:3834} INFO - Setting next_dagrun for example_branch_datetime_operator_2 to 2024-03-01 00:00:00+00:00, run_after=2024-03-02 00:00:00+00:00
[2024-03-02T09:49:24.376-0300] {logging_mixin.py:188} INFO - [2024-03-02T09:49:24.376-0300] {dag.py:3834} INFO - Setting next_dagrun for example_branch_datetime_operator_3 to 2024-03-01 00:00:00+00:00, run_after=2024-03-02 00:00:00+00:00
[2024-03-02T09:49:24.394-0300] {processor.py:183} INFO - Processing /home/victor/Área de Trabalho/airflow/venv/lib/python3.10/site-packages/airflow/example_dags/example_branch_datetime_operator.py took 0.101 seconds
[2024-03-02T09:49:54.919-0300] {processor.py:161} INFO - Started process (PID=20236) to work on /home/victor/Área de Trabalho/airflow/venv/lib/python3.10/site-packages/airflow/example_dags/example_branch_datetime_operator.py
[2024-03-02T09:49:54.921-0300] {processor.py:830} INFO - Processing file /home/victor/Área de Trabalho/airflow/venv/lib/python3.10/site-packages/airflow/example_dags/example_branch_datetime_operator.py for tasks to queue
[2024-03-02T09:49:54.922-0300] {logging_mixin.py:188} INFO - [2024-03-02T09:49:54.922-0300] {dagbag.py:540} INFO - Filling up the DagBag from /home/victor/Área de Trabalho/airflow/venv/lib/python3.10/site-packages/airflow/example_dags/example_branch_datetime_operator.py
[2024-03-02T09:49:54.933-0300] {processor.py:840} INFO - DAG(s) 'example_branch_datetime_operator_2', 'example_branch_datetime_operator_3', 'example_branch_datetime_operator' retrieved from /home/victor/Área de Trabalho/airflow/venv/lib/python3.10/site-packages/airflow/example_dags/example_branch_datetime_operator.py
[2024-03-02T09:49:54.978-0300] {logging_mixin.py:188} INFO - [2024-03-02T09:49:54.978-0300] {dag.py:3047} INFO - Sync 3 DAGs
[2024-03-02T09:49:55.001-0300] {logging_mixin.py:188} INFO - [2024-03-02T09:49:55.001-0300] {dag.py:3834} INFO - Setting next_dagrun for example_branch_datetime_operator to 2024-03-01 00:00:00+00:00, run_after=2024-03-02 00:00:00+00:00
[2024-03-02T09:49:55.011-0300] {logging_mixin.py:188} INFO - [2024-03-02T09:49:55.010-0300] {dag.py:3834} INFO - Setting next_dagrun for example_branch_datetime_operator_2 to 2024-03-01 00:00:00+00:00, run_after=2024-03-02 00:00:00+00:00
[2024-03-02T09:49:55.014-0300] {logging_mixin.py:188} INFO - [2024-03-02T09:49:55.013-0300] {dag.py:3834} INFO - Setting next_dagrun for example_branch_datetime_operator_3 to 2024-03-01 00:00:00+00:00, run_after=2024-03-02 00:00:00+00:00
[2024-03-02T09:49:55.032-0300] {processor.py:183} INFO - Processing /home/victor/Área de Trabalho/airflow/venv/lib/python3.10/site-packages/airflow/example_dags/example_branch_datetime_operator.py took 0.116 seconds
[2024-03-02T09:50:25.327-0300] {processor.py:161} INFO - Started process (PID=20718) to work on /home/victor/Área de Trabalho/airflow/venv/lib/python3.10/site-packages/airflow/example_dags/example_branch_datetime_operator.py
[2024-03-02T09:50:25.327-0300] {processor.py:830} INFO - Processing file /home/victor/Área de Trabalho/airflow/venv/lib/python3.10/site-packages/airflow/example_dags/example_branch_datetime_operator.py for tasks to queue
[2024-03-02T09:50:25.328-0300] {logging_mixin.py:188} INFO - [2024-03-02T09:50:25.328-0300] {dagbag.py:540} INFO - Filling up the DagBag from /home/victor/Área de Trabalho/airflow/venv/lib/python3.10/site-packages/airflow/example_dags/example_branch_datetime_operator.py
[2024-03-02T09:50:25.337-0300] {processor.py:840} INFO - DAG(s) 'example_branch_datetime_operator_3', 'example_branch_datetime_operator', 'example_branch_datetime_operator_2' retrieved from /home/victor/Área de Trabalho/airflow/venv/lib/python3.10/site-packages/airflow/example_dags/example_branch_datetime_operator.py
[2024-03-02T09:50:25.382-0300] {logging_mixin.py:188} INFO - [2024-03-02T09:50:25.381-0300] {dag.py:3047} INFO - Sync 3 DAGs
[2024-03-02T09:50:25.409-0300] {logging_mixin.py:188} INFO - [2024-03-02T09:50:25.408-0300] {dag.py:3834} INFO - Setting next_dagrun for example_branch_datetime_operator to 2024-03-01 00:00:00+00:00, run_after=2024-03-02 00:00:00+00:00
[2024-03-02T09:50:25.414-0300] {logging_mixin.py:188} INFO - [2024-03-02T09:50:25.414-0300] {dag.py:3834} INFO - Setting next_dagrun for example_branch_datetime_operator_2 to 2024-03-01 00:00:00+00:00, run_after=2024-03-02 00:00:00+00:00
[2024-03-02T09:50:25.417-0300] {logging_mixin.py:188} INFO - [2024-03-02T09:50:25.416-0300] {dag.py:3834} INFO - Setting next_dagrun for example_branch_datetime_operator_3 to 2024-03-01 00:00:00+00:00, run_after=2024-03-02 00:00:00+00:00
[2024-03-02T09:50:25.435-0300] {processor.py:183} INFO - Processing /home/victor/Área de Trabalho/airflow/venv/lib/python3.10/site-packages/airflow/example_dags/example_branch_datetime_operator.py took 0.111 seconds
[2024-03-02T09:50:57.120-0300] {processor.py:161} INFO - Started process (PID=21077) to work on /home/victor/Área de Trabalho/airflow/venv/lib/python3.10/site-packages/airflow/example_dags/example_branch_datetime_operator.py
[2024-03-02T09:50:57.122-0300] {processor.py:830} INFO - Processing file /home/victor/Área de Trabalho/airflow/venv/lib/python3.10/site-packages/airflow/example_dags/example_branch_datetime_operator.py for tasks to queue
[2024-03-02T09:50:57.123-0300] {logging_mixin.py:188} INFO - [2024-03-02T09:50:57.122-0300] {dagbag.py:540} INFO - Filling up the DagBag from /home/victor/Área de Trabalho/airflow/venv/lib/python3.10/site-packages/airflow/example_dags/example_branch_datetime_operator.py
[2024-03-02T09:50:57.133-0300] {processor.py:840} INFO - DAG(s) 'example_branch_datetime_operator', 'example_branch_datetime_operator_2', 'example_branch_datetime_operator_3' retrieved from /home/victor/Área de Trabalho/airflow/venv/lib/python3.10/site-packages/airflow/example_dags/example_branch_datetime_operator.py
[2024-03-02T09:50:57.174-0300] {logging_mixin.py:188} INFO - [2024-03-02T09:50:57.174-0300] {dag.py:3047} INFO - Sync 3 DAGs
[2024-03-02T09:50:57.202-0300] {logging_mixin.py:188} INFO - [2024-03-02T09:50:57.201-0300] {dag.py:3834} INFO - Setting next_dagrun for example_branch_datetime_operator to 2024-03-01 00:00:00+00:00, run_after=2024-03-02 00:00:00+00:00
[2024-03-02T09:50:57.207-0300] {logging_mixin.py:188} INFO - [2024-03-02T09:50:57.207-0300] {dag.py:3834} INFO - Setting next_dagrun for example_branch_datetime_operator_2 to 2024-03-01 00:00:00+00:00, run_after=2024-03-02 00:00:00+00:00
[2024-03-02T09:50:57.210-0300] {logging_mixin.py:188} INFO - [2024-03-02T09:50:57.210-0300] {dag.py:3834} INFO - Setting next_dagrun for example_branch_datetime_operator_3 to 2024-03-01 00:00:00+00:00, run_after=2024-03-02 00:00:00+00:00
[2024-03-02T09:50:57.228-0300] {processor.py:183} INFO - Processing /home/victor/Área de Trabalho/airflow/venv/lib/python3.10/site-packages/airflow/example_dags/example_branch_datetime_operator.py took 0.111 seconds
[2024-03-02T09:51:27.655-0300] {processor.py:161} INFO - Started process (PID=21556) to work on /home/victor/Área de Trabalho/airflow/venv/lib/python3.10/site-packages/airflow/example_dags/example_branch_datetime_operator.py
[2024-03-02T09:51:27.656-0300] {processor.py:830} INFO - Processing file /home/victor/Área de Trabalho/airflow/venv/lib/python3.10/site-packages/airflow/example_dags/example_branch_datetime_operator.py for tasks to queue
[2024-03-02T09:51:27.657-0300] {logging_mixin.py:188} INFO - [2024-03-02T09:51:27.657-0300] {dagbag.py:540} INFO - Filling up the DagBag from /home/victor/Área de Trabalho/airflow/venv/lib/python3.10/site-packages/airflow/example_dags/example_branch_datetime_operator.py
[2024-03-02T09:51:27.666-0300] {processor.py:840} INFO - DAG(s) 'example_branch_datetime_operator_2', 'example_branch_datetime_operator_3', 'example_branch_datetime_operator' retrieved from /home/victor/Área de Trabalho/airflow/venv/lib/python3.10/site-packages/airflow/example_dags/example_branch_datetime_operator.py
[2024-03-02T09:51:27.703-0300] {logging_mixin.py:188} INFO - [2024-03-02T09:51:27.703-0300] {dag.py:3047} INFO - Sync 3 DAGs
[2024-03-02T09:51:27.728-0300] {logging_mixin.py:188} INFO - [2024-03-02T09:51:27.728-0300] {dag.py:3834} INFO - Setting next_dagrun for example_branch_datetime_operator to 2024-03-01 00:00:00+00:00, run_after=2024-03-02 00:00:00+00:00
[2024-03-02T09:51:27.733-0300] {logging_mixin.py:188} INFO - [2024-03-02T09:51:27.732-0300] {dag.py:3834} INFO - Setting next_dagrun for example_branch_datetime_operator_2 to 2024-03-01 00:00:00+00:00, run_after=2024-03-02 00:00:00+00:00
[2024-03-02T09:51:27.736-0300] {logging_mixin.py:188} INFO - [2024-03-02T09:51:27.736-0300] {dag.py:3834} INFO - Setting next_dagrun for example_branch_datetime_operator_3 to 2024-03-01 00:00:00+00:00, run_after=2024-03-02 00:00:00+00:00
[2024-03-02T09:51:27.757-0300] {processor.py:183} INFO - Processing /home/victor/Área de Trabalho/airflow/venv/lib/python3.10/site-packages/airflow/example_dags/example_branch_datetime_operator.py took 0.105 seconds
[2024-03-02T09:51:58.339-0300] {processor.py:161} INFO - Started process (PID=21938) to work on /home/victor/Área de Trabalho/airflow/venv/lib/python3.10/site-packages/airflow/example_dags/example_branch_datetime_operator.py
[2024-03-02T09:51:58.340-0300] {processor.py:830} INFO - Processing file /home/victor/Área de Trabalho/airflow/venv/lib/python3.10/site-packages/airflow/example_dags/example_branch_datetime_operator.py for tasks to queue
[2024-03-02T09:51:58.342-0300] {logging_mixin.py:188} INFO - [2024-03-02T09:51:58.341-0300] {dagbag.py:540} INFO - Filling up the DagBag from /home/victor/Área de Trabalho/airflow/venv/lib/python3.10/site-packages/airflow/example_dags/example_branch_datetime_operator.py
[2024-03-02T09:51:58.352-0300] {processor.py:840} INFO - DAG(s) 'example_branch_datetime_operator_2', 'example_branch_datetime_operator', 'example_branch_datetime_operator_3' retrieved from /home/victor/Área de Trabalho/airflow/venv/lib/python3.10/site-packages/airflow/example_dags/example_branch_datetime_operator.py
[2024-03-02T09:51:58.386-0300] {logging_mixin.py:188} INFO - [2024-03-02T09:51:58.386-0300] {dag.py:3047} INFO - Sync 3 DAGs
[2024-03-02T09:51:58.409-0300] {logging_mixin.py:188} INFO - [2024-03-02T09:51:58.409-0300] {dag.py:3834} INFO - Setting next_dagrun for example_branch_datetime_operator to 2024-03-01 00:00:00+00:00, run_after=2024-03-02 00:00:00+00:00
[2024-03-02T09:51:58.414-0300] {logging_mixin.py:188} INFO - [2024-03-02T09:51:58.414-0300] {dag.py:3834} INFO - Setting next_dagrun for example_branch_datetime_operator_2 to 2024-03-01 00:00:00+00:00, run_after=2024-03-02 00:00:00+00:00
[2024-03-02T09:51:58.417-0300] {logging_mixin.py:188} INFO - [2024-03-02T09:51:58.417-0300] {dag.py:3834} INFO - Setting next_dagrun for example_branch_datetime_operator_3 to 2024-03-01 00:00:00+00:00, run_after=2024-03-02 00:00:00+00:00
[2024-03-02T09:51:58.433-0300] {processor.py:183} INFO - Processing /home/victor/Área de Trabalho/airflow/venv/lib/python3.10/site-packages/airflow/example_dags/example_branch_datetime_operator.py took 0.099 seconds
[2024-03-02T09:52:29.030-0300] {processor.py:161} INFO - Started process (PID=22521) to work on /home/victor/Área de Trabalho/airflow/venv/lib/python3.10/site-packages/airflow/example_dags/example_branch_datetime_operator.py
[2024-03-02T09:52:29.031-0300] {processor.py:830} INFO - Processing file /home/victor/Área de Trabalho/airflow/venv/lib/python3.10/site-packages/airflow/example_dags/example_branch_datetime_operator.py for tasks to queue
[2024-03-02T09:52:29.032-0300] {logging_mixin.py:188} INFO - [2024-03-02T09:52:29.031-0300] {dagbag.py:540} INFO - Filling up the DagBag from /home/victor/Área de Trabalho/airflow/venv/lib/python3.10/site-packages/airflow/example_dags/example_branch_datetime_operator.py
[2024-03-02T09:52:29.041-0300] {processor.py:840} INFO - DAG(s) 'example_branch_datetime_operator', 'example_branch_datetime_operator_2', 'example_branch_datetime_operator_3' retrieved from /home/victor/Área de Trabalho/airflow/venv/lib/python3.10/site-packages/airflow/example_dags/example_branch_datetime_operator.py
[2024-03-02T09:52:29.073-0300] {logging_mixin.py:188} INFO - [2024-03-02T09:52:29.073-0300] {dag.py:3047} INFO - Sync 3 DAGs
[2024-03-02T09:52:29.097-0300] {logging_mixin.py:188} INFO - [2024-03-02T09:52:29.097-0300] {dag.py:3834} INFO - Setting next_dagrun for example_branch_datetime_operator to 2024-03-01 00:00:00+00:00, run_after=2024-03-02 00:00:00+00:00
[2024-03-02T09:52:29.103-0300] {logging_mixin.py:188} INFO - [2024-03-02T09:52:29.102-0300] {dag.py:3834} INFO - Setting next_dagrun for example_branch_datetime_operator_2 to 2024-03-01 00:00:00+00:00, run_after=2024-03-02 00:00:00+00:00
[2024-03-02T09:52:29.106-0300] {logging_mixin.py:188} INFO - [2024-03-02T09:52:29.105-0300] {dag.py:3834} INFO - Setting next_dagrun for example_branch_datetime_operator_3 to 2024-03-01 00:00:00+00:00, run_after=2024-03-02 00:00:00+00:00
[2024-03-02T09:52:29.123-0300] {processor.py:183} INFO - Processing /home/victor/Área de Trabalho/airflow/venv/lib/python3.10/site-packages/airflow/example_dags/example_branch_datetime_operator.py took 0.096 seconds
[2024-03-02T09:52:59.662-0300] {processor.py:161} INFO - Started process (PID=22962) to work on /home/victor/Área de Trabalho/airflow/venv/lib/python3.10/site-packages/airflow/example_dags/example_branch_datetime_operator.py
[2024-03-02T09:52:59.663-0300] {processor.py:830} INFO - Processing file /home/victor/Área de Trabalho/airflow/venv/lib/python3.10/site-packages/airflow/example_dags/example_branch_datetime_operator.py for tasks to queue
[2024-03-02T09:52:59.663-0300] {logging_mixin.py:188} INFO - [2024-03-02T09:52:59.663-0300] {dagbag.py:540} INFO - Filling up the DagBag from /home/victor/Área de Trabalho/airflow/venv/lib/python3.10/site-packages/airflow/example_dags/example_branch_datetime_operator.py
[2024-03-02T09:52:59.673-0300] {processor.py:840} INFO - DAG(s) 'example_branch_datetime_operator_3', 'example_branch_datetime_operator_2', 'example_branch_datetime_operator' retrieved from /home/victor/Área de Trabalho/airflow/venv/lib/python3.10/site-packages/airflow/example_dags/example_branch_datetime_operator.py
[2024-03-02T09:52:59.711-0300] {logging_mixin.py:188} INFO - [2024-03-02T09:52:59.711-0300] {dag.py:3047} INFO - Sync 3 DAGs
[2024-03-02T09:52:59.735-0300] {logging_mixin.py:188} INFO - [2024-03-02T09:52:59.735-0300] {dag.py:3834} INFO - Setting next_dagrun for example_branch_datetime_operator to 2024-03-01 00:00:00+00:00, run_after=2024-03-02 00:00:00+00:00
[2024-03-02T09:52:59.740-0300] {logging_mixin.py:188} INFO - [2024-03-02T09:52:59.740-0300] {dag.py:3834} INFO - Setting next_dagrun for example_branch_datetime_operator_2 to 2024-03-01 00:00:00+00:00, run_after=2024-03-02 00:00:00+00:00
[2024-03-02T09:52:59.742-0300] {logging_mixin.py:188} INFO - [2024-03-02T09:52:59.742-0300] {dag.py:3834} INFO - Setting next_dagrun for example_branch_datetime_operator_3 to 2024-03-01 00:00:00+00:00, run_after=2024-03-02 00:00:00+00:00
[2024-03-02T09:52:59.762-0300] {processor.py:183} INFO - Processing /home/victor/Área de Trabalho/airflow/venv/lib/python3.10/site-packages/airflow/example_dags/example_branch_datetime_operator.py took 0.103 seconds
[2024-03-02T09:53:30.069-0300] {processor.py:161} INFO - Started process (PID=23330) to work on /home/victor/Área de Trabalho/airflow/venv/lib/python3.10/site-packages/airflow/example_dags/example_branch_datetime_operator.py
[2024-03-02T09:53:30.070-0300] {processor.py:830} INFO - Processing file /home/victor/Área de Trabalho/airflow/venv/lib/python3.10/site-packages/airflow/example_dags/example_branch_datetime_operator.py for tasks to queue
[2024-03-02T09:53:30.070-0300] {logging_mixin.py:188} INFO - [2024-03-02T09:53:30.070-0300] {dagbag.py:540} INFO - Filling up the DagBag from /home/victor/Área de Trabalho/airflow/venv/lib/python3.10/site-packages/airflow/example_dags/example_branch_datetime_operator.py
[2024-03-02T09:53:30.078-0300] {processor.py:840} INFO - DAG(s) 'example_branch_datetime_operator_3', 'example_branch_datetime_operator', 'example_branch_datetime_operator_2' retrieved from /home/victor/Área de Trabalho/airflow/venv/lib/python3.10/site-packages/airflow/example_dags/example_branch_datetime_operator.py
[2024-03-02T09:53:30.114-0300] {logging_mixin.py:188} INFO - [2024-03-02T09:53:30.113-0300] {dag.py:3047} INFO - Sync 3 DAGs
[2024-03-02T09:53:30.136-0300] {logging_mixin.py:188} INFO - [2024-03-02T09:53:30.136-0300] {dag.py:3834} INFO - Setting next_dagrun for example_branch_datetime_operator to 2024-03-01 00:00:00+00:00, run_after=2024-03-02 00:00:00+00:00
[2024-03-02T09:53:30.140-0300] {logging_mixin.py:188} INFO - [2024-03-02T09:53:30.140-0300] {dag.py:3834} INFO - Setting next_dagrun for example_branch_datetime_operator_2 to 2024-03-01 00:00:00+00:00, run_after=2024-03-02 00:00:00+00:00
[2024-03-02T09:53:30.143-0300] {logging_mixin.py:188} INFO - [2024-03-02T09:53:30.143-0300] {dag.py:3834} INFO - Setting next_dagrun for example_branch_datetime_operator_3 to 2024-03-01 00:00:00+00:00, run_after=2024-03-02 00:00:00+00:00
[2024-03-02T09:53:30.164-0300] {processor.py:183} INFO - Processing /home/victor/Área de Trabalho/airflow/venv/lib/python3.10/site-packages/airflow/example_dags/example_branch_datetime_operator.py took 0.098 seconds
[2024-03-02T09:54:00.906-0300] {processor.py:161} INFO - Started process (PID=23813) to work on /home/victor/Área de Trabalho/airflow/venv/lib/python3.10/site-packages/airflow/example_dags/example_branch_datetime_operator.py
[2024-03-02T09:54:00.908-0300] {processor.py:830} INFO - Processing file /home/victor/Área de Trabalho/airflow/venv/lib/python3.10/site-packages/airflow/example_dags/example_branch_datetime_operator.py for tasks to queue
[2024-03-02T09:54:00.909-0300] {logging_mixin.py:188} INFO - [2024-03-02T09:54:00.909-0300] {dagbag.py:540} INFO - Filling up the DagBag from /home/victor/Área de Trabalho/airflow/venv/lib/python3.10/site-packages/airflow/example_dags/example_branch_datetime_operator.py
[2024-03-02T09:54:00.924-0300] {processor.py:840} INFO - DAG(s) 'example_branch_datetime_operator_2', 'example_branch_datetime_operator', 'example_branch_datetime_operator_3' retrieved from /home/victor/Área de Trabalho/airflow/venv/lib/python3.10/site-packages/airflow/example_dags/example_branch_datetime_operator.py
[2024-03-02T09:54:00.959-0300] {logging_mixin.py:188} INFO - [2024-03-02T09:54:00.959-0300] {dag.py:3047} INFO - Sync 3 DAGs
[2024-03-02T09:54:00.982-0300] {logging_mixin.py:188} INFO - [2024-03-02T09:54:00.982-0300] {dag.py:3834} INFO - Setting next_dagrun for example_branch_datetime_operator to 2024-03-01 00:00:00+00:00, run_after=2024-03-02 00:00:00+00:00
[2024-03-02T09:54:00.988-0300] {logging_mixin.py:188} INFO - [2024-03-02T09:54:00.988-0300] {dag.py:3834} INFO - Setting next_dagrun for example_branch_datetime_operator_2 to 2024-03-01 00:00:00+00:00, run_after=2024-03-02 00:00:00+00:00
[2024-03-02T09:54:00.991-0300] {logging_mixin.py:188} INFO - [2024-03-02T09:54:00.991-0300] {dag.py:3834} INFO - Setting next_dagrun for example_branch_datetime_operator_3 to 2024-03-01 00:00:00+00:00, run_after=2024-03-02 00:00:00+00:00
[2024-03-02T09:54:01.007-0300] {processor.py:183} INFO - Processing /home/victor/Área de Trabalho/airflow/venv/lib/python3.10/site-packages/airflow/example_dags/example_branch_datetime_operator.py took 0.104 seconds
[2024-03-02T09:54:32.146-0300] {processor.py:161} INFO - Started process (PID=24297) to work on /home/victor/Área de Trabalho/airflow/venv/lib/python3.10/site-packages/airflow/example_dags/example_branch_datetime_operator.py
[2024-03-02T09:54:32.147-0300] {processor.py:830} INFO - Processing file /home/victor/Área de Trabalho/airflow/venv/lib/python3.10/site-packages/airflow/example_dags/example_branch_datetime_operator.py for tasks to queue
[2024-03-02T09:54:32.147-0300] {logging_mixin.py:188} INFO - [2024-03-02T09:54:32.147-0300] {dagbag.py:540} INFO - Filling up the DagBag from /home/victor/Área de Trabalho/airflow/venv/lib/python3.10/site-packages/airflow/example_dags/example_branch_datetime_operator.py
[2024-03-02T09:54:32.156-0300] {processor.py:840} INFO - DAG(s) 'example_branch_datetime_operator_3', 'example_branch_datetime_operator', 'example_branch_datetime_operator_2' retrieved from /home/victor/Área de Trabalho/airflow/venv/lib/python3.10/site-packages/airflow/example_dags/example_branch_datetime_operator.py
[2024-03-02T09:54:32.193-0300] {logging_mixin.py:188} INFO - [2024-03-02T09:54:32.192-0300] {dag.py:3047} INFO - Sync 3 DAGs
[2024-03-02T09:54:32.223-0300] {logging_mixin.py:188} INFO - [2024-03-02T09:54:32.223-0300] {dag.py:3834} INFO - Setting next_dagrun for example_branch_datetime_operator to 2024-03-01 00:00:00+00:00, run_after=2024-03-02 00:00:00+00:00
[2024-03-02T09:54:32.229-0300] {logging_mixin.py:188} INFO - [2024-03-02T09:54:32.229-0300] {dag.py:3834} INFO - Setting next_dagrun for example_branch_datetime_operator_2 to 2024-03-01 00:00:00+00:00, run_after=2024-03-02 00:00:00+00:00
[2024-03-02T09:54:32.232-0300] {logging_mixin.py:188} INFO - [2024-03-02T09:54:32.231-0300] {dag.py:3834} INFO - Setting next_dagrun for example_branch_datetime_operator_3 to 2024-03-01 00:00:00+00:00, run_after=2024-03-02 00:00:00+00:00
[2024-03-02T09:54:32.253-0300] {processor.py:183} INFO - Processing /home/victor/Área de Trabalho/airflow/venv/lib/python3.10/site-packages/airflow/example_dags/example_branch_datetime_operator.py took 0.110 seconds
[2024-03-02T09:55:02.677-0300] {processor.py:161} INFO - Started process (PID=24870) to work on /home/victor/Área de Trabalho/airflow/venv/lib/python3.10/site-packages/airflow/example_dags/example_branch_datetime_operator.py
[2024-03-02T09:55:02.679-0300] {processor.py:830} INFO - Processing file /home/victor/Área de Trabalho/airflow/venv/lib/python3.10/site-packages/airflow/example_dags/example_branch_datetime_operator.py for tasks to queue
[2024-03-02T09:55:02.680-0300] {logging_mixin.py:188} INFO - [2024-03-02T09:55:02.680-0300] {dagbag.py:540} INFO - Filling up the DagBag from /home/victor/Área de Trabalho/airflow/venv/lib/python3.10/site-packages/airflow/example_dags/example_branch_datetime_operator.py
[2024-03-02T09:55:02.689-0300] {processor.py:840} INFO - DAG(s) 'example_branch_datetime_operator', 'example_branch_datetime_operator_2', 'example_branch_datetime_operator_3' retrieved from /home/victor/Área de Trabalho/airflow/venv/lib/python3.10/site-packages/airflow/example_dags/example_branch_datetime_operator.py
[2024-03-02T09:55:02.726-0300] {logging_mixin.py:188} INFO - [2024-03-02T09:55:02.726-0300] {dag.py:3047} INFO - Sync 3 DAGs
[2024-03-02T09:55:02.751-0300] {logging_mixin.py:188} INFO - [2024-03-02T09:55:02.750-0300] {dag.py:3834} INFO - Setting next_dagrun for example_branch_datetime_operator to 2024-03-01 00:00:00+00:00, run_after=2024-03-02 00:00:00+00:00
[2024-03-02T09:55:02.756-0300] {logging_mixin.py:188} INFO - [2024-03-02T09:55:02.756-0300] {dag.py:3834} INFO - Setting next_dagrun for example_branch_datetime_operator_2 to 2024-03-01 00:00:00+00:00, run_after=2024-03-02 00:00:00+00:00
[2024-03-02T09:55:02.758-0300] {logging_mixin.py:188} INFO - [2024-03-02T09:55:02.758-0300] {dag.py:3834} INFO - Setting next_dagrun for example_branch_datetime_operator_3 to 2024-03-01 00:00:00+00:00, run_after=2024-03-02 00:00:00+00:00
[2024-03-02T09:55:02.780-0300] {processor.py:183} INFO - Processing /home/victor/Área de Trabalho/airflow/venv/lib/python3.10/site-packages/airflow/example_dags/example_branch_datetime_operator.py took 0.107 seconds
[2024-03-02T09:55:33.205-0300] {processor.py:161} INFO - Started process (PID=25328) to work on /home/victor/Área de Trabalho/airflow/venv/lib/python3.10/site-packages/airflow/example_dags/example_branch_datetime_operator.py
[2024-03-02T09:55:33.206-0300] {processor.py:830} INFO - Processing file /home/victor/Área de Trabalho/airflow/venv/lib/python3.10/site-packages/airflow/example_dags/example_branch_datetime_operator.py for tasks to queue
[2024-03-02T09:55:33.206-0300] {logging_mixin.py:188} INFO - [2024-03-02T09:55:33.206-0300] {dagbag.py:540} INFO - Filling up the DagBag from /home/victor/Área de Trabalho/airflow/venv/lib/python3.10/site-packages/airflow/example_dags/example_branch_datetime_operator.py
[2024-03-02T09:55:33.216-0300] {processor.py:840} INFO - DAG(s) 'example_branch_datetime_operator', 'example_branch_datetime_operator_2', 'example_branch_datetime_operator_3' retrieved from /home/victor/Área de Trabalho/airflow/venv/lib/python3.10/site-packages/airflow/example_dags/example_branch_datetime_operator.py
[2024-03-02T09:55:33.253-0300] {logging_mixin.py:188} INFO - [2024-03-02T09:55:33.252-0300] {dag.py:3047} INFO - Sync 3 DAGs
[2024-03-02T09:55:33.278-0300] {logging_mixin.py:188} INFO - [2024-03-02T09:55:33.278-0300] {dag.py:3834} INFO - Setting next_dagrun for example_branch_datetime_operator to 2024-03-01 00:00:00+00:00, run_after=2024-03-02 00:00:00+00:00
[2024-03-02T09:55:33.283-0300] {logging_mixin.py:188} INFO - [2024-03-02T09:55:33.283-0300] {dag.py:3834} INFO - Setting next_dagrun for example_branch_datetime_operator_2 to 2024-03-01 00:00:00+00:00, run_after=2024-03-02 00:00:00+00:00
[2024-03-02T09:55:33.286-0300] {logging_mixin.py:188} INFO - [2024-03-02T09:55:33.286-0300] {dag.py:3834} INFO - Setting next_dagrun for example_branch_datetime_operator_3 to 2024-03-01 00:00:00+00:00, run_after=2024-03-02 00:00:00+00:00
[2024-03-02T09:55:33.304-0300] {processor.py:183} INFO - Processing /home/victor/Área de Trabalho/airflow/venv/lib/python3.10/site-packages/airflow/example_dags/example_branch_datetime_operator.py took 0.102 seconds
[2024-03-02T09:56:03.508-0300] {processor.py:161} INFO - Started process (PID=25831) to work on /home/victor/Área de Trabalho/airflow/venv/lib/python3.10/site-packages/airflow/example_dags/example_branch_datetime_operator.py
[2024-03-02T09:56:03.509-0300] {processor.py:830} INFO - Processing file /home/victor/Área de Trabalho/airflow/venv/lib/python3.10/site-packages/airflow/example_dags/example_branch_datetime_operator.py for tasks to queue
[2024-03-02T09:56:03.509-0300] {logging_mixin.py:188} INFO - [2024-03-02T09:56:03.509-0300] {dagbag.py:540} INFO - Filling up the DagBag from /home/victor/Área de Trabalho/airflow/venv/lib/python3.10/site-packages/airflow/example_dags/example_branch_datetime_operator.py
[2024-03-02T09:56:03.518-0300] {processor.py:840} INFO - DAG(s) 'example_branch_datetime_operator_2', 'example_branch_datetime_operator_3', 'example_branch_datetime_operator' retrieved from /home/victor/Área de Trabalho/airflow/venv/lib/python3.10/site-packages/airflow/example_dags/example_branch_datetime_operator.py
[2024-03-02T09:56:03.549-0300] {logging_mixin.py:188} INFO - [2024-03-02T09:56:03.549-0300] {dag.py:3047} INFO - Sync 3 DAGs
[2024-03-02T09:56:03.572-0300] {logging_mixin.py:188} INFO - [2024-03-02T09:56:03.572-0300] {dag.py:3834} INFO - Setting next_dagrun for example_branch_datetime_operator to 2024-03-01 00:00:00+00:00, run_after=2024-03-02 00:00:00+00:00
[2024-03-02T09:56:03.579-0300] {logging_mixin.py:188} INFO - [2024-03-02T09:56:03.579-0300] {dag.py:3834} INFO - Setting next_dagrun for example_branch_datetime_operator_2 to 2024-03-01 00:00:00+00:00, run_after=2024-03-02 00:00:00+00:00
[2024-03-02T09:56:03.581-0300] {logging_mixin.py:188} INFO - [2024-03-02T09:56:03.581-0300] {dag.py:3834} INFO - Setting next_dagrun for example_branch_datetime_operator_3 to 2024-03-01 00:00:00+00:00, run_after=2024-03-02 00:00:00+00:00
[2024-03-02T09:56:03.598-0300] {processor.py:183} INFO - Processing /home/victor/Área de Trabalho/airflow/venv/lib/python3.10/site-packages/airflow/example_dags/example_branch_datetime_operator.py took 0.093 seconds
[2024-03-02T09:56:34.851-0300] {processor.py:161} INFO - Started process (PID=26153) to work on /home/victor/Área de Trabalho/airflow/venv/lib/python3.10/site-packages/airflow/example_dags/example_branch_datetime_operator.py
[2024-03-02T09:56:34.851-0300] {processor.py:830} INFO - Processing file /home/victor/Área de Trabalho/airflow/venv/lib/python3.10/site-packages/airflow/example_dags/example_branch_datetime_operator.py for tasks to queue
[2024-03-02T09:56:34.852-0300] {logging_mixin.py:188} INFO - [2024-03-02T09:56:34.852-0300] {dagbag.py:540} INFO - Filling up the DagBag from /home/victor/Área de Trabalho/airflow/venv/lib/python3.10/site-packages/airflow/example_dags/example_branch_datetime_operator.py
[2024-03-02T09:56:34.859-0300] {processor.py:840} INFO - DAG(s) 'example_branch_datetime_operator_2', 'example_branch_datetime_operator_3', 'example_branch_datetime_operator' retrieved from /home/victor/Área de Trabalho/airflow/venv/lib/python3.10/site-packages/airflow/example_dags/example_branch_datetime_operator.py
[2024-03-02T09:56:34.891-0300] {logging_mixin.py:188} INFO - [2024-03-02T09:56:34.891-0300] {dag.py:3047} INFO - Sync 3 DAGs
[2024-03-02T09:56:34.912-0300] {logging_mixin.py:188} INFO - [2024-03-02T09:56:34.912-0300] {dag.py:3834} INFO - Setting next_dagrun for example_branch_datetime_operator to 2024-03-01 00:00:00+00:00, run_after=2024-03-02 00:00:00+00:00
[2024-03-02T09:56:34.917-0300] {logging_mixin.py:188} INFO - [2024-03-02T09:56:34.917-0300] {dag.py:3834} INFO - Setting next_dagrun for example_branch_datetime_operator_2 to 2024-03-01 00:00:00+00:00, run_after=2024-03-02 00:00:00+00:00
[2024-03-02T09:56:34.920-0300] {logging_mixin.py:188} INFO - [2024-03-02T09:56:34.920-0300] {dag.py:3834} INFO - Setting next_dagrun for example_branch_datetime_operator_3 to 2024-03-01 00:00:00+00:00, run_after=2024-03-02 00:00:00+00:00
[2024-03-02T09:56:34.937-0300] {processor.py:183} INFO - Processing /home/victor/Área de Trabalho/airflow/venv/lib/python3.10/site-packages/airflow/example_dags/example_branch_datetime_operator.py took 0.089 seconds
[2024-03-02T09:57:05.435-0300] {processor.py:161} INFO - Started process (PID=26795) to work on /home/victor/Área de Trabalho/airflow/venv/lib/python3.10/site-packages/airflow/example_dags/example_branch_datetime_operator.py
[2024-03-02T09:57:05.436-0300] {processor.py:830} INFO - Processing file /home/victor/Área de Trabalho/airflow/venv/lib/python3.10/site-packages/airflow/example_dags/example_branch_datetime_operator.py for tasks to queue
[2024-03-02T09:57:05.437-0300] {logging_mixin.py:188} INFO - [2024-03-02T09:57:05.436-0300] {dagbag.py:540} INFO - Filling up the DagBag from /home/victor/Área de Trabalho/airflow/venv/lib/python3.10/site-packages/airflow/example_dags/example_branch_datetime_operator.py
[2024-03-02T09:57:05.446-0300] {processor.py:840} INFO - DAG(s) 'example_branch_datetime_operator_3', 'example_branch_datetime_operator_2', 'example_branch_datetime_operator' retrieved from /home/victor/Área de Trabalho/airflow/venv/lib/python3.10/site-packages/airflow/example_dags/example_branch_datetime_operator.py
[2024-03-02T09:57:05.479-0300] {logging_mixin.py:188} INFO - [2024-03-02T09:57:05.479-0300] {dag.py:3047} INFO - Sync 3 DAGs
[2024-03-02T09:57:05.500-0300] {logging_mixin.py:188} INFO - [2024-03-02T09:57:05.500-0300] {dag.py:3834} INFO - Setting next_dagrun for example_branch_datetime_operator to 2024-03-01 00:00:00+00:00, run_after=2024-03-02 00:00:00+00:00
[2024-03-02T09:57:05.505-0300] {logging_mixin.py:188} INFO - [2024-03-02T09:57:05.505-0300] {dag.py:3834} INFO - Setting next_dagrun for example_branch_datetime_operator_2 to 2024-03-01 00:00:00+00:00, run_after=2024-03-02 00:00:00+00:00
[2024-03-02T09:57:05.508-0300] {logging_mixin.py:188} INFO - [2024-03-02T09:57:05.508-0300] {dag.py:3834} INFO - Setting next_dagrun for example_branch_datetime_operator_3 to 2024-03-01 00:00:00+00:00, run_after=2024-03-02 00:00:00+00:00
[2024-03-02T09:57:05.527-0300] {processor.py:183} INFO - Processing /home/victor/Área de Trabalho/airflow/venv/lib/python3.10/site-packages/airflow/example_dags/example_branch_datetime_operator.py took 0.095 seconds
[2024-03-02T09:57:35.915-0300] {processor.py:161} INFO - Started process (PID=27116) to work on /home/victor/Área de Trabalho/airflow/venv/lib/python3.10/site-packages/airflow/example_dags/example_branch_datetime_operator.py
[2024-03-02T09:57:35.916-0300] {processor.py:830} INFO - Processing file /home/victor/Área de Trabalho/airflow/venv/lib/python3.10/site-packages/airflow/example_dags/example_branch_datetime_operator.py for tasks to queue
[2024-03-02T09:57:35.916-0300] {logging_mixin.py:188} INFO - [2024-03-02T09:57:35.916-0300] {dagbag.py:540} INFO - Filling up the DagBag from /home/victor/Área de Trabalho/airflow/venv/lib/python3.10/site-packages/airflow/example_dags/example_branch_datetime_operator.py
[2024-03-02T09:57:35.925-0300] {processor.py:840} INFO - DAG(s) 'example_branch_datetime_operator_3', 'example_branch_datetime_operator', 'example_branch_datetime_operator_2' retrieved from /home/victor/Área de Trabalho/airflow/venv/lib/python3.10/site-packages/airflow/example_dags/example_branch_datetime_operator.py
[2024-03-02T09:57:35.957-0300] {logging_mixin.py:188} INFO - [2024-03-02T09:57:35.957-0300] {dag.py:3047} INFO - Sync 3 DAGs
[2024-03-02T09:57:35.979-0300] {logging_mixin.py:188} INFO - [2024-03-02T09:57:35.978-0300] {dag.py:3834} INFO - Setting next_dagrun for example_branch_datetime_operator to 2024-03-01 00:00:00+00:00, run_after=2024-03-02 00:00:00+00:00
[2024-03-02T09:57:35.984-0300] {logging_mixin.py:188} INFO - [2024-03-02T09:57:35.983-0300] {dag.py:3834} INFO - Setting next_dagrun for example_branch_datetime_operator_2 to 2024-03-01 00:00:00+00:00, run_after=2024-03-02 00:00:00+00:00
[2024-03-02T09:57:35.986-0300] {logging_mixin.py:188} INFO - [2024-03-02T09:57:35.986-0300] {dag.py:3834} INFO - Setting next_dagrun for example_branch_datetime_operator_3 to 2024-03-01 00:00:00+00:00, run_after=2024-03-02 00:00:00+00:00
[2024-03-02T09:57:36.003-0300] {processor.py:183} INFO - Processing /home/victor/Área de Trabalho/airflow/venv/lib/python3.10/site-packages/airflow/example_dags/example_branch_datetime_operator.py took 0.090 seconds
[2024-03-02T09:58:06.583-0300] {processor.py:161} INFO - Started process (PID=27680) to work on /home/victor/Área de Trabalho/airflow/venv/lib/python3.10/site-packages/airflow/example_dags/example_branch_datetime_operator.py
[2024-03-02T09:58:06.584-0300] {processor.py:830} INFO - Processing file /home/victor/Área de Trabalho/airflow/venv/lib/python3.10/site-packages/airflow/example_dags/example_branch_datetime_operator.py for tasks to queue
[2024-03-02T09:58:06.585-0300] {logging_mixin.py:188} INFO - [2024-03-02T09:58:06.585-0300] {dagbag.py:540} INFO - Filling up the DagBag from /home/victor/Área de Trabalho/airflow/venv/lib/python3.10/site-packages/airflow/example_dags/example_branch_datetime_operator.py
[2024-03-02T09:58:06.595-0300] {processor.py:840} INFO - DAG(s) 'example_branch_datetime_operator_2', 'example_branch_datetime_operator_3', 'example_branch_datetime_operator' retrieved from /home/victor/Área de Trabalho/airflow/venv/lib/python3.10/site-packages/airflow/example_dags/example_branch_datetime_operator.py
[2024-03-02T09:58:06.630-0300] {logging_mixin.py:188} INFO - [2024-03-02T09:58:06.629-0300] {dag.py:3047} INFO - Sync 3 DAGs
[2024-03-02T09:58:06.664-0300] {logging_mixin.py:188} INFO - [2024-03-02T09:58:06.664-0300] {dag.py:3834} INFO - Setting next_dagrun for example_branch_datetime_operator to 2024-03-01 00:00:00+00:00, run_after=2024-03-02 00:00:00+00:00
[2024-03-02T09:58:06.669-0300] {logging_mixin.py:188} INFO - [2024-03-02T09:58:06.669-0300] {dag.py:3834} INFO - Setting next_dagrun for example_branch_datetime_operator_2 to 2024-03-01 00:00:00+00:00, run_after=2024-03-02 00:00:00+00:00
[2024-03-02T09:58:06.672-0300] {logging_mixin.py:188} INFO - [2024-03-02T09:58:06.672-0300] {dag.py:3834} INFO - Setting next_dagrun for example_branch_datetime_operator_3 to 2024-03-01 00:00:00+00:00, run_after=2024-03-02 00:00:00+00:00
[2024-03-02T09:58:06.691-0300] {processor.py:183} INFO - Processing /home/victor/Área de Trabalho/airflow/venv/lib/python3.10/site-packages/airflow/example_dags/example_branch_datetime_operator.py took 0.110 seconds
[2024-03-02T09:58:37.156-0300] {processor.py:161} INFO - Started process (PID=29039) to work on /home/victor/Área de Trabalho/airflow/venv/lib/python3.10/site-packages/airflow/example_dags/example_branch_datetime_operator.py
[2024-03-02T09:58:37.156-0300] {processor.py:830} INFO - Processing file /home/victor/Área de Trabalho/airflow/venv/lib/python3.10/site-packages/airflow/example_dags/example_branch_datetime_operator.py for tasks to queue
[2024-03-02T09:58:37.157-0300] {logging_mixin.py:188} INFO - [2024-03-02T09:58:37.157-0300] {dagbag.py:540} INFO - Filling up the DagBag from /home/victor/Área de Trabalho/airflow/venv/lib/python3.10/site-packages/airflow/example_dags/example_branch_datetime_operator.py
[2024-03-02T09:58:37.169-0300] {processor.py:840} INFO - DAG(s) 'example_branch_datetime_operator', 'example_branch_datetime_operator_3', 'example_branch_datetime_operator_2' retrieved from /home/victor/Área de Trabalho/airflow/venv/lib/python3.10/site-packages/airflow/example_dags/example_branch_datetime_operator.py
[2024-03-02T09:58:37.209-0300] {logging_mixin.py:188} INFO - [2024-03-02T09:58:37.209-0300] {dag.py:3047} INFO - Sync 3 DAGs
[2024-03-02T09:58:37.232-0300] {logging_mixin.py:188} INFO - [2024-03-02T09:58:37.231-0300] {dag.py:3834} INFO - Setting next_dagrun for example_branch_datetime_operator to 2024-03-01 00:00:00+00:00, run_after=2024-03-02 00:00:00+00:00
[2024-03-02T09:58:37.237-0300] {logging_mixin.py:188} INFO - [2024-03-02T09:58:37.236-0300] {dag.py:3834} INFO - Setting next_dagrun for example_branch_datetime_operator_2 to 2024-03-01 00:00:00+00:00, run_after=2024-03-02 00:00:00+00:00
[2024-03-02T09:58:37.240-0300] {logging_mixin.py:188} INFO - [2024-03-02T09:58:37.239-0300] {dag.py:3834} INFO - Setting next_dagrun for example_branch_datetime_operator_3 to 2024-03-01 00:00:00+00:00, run_after=2024-03-02 00:00:00+00:00
[2024-03-02T09:58:37.320-0300] {processor.py:183} INFO - Processing /home/victor/Área de Trabalho/airflow/venv/lib/python3.10/site-packages/airflow/example_dags/example_branch_datetime_operator.py took 0.168 seconds
[2024-03-02T09:59:07.585-0300] {processor.py:161} INFO - Started process (PID=29550) to work on /home/victor/Área de Trabalho/airflow/venv/lib/python3.10/site-packages/airflow/example_dags/example_branch_datetime_operator.py
[2024-03-02T09:59:07.587-0300] {processor.py:830} INFO - Processing file /home/victor/Área de Trabalho/airflow/venv/lib/python3.10/site-packages/airflow/example_dags/example_branch_datetime_operator.py for tasks to queue
[2024-03-02T09:59:07.588-0300] {logging_mixin.py:188} INFO - [2024-03-02T09:59:07.588-0300] {dagbag.py:540} INFO - Filling up the DagBag from /home/victor/Área de Trabalho/airflow/venv/lib/python3.10/site-packages/airflow/example_dags/example_branch_datetime_operator.py
[2024-03-02T09:59:07.597-0300] {processor.py:840} INFO - DAG(s) 'example_branch_datetime_operator_3', 'example_branch_datetime_operator_2', 'example_branch_datetime_operator' retrieved from /home/victor/Área de Trabalho/airflow/venv/lib/python3.10/site-packages/airflow/example_dags/example_branch_datetime_operator.py
[2024-03-02T09:59:07.630-0300] {logging_mixin.py:188} INFO - [2024-03-02T09:59:07.629-0300] {dag.py:3047} INFO - Sync 3 DAGs
[2024-03-02T09:59:07.652-0300] {logging_mixin.py:188} INFO - [2024-03-02T09:59:07.652-0300] {dag.py:3834} INFO - Setting next_dagrun for example_branch_datetime_operator to 2024-03-01 00:00:00+00:00, run_after=2024-03-02 00:00:00+00:00
[2024-03-02T09:59:07.660-0300] {logging_mixin.py:188} INFO - [2024-03-02T09:59:07.660-0300] {dag.py:3834} INFO - Setting next_dagrun for example_branch_datetime_operator_2 to 2024-03-01 00:00:00+00:00, run_after=2024-03-02 00:00:00+00:00
[2024-03-02T09:59:07.664-0300] {logging_mixin.py:188} INFO - [2024-03-02T09:59:07.664-0300] {dag.py:3834} INFO - Setting next_dagrun for example_branch_datetime_operator_3 to 2024-03-01 00:00:00+00:00, run_after=2024-03-02 00:00:00+00:00
[2024-03-02T09:59:07.685-0300] {processor.py:183} INFO - Processing /home/victor/Área de Trabalho/airflow/venv/lib/python3.10/site-packages/airflow/example_dags/example_branch_datetime_operator.py took 0.103 seconds
