[2024-03-02T09:36:58.803-0300] {processor.py:161} INFO - Started process (PID=7933) to work on /home/victor/Área de Trabalho/airflow/venv/lib/python3.10/site-packages/airflow/example_dags/example_params_ui_tutorial.py
[2024-03-02T09:36:58.803-0300] {processor.py:830} INFO - Processing file /home/victor/Área de Trabalho/airflow/venv/lib/python3.10/site-packages/airflow/example_dags/example_params_ui_tutorial.py for tasks to queue
[2024-03-02T09:36:58.804-0300] {logging_mixin.py:188} INFO - [2024-03-02T09:36:58.804-0300] {dagbag.py:540} INFO - Filling up the DagBag from /home/victor/Área de Trabalho/airflow/venv/lib/python3.10/site-packages/airflow/example_dags/example_params_ui_tutorial.py
[2024-03-02T09:36:58.814-0300] {processor.py:840} INFO - DAG(s) 'example_params_ui_tutorial' retrieved from /home/victor/Área de Trabalho/airflow/venv/lib/python3.10/site-packages/airflow/example_dags/example_params_ui_tutorial.py
[2024-03-02T09:36:58.834-0300] {logging_mixin.py:188} INFO - [2024-03-02T09:36:58.834-0300] {dag.py:3047} INFO - Sync 1 DAGs
[2024-03-02T09:36:58.847-0300] {logging_mixin.py:188} INFO - [2024-03-02T09:36:58.847-0300] {dag.py:3834} INFO - Setting next_dagrun for example_params_ui_tutorial to None, run_after=None
[2024-03-02T09:36:58.870-0300] {processor.py:183} INFO - Processing /home/victor/Área de Trabalho/airflow/venv/lib/python3.10/site-packages/airflow/example_dags/example_params_ui_tutorial.py took 0.070 seconds
[2024-03-02T09:37:30.057-0300] {processor.py:161} INFO - Started process (PID=9347) to work on /home/victor/Área de Trabalho/airflow/venv/lib/python3.10/site-packages/airflow/example_dags/example_params_ui_tutorial.py
[2024-03-02T09:37:30.058-0300] {processor.py:830} INFO - Processing file /home/victor/Área de Trabalho/airflow/venv/lib/python3.10/site-packages/airflow/example_dags/example_params_ui_tutorial.py for tasks to queue
[2024-03-02T09:37:30.059-0300] {logging_mixin.py:188} INFO - [2024-03-02T09:37:30.058-0300] {dagbag.py:540} INFO - Filling up the DagBag from /home/victor/Área de Trabalho/airflow/venv/lib/python3.10/site-packages/airflow/example_dags/example_params_ui_tutorial.py
[2024-03-02T09:37:30.069-0300] {processor.py:840} INFO - DAG(s) 'example_params_ui_tutorial' retrieved from /home/victor/Área de Trabalho/airflow/venv/lib/python3.10/site-packages/airflow/example_dags/example_params_ui_tutorial.py
[2024-03-02T09:37:30.191-0300] {logging_mixin.py:188} INFO - [2024-03-02T09:37:30.190-0300] {dag.py:3047} INFO - Sync 1 DAGs
[2024-03-02T09:37:30.201-0300] {logging_mixin.py:188} INFO - [2024-03-02T09:37:30.201-0300] {dag.py:3834} INFO - Setting next_dagrun for example_params_ui_tutorial to None, run_after=None
[2024-03-02T09:37:30.222-0300] {processor.py:183} INFO - Processing /home/victor/Área de Trabalho/airflow/venv/lib/python3.10/site-packages/airflow/example_dags/example_params_ui_tutorial.py took 0.167 seconds
[2024-03-02T09:38:00.358-0300] {processor.py:161} INFO - Started process (PID=10009) to work on /home/victor/Área de Trabalho/airflow/venv/lib/python3.10/site-packages/airflow/example_dags/example_params_ui_tutorial.py
[2024-03-02T09:38:00.360-0300] {processor.py:830} INFO - Processing file /home/victor/Área de Trabalho/airflow/venv/lib/python3.10/site-packages/airflow/example_dags/example_params_ui_tutorial.py for tasks to queue
[2024-03-02T09:38:00.362-0300] {logging_mixin.py:188} INFO - [2024-03-02T09:38:00.361-0300] {dagbag.py:540} INFO - Filling up the DagBag from /home/victor/Área de Trabalho/airflow/venv/lib/python3.10/site-packages/airflow/example_dags/example_params_ui_tutorial.py
[2024-03-02T09:38:00.372-0300] {processor.py:840} INFO - DAG(s) 'example_params_ui_tutorial' retrieved from /home/victor/Área de Trabalho/airflow/venv/lib/python3.10/site-packages/airflow/example_dags/example_params_ui_tutorial.py
[2024-03-02T09:38:00.427-0300] {logging_mixin.py:188} INFO - [2024-03-02T09:38:00.426-0300] {dag.py:3047} INFO - Sync 1 DAGs
[2024-03-02T09:38:00.438-0300] {logging_mixin.py:188} INFO - [2024-03-02T09:38:00.438-0300] {dag.py:3834} INFO - Setting next_dagrun for example_params_ui_tutorial to None, run_after=None
[2024-03-02T09:38:00.458-0300] {processor.py:183} INFO - Processing /home/victor/Área de Trabalho/airflow/venv/lib/python3.10/site-packages/airflow/example_dags/example_params_ui_tutorial.py took 0.105 seconds
[2024-03-02T09:38:31.854-0300] {processor.py:161} INFO - Started process (PID=10327) to work on /home/victor/Área de Trabalho/airflow/venv/lib/python3.10/site-packages/airflow/example_dags/example_params_ui_tutorial.py
[2024-03-02T09:38:31.855-0300] {processor.py:830} INFO - Processing file /home/victor/Área de Trabalho/airflow/venv/lib/python3.10/site-packages/airflow/example_dags/example_params_ui_tutorial.py for tasks to queue
[2024-03-02T09:38:31.856-0300] {logging_mixin.py:188} INFO - [2024-03-02T09:38:31.856-0300] {dagbag.py:540} INFO - Filling up the DagBag from /home/victor/Área de Trabalho/airflow/venv/lib/python3.10/site-packages/airflow/example_dags/example_params_ui_tutorial.py
[2024-03-02T09:38:31.866-0300] {processor.py:840} INFO - DAG(s) 'example_params_ui_tutorial' retrieved from /home/victor/Área de Trabalho/airflow/venv/lib/python3.10/site-packages/airflow/example_dags/example_params_ui_tutorial.py
[2024-03-02T09:38:31.917-0300] {logging_mixin.py:188} INFO - [2024-03-02T09:38:31.917-0300] {dag.py:3047} INFO - Sync 1 DAGs
[2024-03-02T09:38:31.929-0300] {logging_mixin.py:188} INFO - [2024-03-02T09:38:31.928-0300] {dag.py:3834} INFO - Setting next_dagrun for example_params_ui_tutorial to None, run_after=None
[2024-03-02T09:38:31.947-0300] {processor.py:183} INFO - Processing /home/victor/Área de Trabalho/airflow/venv/lib/python3.10/site-packages/airflow/example_dags/example_params_ui_tutorial.py took 0.096 seconds
[2024-03-02T09:39:03.189-0300] {processor.py:161} INFO - Started process (PID=10879) to work on /home/victor/Área de Trabalho/airflow/venv/lib/python3.10/site-packages/airflow/example_dags/example_params_ui_tutorial.py
[2024-03-02T09:39:03.189-0300] {processor.py:830} INFO - Processing file /home/victor/Área de Trabalho/airflow/venv/lib/python3.10/site-packages/airflow/example_dags/example_params_ui_tutorial.py for tasks to queue
[2024-03-02T09:39:03.190-0300] {logging_mixin.py:188} INFO - [2024-03-02T09:39:03.190-0300] {dagbag.py:540} INFO - Filling up the DagBag from /home/victor/Área de Trabalho/airflow/venv/lib/python3.10/site-packages/airflow/example_dags/example_params_ui_tutorial.py
[2024-03-02T09:39:03.200-0300] {processor.py:840} INFO - DAG(s) 'example_params_ui_tutorial' retrieved from /home/victor/Área de Trabalho/airflow/venv/lib/python3.10/site-packages/airflow/example_dags/example_params_ui_tutorial.py
[2024-03-02T09:39:03.256-0300] {logging_mixin.py:188} INFO - [2024-03-02T09:39:03.256-0300] {dag.py:3047} INFO - Sync 1 DAGs
[2024-03-02T09:39:03.268-0300] {logging_mixin.py:188} INFO - [2024-03-02T09:39:03.268-0300] {dag.py:3834} INFO - Setting next_dagrun for example_params_ui_tutorial to None, run_after=None
[2024-03-02T09:39:03.287-0300] {processor.py:183} INFO - Processing /home/victor/Área de Trabalho/airflow/venv/lib/python3.10/site-packages/airflow/example_dags/example_params_ui_tutorial.py took 0.101 seconds
[2024-03-02T09:39:34.360-0300] {processor.py:161} INFO - Started process (PID=11480) to work on /home/victor/Área de Trabalho/airflow/venv/lib/python3.10/site-packages/airflow/example_dags/example_params_ui_tutorial.py
[2024-03-02T09:39:34.361-0300] {processor.py:830} INFO - Processing file /home/victor/Área de Trabalho/airflow/venv/lib/python3.10/site-packages/airflow/example_dags/example_params_ui_tutorial.py for tasks to queue
[2024-03-02T09:39:34.362-0300] {logging_mixin.py:188} INFO - [2024-03-02T09:39:34.362-0300] {dagbag.py:540} INFO - Filling up the DagBag from /home/victor/Área de Trabalho/airflow/venv/lib/python3.10/site-packages/airflow/example_dags/example_params_ui_tutorial.py
[2024-03-02T09:39:34.372-0300] {processor.py:840} INFO - DAG(s) 'example_params_ui_tutorial' retrieved from /home/victor/Área de Trabalho/airflow/venv/lib/python3.10/site-packages/airflow/example_dags/example_params_ui_tutorial.py
[2024-03-02T09:39:34.425-0300] {logging_mixin.py:188} INFO - [2024-03-02T09:39:34.425-0300] {dag.py:3047} INFO - Sync 1 DAGs
[2024-03-02T09:39:34.437-0300] {logging_mixin.py:188} INFO - [2024-03-02T09:39:34.436-0300] {dag.py:3834} INFO - Setting next_dagrun for example_params_ui_tutorial to None, run_after=None
[2024-03-02T09:39:34.457-0300] {processor.py:183} INFO - Processing /home/victor/Área de Trabalho/airflow/venv/lib/python3.10/site-packages/airflow/example_dags/example_params_ui_tutorial.py took 0.099 seconds
[2024-03-02T09:40:05.651-0300] {processor.py:161} INFO - Started process (PID=11956) to work on /home/victor/Área de Trabalho/airflow/venv/lib/python3.10/site-packages/airflow/example_dags/example_params_ui_tutorial.py
[2024-03-02T09:40:05.652-0300] {processor.py:830} INFO - Processing file /home/victor/Área de Trabalho/airflow/venv/lib/python3.10/site-packages/airflow/example_dags/example_params_ui_tutorial.py for tasks to queue
[2024-03-02T09:40:05.653-0300] {logging_mixin.py:188} INFO - [2024-03-02T09:40:05.652-0300] {dagbag.py:540} INFO - Filling up the DagBag from /home/victor/Área de Trabalho/airflow/venv/lib/python3.10/site-packages/airflow/example_dags/example_params_ui_tutorial.py
[2024-03-02T09:40:05.662-0300] {processor.py:840} INFO - DAG(s) 'example_params_ui_tutorial' retrieved from /home/victor/Área de Trabalho/airflow/venv/lib/python3.10/site-packages/airflow/example_dags/example_params_ui_tutorial.py
[2024-03-02T09:40:05.717-0300] {logging_mixin.py:188} INFO - [2024-03-02T09:40:05.716-0300] {dag.py:3047} INFO - Sync 1 DAGs
[2024-03-02T09:40:05.728-0300] {logging_mixin.py:188} INFO - [2024-03-02T09:40:05.727-0300] {dag.py:3834} INFO - Setting next_dagrun for example_params_ui_tutorial to None, run_after=None
[2024-03-02T09:40:05.747-0300] {processor.py:183} INFO - Processing /home/victor/Área de Trabalho/airflow/venv/lib/python3.10/site-packages/airflow/example_dags/example_params_ui_tutorial.py took 0.098 seconds
[2024-03-02T09:40:37.047-0300] {processor.py:161} INFO - Started process (PID=12334) to work on /home/victor/Área de Trabalho/airflow/venv/lib/python3.10/site-packages/airflow/example_dags/example_params_ui_tutorial.py
[2024-03-02T09:40:37.048-0300] {processor.py:830} INFO - Processing file /home/victor/Área de Trabalho/airflow/venv/lib/python3.10/site-packages/airflow/example_dags/example_params_ui_tutorial.py for tasks to queue
[2024-03-02T09:40:37.049-0300] {logging_mixin.py:188} INFO - [2024-03-02T09:40:37.048-0300] {dagbag.py:540} INFO - Filling up the DagBag from /home/victor/Área de Trabalho/airflow/venv/lib/python3.10/site-packages/airflow/example_dags/example_params_ui_tutorial.py
[2024-03-02T09:40:37.059-0300] {processor.py:840} INFO - DAG(s) 'example_params_ui_tutorial' retrieved from /home/victor/Área de Trabalho/airflow/venv/lib/python3.10/site-packages/airflow/example_dags/example_params_ui_tutorial.py
[2024-03-02T09:40:37.122-0300] {logging_mixin.py:188} INFO - [2024-03-02T09:40:37.122-0300] {dag.py:3047} INFO - Sync 1 DAGs
[2024-03-02T09:40:37.139-0300] {logging_mixin.py:188} INFO - [2024-03-02T09:40:37.139-0300] {dag.py:3834} INFO - Setting next_dagrun for example_params_ui_tutorial to None, run_after=None
[2024-03-02T09:40:37.159-0300] {processor.py:183} INFO - Processing /home/victor/Área de Trabalho/airflow/venv/lib/python3.10/site-packages/airflow/example_dags/example_params_ui_tutorial.py took 0.115 seconds
[2024-03-02T09:41:08.028-0300] {processor.py:161} INFO - Started process (PID=12808) to work on /home/victor/Área de Trabalho/airflow/venv/lib/python3.10/site-packages/airflow/example_dags/example_params_ui_tutorial.py
[2024-03-02T09:41:08.031-0300] {processor.py:830} INFO - Processing file /home/victor/Área de Trabalho/airflow/venv/lib/python3.10/site-packages/airflow/example_dags/example_params_ui_tutorial.py for tasks to queue
[2024-03-02T09:41:08.032-0300] {logging_mixin.py:188} INFO - [2024-03-02T09:41:08.031-0300] {dagbag.py:540} INFO - Filling up the DagBag from /home/victor/Área de Trabalho/airflow/venv/lib/python3.10/site-packages/airflow/example_dags/example_params_ui_tutorial.py
[2024-03-02T09:41:08.044-0300] {processor.py:840} INFO - DAG(s) 'example_params_ui_tutorial' retrieved from /home/victor/Área de Trabalho/airflow/venv/lib/python3.10/site-packages/airflow/example_dags/example_params_ui_tutorial.py
[2024-03-02T09:41:08.106-0300] {logging_mixin.py:188} INFO - [2024-03-02T09:41:08.106-0300] {dag.py:3047} INFO - Sync 1 DAGs
[2024-03-02T09:41:08.118-0300] {logging_mixin.py:188} INFO - [2024-03-02T09:41:08.117-0300] {dag.py:3834} INFO - Setting next_dagrun for example_params_ui_tutorial to None, run_after=None
[2024-03-02T09:41:08.139-0300] {processor.py:183} INFO - Processing /home/victor/Área de Trabalho/airflow/venv/lib/python3.10/site-packages/airflow/example_dags/example_params_ui_tutorial.py took 0.115 seconds
[2024-03-02T09:41:38.769-0300] {processor.py:161} INFO - Started process (PID=13125) to work on /home/victor/Área de Trabalho/airflow/venv/lib/python3.10/site-packages/airflow/example_dags/example_params_ui_tutorial.py
[2024-03-02T09:41:38.771-0300] {processor.py:830} INFO - Processing file /home/victor/Área de Trabalho/airflow/venv/lib/python3.10/site-packages/airflow/example_dags/example_params_ui_tutorial.py for tasks to queue
[2024-03-02T09:41:38.776-0300] {logging_mixin.py:188} INFO - [2024-03-02T09:41:38.774-0300] {dagbag.py:540} INFO - Filling up the DagBag from /home/victor/Área de Trabalho/airflow/venv/lib/python3.10/site-packages/airflow/example_dags/example_params_ui_tutorial.py
[2024-03-02T09:41:38.786-0300] {processor.py:840} INFO - DAG(s) 'example_params_ui_tutorial' retrieved from /home/victor/Área de Trabalho/airflow/venv/lib/python3.10/site-packages/airflow/example_dags/example_params_ui_tutorial.py
[2024-03-02T09:41:38.846-0300] {logging_mixin.py:188} INFO - [2024-03-02T09:41:38.846-0300] {dag.py:3047} INFO - Sync 1 DAGs
[2024-03-02T09:41:38.860-0300] {logging_mixin.py:188} INFO - [2024-03-02T09:41:38.860-0300] {dag.py:3834} INFO - Setting next_dagrun for example_params_ui_tutorial to None, run_after=None
[2024-03-02T09:41:38.881-0300] {processor.py:183} INFO - Processing /home/victor/Área de Trabalho/airflow/venv/lib/python3.10/site-packages/airflow/example_dags/example_params_ui_tutorial.py took 0.115 seconds
[2024-03-02T09:42:09.730-0300] {processor.py:161} INFO - Started process (PID=13762) to work on /home/victor/Área de Trabalho/airflow/venv/lib/python3.10/site-packages/airflow/example_dags/example_params_ui_tutorial.py
[2024-03-02T09:42:09.732-0300] {processor.py:830} INFO - Processing file /home/victor/Área de Trabalho/airflow/venv/lib/python3.10/site-packages/airflow/example_dags/example_params_ui_tutorial.py for tasks to queue
[2024-03-02T09:42:09.733-0300] {logging_mixin.py:188} INFO - [2024-03-02T09:42:09.732-0300] {dagbag.py:540} INFO - Filling up the DagBag from /home/victor/Área de Trabalho/airflow/venv/lib/python3.10/site-packages/airflow/example_dags/example_params_ui_tutorial.py
[2024-03-02T09:42:09.744-0300] {processor.py:840} INFO - DAG(s) 'example_params_ui_tutorial' retrieved from /home/victor/Área de Trabalho/airflow/venv/lib/python3.10/site-packages/airflow/example_dags/example_params_ui_tutorial.py
[2024-03-02T09:42:09.801-0300] {logging_mixin.py:188} INFO - [2024-03-02T09:42:09.801-0300] {dag.py:3047} INFO - Sync 1 DAGs
[2024-03-02T09:42:09.813-0300] {logging_mixin.py:188} INFO - [2024-03-02T09:42:09.813-0300] {dag.py:3834} INFO - Setting next_dagrun for example_params_ui_tutorial to None, run_after=None
[2024-03-02T09:42:09.841-0300] {processor.py:183} INFO - Processing /home/victor/Área de Trabalho/airflow/venv/lib/python3.10/site-packages/airflow/example_dags/example_params_ui_tutorial.py took 0.114 seconds
[2024-03-02T09:42:40.452-0300] {processor.py:161} INFO - Started process (PID=14079) to work on /home/victor/Área de Trabalho/airflow/venv/lib/python3.10/site-packages/airflow/example_dags/example_params_ui_tutorial.py
[2024-03-02T09:42:40.453-0300] {processor.py:830} INFO - Processing file /home/victor/Área de Trabalho/airflow/venv/lib/python3.10/site-packages/airflow/example_dags/example_params_ui_tutorial.py for tasks to queue
[2024-03-02T09:42:40.454-0300] {logging_mixin.py:188} INFO - [2024-03-02T09:42:40.453-0300] {dagbag.py:540} INFO - Filling up the DagBag from /home/victor/Área de Trabalho/airflow/venv/lib/python3.10/site-packages/airflow/example_dags/example_params_ui_tutorial.py
[2024-03-02T09:42:40.465-0300] {processor.py:840} INFO - DAG(s) 'example_params_ui_tutorial' retrieved from /home/victor/Área de Trabalho/airflow/venv/lib/python3.10/site-packages/airflow/example_dags/example_params_ui_tutorial.py
[2024-03-02T09:42:40.522-0300] {logging_mixin.py:188} INFO - [2024-03-02T09:42:40.522-0300] {dag.py:3047} INFO - Sync 1 DAGs
[2024-03-02T09:42:40.537-0300] {logging_mixin.py:188} INFO - [2024-03-02T09:42:40.537-0300] {dag.py:3834} INFO - Setting next_dagrun for example_params_ui_tutorial to None, run_after=None
[2024-03-02T09:42:40.563-0300] {processor.py:183} INFO - Processing /home/victor/Área de Trabalho/airflow/venv/lib/python3.10/site-packages/airflow/example_dags/example_params_ui_tutorial.py took 0.114 seconds
[2024-03-02T09:43:11.609-0300] {processor.py:161} INFO - Started process (PID=14559) to work on /home/victor/Área de Trabalho/airflow/venv/lib/python3.10/site-packages/airflow/example_dags/example_params_ui_tutorial.py
[2024-03-02T09:43:11.611-0300] {processor.py:830} INFO - Processing file /home/victor/Área de Trabalho/airflow/venv/lib/python3.10/site-packages/airflow/example_dags/example_params_ui_tutorial.py for tasks to queue
[2024-03-02T09:43:11.614-0300] {logging_mixin.py:188} INFO - [2024-03-02T09:43:11.613-0300] {dagbag.py:540} INFO - Filling up the DagBag from /home/victor/Área de Trabalho/airflow/venv/lib/python3.10/site-packages/airflow/example_dags/example_params_ui_tutorial.py
[2024-03-02T09:43:11.625-0300] {processor.py:840} INFO - DAG(s) 'example_params_ui_tutorial' retrieved from /home/victor/Área de Trabalho/airflow/venv/lib/python3.10/site-packages/airflow/example_dags/example_params_ui_tutorial.py
[2024-03-02T09:43:11.686-0300] {logging_mixin.py:188} INFO - [2024-03-02T09:43:11.686-0300] {dag.py:3047} INFO - Sync 1 DAGs
[2024-03-02T09:43:11.699-0300] {logging_mixin.py:188} INFO - [2024-03-02T09:43:11.699-0300] {dag.py:3834} INFO - Setting next_dagrun for example_params_ui_tutorial to None, run_after=None
[2024-03-02T09:43:11.723-0300] {processor.py:183} INFO - Processing /home/victor/Área de Trabalho/airflow/venv/lib/python3.10/site-packages/airflow/example_dags/example_params_ui_tutorial.py took 0.117 seconds
[2024-03-02T09:43:42.372-0300] {processor.py:161} INFO - Started process (PID=14881) to work on /home/victor/Área de Trabalho/airflow/venv/lib/python3.10/site-packages/airflow/example_dags/example_params_ui_tutorial.py
[2024-03-02T09:43:42.373-0300] {processor.py:830} INFO - Processing file /home/victor/Área de Trabalho/airflow/venv/lib/python3.10/site-packages/airflow/example_dags/example_params_ui_tutorial.py for tasks to queue
[2024-03-02T09:43:42.374-0300] {logging_mixin.py:188} INFO - [2024-03-02T09:43:42.373-0300] {dagbag.py:540} INFO - Filling up the DagBag from /home/victor/Área de Trabalho/airflow/venv/lib/python3.10/site-packages/airflow/example_dags/example_params_ui_tutorial.py
[2024-03-02T09:43:42.384-0300] {processor.py:840} INFO - DAG(s) 'example_params_ui_tutorial' retrieved from /home/victor/Área de Trabalho/airflow/venv/lib/python3.10/site-packages/airflow/example_dags/example_params_ui_tutorial.py
[2024-03-02T09:43:42.442-0300] {logging_mixin.py:188} INFO - [2024-03-02T09:43:42.442-0300] {dag.py:3047} INFO - Sync 1 DAGs
[2024-03-02T09:43:42.455-0300] {logging_mixin.py:188} INFO - [2024-03-02T09:43:42.455-0300] {dag.py:3834} INFO - Setting next_dagrun for example_params_ui_tutorial to None, run_after=None
[2024-03-02T09:43:42.477-0300] {processor.py:183} INFO - Processing /home/victor/Área de Trabalho/airflow/venv/lib/python3.10/site-packages/airflow/example_dags/example_params_ui_tutorial.py took 0.107 seconds
[2024-03-02T09:44:13.857-0300] {processor.py:161} INFO - Started process (PID=15367) to work on /home/victor/Área de Trabalho/airflow/venv/lib/python3.10/site-packages/airflow/example_dags/example_params_ui_tutorial.py
[2024-03-02T09:44:13.858-0300] {processor.py:830} INFO - Processing file /home/victor/Área de Trabalho/airflow/venv/lib/python3.10/site-packages/airflow/example_dags/example_params_ui_tutorial.py for tasks to queue
[2024-03-02T09:44:13.859-0300] {logging_mixin.py:188} INFO - [2024-03-02T09:44:13.859-0300] {dagbag.py:540} INFO - Filling up the DagBag from /home/victor/Área de Trabalho/airflow/venv/lib/python3.10/site-packages/airflow/example_dags/example_params_ui_tutorial.py
[2024-03-02T09:44:13.882-0300] {processor.py:840} INFO - DAG(s) 'example_params_ui_tutorial' retrieved from /home/victor/Área de Trabalho/airflow/venv/lib/python3.10/site-packages/airflow/example_dags/example_params_ui_tutorial.py
[2024-03-02T09:44:13.958-0300] {logging_mixin.py:188} INFO - [2024-03-02T09:44:13.958-0300] {dag.py:3047} INFO - Sync 1 DAGs
[2024-03-02T09:44:13.972-0300] {logging_mixin.py:188} INFO - [2024-03-02T09:44:13.971-0300] {dag.py:3834} INFO - Setting next_dagrun for example_params_ui_tutorial to None, run_after=None
[2024-03-02T09:44:13.991-0300] {processor.py:183} INFO - Processing /home/victor/Área de Trabalho/airflow/venv/lib/python3.10/site-packages/airflow/example_dags/example_params_ui_tutorial.py took 0.136 seconds
[2024-03-02T09:44:44.568-0300] {processor.py:161} INFO - Started process (PID=15686) to work on /home/victor/Área de Trabalho/airflow/venv/lib/python3.10/site-packages/airflow/example_dags/example_params_ui_tutorial.py
[2024-03-02T09:44:44.569-0300] {processor.py:830} INFO - Processing file /home/victor/Área de Trabalho/airflow/venv/lib/python3.10/site-packages/airflow/example_dags/example_params_ui_tutorial.py for tasks to queue
[2024-03-02T09:44:44.571-0300] {logging_mixin.py:188} INFO - [2024-03-02T09:44:44.570-0300] {dagbag.py:540} INFO - Filling up the DagBag from /home/victor/Área de Trabalho/airflow/venv/lib/python3.10/site-packages/airflow/example_dags/example_params_ui_tutorial.py
[2024-03-02T09:44:44.583-0300] {processor.py:840} INFO - DAG(s) 'example_params_ui_tutorial' retrieved from /home/victor/Área de Trabalho/airflow/venv/lib/python3.10/site-packages/airflow/example_dags/example_params_ui_tutorial.py
[2024-03-02T09:44:44.646-0300] {logging_mixin.py:188} INFO - [2024-03-02T09:44:44.645-0300] {dag.py:3047} INFO - Sync 1 DAGs
[2024-03-02T09:44:44.661-0300] {logging_mixin.py:188} INFO - [2024-03-02T09:44:44.661-0300] {dag.py:3834} INFO - Setting next_dagrun for example_params_ui_tutorial to None, run_after=None
[2024-03-02T09:44:44.684-0300] {processor.py:183} INFO - Processing /home/victor/Área de Trabalho/airflow/venv/lib/python3.10/site-packages/airflow/example_dags/example_params_ui_tutorial.py took 0.119 seconds
[2024-03-02T09:45:15.399-0300] {processor.py:161} INFO - Started process (PID=16179) to work on /home/victor/Área de Trabalho/airflow/venv/lib/python3.10/site-packages/airflow/example_dags/example_params_ui_tutorial.py
[2024-03-02T09:45:15.400-0300] {processor.py:830} INFO - Processing file /home/victor/Área de Trabalho/airflow/venv/lib/python3.10/site-packages/airflow/example_dags/example_params_ui_tutorial.py for tasks to queue
[2024-03-02T09:45:15.402-0300] {logging_mixin.py:188} INFO - [2024-03-02T09:45:15.401-0300] {dagbag.py:540} INFO - Filling up the DagBag from /home/victor/Área de Trabalho/airflow/venv/lib/python3.10/site-packages/airflow/example_dags/example_params_ui_tutorial.py
[2024-03-02T09:45:15.413-0300] {processor.py:840} INFO - DAG(s) 'example_params_ui_tutorial' retrieved from /home/victor/Área de Trabalho/airflow/venv/lib/python3.10/site-packages/airflow/example_dags/example_params_ui_tutorial.py
[2024-03-02T09:45:15.479-0300] {logging_mixin.py:188} INFO - [2024-03-02T09:45:15.479-0300] {dag.py:3047} INFO - Sync 1 DAGs
[2024-03-02T09:45:15.493-0300] {logging_mixin.py:188} INFO - [2024-03-02T09:45:15.493-0300] {dag.py:3834} INFO - Setting next_dagrun for example_params_ui_tutorial to None, run_after=None
[2024-03-02T09:45:15.521-0300] {processor.py:183} INFO - Processing /home/victor/Área de Trabalho/airflow/venv/lib/python3.10/site-packages/airflow/example_dags/example_params_ui_tutorial.py took 0.127 seconds
[2024-03-02T09:45:46.402-0300] {processor.py:161} INFO - Started process (PID=16686) to work on /home/victor/Área de Trabalho/airflow/venv/lib/python3.10/site-packages/airflow/example_dags/example_params_ui_tutorial.py
[2024-03-02T09:45:46.403-0300] {processor.py:830} INFO - Processing file /home/victor/Área de Trabalho/airflow/venv/lib/python3.10/site-packages/airflow/example_dags/example_params_ui_tutorial.py for tasks to queue
[2024-03-02T09:45:46.404-0300] {logging_mixin.py:188} INFO - [2024-03-02T09:45:46.404-0300] {dagbag.py:540} INFO - Filling up the DagBag from /home/victor/Área de Trabalho/airflow/venv/lib/python3.10/site-packages/airflow/example_dags/example_params_ui_tutorial.py
[2024-03-02T09:45:46.416-0300] {processor.py:840} INFO - DAG(s) 'example_params_ui_tutorial' retrieved from /home/victor/Área de Trabalho/airflow/venv/lib/python3.10/site-packages/airflow/example_dags/example_params_ui_tutorial.py
[2024-03-02T09:45:46.471-0300] {logging_mixin.py:188} INFO - [2024-03-02T09:45:46.471-0300] {dag.py:3047} INFO - Sync 1 DAGs
[2024-03-02T09:45:46.483-0300] {logging_mixin.py:188} INFO - [2024-03-02T09:45:46.483-0300] {dag.py:3834} INFO - Setting next_dagrun for example_params_ui_tutorial to None, run_after=None
[2024-03-02T09:45:46.504-0300] {processor.py:183} INFO - Processing /home/victor/Área de Trabalho/airflow/venv/lib/python3.10/site-packages/airflow/example_dags/example_params_ui_tutorial.py took 0.104 seconds
[2024-03-02T09:46:18.030-0300] {processor.py:161} INFO - Started process (PID=17168) to work on /home/victor/Área de Trabalho/airflow/venv/lib/python3.10/site-packages/airflow/example_dags/example_params_ui_tutorial.py
[2024-03-02T09:46:18.031-0300] {processor.py:830} INFO - Processing file /home/victor/Área de Trabalho/airflow/venv/lib/python3.10/site-packages/airflow/example_dags/example_params_ui_tutorial.py for tasks to queue
[2024-03-02T09:46:18.031-0300] {logging_mixin.py:188} INFO - [2024-03-02T09:46:18.031-0300] {dagbag.py:540} INFO - Filling up the DagBag from /home/victor/Área de Trabalho/airflow/venv/lib/python3.10/site-packages/airflow/example_dags/example_params_ui_tutorial.py
[2024-03-02T09:46:18.058-0300] {processor.py:840} INFO - DAG(s) 'example_params_ui_tutorial' retrieved from /home/victor/Área de Trabalho/airflow/venv/lib/python3.10/site-packages/airflow/example_dags/example_params_ui_tutorial.py
[2024-03-02T09:46:18.123-0300] {logging_mixin.py:188} INFO - [2024-03-02T09:46:18.123-0300] {dag.py:3047} INFO - Sync 1 DAGs
[2024-03-02T09:46:18.136-0300] {logging_mixin.py:188} INFO - [2024-03-02T09:46:18.136-0300] {dag.py:3834} INFO - Setting next_dagrun for example_params_ui_tutorial to None, run_after=None
[2024-03-02T09:46:18.158-0300] {processor.py:183} INFO - Processing /home/victor/Área de Trabalho/airflow/venv/lib/python3.10/site-packages/airflow/example_dags/example_params_ui_tutorial.py took 0.132 seconds
[2024-03-02T09:46:48.716-0300] {processor.py:161} INFO - Started process (PID=17493) to work on /home/victor/Área de Trabalho/airflow/venv/lib/python3.10/site-packages/airflow/example_dags/example_params_ui_tutorial.py
[2024-03-02T09:46:48.717-0300] {processor.py:830} INFO - Processing file /home/victor/Área de Trabalho/airflow/venv/lib/python3.10/site-packages/airflow/example_dags/example_params_ui_tutorial.py for tasks to queue
[2024-03-02T09:46:48.718-0300] {logging_mixin.py:188} INFO - [2024-03-02T09:46:48.718-0300] {dagbag.py:540} INFO - Filling up the DagBag from /home/victor/Área de Trabalho/airflow/venv/lib/python3.10/site-packages/airflow/example_dags/example_params_ui_tutorial.py
[2024-03-02T09:46:48.730-0300] {processor.py:840} INFO - DAG(s) 'example_params_ui_tutorial' retrieved from /home/victor/Área de Trabalho/airflow/venv/lib/python3.10/site-packages/airflow/example_dags/example_params_ui_tutorial.py
[2024-03-02T09:46:48.787-0300] {logging_mixin.py:188} INFO - [2024-03-02T09:46:48.787-0300] {dag.py:3047} INFO - Sync 1 DAGs
[2024-03-02T09:46:48.798-0300] {logging_mixin.py:188} INFO - [2024-03-02T09:46:48.798-0300] {dag.py:3834} INFO - Setting next_dagrun for example_params_ui_tutorial to None, run_after=None
[2024-03-02T09:46:48.818-0300] {processor.py:183} INFO - Processing /home/victor/Área de Trabalho/airflow/venv/lib/python3.10/site-packages/airflow/example_dags/example_params_ui_tutorial.py took 0.104 seconds
[2024-03-02T09:47:19.734-0300] {processor.py:161} INFO - Started process (PID=18152) to work on /home/victor/Área de Trabalho/airflow/venv/lib/python3.10/site-packages/airflow/example_dags/example_params_ui_tutorial.py
[2024-03-02T09:47:19.735-0300] {processor.py:830} INFO - Processing file /home/victor/Área de Trabalho/airflow/venv/lib/python3.10/site-packages/airflow/example_dags/example_params_ui_tutorial.py for tasks to queue
[2024-03-02T09:47:19.735-0300] {logging_mixin.py:188} INFO - [2024-03-02T09:47:19.735-0300] {dagbag.py:540} INFO - Filling up the DagBag from /home/victor/Área de Trabalho/airflow/venv/lib/python3.10/site-packages/airflow/example_dags/example_params_ui_tutorial.py
[2024-03-02T09:47:19.745-0300] {processor.py:840} INFO - DAG(s) 'example_params_ui_tutorial' retrieved from /home/victor/Área de Trabalho/airflow/venv/lib/python3.10/site-packages/airflow/example_dags/example_params_ui_tutorial.py
[2024-03-02T09:47:19.802-0300] {logging_mixin.py:188} INFO - [2024-03-02T09:47:19.802-0300] {dag.py:3047} INFO - Sync 1 DAGs
[2024-03-02T09:47:19.817-0300] {logging_mixin.py:188} INFO - [2024-03-02T09:47:19.816-0300] {dag.py:3834} INFO - Setting next_dagrun for example_params_ui_tutorial to None, run_after=None
[2024-03-02T09:47:19.837-0300] {processor.py:183} INFO - Processing /home/victor/Área de Trabalho/airflow/venv/lib/python3.10/site-packages/airflow/example_dags/example_params_ui_tutorial.py took 0.106 seconds
[2024-03-02T09:47:50.260-0300] {processor.py:161} INFO - Started process (PID=18471) to work on /home/victor/Área de Trabalho/airflow/venv/lib/python3.10/site-packages/airflow/example_dags/example_params_ui_tutorial.py
[2024-03-02T09:47:50.261-0300] {processor.py:830} INFO - Processing file /home/victor/Área de Trabalho/airflow/venv/lib/python3.10/site-packages/airflow/example_dags/example_params_ui_tutorial.py for tasks to queue
[2024-03-02T09:47:50.262-0300] {logging_mixin.py:188} INFO - [2024-03-02T09:47:50.261-0300] {dagbag.py:540} INFO - Filling up the DagBag from /home/victor/Área de Trabalho/airflow/venv/lib/python3.10/site-packages/airflow/example_dags/example_params_ui_tutorial.py
[2024-03-02T09:47:50.272-0300] {processor.py:840} INFO - DAG(s) 'example_params_ui_tutorial' retrieved from /home/victor/Área de Trabalho/airflow/venv/lib/python3.10/site-packages/airflow/example_dags/example_params_ui_tutorial.py
[2024-03-02T09:47:50.326-0300] {logging_mixin.py:188} INFO - [2024-03-02T09:47:50.326-0300] {dag.py:3047} INFO - Sync 1 DAGs
[2024-03-02T09:47:50.338-0300] {logging_mixin.py:188} INFO - [2024-03-02T09:47:50.338-0300] {dag.py:3834} INFO - Setting next_dagrun for example_params_ui_tutorial to None, run_after=None
[2024-03-02T09:47:50.361-0300] {processor.py:183} INFO - Processing /home/victor/Área de Trabalho/airflow/venv/lib/python3.10/site-packages/airflow/example_dags/example_params_ui_tutorial.py took 0.105 seconds
[2024-03-02T09:48:20.921-0300] {processor.py:161} INFO - Started process (PID=18956) to work on /home/victor/Área de Trabalho/airflow/venv/lib/python3.10/site-packages/airflow/example_dags/example_params_ui_tutorial.py
[2024-03-02T09:48:20.922-0300] {processor.py:830} INFO - Processing file /home/victor/Área de Trabalho/airflow/venv/lib/python3.10/site-packages/airflow/example_dags/example_params_ui_tutorial.py for tasks to queue
[2024-03-02T09:48:20.922-0300] {logging_mixin.py:188} INFO - [2024-03-02T09:48:20.922-0300] {dagbag.py:540} INFO - Filling up the DagBag from /home/victor/Área de Trabalho/airflow/venv/lib/python3.10/site-packages/airflow/example_dags/example_params_ui_tutorial.py
[2024-03-02T09:48:20.934-0300] {processor.py:840} INFO - DAG(s) 'example_params_ui_tutorial' retrieved from /home/victor/Área de Trabalho/airflow/venv/lib/python3.10/site-packages/airflow/example_dags/example_params_ui_tutorial.py
[2024-03-02T09:48:21.000-0300] {logging_mixin.py:188} INFO - [2024-03-02T09:48:21.000-0300] {dag.py:3047} INFO - Sync 1 DAGs
[2024-03-02T09:48:21.015-0300] {logging_mixin.py:188} INFO - [2024-03-02T09:48:21.014-0300] {dag.py:3834} INFO - Setting next_dagrun for example_params_ui_tutorial to None, run_after=None
[2024-03-02T09:48:21.039-0300] {processor.py:183} INFO - Processing /home/victor/Área de Trabalho/airflow/venv/lib/python3.10/site-packages/airflow/example_dags/example_params_ui_tutorial.py took 0.121 seconds
[2024-03-02T09:48:51.686-0300] {processor.py:161} INFO - Started process (PID=19300) to work on /home/victor/Área de Trabalho/airflow/venv/lib/python3.10/site-packages/airflow/example_dags/example_params_ui_tutorial.py
[2024-03-02T09:48:51.687-0300] {processor.py:830} INFO - Processing file /home/victor/Área de Trabalho/airflow/venv/lib/python3.10/site-packages/airflow/example_dags/example_params_ui_tutorial.py for tasks to queue
[2024-03-02T09:48:51.688-0300] {logging_mixin.py:188} INFO - [2024-03-02T09:48:51.687-0300] {dagbag.py:540} INFO - Filling up the DagBag from /home/victor/Área de Trabalho/airflow/venv/lib/python3.10/site-packages/airflow/example_dags/example_params_ui_tutorial.py
[2024-03-02T09:48:51.699-0300] {processor.py:840} INFO - DAG(s) 'example_params_ui_tutorial' retrieved from /home/victor/Área de Trabalho/airflow/venv/lib/python3.10/site-packages/airflow/example_dags/example_params_ui_tutorial.py
[2024-03-02T09:48:51.774-0300] {logging_mixin.py:188} INFO - [2024-03-02T09:48:51.773-0300] {dag.py:3047} INFO - Sync 1 DAGs
[2024-03-02T09:48:51.788-0300] {logging_mixin.py:188} INFO - [2024-03-02T09:48:51.787-0300] {dag.py:3834} INFO - Setting next_dagrun for example_params_ui_tutorial to None, run_after=None
[2024-03-02T09:48:51.810-0300] {processor.py:183} INFO - Processing /home/victor/Área de Trabalho/airflow/venv/lib/python3.10/site-packages/airflow/example_dags/example_params_ui_tutorial.py took 0.127 seconds
[2024-03-02T09:49:22.451-0300] {processor.py:161} INFO - Started process (PID=19780) to work on /home/victor/Área de Trabalho/airflow/venv/lib/python3.10/site-packages/airflow/example_dags/example_params_ui_tutorial.py
[2024-03-02T09:49:22.452-0300] {processor.py:830} INFO - Processing file /home/victor/Área de Trabalho/airflow/venv/lib/python3.10/site-packages/airflow/example_dags/example_params_ui_tutorial.py for tasks to queue
[2024-03-02T09:49:22.452-0300] {logging_mixin.py:188} INFO - [2024-03-02T09:49:22.452-0300] {dagbag.py:540} INFO - Filling up the DagBag from /home/victor/Área de Trabalho/airflow/venv/lib/python3.10/site-packages/airflow/example_dags/example_params_ui_tutorial.py
[2024-03-02T09:49:22.468-0300] {processor.py:840} INFO - DAG(s) 'example_params_ui_tutorial' retrieved from /home/victor/Área de Trabalho/airflow/venv/lib/python3.10/site-packages/airflow/example_dags/example_params_ui_tutorial.py
[2024-03-02T09:49:22.529-0300] {logging_mixin.py:188} INFO - [2024-03-02T09:49:22.527-0300] {dag.py:3047} INFO - Sync 1 DAGs
[2024-03-02T09:49:22.541-0300] {logging_mixin.py:188} INFO - [2024-03-02T09:49:22.540-0300] {dag.py:3834} INFO - Setting next_dagrun for example_params_ui_tutorial to None, run_after=None
[2024-03-02T09:49:22.565-0300] {processor.py:183} INFO - Processing /home/victor/Área de Trabalho/airflow/venv/lib/python3.10/site-packages/airflow/example_dags/example_params_ui_tutorial.py took 0.117 seconds
[2024-03-02T09:49:53.163-0300] {processor.py:161} INFO - Started process (PID=20103) to work on /home/victor/Área de Trabalho/airflow/venv/lib/python3.10/site-packages/airflow/example_dags/example_params_ui_tutorial.py
[2024-03-02T09:49:53.163-0300] {processor.py:830} INFO - Processing file /home/victor/Área de Trabalho/airflow/venv/lib/python3.10/site-packages/airflow/example_dags/example_params_ui_tutorial.py for tasks to queue
[2024-03-02T09:49:53.164-0300] {logging_mixin.py:188} INFO - [2024-03-02T09:49:53.164-0300] {dagbag.py:540} INFO - Filling up the DagBag from /home/victor/Área de Trabalho/airflow/venv/lib/python3.10/site-packages/airflow/example_dags/example_params_ui_tutorial.py
[2024-03-02T09:49:53.176-0300] {processor.py:840} INFO - DAG(s) 'example_params_ui_tutorial' retrieved from /home/victor/Área de Trabalho/airflow/venv/lib/python3.10/site-packages/airflow/example_dags/example_params_ui_tutorial.py
[2024-03-02T09:49:53.236-0300] {logging_mixin.py:188} INFO - [2024-03-02T09:49:53.236-0300] {dag.py:3047} INFO - Sync 1 DAGs
[2024-03-02T09:49:53.249-0300] {logging_mixin.py:188} INFO - [2024-03-02T09:49:53.249-0300] {dag.py:3834} INFO - Setting next_dagrun for example_params_ui_tutorial to None, run_after=None
[2024-03-02T09:49:53.271-0300] {processor.py:183} INFO - Processing /home/victor/Área de Trabalho/airflow/venv/lib/python3.10/site-packages/airflow/example_dags/example_params_ui_tutorial.py took 0.111 seconds
[2024-03-02T09:50:23.839-0300] {processor.py:161} INFO - Started process (PID=20586) to work on /home/victor/Área de Trabalho/airflow/venv/lib/python3.10/site-packages/airflow/example_dags/example_params_ui_tutorial.py
[2024-03-02T09:50:23.840-0300] {processor.py:830} INFO - Processing file /home/victor/Área de Trabalho/airflow/venv/lib/python3.10/site-packages/airflow/example_dags/example_params_ui_tutorial.py for tasks to queue
[2024-03-02T09:50:23.841-0300] {logging_mixin.py:188} INFO - [2024-03-02T09:50:23.840-0300] {dagbag.py:540} INFO - Filling up the DagBag from /home/victor/Área de Trabalho/airflow/venv/lib/python3.10/site-packages/airflow/example_dags/example_params_ui_tutorial.py
[2024-03-02T09:50:23.852-0300] {processor.py:840} INFO - DAG(s) 'example_params_ui_tutorial' retrieved from /home/victor/Área de Trabalho/airflow/venv/lib/python3.10/site-packages/airflow/example_dags/example_params_ui_tutorial.py
[2024-03-02T09:50:23.912-0300] {logging_mixin.py:188} INFO - [2024-03-02T09:50:23.912-0300] {dag.py:3047} INFO - Sync 1 DAGs
[2024-03-02T09:50:23.925-0300] {logging_mixin.py:188} INFO - [2024-03-02T09:50:23.925-0300] {dag.py:3834} INFO - Setting next_dagrun for example_params_ui_tutorial to None, run_after=None
[2024-03-02T09:50:23.945-0300] {processor.py:183} INFO - Processing /home/victor/Área de Trabalho/airflow/venv/lib/python3.10/site-packages/airflow/example_dags/example_params_ui_tutorial.py took 0.111 seconds
[2024-03-02T09:50:55.271-0300] {processor.py:161} INFO - Started process (PID=20943) to work on /home/victor/Área de Trabalho/airflow/venv/lib/python3.10/site-packages/airflow/example_dags/example_params_ui_tutorial.py
[2024-03-02T09:50:55.272-0300] {processor.py:830} INFO - Processing file /home/victor/Área de Trabalho/airflow/venv/lib/python3.10/site-packages/airflow/example_dags/example_params_ui_tutorial.py for tasks to queue
[2024-03-02T09:50:55.273-0300] {logging_mixin.py:188} INFO - [2024-03-02T09:50:55.272-0300] {dagbag.py:540} INFO - Filling up the DagBag from /home/victor/Área de Trabalho/airflow/venv/lib/python3.10/site-packages/airflow/example_dags/example_params_ui_tutorial.py
[2024-03-02T09:50:55.282-0300] {processor.py:840} INFO - DAG(s) 'example_params_ui_tutorial' retrieved from /home/victor/Área de Trabalho/airflow/venv/lib/python3.10/site-packages/airflow/example_dags/example_params_ui_tutorial.py
[2024-03-02T09:50:55.343-0300] {logging_mixin.py:188} INFO - [2024-03-02T09:50:55.343-0300] {dag.py:3047} INFO - Sync 1 DAGs
[2024-03-02T09:50:55.356-0300] {logging_mixin.py:188} INFO - [2024-03-02T09:50:55.356-0300] {dag.py:3834} INFO - Setting next_dagrun for example_params_ui_tutorial to None, run_after=None
[2024-03-02T09:50:55.376-0300] {processor.py:183} INFO - Processing /home/victor/Área de Trabalho/airflow/venv/lib/python3.10/site-packages/airflow/example_dags/example_params_ui_tutorial.py took 0.108 seconds
[2024-03-02T09:51:25.959-0300] {processor.py:161} INFO - Started process (PID=21423) to work on /home/victor/Área de Trabalho/airflow/venv/lib/python3.10/site-packages/airflow/example_dags/example_params_ui_tutorial.py
[2024-03-02T09:51:25.960-0300] {processor.py:830} INFO - Processing file /home/victor/Área de Trabalho/airflow/venv/lib/python3.10/site-packages/airflow/example_dags/example_params_ui_tutorial.py for tasks to queue
[2024-03-02T09:51:25.961-0300] {logging_mixin.py:188} INFO - [2024-03-02T09:51:25.960-0300] {dagbag.py:540} INFO - Filling up the DagBag from /home/victor/Área de Trabalho/airflow/venv/lib/python3.10/site-packages/airflow/example_dags/example_params_ui_tutorial.py
[2024-03-02T09:51:25.975-0300] {processor.py:840} INFO - DAG(s) 'example_params_ui_tutorial' retrieved from /home/victor/Área de Trabalho/airflow/venv/lib/python3.10/site-packages/airflow/example_dags/example_params_ui_tutorial.py
[2024-03-02T09:51:26.029-0300] {logging_mixin.py:188} INFO - [2024-03-02T09:51:26.029-0300] {dag.py:3047} INFO - Sync 1 DAGs
[2024-03-02T09:51:26.040-0300] {logging_mixin.py:188} INFO - [2024-03-02T09:51:26.040-0300] {dag.py:3834} INFO - Setting next_dagrun for example_params_ui_tutorial to None, run_after=None
[2024-03-02T09:51:26.060-0300] {processor.py:183} INFO - Processing /home/victor/Área de Trabalho/airflow/venv/lib/python3.10/site-packages/airflow/example_dags/example_params_ui_tutorial.py took 0.104 seconds
[2024-03-02T09:51:56.693-0300] {processor.py:161} INFO - Started process (PID=21745) to work on /home/victor/Área de Trabalho/airflow/venv/lib/python3.10/site-packages/airflow/example_dags/example_params_ui_tutorial.py
[2024-03-02T09:51:56.694-0300] {processor.py:830} INFO - Processing file /home/victor/Área de Trabalho/airflow/venv/lib/python3.10/site-packages/airflow/example_dags/example_params_ui_tutorial.py for tasks to queue
[2024-03-02T09:51:56.695-0300] {logging_mixin.py:188} INFO - [2024-03-02T09:51:56.695-0300] {dagbag.py:540} INFO - Filling up the DagBag from /home/victor/Área de Trabalho/airflow/venv/lib/python3.10/site-packages/airflow/example_dags/example_params_ui_tutorial.py
[2024-03-02T09:51:56.708-0300] {processor.py:840} INFO - DAG(s) 'example_params_ui_tutorial' retrieved from /home/victor/Área de Trabalho/airflow/venv/lib/python3.10/site-packages/airflow/example_dags/example_params_ui_tutorial.py
[2024-03-02T09:51:56.772-0300] {logging_mixin.py:188} INFO - [2024-03-02T09:51:56.771-0300] {dag.py:3047} INFO - Sync 1 DAGs
[2024-03-02T09:51:56.783-0300] {logging_mixin.py:188} INFO - [2024-03-02T09:51:56.783-0300] {dag.py:3834} INFO - Setting next_dagrun for example_params_ui_tutorial to None, run_after=None
[2024-03-02T09:51:56.805-0300] {processor.py:183} INFO - Processing /home/victor/Área de Trabalho/airflow/venv/lib/python3.10/site-packages/airflow/example_dags/example_params_ui_tutorial.py took 0.114 seconds
[2024-03-02T09:52:27.222-0300] {processor.py:161} INFO - Started process (PID=22388) to work on /home/victor/Área de Trabalho/airflow/venv/lib/python3.10/site-packages/airflow/example_dags/example_params_ui_tutorial.py
[2024-03-02T09:52:27.223-0300] {processor.py:830} INFO - Processing file /home/victor/Área de Trabalho/airflow/venv/lib/python3.10/site-packages/airflow/example_dags/example_params_ui_tutorial.py for tasks to queue
[2024-03-02T09:52:27.224-0300] {logging_mixin.py:188} INFO - [2024-03-02T09:52:27.223-0300] {dagbag.py:540} INFO - Filling up the DagBag from /home/victor/Área de Trabalho/airflow/venv/lib/python3.10/site-packages/airflow/example_dags/example_params_ui_tutorial.py
[2024-03-02T09:52:27.235-0300] {processor.py:840} INFO - DAG(s) 'example_params_ui_tutorial' retrieved from /home/victor/Área de Trabalho/airflow/venv/lib/python3.10/site-packages/airflow/example_dags/example_params_ui_tutorial.py
[2024-03-02T09:52:27.289-0300] {logging_mixin.py:188} INFO - [2024-03-02T09:52:27.289-0300] {dag.py:3047} INFO - Sync 1 DAGs
[2024-03-02T09:52:27.301-0300] {logging_mixin.py:188} INFO - [2024-03-02T09:52:27.300-0300] {dag.py:3834} INFO - Setting next_dagrun for example_params_ui_tutorial to None, run_after=None
[2024-03-02T09:52:27.320-0300] {processor.py:183} INFO - Processing /home/victor/Área de Trabalho/airflow/venv/lib/python3.10/site-packages/airflow/example_dags/example_params_ui_tutorial.py took 0.100 seconds
[2024-03-02T09:52:57.869-0300] {processor.py:161} INFO - Started process (PID=22712) to work on /home/victor/Área de Trabalho/airflow/venv/lib/python3.10/site-packages/airflow/example_dags/example_params_ui_tutorial.py
[2024-03-02T09:52:57.870-0300] {processor.py:830} INFO - Processing file /home/victor/Área de Trabalho/airflow/venv/lib/python3.10/site-packages/airflow/example_dags/example_params_ui_tutorial.py for tasks to queue
[2024-03-02T09:52:57.871-0300] {logging_mixin.py:188} INFO - [2024-03-02T09:52:57.870-0300] {dagbag.py:540} INFO - Filling up the DagBag from /home/victor/Área de Trabalho/airflow/venv/lib/python3.10/site-packages/airflow/example_dags/example_params_ui_tutorial.py
[2024-03-02T09:52:57.881-0300] {processor.py:840} INFO - DAG(s) 'example_params_ui_tutorial' retrieved from /home/victor/Área de Trabalho/airflow/venv/lib/python3.10/site-packages/airflow/example_dags/example_params_ui_tutorial.py
[2024-03-02T09:52:57.937-0300] {logging_mixin.py:188} INFO - [2024-03-02T09:52:57.936-0300] {dag.py:3047} INFO - Sync 1 DAGs
[2024-03-02T09:52:57.948-0300] {logging_mixin.py:188} INFO - [2024-03-02T09:52:57.948-0300] {dag.py:3834} INFO - Setting next_dagrun for example_params_ui_tutorial to None, run_after=None
[2024-03-02T09:52:57.970-0300] {processor.py:183} INFO - Processing /home/victor/Área de Trabalho/airflow/venv/lib/python3.10/site-packages/airflow/example_dags/example_params_ui_tutorial.py took 0.104 seconds
[2024-03-02T09:53:28.481-0300] {processor.py:161} INFO - Started process (PID=23196) to work on /home/victor/Área de Trabalho/airflow/venv/lib/python3.10/site-packages/airflow/example_dags/example_params_ui_tutorial.py
[2024-03-02T09:53:28.482-0300] {processor.py:830} INFO - Processing file /home/victor/Área de Trabalho/airflow/venv/lib/python3.10/site-packages/airflow/example_dags/example_params_ui_tutorial.py for tasks to queue
[2024-03-02T09:53:28.483-0300] {logging_mixin.py:188} INFO - [2024-03-02T09:53:28.482-0300] {dagbag.py:540} INFO - Filling up the DagBag from /home/victor/Área de Trabalho/airflow/venv/lib/python3.10/site-packages/airflow/example_dags/example_params_ui_tutorial.py
[2024-03-02T09:53:28.498-0300] {processor.py:840} INFO - DAG(s) 'example_params_ui_tutorial' retrieved from /home/victor/Área de Trabalho/airflow/venv/lib/python3.10/site-packages/airflow/example_dags/example_params_ui_tutorial.py
[2024-03-02T09:53:28.562-0300] {logging_mixin.py:188} INFO - [2024-03-02T09:53:28.562-0300] {dag.py:3047} INFO - Sync 1 DAGs
[2024-03-02T09:53:28.577-0300] {logging_mixin.py:188} INFO - [2024-03-02T09:53:28.576-0300] {dag.py:3834} INFO - Setting next_dagrun for example_params_ui_tutorial to None, run_after=None
[2024-03-02T09:53:28.607-0300] {processor.py:183} INFO - Processing /home/victor/Área de Trabalho/airflow/venv/lib/python3.10/site-packages/airflow/example_dags/example_params_ui_tutorial.py took 0.129 seconds
[2024-03-02T09:53:59.020-0300] {processor.py:161} INFO - Started process (PID=23577) to work on /home/victor/Área de Trabalho/airflow/venv/lib/python3.10/site-packages/airflow/example_dags/example_params_ui_tutorial.py
[2024-03-02T09:53:59.021-0300] {processor.py:830} INFO - Processing file /home/victor/Área de Trabalho/airflow/venv/lib/python3.10/site-packages/airflow/example_dags/example_params_ui_tutorial.py for tasks to queue
[2024-03-02T09:53:59.022-0300] {logging_mixin.py:188} INFO - [2024-03-02T09:53:59.021-0300] {dagbag.py:540} INFO - Filling up the DagBag from /home/victor/Área de Trabalho/airflow/venv/lib/python3.10/site-packages/airflow/example_dags/example_params_ui_tutorial.py
[2024-03-02T09:53:59.032-0300] {processor.py:840} INFO - DAG(s) 'example_params_ui_tutorial' retrieved from /home/victor/Área de Trabalho/airflow/venv/lib/python3.10/site-packages/airflow/example_dags/example_params_ui_tutorial.py
[2024-03-02T09:53:59.088-0300] {logging_mixin.py:188} INFO - [2024-03-02T09:53:59.088-0300] {dag.py:3047} INFO - Sync 1 DAGs
[2024-03-02T09:53:59.100-0300] {logging_mixin.py:188} INFO - [2024-03-02T09:53:59.099-0300] {dag.py:3834} INFO - Setting next_dagrun for example_params_ui_tutorial to None, run_after=None
[2024-03-02T09:53:59.120-0300] {processor.py:183} INFO - Processing /home/victor/Área de Trabalho/airflow/venv/lib/python3.10/site-packages/airflow/example_dags/example_params_ui_tutorial.py took 0.103 seconds
[2024-03-02T09:54:30.102-0300] {processor.py:161} INFO - Started process (PID=24163) to work on /home/victor/Área de Trabalho/airflow/venv/lib/python3.10/site-packages/airflow/example_dags/example_params_ui_tutorial.py
[2024-03-02T09:54:30.102-0300] {processor.py:830} INFO - Processing file /home/victor/Área de Trabalho/airflow/venv/lib/python3.10/site-packages/airflow/example_dags/example_params_ui_tutorial.py for tasks to queue
[2024-03-02T09:54:30.103-0300] {logging_mixin.py:188} INFO - [2024-03-02T09:54:30.103-0300] {dagbag.py:540} INFO - Filling up the DagBag from /home/victor/Área de Trabalho/airflow/venv/lib/python3.10/site-packages/airflow/example_dags/example_params_ui_tutorial.py
[2024-03-02T09:54:30.115-0300] {processor.py:840} INFO - DAG(s) 'example_params_ui_tutorial' retrieved from /home/victor/Área de Trabalho/airflow/venv/lib/python3.10/site-packages/airflow/example_dags/example_params_ui_tutorial.py
[2024-03-02T09:54:30.175-0300] {logging_mixin.py:188} INFO - [2024-03-02T09:54:30.175-0300] {dag.py:3047} INFO - Sync 1 DAGs
[2024-03-02T09:54:30.190-0300] {logging_mixin.py:188} INFO - [2024-03-02T09:54:30.190-0300] {dag.py:3834} INFO - Setting next_dagrun for example_params_ui_tutorial to None, run_after=None
[2024-03-02T09:54:30.215-0300] {processor.py:183} INFO - Processing /home/victor/Área de Trabalho/airflow/venv/lib/python3.10/site-packages/airflow/example_dags/example_params_ui_tutorial.py took 0.116 seconds
[2024-03-02T09:55:00.856-0300] {processor.py:161} INFO - Started process (PID=24724) to work on /home/victor/Área de Trabalho/airflow/venv/lib/python3.10/site-packages/airflow/example_dags/example_params_ui_tutorial.py
[2024-03-02T09:55:00.857-0300] {processor.py:830} INFO - Processing file /home/victor/Área de Trabalho/airflow/venv/lib/python3.10/site-packages/airflow/example_dags/example_params_ui_tutorial.py for tasks to queue
[2024-03-02T09:55:00.858-0300] {logging_mixin.py:188} INFO - [2024-03-02T09:55:00.858-0300] {dagbag.py:540} INFO - Filling up the DagBag from /home/victor/Área de Trabalho/airflow/venv/lib/python3.10/site-packages/airflow/example_dags/example_params_ui_tutorial.py
[2024-03-02T09:55:00.868-0300] {processor.py:840} INFO - DAG(s) 'example_params_ui_tutorial' retrieved from /home/victor/Área de Trabalho/airflow/venv/lib/python3.10/site-packages/airflow/example_dags/example_params_ui_tutorial.py
[2024-03-02T09:55:00.928-0300] {logging_mixin.py:188} INFO - [2024-03-02T09:55:00.928-0300] {dag.py:3047} INFO - Sync 1 DAGs
[2024-03-02T09:55:00.941-0300] {logging_mixin.py:188} INFO - [2024-03-02T09:55:00.941-0300] {dag.py:3834} INFO - Setting next_dagrun for example_params_ui_tutorial to None, run_after=None
[2024-03-02T09:55:00.962-0300] {processor.py:183} INFO - Processing /home/victor/Área de Trabalho/airflow/venv/lib/python3.10/site-packages/airflow/example_dags/example_params_ui_tutorial.py took 0.108 seconds
[2024-03-02T09:55:31.547-0300] {processor.py:161} INFO - Started process (PID=25192) to work on /home/victor/Área de Trabalho/airflow/venv/lib/python3.10/site-packages/airflow/example_dags/example_params_ui_tutorial.py
[2024-03-02T09:55:31.548-0300] {processor.py:830} INFO - Processing file /home/victor/Área de Trabalho/airflow/venv/lib/python3.10/site-packages/airflow/example_dags/example_params_ui_tutorial.py for tasks to queue
[2024-03-02T09:55:31.548-0300] {logging_mixin.py:188} INFO - [2024-03-02T09:55:31.548-0300] {dagbag.py:540} INFO - Filling up the DagBag from /home/victor/Área de Trabalho/airflow/venv/lib/python3.10/site-packages/airflow/example_dags/example_params_ui_tutorial.py
[2024-03-02T09:55:31.558-0300] {processor.py:840} INFO - DAG(s) 'example_params_ui_tutorial' retrieved from /home/victor/Área de Trabalho/airflow/venv/lib/python3.10/site-packages/airflow/example_dags/example_params_ui_tutorial.py
[2024-03-02T09:55:31.610-0300] {logging_mixin.py:188} INFO - [2024-03-02T09:55:31.610-0300] {dag.py:3047} INFO - Sync 1 DAGs
[2024-03-02T09:55:31.622-0300] {logging_mixin.py:188} INFO - [2024-03-02T09:55:31.622-0300] {dag.py:3834} INFO - Setting next_dagrun for example_params_ui_tutorial to None, run_after=None
[2024-03-02T09:55:31.640-0300] {processor.py:183} INFO - Processing /home/victor/Área de Trabalho/airflow/venv/lib/python3.10/site-packages/airflow/example_dags/example_params_ui_tutorial.py took 0.096 seconds
[2024-03-02T09:56:01.843-0300] {processor.py:161} INFO - Started process (PID=25697) to work on /home/victor/Área de Trabalho/airflow/venv/lib/python3.10/site-packages/airflow/example_dags/example_params_ui_tutorial.py
[2024-03-02T09:56:01.844-0300] {processor.py:830} INFO - Processing file /home/victor/Área de Trabalho/airflow/venv/lib/python3.10/site-packages/airflow/example_dags/example_params_ui_tutorial.py for tasks to queue
[2024-03-02T09:56:01.845-0300] {logging_mixin.py:188} INFO - [2024-03-02T09:56:01.845-0300] {dagbag.py:540} INFO - Filling up the DagBag from /home/victor/Área de Trabalho/airflow/venv/lib/python3.10/site-packages/airflow/example_dags/example_params_ui_tutorial.py
[2024-03-02T09:56:01.855-0300] {processor.py:840} INFO - DAG(s) 'example_params_ui_tutorial' retrieved from /home/victor/Área de Trabalho/airflow/venv/lib/python3.10/site-packages/airflow/example_dags/example_params_ui_tutorial.py
[2024-03-02T09:56:01.909-0300] {logging_mixin.py:188} INFO - [2024-03-02T09:56:01.909-0300] {dag.py:3047} INFO - Sync 1 DAGs
[2024-03-02T09:56:01.921-0300] {logging_mixin.py:188} INFO - [2024-03-02T09:56:01.920-0300] {dag.py:3834} INFO - Setting next_dagrun for example_params_ui_tutorial to None, run_after=None
[2024-03-02T09:56:01.941-0300] {processor.py:183} INFO - Processing /home/victor/Área de Trabalho/airflow/venv/lib/python3.10/site-packages/airflow/example_dags/example_params_ui_tutorial.py took 0.100 seconds
[2024-03-02T09:56:32.054-0300] {processor.py:161} INFO - Started process (PID=26009) to work on /home/victor/Área de Trabalho/airflow/venv/lib/python3.10/site-packages/airflow/example_dags/example_params_ui_tutorial.py
[2024-03-02T09:56:32.055-0300] {processor.py:830} INFO - Processing file /home/victor/Área de Trabalho/airflow/venv/lib/python3.10/site-packages/airflow/example_dags/example_params_ui_tutorial.py for tasks to queue
[2024-03-02T09:56:32.055-0300] {logging_mixin.py:188} INFO - [2024-03-02T09:56:32.055-0300] {dagbag.py:540} INFO - Filling up the DagBag from /home/victor/Área de Trabalho/airflow/venv/lib/python3.10/site-packages/airflow/example_dags/example_params_ui_tutorial.py
[2024-03-02T09:56:32.065-0300] {processor.py:840} INFO - DAG(s) 'example_params_ui_tutorial' retrieved from /home/victor/Área de Trabalho/airflow/venv/lib/python3.10/site-packages/airflow/example_dags/example_params_ui_tutorial.py
[2024-03-02T09:56:32.117-0300] {logging_mixin.py:188} INFO - [2024-03-02T09:56:32.117-0300] {dag.py:3047} INFO - Sync 1 DAGs
[2024-03-02T09:56:32.129-0300] {logging_mixin.py:188} INFO - [2024-03-02T09:56:32.129-0300] {dag.py:3834} INFO - Setting next_dagrun for example_params_ui_tutorial to None, run_after=None
[2024-03-02T09:56:32.149-0300] {processor.py:183} INFO - Processing /home/victor/Área de Trabalho/airflow/venv/lib/python3.10/site-packages/airflow/example_dags/example_params_ui_tutorial.py took 0.097 seconds
[2024-03-02T09:57:02.425-0300] {processor.py:161} INFO - Started process (PID=26491) to work on /home/victor/Área de Trabalho/airflow/venv/lib/python3.10/site-packages/airflow/example_dags/example_params_ui_tutorial.py
[2024-03-02T09:57:02.426-0300] {processor.py:830} INFO - Processing file /home/victor/Área de Trabalho/airflow/venv/lib/python3.10/site-packages/airflow/example_dags/example_params_ui_tutorial.py for tasks to queue
[2024-03-02T09:57:02.426-0300] {logging_mixin.py:188} INFO - [2024-03-02T09:57:02.426-0300] {dagbag.py:540} INFO - Filling up the DagBag from /home/victor/Área de Trabalho/airflow/venv/lib/python3.10/site-packages/airflow/example_dags/example_params_ui_tutorial.py
[2024-03-02T09:57:02.437-0300] {processor.py:840} INFO - DAG(s) 'example_params_ui_tutorial' retrieved from /home/victor/Área de Trabalho/airflow/venv/lib/python3.10/site-packages/airflow/example_dags/example_params_ui_tutorial.py
[2024-03-02T09:57:02.494-0300] {logging_mixin.py:188} INFO - [2024-03-02T09:57:02.493-0300] {dag.py:3047} INFO - Sync 1 DAGs
[2024-03-02T09:57:02.505-0300] {logging_mixin.py:188} INFO - [2024-03-02T09:57:02.505-0300] {dag.py:3834} INFO - Setting next_dagrun for example_params_ui_tutorial to None, run_after=None
[2024-03-02T09:57:02.526-0300] {processor.py:183} INFO - Processing /home/victor/Área de Trabalho/airflow/venv/lib/python3.10/site-packages/airflow/example_dags/example_params_ui_tutorial.py took 0.104 seconds
[2024-03-02T09:57:33.025-0300] {processor.py:161} INFO - Started process (PID=26974) to work on /home/victor/Área de Trabalho/airflow/venv/lib/python3.10/site-packages/airflow/example_dags/example_params_ui_tutorial.py
[2024-03-02T09:57:33.025-0300] {processor.py:830} INFO - Processing file /home/victor/Área de Trabalho/airflow/venv/lib/python3.10/site-packages/airflow/example_dags/example_params_ui_tutorial.py for tasks to queue
[2024-03-02T09:57:33.026-0300] {logging_mixin.py:188} INFO - [2024-03-02T09:57:33.026-0300] {dagbag.py:540} INFO - Filling up the DagBag from /home/victor/Área de Trabalho/airflow/venv/lib/python3.10/site-packages/airflow/example_dags/example_params_ui_tutorial.py
[2024-03-02T09:57:33.036-0300] {processor.py:840} INFO - DAG(s) 'example_params_ui_tutorial' retrieved from /home/victor/Área de Trabalho/airflow/venv/lib/python3.10/site-packages/airflow/example_dags/example_params_ui_tutorial.py
[2024-03-02T09:57:33.088-0300] {logging_mixin.py:188} INFO - [2024-03-02T09:57:33.087-0300] {dag.py:3047} INFO - Sync 1 DAGs
[2024-03-02T09:57:33.100-0300] {logging_mixin.py:188} INFO - [2024-03-02T09:57:33.099-0300] {dag.py:3834} INFO - Setting next_dagrun for example_params_ui_tutorial to None, run_after=None
[2024-03-02T09:57:33.118-0300] {processor.py:183} INFO - Processing /home/victor/Área de Trabalho/airflow/venv/lib/python3.10/site-packages/airflow/example_dags/example_params_ui_tutorial.py took 0.097 seconds
[2024-03-02T09:58:03.681-0300] {processor.py:161} INFO - Started process (PID=27507) to work on /home/victor/Área de Trabalho/airflow/venv/lib/python3.10/site-packages/airflow/example_dags/example_params_ui_tutorial.py
[2024-03-02T09:58:03.682-0300] {processor.py:830} INFO - Processing file /home/victor/Área de Trabalho/airflow/venv/lib/python3.10/site-packages/airflow/example_dags/example_params_ui_tutorial.py for tasks to queue
[2024-03-02T09:58:03.683-0300] {logging_mixin.py:188} INFO - [2024-03-02T09:58:03.683-0300] {dagbag.py:540} INFO - Filling up the DagBag from /home/victor/Área de Trabalho/airflow/venv/lib/python3.10/site-packages/airflow/example_dags/example_params_ui_tutorial.py
[2024-03-02T09:58:03.693-0300] {processor.py:840} INFO - DAG(s) 'example_params_ui_tutorial' retrieved from /home/victor/Área de Trabalho/airflow/venv/lib/python3.10/site-packages/airflow/example_dags/example_params_ui_tutorial.py
[2024-03-02T09:58:03.748-0300] {logging_mixin.py:188} INFO - [2024-03-02T09:58:03.748-0300] {dag.py:3047} INFO - Sync 1 DAGs
[2024-03-02T09:58:03.762-0300] {logging_mixin.py:188} INFO - [2024-03-02T09:58:03.762-0300] {dag.py:3834} INFO - Setting next_dagrun for example_params_ui_tutorial to None, run_after=None
[2024-03-02T09:58:03.787-0300] {processor.py:183} INFO - Processing /home/victor/Área de Trabalho/airflow/venv/lib/python3.10/site-packages/airflow/example_dags/example_params_ui_tutorial.py took 0.108 seconds
[2024-03-02T09:58:34.403-0300] {processor.py:161} INFO - Started process (PID=28873) to work on /home/victor/Área de Trabalho/airflow/venv/lib/python3.10/site-packages/airflow/example_dags/example_params_ui_tutorial.py
[2024-03-02T09:58:34.404-0300] {processor.py:830} INFO - Processing file /home/victor/Área de Trabalho/airflow/venv/lib/python3.10/site-packages/airflow/example_dags/example_params_ui_tutorial.py for tasks to queue
[2024-03-02T09:58:34.405-0300] {logging_mixin.py:188} INFO - [2024-03-02T09:58:34.404-0300] {dagbag.py:540} INFO - Filling up the DagBag from /home/victor/Área de Trabalho/airflow/venv/lib/python3.10/site-packages/airflow/example_dags/example_params_ui_tutorial.py
[2024-03-02T09:58:34.415-0300] {processor.py:840} INFO - DAG(s) 'example_params_ui_tutorial' retrieved from /home/victor/Área de Trabalho/airflow/venv/lib/python3.10/site-packages/airflow/example_dags/example_params_ui_tutorial.py
[2024-03-02T09:58:34.470-0300] {logging_mixin.py:188} INFO - [2024-03-02T09:58:34.469-0300] {dag.py:3047} INFO - Sync 1 DAGs
[2024-03-02T09:58:34.481-0300] {logging_mixin.py:188} INFO - [2024-03-02T09:58:34.481-0300] {dag.py:3834} INFO - Setting next_dagrun for example_params_ui_tutorial to None, run_after=None
[2024-03-02T09:58:34.502-0300] {processor.py:183} INFO - Processing /home/victor/Área de Trabalho/airflow/venv/lib/python3.10/site-packages/airflow/example_dags/example_params_ui_tutorial.py took 0.102 seconds
[2024-03-02T09:59:04.971-0300] {processor.py:161} INFO - Started process (PID=29406) to work on /home/victor/Área de Trabalho/airflow/venv/lib/python3.10/site-packages/airflow/example_dags/example_params_ui_tutorial.py
[2024-03-02T09:59:04.972-0300] {processor.py:830} INFO - Processing file /home/victor/Área de Trabalho/airflow/venv/lib/python3.10/site-packages/airflow/example_dags/example_params_ui_tutorial.py for tasks to queue
[2024-03-02T09:59:04.973-0300] {logging_mixin.py:188} INFO - [2024-03-02T09:59:04.972-0300] {dagbag.py:540} INFO - Filling up the DagBag from /home/victor/Área de Trabalho/airflow/venv/lib/python3.10/site-packages/airflow/example_dags/example_params_ui_tutorial.py
[2024-03-02T09:59:04.982-0300] {processor.py:840} INFO - DAG(s) 'example_params_ui_tutorial' retrieved from /home/victor/Área de Trabalho/airflow/venv/lib/python3.10/site-packages/airflow/example_dags/example_params_ui_tutorial.py
[2024-03-02T09:59:05.043-0300] {logging_mixin.py:188} INFO - [2024-03-02T09:59:05.043-0300] {dag.py:3047} INFO - Sync 1 DAGs
[2024-03-02T09:59:05.056-0300] {logging_mixin.py:188} INFO - [2024-03-02T09:59:05.055-0300] {dag.py:3834} INFO - Setting next_dagrun for example_params_ui_tutorial to None, run_after=None
[2024-03-02T09:59:05.081-0300] {processor.py:183} INFO - Processing /home/victor/Área de Trabalho/airflow/venv/lib/python3.10/site-packages/airflow/example_dags/example_params_ui_tutorial.py took 0.112 seconds
