[2024-03-02T09:37:00.163-0300] {processor.py:161} INFO - Started process (PID=8051) to work on /home/victor/Área de Trabalho/airflow/venv/lib/python3.10/site-packages/airflow/example_dags/example_complex.py
[2024-03-02T09:37:00.164-0300] {processor.py:830} INFO - Processing file /home/victor/Área de Trabalho/airflow/venv/lib/python3.10/site-packages/airflow/example_dags/example_complex.py for tasks to queue
[2024-03-02T09:37:00.165-0300] {logging_mixin.py:188} INFO - [2024-03-02T09:37:00.164-0300] {dagbag.py:540} INFO - Filling up the DagBag from /home/victor/Área de Trabalho/airflow/venv/lib/python3.10/site-packages/airflow/example_dags/example_complex.py
[2024-03-02T09:37:00.173-0300] {processor.py:840} INFO - DAG(s) 'example_complex' retrieved from /home/victor/Área de Trabalho/airflow/venv/lib/python3.10/site-packages/airflow/example_dags/example_complex.py
[2024-03-02T09:37:00.191-0300] {logging_mixin.py:188} INFO - [2024-03-02T09:37:00.191-0300] {dag.py:3047} INFO - Sync 1 DAGs
[2024-03-02T09:37:00.203-0300] {logging_mixin.py:188} INFO - [2024-03-02T09:37:00.203-0300] {dag.py:3834} INFO - Setting next_dagrun for example_complex to None, run_after=None
[2024-03-02T09:37:00.224-0300] {processor.py:183} INFO - Processing /home/victor/Área de Trabalho/airflow/venv/lib/python3.10/site-packages/airflow/example_dags/example_complex.py took 0.063 seconds
[2024-03-02T09:37:31.860-0300] {processor.py:161} INFO - Started process (PID=9506) to work on /home/victor/Área de Trabalho/airflow/venv/lib/python3.10/site-packages/airflow/example_dags/example_complex.py
[2024-03-02T09:37:31.860-0300] {processor.py:830} INFO - Processing file /home/victor/Área de Trabalho/airflow/venv/lib/python3.10/site-packages/airflow/example_dags/example_complex.py for tasks to queue
[2024-03-02T09:37:31.861-0300] {logging_mixin.py:188} INFO - [2024-03-02T09:37:31.861-0300] {dagbag.py:540} INFO - Filling up the DagBag from /home/victor/Área de Trabalho/airflow/venv/lib/python3.10/site-packages/airflow/example_dags/example_complex.py
[2024-03-02T09:37:31.870-0300] {processor.py:840} INFO - DAG(s) 'example_complex' retrieved from /home/victor/Área de Trabalho/airflow/venv/lib/python3.10/site-packages/airflow/example_dags/example_complex.py
[2024-03-02T09:37:31.994-0300] {logging_mixin.py:188} INFO - [2024-03-02T09:37:31.994-0300] {dag.py:3047} INFO - Sync 1 DAGs
[2024-03-02T09:37:32.004-0300] {logging_mixin.py:188} INFO - [2024-03-02T09:37:32.004-0300] {dag.py:3834} INFO - Setting next_dagrun for example_complex to None, run_after=None
[2024-03-02T09:37:32.025-0300] {processor.py:183} INFO - Processing /home/victor/Área de Trabalho/airflow/venv/lib/python3.10/site-packages/airflow/example_dags/example_complex.py took 0.168 seconds
[2024-03-02T09:38:02.577-0300] {processor.py:161} INFO - Started process (PID=10113) to work on /home/victor/Área de Trabalho/airflow/venv/lib/python3.10/site-packages/airflow/example_dags/example_complex.py
[2024-03-02T09:38:02.578-0300] {processor.py:830} INFO - Processing file /home/victor/Área de Trabalho/airflow/venv/lib/python3.10/site-packages/airflow/example_dags/example_complex.py for tasks to queue
[2024-03-02T09:38:02.578-0300] {logging_mixin.py:188} INFO - [2024-03-02T09:38:02.578-0300] {dagbag.py:540} INFO - Filling up the DagBag from /home/victor/Área de Trabalho/airflow/venv/lib/python3.10/site-packages/airflow/example_dags/example_complex.py
[2024-03-02T09:38:02.587-0300] {processor.py:840} INFO - DAG(s) 'example_complex' retrieved from /home/victor/Área de Trabalho/airflow/venv/lib/python3.10/site-packages/airflow/example_dags/example_complex.py
[2024-03-02T09:38:02.621-0300] {logging_mixin.py:188} INFO - [2024-03-02T09:38:02.621-0300] {dag.py:3047} INFO - Sync 1 DAGs
[2024-03-02T09:38:02.632-0300] {logging_mixin.py:188} INFO - [2024-03-02T09:38:02.632-0300] {dag.py:3834} INFO - Setting next_dagrun for example_complex to None, run_after=None
[2024-03-02T09:38:02.651-0300] {processor.py:183} INFO - Processing /home/victor/Área de Trabalho/airflow/venv/lib/python3.10/site-packages/airflow/example_dags/example_complex.py took 0.077 seconds
[2024-03-02T09:38:32.996-0300] {processor.py:161} INFO - Started process (PID=10429) to work on /home/victor/Área de Trabalho/airflow/venv/lib/python3.10/site-packages/airflow/example_dags/example_complex.py
[2024-03-02T09:38:32.997-0300] {processor.py:830} INFO - Processing file /home/victor/Área de Trabalho/airflow/venv/lib/python3.10/site-packages/airflow/example_dags/example_complex.py for tasks to queue
[2024-03-02T09:38:32.997-0300] {logging_mixin.py:188} INFO - [2024-03-02T09:38:32.997-0300] {dagbag.py:540} INFO - Filling up the DagBag from /home/victor/Área de Trabalho/airflow/venv/lib/python3.10/site-packages/airflow/example_dags/example_complex.py
[2024-03-02T09:38:33.006-0300] {processor.py:840} INFO - DAG(s) 'example_complex' retrieved from /home/victor/Área de Trabalho/airflow/venv/lib/python3.10/site-packages/airflow/example_dags/example_complex.py
[2024-03-02T09:38:33.040-0300] {logging_mixin.py:188} INFO - [2024-03-02T09:38:33.040-0300] {dag.py:3047} INFO - Sync 1 DAGs
[2024-03-02T09:38:33.051-0300] {logging_mixin.py:188} INFO - [2024-03-02T09:38:33.051-0300] {dag.py:3834} INFO - Setting next_dagrun for example_complex to None, run_after=None
[2024-03-02T09:38:33.069-0300] {processor.py:183} INFO - Processing /home/victor/Área de Trabalho/airflow/venv/lib/python3.10/site-packages/airflow/example_dags/example_complex.py took 0.076 seconds
[2024-03-02T09:39:04.347-0300] {processor.py:161} INFO - Started process (PID=11012) to work on /home/victor/Área de Trabalho/airflow/venv/lib/python3.10/site-packages/airflow/example_dags/example_complex.py
[2024-03-02T09:39:04.348-0300] {processor.py:830} INFO - Processing file /home/victor/Área de Trabalho/airflow/venv/lib/python3.10/site-packages/airflow/example_dags/example_complex.py for tasks to queue
[2024-03-02T09:39:04.349-0300] {logging_mixin.py:188} INFO - [2024-03-02T09:39:04.348-0300] {dagbag.py:540} INFO - Filling up the DagBag from /home/victor/Área de Trabalho/airflow/venv/lib/python3.10/site-packages/airflow/example_dags/example_complex.py
[2024-03-02T09:39:04.358-0300] {processor.py:840} INFO - DAG(s) 'example_complex' retrieved from /home/victor/Área de Trabalho/airflow/venv/lib/python3.10/site-packages/airflow/example_dags/example_complex.py
[2024-03-02T09:39:04.394-0300] {logging_mixin.py:188} INFO - [2024-03-02T09:39:04.394-0300] {dag.py:3047} INFO - Sync 1 DAGs
[2024-03-02T09:39:04.406-0300] {logging_mixin.py:188} INFO - [2024-03-02T09:39:04.406-0300] {dag.py:3834} INFO - Setting next_dagrun for example_complex to None, run_after=None
[2024-03-02T09:39:04.428-0300] {processor.py:183} INFO - Processing /home/victor/Área de Trabalho/airflow/venv/lib/python3.10/site-packages/airflow/example_dags/example_complex.py took 0.084 seconds
[2024-03-02T09:39:35.570-0300] {processor.py:161} INFO - Started process (PID=11585) to work on /home/victor/Área de Trabalho/airflow/venv/lib/python3.10/site-packages/airflow/example_dags/example_complex.py
[2024-03-02T09:39:35.571-0300] {processor.py:830} INFO - Processing file /home/victor/Área de Trabalho/airflow/venv/lib/python3.10/site-packages/airflow/example_dags/example_complex.py for tasks to queue
[2024-03-02T09:39:35.571-0300] {logging_mixin.py:188} INFO - [2024-03-02T09:39:35.571-0300] {dagbag.py:540} INFO - Filling up the DagBag from /home/victor/Área de Trabalho/airflow/venv/lib/python3.10/site-packages/airflow/example_dags/example_complex.py
[2024-03-02T09:39:35.581-0300] {processor.py:840} INFO - DAG(s) 'example_complex' retrieved from /home/victor/Área de Trabalho/airflow/venv/lib/python3.10/site-packages/airflow/example_dags/example_complex.py
[2024-03-02T09:39:35.616-0300] {logging_mixin.py:188} INFO - [2024-03-02T09:39:35.615-0300] {dag.py:3047} INFO - Sync 1 DAGs
[2024-03-02T09:39:35.627-0300] {logging_mixin.py:188} INFO - [2024-03-02T09:39:35.626-0300] {dag.py:3834} INFO - Setting next_dagrun for example_complex to None, run_after=None
[2024-03-02T09:39:35.645-0300] {processor.py:183} INFO - Processing /home/victor/Área de Trabalho/airflow/venv/lib/python3.10/site-packages/airflow/example_dags/example_complex.py took 0.078 seconds
[2024-03-02T09:40:06.839-0300] {processor.py:161} INFO - Started process (PID=12061) to work on /home/victor/Área de Trabalho/airflow/venv/lib/python3.10/site-packages/airflow/example_dags/example_complex.py
[2024-03-02T09:40:06.840-0300] {processor.py:830} INFO - Processing file /home/victor/Área de Trabalho/airflow/venv/lib/python3.10/site-packages/airflow/example_dags/example_complex.py for tasks to queue
[2024-03-02T09:40:06.841-0300] {logging_mixin.py:188} INFO - [2024-03-02T09:40:06.841-0300] {dagbag.py:540} INFO - Filling up the DagBag from /home/victor/Área de Trabalho/airflow/venv/lib/python3.10/site-packages/airflow/example_dags/example_complex.py
[2024-03-02T09:40:06.851-0300] {processor.py:840} INFO - DAG(s) 'example_complex' retrieved from /home/victor/Área de Trabalho/airflow/venv/lib/python3.10/site-packages/airflow/example_dags/example_complex.py
[2024-03-02T09:40:06.888-0300] {logging_mixin.py:188} INFO - [2024-03-02T09:40:06.887-0300] {dag.py:3047} INFO - Sync 1 DAGs
[2024-03-02T09:40:06.899-0300] {logging_mixin.py:188} INFO - [2024-03-02T09:40:06.899-0300] {dag.py:3834} INFO - Setting next_dagrun for example_complex to None, run_after=None
[2024-03-02T09:40:06.918-0300] {processor.py:183} INFO - Processing /home/victor/Área de Trabalho/airflow/venv/lib/python3.10/site-packages/airflow/example_dags/example_complex.py took 0.081 seconds
[2024-03-02T09:40:38.440-0300] {processor.py:161} INFO - Started process (PID=12439) to work on /home/victor/Área de Trabalho/airflow/venv/lib/python3.10/site-packages/airflow/example_dags/example_complex.py
[2024-03-02T09:40:38.443-0300] {processor.py:830} INFO - Processing file /home/victor/Área de Trabalho/airflow/venv/lib/python3.10/site-packages/airflow/example_dags/example_complex.py for tasks to queue
[2024-03-02T09:40:38.444-0300] {logging_mixin.py:188} INFO - [2024-03-02T09:40:38.443-0300] {dagbag.py:540} INFO - Filling up the DagBag from /home/victor/Área de Trabalho/airflow/venv/lib/python3.10/site-packages/airflow/example_dags/example_complex.py
[2024-03-02T09:40:38.453-0300] {processor.py:840} INFO - DAG(s) 'example_complex' retrieved from /home/victor/Área de Trabalho/airflow/venv/lib/python3.10/site-packages/airflow/example_dags/example_complex.py
[2024-03-02T09:40:38.489-0300] {logging_mixin.py:188} INFO - [2024-03-02T09:40:38.488-0300] {dag.py:3047} INFO - Sync 1 DAGs
[2024-03-02T09:40:38.501-0300] {logging_mixin.py:188} INFO - [2024-03-02T09:40:38.500-0300] {dag.py:3834} INFO - Setting next_dagrun for example_complex to None, run_after=None
[2024-03-02T09:40:38.522-0300] {processor.py:183} INFO - Processing /home/victor/Área de Trabalho/airflow/venv/lib/python3.10/site-packages/airflow/example_dags/example_complex.py took 0.084 seconds
[2024-03-02T09:41:09.425-0300] {processor.py:161} INFO - Started process (PID=12913) to work on /home/victor/Área de Trabalho/airflow/venv/lib/python3.10/site-packages/airflow/example_dags/example_complex.py
[2024-03-02T09:41:09.426-0300] {processor.py:830} INFO - Processing file /home/victor/Área de Trabalho/airflow/venv/lib/python3.10/site-packages/airflow/example_dags/example_complex.py for tasks to queue
[2024-03-02T09:41:09.427-0300] {logging_mixin.py:188} INFO - [2024-03-02T09:41:09.427-0300] {dagbag.py:540} INFO - Filling up the DagBag from /home/victor/Área de Trabalho/airflow/venv/lib/python3.10/site-packages/airflow/example_dags/example_complex.py
[2024-03-02T09:41:09.438-0300] {processor.py:840} INFO - DAG(s) 'example_complex' retrieved from /home/victor/Área de Trabalho/airflow/venv/lib/python3.10/site-packages/airflow/example_dags/example_complex.py
[2024-03-02T09:41:09.481-0300] {logging_mixin.py:188} INFO - [2024-03-02T09:41:09.481-0300] {dag.py:3047} INFO - Sync 1 DAGs
[2024-03-02T09:41:09.499-0300] {logging_mixin.py:188} INFO - [2024-03-02T09:41:09.499-0300] {dag.py:3834} INFO - Setting next_dagrun for example_complex to None, run_after=None
[2024-03-02T09:41:09.524-0300] {processor.py:183} INFO - Processing /home/victor/Área de Trabalho/airflow/venv/lib/python3.10/site-packages/airflow/example_dags/example_complex.py took 0.103 seconds
[2024-03-02T09:41:40.112-0300] {processor.py:161} INFO - Started process (PID=13230) to work on /home/victor/Área de Trabalho/airflow/venv/lib/python3.10/site-packages/airflow/example_dags/example_complex.py
[2024-03-02T09:41:40.113-0300] {processor.py:830} INFO - Processing file /home/victor/Área de Trabalho/airflow/venv/lib/python3.10/site-packages/airflow/example_dags/example_complex.py for tasks to queue
[2024-03-02T09:41:40.114-0300] {logging_mixin.py:188} INFO - [2024-03-02T09:41:40.114-0300] {dagbag.py:540} INFO - Filling up the DagBag from /home/victor/Área de Trabalho/airflow/venv/lib/python3.10/site-packages/airflow/example_dags/example_complex.py
[2024-03-02T09:41:40.123-0300] {processor.py:840} INFO - DAG(s) 'example_complex' retrieved from /home/victor/Área de Trabalho/airflow/venv/lib/python3.10/site-packages/airflow/example_dags/example_complex.py
[2024-03-02T09:41:40.159-0300] {logging_mixin.py:188} INFO - [2024-03-02T09:41:40.159-0300] {dag.py:3047} INFO - Sync 1 DAGs
[2024-03-02T09:41:40.174-0300] {logging_mixin.py:188} INFO - [2024-03-02T09:41:40.174-0300] {dag.py:3834} INFO - Setting next_dagrun for example_complex to None, run_after=None
[2024-03-02T09:41:40.197-0300] {processor.py:183} INFO - Processing /home/victor/Área de Trabalho/airflow/venv/lib/python3.10/site-packages/airflow/example_dags/example_complex.py took 0.088 seconds
[2024-03-02T09:42:11.053-0300] {processor.py:161} INFO - Started process (PID=13872) to work on /home/victor/Área de Trabalho/airflow/venv/lib/python3.10/site-packages/airflow/example_dags/example_complex.py
[2024-03-02T09:42:11.053-0300] {processor.py:830} INFO - Processing file /home/victor/Área de Trabalho/airflow/venv/lib/python3.10/site-packages/airflow/example_dags/example_complex.py for tasks to queue
[2024-03-02T09:42:11.054-0300] {logging_mixin.py:188} INFO - [2024-03-02T09:42:11.054-0300] {dagbag.py:540} INFO - Filling up the DagBag from /home/victor/Área de Trabalho/airflow/venv/lib/python3.10/site-packages/airflow/example_dags/example_complex.py
[2024-03-02T09:42:11.064-0300] {processor.py:840} INFO - DAG(s) 'example_complex' retrieved from /home/victor/Área de Trabalho/airflow/venv/lib/python3.10/site-packages/airflow/example_dags/example_complex.py
[2024-03-02T09:42:11.109-0300] {logging_mixin.py:188} INFO - [2024-03-02T09:42:11.109-0300] {dag.py:3047} INFO - Sync 1 DAGs
[2024-03-02T09:42:11.121-0300] {logging_mixin.py:188} INFO - [2024-03-02T09:42:11.121-0300] {dag.py:3834} INFO - Setting next_dagrun for example_complex to None, run_after=None
[2024-03-02T09:42:11.144-0300] {processor.py:183} INFO - Processing /home/victor/Área de Trabalho/airflow/venv/lib/python3.10/site-packages/airflow/example_dags/example_complex.py took 0.094 seconds
[2024-03-02T09:42:42.130-0300] {processor.py:161} INFO - Started process (PID=14184) to work on /home/victor/Área de Trabalho/airflow/venv/lib/python3.10/site-packages/airflow/example_dags/example_complex.py
[2024-03-02T09:42:42.130-0300] {processor.py:830} INFO - Processing file /home/victor/Área de Trabalho/airflow/venv/lib/python3.10/site-packages/airflow/example_dags/example_complex.py for tasks to queue
[2024-03-02T09:42:42.131-0300] {logging_mixin.py:188} INFO - [2024-03-02T09:42:42.131-0300] {dagbag.py:540} INFO - Filling up the DagBag from /home/victor/Área de Trabalho/airflow/venv/lib/python3.10/site-packages/airflow/example_dags/example_complex.py
[2024-03-02T09:42:42.143-0300] {processor.py:840} INFO - DAG(s) 'example_complex' retrieved from /home/victor/Área de Trabalho/airflow/venv/lib/python3.10/site-packages/airflow/example_dags/example_complex.py
[2024-03-02T09:42:42.180-0300] {logging_mixin.py:188} INFO - [2024-03-02T09:42:42.180-0300] {dag.py:3047} INFO - Sync 1 DAGs
[2024-03-02T09:42:42.194-0300] {logging_mixin.py:188} INFO - [2024-03-02T09:42:42.193-0300] {dag.py:3834} INFO - Setting next_dagrun for example_complex to None, run_after=None
[2024-03-02T09:42:42.221-0300] {processor.py:183} INFO - Processing /home/victor/Área de Trabalho/airflow/venv/lib/python3.10/site-packages/airflow/example_dags/example_complex.py took 0.094 seconds
[2024-03-02T09:43:13.185-0300] {processor.py:161} INFO - Started process (PID=14669) to work on /home/victor/Área de Trabalho/airflow/venv/lib/python3.10/site-packages/airflow/example_dags/example_complex.py
[2024-03-02T09:43:13.186-0300] {processor.py:830} INFO - Processing file /home/victor/Área de Trabalho/airflow/venv/lib/python3.10/site-packages/airflow/example_dags/example_complex.py for tasks to queue
[2024-03-02T09:43:13.187-0300] {logging_mixin.py:188} INFO - [2024-03-02T09:43:13.186-0300] {dagbag.py:540} INFO - Filling up the DagBag from /home/victor/Área de Trabalho/airflow/venv/lib/python3.10/site-packages/airflow/example_dags/example_complex.py
[2024-03-02T09:43:13.196-0300] {processor.py:840} INFO - DAG(s) 'example_complex' retrieved from /home/victor/Área de Trabalho/airflow/venv/lib/python3.10/site-packages/airflow/example_dags/example_complex.py
[2024-03-02T09:43:13.238-0300] {logging_mixin.py:188} INFO - [2024-03-02T09:43:13.238-0300] {dag.py:3047} INFO - Sync 1 DAGs
[2024-03-02T09:43:13.255-0300] {logging_mixin.py:188} INFO - [2024-03-02T09:43:13.255-0300] {dag.py:3834} INFO - Setting next_dagrun for example_complex to None, run_after=None
[2024-03-02T09:43:13.279-0300] {processor.py:183} INFO - Processing /home/victor/Área de Trabalho/airflow/venv/lib/python3.10/site-packages/airflow/example_dags/example_complex.py took 0.097 seconds
[2024-03-02T09:43:43.656-0300] {processor.py:161} INFO - Started process (PID=14984) to work on /home/victor/Área de Trabalho/airflow/venv/lib/python3.10/site-packages/airflow/example_dags/example_complex.py
[2024-03-02T09:43:43.657-0300] {processor.py:830} INFO - Processing file /home/victor/Área de Trabalho/airflow/venv/lib/python3.10/site-packages/airflow/example_dags/example_complex.py for tasks to queue
[2024-03-02T09:43:43.658-0300] {logging_mixin.py:188} INFO - [2024-03-02T09:43:43.657-0300] {dagbag.py:540} INFO - Filling up the DagBag from /home/victor/Área de Trabalho/airflow/venv/lib/python3.10/site-packages/airflow/example_dags/example_complex.py
[2024-03-02T09:43:43.667-0300] {processor.py:840} INFO - DAG(s) 'example_complex' retrieved from /home/victor/Área de Trabalho/airflow/venv/lib/python3.10/site-packages/airflow/example_dags/example_complex.py
[2024-03-02T09:43:43.712-0300] {logging_mixin.py:188} INFO - [2024-03-02T09:43:43.711-0300] {dag.py:3047} INFO - Sync 1 DAGs
[2024-03-02T09:43:43.724-0300] {logging_mixin.py:188} INFO - [2024-03-02T09:43:43.724-0300] {dag.py:3834} INFO - Setting next_dagrun for example_complex to None, run_after=None
[2024-03-02T09:43:43.747-0300] {processor.py:183} INFO - Processing /home/victor/Área de Trabalho/airflow/venv/lib/python3.10/site-packages/airflow/example_dags/example_complex.py took 0.094 seconds
[2024-03-02T09:44:15.225-0300] {processor.py:161} INFO - Started process (PID=15474) to work on /home/victor/Área de Trabalho/airflow/venv/lib/python3.10/site-packages/airflow/example_dags/example_complex.py
[2024-03-02T09:44:15.226-0300] {processor.py:830} INFO - Processing file /home/victor/Área de Trabalho/airflow/venv/lib/python3.10/site-packages/airflow/example_dags/example_complex.py for tasks to queue
[2024-03-02T09:44:15.227-0300] {logging_mixin.py:188} INFO - [2024-03-02T09:44:15.227-0300] {dagbag.py:540} INFO - Filling up the DagBag from /home/victor/Área de Trabalho/airflow/venv/lib/python3.10/site-packages/airflow/example_dags/example_complex.py
[2024-03-02T09:44:15.241-0300] {processor.py:840} INFO - DAG(s) 'example_complex' retrieved from /home/victor/Área de Trabalho/airflow/venv/lib/python3.10/site-packages/airflow/example_dags/example_complex.py
[2024-03-02T09:44:15.285-0300] {logging_mixin.py:188} INFO - [2024-03-02T09:44:15.285-0300] {dag.py:3047} INFO - Sync 1 DAGs
[2024-03-02T09:44:15.300-0300] {logging_mixin.py:188} INFO - [2024-03-02T09:44:15.300-0300] {dag.py:3834} INFO - Setting next_dagrun for example_complex to None, run_after=None
[2024-03-02T09:44:15.324-0300] {processor.py:183} INFO - Processing /home/victor/Área de Trabalho/airflow/venv/lib/python3.10/site-packages/airflow/example_dags/example_complex.py took 0.101 seconds
[2024-03-02T09:44:45.962-0300] {processor.py:161} INFO - Started process (PID=15797) to work on /home/victor/Área de Trabalho/airflow/venv/lib/python3.10/site-packages/airflow/example_dags/example_complex.py
[2024-03-02T09:44:45.963-0300] {processor.py:830} INFO - Processing file /home/victor/Área de Trabalho/airflow/venv/lib/python3.10/site-packages/airflow/example_dags/example_complex.py for tasks to queue
[2024-03-02T09:44:45.964-0300] {logging_mixin.py:188} INFO - [2024-03-02T09:44:45.964-0300] {dagbag.py:540} INFO - Filling up the DagBag from /home/victor/Área de Trabalho/airflow/venv/lib/python3.10/site-packages/airflow/example_dags/example_complex.py
[2024-03-02T09:44:45.973-0300] {processor.py:840} INFO - DAG(s) 'example_complex' retrieved from /home/victor/Área de Trabalho/airflow/venv/lib/python3.10/site-packages/airflow/example_dags/example_complex.py
[2024-03-02T09:44:46.007-0300] {logging_mixin.py:188} INFO - [2024-03-02T09:44:46.007-0300] {dag.py:3047} INFO - Sync 1 DAGs
[2024-03-02T09:44:46.019-0300] {logging_mixin.py:188} INFO - [2024-03-02T09:44:46.018-0300] {dag.py:3834} INFO - Setting next_dagrun for example_complex to None, run_after=None
[2024-03-02T09:44:46.038-0300] {processor.py:183} INFO - Processing /home/victor/Área de Trabalho/airflow/venv/lib/python3.10/site-packages/airflow/example_dags/example_complex.py took 0.080 seconds
[2024-03-02T09:45:17.254-0300] {processor.py:161} INFO - Started process (PID=16282) to work on /home/victor/Área de Trabalho/airflow/venv/lib/python3.10/site-packages/airflow/example_dags/example_complex.py
[2024-03-02T09:45:17.255-0300] {processor.py:830} INFO - Processing file /home/victor/Área de Trabalho/airflow/venv/lib/python3.10/site-packages/airflow/example_dags/example_complex.py for tasks to queue
[2024-03-02T09:45:17.256-0300] {logging_mixin.py:188} INFO - [2024-03-02T09:45:17.256-0300] {dagbag.py:540} INFO - Filling up the DagBag from /home/victor/Área de Trabalho/airflow/venv/lib/python3.10/site-packages/airflow/example_dags/example_complex.py
[2024-03-02T09:45:17.275-0300] {processor.py:840} INFO - DAG(s) 'example_complex' retrieved from /home/victor/Área de Trabalho/airflow/venv/lib/python3.10/site-packages/airflow/example_dags/example_complex.py
[2024-03-02T09:45:17.321-0300] {logging_mixin.py:188} INFO - [2024-03-02T09:45:17.321-0300] {dag.py:3047} INFO - Sync 1 DAGs
[2024-03-02T09:45:17.334-0300] {logging_mixin.py:188} INFO - [2024-03-02T09:45:17.334-0300] {dag.py:3834} INFO - Setting next_dagrun for example_complex to None, run_after=None
[2024-03-02T09:45:17.355-0300] {processor.py:183} INFO - Processing /home/victor/Área de Trabalho/airflow/venv/lib/python3.10/site-packages/airflow/example_dags/example_complex.py took 0.105 seconds
[2024-03-02T09:45:47.711-0300] {processor.py:161} INFO - Started process (PID=16789) to work on /home/victor/Área de Trabalho/airflow/venv/lib/python3.10/site-packages/airflow/example_dags/example_complex.py
[2024-03-02T09:45:47.712-0300] {processor.py:830} INFO - Processing file /home/victor/Área de Trabalho/airflow/venv/lib/python3.10/site-packages/airflow/example_dags/example_complex.py for tasks to queue
[2024-03-02T09:45:47.713-0300] {logging_mixin.py:188} INFO - [2024-03-02T09:45:47.713-0300] {dagbag.py:540} INFO - Filling up the DagBag from /home/victor/Área de Trabalho/airflow/venv/lib/python3.10/site-packages/airflow/example_dags/example_complex.py
[2024-03-02T09:45:47.722-0300] {processor.py:840} INFO - DAG(s) 'example_complex' retrieved from /home/victor/Área de Trabalho/airflow/venv/lib/python3.10/site-packages/airflow/example_dags/example_complex.py
[2024-03-02T09:45:47.757-0300] {logging_mixin.py:188} INFO - [2024-03-02T09:45:47.757-0300] {dag.py:3047} INFO - Sync 1 DAGs
[2024-03-02T09:45:47.768-0300] {logging_mixin.py:188} INFO - [2024-03-02T09:45:47.768-0300] {dag.py:3834} INFO - Setting next_dagrun for example_complex to None, run_after=None
[2024-03-02T09:45:47.791-0300] {processor.py:183} INFO - Processing /home/victor/Área de Trabalho/airflow/venv/lib/python3.10/site-packages/airflow/example_dags/example_complex.py took 0.083 seconds
[2024-03-02T09:46:19.571-0300] {processor.py:161} INFO - Started process (PID=17273) to work on /home/victor/Área de Trabalho/airflow/venv/lib/python3.10/site-packages/airflow/example_dags/example_complex.py
[2024-03-02T09:46:19.571-0300] {processor.py:830} INFO - Processing file /home/victor/Área de Trabalho/airflow/venv/lib/python3.10/site-packages/airflow/example_dags/example_complex.py for tasks to queue
[2024-03-02T09:46:19.572-0300] {logging_mixin.py:188} INFO - [2024-03-02T09:46:19.572-0300] {dagbag.py:540} INFO - Filling up the DagBag from /home/victor/Área de Trabalho/airflow/venv/lib/python3.10/site-packages/airflow/example_dags/example_complex.py
[2024-03-02T09:46:19.581-0300] {processor.py:840} INFO - DAG(s) 'example_complex' retrieved from /home/victor/Área de Trabalho/airflow/venv/lib/python3.10/site-packages/airflow/example_dags/example_complex.py
[2024-03-02T09:46:19.624-0300] {logging_mixin.py:188} INFO - [2024-03-02T09:46:19.623-0300] {dag.py:3047} INFO - Sync 1 DAGs
[2024-03-02T09:46:19.637-0300] {logging_mixin.py:188} INFO - [2024-03-02T09:46:19.637-0300] {dag.py:3834} INFO - Setting next_dagrun for example_complex to None, run_after=None
[2024-03-02T09:46:19.660-0300] {processor.py:183} INFO - Processing /home/victor/Área de Trabalho/airflow/venv/lib/python3.10/site-packages/airflow/example_dags/example_complex.py took 0.092 seconds
[2024-03-02T09:46:50.109-0300] {processor.py:161} INFO - Started process (PID=17597) to work on /home/victor/Área de Trabalho/airflow/venv/lib/python3.10/site-packages/airflow/example_dags/example_complex.py
[2024-03-02T09:46:50.110-0300] {processor.py:830} INFO - Processing file /home/victor/Área de Trabalho/airflow/venv/lib/python3.10/site-packages/airflow/example_dags/example_complex.py for tasks to queue
[2024-03-02T09:46:50.111-0300] {logging_mixin.py:188} INFO - [2024-03-02T09:46:50.110-0300] {dagbag.py:540} INFO - Filling up the DagBag from /home/victor/Área de Trabalho/airflow/venv/lib/python3.10/site-packages/airflow/example_dags/example_complex.py
[2024-03-02T09:46:50.121-0300] {processor.py:840} INFO - DAG(s) 'example_complex' retrieved from /home/victor/Área de Trabalho/airflow/venv/lib/python3.10/site-packages/airflow/example_dags/example_complex.py
[2024-03-02T09:46:50.157-0300] {logging_mixin.py:188} INFO - [2024-03-02T09:46:50.157-0300] {dag.py:3047} INFO - Sync 1 DAGs
[2024-03-02T09:46:50.169-0300] {logging_mixin.py:188} INFO - [2024-03-02T09:46:50.169-0300] {dag.py:3834} INFO - Setting next_dagrun for example_complex to None, run_after=None
[2024-03-02T09:46:50.190-0300] {processor.py:183} INFO - Processing /home/victor/Área de Trabalho/airflow/venv/lib/python3.10/site-packages/airflow/example_dags/example_complex.py took 0.084 seconds
[2024-03-02T09:47:21.134-0300] {processor.py:161} INFO - Started process (PID=18254) to work on /home/victor/Área de Trabalho/airflow/venv/lib/python3.10/site-packages/airflow/example_dags/example_complex.py
[2024-03-02T09:47:21.135-0300] {processor.py:830} INFO - Processing file /home/victor/Área de Trabalho/airflow/venv/lib/python3.10/site-packages/airflow/example_dags/example_complex.py for tasks to queue
[2024-03-02T09:47:21.136-0300] {logging_mixin.py:188} INFO - [2024-03-02T09:47:21.135-0300] {dagbag.py:540} INFO - Filling up the DagBag from /home/victor/Área de Trabalho/airflow/venv/lib/python3.10/site-packages/airflow/example_dags/example_complex.py
[2024-03-02T09:47:21.146-0300] {processor.py:840} INFO - DAG(s) 'example_complex' retrieved from /home/victor/Área de Trabalho/airflow/venv/lib/python3.10/site-packages/airflow/example_dags/example_complex.py
[2024-03-02T09:47:21.185-0300] {logging_mixin.py:188} INFO - [2024-03-02T09:47:21.185-0300] {dag.py:3047} INFO - Sync 1 DAGs
[2024-03-02T09:47:21.196-0300] {logging_mixin.py:188} INFO - [2024-03-02T09:47:21.196-0300] {dag.py:3834} INFO - Setting next_dagrun for example_complex to None, run_after=None
[2024-03-02T09:47:21.216-0300] {processor.py:183} INFO - Processing /home/victor/Área de Trabalho/airflow/venv/lib/python3.10/site-packages/airflow/example_dags/example_complex.py took 0.085 seconds
[2024-03-02T09:47:51.741-0300] {processor.py:161} INFO - Started process (PID=18572) to work on /home/victor/Área de Trabalho/airflow/venv/lib/python3.10/site-packages/airflow/example_dags/example_complex.py
[2024-03-02T09:47:51.742-0300] {processor.py:830} INFO - Processing file /home/victor/Área de Trabalho/airflow/venv/lib/python3.10/site-packages/airflow/example_dags/example_complex.py for tasks to queue
[2024-03-02T09:47:51.742-0300] {logging_mixin.py:188} INFO - [2024-03-02T09:47:51.742-0300] {dagbag.py:540} INFO - Filling up the DagBag from /home/victor/Área de Trabalho/airflow/venv/lib/python3.10/site-packages/airflow/example_dags/example_complex.py
[2024-03-02T09:47:51.751-0300] {processor.py:840} INFO - DAG(s) 'example_complex' retrieved from /home/victor/Área de Trabalho/airflow/venv/lib/python3.10/site-packages/airflow/example_dags/example_complex.py
[2024-03-02T09:47:51.786-0300] {logging_mixin.py:188} INFO - [2024-03-02T09:47:51.786-0300] {dag.py:3047} INFO - Sync 1 DAGs
[2024-03-02T09:47:51.798-0300] {logging_mixin.py:188} INFO - [2024-03-02T09:47:51.798-0300] {dag.py:3834} INFO - Setting next_dagrun for example_complex to None, run_after=None
[2024-03-02T09:47:51.819-0300] {processor.py:183} INFO - Processing /home/victor/Área de Trabalho/airflow/venv/lib/python3.10/site-packages/airflow/example_dags/example_complex.py took 0.082 seconds
[2024-03-02T09:48:22.331-0300] {processor.py:161} INFO - Started process (PID=19059) to work on /home/victor/Área de Trabalho/airflow/venv/lib/python3.10/site-packages/airflow/example_dags/example_complex.py
[2024-03-02T09:48:22.332-0300] {processor.py:830} INFO - Processing file /home/victor/Área de Trabalho/airflow/venv/lib/python3.10/site-packages/airflow/example_dags/example_complex.py for tasks to queue
[2024-03-02T09:48:22.332-0300] {logging_mixin.py:188} INFO - [2024-03-02T09:48:22.332-0300] {dagbag.py:540} INFO - Filling up the DagBag from /home/victor/Área de Trabalho/airflow/venv/lib/python3.10/site-packages/airflow/example_dags/example_complex.py
[2024-03-02T09:48:22.342-0300] {processor.py:840} INFO - DAG(s) 'example_complex' retrieved from /home/victor/Área de Trabalho/airflow/venv/lib/python3.10/site-packages/airflow/example_dags/example_complex.py
[2024-03-02T09:48:22.379-0300] {logging_mixin.py:188} INFO - [2024-03-02T09:48:22.379-0300] {dag.py:3047} INFO - Sync 1 DAGs
[2024-03-02T09:48:22.391-0300] {logging_mixin.py:188} INFO - [2024-03-02T09:48:22.391-0300] {dag.py:3834} INFO - Setting next_dagrun for example_complex to None, run_after=None
[2024-03-02T09:48:22.416-0300] {processor.py:183} INFO - Processing /home/victor/Área de Trabalho/airflow/venv/lib/python3.10/site-packages/airflow/example_dags/example_complex.py took 0.089 seconds
[2024-03-02T09:48:53.247-0300] {processor.py:161} INFO - Started process (PID=19403) to work on /home/victor/Área de Trabalho/airflow/venv/lib/python3.10/site-packages/airflow/example_dags/example_complex.py
[2024-03-02T09:48:53.248-0300] {processor.py:830} INFO - Processing file /home/victor/Área de Trabalho/airflow/venv/lib/python3.10/site-packages/airflow/example_dags/example_complex.py for tasks to queue
[2024-03-02T09:48:53.249-0300] {logging_mixin.py:188} INFO - [2024-03-02T09:48:53.248-0300] {dagbag.py:540} INFO - Filling up the DagBag from /home/victor/Área de Trabalho/airflow/venv/lib/python3.10/site-packages/airflow/example_dags/example_complex.py
[2024-03-02T09:48:53.258-0300] {processor.py:840} INFO - DAG(s) 'example_complex' retrieved from /home/victor/Área de Trabalho/airflow/venv/lib/python3.10/site-packages/airflow/example_dags/example_complex.py
[2024-03-02T09:48:53.294-0300] {logging_mixin.py:188} INFO - [2024-03-02T09:48:53.294-0300] {dag.py:3047} INFO - Sync 1 DAGs
[2024-03-02T09:48:53.307-0300] {logging_mixin.py:188} INFO - [2024-03-02T09:48:53.306-0300] {dag.py:3834} INFO - Setting next_dagrun for example_complex to None, run_after=None
[2024-03-02T09:48:53.328-0300] {processor.py:183} INFO - Processing /home/victor/Área de Trabalho/airflow/venv/lib/python3.10/site-packages/airflow/example_dags/example_complex.py took 0.084 seconds
[2024-03-02T09:49:23.930-0300] {processor.py:161} INFO - Started process (PID=19884) to work on /home/victor/Área de Trabalho/airflow/venv/lib/python3.10/site-packages/airflow/example_dags/example_complex.py
[2024-03-02T09:49:23.930-0300] {processor.py:830} INFO - Processing file /home/victor/Área de Trabalho/airflow/venv/lib/python3.10/site-packages/airflow/example_dags/example_complex.py for tasks to queue
[2024-03-02T09:49:23.931-0300] {logging_mixin.py:188} INFO - [2024-03-02T09:49:23.931-0300] {dagbag.py:540} INFO - Filling up the DagBag from /home/victor/Área de Trabalho/airflow/venv/lib/python3.10/site-packages/airflow/example_dags/example_complex.py
[2024-03-02T09:49:23.941-0300] {processor.py:840} INFO - DAG(s) 'example_complex' retrieved from /home/victor/Área de Trabalho/airflow/venv/lib/python3.10/site-packages/airflow/example_dags/example_complex.py
[2024-03-02T09:49:23.979-0300] {logging_mixin.py:188} INFO - [2024-03-02T09:49:23.978-0300] {dag.py:3047} INFO - Sync 1 DAGs
[2024-03-02T09:49:23.992-0300] {logging_mixin.py:188} INFO - [2024-03-02T09:49:23.991-0300] {dag.py:3834} INFO - Setting next_dagrun for example_complex to None, run_after=None
[2024-03-02T09:49:24.012-0300] {processor.py:183} INFO - Processing /home/victor/Área de Trabalho/airflow/venv/lib/python3.10/site-packages/airflow/example_dags/example_complex.py took 0.085 seconds
[2024-03-02T09:49:54.625-0300] {processor.py:161} INFO - Started process (PID=20206) to work on /home/victor/Área de Trabalho/airflow/venv/lib/python3.10/site-packages/airflow/example_dags/example_complex.py
[2024-03-02T09:49:54.626-0300] {processor.py:830} INFO - Processing file /home/victor/Área de Trabalho/airflow/venv/lib/python3.10/site-packages/airflow/example_dags/example_complex.py for tasks to queue
[2024-03-02T09:49:54.627-0300] {logging_mixin.py:188} INFO - [2024-03-02T09:49:54.626-0300] {dagbag.py:540} INFO - Filling up the DagBag from /home/victor/Área de Trabalho/airflow/venv/lib/python3.10/site-packages/airflow/example_dags/example_complex.py
[2024-03-02T09:49:54.636-0300] {processor.py:840} INFO - DAG(s) 'example_complex' retrieved from /home/victor/Área de Trabalho/airflow/venv/lib/python3.10/site-packages/airflow/example_dags/example_complex.py
[2024-03-02T09:49:54.677-0300] {logging_mixin.py:188} INFO - [2024-03-02T09:49:54.677-0300] {dag.py:3047} INFO - Sync 1 DAGs
[2024-03-02T09:49:54.689-0300] {logging_mixin.py:188} INFO - [2024-03-02T09:49:54.689-0300] {dag.py:3834} INFO - Setting next_dagrun for example_complex to None, run_after=None
[2024-03-02T09:49:54.715-0300] {processor.py:183} INFO - Processing /home/victor/Área de Trabalho/airflow/venv/lib/python3.10/site-packages/airflow/example_dags/example_complex.py took 0.093 seconds
[2024-03-02T09:50:25.117-0300] {processor.py:161} INFO - Started process (PID=20689) to work on /home/victor/Área de Trabalho/airflow/venv/lib/python3.10/site-packages/airflow/example_dags/example_complex.py
[2024-03-02T09:50:25.118-0300] {processor.py:830} INFO - Processing file /home/victor/Área de Trabalho/airflow/venv/lib/python3.10/site-packages/airflow/example_dags/example_complex.py for tasks to queue
[2024-03-02T09:50:25.119-0300] {logging_mixin.py:188} INFO - [2024-03-02T09:50:25.119-0300] {dagbag.py:540} INFO - Filling up the DagBag from /home/victor/Área de Trabalho/airflow/venv/lib/python3.10/site-packages/airflow/example_dags/example_complex.py
[2024-03-02T09:50:25.128-0300] {processor.py:840} INFO - DAG(s) 'example_complex' retrieved from /home/victor/Área de Trabalho/airflow/venv/lib/python3.10/site-packages/airflow/example_dags/example_complex.py
[2024-03-02T09:50:25.162-0300] {logging_mixin.py:188} INFO - [2024-03-02T09:50:25.162-0300] {dag.py:3047} INFO - Sync 1 DAGs
[2024-03-02T09:50:25.173-0300] {logging_mixin.py:188} INFO - [2024-03-02T09:50:25.173-0300] {dag.py:3834} INFO - Setting next_dagrun for example_complex to None, run_after=None
[2024-03-02T09:50:25.192-0300] {processor.py:183} INFO - Processing /home/victor/Área de Trabalho/airflow/venv/lib/python3.10/site-packages/airflow/example_dags/example_complex.py took 0.077 seconds
[2024-03-02T09:50:56.767-0300] {processor.py:161} INFO - Started process (PID=21049) to work on /home/victor/Área de Trabalho/airflow/venv/lib/python3.10/site-packages/airflow/example_dags/example_complex.py
[2024-03-02T09:50:56.768-0300] {processor.py:830} INFO - Processing file /home/victor/Área de Trabalho/airflow/venv/lib/python3.10/site-packages/airflow/example_dags/example_complex.py for tasks to queue
[2024-03-02T09:50:56.769-0300] {logging_mixin.py:188} INFO - [2024-03-02T09:50:56.768-0300] {dagbag.py:540} INFO - Filling up the DagBag from /home/victor/Área de Trabalho/airflow/venv/lib/python3.10/site-packages/airflow/example_dags/example_complex.py
[2024-03-02T09:50:56.779-0300] {processor.py:840} INFO - DAG(s) 'example_complex' retrieved from /home/victor/Área de Trabalho/airflow/venv/lib/python3.10/site-packages/airflow/example_dags/example_complex.py
[2024-03-02T09:50:56.813-0300] {logging_mixin.py:188} INFO - [2024-03-02T09:50:56.813-0300] {dag.py:3047} INFO - Sync 1 DAGs
[2024-03-02T09:50:56.826-0300] {logging_mixin.py:188} INFO - [2024-03-02T09:50:56.825-0300] {dag.py:3834} INFO - Setting next_dagrun for example_complex to None, run_after=None
[2024-03-02T09:50:56.847-0300] {processor.py:183} INFO - Processing /home/victor/Área de Trabalho/airflow/venv/lib/python3.10/site-packages/airflow/example_dags/example_complex.py took 0.083 seconds
[2024-03-02T09:51:27.425-0300] {processor.py:161} INFO - Started process (PID=21529) to work on /home/victor/Área de Trabalho/airflow/venv/lib/python3.10/site-packages/airflow/example_dags/example_complex.py
[2024-03-02T09:51:27.426-0300] {processor.py:830} INFO - Processing file /home/victor/Área de Trabalho/airflow/venv/lib/python3.10/site-packages/airflow/example_dags/example_complex.py for tasks to queue
[2024-03-02T09:51:27.426-0300] {logging_mixin.py:188} INFO - [2024-03-02T09:51:27.426-0300] {dagbag.py:540} INFO - Filling up the DagBag from /home/victor/Área de Trabalho/airflow/venv/lib/python3.10/site-packages/airflow/example_dags/example_complex.py
[2024-03-02T09:51:27.436-0300] {processor.py:840} INFO - DAG(s) 'example_complex' retrieved from /home/victor/Área de Trabalho/airflow/venv/lib/python3.10/site-packages/airflow/example_dags/example_complex.py
[2024-03-02T09:51:27.472-0300] {logging_mixin.py:188} INFO - [2024-03-02T09:51:27.472-0300] {dag.py:3047} INFO - Sync 1 DAGs
[2024-03-02T09:51:27.485-0300] {logging_mixin.py:188} INFO - [2024-03-02T09:51:27.484-0300] {dag.py:3834} INFO - Setting next_dagrun for example_complex to None, run_after=None
[2024-03-02T09:51:27.508-0300] {processor.py:183} INFO - Processing /home/victor/Área de Trabalho/airflow/venv/lib/python3.10/site-packages/airflow/example_dags/example_complex.py took 0.087 seconds
[2024-03-02T09:51:58.049-0300] {processor.py:161} INFO - Started process (PID=21908) to work on /home/victor/Área de Trabalho/airflow/venv/lib/python3.10/site-packages/airflow/example_dags/example_complex.py
[2024-03-02T09:51:58.050-0300] {processor.py:830} INFO - Processing file /home/victor/Área de Trabalho/airflow/venv/lib/python3.10/site-packages/airflow/example_dags/example_complex.py for tasks to queue
[2024-03-02T09:51:58.051-0300] {logging_mixin.py:188} INFO - [2024-03-02T09:51:58.051-0300] {dagbag.py:540} INFO - Filling up the DagBag from /home/victor/Área de Trabalho/airflow/venv/lib/python3.10/site-packages/airflow/example_dags/example_complex.py
[2024-03-02T09:51:58.060-0300] {processor.py:840} INFO - DAG(s) 'example_complex' retrieved from /home/victor/Área de Trabalho/airflow/venv/lib/python3.10/site-packages/airflow/example_dags/example_complex.py
[2024-03-02T09:51:58.098-0300] {logging_mixin.py:188} INFO - [2024-03-02T09:51:58.098-0300] {dag.py:3047} INFO - Sync 1 DAGs
[2024-03-02T09:51:58.111-0300] {logging_mixin.py:188} INFO - [2024-03-02T09:51:58.110-0300] {dag.py:3834} INFO - Setting next_dagrun for example_complex to None, run_after=None
[2024-03-02T09:51:58.131-0300] {processor.py:183} INFO - Processing /home/victor/Área de Trabalho/airflow/venv/lib/python3.10/site-packages/airflow/example_dags/example_complex.py took 0.085 seconds
[2024-03-02T09:52:28.799-0300] {processor.py:161} INFO - Started process (PID=22493) to work on /home/victor/Área de Trabalho/airflow/venv/lib/python3.10/site-packages/airflow/example_dags/example_complex.py
[2024-03-02T09:52:28.800-0300] {processor.py:830} INFO - Processing file /home/victor/Área de Trabalho/airflow/venv/lib/python3.10/site-packages/airflow/example_dags/example_complex.py for tasks to queue
[2024-03-02T09:52:28.801-0300] {logging_mixin.py:188} INFO - [2024-03-02T09:52:28.801-0300] {dagbag.py:540} INFO - Filling up the DagBag from /home/victor/Área de Trabalho/airflow/venv/lib/python3.10/site-packages/airflow/example_dags/example_complex.py
[2024-03-02T09:52:28.810-0300] {processor.py:840} INFO - DAG(s) 'example_complex' retrieved from /home/victor/Área de Trabalho/airflow/venv/lib/python3.10/site-packages/airflow/example_dags/example_complex.py
[2024-03-02T09:52:28.847-0300] {logging_mixin.py:188} INFO - [2024-03-02T09:52:28.847-0300] {dag.py:3047} INFO - Sync 1 DAGs
[2024-03-02T09:52:28.859-0300] {logging_mixin.py:188} INFO - [2024-03-02T09:52:28.859-0300] {dag.py:3834} INFO - Setting next_dagrun for example_complex to None, run_after=None
[2024-03-02T09:52:28.880-0300] {processor.py:183} INFO - Processing /home/victor/Área de Trabalho/airflow/venv/lib/python3.10/site-packages/airflow/example_dags/example_complex.py took 0.084 seconds
[2024-03-02T09:52:59.348-0300] {processor.py:161} INFO - Started process (PID=22877) to work on /home/victor/Área de Trabalho/airflow/venv/lib/python3.10/site-packages/airflow/example_dags/example_complex.py
[2024-03-02T09:52:59.351-0300] {processor.py:830} INFO - Processing file /home/victor/Área de Trabalho/airflow/venv/lib/python3.10/site-packages/airflow/example_dags/example_complex.py for tasks to queue
[2024-03-02T09:52:59.352-0300] {logging_mixin.py:188} INFO - [2024-03-02T09:52:59.352-0300] {dagbag.py:540} INFO - Filling up the DagBag from /home/victor/Área de Trabalho/airflow/venv/lib/python3.10/site-packages/airflow/example_dags/example_complex.py
[2024-03-02T09:52:59.362-0300] {processor.py:840} INFO - DAG(s) 'example_complex' retrieved from /home/victor/Área de Trabalho/airflow/venv/lib/python3.10/site-packages/airflow/example_dags/example_complex.py
[2024-03-02T09:52:59.395-0300] {logging_mixin.py:188} INFO - [2024-03-02T09:52:59.395-0300] {dag.py:3047} INFO - Sync 1 DAGs
[2024-03-02T09:52:59.406-0300] {logging_mixin.py:188} INFO - [2024-03-02T09:52:59.405-0300] {dag.py:3834} INFO - Setting next_dagrun for example_complex to None, run_after=None
[2024-03-02T09:52:59.426-0300] {processor.py:183} INFO - Processing /home/victor/Área de Trabalho/airflow/venv/lib/python3.10/site-packages/airflow/example_dags/example_complex.py took 0.080 seconds
[2024-03-02T09:53:29.798-0300] {processor.py:161} INFO - Started process (PID=23300) to work on /home/victor/Área de Trabalho/airflow/venv/lib/python3.10/site-packages/airflow/example_dags/example_complex.py
[2024-03-02T09:53:29.799-0300] {processor.py:830} INFO - Processing file /home/victor/Área de Trabalho/airflow/venv/lib/python3.10/site-packages/airflow/example_dags/example_complex.py for tasks to queue
[2024-03-02T09:53:29.799-0300] {logging_mixin.py:188} INFO - [2024-03-02T09:53:29.799-0300] {dagbag.py:540} INFO - Filling up the DagBag from /home/victor/Área de Trabalho/airflow/venv/lib/python3.10/site-packages/airflow/example_dags/example_complex.py
[2024-03-02T09:53:29.808-0300] {processor.py:840} INFO - DAG(s) 'example_complex' retrieved from /home/victor/Área de Trabalho/airflow/venv/lib/python3.10/site-packages/airflow/example_dags/example_complex.py
[2024-03-02T09:53:29.846-0300] {logging_mixin.py:188} INFO - [2024-03-02T09:53:29.845-0300] {dag.py:3047} INFO - Sync 1 DAGs
[2024-03-02T09:53:29.859-0300] {logging_mixin.py:188} INFO - [2024-03-02T09:53:29.859-0300] {dag.py:3834} INFO - Setting next_dagrun for example_complex to None, run_after=None
[2024-03-02T09:53:29.877-0300] {processor.py:183} INFO - Processing /home/victor/Área de Trabalho/airflow/venv/lib/python3.10/site-packages/airflow/example_dags/example_complex.py took 0.082 seconds
[2024-03-02T09:54:00.625-0300] {processor.py:161} INFO - Started process (PID=23783) to work on /home/victor/Área de Trabalho/airflow/venv/lib/python3.10/site-packages/airflow/example_dags/example_complex.py
[2024-03-02T09:54:00.626-0300] {processor.py:830} INFO - Processing file /home/victor/Área de Trabalho/airflow/venv/lib/python3.10/site-packages/airflow/example_dags/example_complex.py for tasks to queue
[2024-03-02T09:54:00.627-0300] {logging_mixin.py:188} INFO - [2024-03-02T09:54:00.627-0300] {dagbag.py:540} INFO - Filling up the DagBag from /home/victor/Área de Trabalho/airflow/venv/lib/python3.10/site-packages/airflow/example_dags/example_complex.py
[2024-03-02T09:54:00.637-0300] {processor.py:840} INFO - DAG(s) 'example_complex' retrieved from /home/victor/Área de Trabalho/airflow/venv/lib/python3.10/site-packages/airflow/example_dags/example_complex.py
[2024-03-02T09:54:00.673-0300] {logging_mixin.py:188} INFO - [2024-03-02T09:54:00.673-0300] {dag.py:3047} INFO - Sync 1 DAGs
[2024-03-02T09:54:00.685-0300] {logging_mixin.py:188} INFO - [2024-03-02T09:54:00.685-0300] {dag.py:3834} INFO - Setting next_dagrun for example_complex to None, run_after=None
[2024-03-02T09:54:00.706-0300] {processor.py:183} INFO - Processing /home/victor/Área de Trabalho/airflow/venv/lib/python3.10/site-packages/airflow/example_dags/example_complex.py took 0.083 seconds
[2024-03-02T09:54:31.841-0300] {processor.py:161} INFO - Started process (PID=24268) to work on /home/victor/Área de Trabalho/airflow/venv/lib/python3.10/site-packages/airflow/example_dags/example_complex.py
[2024-03-02T09:54:31.841-0300] {processor.py:830} INFO - Processing file /home/victor/Área de Trabalho/airflow/venv/lib/python3.10/site-packages/airflow/example_dags/example_complex.py for tasks to queue
[2024-03-02T09:54:31.842-0300] {logging_mixin.py:188} INFO - [2024-03-02T09:54:31.842-0300] {dagbag.py:540} INFO - Filling up the DagBag from /home/victor/Área de Trabalho/airflow/venv/lib/python3.10/site-packages/airflow/example_dags/example_complex.py
[2024-03-02T09:54:31.852-0300] {processor.py:840} INFO - DAG(s) 'example_complex' retrieved from /home/victor/Área de Trabalho/airflow/venv/lib/python3.10/site-packages/airflow/example_dags/example_complex.py
[2024-03-02T09:54:31.892-0300] {logging_mixin.py:188} INFO - [2024-03-02T09:54:31.892-0300] {dag.py:3047} INFO - Sync 1 DAGs
[2024-03-02T09:54:31.905-0300] {logging_mixin.py:188} INFO - [2024-03-02T09:54:31.905-0300] {dag.py:3834} INFO - Setting next_dagrun for example_complex to None, run_after=None
[2024-03-02T09:54:31.926-0300] {processor.py:183} INFO - Processing /home/victor/Área de Trabalho/airflow/venv/lib/python3.10/site-packages/airflow/example_dags/example_complex.py took 0.088 seconds
[2024-03-02T09:55:02.328-0300] {processor.py:161} INFO - Started process (PID=24829) to work on /home/victor/Área de Trabalho/airflow/venv/lib/python3.10/site-packages/airflow/example_dags/example_complex.py
[2024-03-02T09:55:02.331-0300] {processor.py:830} INFO - Processing file /home/victor/Área de Trabalho/airflow/venv/lib/python3.10/site-packages/airflow/example_dags/example_complex.py for tasks to queue
[2024-03-02T09:55:02.332-0300] {logging_mixin.py:188} INFO - [2024-03-02T09:55:02.332-0300] {dagbag.py:540} INFO - Filling up the DagBag from /home/victor/Área de Trabalho/airflow/venv/lib/python3.10/site-packages/airflow/example_dags/example_complex.py
[2024-03-02T09:55:02.371-0300] {processor.py:840} INFO - DAG(s) 'example_complex' retrieved from /home/victor/Área de Trabalho/airflow/venv/lib/python3.10/site-packages/airflow/example_dags/example_complex.py
[2024-03-02T09:55:02.415-0300] {logging_mixin.py:188} INFO - [2024-03-02T09:55:02.414-0300] {dag.py:3047} INFO - Sync 1 DAGs
[2024-03-02T09:55:02.427-0300] {logging_mixin.py:188} INFO - [2024-03-02T09:55:02.427-0300] {dag.py:3834} INFO - Setting next_dagrun for example_complex to None, run_after=None
[2024-03-02T09:55:02.449-0300] {processor.py:183} INFO - Processing /home/victor/Área de Trabalho/airflow/venv/lib/python3.10/site-packages/airflow/example_dags/example_complex.py took 0.124 seconds
[2024-03-02T09:55:32.953-0300] {processor.py:161} INFO - Started process (PID=25298) to work on /home/victor/Área de Trabalho/airflow/venv/lib/python3.10/site-packages/airflow/example_dags/example_complex.py
[2024-03-02T09:55:32.954-0300] {processor.py:830} INFO - Processing file /home/victor/Área de Trabalho/airflow/venv/lib/python3.10/site-packages/airflow/example_dags/example_complex.py for tasks to queue
[2024-03-02T09:55:32.955-0300] {logging_mixin.py:188} INFO - [2024-03-02T09:55:32.955-0300] {dagbag.py:540} INFO - Filling up the DagBag from /home/victor/Área de Trabalho/airflow/venv/lib/python3.10/site-packages/airflow/example_dags/example_complex.py
[2024-03-02T09:55:32.965-0300] {processor.py:840} INFO - DAG(s) 'example_complex' retrieved from /home/victor/Área de Trabalho/airflow/venv/lib/python3.10/site-packages/airflow/example_dags/example_complex.py
[2024-03-02T09:55:33.000-0300] {logging_mixin.py:188} INFO - [2024-03-02T09:55:33.000-0300] {dag.py:3047} INFO - Sync 1 DAGs
[2024-03-02T09:55:33.012-0300] {logging_mixin.py:188} INFO - [2024-03-02T09:55:33.012-0300] {dag.py:3834} INFO - Setting next_dagrun for example_complex to None, run_after=None
[2024-03-02T09:55:33.031-0300] {processor.py:183} INFO - Processing /home/victor/Área de Trabalho/airflow/venv/lib/python3.10/site-packages/airflow/example_dags/example_complex.py took 0.081 seconds
[2024-03-02T09:56:03.292-0300] {processor.py:161} INFO - Started process (PID=25801) to work on /home/victor/Área de Trabalho/airflow/venv/lib/python3.10/site-packages/airflow/example_dags/example_complex.py
[2024-03-02T09:56:03.292-0300] {processor.py:830} INFO - Processing file /home/victor/Área de Trabalho/airflow/venv/lib/python3.10/site-packages/airflow/example_dags/example_complex.py for tasks to queue
[2024-03-02T09:56:03.293-0300] {logging_mixin.py:188} INFO - [2024-03-02T09:56:03.293-0300] {dagbag.py:540} INFO - Filling up the DagBag from /home/victor/Área de Trabalho/airflow/venv/lib/python3.10/site-packages/airflow/example_dags/example_complex.py
[2024-03-02T09:56:03.302-0300] {processor.py:840} INFO - DAG(s) 'example_complex' retrieved from /home/victor/Área de Trabalho/airflow/venv/lib/python3.10/site-packages/airflow/example_dags/example_complex.py
[2024-03-02T09:56:03.337-0300] {logging_mixin.py:188} INFO - [2024-03-02T09:56:03.337-0300] {dag.py:3047} INFO - Sync 1 DAGs
[2024-03-02T09:56:03.348-0300] {logging_mixin.py:188} INFO - [2024-03-02T09:56:03.348-0300] {dag.py:3834} INFO - Setting next_dagrun for example_complex to None, run_after=None
[2024-03-02T09:56:03.367-0300] {processor.py:183} INFO - Processing /home/victor/Área de Trabalho/airflow/venv/lib/python3.10/site-packages/airflow/example_dags/example_complex.py took 0.078 seconds
[2024-03-02T09:56:34.629-0300] {processor.py:161} INFO - Started process (PID=26123) to work on /home/victor/Área de Trabalho/airflow/venv/lib/python3.10/site-packages/airflow/example_dags/example_complex.py
[2024-03-02T09:56:34.630-0300] {processor.py:830} INFO - Processing file /home/victor/Área de Trabalho/airflow/venv/lib/python3.10/site-packages/airflow/example_dags/example_complex.py for tasks to queue
[2024-03-02T09:56:34.631-0300] {logging_mixin.py:188} INFO - [2024-03-02T09:56:34.630-0300] {dagbag.py:540} INFO - Filling up the DagBag from /home/victor/Área de Trabalho/airflow/venv/lib/python3.10/site-packages/airflow/example_dags/example_complex.py
[2024-03-02T09:56:34.640-0300] {processor.py:840} INFO - DAG(s) 'example_complex' retrieved from /home/victor/Área de Trabalho/airflow/venv/lib/python3.10/site-packages/airflow/example_dags/example_complex.py
[2024-03-02T09:56:34.674-0300] {logging_mixin.py:188} INFO - [2024-03-02T09:56:34.674-0300] {dag.py:3047} INFO - Sync 1 DAGs
[2024-03-02T09:56:34.685-0300] {logging_mixin.py:188} INFO - [2024-03-02T09:56:34.684-0300] {dag.py:3834} INFO - Setting next_dagrun for example_complex to None, run_after=None
[2024-03-02T09:56:34.703-0300] {processor.py:183} INFO - Processing /home/victor/Área de Trabalho/airflow/venv/lib/python3.10/site-packages/airflow/example_dags/example_complex.py took 0.077 seconds
[2024-03-02T09:57:05.222-0300] {processor.py:161} INFO - Started process (PID=26767) to work on /home/victor/Área de Trabalho/airflow/venv/lib/python3.10/site-packages/airflow/example_dags/example_complex.py
[2024-03-02T09:57:05.224-0300] {processor.py:830} INFO - Processing file /home/victor/Área de Trabalho/airflow/venv/lib/python3.10/site-packages/airflow/example_dags/example_complex.py for tasks to queue
[2024-03-02T09:57:05.225-0300] {logging_mixin.py:188} INFO - [2024-03-02T09:57:05.224-0300] {dagbag.py:540} INFO - Filling up the DagBag from /home/victor/Área de Trabalho/airflow/venv/lib/python3.10/site-packages/airflow/example_dags/example_complex.py
[2024-03-02T09:57:05.234-0300] {processor.py:840} INFO - DAG(s) 'example_complex' retrieved from /home/victor/Área de Trabalho/airflow/venv/lib/python3.10/site-packages/airflow/example_dags/example_complex.py
[2024-03-02T09:57:05.268-0300] {logging_mixin.py:188} INFO - [2024-03-02T09:57:05.268-0300] {dag.py:3047} INFO - Sync 1 DAGs
[2024-03-02T09:57:05.279-0300] {logging_mixin.py:188} INFO - [2024-03-02T09:57:05.279-0300] {dag.py:3834} INFO - Setting next_dagrun for example_complex to None, run_after=None
[2024-03-02T09:57:05.297-0300] {processor.py:183} INFO - Processing /home/victor/Área de Trabalho/airflow/venv/lib/python3.10/site-packages/airflow/example_dags/example_complex.py took 0.078 seconds
[2024-03-02T09:57:35.696-0300] {processor.py:161} INFO - Started process (PID=27087) to work on /home/victor/Área de Trabalho/airflow/venv/lib/python3.10/site-packages/airflow/example_dags/example_complex.py
[2024-03-02T09:57:35.697-0300] {processor.py:830} INFO - Processing file /home/victor/Área de Trabalho/airflow/venv/lib/python3.10/site-packages/airflow/example_dags/example_complex.py for tasks to queue
[2024-03-02T09:57:35.697-0300] {logging_mixin.py:188} INFO - [2024-03-02T09:57:35.697-0300] {dagbag.py:540} INFO - Filling up the DagBag from /home/victor/Área de Trabalho/airflow/venv/lib/python3.10/site-packages/airflow/example_dags/example_complex.py
[2024-03-02T09:57:35.706-0300] {processor.py:840} INFO - DAG(s) 'example_complex' retrieved from /home/victor/Área de Trabalho/airflow/venv/lib/python3.10/site-packages/airflow/example_dags/example_complex.py
[2024-03-02T09:57:35.740-0300] {logging_mixin.py:188} INFO - [2024-03-02T09:57:35.739-0300] {dag.py:3047} INFO - Sync 1 DAGs
[2024-03-02T09:57:35.751-0300] {logging_mixin.py:188} INFO - [2024-03-02T09:57:35.750-0300] {dag.py:3834} INFO - Setting next_dagrun for example_complex to None, run_after=None
[2024-03-02T09:57:35.777-0300] {processor.py:183} INFO - Processing /home/victor/Área de Trabalho/airflow/venv/lib/python3.10/site-packages/airflow/example_dags/example_complex.py took 0.083 seconds
[2024-03-02T09:58:06.220-0300] {processor.py:161} INFO - Started process (PID=27639) to work on /home/victor/Área de Trabalho/airflow/venv/lib/python3.10/site-packages/airflow/example_dags/example_complex.py
[2024-03-02T09:58:06.221-0300] {processor.py:830} INFO - Processing file /home/victor/Área de Trabalho/airflow/venv/lib/python3.10/site-packages/airflow/example_dags/example_complex.py for tasks to queue
[2024-03-02T09:58:06.222-0300] {logging_mixin.py:188} INFO - [2024-03-02T09:58:06.222-0300] {dagbag.py:540} INFO - Filling up the DagBag from /home/victor/Área de Trabalho/airflow/venv/lib/python3.10/site-packages/airflow/example_dags/example_complex.py
[2024-03-02T09:58:06.231-0300] {processor.py:840} INFO - DAG(s) 'example_complex' retrieved from /home/victor/Área de Trabalho/airflow/venv/lib/python3.10/site-packages/airflow/example_dags/example_complex.py
[2024-03-02T09:58:06.285-0300] {logging_mixin.py:188} INFO - [2024-03-02T09:58:06.284-0300] {dag.py:3047} INFO - Sync 1 DAGs
[2024-03-02T09:58:06.301-0300] {logging_mixin.py:188} INFO - [2024-03-02T09:58:06.301-0300] {dag.py:3834} INFO - Setting next_dagrun for example_complex to None, run_after=None
[2024-03-02T09:58:06.326-0300] {processor.py:183} INFO - Processing /home/victor/Área de Trabalho/airflow/venv/lib/python3.10/site-packages/airflow/example_dags/example_complex.py took 0.109 seconds
[2024-03-02T09:58:36.861-0300] {processor.py:161} INFO - Started process (PID=29010) to work on /home/victor/Área de Trabalho/airflow/venv/lib/python3.10/site-packages/airflow/example_dags/example_complex.py
[2024-03-02T09:58:36.862-0300] {processor.py:830} INFO - Processing file /home/victor/Área de Trabalho/airflow/venv/lib/python3.10/site-packages/airflow/example_dags/example_complex.py for tasks to queue
[2024-03-02T09:58:36.863-0300] {logging_mixin.py:188} INFO - [2024-03-02T09:58:36.862-0300] {dagbag.py:540} INFO - Filling up the DagBag from /home/victor/Área de Trabalho/airflow/venv/lib/python3.10/site-packages/airflow/example_dags/example_complex.py
[2024-03-02T09:58:36.872-0300] {processor.py:840} INFO - DAG(s) 'example_complex' retrieved from /home/victor/Área de Trabalho/airflow/venv/lib/python3.10/site-packages/airflow/example_dags/example_complex.py
[2024-03-02T09:58:36.905-0300] {logging_mixin.py:188} INFO - [2024-03-02T09:58:36.905-0300] {dag.py:3047} INFO - Sync 1 DAGs
[2024-03-02T09:58:36.916-0300] {logging_mixin.py:188} INFO - [2024-03-02T09:58:36.915-0300] {dag.py:3834} INFO - Setting next_dagrun for example_complex to None, run_after=None
[2024-03-02T09:58:36.934-0300] {processor.py:183} INFO - Processing /home/victor/Área de Trabalho/airflow/venv/lib/python3.10/site-packages/airflow/example_dags/example_complex.py took 0.075 seconds
[2024-03-02T09:59:07.357-0300] {processor.py:161} INFO - Started process (PID=29522) to work on /home/victor/Área de Trabalho/airflow/venv/lib/python3.10/site-packages/airflow/example_dags/example_complex.py
[2024-03-02T09:59:07.358-0300] {processor.py:830} INFO - Processing file /home/victor/Área de Trabalho/airflow/venv/lib/python3.10/site-packages/airflow/example_dags/example_complex.py for tasks to queue
[2024-03-02T09:59:07.358-0300] {logging_mixin.py:188} INFO - [2024-03-02T09:59:07.358-0300] {dagbag.py:540} INFO - Filling up the DagBag from /home/victor/Área de Trabalho/airflow/venv/lib/python3.10/site-packages/airflow/example_dags/example_complex.py
[2024-03-02T09:59:07.367-0300] {processor.py:840} INFO - DAG(s) 'example_complex' retrieved from /home/victor/Área de Trabalho/airflow/venv/lib/python3.10/site-packages/airflow/example_dags/example_complex.py
[2024-03-02T09:59:07.401-0300] {logging_mixin.py:188} INFO - [2024-03-02T09:59:07.401-0300] {dag.py:3047} INFO - Sync 1 DAGs
[2024-03-02T09:59:07.412-0300] {logging_mixin.py:188} INFO - [2024-03-02T09:59:07.412-0300] {dag.py:3834} INFO - Setting next_dagrun for example_complex to None, run_after=None
[2024-03-02T09:59:07.433-0300] {processor.py:183} INFO - Processing /home/victor/Área de Trabalho/airflow/venv/lib/python3.10/site-packages/airflow/example_dags/example_complex.py took 0.079 seconds
