[2024-03-02T09:37:00.252-0300] {processor.py:161} INFO - Started process (PID=8060) to work on /home/victor/Área de Trabalho/airflow/venv/lib/python3.10/site-packages/airflow/example_dags/example_sensors.py
[2024-03-02T09:37:00.253-0300] {processor.py:830} INFO - Processing file /home/victor/Área de Trabalho/airflow/venv/lib/python3.10/site-packages/airflow/example_dags/example_sensors.py for tasks to queue
[2024-03-02T09:37:00.254-0300] {logging_mixin.py:188} INFO - [2024-03-02T09:37:00.253-0300] {dagbag.py:540} INFO - Filling up the DagBag from /home/victor/Área de Trabalho/airflow/venv/lib/python3.10/site-packages/airflow/example_dags/example_sensors.py
[2024-03-02T09:37:00.261-0300] {processor.py:840} INFO - DAG(s) 'example_sensors' retrieved from /home/victor/Área de Trabalho/airflow/venv/lib/python3.10/site-packages/airflow/example_dags/example_sensors.py
[2024-03-02T09:37:00.280-0300] {logging_mixin.py:188} INFO - [2024-03-02T09:37:00.280-0300] {dag.py:3047} INFO - Sync 1 DAGs
[2024-03-02T09:37:00.293-0300] {logging_mixin.py:188} INFO - [2024-03-02T09:37:00.292-0300] {dag.py:3834} INFO - Setting next_dagrun for example_sensors to None, run_after=None
[2024-03-02T09:37:00.312-0300] {processor.py:183} INFO - Processing /home/victor/Área de Trabalho/airflow/venv/lib/python3.10/site-packages/airflow/example_dags/example_sensors.py took 0.062 seconds
[2024-03-02T09:37:32.051-0300] {processor.py:161} INFO - Started process (PID=9518) to work on /home/victor/Área de Trabalho/airflow/venv/lib/python3.10/site-packages/airflow/example_dags/example_sensors.py
[2024-03-02T09:37:32.052-0300] {processor.py:830} INFO - Processing file /home/victor/Área de Trabalho/airflow/venv/lib/python3.10/site-packages/airflow/example_dags/example_sensors.py for tasks to queue
[2024-03-02T09:37:32.053-0300] {logging_mixin.py:188} INFO - [2024-03-02T09:37:32.053-0300] {dagbag.py:540} INFO - Filling up the DagBag from /home/victor/Área de Trabalho/airflow/venv/lib/python3.10/site-packages/airflow/example_dags/example_sensors.py
[2024-03-02T09:37:32.062-0300] {processor.py:840} INFO - DAG(s) 'example_sensors' retrieved from /home/victor/Área de Trabalho/airflow/venv/lib/python3.10/site-packages/airflow/example_dags/example_sensors.py
[2024-03-02T09:37:32.175-0300] {logging_mixin.py:188} INFO - [2024-03-02T09:37:32.174-0300] {dag.py:3047} INFO - Sync 1 DAGs
[2024-03-02T09:37:32.184-0300] {logging_mixin.py:188} INFO - [2024-03-02T09:37:32.184-0300] {dag.py:3834} INFO - Setting next_dagrun for example_sensors to None, run_after=None
[2024-03-02T09:37:32.206-0300] {processor.py:183} INFO - Processing /home/victor/Área de Trabalho/airflow/venv/lib/python3.10/site-packages/airflow/example_dags/example_sensors.py took 0.158 seconds
[2024-03-02T09:38:02.671-0300] {processor.py:161} INFO - Started process (PID=10125) to work on /home/victor/Área de Trabalho/airflow/venv/lib/python3.10/site-packages/airflow/example_dags/example_sensors.py
[2024-03-02T09:38:02.672-0300] {processor.py:830} INFO - Processing file /home/victor/Área de Trabalho/airflow/venv/lib/python3.10/site-packages/airflow/example_dags/example_sensors.py for tasks to queue
[2024-03-02T09:38:02.673-0300] {logging_mixin.py:188} INFO - [2024-03-02T09:38:02.672-0300] {dagbag.py:540} INFO - Filling up the DagBag from /home/victor/Área de Trabalho/airflow/venv/lib/python3.10/site-packages/airflow/example_dags/example_sensors.py
[2024-03-02T09:38:02.680-0300] {processor.py:840} INFO - DAG(s) 'example_sensors' retrieved from /home/victor/Área de Trabalho/airflow/venv/lib/python3.10/site-packages/airflow/example_dags/example_sensors.py
[2024-03-02T09:38:02.709-0300] {logging_mixin.py:188} INFO - [2024-03-02T09:38:02.709-0300] {dag.py:3047} INFO - Sync 1 DAGs
[2024-03-02T09:38:02.720-0300] {logging_mixin.py:188} INFO - [2024-03-02T09:38:02.720-0300] {dag.py:3834} INFO - Setting next_dagrun for example_sensors to None, run_after=None
[2024-03-02T09:38:02.739-0300] {processor.py:183} INFO - Processing /home/victor/Área de Trabalho/airflow/venv/lib/python3.10/site-packages/airflow/example_dags/example_sensors.py took 0.071 seconds
[2024-03-02T09:38:33.089-0300] {processor.py:161} INFO - Started process (PID=10439) to work on /home/victor/Área de Trabalho/airflow/venv/lib/python3.10/site-packages/airflow/example_dags/example_sensors.py
[2024-03-02T09:38:33.090-0300] {processor.py:830} INFO - Processing file /home/victor/Área de Trabalho/airflow/venv/lib/python3.10/site-packages/airflow/example_dags/example_sensors.py for tasks to queue
[2024-03-02T09:38:33.091-0300] {logging_mixin.py:188} INFO - [2024-03-02T09:38:33.091-0300] {dagbag.py:540} INFO - Filling up the DagBag from /home/victor/Área de Trabalho/airflow/venv/lib/python3.10/site-packages/airflow/example_dags/example_sensors.py
[2024-03-02T09:38:33.099-0300] {processor.py:840} INFO - DAG(s) 'example_sensors' retrieved from /home/victor/Área de Trabalho/airflow/venv/lib/python3.10/site-packages/airflow/example_dags/example_sensors.py
[2024-03-02T09:38:33.128-0300] {logging_mixin.py:188} INFO - [2024-03-02T09:38:33.128-0300] {dag.py:3047} INFO - Sync 1 DAGs
[2024-03-02T09:38:33.140-0300] {logging_mixin.py:188} INFO - [2024-03-02T09:38:33.139-0300] {dag.py:3834} INFO - Setting next_dagrun for example_sensors to None, run_after=None
[2024-03-02T09:38:33.159-0300] {processor.py:183} INFO - Processing /home/victor/Área de Trabalho/airflow/venv/lib/python3.10/site-packages/airflow/example_dags/example_sensors.py took 0.072 seconds
[2024-03-02T09:39:04.451-0300] {processor.py:161} INFO - Started process (PID=11030) to work on /home/victor/Área de Trabalho/airflow/venv/lib/python3.10/site-packages/airflow/example_dags/example_sensors.py
[2024-03-02T09:39:04.453-0300] {processor.py:830} INFO - Processing file /home/victor/Área de Trabalho/airflow/venv/lib/python3.10/site-packages/airflow/example_dags/example_sensors.py for tasks to queue
[2024-03-02T09:39:04.454-0300] {logging_mixin.py:188} INFO - [2024-03-02T09:39:04.453-0300] {dagbag.py:540} INFO - Filling up the DagBag from /home/victor/Área de Trabalho/airflow/venv/lib/python3.10/site-packages/airflow/example_dags/example_sensors.py
[2024-03-02T09:39:04.462-0300] {processor.py:840} INFO - DAG(s) 'example_sensors' retrieved from /home/victor/Área de Trabalho/airflow/venv/lib/python3.10/site-packages/airflow/example_dags/example_sensors.py
[2024-03-02T09:39:04.493-0300] {logging_mixin.py:188} INFO - [2024-03-02T09:39:04.493-0300] {dag.py:3047} INFO - Sync 1 DAGs
[2024-03-02T09:39:04.507-0300] {logging_mixin.py:188} INFO - [2024-03-02T09:39:04.507-0300] {dag.py:3834} INFO - Setting next_dagrun for example_sensors to None, run_after=None
[2024-03-02T09:39:04.531-0300] {processor.py:183} INFO - Processing /home/victor/Área de Trabalho/airflow/venv/lib/python3.10/site-packages/airflow/example_dags/example_sensors.py took 0.084 seconds
[2024-03-02T09:39:35.666-0300] {processor.py:161} INFO - Started process (PID=11597) to work on /home/victor/Área de Trabalho/airflow/venv/lib/python3.10/site-packages/airflow/example_dags/example_sensors.py
[2024-03-02T09:39:35.667-0300] {processor.py:830} INFO - Processing file /home/victor/Área de Trabalho/airflow/venv/lib/python3.10/site-packages/airflow/example_dags/example_sensors.py for tasks to queue
[2024-03-02T09:39:35.668-0300] {logging_mixin.py:188} INFO - [2024-03-02T09:39:35.667-0300] {dagbag.py:540} INFO - Filling up the DagBag from /home/victor/Área de Trabalho/airflow/venv/lib/python3.10/site-packages/airflow/example_dags/example_sensors.py
[2024-03-02T09:39:35.675-0300] {processor.py:840} INFO - DAG(s) 'example_sensors' retrieved from /home/victor/Área de Trabalho/airflow/venv/lib/python3.10/site-packages/airflow/example_dags/example_sensors.py
[2024-03-02T09:39:35.703-0300] {logging_mixin.py:188} INFO - [2024-03-02T09:39:35.703-0300] {dag.py:3047} INFO - Sync 1 DAGs
[2024-03-02T09:39:35.713-0300] {logging_mixin.py:188} INFO - [2024-03-02T09:39:35.713-0300] {dag.py:3834} INFO - Setting next_dagrun for example_sensors to None, run_after=None
[2024-03-02T09:39:35.730-0300] {processor.py:183} INFO - Processing /home/victor/Área de Trabalho/airflow/venv/lib/python3.10/site-packages/airflow/example_dags/example_sensors.py took 0.067 seconds
[2024-03-02T09:40:06.942-0300] {processor.py:161} INFO - Started process (PID=12073) to work on /home/victor/Área de Trabalho/airflow/venv/lib/python3.10/site-packages/airflow/example_dags/example_sensors.py
[2024-03-02T09:40:06.943-0300] {processor.py:830} INFO - Processing file /home/victor/Área de Trabalho/airflow/venv/lib/python3.10/site-packages/airflow/example_dags/example_sensors.py for tasks to queue
[2024-03-02T09:40:06.943-0300] {logging_mixin.py:188} INFO - [2024-03-02T09:40:06.943-0300] {dagbag.py:540} INFO - Filling up the DagBag from /home/victor/Área de Trabalho/airflow/venv/lib/python3.10/site-packages/airflow/example_dags/example_sensors.py
[2024-03-02T09:40:06.951-0300] {processor.py:840} INFO - DAG(s) 'example_sensors' retrieved from /home/victor/Área de Trabalho/airflow/venv/lib/python3.10/site-packages/airflow/example_dags/example_sensors.py
[2024-03-02T09:40:06.982-0300] {logging_mixin.py:188} INFO - [2024-03-02T09:40:06.982-0300] {dag.py:3047} INFO - Sync 1 DAGs
[2024-03-02T09:40:06.994-0300] {logging_mixin.py:188} INFO - [2024-03-02T09:40:06.994-0300] {dag.py:3834} INFO - Setting next_dagrun for example_sensors to None, run_after=None
[2024-03-02T09:40:07.012-0300] {processor.py:183} INFO - Processing /home/victor/Área de Trabalho/airflow/venv/lib/python3.10/site-packages/airflow/example_dags/example_sensors.py took 0.073 seconds
[2024-03-02T09:40:38.546-0300] {processor.py:161} INFO - Started process (PID=12451) to work on /home/victor/Área de Trabalho/airflow/venv/lib/python3.10/site-packages/airflow/example_dags/example_sensors.py
[2024-03-02T09:40:38.548-0300] {processor.py:830} INFO - Processing file /home/victor/Área de Trabalho/airflow/venv/lib/python3.10/site-packages/airflow/example_dags/example_sensors.py for tasks to queue
[2024-03-02T09:40:38.549-0300] {logging_mixin.py:188} INFO - [2024-03-02T09:40:38.548-0300] {dagbag.py:540} INFO - Filling up the DagBag from /home/victor/Área de Trabalho/airflow/venv/lib/python3.10/site-packages/airflow/example_dags/example_sensors.py
[2024-03-02T09:40:38.558-0300] {processor.py:840} INFO - DAG(s) 'example_sensors' retrieved from /home/victor/Área de Trabalho/airflow/venv/lib/python3.10/site-packages/airflow/example_dags/example_sensors.py
[2024-03-02T09:40:38.591-0300] {logging_mixin.py:188} INFO - [2024-03-02T09:40:38.591-0300] {dag.py:3047} INFO - Sync 1 DAGs
[2024-03-02T09:40:38.603-0300] {logging_mixin.py:188} INFO - [2024-03-02T09:40:38.603-0300] {dag.py:3834} INFO - Setting next_dagrun for example_sensors to None, run_after=None
[2024-03-02T09:40:38.626-0300] {processor.py:183} INFO - Processing /home/victor/Área de Trabalho/airflow/venv/lib/python3.10/site-packages/airflow/example_dags/example_sensors.py took 0.083 seconds
[2024-03-02T09:41:09.557-0300] {processor.py:161} INFO - Started process (PID=12925) to work on /home/victor/Área de Trabalho/airflow/venv/lib/python3.10/site-packages/airflow/example_dags/example_sensors.py
[2024-03-02T09:41:09.558-0300] {processor.py:830} INFO - Processing file /home/victor/Área de Trabalho/airflow/venv/lib/python3.10/site-packages/airflow/example_dags/example_sensors.py for tasks to queue
[2024-03-02T09:41:09.559-0300] {logging_mixin.py:188} INFO - [2024-03-02T09:41:09.559-0300] {dagbag.py:540} INFO - Filling up the DagBag from /home/victor/Área de Trabalho/airflow/venv/lib/python3.10/site-packages/airflow/example_dags/example_sensors.py
[2024-03-02T09:41:09.568-0300] {processor.py:840} INFO - DAG(s) 'example_sensors' retrieved from /home/victor/Área de Trabalho/airflow/venv/lib/python3.10/site-packages/airflow/example_dags/example_sensors.py
[2024-03-02T09:41:09.605-0300] {logging_mixin.py:188} INFO - [2024-03-02T09:41:09.604-0300] {dag.py:3047} INFO - Sync 1 DAGs
[2024-03-02T09:41:09.621-0300] {logging_mixin.py:188} INFO - [2024-03-02T09:41:09.621-0300] {dag.py:3834} INFO - Setting next_dagrun for example_sensors to None, run_after=None
[2024-03-02T09:41:09.652-0300] {processor.py:183} INFO - Processing /home/victor/Área de Trabalho/airflow/venv/lib/python3.10/site-packages/airflow/example_dags/example_sensors.py took 0.100 seconds
[2024-03-02T09:41:40.219-0300] {processor.py:161} INFO - Started process (PID=13242) to work on /home/victor/Área de Trabalho/airflow/venv/lib/python3.10/site-packages/airflow/example_dags/example_sensors.py
[2024-03-02T09:41:40.220-0300] {processor.py:830} INFO - Processing file /home/victor/Área de Trabalho/airflow/venv/lib/python3.10/site-packages/airflow/example_dags/example_sensors.py for tasks to queue
[2024-03-02T09:41:40.221-0300] {logging_mixin.py:188} INFO - [2024-03-02T09:41:40.221-0300] {dagbag.py:540} INFO - Filling up the DagBag from /home/victor/Área de Trabalho/airflow/venv/lib/python3.10/site-packages/airflow/example_dags/example_sensors.py
[2024-03-02T09:41:40.231-0300] {processor.py:840} INFO - DAG(s) 'example_sensors' retrieved from /home/victor/Área de Trabalho/airflow/venv/lib/python3.10/site-packages/airflow/example_dags/example_sensors.py
[2024-03-02T09:41:40.260-0300] {logging_mixin.py:188} INFO - [2024-03-02T09:41:40.260-0300] {dag.py:3047} INFO - Sync 1 DAGs
[2024-03-02T09:41:40.272-0300] {logging_mixin.py:188} INFO - [2024-03-02T09:41:40.272-0300] {dag.py:3834} INFO - Setting next_dagrun for example_sensors to None, run_after=None
[2024-03-02T09:41:40.293-0300] {processor.py:183} INFO - Processing /home/victor/Área de Trabalho/airflow/venv/lib/python3.10/site-packages/airflow/example_dags/example_sensors.py took 0.077 seconds
[2024-03-02T09:42:11.170-0300] {processor.py:161} INFO - Started process (PID=13882) to work on /home/victor/Área de Trabalho/airflow/venv/lib/python3.10/site-packages/airflow/example_dags/example_sensors.py
[2024-03-02T09:42:11.171-0300] {processor.py:830} INFO - Processing file /home/victor/Área de Trabalho/airflow/venv/lib/python3.10/site-packages/airflow/example_dags/example_sensors.py for tasks to queue
[2024-03-02T09:42:11.171-0300] {logging_mixin.py:188} INFO - [2024-03-02T09:42:11.171-0300] {dagbag.py:540} INFO - Filling up the DagBag from /home/victor/Área de Trabalho/airflow/venv/lib/python3.10/site-packages/airflow/example_dags/example_sensors.py
[2024-03-02T09:42:11.180-0300] {processor.py:840} INFO - DAG(s) 'example_sensors' retrieved from /home/victor/Área de Trabalho/airflow/venv/lib/python3.10/site-packages/airflow/example_dags/example_sensors.py
[2024-03-02T09:42:11.211-0300] {logging_mixin.py:188} INFO - [2024-03-02T09:42:11.211-0300] {dag.py:3047} INFO - Sync 1 DAGs
[2024-03-02T09:42:11.223-0300] {logging_mixin.py:188} INFO - [2024-03-02T09:42:11.223-0300] {dag.py:3834} INFO - Setting next_dagrun for example_sensors to None, run_after=None
[2024-03-02T09:42:11.244-0300] {processor.py:183} INFO - Processing /home/victor/Área de Trabalho/airflow/venv/lib/python3.10/site-packages/airflow/example_dags/example_sensors.py took 0.077 seconds
[2024-03-02T09:42:42.257-0300] {processor.py:161} INFO - Started process (PID=14196) to work on /home/victor/Área de Trabalho/airflow/venv/lib/python3.10/site-packages/airflow/example_dags/example_sensors.py
[2024-03-02T09:42:42.257-0300] {processor.py:830} INFO - Processing file /home/victor/Área de Trabalho/airflow/venv/lib/python3.10/site-packages/airflow/example_dags/example_sensors.py for tasks to queue
[2024-03-02T09:42:42.258-0300] {logging_mixin.py:188} INFO - [2024-03-02T09:42:42.258-0300] {dagbag.py:540} INFO - Filling up the DagBag from /home/victor/Área de Trabalho/airflow/venv/lib/python3.10/site-packages/airflow/example_dags/example_sensors.py
[2024-03-02T09:42:42.270-0300] {processor.py:840} INFO - DAG(s) 'example_sensors' retrieved from /home/victor/Área de Trabalho/airflow/venv/lib/python3.10/site-packages/airflow/example_dags/example_sensors.py
[2024-03-02T09:42:42.301-0300] {logging_mixin.py:188} INFO - [2024-03-02T09:42:42.301-0300] {dag.py:3047} INFO - Sync 1 DAGs
[2024-03-02T09:42:42.313-0300] {logging_mixin.py:188} INFO - [2024-03-02T09:42:42.313-0300] {dag.py:3834} INFO - Setting next_dagrun for example_sensors to None, run_after=None
[2024-03-02T09:42:42.336-0300] {processor.py:183} INFO - Processing /home/victor/Área de Trabalho/airflow/venv/lib/python3.10/site-packages/airflow/example_dags/example_sensors.py took 0.083 seconds
[2024-03-02T09:43:13.316-0300] {processor.py:161} INFO - Started process (PID=14682) to work on /home/victor/Área de Trabalho/airflow/venv/lib/python3.10/site-packages/airflow/example_dags/example_sensors.py
[2024-03-02T09:43:13.317-0300] {processor.py:830} INFO - Processing file /home/victor/Área de Trabalho/airflow/venv/lib/python3.10/site-packages/airflow/example_dags/example_sensors.py for tasks to queue
[2024-03-02T09:43:13.318-0300] {logging_mixin.py:188} INFO - [2024-03-02T09:43:13.318-0300] {dagbag.py:540} INFO - Filling up the DagBag from /home/victor/Área de Trabalho/airflow/venv/lib/python3.10/site-packages/airflow/example_dags/example_sensors.py
[2024-03-02T09:43:13.327-0300] {processor.py:840} INFO - DAG(s) 'example_sensors' retrieved from /home/victor/Área de Trabalho/airflow/venv/lib/python3.10/site-packages/airflow/example_dags/example_sensors.py
[2024-03-02T09:43:13.360-0300] {logging_mixin.py:188} INFO - [2024-03-02T09:43:13.360-0300] {dag.py:3047} INFO - Sync 1 DAGs
[2024-03-02T09:43:13.374-0300] {logging_mixin.py:188} INFO - [2024-03-02T09:43:13.374-0300] {dag.py:3834} INFO - Setting next_dagrun for example_sensors to None, run_after=None
[2024-03-02T09:43:13.400-0300] {processor.py:183} INFO - Processing /home/victor/Área de Trabalho/airflow/venv/lib/python3.10/site-packages/airflow/example_dags/example_sensors.py took 0.087 seconds
[2024-03-02T09:43:43.776-0300] {processor.py:161} INFO - Started process (PID=14996) to work on /home/victor/Área de Trabalho/airflow/venv/lib/python3.10/site-packages/airflow/example_dags/example_sensors.py
[2024-03-02T09:43:43.777-0300] {processor.py:830} INFO - Processing file /home/victor/Área de Trabalho/airflow/venv/lib/python3.10/site-packages/airflow/example_dags/example_sensors.py for tasks to queue
[2024-03-02T09:43:43.778-0300] {logging_mixin.py:188} INFO - [2024-03-02T09:43:43.778-0300] {dagbag.py:540} INFO - Filling up the DagBag from /home/victor/Área de Trabalho/airflow/venv/lib/python3.10/site-packages/airflow/example_dags/example_sensors.py
[2024-03-02T09:43:43.790-0300] {processor.py:840} INFO - DAG(s) 'example_sensors' retrieved from /home/victor/Área de Trabalho/airflow/venv/lib/python3.10/site-packages/airflow/example_dags/example_sensors.py
[2024-03-02T09:43:43.827-0300] {logging_mixin.py:188} INFO - [2024-03-02T09:43:43.827-0300] {dag.py:3047} INFO - Sync 1 DAGs
[2024-03-02T09:43:43.843-0300] {logging_mixin.py:188} INFO - [2024-03-02T09:43:43.842-0300] {dag.py:3834} INFO - Setting next_dagrun for example_sensors to None, run_after=None
[2024-03-02T09:43:43.864-0300] {processor.py:183} INFO - Processing /home/victor/Área de Trabalho/airflow/venv/lib/python3.10/site-packages/airflow/example_dags/example_sensors.py took 0.092 seconds
[2024-03-02T09:44:15.348-0300] {processor.py:161} INFO - Started process (PID=15486) to work on /home/victor/Área de Trabalho/airflow/venv/lib/python3.10/site-packages/airflow/example_dags/example_sensors.py
[2024-03-02T09:44:15.349-0300] {processor.py:830} INFO - Processing file /home/victor/Área de Trabalho/airflow/venv/lib/python3.10/site-packages/airflow/example_dags/example_sensors.py for tasks to queue
[2024-03-02T09:44:15.350-0300] {logging_mixin.py:188} INFO - [2024-03-02T09:44:15.350-0300] {dagbag.py:540} INFO - Filling up the DagBag from /home/victor/Área de Trabalho/airflow/venv/lib/python3.10/site-packages/airflow/example_dags/example_sensors.py
[2024-03-02T09:44:15.359-0300] {processor.py:840} INFO - DAG(s) 'example_sensors' retrieved from /home/victor/Área de Trabalho/airflow/venv/lib/python3.10/site-packages/airflow/example_dags/example_sensors.py
[2024-03-02T09:44:15.396-0300] {logging_mixin.py:188} INFO - [2024-03-02T09:44:15.395-0300] {dag.py:3047} INFO - Sync 1 DAGs
[2024-03-02T09:44:15.413-0300] {logging_mixin.py:188} INFO - [2024-03-02T09:44:15.413-0300] {dag.py:3834} INFO - Setting next_dagrun for example_sensors to None, run_after=None
[2024-03-02T09:44:15.436-0300] {processor.py:183} INFO - Processing /home/victor/Área de Trabalho/airflow/venv/lib/python3.10/site-packages/airflow/example_dags/example_sensors.py took 0.092 seconds
[2024-03-02T09:44:46.064-0300] {processor.py:161} INFO - Started process (PID=15809) to work on /home/victor/Área de Trabalho/airflow/venv/lib/python3.10/site-packages/airflow/example_dags/example_sensors.py
[2024-03-02T09:44:46.065-0300] {processor.py:830} INFO - Processing file /home/victor/Área de Trabalho/airflow/venv/lib/python3.10/site-packages/airflow/example_dags/example_sensors.py for tasks to queue
[2024-03-02T09:44:46.067-0300] {logging_mixin.py:188} INFO - [2024-03-02T09:44:46.067-0300] {dagbag.py:540} INFO - Filling up the DagBag from /home/victor/Área de Trabalho/airflow/venv/lib/python3.10/site-packages/airflow/example_dags/example_sensors.py
[2024-03-02T09:44:46.076-0300] {processor.py:840} INFO - DAG(s) 'example_sensors' retrieved from /home/victor/Área de Trabalho/airflow/venv/lib/python3.10/site-packages/airflow/example_dags/example_sensors.py
[2024-03-02T09:44:46.106-0300] {logging_mixin.py:188} INFO - [2024-03-02T09:44:46.106-0300] {dag.py:3047} INFO - Sync 1 DAGs
[2024-03-02T09:44:46.120-0300] {logging_mixin.py:188} INFO - [2024-03-02T09:44:46.119-0300] {dag.py:3834} INFO - Setting next_dagrun for example_sensors to None, run_after=None
[2024-03-02T09:44:46.139-0300] {processor.py:183} INFO - Processing /home/victor/Área de Trabalho/airflow/venv/lib/python3.10/site-packages/airflow/example_dags/example_sensors.py took 0.077 seconds
[2024-03-02T09:45:17.386-0300] {processor.py:161} INFO - Started process (PID=16294) to work on /home/victor/Área de Trabalho/airflow/venv/lib/python3.10/site-packages/airflow/example_dags/example_sensors.py
[2024-03-02T09:45:17.393-0300] {processor.py:830} INFO - Processing file /home/victor/Área de Trabalho/airflow/venv/lib/python3.10/site-packages/airflow/example_dags/example_sensors.py for tasks to queue
[2024-03-02T09:45:17.394-0300] {logging_mixin.py:188} INFO - [2024-03-02T09:45:17.393-0300] {dagbag.py:540} INFO - Filling up the DagBag from /home/victor/Área de Trabalho/airflow/venv/lib/python3.10/site-packages/airflow/example_dags/example_sensors.py
[2024-03-02T09:45:17.402-0300] {processor.py:840} INFO - DAG(s) 'example_sensors' retrieved from /home/victor/Área de Trabalho/airflow/venv/lib/python3.10/site-packages/airflow/example_dags/example_sensors.py
[2024-03-02T09:45:17.437-0300] {logging_mixin.py:188} INFO - [2024-03-02T09:45:17.437-0300] {dag.py:3047} INFO - Sync 1 DAGs
[2024-03-02T09:45:17.451-0300] {logging_mixin.py:188} INFO - [2024-03-02T09:45:17.451-0300] {dag.py:3834} INFO - Setting next_dagrun for example_sensors to None, run_after=None
[2024-03-02T09:45:17.472-0300] {processor.py:183} INFO - Processing /home/victor/Área de Trabalho/airflow/venv/lib/python3.10/site-packages/airflow/example_dags/example_sensors.py took 0.089 seconds
[2024-03-02T09:45:47.822-0300] {processor.py:161} INFO - Started process (PID=16801) to work on /home/victor/Área de Trabalho/airflow/venv/lib/python3.10/site-packages/airflow/example_dags/example_sensors.py
[2024-03-02T09:45:47.824-0300] {processor.py:830} INFO - Processing file /home/victor/Área de Trabalho/airflow/venv/lib/python3.10/site-packages/airflow/example_dags/example_sensors.py for tasks to queue
[2024-03-02T09:45:47.824-0300] {logging_mixin.py:188} INFO - [2024-03-02T09:45:47.824-0300] {dagbag.py:540} INFO - Filling up the DagBag from /home/victor/Área de Trabalho/airflow/venv/lib/python3.10/site-packages/airflow/example_dags/example_sensors.py
[2024-03-02T09:45:47.833-0300] {processor.py:840} INFO - DAG(s) 'example_sensors' retrieved from /home/victor/Área de Trabalho/airflow/venv/lib/python3.10/site-packages/airflow/example_dags/example_sensors.py
[2024-03-02T09:45:47.863-0300] {logging_mixin.py:188} INFO - [2024-03-02T09:45:47.863-0300] {dag.py:3047} INFO - Sync 1 DAGs
[2024-03-02T09:45:47.874-0300] {logging_mixin.py:188} INFO - [2024-03-02T09:45:47.874-0300] {dag.py:3834} INFO - Setting next_dagrun for example_sensors to None, run_after=None
[2024-03-02T09:45:47.893-0300] {processor.py:183} INFO - Processing /home/victor/Área de Trabalho/airflow/venv/lib/python3.10/site-packages/airflow/example_dags/example_sensors.py took 0.075 seconds
[2024-03-02T09:46:19.682-0300] {processor.py:161} INFO - Started process (PID=17285) to work on /home/victor/Área de Trabalho/airflow/venv/lib/python3.10/site-packages/airflow/example_dags/example_sensors.py
[2024-03-02T09:46:19.683-0300] {processor.py:830} INFO - Processing file /home/victor/Área de Trabalho/airflow/venv/lib/python3.10/site-packages/airflow/example_dags/example_sensors.py for tasks to queue
[2024-03-02T09:46:19.684-0300] {logging_mixin.py:188} INFO - [2024-03-02T09:46:19.683-0300] {dagbag.py:540} INFO - Filling up the DagBag from /home/victor/Área de Trabalho/airflow/venv/lib/python3.10/site-packages/airflow/example_dags/example_sensors.py
[2024-03-02T09:46:19.691-0300] {processor.py:840} INFO - DAG(s) 'example_sensors' retrieved from /home/victor/Área de Trabalho/airflow/venv/lib/python3.10/site-packages/airflow/example_dags/example_sensors.py
[2024-03-02T09:46:19.725-0300] {logging_mixin.py:188} INFO - [2024-03-02T09:46:19.724-0300] {dag.py:3047} INFO - Sync 1 DAGs
[2024-03-02T09:46:19.741-0300] {logging_mixin.py:188} INFO - [2024-03-02T09:46:19.741-0300] {dag.py:3834} INFO - Setting next_dagrun for example_sensors to None, run_after=None
[2024-03-02T09:46:19.762-0300] {processor.py:183} INFO - Processing /home/victor/Área de Trabalho/airflow/venv/lib/python3.10/site-packages/airflow/example_dags/example_sensors.py took 0.084 seconds
[2024-03-02T09:46:50.220-0300] {processor.py:161} INFO - Started process (PID=17609) to work on /home/victor/Área de Trabalho/airflow/venv/lib/python3.10/site-packages/airflow/example_dags/example_sensors.py
[2024-03-02T09:46:50.221-0300] {processor.py:830} INFO - Processing file /home/victor/Área de Trabalho/airflow/venv/lib/python3.10/site-packages/airflow/example_dags/example_sensors.py for tasks to queue
[2024-03-02T09:46:50.222-0300] {logging_mixin.py:188} INFO - [2024-03-02T09:46:50.222-0300] {dagbag.py:540} INFO - Filling up the DagBag from /home/victor/Área de Trabalho/airflow/venv/lib/python3.10/site-packages/airflow/example_dags/example_sensors.py
[2024-03-02T09:46:50.231-0300] {processor.py:840} INFO - DAG(s) 'example_sensors' retrieved from /home/victor/Área de Trabalho/airflow/venv/lib/python3.10/site-packages/airflow/example_dags/example_sensors.py
[2024-03-02T09:46:50.260-0300] {logging_mixin.py:188} INFO - [2024-03-02T09:46:50.259-0300] {dag.py:3047} INFO - Sync 1 DAGs
[2024-03-02T09:46:50.272-0300] {logging_mixin.py:188} INFO - [2024-03-02T09:46:50.272-0300] {dag.py:3834} INFO - Setting next_dagrun for example_sensors to None, run_after=None
[2024-03-02T09:46:50.292-0300] {processor.py:183} INFO - Processing /home/victor/Área de Trabalho/airflow/venv/lib/python3.10/site-packages/airflow/example_dags/example_sensors.py took 0.076 seconds
[2024-03-02T09:47:21.239-0300] {processor.py:161} INFO - Started process (PID=18266) to work on /home/victor/Área de Trabalho/airflow/venv/lib/python3.10/site-packages/airflow/example_dags/example_sensors.py
[2024-03-02T09:47:21.240-0300] {processor.py:830} INFO - Processing file /home/victor/Área de Trabalho/airflow/venv/lib/python3.10/site-packages/airflow/example_dags/example_sensors.py for tasks to queue
[2024-03-02T09:47:21.241-0300] {logging_mixin.py:188} INFO - [2024-03-02T09:47:21.240-0300] {dagbag.py:540} INFO - Filling up the DagBag from /home/victor/Área de Trabalho/airflow/venv/lib/python3.10/site-packages/airflow/example_dags/example_sensors.py
[2024-03-02T09:47:21.248-0300] {processor.py:840} INFO - DAG(s) 'example_sensors' retrieved from /home/victor/Área de Trabalho/airflow/venv/lib/python3.10/site-packages/airflow/example_dags/example_sensors.py
[2024-03-02T09:47:21.278-0300] {logging_mixin.py:188} INFO - [2024-03-02T09:47:21.278-0300] {dag.py:3047} INFO - Sync 1 DAGs
[2024-03-02T09:47:21.289-0300] {logging_mixin.py:188} INFO - [2024-03-02T09:47:21.289-0300] {dag.py:3834} INFO - Setting next_dagrun for example_sensors to None, run_after=None
[2024-03-02T09:47:21.310-0300] {processor.py:183} INFO - Processing /home/victor/Área de Trabalho/airflow/venv/lib/python3.10/site-packages/airflow/example_dags/example_sensors.py took 0.074 seconds
[2024-03-02T09:47:51.850-0300] {processor.py:161} INFO - Started process (PID=18584) to work on /home/victor/Área de Trabalho/airflow/venv/lib/python3.10/site-packages/airflow/example_dags/example_sensors.py
[2024-03-02T09:47:51.851-0300] {processor.py:830} INFO - Processing file /home/victor/Área de Trabalho/airflow/venv/lib/python3.10/site-packages/airflow/example_dags/example_sensors.py for tasks to queue
[2024-03-02T09:47:51.853-0300] {logging_mixin.py:188} INFO - [2024-03-02T09:47:51.852-0300] {dagbag.py:540} INFO - Filling up the DagBag from /home/victor/Área de Trabalho/airflow/venv/lib/python3.10/site-packages/airflow/example_dags/example_sensors.py
[2024-03-02T09:47:51.864-0300] {processor.py:840} INFO - DAG(s) 'example_sensors' retrieved from /home/victor/Área de Trabalho/airflow/venv/lib/python3.10/site-packages/airflow/example_dags/example_sensors.py
[2024-03-02T09:47:51.894-0300] {logging_mixin.py:188} INFO - [2024-03-02T09:47:51.894-0300] {dag.py:3047} INFO - Sync 1 DAGs
[2024-03-02T09:47:51.907-0300] {logging_mixin.py:188} INFO - [2024-03-02T09:47:51.907-0300] {dag.py:3834} INFO - Setting next_dagrun for example_sensors to None, run_after=None
[2024-03-02T09:47:51.927-0300] {processor.py:183} INFO - Processing /home/victor/Área de Trabalho/airflow/venv/lib/python3.10/site-packages/airflow/example_dags/example_sensors.py took 0.079 seconds
[2024-03-02T09:48:22.440-0300] {processor.py:161} INFO - Started process (PID=19072) to work on /home/victor/Área de Trabalho/airflow/venv/lib/python3.10/site-packages/airflow/example_dags/example_sensors.py
[2024-03-02T09:48:22.442-0300] {processor.py:830} INFO - Processing file /home/victor/Área de Trabalho/airflow/venv/lib/python3.10/site-packages/airflow/example_dags/example_sensors.py for tasks to queue
[2024-03-02T09:48:22.443-0300] {logging_mixin.py:188} INFO - [2024-03-02T09:48:22.443-0300] {dagbag.py:540} INFO - Filling up the DagBag from /home/victor/Área de Trabalho/airflow/venv/lib/python3.10/site-packages/airflow/example_dags/example_sensors.py
[2024-03-02T09:48:22.453-0300] {processor.py:840} INFO - DAG(s) 'example_sensors' retrieved from /home/victor/Área de Trabalho/airflow/venv/lib/python3.10/site-packages/airflow/example_dags/example_sensors.py
[2024-03-02T09:48:22.486-0300] {logging_mixin.py:188} INFO - [2024-03-02T09:48:22.486-0300] {dag.py:3047} INFO - Sync 1 DAGs
[2024-03-02T09:48:22.499-0300] {logging_mixin.py:188} INFO - [2024-03-02T09:48:22.499-0300] {dag.py:3834} INFO - Setting next_dagrun for example_sensors to None, run_after=None
[2024-03-02T09:48:22.519-0300] {processor.py:183} INFO - Processing /home/victor/Área de Trabalho/airflow/venv/lib/python3.10/site-packages/airflow/example_dags/example_sensors.py took 0.082 seconds
[2024-03-02T09:48:53.368-0300] {processor.py:161} INFO - Started process (PID=19415) to work on /home/victor/Área de Trabalho/airflow/venv/lib/python3.10/site-packages/airflow/example_dags/example_sensors.py
[2024-03-02T09:48:53.368-0300] {processor.py:830} INFO - Processing file /home/victor/Área de Trabalho/airflow/venv/lib/python3.10/site-packages/airflow/example_dags/example_sensors.py for tasks to queue
[2024-03-02T09:48:53.369-0300] {logging_mixin.py:188} INFO - [2024-03-02T09:48:53.369-0300] {dagbag.py:540} INFO - Filling up the DagBag from /home/victor/Área de Trabalho/airflow/venv/lib/python3.10/site-packages/airflow/example_dags/example_sensors.py
[2024-03-02T09:48:53.377-0300] {processor.py:840} INFO - DAG(s) 'example_sensors' retrieved from /home/victor/Área de Trabalho/airflow/venv/lib/python3.10/site-packages/airflow/example_dags/example_sensors.py
[2024-03-02T09:48:53.409-0300] {logging_mixin.py:188} INFO - [2024-03-02T09:48:53.409-0300] {dag.py:3047} INFO - Sync 1 DAGs
[2024-03-02T09:48:53.430-0300] {logging_mixin.py:188} INFO - [2024-03-02T09:48:53.430-0300] {dag.py:3834} INFO - Setting next_dagrun for example_sensors to None, run_after=None
[2024-03-02T09:48:53.451-0300] {processor.py:183} INFO - Processing /home/victor/Área de Trabalho/airflow/venv/lib/python3.10/site-packages/airflow/example_dags/example_sensors.py took 0.087 seconds
[2024-03-02T09:49:24.084-0300] {processor.py:161} INFO - Started process (PID=19896) to work on /home/victor/Área de Trabalho/airflow/venv/lib/python3.10/site-packages/airflow/example_dags/example_sensors.py
[2024-03-02T09:49:24.085-0300] {processor.py:830} INFO - Processing file /home/victor/Área de Trabalho/airflow/venv/lib/python3.10/site-packages/airflow/example_dags/example_sensors.py for tasks to queue
[2024-03-02T09:49:24.087-0300] {logging_mixin.py:188} INFO - [2024-03-02T09:49:24.087-0300] {dagbag.py:540} INFO - Filling up the DagBag from /home/victor/Área de Trabalho/airflow/venv/lib/python3.10/site-packages/airflow/example_dags/example_sensors.py
[2024-03-02T09:49:24.098-0300] {processor.py:840} INFO - DAG(s) 'example_sensors' retrieved from /home/victor/Área de Trabalho/airflow/venv/lib/python3.10/site-packages/airflow/example_dags/example_sensors.py
[2024-03-02T09:49:24.131-0300] {logging_mixin.py:188} INFO - [2024-03-02T09:49:24.131-0300] {dag.py:3047} INFO - Sync 1 DAGs
[2024-03-02T09:49:24.143-0300] {logging_mixin.py:188} INFO - [2024-03-02T09:49:24.143-0300] {dag.py:3834} INFO - Setting next_dagrun for example_sensors to None, run_after=None
[2024-03-02T09:49:24.165-0300] {processor.py:183} INFO - Processing /home/victor/Área de Trabalho/airflow/venv/lib/python3.10/site-packages/airflow/example_dags/example_sensors.py took 0.083 seconds
[2024-03-02T09:49:54.738-0300] {processor.py:161} INFO - Started process (PID=20218) to work on /home/victor/Área de Trabalho/airflow/venv/lib/python3.10/site-packages/airflow/example_dags/example_sensors.py
[2024-03-02T09:49:54.739-0300] {processor.py:830} INFO - Processing file /home/victor/Área de Trabalho/airflow/venv/lib/python3.10/site-packages/airflow/example_dags/example_sensors.py for tasks to queue
[2024-03-02T09:49:54.740-0300] {logging_mixin.py:188} INFO - [2024-03-02T09:49:54.740-0300] {dagbag.py:540} INFO - Filling up the DagBag from /home/victor/Área de Trabalho/airflow/venv/lib/python3.10/site-packages/airflow/example_dags/example_sensors.py
[2024-03-02T09:49:54.749-0300] {processor.py:840} INFO - DAG(s) 'example_sensors' retrieved from /home/victor/Área de Trabalho/airflow/venv/lib/python3.10/site-packages/airflow/example_dags/example_sensors.py
[2024-03-02T09:49:54.781-0300] {logging_mixin.py:188} INFO - [2024-03-02T09:49:54.781-0300] {dag.py:3047} INFO - Sync 1 DAGs
[2024-03-02T09:49:54.793-0300] {logging_mixin.py:188} INFO - [2024-03-02T09:49:54.793-0300] {dag.py:3834} INFO - Setting next_dagrun for example_sensors to None, run_after=None
[2024-03-02T09:49:54.816-0300] {processor.py:183} INFO - Processing /home/victor/Área de Trabalho/airflow/venv/lib/python3.10/site-packages/airflow/example_dags/example_sensors.py took 0.081 seconds
[2024-03-02T09:50:25.212-0300] {processor.py:161} INFO - Started process (PID=20701) to work on /home/victor/Área de Trabalho/airflow/venv/lib/python3.10/site-packages/airflow/example_dags/example_sensors.py
[2024-03-02T09:50:25.213-0300] {processor.py:830} INFO - Processing file /home/victor/Área de Trabalho/airflow/venv/lib/python3.10/site-packages/airflow/example_dags/example_sensors.py for tasks to queue
[2024-03-02T09:50:25.214-0300] {logging_mixin.py:188} INFO - [2024-03-02T09:50:25.213-0300] {dagbag.py:540} INFO - Filling up the DagBag from /home/victor/Área de Trabalho/airflow/venv/lib/python3.10/site-packages/airflow/example_dags/example_sensors.py
[2024-03-02T09:50:25.221-0300] {processor.py:840} INFO - DAG(s) 'example_sensors' retrieved from /home/victor/Área de Trabalho/airflow/venv/lib/python3.10/site-packages/airflow/example_dags/example_sensors.py
[2024-03-02T09:50:25.250-0300] {logging_mixin.py:188} INFO - [2024-03-02T09:50:25.250-0300] {dag.py:3047} INFO - Sync 1 DAGs
[2024-03-02T09:50:25.262-0300] {logging_mixin.py:188} INFO - [2024-03-02T09:50:25.261-0300] {dag.py:3834} INFO - Setting next_dagrun for example_sensors to None, run_after=None
[2024-03-02T09:50:25.280-0300] {processor.py:183} INFO - Processing /home/victor/Área de Trabalho/airflow/venv/lib/python3.10/site-packages/airflow/example_dags/example_sensors.py took 0.070 seconds
[2024-03-02T09:50:56.873-0300] {processor.py:161} INFO - Started process (PID=21058) to work on /home/victor/Área de Trabalho/airflow/venv/lib/python3.10/site-packages/airflow/example_dags/example_sensors.py
[2024-03-02T09:50:56.874-0300] {processor.py:830} INFO - Processing file /home/victor/Área de Trabalho/airflow/venv/lib/python3.10/site-packages/airflow/example_dags/example_sensors.py for tasks to queue
[2024-03-02T09:50:56.875-0300] {logging_mixin.py:188} INFO - [2024-03-02T09:50:56.875-0300] {dagbag.py:540} INFO - Filling up the DagBag from /home/victor/Área de Trabalho/airflow/venv/lib/python3.10/site-packages/airflow/example_dags/example_sensors.py
[2024-03-02T09:50:56.885-0300] {processor.py:840} INFO - DAG(s) 'example_sensors' retrieved from /home/victor/Área de Trabalho/airflow/venv/lib/python3.10/site-packages/airflow/example_dags/example_sensors.py
[2024-03-02T09:50:56.919-0300] {logging_mixin.py:188} INFO - [2024-03-02T09:50:56.919-0300] {dag.py:3047} INFO - Sync 1 DAGs
[2024-03-02T09:50:56.931-0300] {logging_mixin.py:188} INFO - [2024-03-02T09:50:56.931-0300] {dag.py:3834} INFO - Setting next_dagrun for example_sensors to None, run_after=None
[2024-03-02T09:50:56.952-0300] {processor.py:183} INFO - Processing /home/victor/Área de Trabalho/airflow/venv/lib/python3.10/site-packages/airflow/example_dags/example_sensors.py took 0.082 seconds
[2024-03-02T09:51:27.534-0300] {processor.py:161} INFO - Started process (PID=21541) to work on /home/victor/Área de Trabalho/airflow/venv/lib/python3.10/site-packages/airflow/example_dags/example_sensors.py
[2024-03-02T09:51:27.535-0300] {processor.py:830} INFO - Processing file /home/victor/Área de Trabalho/airflow/venv/lib/python3.10/site-packages/airflow/example_dags/example_sensors.py for tasks to queue
[2024-03-02T09:51:27.536-0300] {logging_mixin.py:188} INFO - [2024-03-02T09:51:27.536-0300] {dagbag.py:540} INFO - Filling up the DagBag from /home/victor/Área de Trabalho/airflow/venv/lib/python3.10/site-packages/airflow/example_dags/example_sensors.py
[2024-03-02T09:51:27.544-0300] {processor.py:840} INFO - DAG(s) 'example_sensors' retrieved from /home/victor/Área de Trabalho/airflow/venv/lib/python3.10/site-packages/airflow/example_dags/example_sensors.py
[2024-03-02T09:51:27.575-0300] {logging_mixin.py:188} INFO - [2024-03-02T09:51:27.575-0300] {dag.py:3047} INFO - Sync 1 DAGs
[2024-03-02T09:51:27.588-0300] {logging_mixin.py:188} INFO - [2024-03-02T09:51:27.588-0300] {dag.py:3834} INFO - Setting next_dagrun for example_sensors to None, run_after=None
[2024-03-02T09:51:27.609-0300] {processor.py:183} INFO - Processing /home/victor/Área de Trabalho/airflow/venv/lib/python3.10/site-packages/airflow/example_dags/example_sensors.py took 0.078 seconds
[2024-03-02T09:51:58.158-0300] {processor.py:161} INFO - Started process (PID=21920) to work on /home/victor/Área de Trabalho/airflow/venv/lib/python3.10/site-packages/airflow/example_dags/example_sensors.py
[2024-03-02T09:51:58.159-0300] {processor.py:830} INFO - Processing file /home/victor/Área de Trabalho/airflow/venv/lib/python3.10/site-packages/airflow/example_dags/example_sensors.py for tasks to queue
[2024-03-02T09:51:58.159-0300] {logging_mixin.py:188} INFO - [2024-03-02T09:51:58.159-0300] {dagbag.py:540} INFO - Filling up the DagBag from /home/victor/Área de Trabalho/airflow/venv/lib/python3.10/site-packages/airflow/example_dags/example_sensors.py
[2024-03-02T09:51:58.167-0300] {processor.py:840} INFO - DAG(s) 'example_sensors' retrieved from /home/victor/Área de Trabalho/airflow/venv/lib/python3.10/site-packages/airflow/example_dags/example_sensors.py
[2024-03-02T09:51:58.197-0300] {logging_mixin.py:188} INFO - [2024-03-02T09:51:58.197-0300] {dag.py:3047} INFO - Sync 1 DAGs
[2024-03-02T09:51:58.209-0300] {logging_mixin.py:188} INFO - [2024-03-02T09:51:58.209-0300] {dag.py:3834} INFO - Setting next_dagrun for example_sensors to None, run_after=None
[2024-03-02T09:51:58.230-0300] {processor.py:183} INFO - Processing /home/victor/Área de Trabalho/airflow/venv/lib/python3.10/site-packages/airflow/example_dags/example_sensors.py took 0.075 seconds
[2024-03-02T09:52:28.906-0300] {processor.py:161} INFO - Started process (PID=22504) to work on /home/victor/Área de Trabalho/airflow/venv/lib/python3.10/site-packages/airflow/example_dags/example_sensors.py
[2024-03-02T09:52:28.909-0300] {processor.py:830} INFO - Processing file /home/victor/Área de Trabalho/airflow/venv/lib/python3.10/site-packages/airflow/example_dags/example_sensors.py for tasks to queue
[2024-03-02T09:52:28.909-0300] {logging_mixin.py:188} INFO - [2024-03-02T09:52:28.909-0300] {dagbag.py:540} INFO - Filling up the DagBag from /home/victor/Área de Trabalho/airflow/venv/lib/python3.10/site-packages/airflow/example_dags/example_sensors.py
[2024-03-02T09:52:28.918-0300] {processor.py:840} INFO - DAG(s) 'example_sensors' retrieved from /home/victor/Área de Trabalho/airflow/venv/lib/python3.10/site-packages/airflow/example_dags/example_sensors.py
[2024-03-02T09:52:28.951-0300] {logging_mixin.py:188} INFO - [2024-03-02T09:52:28.949-0300] {dag.py:3047} INFO - Sync 1 DAGs
[2024-03-02T09:52:28.966-0300] {logging_mixin.py:188} INFO - [2024-03-02T09:52:28.966-0300] {dag.py:3834} INFO - Setting next_dagrun for example_sensors to None, run_after=None
[2024-03-02T09:52:28.988-0300] {processor.py:183} INFO - Processing /home/victor/Área de Trabalho/airflow/venv/lib/python3.10/site-packages/airflow/example_dags/example_sensors.py took 0.085 seconds
[2024-03-02T09:52:59.452-0300] {processor.py:161} INFO - Started process (PID=22886) to work on /home/victor/Área de Trabalho/airflow/venv/lib/python3.10/site-packages/airflow/example_dags/example_sensors.py
[2024-03-02T09:52:59.454-0300] {processor.py:830} INFO - Processing file /home/victor/Área de Trabalho/airflow/venv/lib/python3.10/site-packages/airflow/example_dags/example_sensors.py for tasks to queue
[2024-03-02T09:52:59.455-0300] {logging_mixin.py:188} INFO - [2024-03-02T09:52:59.455-0300] {dagbag.py:540} INFO - Filling up the DagBag from /home/victor/Área de Trabalho/airflow/venv/lib/python3.10/site-packages/airflow/example_dags/example_sensors.py
[2024-03-02T09:52:59.464-0300] {processor.py:840} INFO - DAG(s) 'example_sensors' retrieved from /home/victor/Área de Trabalho/airflow/venv/lib/python3.10/site-packages/airflow/example_dags/example_sensors.py
[2024-03-02T09:52:59.498-0300] {logging_mixin.py:188} INFO - [2024-03-02T09:52:59.498-0300] {dag.py:3047} INFO - Sync 1 DAGs
[2024-03-02T09:52:59.511-0300] {logging_mixin.py:188} INFO - [2024-03-02T09:52:59.510-0300] {dag.py:3834} INFO - Setting next_dagrun for example_sensors to None, run_after=None
[2024-03-02T09:52:59.531-0300] {processor.py:183} INFO - Processing /home/victor/Área de Trabalho/airflow/venv/lib/python3.10/site-packages/airflow/example_dags/example_sensors.py took 0.082 seconds
[2024-03-02T09:53:29.913-0300] {processor.py:161} INFO - Started process (PID=23312) to work on /home/victor/Área de Trabalho/airflow/venv/lib/python3.10/site-packages/airflow/example_dags/example_sensors.py
[2024-03-02T09:53:29.914-0300] {processor.py:830} INFO - Processing file /home/victor/Área de Trabalho/airflow/venv/lib/python3.10/site-packages/airflow/example_dags/example_sensors.py for tasks to queue
[2024-03-02T09:53:29.915-0300] {logging_mixin.py:188} INFO - [2024-03-02T09:53:29.914-0300] {dagbag.py:540} INFO - Filling up the DagBag from /home/victor/Área de Trabalho/airflow/venv/lib/python3.10/site-packages/airflow/example_dags/example_sensors.py
[2024-03-02T09:53:29.922-0300] {processor.py:840} INFO - DAG(s) 'example_sensors' retrieved from /home/victor/Área de Trabalho/airflow/venv/lib/python3.10/site-packages/airflow/example_dags/example_sensors.py
[2024-03-02T09:53:29.955-0300] {logging_mixin.py:188} INFO - [2024-03-02T09:53:29.954-0300] {dag.py:3047} INFO - Sync 1 DAGs
[2024-03-02T09:53:29.967-0300] {logging_mixin.py:188} INFO - [2024-03-02T09:53:29.967-0300] {dag.py:3834} INFO - Setting next_dagrun for example_sensors to None, run_after=None
[2024-03-02T09:53:29.988-0300] {processor.py:183} INFO - Processing /home/victor/Área de Trabalho/airflow/venv/lib/python3.10/site-packages/airflow/example_dags/example_sensors.py took 0.078 seconds
[2024-03-02T09:54:00.733-0300] {processor.py:161} INFO - Started process (PID=23795) to work on /home/victor/Área de Trabalho/airflow/venv/lib/python3.10/site-packages/airflow/example_dags/example_sensors.py
[2024-03-02T09:54:00.734-0300] {processor.py:830} INFO - Processing file /home/victor/Área de Trabalho/airflow/venv/lib/python3.10/site-packages/airflow/example_dags/example_sensors.py for tasks to queue
[2024-03-02T09:54:00.735-0300] {logging_mixin.py:188} INFO - [2024-03-02T09:54:00.734-0300] {dagbag.py:540} INFO - Filling up the DagBag from /home/victor/Área de Trabalho/airflow/venv/lib/python3.10/site-packages/airflow/example_dags/example_sensors.py
[2024-03-02T09:54:00.743-0300] {processor.py:840} INFO - DAG(s) 'example_sensors' retrieved from /home/victor/Área de Trabalho/airflow/venv/lib/python3.10/site-packages/airflow/example_dags/example_sensors.py
[2024-03-02T09:54:00.773-0300] {logging_mixin.py:188} INFO - [2024-03-02T09:54:00.773-0300] {dag.py:3047} INFO - Sync 1 DAGs
[2024-03-02T09:54:00.785-0300] {logging_mixin.py:188} INFO - [2024-03-02T09:54:00.784-0300] {dag.py:3834} INFO - Setting next_dagrun for example_sensors to None, run_after=None
[2024-03-02T09:54:00.805-0300] {processor.py:183} INFO - Processing /home/victor/Área de Trabalho/airflow/venv/lib/python3.10/site-packages/airflow/example_dags/example_sensors.py took 0.075 seconds
[2024-03-02T09:54:31.947-0300] {processor.py:161} INFO - Started process (PID=24281) to work on /home/victor/Área de Trabalho/airflow/venv/lib/python3.10/site-packages/airflow/example_dags/example_sensors.py
[2024-03-02T09:54:31.947-0300] {processor.py:830} INFO - Processing file /home/victor/Área de Trabalho/airflow/venv/lib/python3.10/site-packages/airflow/example_dags/example_sensors.py for tasks to queue
[2024-03-02T09:54:31.948-0300] {logging_mixin.py:188} INFO - [2024-03-02T09:54:31.948-0300] {dagbag.py:540} INFO - Filling up the DagBag from /home/victor/Área de Trabalho/airflow/venv/lib/python3.10/site-packages/airflow/example_dags/example_sensors.py
[2024-03-02T09:54:31.957-0300] {processor.py:840} INFO - DAG(s) 'example_sensors' retrieved from /home/victor/Área de Trabalho/airflow/venv/lib/python3.10/site-packages/airflow/example_dags/example_sensors.py
[2024-03-02T09:54:31.988-0300] {logging_mixin.py:188} INFO - [2024-03-02T09:54:31.988-0300] {dag.py:3047} INFO - Sync 1 DAGs
[2024-03-02T09:54:31.999-0300] {logging_mixin.py:188} INFO - [2024-03-02T09:54:31.999-0300] {dag.py:3834} INFO - Setting next_dagrun for example_sensors to None, run_after=None
[2024-03-02T09:54:32.019-0300] {processor.py:183} INFO - Processing /home/victor/Área de Trabalho/airflow/venv/lib/python3.10/site-packages/airflow/example_dags/example_sensors.py took 0.075 seconds
[2024-03-02T09:55:02.485-0300] {processor.py:161} INFO - Started process (PID=24852) to work on /home/victor/Área de Trabalho/airflow/venv/lib/python3.10/site-packages/airflow/example_dags/example_sensors.py
[2024-03-02T09:55:02.486-0300] {processor.py:830} INFO - Processing file /home/victor/Área de Trabalho/airflow/venv/lib/python3.10/site-packages/airflow/example_dags/example_sensors.py for tasks to queue
[2024-03-02T09:55:02.486-0300] {logging_mixin.py:188} INFO - [2024-03-02T09:55:02.486-0300] {dagbag.py:540} INFO - Filling up the DagBag from /home/victor/Área de Trabalho/airflow/venv/lib/python3.10/site-packages/airflow/example_dags/example_sensors.py
[2024-03-02T09:55:02.496-0300] {processor.py:840} INFO - DAG(s) 'example_sensors' retrieved from /home/victor/Área de Trabalho/airflow/venv/lib/python3.10/site-packages/airflow/example_dags/example_sensors.py
[2024-03-02T09:55:02.529-0300] {logging_mixin.py:188} INFO - [2024-03-02T09:55:02.529-0300] {dag.py:3047} INFO - Sync 1 DAGs
[2024-03-02T09:55:02.542-0300] {logging_mixin.py:188} INFO - [2024-03-02T09:55:02.542-0300] {dag.py:3834} INFO - Setting next_dagrun for example_sensors to None, run_after=None
[2024-03-02T09:55:02.565-0300] {processor.py:183} INFO - Processing /home/victor/Área de Trabalho/airflow/venv/lib/python3.10/site-packages/airflow/example_dags/example_sensors.py took 0.084 seconds
[2024-03-02T09:55:33.056-0300] {processor.py:161} INFO - Started process (PID=25310) to work on /home/victor/Área de Trabalho/airflow/venv/lib/python3.10/site-packages/airflow/example_dags/example_sensors.py
[2024-03-02T09:55:33.057-0300] {processor.py:830} INFO - Processing file /home/victor/Área de Trabalho/airflow/venv/lib/python3.10/site-packages/airflow/example_dags/example_sensors.py for tasks to queue
[2024-03-02T09:55:33.057-0300] {logging_mixin.py:188} INFO - [2024-03-02T09:55:33.057-0300] {dagbag.py:540} INFO - Filling up the DagBag from /home/victor/Área de Trabalho/airflow/venv/lib/python3.10/site-packages/airflow/example_dags/example_sensors.py
[2024-03-02T09:55:33.066-0300] {processor.py:840} INFO - DAG(s) 'example_sensors' retrieved from /home/victor/Área de Trabalho/airflow/venv/lib/python3.10/site-packages/airflow/example_dags/example_sensors.py
[2024-03-02T09:55:33.097-0300] {logging_mixin.py:188} INFO - [2024-03-02T09:55:33.096-0300] {dag.py:3047} INFO - Sync 1 DAGs
[2024-03-02T09:55:33.109-0300] {logging_mixin.py:188} INFO - [2024-03-02T09:55:33.109-0300] {dag.py:3834} INFO - Setting next_dagrun for example_sensors to None, run_after=None
[2024-03-02T09:55:33.128-0300] {processor.py:183} INFO - Processing /home/victor/Área de Trabalho/airflow/venv/lib/python3.10/site-packages/airflow/example_dags/example_sensors.py took 0.076 seconds
[2024-03-02T09:56:03.388-0300] {processor.py:161} INFO - Started process (PID=25813) to work on /home/victor/Área de Trabalho/airflow/venv/lib/python3.10/site-packages/airflow/example_dags/example_sensors.py
[2024-03-02T09:56:03.389-0300] {processor.py:830} INFO - Processing file /home/victor/Área de Trabalho/airflow/venv/lib/python3.10/site-packages/airflow/example_dags/example_sensors.py for tasks to queue
[2024-03-02T09:56:03.390-0300] {logging_mixin.py:188} INFO - [2024-03-02T09:56:03.389-0300] {dagbag.py:540} INFO - Filling up the DagBag from /home/victor/Área de Trabalho/airflow/venv/lib/python3.10/site-packages/airflow/example_dags/example_sensors.py
[2024-03-02T09:56:03.397-0300] {processor.py:840} INFO - DAG(s) 'example_sensors' retrieved from /home/victor/Área de Trabalho/airflow/venv/lib/python3.10/site-packages/airflow/example_dags/example_sensors.py
[2024-03-02T09:56:03.426-0300] {logging_mixin.py:188} INFO - [2024-03-02T09:56:03.425-0300] {dag.py:3047} INFO - Sync 1 DAGs
[2024-03-02T09:56:03.437-0300] {logging_mixin.py:188} INFO - [2024-03-02T09:56:03.437-0300] {dag.py:3834} INFO - Setting next_dagrun for example_sensors to None, run_after=None
[2024-03-02T09:56:03.454-0300] {processor.py:183} INFO - Processing /home/victor/Área de Trabalho/airflow/venv/lib/python3.10/site-packages/airflow/example_dags/example_sensors.py took 0.069 seconds
[2024-03-02T09:56:34.724-0300] {processor.py:161} INFO - Started process (PID=26135) to work on /home/victor/Área de Trabalho/airflow/venv/lib/python3.10/site-packages/airflow/example_dags/example_sensors.py
[2024-03-02T09:56:34.724-0300] {processor.py:830} INFO - Processing file /home/victor/Área de Trabalho/airflow/venv/lib/python3.10/site-packages/airflow/example_dags/example_sensors.py for tasks to queue
[2024-03-02T09:56:34.725-0300] {logging_mixin.py:188} INFO - [2024-03-02T09:56:34.725-0300] {dagbag.py:540} INFO - Filling up the DagBag from /home/victor/Área de Trabalho/airflow/venv/lib/python3.10/site-packages/airflow/example_dags/example_sensors.py
[2024-03-02T09:56:34.733-0300] {processor.py:840} INFO - DAG(s) 'example_sensors' retrieved from /home/victor/Área de Trabalho/airflow/venv/lib/python3.10/site-packages/airflow/example_dags/example_sensors.py
[2024-03-02T09:56:34.764-0300] {logging_mixin.py:188} INFO - [2024-03-02T09:56:34.764-0300] {dag.py:3047} INFO - Sync 1 DAGs
[2024-03-02T09:56:34.775-0300] {logging_mixin.py:188} INFO - [2024-03-02T09:56:34.775-0300] {dag.py:3834} INFO - Setting next_dagrun for example_sensors to None, run_after=None
[2024-03-02T09:56:34.793-0300] {processor.py:183} INFO - Processing /home/victor/Área de Trabalho/airflow/venv/lib/python3.10/site-packages/airflow/example_dags/example_sensors.py took 0.072 seconds
[2024-03-02T09:57:05.317-0300] {processor.py:161} INFO - Started process (PID=26778) to work on /home/victor/Área de Trabalho/airflow/venv/lib/python3.10/site-packages/airflow/example_dags/example_sensors.py
[2024-03-02T09:57:05.318-0300] {processor.py:830} INFO - Processing file /home/victor/Área de Trabalho/airflow/venv/lib/python3.10/site-packages/airflow/example_dags/example_sensors.py for tasks to queue
[2024-03-02T09:57:05.319-0300] {logging_mixin.py:188} INFO - [2024-03-02T09:57:05.319-0300] {dagbag.py:540} INFO - Filling up the DagBag from /home/victor/Área de Trabalho/airflow/venv/lib/python3.10/site-packages/airflow/example_dags/example_sensors.py
[2024-03-02T09:57:05.327-0300] {processor.py:840} INFO - DAG(s) 'example_sensors' retrieved from /home/victor/Área de Trabalho/airflow/venv/lib/python3.10/site-packages/airflow/example_dags/example_sensors.py
[2024-03-02T09:57:05.356-0300] {logging_mixin.py:188} INFO - [2024-03-02T09:57:05.356-0300] {dag.py:3047} INFO - Sync 1 DAGs
[2024-03-02T09:57:05.368-0300] {logging_mixin.py:188} INFO - [2024-03-02T09:57:05.367-0300] {dag.py:3834} INFO - Setting next_dagrun for example_sensors to None, run_after=None
[2024-03-02T09:57:05.386-0300] {processor.py:183} INFO - Processing /home/victor/Área de Trabalho/airflow/venv/lib/python3.10/site-packages/airflow/example_dags/example_sensors.py took 0.071 seconds
[2024-03-02T09:57:35.798-0300] {processor.py:161} INFO - Started process (PID=27099) to work on /home/victor/Área de Trabalho/airflow/venv/lib/python3.10/site-packages/airflow/example_dags/example_sensors.py
[2024-03-02T09:57:35.799-0300] {processor.py:830} INFO - Processing file /home/victor/Área de Trabalho/airflow/venv/lib/python3.10/site-packages/airflow/example_dags/example_sensors.py for tasks to queue
[2024-03-02T09:57:35.799-0300] {logging_mixin.py:188} INFO - [2024-03-02T09:57:35.799-0300] {dagbag.py:540} INFO - Filling up the DagBag from /home/victor/Área de Trabalho/airflow/venv/lib/python3.10/site-packages/airflow/example_dags/example_sensors.py
[2024-03-02T09:57:35.807-0300] {processor.py:840} INFO - DAG(s) 'example_sensors' retrieved from /home/victor/Área de Trabalho/airflow/venv/lib/python3.10/site-packages/airflow/example_dags/example_sensors.py
[2024-03-02T09:57:35.835-0300] {logging_mixin.py:188} INFO - [2024-03-02T09:57:35.835-0300] {dag.py:3047} INFO - Sync 1 DAGs
[2024-03-02T09:57:35.846-0300] {logging_mixin.py:188} INFO - [2024-03-02T09:57:35.846-0300] {dag.py:3834} INFO - Setting next_dagrun for example_sensors to None, run_after=None
[2024-03-02T09:57:35.864-0300] {processor.py:183} INFO - Processing /home/victor/Área de Trabalho/airflow/venv/lib/python3.10/site-packages/airflow/example_dags/example_sensors.py took 0.069 seconds
[2024-03-02T09:58:06.376-0300] {processor.py:161} INFO - Started process (PID=27652) to work on /home/victor/Área de Trabalho/airflow/venv/lib/python3.10/site-packages/airflow/example_dags/example_sensors.py
[2024-03-02T09:58:06.377-0300] {processor.py:830} INFO - Processing file /home/victor/Área de Trabalho/airflow/venv/lib/python3.10/site-packages/airflow/example_dags/example_sensors.py for tasks to queue
[2024-03-02T09:58:06.379-0300] {logging_mixin.py:188} INFO - [2024-03-02T09:58:06.378-0300] {dagbag.py:540} INFO - Filling up the DagBag from /home/victor/Área de Trabalho/airflow/venv/lib/python3.10/site-packages/airflow/example_dags/example_sensors.py
[2024-03-02T09:58:06.389-0300] {processor.py:840} INFO - DAG(s) 'example_sensors' retrieved from /home/victor/Área de Trabalho/airflow/venv/lib/python3.10/site-packages/airflow/example_dags/example_sensors.py
[2024-03-02T09:58:06.432-0300] {logging_mixin.py:188} INFO - [2024-03-02T09:58:06.432-0300] {dag.py:3047} INFO - Sync 1 DAGs
[2024-03-02T09:58:06.449-0300] {logging_mixin.py:188} INFO - [2024-03-02T09:58:06.448-0300] {dag.py:3834} INFO - Setting next_dagrun for example_sensors to None, run_after=None
[2024-03-02T09:58:06.484-0300] {processor.py:183} INFO - Processing /home/victor/Área de Trabalho/airflow/venv/lib/python3.10/site-packages/airflow/example_dags/example_sensors.py took 0.112 seconds
[2024-03-02T09:58:36.960-0300] {processor.py:161} INFO - Started process (PID=29020) to work on /home/victor/Área de Trabalho/airflow/venv/lib/python3.10/site-packages/airflow/example_dags/example_sensors.py
[2024-03-02T09:58:36.961-0300] {processor.py:830} INFO - Processing file /home/victor/Área de Trabalho/airflow/venv/lib/python3.10/site-packages/airflow/example_dags/example_sensors.py for tasks to queue
[2024-03-02T09:58:36.962-0300] {logging_mixin.py:188} INFO - [2024-03-02T09:58:36.962-0300] {dagbag.py:540} INFO - Filling up the DagBag from /home/victor/Área de Trabalho/airflow/venv/lib/python3.10/site-packages/airflow/example_dags/example_sensors.py
[2024-03-02T09:58:36.970-0300] {processor.py:840} INFO - DAG(s) 'example_sensors' retrieved from /home/victor/Área de Trabalho/airflow/venv/lib/python3.10/site-packages/airflow/example_dags/example_sensors.py
[2024-03-02T09:58:37.001-0300] {logging_mixin.py:188} INFO - [2024-03-02T09:58:37.001-0300] {dag.py:3047} INFO - Sync 1 DAGs
[2024-03-02T09:58:37.014-0300] {logging_mixin.py:188} INFO - [2024-03-02T09:58:37.013-0300] {dag.py:3834} INFO - Setting next_dagrun for example_sensors to None, run_after=None
[2024-03-02T09:58:37.033-0300] {processor.py:183} INFO - Processing /home/victor/Área de Trabalho/airflow/venv/lib/python3.10/site-packages/airflow/example_dags/example_sensors.py took 0.076 seconds
[2024-03-02T09:59:07.457-0300] {processor.py:161} INFO - Started process (PID=29533) to work on /home/victor/Área de Trabalho/airflow/venv/lib/python3.10/site-packages/airflow/example_dags/example_sensors.py
[2024-03-02T09:59:07.458-0300] {processor.py:830} INFO - Processing file /home/victor/Área de Trabalho/airflow/venv/lib/python3.10/site-packages/airflow/example_dags/example_sensors.py for tasks to queue
[2024-03-02T09:59:07.459-0300] {logging_mixin.py:188} INFO - [2024-03-02T09:59:07.459-0300] {dagbag.py:540} INFO - Filling up the DagBag from /home/victor/Área de Trabalho/airflow/venv/lib/python3.10/site-packages/airflow/example_dags/example_sensors.py
[2024-03-02T09:59:07.468-0300] {processor.py:840} INFO - DAG(s) 'example_sensors' retrieved from /home/victor/Área de Trabalho/airflow/venv/lib/python3.10/site-packages/airflow/example_dags/example_sensors.py
[2024-03-02T09:59:07.498-0300] {logging_mixin.py:188} INFO - [2024-03-02T09:59:07.498-0300] {dag.py:3047} INFO - Sync 1 DAGs
[2024-03-02T09:59:07.510-0300] {logging_mixin.py:188} INFO - [2024-03-02T09:59:07.510-0300] {dag.py:3834} INFO - Setting next_dagrun for example_sensors to None, run_after=None
[2024-03-02T09:59:07.531-0300] {processor.py:183} INFO - Processing /home/victor/Área de Trabalho/airflow/venv/lib/python3.10/site-packages/airflow/example_dags/example_sensors.py took 0.078 seconds
