[2024-03-02T09:36:58.492-0300] {processor.py:161} INFO - Started process (PID=7893) to work on /home/victor/Área de Trabalho/airflow/venv/lib/python3.10/site-packages/airflow/example_dags/example_task_group.py
[2024-03-02T09:36:58.493-0300] {processor.py:830} INFO - Processing file /home/victor/Área de Trabalho/airflow/venv/lib/python3.10/site-packages/airflow/example_dags/example_task_group.py for tasks to queue
[2024-03-02T09:36:58.494-0300] {logging_mixin.py:188} INFO - [2024-03-02T09:36:58.493-0300] {dagbag.py:540} INFO - Filling up the DagBag from /home/victor/Área de Trabalho/airflow/venv/lib/python3.10/site-packages/airflow/example_dags/example_task_group.py
[2024-03-02T09:36:58.502-0300] {processor.py:840} INFO - DAG(s) 'example_task_group' retrieved from /home/victor/Área de Trabalho/airflow/venv/lib/python3.10/site-packages/airflow/example_dags/example_task_group.py
[2024-03-02T09:36:58.526-0300] {logging_mixin.py:188} INFO - [2024-03-02T09:36:58.525-0300] {dag.py:3047} INFO - Sync 1 DAGs
[2024-03-02T09:36:58.549-0300] {logging_mixin.py:188} INFO - [2024-03-02T09:36:58.548-0300] {dag.py:3834} INFO - Setting next_dagrun for example_task_group to 2024-03-01 00:00:00+00:00, run_after=2024-03-02 00:00:00+00:00
[2024-03-02T09:36:58.568-0300] {processor.py:183} INFO - Processing /home/victor/Área de Trabalho/airflow/venv/lib/python3.10/site-packages/airflow/example_dags/example_task_group.py took 0.078 seconds
[2024-03-02T09:37:29.472-0300] {processor.py:161} INFO - Started process (PID=9303) to work on /home/victor/Área de Trabalho/airflow/venv/lib/python3.10/site-packages/airflow/example_dags/example_task_group.py
[2024-03-02T09:37:29.473-0300] {processor.py:830} INFO - Processing file /home/victor/Área de Trabalho/airflow/venv/lib/python3.10/site-packages/airflow/example_dags/example_task_group.py for tasks to queue
[2024-03-02T09:37:29.473-0300] {logging_mixin.py:188} INFO - [2024-03-02T09:37:29.473-0300] {dagbag.py:540} INFO - Filling up the DagBag from /home/victor/Área de Trabalho/airflow/venv/lib/python3.10/site-packages/airflow/example_dags/example_task_group.py
[2024-03-02T09:37:29.479-0300] {processor.py:840} INFO - DAG(s) 'example_task_group' retrieved from /home/victor/Área de Trabalho/airflow/venv/lib/python3.10/site-packages/airflow/example_dags/example_task_group.py
[2024-03-02T09:37:29.578-0300] {logging_mixin.py:188} INFO - [2024-03-02T09:37:29.578-0300] {dag.py:3047} INFO - Sync 1 DAGs
[2024-03-02T09:37:29.596-0300] {logging_mixin.py:188} INFO - [2024-03-02T09:37:29.596-0300] {dag.py:3834} INFO - Setting next_dagrun for example_task_group to 2024-03-01 00:00:00+00:00, run_after=2024-03-02 00:00:00+00:00
[2024-03-02T09:37:29.616-0300] {processor.py:183} INFO - Processing /home/victor/Área de Trabalho/airflow/venv/lib/python3.10/site-packages/airflow/example_dags/example_task_group.py took 0.146 seconds
[2024-03-02T09:37:59.992-0300] {processor.py:161} INFO - Started process (PID=9968) to work on /home/victor/Área de Trabalho/airflow/venv/lib/python3.10/site-packages/airflow/example_dags/example_task_group.py
[2024-03-02T09:37:59.992-0300] {processor.py:830} INFO - Processing file /home/victor/Área de Trabalho/airflow/venv/lib/python3.10/site-packages/airflow/example_dags/example_task_group.py for tasks to queue
[2024-03-02T09:37:59.993-0300] {logging_mixin.py:188} INFO - [2024-03-02T09:37:59.993-0300] {dagbag.py:540} INFO - Filling up the DagBag from /home/victor/Área de Trabalho/airflow/venv/lib/python3.10/site-packages/airflow/example_dags/example_task_group.py
[2024-03-02T09:38:00.000-0300] {processor.py:840} INFO - DAG(s) 'example_task_group' retrieved from /home/victor/Área de Trabalho/airflow/venv/lib/python3.10/site-packages/airflow/example_dags/example_task_group.py
[2024-03-02T09:38:00.030-0300] {logging_mixin.py:188} INFO - [2024-03-02T09:38:00.030-0300] {dag.py:3047} INFO - Sync 1 DAGs
[2024-03-02T09:38:00.063-0300] {logging_mixin.py:188} INFO - [2024-03-02T09:38:00.062-0300] {dag.py:3834} INFO - Setting next_dagrun for example_task_group to 2024-03-01 00:00:00+00:00, run_after=2024-03-02 00:00:00+00:00
[2024-03-02T09:38:00.084-0300] {processor.py:183} INFO - Processing /home/victor/Área de Trabalho/airflow/venv/lib/python3.10/site-packages/airflow/example_dags/example_task_group.py took 0.095 seconds
[2024-03-02T09:38:31.428-0300] {processor.py:161} INFO - Started process (PID=10282) to work on /home/victor/Área de Trabalho/airflow/venv/lib/python3.10/site-packages/airflow/example_dags/example_task_group.py
[2024-03-02T09:38:31.429-0300] {processor.py:830} INFO - Processing file /home/victor/Área de Trabalho/airflow/venv/lib/python3.10/site-packages/airflow/example_dags/example_task_group.py for tasks to queue
[2024-03-02T09:38:31.430-0300] {logging_mixin.py:188} INFO - [2024-03-02T09:38:31.429-0300] {dagbag.py:540} INFO - Filling up the DagBag from /home/victor/Área de Trabalho/airflow/venv/lib/python3.10/site-packages/airflow/example_dags/example_task_group.py
[2024-03-02T09:38:31.436-0300] {processor.py:840} INFO - DAG(s) 'example_task_group' retrieved from /home/victor/Área de Trabalho/airflow/venv/lib/python3.10/site-packages/airflow/example_dags/example_task_group.py
[2024-03-02T09:38:31.464-0300] {logging_mixin.py:188} INFO - [2024-03-02T09:38:31.464-0300] {dag.py:3047} INFO - Sync 1 DAGs
[2024-03-02T09:38:31.485-0300] {logging_mixin.py:188} INFO - [2024-03-02T09:38:31.484-0300] {dag.py:3834} INFO - Setting next_dagrun for example_task_group to 2024-03-01 00:00:00+00:00, run_after=2024-03-02 00:00:00+00:00
[2024-03-02T09:38:31.503-0300] {processor.py:183} INFO - Processing /home/victor/Área de Trabalho/airflow/venv/lib/python3.10/site-packages/airflow/example_dags/example_task_group.py took 0.078 seconds
[2024-03-02T09:39:02.908-0300] {processor.py:161} INFO - Started process (PID=10832) to work on /home/victor/Área de Trabalho/airflow/venv/lib/python3.10/site-packages/airflow/example_dags/example_task_group.py
[2024-03-02T09:39:02.909-0300] {processor.py:830} INFO - Processing file /home/victor/Área de Trabalho/airflow/venv/lib/python3.10/site-packages/airflow/example_dags/example_task_group.py for tasks to queue
[2024-03-02T09:39:02.910-0300] {logging_mixin.py:188} INFO - [2024-03-02T09:39:02.909-0300] {dagbag.py:540} INFO - Filling up the DagBag from /home/victor/Área de Trabalho/airflow/venv/lib/python3.10/site-packages/airflow/example_dags/example_task_group.py
[2024-03-02T09:39:02.917-0300] {processor.py:840} INFO - DAG(s) 'example_task_group' retrieved from /home/victor/Área de Trabalho/airflow/venv/lib/python3.10/site-packages/airflow/example_dags/example_task_group.py
[2024-03-02T09:39:02.945-0300] {logging_mixin.py:188} INFO - [2024-03-02T09:39:02.945-0300] {dag.py:3047} INFO - Sync 1 DAGs
[2024-03-02T09:39:02.965-0300] {logging_mixin.py:188} INFO - [2024-03-02T09:39:02.965-0300] {dag.py:3834} INFO - Setting next_dagrun for example_task_group to 2024-03-01 00:00:00+00:00, run_after=2024-03-02 00:00:00+00:00
[2024-03-02T09:39:02.985-0300] {processor.py:183} INFO - Processing /home/victor/Área de Trabalho/airflow/venv/lib/python3.10/site-packages/airflow/example_dags/example_task_group.py took 0.080 seconds
[2024-03-02T09:39:34.096-0300] {processor.py:161} INFO - Started process (PID=11439) to work on /home/victor/Área de Trabalho/airflow/venv/lib/python3.10/site-packages/airflow/example_dags/example_task_group.py
[2024-03-02T09:39:34.097-0300] {processor.py:830} INFO - Processing file /home/victor/Área de Trabalho/airflow/venv/lib/python3.10/site-packages/airflow/example_dags/example_task_group.py for tasks to queue
[2024-03-02T09:39:34.097-0300] {logging_mixin.py:188} INFO - [2024-03-02T09:39:34.097-0300] {dagbag.py:540} INFO - Filling up the DagBag from /home/victor/Área de Trabalho/airflow/venv/lib/python3.10/site-packages/airflow/example_dags/example_task_group.py
[2024-03-02T09:39:34.104-0300] {processor.py:840} INFO - DAG(s) 'example_task_group' retrieved from /home/victor/Área de Trabalho/airflow/venv/lib/python3.10/site-packages/airflow/example_dags/example_task_group.py
[2024-03-02T09:39:34.131-0300] {logging_mixin.py:188} INFO - [2024-03-02T09:39:34.131-0300] {dag.py:3047} INFO - Sync 1 DAGs
[2024-03-02T09:39:34.153-0300] {logging_mixin.py:188} INFO - [2024-03-02T09:39:34.153-0300] {dag.py:3834} INFO - Setting next_dagrun for example_task_group to 2024-03-01 00:00:00+00:00, run_after=2024-03-02 00:00:00+00:00
[2024-03-02T09:39:34.170-0300] {processor.py:183} INFO - Processing /home/victor/Área de Trabalho/airflow/venv/lib/python3.10/site-packages/airflow/example_dags/example_task_group.py took 0.077 seconds
[2024-03-02T09:40:05.400-0300] {processor.py:161} INFO - Started process (PID=11915) to work on /home/victor/Área de Trabalho/airflow/venv/lib/python3.10/site-packages/airflow/example_dags/example_task_group.py
[2024-03-02T09:40:05.401-0300] {processor.py:830} INFO - Processing file /home/victor/Área de Trabalho/airflow/venv/lib/python3.10/site-packages/airflow/example_dags/example_task_group.py for tasks to queue
[2024-03-02T09:40:05.401-0300] {logging_mixin.py:188} INFO - [2024-03-02T09:40:05.401-0300] {dagbag.py:540} INFO - Filling up the DagBag from /home/victor/Área de Trabalho/airflow/venv/lib/python3.10/site-packages/airflow/example_dags/example_task_group.py
[2024-03-02T09:40:05.408-0300] {processor.py:840} INFO - DAG(s) 'example_task_group' retrieved from /home/victor/Área de Trabalho/airflow/venv/lib/python3.10/site-packages/airflow/example_dags/example_task_group.py
[2024-03-02T09:40:05.433-0300] {logging_mixin.py:188} INFO - [2024-03-02T09:40:05.433-0300] {dag.py:3047} INFO - Sync 1 DAGs
[2024-03-02T09:40:05.454-0300] {logging_mixin.py:188} INFO - [2024-03-02T09:40:05.454-0300] {dag.py:3834} INFO - Setting next_dagrun for example_task_group to 2024-03-01 00:00:00+00:00, run_after=2024-03-02 00:00:00+00:00
[2024-03-02T09:40:05.473-0300] {processor.py:183} INFO - Processing /home/victor/Área de Trabalho/airflow/venv/lib/python3.10/site-packages/airflow/example_dags/example_task_group.py took 0.076 seconds
[2024-03-02T09:40:36.732-0300] {processor.py:161} INFO - Started process (PID=12293) to work on /home/victor/Área de Trabalho/airflow/venv/lib/python3.10/site-packages/airflow/example_dags/example_task_group.py
[2024-03-02T09:40:36.732-0300] {processor.py:830} INFO - Processing file /home/victor/Área de Trabalho/airflow/venv/lib/python3.10/site-packages/airflow/example_dags/example_task_group.py for tasks to queue
[2024-03-02T09:40:36.733-0300] {logging_mixin.py:188} INFO - [2024-03-02T09:40:36.733-0300] {dagbag.py:540} INFO - Filling up the DagBag from /home/victor/Área de Trabalho/airflow/venv/lib/python3.10/site-packages/airflow/example_dags/example_task_group.py
[2024-03-02T09:40:36.741-0300] {processor.py:840} INFO - DAG(s) 'example_task_group' retrieved from /home/victor/Área de Trabalho/airflow/venv/lib/python3.10/site-packages/airflow/example_dags/example_task_group.py
[2024-03-02T09:40:36.772-0300] {logging_mixin.py:188} INFO - [2024-03-02T09:40:36.771-0300] {dag.py:3047} INFO - Sync 1 DAGs
[2024-03-02T09:40:36.794-0300] {logging_mixin.py:188} INFO - [2024-03-02T09:40:36.794-0300] {dag.py:3834} INFO - Setting next_dagrun for example_task_group to 2024-03-01 00:00:00+00:00, run_after=2024-03-02 00:00:00+00:00
[2024-03-02T09:40:36.822-0300] {processor.py:183} INFO - Processing /home/victor/Área de Trabalho/airflow/venv/lib/python3.10/site-packages/airflow/example_dags/example_task_group.py took 0.094 seconds
[2024-03-02T09:41:07.584-0300] {processor.py:161} INFO - Started process (PID=12769) to work on /home/victor/Área de Trabalho/airflow/venv/lib/python3.10/site-packages/airflow/example_dags/example_task_group.py
[2024-03-02T09:41:07.585-0300] {processor.py:830} INFO - Processing file /home/victor/Área de Trabalho/airflow/venv/lib/python3.10/site-packages/airflow/example_dags/example_task_group.py for tasks to queue
[2024-03-02T09:41:07.586-0300] {logging_mixin.py:188} INFO - [2024-03-02T09:41:07.586-0300] {dagbag.py:540} INFO - Filling up the DagBag from /home/victor/Área de Trabalho/airflow/venv/lib/python3.10/site-packages/airflow/example_dags/example_task_group.py
[2024-03-02T09:41:07.599-0300] {processor.py:840} INFO - DAG(s) 'example_task_group' retrieved from /home/victor/Área de Trabalho/airflow/venv/lib/python3.10/site-packages/airflow/example_dags/example_task_group.py
[2024-03-02T09:41:07.632-0300] {logging_mixin.py:188} INFO - [2024-03-02T09:41:07.632-0300] {dag.py:3047} INFO - Sync 1 DAGs
[2024-03-02T09:41:07.656-0300] {logging_mixin.py:188} INFO - [2024-03-02T09:41:07.656-0300] {dag.py:3834} INFO - Setting next_dagrun for example_task_group to 2024-03-01 00:00:00+00:00, run_after=2024-03-02 00:00:00+00:00
[2024-03-02T09:41:07.678-0300] {processor.py:183} INFO - Processing /home/victor/Área de Trabalho/airflow/venv/lib/python3.10/site-packages/airflow/example_dags/example_task_group.py took 0.096 seconds
[2024-03-02T09:41:38.475-0300] {processor.py:161} INFO - Started process (PID=13084) to work on /home/victor/Área de Trabalho/airflow/venv/lib/python3.10/site-packages/airflow/example_dags/example_task_group.py
[2024-03-02T09:41:38.476-0300] {processor.py:830} INFO - Processing file /home/victor/Área de Trabalho/airflow/venv/lib/python3.10/site-packages/airflow/example_dags/example_task_group.py for tasks to queue
[2024-03-02T09:41:38.476-0300] {logging_mixin.py:188} INFO - [2024-03-02T09:41:38.476-0300] {dagbag.py:540} INFO - Filling up the DagBag from /home/victor/Área de Trabalho/airflow/venv/lib/python3.10/site-packages/airflow/example_dags/example_task_group.py
[2024-03-02T09:41:38.483-0300] {processor.py:840} INFO - DAG(s) 'example_task_group' retrieved from /home/victor/Área de Trabalho/airflow/venv/lib/python3.10/site-packages/airflow/example_dags/example_task_group.py
[2024-03-02T09:41:38.511-0300] {logging_mixin.py:188} INFO - [2024-03-02T09:41:38.511-0300] {dag.py:3047} INFO - Sync 1 DAGs
[2024-03-02T09:41:38.533-0300] {logging_mixin.py:188} INFO - [2024-03-02T09:41:38.533-0300] {dag.py:3834} INFO - Setting next_dagrun for example_task_group to 2024-03-01 00:00:00+00:00, run_after=2024-03-02 00:00:00+00:00
[2024-03-02T09:41:38.552-0300] {processor.py:183} INFO - Processing /home/victor/Área de Trabalho/airflow/venv/lib/python3.10/site-packages/airflow/example_dags/example_task_group.py took 0.081 seconds
[2024-03-02T09:42:09.274-0300] {processor.py:161} INFO - Started process (PID=13718) to work on /home/victor/Área de Trabalho/airflow/venv/lib/python3.10/site-packages/airflow/example_dags/example_task_group.py
[2024-03-02T09:42:09.275-0300] {processor.py:830} INFO - Processing file /home/victor/Área de Trabalho/airflow/venv/lib/python3.10/site-packages/airflow/example_dags/example_task_group.py for tasks to queue
[2024-03-02T09:42:09.276-0300] {logging_mixin.py:188} INFO - [2024-03-02T09:42:09.276-0300] {dagbag.py:540} INFO - Filling up the DagBag from /home/victor/Área de Trabalho/airflow/venv/lib/python3.10/site-packages/airflow/example_dags/example_task_group.py
[2024-03-02T09:42:09.283-0300] {processor.py:840} INFO - DAG(s) 'example_task_group' retrieved from /home/victor/Área de Trabalho/airflow/venv/lib/python3.10/site-packages/airflow/example_dags/example_task_group.py
[2024-03-02T09:42:09.312-0300] {logging_mixin.py:188} INFO - [2024-03-02T09:42:09.312-0300] {dag.py:3047} INFO - Sync 1 DAGs
[2024-03-02T09:42:09.334-0300] {logging_mixin.py:188} INFO - [2024-03-02T09:42:09.334-0300] {dag.py:3834} INFO - Setting next_dagrun for example_task_group to 2024-03-01 00:00:00+00:00, run_after=2024-03-02 00:00:00+00:00
[2024-03-02T09:42:09.358-0300] {processor.py:183} INFO - Processing /home/victor/Área de Trabalho/airflow/venv/lib/python3.10/site-packages/airflow/example_dags/example_task_group.py took 0.086 seconds
[2024-03-02T09:42:40.121-0300] {processor.py:161} INFO - Started process (PID=14038) to work on /home/victor/Área de Trabalho/airflow/venv/lib/python3.10/site-packages/airflow/example_dags/example_task_group.py
[2024-03-02T09:42:40.122-0300] {processor.py:830} INFO - Processing file /home/victor/Área de Trabalho/airflow/venv/lib/python3.10/site-packages/airflow/example_dags/example_task_group.py for tasks to queue
[2024-03-02T09:42:40.123-0300] {logging_mixin.py:188} INFO - [2024-03-02T09:42:40.122-0300] {dagbag.py:540} INFO - Filling up the DagBag from /home/victor/Área de Trabalho/airflow/venv/lib/python3.10/site-packages/airflow/example_dags/example_task_group.py
[2024-03-02T09:42:40.129-0300] {processor.py:840} INFO - DAG(s) 'example_task_group' retrieved from /home/victor/Área de Trabalho/airflow/venv/lib/python3.10/site-packages/airflow/example_dags/example_task_group.py
[2024-03-02T09:42:40.160-0300] {logging_mixin.py:188} INFO - [2024-03-02T09:42:40.160-0300] {dag.py:3047} INFO - Sync 1 DAGs
[2024-03-02T09:42:40.192-0300] {logging_mixin.py:188} INFO - [2024-03-02T09:42:40.192-0300] {dag.py:3834} INFO - Setting next_dagrun for example_task_group to 2024-03-01 00:00:00+00:00, run_after=2024-03-02 00:00:00+00:00
[2024-03-02T09:42:40.216-0300] {processor.py:183} INFO - Processing /home/victor/Área de Trabalho/airflow/venv/lib/python3.10/site-packages/airflow/example_dags/example_task_group.py took 0.097 seconds
[2024-03-02T09:43:11.246-0300] {processor.py:161} INFO - Started process (PID=14518) to work on /home/victor/Área de Trabalho/airflow/venv/lib/python3.10/site-packages/airflow/example_dags/example_task_group.py
[2024-03-02T09:43:11.247-0300] {processor.py:830} INFO - Processing file /home/victor/Área de Trabalho/airflow/venv/lib/python3.10/site-packages/airflow/example_dags/example_task_group.py for tasks to queue
[2024-03-02T09:43:11.248-0300] {logging_mixin.py:188} INFO - [2024-03-02T09:43:11.247-0300] {dagbag.py:540} INFO - Filling up the DagBag from /home/victor/Área de Trabalho/airflow/venv/lib/python3.10/site-packages/airflow/example_dags/example_task_group.py
[2024-03-02T09:43:11.255-0300] {processor.py:840} INFO - DAG(s) 'example_task_group' retrieved from /home/victor/Área de Trabalho/airflow/venv/lib/python3.10/site-packages/airflow/example_dags/example_task_group.py
[2024-03-02T09:43:11.286-0300] {logging_mixin.py:188} INFO - [2024-03-02T09:43:11.286-0300] {dag.py:3047} INFO - Sync 1 DAGs
[2024-03-02T09:43:11.312-0300] {logging_mixin.py:188} INFO - [2024-03-02T09:43:11.312-0300] {dag.py:3834} INFO - Setting next_dagrun for example_task_group to 2024-03-01 00:00:00+00:00, run_after=2024-03-02 00:00:00+00:00
[2024-03-02T09:43:11.338-0300] {processor.py:183} INFO - Processing /home/victor/Área de Trabalho/airflow/venv/lib/python3.10/site-packages/airflow/example_dags/example_task_group.py took 0.095 seconds
[2024-03-02T09:43:42.064-0300] {processor.py:161} INFO - Started process (PID=14840) to work on /home/victor/Área de Trabalho/airflow/venv/lib/python3.10/site-packages/airflow/example_dags/example_task_group.py
[2024-03-02T09:43:42.065-0300] {processor.py:830} INFO - Processing file /home/victor/Área de Trabalho/airflow/venv/lib/python3.10/site-packages/airflow/example_dags/example_task_group.py for tasks to queue
[2024-03-02T09:43:42.066-0300] {logging_mixin.py:188} INFO - [2024-03-02T09:43:42.066-0300] {dagbag.py:540} INFO - Filling up the DagBag from /home/victor/Área de Trabalho/airflow/venv/lib/python3.10/site-packages/airflow/example_dags/example_task_group.py
[2024-03-02T09:43:42.072-0300] {processor.py:840} INFO - DAG(s) 'example_task_group' retrieved from /home/victor/Área de Trabalho/airflow/venv/lib/python3.10/site-packages/airflow/example_dags/example_task_group.py
[2024-03-02T09:43:42.101-0300] {logging_mixin.py:188} INFO - [2024-03-02T09:43:42.100-0300] {dag.py:3047} INFO - Sync 1 DAGs
[2024-03-02T09:43:42.122-0300] {logging_mixin.py:188} INFO - [2024-03-02T09:43:42.121-0300] {dag.py:3834} INFO - Setting next_dagrun for example_task_group to 2024-03-01 00:00:00+00:00, run_after=2024-03-02 00:00:00+00:00
[2024-03-02T09:43:42.142-0300] {processor.py:183} INFO - Processing /home/victor/Área de Trabalho/airflow/venv/lib/python3.10/site-packages/airflow/example_dags/example_task_group.py took 0.081 seconds
[2024-03-02T09:44:13.504-0300] {processor.py:161} INFO - Started process (PID=15321) to work on /home/victor/Área de Trabalho/airflow/venv/lib/python3.10/site-packages/airflow/example_dags/example_task_group.py
[2024-03-02T09:44:13.506-0300] {processor.py:830} INFO - Processing file /home/victor/Área de Trabalho/airflow/venv/lib/python3.10/site-packages/airflow/example_dags/example_task_group.py for tasks to queue
[2024-03-02T09:44:13.508-0300] {logging_mixin.py:188} INFO - [2024-03-02T09:44:13.508-0300] {dagbag.py:540} INFO - Filling up the DagBag from /home/victor/Área de Trabalho/airflow/venv/lib/python3.10/site-packages/airflow/example_dags/example_task_group.py
[2024-03-02T09:44:13.515-0300] {processor.py:840} INFO - DAG(s) 'example_task_group' retrieved from /home/victor/Área de Trabalho/airflow/venv/lib/python3.10/site-packages/airflow/example_dags/example_task_group.py
[2024-03-02T09:44:13.544-0300] {logging_mixin.py:188} INFO - [2024-03-02T09:44:13.544-0300] {dag.py:3047} INFO - Sync 1 DAGs
[2024-03-02T09:44:13.569-0300] {logging_mixin.py:188} INFO - [2024-03-02T09:44:13.569-0300] {dag.py:3834} INFO - Setting next_dagrun for example_task_group to 2024-03-01 00:00:00+00:00, run_after=2024-03-02 00:00:00+00:00
[2024-03-02T09:44:13.594-0300] {processor.py:183} INFO - Processing /home/victor/Área de Trabalho/airflow/venv/lib/python3.10/site-packages/airflow/example_dags/example_task_group.py took 0.092 seconds
[2024-03-02T09:44:44.208-0300] {processor.py:161} INFO - Started process (PID=15644) to work on /home/victor/Área de Trabalho/airflow/venv/lib/python3.10/site-packages/airflow/example_dags/example_task_group.py
[2024-03-02T09:44:44.209-0300] {processor.py:830} INFO - Processing file /home/victor/Área de Trabalho/airflow/venv/lib/python3.10/site-packages/airflow/example_dags/example_task_group.py for tasks to queue
[2024-03-02T09:44:44.210-0300] {logging_mixin.py:188} INFO - [2024-03-02T09:44:44.210-0300] {dagbag.py:540} INFO - Filling up the DagBag from /home/victor/Área de Trabalho/airflow/venv/lib/python3.10/site-packages/airflow/example_dags/example_task_group.py
[2024-03-02T09:44:44.219-0300] {processor.py:840} INFO - DAG(s) 'example_task_group' retrieved from /home/victor/Área de Trabalho/airflow/venv/lib/python3.10/site-packages/airflow/example_dags/example_task_group.py
[2024-03-02T09:44:44.251-0300] {logging_mixin.py:188} INFO - [2024-03-02T09:44:44.251-0300] {dag.py:3047} INFO - Sync 1 DAGs
[2024-03-02T09:44:44.277-0300] {logging_mixin.py:188} INFO - [2024-03-02T09:44:44.277-0300] {dag.py:3834} INFO - Setting next_dagrun for example_task_group to 2024-03-01 00:00:00+00:00, run_after=2024-03-02 00:00:00+00:00
[2024-03-02T09:44:44.303-0300] {processor.py:183} INFO - Processing /home/victor/Área de Trabalho/airflow/venv/lib/python3.10/site-packages/airflow/example_dags/example_task_group.py took 0.101 seconds
[2024-03-02T09:45:14.967-0300] {processor.py:161} INFO - Started process (PID=16132) to work on /home/victor/Área de Trabalho/airflow/venv/lib/python3.10/site-packages/airflow/example_dags/example_task_group.py
[2024-03-02T09:45:14.967-0300] {processor.py:830} INFO - Processing file /home/victor/Área de Trabalho/airflow/venv/lib/python3.10/site-packages/airflow/example_dags/example_task_group.py for tasks to queue
[2024-03-02T09:45:14.968-0300] {logging_mixin.py:188} INFO - [2024-03-02T09:45:14.968-0300] {dagbag.py:540} INFO - Filling up the DagBag from /home/victor/Área de Trabalho/airflow/venv/lib/python3.10/site-packages/airflow/example_dags/example_task_group.py
[2024-03-02T09:45:14.976-0300] {processor.py:840} INFO - DAG(s) 'example_task_group' retrieved from /home/victor/Área de Trabalho/airflow/venv/lib/python3.10/site-packages/airflow/example_dags/example_task_group.py
[2024-03-02T09:45:15.004-0300] {logging_mixin.py:188} INFO - [2024-03-02T09:45:15.003-0300] {dag.py:3047} INFO - Sync 1 DAGs
[2024-03-02T09:45:15.027-0300] {logging_mixin.py:188} INFO - [2024-03-02T09:45:15.027-0300] {dag.py:3834} INFO - Setting next_dagrun for example_task_group to 2024-03-01 00:00:00+00:00, run_after=2024-03-02 00:00:00+00:00
[2024-03-02T09:45:15.050-0300] {processor.py:183} INFO - Processing /home/victor/Área de Trabalho/airflow/venv/lib/python3.10/site-packages/airflow/example_dags/example_task_group.py took 0.087 seconds
[2024-03-02T09:45:46.084-0300] {processor.py:161} INFO - Started process (PID=16644) to work on /home/victor/Área de Trabalho/airflow/venv/lib/python3.10/site-packages/airflow/example_dags/example_task_group.py
[2024-03-02T09:45:46.085-0300] {processor.py:830} INFO - Processing file /home/victor/Área de Trabalho/airflow/venv/lib/python3.10/site-packages/airflow/example_dags/example_task_group.py for tasks to queue
[2024-03-02T09:45:46.085-0300] {logging_mixin.py:188} INFO - [2024-03-02T09:45:46.085-0300] {dagbag.py:540} INFO - Filling up the DagBag from /home/victor/Área de Trabalho/airflow/venv/lib/python3.10/site-packages/airflow/example_dags/example_task_group.py
[2024-03-02T09:45:46.093-0300] {processor.py:840} INFO - DAG(s) 'example_task_group' retrieved from /home/victor/Área de Trabalho/airflow/venv/lib/python3.10/site-packages/airflow/example_dags/example_task_group.py
[2024-03-02T09:45:46.119-0300] {logging_mixin.py:188} INFO - [2024-03-02T09:45:46.118-0300] {dag.py:3047} INFO - Sync 1 DAGs
[2024-03-02T09:45:46.141-0300] {logging_mixin.py:188} INFO - [2024-03-02T09:45:46.140-0300] {dag.py:3834} INFO - Setting next_dagrun for example_task_group to 2024-03-01 00:00:00+00:00, run_after=2024-03-02 00:00:00+00:00
[2024-03-02T09:45:46.172-0300] {processor.py:183} INFO - Processing /home/victor/Área de Trabalho/airflow/venv/lib/python3.10/site-packages/airflow/example_dags/example_task_group.py took 0.091 seconds
[2024-03-02T09:46:17.614-0300] {processor.py:161} INFO - Started process (PID=17127) to work on /home/victor/Área de Trabalho/airflow/venv/lib/python3.10/site-packages/airflow/example_dags/example_task_group.py
[2024-03-02T09:46:17.615-0300] {processor.py:830} INFO - Processing file /home/victor/Área de Trabalho/airflow/venv/lib/python3.10/site-packages/airflow/example_dags/example_task_group.py for tasks to queue
[2024-03-02T09:46:17.616-0300] {logging_mixin.py:188} INFO - [2024-03-02T09:46:17.616-0300] {dagbag.py:540} INFO - Filling up the DagBag from /home/victor/Área de Trabalho/airflow/venv/lib/python3.10/site-packages/airflow/example_dags/example_task_group.py
[2024-03-02T09:46:17.623-0300] {processor.py:840} INFO - DAG(s) 'example_task_group' retrieved from /home/victor/Área de Trabalho/airflow/venv/lib/python3.10/site-packages/airflow/example_dags/example_task_group.py
[2024-03-02T09:46:17.652-0300] {logging_mixin.py:188} INFO - [2024-03-02T09:46:17.652-0300] {dag.py:3047} INFO - Sync 1 DAGs
[2024-03-02T09:46:17.677-0300] {logging_mixin.py:188} INFO - [2024-03-02T09:46:17.677-0300] {dag.py:3834} INFO - Setting next_dagrun for example_task_group to 2024-03-01 00:00:00+00:00, run_after=2024-03-02 00:00:00+00:00
[2024-03-02T09:46:17.700-0300] {processor.py:183} INFO - Processing /home/victor/Área de Trabalho/airflow/venv/lib/python3.10/site-packages/airflow/example_dags/example_task_group.py took 0.088 seconds
[2024-03-02T09:46:48.381-0300] {processor.py:161} INFO - Started process (PID=17450) to work on /home/victor/Área de Trabalho/airflow/venv/lib/python3.10/site-packages/airflow/example_dags/example_task_group.py
[2024-03-02T09:46:48.382-0300] {processor.py:830} INFO - Processing file /home/victor/Área de Trabalho/airflow/venv/lib/python3.10/site-packages/airflow/example_dags/example_task_group.py for tasks to queue
[2024-03-02T09:46:48.383-0300] {logging_mixin.py:188} INFO - [2024-03-02T09:46:48.383-0300] {dagbag.py:540} INFO - Filling up the DagBag from /home/victor/Área de Trabalho/airflow/venv/lib/python3.10/site-packages/airflow/example_dags/example_task_group.py
[2024-03-02T09:46:48.389-0300] {processor.py:840} INFO - DAG(s) 'example_task_group' retrieved from /home/victor/Área de Trabalho/airflow/venv/lib/python3.10/site-packages/airflow/example_dags/example_task_group.py
[2024-03-02T09:46:48.418-0300] {logging_mixin.py:188} INFO - [2024-03-02T09:46:48.418-0300] {dag.py:3047} INFO - Sync 1 DAGs
[2024-03-02T09:46:48.443-0300] {logging_mixin.py:188} INFO - [2024-03-02T09:46:48.443-0300] {dag.py:3834} INFO - Setting next_dagrun for example_task_group to 2024-03-01 00:00:00+00:00, run_after=2024-03-02 00:00:00+00:00
[2024-03-02T09:46:48.463-0300] {processor.py:183} INFO - Processing /home/victor/Área de Trabalho/airflow/venv/lib/python3.10/site-packages/airflow/example_dags/example_task_group.py took 0.084 seconds
[2024-03-02T09:47:19.307-0300] {processor.py:161} INFO - Started process (PID=18110) to work on /home/victor/Área de Trabalho/airflow/venv/lib/python3.10/site-packages/airflow/example_dags/example_task_group.py
[2024-03-02T09:47:19.308-0300] {processor.py:830} INFO - Processing file /home/victor/Área de Trabalho/airflow/venv/lib/python3.10/site-packages/airflow/example_dags/example_task_group.py for tasks to queue
[2024-03-02T09:47:19.308-0300] {logging_mixin.py:188} INFO - [2024-03-02T09:47:19.308-0300] {dagbag.py:540} INFO - Filling up the DagBag from /home/victor/Área de Trabalho/airflow/venv/lib/python3.10/site-packages/airflow/example_dags/example_task_group.py
[2024-03-02T09:47:19.316-0300] {processor.py:840} INFO - DAG(s) 'example_task_group' retrieved from /home/victor/Área de Trabalho/airflow/venv/lib/python3.10/site-packages/airflow/example_dags/example_task_group.py
[2024-03-02T09:47:19.344-0300] {logging_mixin.py:188} INFO - [2024-03-02T09:47:19.344-0300] {dag.py:3047} INFO - Sync 1 DAGs
[2024-03-02T09:47:19.374-0300] {logging_mixin.py:188} INFO - [2024-03-02T09:47:19.374-0300] {dag.py:3834} INFO - Setting next_dagrun for example_task_group to 2024-03-01 00:00:00+00:00, run_after=2024-03-02 00:00:00+00:00
[2024-03-02T09:47:19.393-0300] {processor.py:183} INFO - Processing /home/victor/Área de Trabalho/airflow/venv/lib/python3.10/site-packages/airflow/example_dags/example_task_group.py took 0.089 seconds
[2024-03-02T09:47:49.944-0300] {processor.py:161} INFO - Started process (PID=18429) to work on /home/victor/Área de Trabalho/airflow/venv/lib/python3.10/site-packages/airflow/example_dags/example_task_group.py
[2024-03-02T09:47:49.945-0300] {processor.py:830} INFO - Processing file /home/victor/Área de Trabalho/airflow/venv/lib/python3.10/site-packages/airflow/example_dags/example_task_group.py for tasks to queue
[2024-03-02T09:47:49.948-0300] {logging_mixin.py:188} INFO - [2024-03-02T09:47:49.947-0300] {dagbag.py:540} INFO - Filling up the DagBag from /home/victor/Área de Trabalho/airflow/venv/lib/python3.10/site-packages/airflow/example_dags/example_task_group.py
[2024-03-02T09:47:49.955-0300] {processor.py:840} INFO - DAG(s) 'example_task_group' retrieved from /home/victor/Área de Trabalho/airflow/venv/lib/python3.10/site-packages/airflow/example_dags/example_task_group.py
[2024-03-02T09:47:49.988-0300] {logging_mixin.py:188} INFO - [2024-03-02T09:47:49.988-0300] {dag.py:3047} INFO - Sync 1 DAGs
[2024-03-02T09:47:50.009-0300] {logging_mixin.py:188} INFO - [2024-03-02T09:47:50.009-0300] {dag.py:3834} INFO - Setting next_dagrun for example_task_group to 2024-03-01 00:00:00+00:00, run_after=2024-03-02 00:00:00+00:00
[2024-03-02T09:47:50.029-0300] {processor.py:183} INFO - Processing /home/victor/Área de Trabalho/airflow/venv/lib/python3.10/site-packages/airflow/example_dags/example_task_group.py took 0.088 seconds
[2024-03-02T09:48:20.587-0300] {processor.py:161} INFO - Started process (PID=18915) to work on /home/victor/Área de Trabalho/airflow/venv/lib/python3.10/site-packages/airflow/example_dags/example_task_group.py
[2024-03-02T09:48:20.588-0300] {processor.py:830} INFO - Processing file /home/victor/Área de Trabalho/airflow/venv/lib/python3.10/site-packages/airflow/example_dags/example_task_group.py for tasks to queue
[2024-03-02T09:48:20.589-0300] {logging_mixin.py:188} INFO - [2024-03-02T09:48:20.588-0300] {dagbag.py:540} INFO - Filling up the DagBag from /home/victor/Área de Trabalho/airflow/venv/lib/python3.10/site-packages/airflow/example_dags/example_task_group.py
[2024-03-02T09:48:20.596-0300] {processor.py:840} INFO - DAG(s) 'example_task_group' retrieved from /home/victor/Área de Trabalho/airflow/venv/lib/python3.10/site-packages/airflow/example_dags/example_task_group.py
[2024-03-02T09:48:20.626-0300] {logging_mixin.py:188} INFO - [2024-03-02T09:48:20.626-0300] {dag.py:3047} INFO - Sync 1 DAGs
[2024-03-02T09:48:20.650-0300] {logging_mixin.py:188} INFO - [2024-03-02T09:48:20.649-0300] {dag.py:3834} INFO - Setting next_dagrun for example_task_group to 2024-03-01 00:00:00+00:00, run_after=2024-03-02 00:00:00+00:00
[2024-03-02T09:48:20.673-0300] {processor.py:183} INFO - Processing /home/victor/Área de Trabalho/airflow/venv/lib/python3.10/site-packages/airflow/example_dags/example_task_group.py took 0.089 seconds
[2024-03-02T09:48:51.397-0300] {processor.py:161} INFO - Started process (PID=19261) to work on /home/victor/Área de Trabalho/airflow/venv/lib/python3.10/site-packages/airflow/example_dags/example_task_group.py
[2024-03-02T09:48:51.398-0300] {processor.py:830} INFO - Processing file /home/victor/Área de Trabalho/airflow/venv/lib/python3.10/site-packages/airflow/example_dags/example_task_group.py for tasks to queue
[2024-03-02T09:48:51.399-0300] {logging_mixin.py:188} INFO - [2024-03-02T09:48:51.398-0300] {dagbag.py:540} INFO - Filling up the DagBag from /home/victor/Área de Trabalho/airflow/venv/lib/python3.10/site-packages/airflow/example_dags/example_task_group.py
[2024-03-02T09:48:51.405-0300] {processor.py:840} INFO - DAG(s) 'example_task_group' retrieved from /home/victor/Área de Trabalho/airflow/venv/lib/python3.10/site-packages/airflow/example_dags/example_task_group.py
[2024-03-02T09:48:51.433-0300] {logging_mixin.py:188} INFO - [2024-03-02T09:48:51.432-0300] {dag.py:3047} INFO - Sync 1 DAGs
[2024-03-02T09:48:51.454-0300] {logging_mixin.py:188} INFO - [2024-03-02T09:48:51.454-0300] {dag.py:3834} INFO - Setting next_dagrun for example_task_group to 2024-03-01 00:00:00+00:00, run_after=2024-03-02 00:00:00+00:00
[2024-03-02T09:48:51.476-0300] {processor.py:183} INFO - Processing /home/victor/Área de Trabalho/airflow/venv/lib/python3.10/site-packages/airflow/example_dags/example_task_group.py took 0.082 seconds
[2024-03-02T09:49:22.124-0300] {processor.py:161} INFO - Started process (PID=19741) to work on /home/victor/Área de Trabalho/airflow/venv/lib/python3.10/site-packages/airflow/example_dags/example_task_group.py
[2024-03-02T09:49:22.125-0300] {processor.py:830} INFO - Processing file /home/victor/Área de Trabalho/airflow/venv/lib/python3.10/site-packages/airflow/example_dags/example_task_group.py for tasks to queue
[2024-03-02T09:49:22.126-0300] {logging_mixin.py:188} INFO - [2024-03-02T09:49:22.125-0300] {dagbag.py:540} INFO - Filling up the DagBag from /home/victor/Área de Trabalho/airflow/venv/lib/python3.10/site-packages/airflow/example_dags/example_task_group.py
[2024-03-02T09:49:22.134-0300] {processor.py:840} INFO - DAG(s) 'example_task_group' retrieved from /home/victor/Área de Trabalho/airflow/venv/lib/python3.10/site-packages/airflow/example_dags/example_task_group.py
[2024-03-02T09:49:22.163-0300] {logging_mixin.py:188} INFO - [2024-03-02T09:49:22.163-0300] {dag.py:3047} INFO - Sync 1 DAGs
[2024-03-02T09:49:22.185-0300] {logging_mixin.py:188} INFO - [2024-03-02T09:49:22.185-0300] {dag.py:3834} INFO - Setting next_dagrun for example_task_group to 2024-03-01 00:00:00+00:00, run_after=2024-03-02 00:00:00+00:00
[2024-03-02T09:49:22.207-0300] {processor.py:183} INFO - Processing /home/victor/Área de Trabalho/airflow/venv/lib/python3.10/site-packages/airflow/example_dags/example_task_group.py took 0.087 seconds
[2024-03-02T09:49:52.829-0300] {processor.py:161} INFO - Started process (PID=20062) to work on /home/victor/Área de Trabalho/airflow/venv/lib/python3.10/site-packages/airflow/example_dags/example_task_group.py
[2024-03-02T09:49:52.830-0300] {processor.py:830} INFO - Processing file /home/victor/Área de Trabalho/airflow/venv/lib/python3.10/site-packages/airflow/example_dags/example_task_group.py for tasks to queue
[2024-03-02T09:49:52.831-0300] {logging_mixin.py:188} INFO - [2024-03-02T09:49:52.831-0300] {dagbag.py:540} INFO - Filling up the DagBag from /home/victor/Área de Trabalho/airflow/venv/lib/python3.10/site-packages/airflow/example_dags/example_task_group.py
[2024-03-02T09:49:52.838-0300] {processor.py:840} INFO - DAG(s) 'example_task_group' retrieved from /home/victor/Área de Trabalho/airflow/venv/lib/python3.10/site-packages/airflow/example_dags/example_task_group.py
[2024-03-02T09:49:52.871-0300] {logging_mixin.py:188} INFO - [2024-03-02T09:49:52.871-0300] {dag.py:3047} INFO - Sync 1 DAGs
[2024-03-02T09:49:52.895-0300] {logging_mixin.py:188} INFO - [2024-03-02T09:49:52.894-0300] {dag.py:3834} INFO - Setting next_dagrun for example_task_group to 2024-03-01 00:00:00+00:00, run_after=2024-03-02 00:00:00+00:00
[2024-03-02T09:49:52.916-0300] {processor.py:183} INFO - Processing /home/victor/Área de Trabalho/airflow/venv/lib/python3.10/site-packages/airflow/example_dags/example_task_group.py took 0.091 seconds
[2024-03-02T09:50:23.475-0300] {processor.py:161} INFO - Started process (PID=20543) to work on /home/victor/Área de Trabalho/airflow/venv/lib/python3.10/site-packages/airflow/example_dags/example_task_group.py
[2024-03-02T09:50:23.476-0300] {processor.py:830} INFO - Processing file /home/victor/Área de Trabalho/airflow/venv/lib/python3.10/site-packages/airflow/example_dags/example_task_group.py for tasks to queue
[2024-03-02T09:50:23.476-0300] {logging_mixin.py:188} INFO - [2024-03-02T09:50:23.476-0300] {dagbag.py:540} INFO - Filling up the DagBag from /home/victor/Área de Trabalho/airflow/venv/lib/python3.10/site-packages/airflow/example_dags/example_task_group.py
[2024-03-02T09:50:23.484-0300] {processor.py:840} INFO - DAG(s) 'example_task_group' retrieved from /home/victor/Área de Trabalho/airflow/venv/lib/python3.10/site-packages/airflow/example_dags/example_task_group.py
[2024-03-02T09:50:23.514-0300] {logging_mixin.py:188} INFO - [2024-03-02T09:50:23.513-0300] {dag.py:3047} INFO - Sync 1 DAGs
[2024-03-02T09:50:23.539-0300] {logging_mixin.py:188} INFO - [2024-03-02T09:50:23.538-0300] {dag.py:3834} INFO - Setting next_dagrun for example_task_group to 2024-03-01 00:00:00+00:00, run_after=2024-03-02 00:00:00+00:00
[2024-03-02T09:50:23.566-0300] {processor.py:183} INFO - Processing /home/victor/Área de Trabalho/airflow/venv/lib/python3.10/site-packages/airflow/example_dags/example_task_group.py took 0.095 seconds
[2024-03-02T09:50:54.953-0300] {processor.py:161} INFO - Started process (PID=20901) to work on /home/victor/Área de Trabalho/airflow/venv/lib/python3.10/site-packages/airflow/example_dags/example_task_group.py
[2024-03-02T09:50:54.955-0300] {processor.py:830} INFO - Processing file /home/victor/Área de Trabalho/airflow/venv/lib/python3.10/site-packages/airflow/example_dags/example_task_group.py for tasks to queue
[2024-03-02T09:50:54.956-0300] {logging_mixin.py:188} INFO - [2024-03-02T09:50:54.956-0300] {dagbag.py:540} INFO - Filling up the DagBag from /home/victor/Área de Trabalho/airflow/venv/lib/python3.10/site-packages/airflow/example_dags/example_task_group.py
[2024-03-02T09:50:54.964-0300] {processor.py:840} INFO - DAG(s) 'example_task_group' retrieved from /home/victor/Área de Trabalho/airflow/venv/lib/python3.10/site-packages/airflow/example_dags/example_task_group.py
[2024-03-02T09:50:54.994-0300] {logging_mixin.py:188} INFO - [2024-03-02T09:50:54.994-0300] {dag.py:3047} INFO - Sync 1 DAGs
[2024-03-02T09:50:55.018-0300] {logging_mixin.py:188} INFO - [2024-03-02T09:50:55.018-0300] {dag.py:3834} INFO - Setting next_dagrun for example_task_group to 2024-03-01 00:00:00+00:00, run_after=2024-03-02 00:00:00+00:00
[2024-03-02T09:50:55.038-0300] {processor.py:183} INFO - Processing /home/victor/Área de Trabalho/airflow/venv/lib/python3.10/site-packages/airflow/example_dags/example_task_group.py took 0.088 seconds
[2024-03-02T09:51:25.656-0300] {processor.py:161} INFO - Started process (PID=21382) to work on /home/victor/Área de Trabalho/airflow/venv/lib/python3.10/site-packages/airflow/example_dags/example_task_group.py
[2024-03-02T09:51:25.657-0300] {processor.py:830} INFO - Processing file /home/victor/Área de Trabalho/airflow/venv/lib/python3.10/site-packages/airflow/example_dags/example_task_group.py for tasks to queue
[2024-03-02T09:51:25.658-0300] {logging_mixin.py:188} INFO - [2024-03-02T09:51:25.658-0300] {dagbag.py:540} INFO - Filling up the DagBag from /home/victor/Área de Trabalho/airflow/venv/lib/python3.10/site-packages/airflow/example_dags/example_task_group.py
[2024-03-02T09:51:25.665-0300] {processor.py:840} INFO - DAG(s) 'example_task_group' retrieved from /home/victor/Área de Trabalho/airflow/venv/lib/python3.10/site-packages/airflow/example_dags/example_task_group.py
[2024-03-02T09:51:25.696-0300] {logging_mixin.py:188} INFO - [2024-03-02T09:51:25.696-0300] {dag.py:3047} INFO - Sync 1 DAGs
[2024-03-02T09:51:25.720-0300] {logging_mixin.py:188} INFO - [2024-03-02T09:51:25.720-0300] {dag.py:3834} INFO - Setting next_dagrun for example_task_group to 2024-03-01 00:00:00+00:00, run_after=2024-03-02 00:00:00+00:00
[2024-03-02T09:51:25.741-0300] {processor.py:183} INFO - Processing /home/victor/Área de Trabalho/airflow/venv/lib/python3.10/site-packages/airflow/example_dags/example_task_group.py took 0.088 seconds
[2024-03-02T09:51:56.383-0300] {processor.py:161} INFO - Started process (PID=21703) to work on /home/victor/Área de Trabalho/airflow/venv/lib/python3.10/site-packages/airflow/example_dags/example_task_group.py
[2024-03-02T09:51:56.384-0300] {processor.py:830} INFO - Processing file /home/victor/Área de Trabalho/airflow/venv/lib/python3.10/site-packages/airflow/example_dags/example_task_group.py for tasks to queue
[2024-03-02T09:51:56.384-0300] {logging_mixin.py:188} INFO - [2024-03-02T09:51:56.384-0300] {dagbag.py:540} INFO - Filling up the DagBag from /home/victor/Área de Trabalho/airflow/venv/lib/python3.10/site-packages/airflow/example_dags/example_task_group.py
[2024-03-02T09:51:56.391-0300] {processor.py:840} INFO - DAG(s) 'example_task_group' retrieved from /home/victor/Área de Trabalho/airflow/venv/lib/python3.10/site-packages/airflow/example_dags/example_task_group.py
[2024-03-02T09:51:56.418-0300] {logging_mixin.py:188} INFO - [2024-03-02T09:51:56.417-0300] {dag.py:3047} INFO - Sync 1 DAGs
[2024-03-02T09:51:56.440-0300] {logging_mixin.py:188} INFO - [2024-03-02T09:51:56.439-0300] {dag.py:3834} INFO - Setting next_dagrun for example_task_group to 2024-03-01 00:00:00+00:00, run_after=2024-03-02 00:00:00+00:00
[2024-03-02T09:51:56.459-0300] {processor.py:183} INFO - Processing /home/victor/Área de Trabalho/airflow/venv/lib/python3.10/site-packages/airflow/example_dags/example_task_group.py took 0.079 seconds
[2024-03-02T09:52:26.946-0300] {processor.py:161} INFO - Started process (PID=22349) to work on /home/victor/Área de Trabalho/airflow/venv/lib/python3.10/site-packages/airflow/example_dags/example_task_group.py
[2024-03-02T09:52:26.947-0300] {processor.py:830} INFO - Processing file /home/victor/Área de Trabalho/airflow/venv/lib/python3.10/site-packages/airflow/example_dags/example_task_group.py for tasks to queue
[2024-03-02T09:52:26.948-0300] {logging_mixin.py:188} INFO - [2024-03-02T09:52:26.947-0300] {dagbag.py:540} INFO - Filling up the DagBag from /home/victor/Área de Trabalho/airflow/venv/lib/python3.10/site-packages/airflow/example_dags/example_task_group.py
[2024-03-02T09:52:26.954-0300] {processor.py:840} INFO - DAG(s) 'example_task_group' retrieved from /home/victor/Área de Trabalho/airflow/venv/lib/python3.10/site-packages/airflow/example_dags/example_task_group.py
[2024-03-02T09:52:26.982-0300] {logging_mixin.py:188} INFO - [2024-03-02T09:52:26.981-0300] {dag.py:3047} INFO - Sync 1 DAGs
[2024-03-02T09:52:27.004-0300] {logging_mixin.py:188} INFO - [2024-03-02T09:52:27.004-0300] {dag.py:3834} INFO - Setting next_dagrun for example_task_group to 2024-03-01 00:00:00+00:00, run_after=2024-03-02 00:00:00+00:00
[2024-03-02T09:52:27.023-0300] {processor.py:183} INFO - Processing /home/victor/Área de Trabalho/airflow/venv/lib/python3.10/site-packages/airflow/example_dags/example_task_group.py took 0.080 seconds
[2024-03-02T09:52:57.578-0300] {processor.py:161} INFO - Started process (PID=22671) to work on /home/victor/Área de Trabalho/airflow/venv/lib/python3.10/site-packages/airflow/example_dags/example_task_group.py
[2024-03-02T09:52:57.579-0300] {processor.py:830} INFO - Processing file /home/victor/Área de Trabalho/airflow/venv/lib/python3.10/site-packages/airflow/example_dags/example_task_group.py for tasks to queue
[2024-03-02T09:52:57.580-0300] {logging_mixin.py:188} INFO - [2024-03-02T09:52:57.580-0300] {dagbag.py:540} INFO - Filling up the DagBag from /home/victor/Área de Trabalho/airflow/venv/lib/python3.10/site-packages/airflow/example_dags/example_task_group.py
[2024-03-02T09:52:57.588-0300] {processor.py:840} INFO - DAG(s) 'example_task_group' retrieved from /home/victor/Área de Trabalho/airflow/venv/lib/python3.10/site-packages/airflow/example_dags/example_task_group.py
[2024-03-02T09:52:57.617-0300] {logging_mixin.py:188} INFO - [2024-03-02T09:52:57.617-0300] {dag.py:3047} INFO - Sync 1 DAGs
[2024-03-02T09:52:57.643-0300] {logging_mixin.py:188} INFO - [2024-03-02T09:52:57.643-0300] {dag.py:3834} INFO - Setting next_dagrun for example_task_group to 2024-03-01 00:00:00+00:00, run_after=2024-03-02 00:00:00+00:00
[2024-03-02T09:52:57.663-0300] {processor.py:183} INFO - Processing /home/victor/Área de Trabalho/airflow/venv/lib/python3.10/site-packages/airflow/example_dags/example_task_group.py took 0.088 seconds
[2024-03-02T09:53:28.197-0300] {processor.py:161} INFO - Started process (PID=23155) to work on /home/victor/Área de Trabalho/airflow/venv/lib/python3.10/site-packages/airflow/example_dags/example_task_group.py
[2024-03-02T09:53:28.198-0300] {processor.py:830} INFO - Processing file /home/victor/Área de Trabalho/airflow/venv/lib/python3.10/site-packages/airflow/example_dags/example_task_group.py for tasks to queue
[2024-03-02T09:53:28.199-0300] {logging_mixin.py:188} INFO - [2024-03-02T09:53:28.199-0300] {dagbag.py:540} INFO - Filling up the DagBag from /home/victor/Área de Trabalho/airflow/venv/lib/python3.10/site-packages/airflow/example_dags/example_task_group.py
[2024-03-02T09:53:28.206-0300] {processor.py:840} INFO - DAG(s) 'example_task_group' retrieved from /home/victor/Área de Trabalho/airflow/venv/lib/python3.10/site-packages/airflow/example_dags/example_task_group.py
[2024-03-02T09:53:28.233-0300] {logging_mixin.py:188} INFO - [2024-03-02T09:53:28.233-0300] {dag.py:3047} INFO - Sync 1 DAGs
[2024-03-02T09:53:28.258-0300] {logging_mixin.py:188} INFO - [2024-03-02T09:53:28.258-0300] {dag.py:3834} INFO - Setting next_dagrun for example_task_group to 2024-03-01 00:00:00+00:00, run_after=2024-03-02 00:00:00+00:00
[2024-03-02T09:53:28.277-0300] {processor.py:183} INFO - Processing /home/victor/Área de Trabalho/airflow/venv/lib/python3.10/site-packages/airflow/example_dags/example_task_group.py took 0.083 seconds
[2024-03-02T09:53:58.586-0300] {processor.py:161} INFO - Started process (PID=23514) to work on /home/victor/Área de Trabalho/airflow/venv/lib/python3.10/site-packages/airflow/example_dags/example_task_group.py
[2024-03-02T09:53:58.588-0300] {processor.py:830} INFO - Processing file /home/victor/Área de Trabalho/airflow/venv/lib/python3.10/site-packages/airflow/example_dags/example_task_group.py for tasks to queue
[2024-03-02T09:53:58.589-0300] {logging_mixin.py:188} INFO - [2024-03-02T09:53:58.588-0300] {dagbag.py:540} INFO - Filling up the DagBag from /home/victor/Área de Trabalho/airflow/venv/lib/python3.10/site-packages/airflow/example_dags/example_task_group.py
[2024-03-02T09:53:58.596-0300] {processor.py:840} INFO - DAG(s) 'example_task_group' retrieved from /home/victor/Área de Trabalho/airflow/venv/lib/python3.10/site-packages/airflow/example_dags/example_task_group.py
[2024-03-02T09:53:58.625-0300] {logging_mixin.py:188} INFO - [2024-03-02T09:53:58.625-0300] {dag.py:3047} INFO - Sync 1 DAGs
[2024-03-02T09:53:58.647-0300] {logging_mixin.py:188} INFO - [2024-03-02T09:53:58.647-0300] {dag.py:3834} INFO - Setting next_dagrun for example_task_group to 2024-03-01 00:00:00+00:00, run_after=2024-03-02 00:00:00+00:00
[2024-03-02T09:53:58.665-0300] {processor.py:183} INFO - Processing /home/victor/Área de Trabalho/airflow/venv/lib/python3.10/site-packages/airflow/example_dags/example_task_group.py took 0.082 seconds
[2024-03-02T09:54:29.556-0300] {processor.py:161} INFO - Started process (PID=24121) to work on /home/victor/Área de Trabalho/airflow/venv/lib/python3.10/site-packages/airflow/example_dags/example_task_group.py
[2024-03-02T09:54:29.557-0300] {processor.py:830} INFO - Processing file /home/victor/Área de Trabalho/airflow/venv/lib/python3.10/site-packages/airflow/example_dags/example_task_group.py for tasks to queue
[2024-03-02T09:54:29.557-0300] {logging_mixin.py:188} INFO - [2024-03-02T09:54:29.557-0300] {dagbag.py:540} INFO - Filling up the DagBag from /home/victor/Área de Trabalho/airflow/venv/lib/python3.10/site-packages/airflow/example_dags/example_task_group.py
[2024-03-02T09:54:29.565-0300] {processor.py:840} INFO - DAG(s) 'example_task_group' retrieved from /home/victor/Área de Trabalho/airflow/venv/lib/python3.10/site-packages/airflow/example_dags/example_task_group.py
[2024-03-02T09:54:29.594-0300] {logging_mixin.py:188} INFO - [2024-03-02T09:54:29.593-0300] {dag.py:3047} INFO - Sync 1 DAGs
[2024-03-02T09:54:29.617-0300] {logging_mixin.py:188} INFO - [2024-03-02T09:54:29.617-0300] {dag.py:3834} INFO - Setting next_dagrun for example_task_group to 2024-03-01 00:00:00+00:00, run_after=2024-03-02 00:00:00+00:00
[2024-03-02T09:54:29.649-0300] {processor.py:183} INFO - Processing /home/victor/Área de Trabalho/airflow/venv/lib/python3.10/site-packages/airflow/example_dags/example_task_group.py took 0.097 seconds
[2024-03-02T09:55:00.399-0300] {processor.py:161} INFO - Started process (PID=24679) to work on /home/victor/Área de Trabalho/airflow/venv/lib/python3.10/site-packages/airflow/example_dags/example_task_group.py
[2024-03-02T09:55:00.400-0300] {processor.py:830} INFO - Processing file /home/victor/Área de Trabalho/airflow/venv/lib/python3.10/site-packages/airflow/example_dags/example_task_group.py for tasks to queue
[2024-03-02T09:55:00.401-0300] {logging_mixin.py:188} INFO - [2024-03-02T09:55:00.401-0300] {dagbag.py:540} INFO - Filling up the DagBag from /home/victor/Área de Trabalho/airflow/venv/lib/python3.10/site-packages/airflow/example_dags/example_task_group.py
[2024-03-02T09:55:00.408-0300] {processor.py:840} INFO - DAG(s) 'example_task_group' retrieved from /home/victor/Área de Trabalho/airflow/venv/lib/python3.10/site-packages/airflow/example_dags/example_task_group.py
[2024-03-02T09:55:00.436-0300] {logging_mixin.py:188} INFO - [2024-03-02T09:55:00.435-0300] {dag.py:3047} INFO - Sync 1 DAGs
[2024-03-02T09:55:00.455-0300] {logging_mixin.py:188} INFO - [2024-03-02T09:55:00.455-0300] {dag.py:3834} INFO - Setting next_dagrun for example_task_group to 2024-03-01 00:00:00+00:00, run_after=2024-03-02 00:00:00+00:00
[2024-03-02T09:55:00.473-0300] {processor.py:183} INFO - Processing /home/victor/Área de Trabalho/airflow/venv/lib/python3.10/site-packages/airflow/example_dags/example_task_group.py took 0.077 seconds
[2024-03-02T09:55:30.968-0300] {processor.py:161} INFO - Started process (PID=25140) to work on /home/victor/Área de Trabalho/airflow/venv/lib/python3.10/site-packages/airflow/example_dags/example_task_group.py
[2024-03-02T09:55:30.969-0300] {processor.py:830} INFO - Processing file /home/victor/Área de Trabalho/airflow/venv/lib/python3.10/site-packages/airflow/example_dags/example_task_group.py for tasks to queue
[2024-03-02T09:55:30.969-0300] {logging_mixin.py:188} INFO - [2024-03-02T09:55:30.969-0300] {dagbag.py:540} INFO - Filling up the DagBag from /home/victor/Área de Trabalho/airflow/venv/lib/python3.10/site-packages/airflow/example_dags/example_task_group.py
[2024-03-02T09:55:30.976-0300] {processor.py:840} INFO - DAG(s) 'example_task_group' retrieved from /home/victor/Área de Trabalho/airflow/venv/lib/python3.10/site-packages/airflow/example_dags/example_task_group.py
[2024-03-02T09:55:31.007-0300] {logging_mixin.py:188} INFO - [2024-03-02T09:55:31.007-0300] {dag.py:3047} INFO - Sync 1 DAGs
[2024-03-02T09:55:31.031-0300] {logging_mixin.py:188} INFO - [2024-03-02T09:55:31.031-0300] {dag.py:3834} INFO - Setting next_dagrun for example_task_group to 2024-03-01 00:00:00+00:00, run_after=2024-03-02 00:00:00+00:00
[2024-03-02T09:55:31.050-0300] {processor.py:183} INFO - Processing /home/victor/Área de Trabalho/airflow/venv/lib/python3.10/site-packages/airflow/example_dags/example_task_group.py took 0.085 seconds
[2024-03-02T09:56:01.455-0300] {processor.py:161} INFO - Started process (PID=25647) to work on /home/victor/Área de Trabalho/airflow/venv/lib/python3.10/site-packages/airflow/example_dags/example_task_group.py
[2024-03-02T09:56:01.456-0300] {processor.py:830} INFO - Processing file /home/victor/Área de Trabalho/airflow/venv/lib/python3.10/site-packages/airflow/example_dags/example_task_group.py for tasks to queue
[2024-03-02T09:56:01.457-0300] {logging_mixin.py:188} INFO - [2024-03-02T09:56:01.456-0300] {dagbag.py:540} INFO - Filling up the DagBag from /home/victor/Área de Trabalho/airflow/venv/lib/python3.10/site-packages/airflow/example_dags/example_task_group.py
[2024-03-02T09:56:01.463-0300] {processor.py:840} INFO - DAG(s) 'example_task_group' retrieved from /home/victor/Área de Trabalho/airflow/venv/lib/python3.10/site-packages/airflow/example_dags/example_task_group.py
[2024-03-02T09:56:01.500-0300] {logging_mixin.py:188} INFO - [2024-03-02T09:56:01.499-0300] {dag.py:3047} INFO - Sync 1 DAGs
[2024-03-02T09:56:01.521-0300] {logging_mixin.py:188} INFO - [2024-03-02T09:56:01.521-0300] {dag.py:3834} INFO - Setting next_dagrun for example_task_group to 2024-03-01 00:00:00+00:00, run_after=2024-03-02 00:00:00+00:00
[2024-03-02T09:56:01.540-0300] {processor.py:183} INFO - Processing /home/victor/Área de Trabalho/airflow/venv/lib/python3.10/site-packages/airflow/example_dags/example_task_group.py took 0.087 seconds
[2024-03-02T09:56:31.702-0300] {processor.py:161} INFO - Started process (PID=25967) to work on /home/victor/Área de Trabalho/airflow/venv/lib/python3.10/site-packages/airflow/example_dags/example_task_group.py
[2024-03-02T09:56:31.703-0300] {processor.py:830} INFO - Processing file /home/victor/Área de Trabalho/airflow/venv/lib/python3.10/site-packages/airflow/example_dags/example_task_group.py for tasks to queue
[2024-03-02T09:56:31.704-0300] {logging_mixin.py:188} INFO - [2024-03-02T09:56:31.703-0300] {dagbag.py:540} INFO - Filling up the DagBag from /home/victor/Área de Trabalho/airflow/venv/lib/python3.10/site-packages/airflow/example_dags/example_task_group.py
[2024-03-02T09:56:31.710-0300] {processor.py:840} INFO - DAG(s) 'example_task_group' retrieved from /home/victor/Área de Trabalho/airflow/venv/lib/python3.10/site-packages/airflow/example_dags/example_task_group.py
[2024-03-02T09:56:31.737-0300] {logging_mixin.py:188} INFO - [2024-03-02T09:56:31.736-0300] {dag.py:3047} INFO - Sync 1 DAGs
[2024-03-02T09:56:31.758-0300] {logging_mixin.py:188} INFO - [2024-03-02T09:56:31.757-0300] {dag.py:3834} INFO - Setting next_dagrun for example_task_group to 2024-03-01 00:00:00+00:00, run_after=2024-03-02 00:00:00+00:00
[2024-03-02T09:56:31.776-0300] {processor.py:183} INFO - Processing /home/victor/Área de Trabalho/airflow/venv/lib/python3.10/site-packages/airflow/example_dags/example_task_group.py took 0.077 seconds
[2024-03-02T09:57:01.932-0300] {processor.py:161} INFO - Started process (PID=26443) to work on /home/victor/Área de Trabalho/airflow/venv/lib/python3.10/site-packages/airflow/example_dags/example_task_group.py
[2024-03-02T09:57:01.933-0300] {processor.py:830} INFO - Processing file /home/victor/Área de Trabalho/airflow/venv/lib/python3.10/site-packages/airflow/example_dags/example_task_group.py for tasks to queue
[2024-03-02T09:57:01.933-0300] {logging_mixin.py:188} INFO - [2024-03-02T09:57:01.933-0300] {dagbag.py:540} INFO - Filling up the DagBag from /home/victor/Área de Trabalho/airflow/venv/lib/python3.10/site-packages/airflow/example_dags/example_task_group.py
[2024-03-02T09:57:01.940-0300] {processor.py:840} INFO - DAG(s) 'example_task_group' retrieved from /home/victor/Área de Trabalho/airflow/venv/lib/python3.10/site-packages/airflow/example_dags/example_task_group.py
[2024-03-02T09:57:01.966-0300] {logging_mixin.py:188} INFO - [2024-03-02T09:57:01.966-0300] {dag.py:3047} INFO - Sync 1 DAGs
[2024-03-02T09:57:01.987-0300] {logging_mixin.py:188} INFO - [2024-03-02T09:57:01.987-0300] {dag.py:3834} INFO - Setting next_dagrun for example_task_group to 2024-03-01 00:00:00+00:00, run_after=2024-03-02 00:00:00+00:00
[2024-03-02T09:57:02.005-0300] {processor.py:183} INFO - Processing /home/victor/Área de Trabalho/airflow/venv/lib/python3.10/site-packages/airflow/example_dags/example_task_group.py took 0.076 seconds
[2024-03-02T09:57:32.539-0300] {processor.py:161} INFO - Started process (PID=26930) to work on /home/victor/Área de Trabalho/airflow/venv/lib/python3.10/site-packages/airflow/example_dags/example_task_group.py
[2024-03-02T09:57:32.540-0300] {processor.py:830} INFO - Processing file /home/victor/Área de Trabalho/airflow/venv/lib/python3.10/site-packages/airflow/example_dags/example_task_group.py for tasks to queue
[2024-03-02T09:57:32.541-0300] {logging_mixin.py:188} INFO - [2024-03-02T09:57:32.541-0300] {dagbag.py:540} INFO - Filling up the DagBag from /home/victor/Área de Trabalho/airflow/venv/lib/python3.10/site-packages/airflow/example_dags/example_task_group.py
[2024-03-02T09:57:32.548-0300] {processor.py:840} INFO - DAG(s) 'example_task_group' retrieved from /home/victor/Área de Trabalho/airflow/venv/lib/python3.10/site-packages/airflow/example_dags/example_task_group.py
[2024-03-02T09:57:32.576-0300] {logging_mixin.py:188} INFO - [2024-03-02T09:57:32.575-0300] {dag.py:3047} INFO - Sync 1 DAGs
[2024-03-02T09:57:32.597-0300] {logging_mixin.py:188} INFO - [2024-03-02T09:57:32.597-0300] {dag.py:3834} INFO - Setting next_dagrun for example_task_group to 2024-03-01 00:00:00+00:00, run_after=2024-03-02 00:00:00+00:00
[2024-03-02T09:57:32.616-0300] {processor.py:183} INFO - Processing /home/victor/Área de Trabalho/airflow/venv/lib/python3.10/site-packages/airflow/example_dags/example_task_group.py took 0.080 seconds
[2024-03-02T09:58:02.983-0300] {processor.py:161} INFO - Started process (PID=27451) to work on /home/victor/Área de Trabalho/airflow/venv/lib/python3.10/site-packages/airflow/example_dags/example_task_group.py
[2024-03-02T09:58:02.983-0300] {processor.py:830} INFO - Processing file /home/victor/Área de Trabalho/airflow/venv/lib/python3.10/site-packages/airflow/example_dags/example_task_group.py for tasks to queue
[2024-03-02T09:58:02.985-0300] {logging_mixin.py:188} INFO - [2024-03-02T09:58:02.984-0300] {dagbag.py:540} INFO - Filling up the DagBag from /home/victor/Área de Trabalho/airflow/venv/lib/python3.10/site-packages/airflow/example_dags/example_task_group.py
[2024-03-02T09:58:02.993-0300] {processor.py:840} INFO - DAG(s) 'example_task_group' retrieved from /home/victor/Área de Trabalho/airflow/venv/lib/python3.10/site-packages/airflow/example_dags/example_task_group.py
[2024-03-02T09:58:03.028-0300] {logging_mixin.py:188} INFO - [2024-03-02T09:58:03.027-0300] {dag.py:3047} INFO - Sync 1 DAGs
[2024-03-02T09:58:03.050-0300] {logging_mixin.py:188} INFO - [2024-03-02T09:58:03.050-0300] {dag.py:3834} INFO - Setting next_dagrun for example_task_group to 2024-03-01 00:00:00+00:00, run_after=2024-03-02 00:00:00+00:00
[2024-03-02T09:58:03.074-0300] {processor.py:183} INFO - Processing /home/victor/Área de Trabalho/airflow/venv/lib/python3.10/site-packages/airflow/example_dags/example_task_group.py took 0.095 seconds
[2024-03-02T09:58:33.587-0300] {processor.py:161} INFO - Started process (PID=28481) to work on /home/victor/Área de Trabalho/airflow/venv/lib/python3.10/site-packages/airflow/example_dags/example_task_group.py
[2024-03-02T09:58:33.588-0300] {processor.py:830} INFO - Processing file /home/victor/Área de Trabalho/airflow/venv/lib/python3.10/site-packages/airflow/example_dags/example_task_group.py for tasks to queue
[2024-03-02T09:58:33.589-0300] {logging_mixin.py:188} INFO - [2024-03-02T09:58:33.589-0300] {dagbag.py:540} INFO - Filling up the DagBag from /home/victor/Área de Trabalho/airflow/venv/lib/python3.10/site-packages/airflow/example_dags/example_task_group.py
[2024-03-02T09:58:33.596-0300] {processor.py:840} INFO - DAG(s) 'example_task_group' retrieved from /home/victor/Área de Trabalho/airflow/venv/lib/python3.10/site-packages/airflow/example_dags/example_task_group.py
[2024-03-02T09:58:33.624-0300] {logging_mixin.py:188} INFO - [2024-03-02T09:58:33.624-0300] {dag.py:3047} INFO - Sync 1 DAGs
[2024-03-02T09:58:33.645-0300] {logging_mixin.py:188} INFO - [2024-03-02T09:58:33.644-0300] {dag.py:3834} INFO - Setting next_dagrun for example_task_group to 2024-03-01 00:00:00+00:00, run_after=2024-03-02 00:00:00+00:00
[2024-03-02T09:58:33.666-0300] {processor.py:183} INFO - Processing /home/victor/Área de Trabalho/airflow/venv/lib/python3.10/site-packages/airflow/example_dags/example_task_group.py took 0.081 seconds
[2024-03-02T09:59:04.196-0300] {processor.py:161} INFO - Started process (PID=29357) to work on /home/victor/Área de Trabalho/airflow/venv/lib/python3.10/site-packages/airflow/example_dags/example_task_group.py
[2024-03-02T09:59:04.197-0300] {processor.py:830} INFO - Processing file /home/victor/Área de Trabalho/airflow/venv/lib/python3.10/site-packages/airflow/example_dags/example_task_group.py for tasks to queue
[2024-03-02T09:59:04.197-0300] {logging_mixin.py:188} INFO - [2024-03-02T09:59:04.197-0300] {dagbag.py:540} INFO - Filling up the DagBag from /home/victor/Área de Trabalho/airflow/venv/lib/python3.10/site-packages/airflow/example_dags/example_task_group.py
[2024-03-02T09:59:04.204-0300] {processor.py:840} INFO - DAG(s) 'example_task_group' retrieved from /home/victor/Área de Trabalho/airflow/venv/lib/python3.10/site-packages/airflow/example_dags/example_task_group.py
[2024-03-02T09:59:04.231-0300] {logging_mixin.py:188} INFO - [2024-03-02T09:59:04.230-0300] {dag.py:3047} INFO - Sync 1 DAGs
[2024-03-02T09:59:04.252-0300] {logging_mixin.py:188} INFO - [2024-03-02T09:59:04.252-0300] {dag.py:3834} INFO - Setting next_dagrun for example_task_group to 2024-03-01 00:00:00+00:00, run_after=2024-03-02 00:00:00+00:00
[2024-03-02T09:59:04.273-0300] {processor.py:183} INFO - Processing /home/victor/Área de Trabalho/airflow/venv/lib/python3.10/site-packages/airflow/example_dags/example_task_group.py took 0.080 seconds
