[2024-03-02T09:36:59.563-0300] {processor.py:161} INFO - Started process (PID=7995) to work on /home/victor/Área de Trabalho/airflow/venv/lib/python3.10/site-packages/airflow/example_dags/example_dynamic_task_mapping.py
[2024-03-02T09:36:59.564-0300] {processor.py:830} INFO - Processing file /home/victor/Área de Trabalho/airflow/venv/lib/python3.10/site-packages/airflow/example_dags/example_dynamic_task_mapping.py for tasks to queue
[2024-03-02T09:36:59.565-0300] {logging_mixin.py:188} INFO - [2024-03-02T09:36:59.565-0300] {dagbag.py:540} INFO - Filling up the DagBag from /home/victor/Área de Trabalho/airflow/venv/lib/python3.10/site-packages/airflow/example_dags/example_dynamic_task_mapping.py
[2024-03-02T09:36:59.575-0300] {processor.py:840} INFO - DAG(s) 'example_dynamic_task_mapping' retrieved from /home/victor/Área de Trabalho/airflow/venv/lib/python3.10/site-packages/airflow/example_dags/example_dynamic_task_mapping.py
[2024-03-02T09:36:59.600-0300] {logging_mixin.py:188} INFO - [2024-03-02T09:36:59.600-0300] {dag.py:3047} INFO - Sync 1 DAGs
[2024-03-02T09:36:59.626-0300] {logging_mixin.py:188} INFO - [2024-03-02T09:36:59.626-0300] {dag.py:3834} INFO - Setting next_dagrun for example_dynamic_task_mapping to 2022-03-04 00:00:00+00:00, run_after=2022-03-05 00:00:00+00:00
[2024-03-02T09:36:59.648-0300] {processor.py:183} INFO - Processing /home/victor/Área de Trabalho/airflow/venv/lib/python3.10/site-packages/airflow/example_dags/example_dynamic_task_mapping.py took 0.087 seconds
[2024-03-02T09:37:31.236-0300] {processor.py:161} INFO - Started process (PID=9434) to work on /home/victor/Área de Trabalho/airflow/venv/lib/python3.10/site-packages/airflow/example_dags/example_dynamic_task_mapping.py
[2024-03-02T09:37:31.237-0300] {processor.py:830} INFO - Processing file /home/victor/Área de Trabalho/airflow/venv/lib/python3.10/site-packages/airflow/example_dags/example_dynamic_task_mapping.py for tasks to queue
[2024-03-02T09:37:31.238-0300] {logging_mixin.py:188} INFO - [2024-03-02T09:37:31.238-0300] {dagbag.py:540} INFO - Filling up the DagBag from /home/victor/Área de Trabalho/airflow/venv/lib/python3.10/site-packages/airflow/example_dags/example_dynamic_task_mapping.py
[2024-03-02T09:37:31.245-0300] {processor.py:840} INFO - DAG(s) 'example_dynamic_task_mapping' retrieved from /home/victor/Área de Trabalho/airflow/venv/lib/python3.10/site-packages/airflow/example_dags/example_dynamic_task_mapping.py
[2024-03-02T09:37:31.363-0300] {logging_mixin.py:188} INFO - [2024-03-02T09:37:31.363-0300] {dag.py:3047} INFO - Sync 1 DAGs
[2024-03-02T09:37:31.382-0300] {logging_mixin.py:188} INFO - [2024-03-02T09:37:31.382-0300] {dag.py:3834} INFO - Setting next_dagrun for example_dynamic_task_mapping to 2022-03-04 00:00:00+00:00, run_after=2022-03-05 00:00:00+00:00
[2024-03-02T09:37:31.400-0300] {processor.py:183} INFO - Processing /home/victor/Área de Trabalho/airflow/venv/lib/python3.10/site-packages/airflow/example_dags/example_dynamic_task_mapping.py took 0.167 seconds
[2024-03-02T09:38:02.211-0300] {processor.py:161} INFO - Started process (PID=10072) to work on /home/victor/Área de Trabalho/airflow/venv/lib/python3.10/site-packages/airflow/example_dags/example_dynamic_task_mapping.py
[2024-03-02T09:38:02.211-0300] {processor.py:830} INFO - Processing file /home/victor/Área de Trabalho/airflow/venv/lib/python3.10/site-packages/airflow/example_dags/example_dynamic_task_mapping.py for tasks to queue
[2024-03-02T09:38:02.212-0300] {logging_mixin.py:188} INFO - [2024-03-02T09:38:02.212-0300] {dagbag.py:540} INFO - Filling up the DagBag from /home/victor/Área de Trabalho/airflow/venv/lib/python3.10/site-packages/airflow/example_dags/example_dynamic_task_mapping.py
[2024-03-02T09:38:02.217-0300] {processor.py:840} INFO - DAG(s) 'example_dynamic_task_mapping' retrieved from /home/victor/Área de Trabalho/airflow/venv/lib/python3.10/site-packages/airflow/example_dags/example_dynamic_task_mapping.py
[2024-03-02T09:38:02.240-0300] {logging_mixin.py:188} INFO - [2024-03-02T09:38:02.240-0300] {dag.py:3047} INFO - Sync 1 DAGs
[2024-03-02T09:38:02.259-0300] {logging_mixin.py:188} INFO - [2024-03-02T09:38:02.259-0300] {dag.py:3834} INFO - Setting next_dagrun for example_dynamic_task_mapping to 2022-03-04 00:00:00+00:00, run_after=2022-03-05 00:00:00+00:00
[2024-03-02T09:38:02.278-0300] {processor.py:183} INFO - Processing /home/victor/Área de Trabalho/airflow/venv/lib/python3.10/site-packages/airflow/example_dags/example_dynamic_task_mapping.py took 0.070 seconds
[2024-03-02T09:38:32.552-0300] {processor.py:161} INFO - Started process (PID=10385) to work on /home/victor/Área de Trabalho/airflow/venv/lib/python3.10/site-packages/airflow/example_dags/example_dynamic_task_mapping.py
[2024-03-02T09:38:32.553-0300] {processor.py:830} INFO - Processing file /home/victor/Área de Trabalho/airflow/venv/lib/python3.10/site-packages/airflow/example_dags/example_dynamic_task_mapping.py for tasks to queue
[2024-03-02T09:38:32.554-0300] {logging_mixin.py:188} INFO - [2024-03-02T09:38:32.554-0300] {dagbag.py:540} INFO - Filling up the DagBag from /home/victor/Área de Trabalho/airflow/venv/lib/python3.10/site-packages/airflow/example_dags/example_dynamic_task_mapping.py
[2024-03-02T09:38:32.560-0300] {processor.py:840} INFO - DAG(s) 'example_dynamic_task_mapping' retrieved from /home/victor/Área de Trabalho/airflow/venv/lib/python3.10/site-packages/airflow/example_dags/example_dynamic_task_mapping.py
[2024-03-02T09:38:32.584-0300] {logging_mixin.py:188} INFO - [2024-03-02T09:38:32.584-0300] {dag.py:3047} INFO - Sync 1 DAGs
[2024-03-02T09:38:32.605-0300] {logging_mixin.py:188} INFO - [2024-03-02T09:38:32.604-0300] {dag.py:3834} INFO - Setting next_dagrun for example_dynamic_task_mapping to 2022-03-04 00:00:00+00:00, run_after=2022-03-05 00:00:00+00:00
[2024-03-02T09:38:32.624-0300] {processor.py:183} INFO - Processing /home/victor/Área de Trabalho/airflow/venv/lib/python3.10/site-packages/airflow/example_dags/example_dynamic_task_mapping.py took 0.075 seconds
[2024-03-02T09:39:03.984-0300] {processor.py:161} INFO - Started process (PID=10964) to work on /home/victor/Área de Trabalho/airflow/venv/lib/python3.10/site-packages/airflow/example_dags/example_dynamic_task_mapping.py
[2024-03-02T09:39:03.986-0300] {processor.py:830} INFO - Processing file /home/victor/Área de Trabalho/airflow/venv/lib/python3.10/site-packages/airflow/example_dags/example_dynamic_task_mapping.py for tasks to queue
[2024-03-02T09:39:03.986-0300] {logging_mixin.py:188} INFO - [2024-03-02T09:39:03.986-0300] {dagbag.py:540} INFO - Filling up the DagBag from /home/victor/Área de Trabalho/airflow/venv/lib/python3.10/site-packages/airflow/example_dags/example_dynamic_task_mapping.py
[2024-03-02T09:39:03.992-0300] {processor.py:840} INFO - DAG(s) 'example_dynamic_task_mapping' retrieved from /home/victor/Área de Trabalho/airflow/venv/lib/python3.10/site-packages/airflow/example_dags/example_dynamic_task_mapping.py
[2024-03-02T09:39:04.017-0300] {logging_mixin.py:188} INFO - [2024-03-02T09:39:04.017-0300] {dag.py:3047} INFO - Sync 1 DAGs
[2024-03-02T09:39:04.039-0300] {logging_mixin.py:188} INFO - [2024-03-02T09:39:04.039-0300] {dag.py:3834} INFO - Setting next_dagrun for example_dynamic_task_mapping to 2022-03-04 00:00:00+00:00, run_after=2022-03-05 00:00:00+00:00
[2024-03-02T09:39:04.058-0300] {processor.py:183} INFO - Processing /home/victor/Área de Trabalho/airflow/venv/lib/python3.10/site-packages/airflow/example_dags/example_dynamic_task_mapping.py took 0.078 seconds
[2024-03-02T09:39:35.136-0300] {processor.py:161} INFO - Started process (PID=11541) to work on /home/victor/Área de Trabalho/airflow/venv/lib/python3.10/site-packages/airflow/example_dags/example_dynamic_task_mapping.py
[2024-03-02T09:39:35.137-0300] {processor.py:830} INFO - Processing file /home/victor/Área de Trabalho/airflow/venv/lib/python3.10/site-packages/airflow/example_dags/example_dynamic_task_mapping.py for tasks to queue
[2024-03-02T09:39:35.138-0300] {logging_mixin.py:188} INFO - [2024-03-02T09:39:35.137-0300] {dagbag.py:540} INFO - Filling up the DagBag from /home/victor/Área de Trabalho/airflow/venv/lib/python3.10/site-packages/airflow/example_dags/example_dynamic_task_mapping.py
[2024-03-02T09:39:35.143-0300] {processor.py:840} INFO - DAG(s) 'example_dynamic_task_mapping' retrieved from /home/victor/Área de Trabalho/airflow/venv/lib/python3.10/site-packages/airflow/example_dags/example_dynamic_task_mapping.py
[2024-03-02T09:39:35.166-0300] {logging_mixin.py:188} INFO - [2024-03-02T09:39:35.166-0300] {dag.py:3047} INFO - Sync 1 DAGs
[2024-03-02T09:39:35.187-0300] {logging_mixin.py:188} INFO - [2024-03-02T09:39:35.186-0300] {dag.py:3834} INFO - Setting next_dagrun for example_dynamic_task_mapping to 2022-03-04 00:00:00+00:00, run_after=2022-03-05 00:00:00+00:00
[2024-03-02T09:39:35.205-0300] {processor.py:183} INFO - Processing /home/victor/Área de Trabalho/airflow/venv/lib/python3.10/site-packages/airflow/example_dags/example_dynamic_task_mapping.py took 0.072 seconds
[2024-03-02T09:40:06.467-0300] {processor.py:161} INFO - Started process (PID=12018) to work on /home/victor/Área de Trabalho/airflow/venv/lib/python3.10/site-packages/airflow/example_dags/example_dynamic_task_mapping.py
[2024-03-02T09:40:06.468-0300] {processor.py:830} INFO - Processing file /home/victor/Área de Trabalho/airflow/venv/lib/python3.10/site-packages/airflow/example_dags/example_dynamic_task_mapping.py for tasks to queue
[2024-03-02T09:40:06.469-0300] {logging_mixin.py:188} INFO - [2024-03-02T09:40:06.469-0300] {dagbag.py:540} INFO - Filling up the DagBag from /home/victor/Área de Trabalho/airflow/venv/lib/python3.10/site-packages/airflow/example_dags/example_dynamic_task_mapping.py
[2024-03-02T09:40:06.474-0300] {processor.py:840} INFO - DAG(s) 'example_dynamic_task_mapping' retrieved from /home/victor/Área de Trabalho/airflow/venv/lib/python3.10/site-packages/airflow/example_dags/example_dynamic_task_mapping.py
[2024-03-02T09:40:06.500-0300] {logging_mixin.py:188} INFO - [2024-03-02T09:40:06.500-0300] {dag.py:3047} INFO - Sync 1 DAGs
[2024-03-02T09:40:06.521-0300] {logging_mixin.py:188} INFO - [2024-03-02T09:40:06.521-0300] {dag.py:3834} INFO - Setting next_dagrun for example_dynamic_task_mapping to 2022-03-04 00:00:00+00:00, run_after=2022-03-05 00:00:00+00:00
[2024-03-02T09:40:06.538-0300] {processor.py:183} INFO - Processing /home/victor/Área de Trabalho/airflow/venv/lib/python3.10/site-packages/airflow/example_dags/example_dynamic_task_mapping.py took 0.074 seconds
[2024-03-02T09:40:37.914-0300] {processor.py:161} INFO - Started process (PID=12395) to work on /home/victor/Área de Trabalho/airflow/venv/lib/python3.10/site-packages/airflow/example_dags/example_dynamic_task_mapping.py
[2024-03-02T09:40:37.915-0300] {processor.py:830} INFO - Processing file /home/victor/Área de Trabalho/airflow/venv/lib/python3.10/site-packages/airflow/example_dags/example_dynamic_task_mapping.py for tasks to queue
[2024-03-02T09:40:37.916-0300] {logging_mixin.py:188} INFO - [2024-03-02T09:40:37.916-0300] {dagbag.py:540} INFO - Filling up the DagBag from /home/victor/Área de Trabalho/airflow/venv/lib/python3.10/site-packages/airflow/example_dags/example_dynamic_task_mapping.py
[2024-03-02T09:40:37.923-0300] {processor.py:840} INFO - DAG(s) 'example_dynamic_task_mapping' retrieved from /home/victor/Área de Trabalho/airflow/venv/lib/python3.10/site-packages/airflow/example_dags/example_dynamic_task_mapping.py
[2024-03-02T09:40:37.951-0300] {logging_mixin.py:188} INFO - [2024-03-02T09:40:37.951-0300] {dag.py:3047} INFO - Sync 1 DAGs
[2024-03-02T09:40:37.974-0300] {logging_mixin.py:188} INFO - [2024-03-02T09:40:37.974-0300] {dag.py:3834} INFO - Setting next_dagrun for example_dynamic_task_mapping to 2022-03-04 00:00:00+00:00, run_after=2022-03-05 00:00:00+00:00
[2024-03-02T09:40:37.997-0300] {processor.py:183} INFO - Processing /home/victor/Área de Trabalho/airflow/venv/lib/python3.10/site-packages/airflow/example_dags/example_dynamic_task_mapping.py took 0.086 seconds
[2024-03-02T09:41:08.988-0300] {processor.py:161} INFO - Started process (PID=12871) to work on /home/victor/Área de Trabalho/airflow/venv/lib/python3.10/site-packages/airflow/example_dags/example_dynamic_task_mapping.py
[2024-03-02T09:41:08.989-0300] {processor.py:830} INFO - Processing file /home/victor/Área de Trabalho/airflow/venv/lib/python3.10/site-packages/airflow/example_dags/example_dynamic_task_mapping.py for tasks to queue
[2024-03-02T09:41:08.990-0300] {logging_mixin.py:188} INFO - [2024-03-02T09:41:08.990-0300] {dagbag.py:540} INFO - Filling up the DagBag from /home/victor/Área de Trabalho/airflow/venv/lib/python3.10/site-packages/airflow/example_dags/example_dynamic_task_mapping.py
[2024-03-02T09:41:08.998-0300] {processor.py:840} INFO - DAG(s) 'example_dynamic_task_mapping' retrieved from /home/victor/Área de Trabalho/airflow/venv/lib/python3.10/site-packages/airflow/example_dags/example_dynamic_task_mapping.py
[2024-03-02T09:41:09.027-0300] {logging_mixin.py:188} INFO - [2024-03-02T09:41:09.026-0300] {dag.py:3047} INFO - Sync 1 DAGs
[2024-03-02T09:41:09.053-0300] {logging_mixin.py:188} INFO - [2024-03-02T09:41:09.053-0300] {dag.py:3834} INFO - Setting next_dagrun for example_dynamic_task_mapping to 2022-03-04 00:00:00+00:00, run_after=2022-03-05 00:00:00+00:00
[2024-03-02T09:41:09.075-0300] {processor.py:183} INFO - Processing /home/victor/Área de Trabalho/airflow/venv/lib/python3.10/site-packages/airflow/example_dags/example_dynamic_task_mapping.py took 0.090 seconds
[2024-03-02T09:41:39.689-0300] {processor.py:161} INFO - Started process (PID=13186) to work on /home/victor/Área de Trabalho/airflow/venv/lib/python3.10/site-packages/airflow/example_dags/example_dynamic_task_mapping.py
[2024-03-02T09:41:39.690-0300] {processor.py:830} INFO - Processing file /home/victor/Área de Trabalho/airflow/venv/lib/python3.10/site-packages/airflow/example_dags/example_dynamic_task_mapping.py for tasks to queue
[2024-03-02T09:41:39.691-0300] {logging_mixin.py:188} INFO - [2024-03-02T09:41:39.691-0300] {dagbag.py:540} INFO - Filling up the DagBag from /home/victor/Área de Trabalho/airflow/venv/lib/python3.10/site-packages/airflow/example_dags/example_dynamic_task_mapping.py
[2024-03-02T09:41:39.700-0300] {processor.py:840} INFO - DAG(s) 'example_dynamic_task_mapping' retrieved from /home/victor/Área de Trabalho/airflow/venv/lib/python3.10/site-packages/airflow/example_dags/example_dynamic_task_mapping.py
[2024-03-02T09:41:39.737-0300] {logging_mixin.py:188} INFO - [2024-03-02T09:41:39.737-0300] {dag.py:3047} INFO - Sync 1 DAGs
[2024-03-02T09:41:39.760-0300] {logging_mixin.py:188} INFO - [2024-03-02T09:41:39.759-0300] {dag.py:3834} INFO - Setting next_dagrun for example_dynamic_task_mapping to 2022-03-04 00:00:00+00:00, run_after=2022-03-05 00:00:00+00:00
[2024-03-02T09:41:39.780-0300] {processor.py:183} INFO - Processing /home/victor/Área de Trabalho/airflow/venv/lib/python3.10/site-packages/airflow/example_dags/example_dynamic_task_mapping.py took 0.094 seconds
[2024-03-02T09:42:10.569-0300] {processor.py:161} INFO - Started process (PID=13828) to work on /home/victor/Área de Trabalho/airflow/venv/lib/python3.10/site-packages/airflow/example_dags/example_dynamic_task_mapping.py
[2024-03-02T09:42:10.570-0300] {processor.py:830} INFO - Processing file /home/victor/Área de Trabalho/airflow/venv/lib/python3.10/site-packages/airflow/example_dags/example_dynamic_task_mapping.py for tasks to queue
[2024-03-02T09:42:10.571-0300] {logging_mixin.py:188} INFO - [2024-03-02T09:42:10.571-0300] {dagbag.py:540} INFO - Filling up the DagBag from /home/victor/Área de Trabalho/airflow/venv/lib/python3.10/site-packages/airflow/example_dags/example_dynamic_task_mapping.py
[2024-03-02T09:42:10.578-0300] {processor.py:840} INFO - DAG(s) 'example_dynamic_task_mapping' retrieved from /home/victor/Área de Trabalho/airflow/venv/lib/python3.10/site-packages/airflow/example_dags/example_dynamic_task_mapping.py
[2024-03-02T09:42:10.607-0300] {logging_mixin.py:188} INFO - [2024-03-02T09:42:10.606-0300] {dag.py:3047} INFO - Sync 1 DAGs
[2024-03-02T09:42:10.632-0300] {logging_mixin.py:188} INFO - [2024-03-02T09:42:10.632-0300] {dag.py:3834} INFO - Setting next_dagrun for example_dynamic_task_mapping to 2022-03-04 00:00:00+00:00, run_after=2022-03-05 00:00:00+00:00
[2024-03-02T09:42:10.652-0300] {processor.py:183} INFO - Processing /home/victor/Área de Trabalho/airflow/venv/lib/python3.10/site-packages/airflow/example_dags/example_dynamic_task_mapping.py took 0.087 seconds
[2024-03-02T09:42:41.529-0300] {processor.py:161} INFO - Started process (PID=14139) to work on /home/victor/Área de Trabalho/airflow/venv/lib/python3.10/site-packages/airflow/example_dags/example_dynamic_task_mapping.py
[2024-03-02T09:42:41.530-0300] {processor.py:830} INFO - Processing file /home/victor/Área de Trabalho/airflow/venv/lib/python3.10/site-packages/airflow/example_dags/example_dynamic_task_mapping.py for tasks to queue
[2024-03-02T09:42:41.531-0300] {logging_mixin.py:188} INFO - [2024-03-02T09:42:41.530-0300] {dagbag.py:540} INFO - Filling up the DagBag from /home/victor/Área de Trabalho/airflow/venv/lib/python3.10/site-packages/airflow/example_dags/example_dynamic_task_mapping.py
[2024-03-02T09:42:41.538-0300] {processor.py:840} INFO - DAG(s) 'example_dynamic_task_mapping' retrieved from /home/victor/Área de Trabalho/airflow/venv/lib/python3.10/site-packages/airflow/example_dags/example_dynamic_task_mapping.py
[2024-03-02T09:42:41.574-0300] {logging_mixin.py:188} INFO - [2024-03-02T09:42:41.573-0300] {dag.py:3047} INFO - Sync 1 DAGs
[2024-03-02T09:42:41.607-0300] {logging_mixin.py:188} INFO - [2024-03-02T09:42:41.607-0300] {dag.py:3834} INFO - Setting next_dagrun for example_dynamic_task_mapping to 2022-03-04 00:00:00+00:00, run_after=2022-03-05 00:00:00+00:00
[2024-03-02T09:42:41.638-0300] {processor.py:183} INFO - Processing /home/victor/Área de Trabalho/airflow/venv/lib/python3.10/site-packages/airflow/example_dags/example_dynamic_task_mapping.py took 0.114 seconds
[2024-03-02T09:43:12.697-0300] {processor.py:161} INFO - Started process (PID=14620) to work on /home/victor/Área de Trabalho/airflow/venv/lib/python3.10/site-packages/airflow/example_dags/example_dynamic_task_mapping.py
[2024-03-02T09:43:12.698-0300] {processor.py:830} INFO - Processing file /home/victor/Área de Trabalho/airflow/venv/lib/python3.10/site-packages/airflow/example_dags/example_dynamic_task_mapping.py for tasks to queue
[2024-03-02T09:43:12.699-0300] {logging_mixin.py:188} INFO - [2024-03-02T09:43:12.698-0300] {dagbag.py:540} INFO - Filling up the DagBag from /home/victor/Área de Trabalho/airflow/venv/lib/python3.10/site-packages/airflow/example_dags/example_dynamic_task_mapping.py
[2024-03-02T09:43:12.705-0300] {processor.py:840} INFO - DAG(s) 'example_dynamic_task_mapping' retrieved from /home/victor/Área de Trabalho/airflow/venv/lib/python3.10/site-packages/airflow/example_dags/example_dynamic_task_mapping.py
[2024-03-02T09:43:12.736-0300] {logging_mixin.py:188} INFO - [2024-03-02T09:43:12.735-0300] {dag.py:3047} INFO - Sync 1 DAGs
[2024-03-02T09:43:12.761-0300] {logging_mixin.py:188} INFO - [2024-03-02T09:43:12.761-0300] {dag.py:3834} INFO - Setting next_dagrun for example_dynamic_task_mapping to 2022-03-04 00:00:00+00:00, run_after=2022-03-05 00:00:00+00:00
[2024-03-02T09:43:12.792-0300] {processor.py:183} INFO - Processing /home/victor/Área de Trabalho/airflow/venv/lib/python3.10/site-packages/airflow/example_dags/example_dynamic_task_mapping.py took 0.098 seconds
[2024-03-02T09:43:43.248-0300] {processor.py:161} INFO - Started process (PID=14942) to work on /home/victor/Área de Trabalho/airflow/venv/lib/python3.10/site-packages/airflow/example_dags/example_dynamic_task_mapping.py
[2024-03-02T09:43:43.248-0300] {processor.py:830} INFO - Processing file /home/victor/Área de Trabalho/airflow/venv/lib/python3.10/site-packages/airflow/example_dags/example_dynamic_task_mapping.py for tasks to queue
[2024-03-02T09:43:43.249-0300] {logging_mixin.py:188} INFO - [2024-03-02T09:43:43.249-0300] {dagbag.py:540} INFO - Filling up the DagBag from /home/victor/Área de Trabalho/airflow/venv/lib/python3.10/site-packages/airflow/example_dags/example_dynamic_task_mapping.py
[2024-03-02T09:43:43.256-0300] {processor.py:840} INFO - DAG(s) 'example_dynamic_task_mapping' retrieved from /home/victor/Área de Trabalho/airflow/venv/lib/python3.10/site-packages/airflow/example_dags/example_dynamic_task_mapping.py
[2024-03-02T09:43:43.286-0300] {logging_mixin.py:188} INFO - [2024-03-02T09:43:43.285-0300] {dag.py:3047} INFO - Sync 1 DAGs
[2024-03-02T09:43:43.307-0300] {logging_mixin.py:188} INFO - [2024-03-02T09:43:43.307-0300] {dag.py:3834} INFO - Setting next_dagrun for example_dynamic_task_mapping to 2022-03-04 00:00:00+00:00, run_after=2022-03-05 00:00:00+00:00
[2024-03-02T09:43:43.327-0300] {processor.py:183} INFO - Processing /home/victor/Área de Trabalho/airflow/venv/lib/python3.10/site-packages/airflow/example_dags/example_dynamic_task_mapping.py took 0.083 seconds
[2024-03-02T09:44:14.822-0300] {processor.py:161} INFO - Started process (PID=15434) to work on /home/victor/Área de Trabalho/airflow/venv/lib/python3.10/site-packages/airflow/example_dags/example_dynamic_task_mapping.py
[2024-03-02T09:44:14.823-0300] {processor.py:830} INFO - Processing file /home/victor/Área de Trabalho/airflow/venv/lib/python3.10/site-packages/airflow/example_dags/example_dynamic_task_mapping.py for tasks to queue
[2024-03-02T09:44:14.824-0300] {logging_mixin.py:188} INFO - [2024-03-02T09:44:14.824-0300] {dagbag.py:540} INFO - Filling up the DagBag from /home/victor/Área de Trabalho/airflow/venv/lib/python3.10/site-packages/airflow/example_dags/example_dynamic_task_mapping.py
[2024-03-02T09:44:14.830-0300] {processor.py:840} INFO - DAG(s) 'example_dynamic_task_mapping' retrieved from /home/victor/Área de Trabalho/airflow/venv/lib/python3.10/site-packages/airflow/example_dags/example_dynamic_task_mapping.py
[2024-03-02T09:44:14.861-0300] {logging_mixin.py:188} INFO - [2024-03-02T09:44:14.861-0300] {dag.py:3047} INFO - Sync 1 DAGs
[2024-03-02T09:44:14.887-0300] {logging_mixin.py:188} INFO - [2024-03-02T09:44:14.886-0300] {dag.py:3834} INFO - Setting next_dagrun for example_dynamic_task_mapping to 2022-03-04 00:00:00+00:00, run_after=2022-03-05 00:00:00+00:00
[2024-03-02T09:44:14.909-0300] {processor.py:183} INFO - Processing /home/victor/Área de Trabalho/airflow/venv/lib/python3.10/site-packages/airflow/example_dags/example_dynamic_task_mapping.py took 0.089 seconds
[2024-03-02T09:44:45.570-0300] {processor.py:161} INFO - Started process (PID=15755) to work on /home/victor/Área de Trabalho/airflow/venv/lib/python3.10/site-packages/airflow/example_dags/example_dynamic_task_mapping.py
[2024-03-02T09:44:45.570-0300] {processor.py:830} INFO - Processing file /home/victor/Área de Trabalho/airflow/venv/lib/python3.10/site-packages/airflow/example_dags/example_dynamic_task_mapping.py for tasks to queue
[2024-03-02T09:44:45.571-0300] {logging_mixin.py:188} INFO - [2024-03-02T09:44:45.571-0300] {dagbag.py:540} INFO - Filling up the DagBag from /home/victor/Área de Trabalho/airflow/venv/lib/python3.10/site-packages/airflow/example_dags/example_dynamic_task_mapping.py
[2024-03-02T09:44:45.579-0300] {processor.py:840} INFO - DAG(s) 'example_dynamic_task_mapping' retrieved from /home/victor/Área de Trabalho/airflow/venv/lib/python3.10/site-packages/airflow/example_dags/example_dynamic_task_mapping.py
[2024-03-02T09:44:45.607-0300] {logging_mixin.py:188} INFO - [2024-03-02T09:44:45.606-0300] {dag.py:3047} INFO - Sync 1 DAGs
[2024-03-02T09:44:45.629-0300] {logging_mixin.py:188} INFO - [2024-03-02T09:44:45.629-0300] {dag.py:3834} INFO - Setting next_dagrun for example_dynamic_task_mapping to 2022-03-04 00:00:00+00:00, run_after=2022-03-05 00:00:00+00:00
[2024-03-02T09:44:45.648-0300] {processor.py:183} INFO - Processing /home/victor/Área de Trabalho/airflow/venv/lib/python3.10/site-packages/airflow/example_dags/example_dynamic_task_mapping.py took 0.081 seconds
[2024-03-02T09:45:16.680-0300] {processor.py:161} INFO - Started process (PID=16240) to work on /home/victor/Área de Trabalho/airflow/venv/lib/python3.10/site-packages/airflow/example_dags/example_dynamic_task_mapping.py
[2024-03-02T09:45:16.681-0300] {processor.py:830} INFO - Processing file /home/victor/Área de Trabalho/airflow/venv/lib/python3.10/site-packages/airflow/example_dags/example_dynamic_task_mapping.py for tasks to queue
[2024-03-02T09:45:16.684-0300] {logging_mixin.py:188} INFO - [2024-03-02T09:45:16.684-0300] {dagbag.py:540} INFO - Filling up the DagBag from /home/victor/Área de Trabalho/airflow/venv/lib/python3.10/site-packages/airflow/example_dags/example_dynamic_task_mapping.py
[2024-03-02T09:45:16.694-0300] {processor.py:840} INFO - DAG(s) 'example_dynamic_task_mapping' retrieved from /home/victor/Área de Trabalho/airflow/venv/lib/python3.10/site-packages/airflow/example_dags/example_dynamic_task_mapping.py
[2024-03-02T09:45:16.735-0300] {logging_mixin.py:188} INFO - [2024-03-02T09:45:16.734-0300] {dag.py:3047} INFO - Sync 1 DAGs
[2024-03-02T09:45:16.770-0300] {logging_mixin.py:188} INFO - [2024-03-02T09:45:16.769-0300] {dag.py:3834} INFO - Setting next_dagrun for example_dynamic_task_mapping to 2022-03-04 00:00:00+00:00, run_after=2022-03-05 00:00:00+00:00
[2024-03-02T09:45:16.796-0300] {processor.py:183} INFO - Processing /home/victor/Área de Trabalho/airflow/venv/lib/python3.10/site-packages/airflow/example_dags/example_dynamic_task_mapping.py took 0.121 seconds
[2024-03-02T09:45:47.322-0300] {processor.py:161} INFO - Started process (PID=16747) to work on /home/victor/Área de Trabalho/airflow/venv/lib/python3.10/site-packages/airflow/example_dags/example_dynamic_task_mapping.py
[2024-03-02T09:45:47.323-0300] {processor.py:830} INFO - Processing file /home/victor/Área de Trabalho/airflow/venv/lib/python3.10/site-packages/airflow/example_dags/example_dynamic_task_mapping.py for tasks to queue
[2024-03-02T09:45:47.324-0300] {logging_mixin.py:188} INFO - [2024-03-02T09:45:47.323-0300] {dagbag.py:540} INFO - Filling up the DagBag from /home/victor/Área de Trabalho/airflow/venv/lib/python3.10/site-packages/airflow/example_dags/example_dynamic_task_mapping.py
[2024-03-02T09:45:47.330-0300] {processor.py:840} INFO - DAG(s) 'example_dynamic_task_mapping' retrieved from /home/victor/Área de Trabalho/airflow/venv/lib/python3.10/site-packages/airflow/example_dags/example_dynamic_task_mapping.py
[2024-03-02T09:45:47.355-0300] {logging_mixin.py:188} INFO - [2024-03-02T09:45:47.355-0300] {dag.py:3047} INFO - Sync 1 DAGs
[2024-03-02T09:45:47.376-0300] {logging_mixin.py:188} INFO - [2024-03-02T09:45:47.376-0300] {dag.py:3834} INFO - Setting next_dagrun for example_dynamic_task_mapping to 2022-03-04 00:00:00+00:00, run_after=2022-03-05 00:00:00+00:00
[2024-03-02T09:45:47.397-0300] {processor.py:183} INFO - Processing /home/victor/Área de Trabalho/airflow/venv/lib/python3.10/site-packages/airflow/example_dags/example_dynamic_task_mapping.py took 0.078 seconds
[2024-03-02T09:46:19.168-0300] {processor.py:161} INFO - Started process (PID=17230) to work on /home/victor/Área de Trabalho/airflow/venv/lib/python3.10/site-packages/airflow/example_dags/example_dynamic_task_mapping.py
[2024-03-02T09:46:19.169-0300] {processor.py:830} INFO - Processing file /home/victor/Área de Trabalho/airflow/venv/lib/python3.10/site-packages/airflow/example_dags/example_dynamic_task_mapping.py for tasks to queue
[2024-03-02T09:46:19.170-0300] {logging_mixin.py:188} INFO - [2024-03-02T09:46:19.169-0300] {dagbag.py:540} INFO - Filling up the DagBag from /home/victor/Área de Trabalho/airflow/venv/lib/python3.10/site-packages/airflow/example_dags/example_dynamic_task_mapping.py
[2024-03-02T09:46:19.176-0300] {processor.py:840} INFO - DAG(s) 'example_dynamic_task_mapping' retrieved from /home/victor/Área de Trabalho/airflow/venv/lib/python3.10/site-packages/airflow/example_dags/example_dynamic_task_mapping.py
[2024-03-02T09:46:19.203-0300] {logging_mixin.py:188} INFO - [2024-03-02T09:46:19.203-0300] {dag.py:3047} INFO - Sync 1 DAGs
[2024-03-02T09:46:19.234-0300] {logging_mixin.py:188} INFO - [2024-03-02T09:46:19.233-0300] {dag.py:3834} INFO - Setting next_dagrun for example_dynamic_task_mapping to 2022-03-04 00:00:00+00:00, run_after=2022-03-05 00:00:00+00:00
[2024-03-02T09:46:19.255-0300] {processor.py:183} INFO - Processing /home/victor/Área de Trabalho/airflow/venv/lib/python3.10/site-packages/airflow/example_dags/example_dynamic_task_mapping.py took 0.090 seconds
[2024-03-02T09:46:49.614-0300] {processor.py:161} INFO - Started process (PID=17553) to work on /home/victor/Área de Trabalho/airflow/venv/lib/python3.10/site-packages/airflow/example_dags/example_dynamic_task_mapping.py
[2024-03-02T09:46:49.615-0300] {processor.py:830} INFO - Processing file /home/victor/Área de Trabalho/airflow/venv/lib/python3.10/site-packages/airflow/example_dags/example_dynamic_task_mapping.py for tasks to queue
[2024-03-02T09:46:49.615-0300] {logging_mixin.py:188} INFO - [2024-03-02T09:46:49.615-0300] {dagbag.py:540} INFO - Filling up the DagBag from /home/victor/Área de Trabalho/airflow/venv/lib/python3.10/site-packages/airflow/example_dags/example_dynamic_task_mapping.py
[2024-03-02T09:46:49.622-0300] {processor.py:840} INFO - DAG(s) 'example_dynamic_task_mapping' retrieved from /home/victor/Área de Trabalho/airflow/venv/lib/python3.10/site-packages/airflow/example_dags/example_dynamic_task_mapping.py
[2024-03-02T09:46:49.648-0300] {logging_mixin.py:188} INFO - [2024-03-02T09:46:49.648-0300] {dag.py:3047} INFO - Sync 1 DAGs
[2024-03-02T09:46:49.670-0300] {logging_mixin.py:188} INFO - [2024-03-02T09:46:49.670-0300] {dag.py:3834} INFO - Setting next_dagrun for example_dynamic_task_mapping to 2022-03-04 00:00:00+00:00, run_after=2022-03-05 00:00:00+00:00
[2024-03-02T09:46:49.690-0300] {processor.py:183} INFO - Processing /home/victor/Área de Trabalho/airflow/venv/lib/python3.10/site-packages/airflow/example_dags/example_dynamic_task_mapping.py took 0.079 seconds
[2024-03-02T09:47:20.644-0300] {processor.py:161} INFO - Started process (PID=18210) to work on /home/victor/Área de Trabalho/airflow/venv/lib/python3.10/site-packages/airflow/example_dags/example_dynamic_task_mapping.py
[2024-03-02T09:47:20.646-0300] {processor.py:830} INFO - Processing file /home/victor/Área de Trabalho/airflow/venv/lib/python3.10/site-packages/airflow/example_dags/example_dynamic_task_mapping.py for tasks to queue
[2024-03-02T09:47:20.647-0300] {logging_mixin.py:188} INFO - [2024-03-02T09:47:20.646-0300] {dagbag.py:540} INFO - Filling up the DagBag from /home/victor/Área de Trabalho/airflow/venv/lib/python3.10/site-packages/airflow/example_dags/example_dynamic_task_mapping.py
[2024-03-02T09:47:20.652-0300] {processor.py:840} INFO - DAG(s) 'example_dynamic_task_mapping' retrieved from /home/victor/Área de Trabalho/airflow/venv/lib/python3.10/site-packages/airflow/example_dags/example_dynamic_task_mapping.py
[2024-03-02T09:47:20.677-0300] {logging_mixin.py:188} INFO - [2024-03-02T09:47:20.677-0300] {dag.py:3047} INFO - Sync 1 DAGs
[2024-03-02T09:47:20.700-0300] {logging_mixin.py:188} INFO - [2024-03-02T09:47:20.700-0300] {dag.py:3834} INFO - Setting next_dagrun for example_dynamic_task_mapping to 2022-03-04 00:00:00+00:00, run_after=2022-03-05 00:00:00+00:00
[2024-03-02T09:47:20.718-0300] {processor.py:183} INFO - Processing /home/victor/Área de Trabalho/airflow/venv/lib/python3.10/site-packages/airflow/example_dags/example_dynamic_task_mapping.py took 0.077 seconds
[2024-03-02T09:47:51.226-0300] {processor.py:161} INFO - Started process (PID=18531) to work on /home/victor/Área de Trabalho/airflow/venv/lib/python3.10/site-packages/airflow/example_dags/example_dynamic_task_mapping.py
[2024-03-02T09:47:51.227-0300] {processor.py:830} INFO - Processing file /home/victor/Área de Trabalho/airflow/venv/lib/python3.10/site-packages/airflow/example_dags/example_dynamic_task_mapping.py for tasks to queue
[2024-03-02T09:47:51.228-0300] {logging_mixin.py:188} INFO - [2024-03-02T09:47:51.228-0300] {dagbag.py:540} INFO - Filling up the DagBag from /home/victor/Área de Trabalho/airflow/venv/lib/python3.10/site-packages/airflow/example_dags/example_dynamic_task_mapping.py
[2024-03-02T09:47:51.234-0300] {processor.py:840} INFO - DAG(s) 'example_dynamic_task_mapping' retrieved from /home/victor/Área de Trabalho/airflow/venv/lib/python3.10/site-packages/airflow/example_dags/example_dynamic_task_mapping.py
[2024-03-02T09:47:51.263-0300] {logging_mixin.py:188} INFO - [2024-03-02T09:47:51.262-0300] {dag.py:3047} INFO - Sync 1 DAGs
[2024-03-02T09:47:51.283-0300] {logging_mixin.py:188} INFO - [2024-03-02T09:47:51.283-0300] {dag.py:3834} INFO - Setting next_dagrun for example_dynamic_task_mapping to 2022-03-04 00:00:00+00:00, run_after=2022-03-05 00:00:00+00:00
[2024-03-02T09:47:51.305-0300] {processor.py:183} INFO - Processing /home/victor/Área de Trabalho/airflow/venv/lib/python3.10/site-packages/airflow/example_dags/example_dynamic_task_mapping.py took 0.081 seconds
[2024-03-02T09:48:21.911-0300] {processor.py:161} INFO - Started process (PID=19018) to work on /home/victor/Área de Trabalho/airflow/venv/lib/python3.10/site-packages/airflow/example_dags/example_dynamic_task_mapping.py
[2024-03-02T09:48:21.912-0300] {processor.py:830} INFO - Processing file /home/victor/Área de Trabalho/airflow/venv/lib/python3.10/site-packages/airflow/example_dags/example_dynamic_task_mapping.py for tasks to queue
[2024-03-02T09:48:21.913-0300] {logging_mixin.py:188} INFO - [2024-03-02T09:48:21.912-0300] {dagbag.py:540} INFO - Filling up the DagBag from /home/victor/Área de Trabalho/airflow/venv/lib/python3.10/site-packages/airflow/example_dags/example_dynamic_task_mapping.py
[2024-03-02T09:48:21.918-0300] {processor.py:840} INFO - DAG(s) 'example_dynamic_task_mapping' retrieved from /home/victor/Área de Trabalho/airflow/venv/lib/python3.10/site-packages/airflow/example_dags/example_dynamic_task_mapping.py
[2024-03-02T09:48:21.948-0300] {logging_mixin.py:188} INFO - [2024-03-02T09:48:21.948-0300] {dag.py:3047} INFO - Sync 1 DAGs
[2024-03-02T09:48:21.971-0300] {logging_mixin.py:188} INFO - [2024-03-02T09:48:21.971-0300] {dag.py:3834} INFO - Setting next_dagrun for example_dynamic_task_mapping to 2022-03-04 00:00:00+00:00, run_after=2022-03-05 00:00:00+00:00
[2024-03-02T09:48:21.990-0300] {processor.py:183} INFO - Processing /home/victor/Área de Trabalho/airflow/venv/lib/python3.10/site-packages/airflow/example_dags/example_dynamic_task_mapping.py took 0.082 seconds
[2024-03-02T09:48:52.825-0300] {processor.py:161} INFO - Started process (PID=19361) to work on /home/victor/Área de Trabalho/airflow/venv/lib/python3.10/site-packages/airflow/example_dags/example_dynamic_task_mapping.py
[2024-03-02T09:48:52.826-0300] {processor.py:830} INFO - Processing file /home/victor/Área de Trabalho/airflow/venv/lib/python3.10/site-packages/airflow/example_dags/example_dynamic_task_mapping.py for tasks to queue
[2024-03-02T09:48:52.827-0300] {logging_mixin.py:188} INFO - [2024-03-02T09:48:52.826-0300] {dagbag.py:540} INFO - Filling up the DagBag from /home/victor/Área de Trabalho/airflow/venv/lib/python3.10/site-packages/airflow/example_dags/example_dynamic_task_mapping.py
[2024-03-02T09:48:52.835-0300] {processor.py:840} INFO - DAG(s) 'example_dynamic_task_mapping' retrieved from /home/victor/Área de Trabalho/airflow/venv/lib/python3.10/site-packages/airflow/example_dags/example_dynamic_task_mapping.py
[2024-03-02T09:48:52.869-0300] {logging_mixin.py:188} INFO - [2024-03-02T09:48:52.869-0300] {dag.py:3047} INFO - Sync 1 DAGs
[2024-03-02T09:48:52.892-0300] {logging_mixin.py:188} INFO - [2024-03-02T09:48:52.892-0300] {dag.py:3834} INFO - Setting next_dagrun for example_dynamic_task_mapping to 2022-03-04 00:00:00+00:00, run_after=2022-03-05 00:00:00+00:00
[2024-03-02T09:48:52.913-0300] {processor.py:183} INFO - Processing /home/victor/Área de Trabalho/airflow/venv/lib/python3.10/site-packages/airflow/example_dags/example_dynamic_task_mapping.py took 0.092 seconds
[2024-03-02T09:49:23.536-0300] {processor.py:161} INFO - Started process (PID=19845) to work on /home/victor/Área de Trabalho/airflow/venv/lib/python3.10/site-packages/airflow/example_dags/example_dynamic_task_mapping.py
[2024-03-02T09:49:23.537-0300] {processor.py:830} INFO - Processing file /home/victor/Área de Trabalho/airflow/venv/lib/python3.10/site-packages/airflow/example_dags/example_dynamic_task_mapping.py for tasks to queue
[2024-03-02T09:49:23.538-0300] {logging_mixin.py:188} INFO - [2024-03-02T09:49:23.538-0300] {dagbag.py:540} INFO - Filling up the DagBag from /home/victor/Área de Trabalho/airflow/venv/lib/python3.10/site-packages/airflow/example_dags/example_dynamic_task_mapping.py
[2024-03-02T09:49:23.544-0300] {processor.py:840} INFO - DAG(s) 'example_dynamic_task_mapping' retrieved from /home/victor/Área de Trabalho/airflow/venv/lib/python3.10/site-packages/airflow/example_dags/example_dynamic_task_mapping.py
[2024-03-02T09:49:23.570-0300] {logging_mixin.py:188} INFO - [2024-03-02T09:49:23.570-0300] {dag.py:3047} INFO - Sync 1 DAGs
[2024-03-02T09:49:23.592-0300] {logging_mixin.py:188} INFO - [2024-03-02T09:49:23.592-0300] {dag.py:3834} INFO - Setting next_dagrun for example_dynamic_task_mapping to 2022-03-04 00:00:00+00:00, run_after=2022-03-05 00:00:00+00:00
[2024-03-02T09:49:23.613-0300] {processor.py:183} INFO - Processing /home/victor/Área de Trabalho/airflow/venv/lib/python3.10/site-packages/airflow/example_dags/example_dynamic_task_mapping.py took 0.079 seconds
[2024-03-02T09:49:54.172-0300] {processor.py:161} INFO - Started process (PID=20163) to work on /home/victor/Área de Trabalho/airflow/venv/lib/python3.10/site-packages/airflow/example_dags/example_dynamic_task_mapping.py
[2024-03-02T09:49:54.173-0300] {processor.py:830} INFO - Processing file /home/victor/Área de Trabalho/airflow/venv/lib/python3.10/site-packages/airflow/example_dags/example_dynamic_task_mapping.py for tasks to queue
[2024-03-02T09:49:54.174-0300] {logging_mixin.py:188} INFO - [2024-03-02T09:49:54.174-0300] {dagbag.py:540} INFO - Filling up the DagBag from /home/victor/Área de Trabalho/airflow/venv/lib/python3.10/site-packages/airflow/example_dags/example_dynamic_task_mapping.py
[2024-03-02T09:49:54.180-0300] {processor.py:840} INFO - DAG(s) 'example_dynamic_task_mapping' retrieved from /home/victor/Área de Trabalho/airflow/venv/lib/python3.10/site-packages/airflow/example_dags/example_dynamic_task_mapping.py
[2024-03-02T09:49:54.208-0300] {logging_mixin.py:188} INFO - [2024-03-02T09:49:54.208-0300] {dag.py:3047} INFO - Sync 1 DAGs
[2024-03-02T09:49:54.229-0300] {logging_mixin.py:188} INFO - [2024-03-02T09:49:54.229-0300] {dag.py:3834} INFO - Setting next_dagrun for example_dynamic_task_mapping to 2022-03-04 00:00:00+00:00, run_after=2022-03-05 00:00:00+00:00
[2024-03-02T09:49:54.249-0300] {processor.py:183} INFO - Processing /home/victor/Área de Trabalho/airflow/venv/lib/python3.10/site-packages/airflow/example_dags/example_dynamic_task_mapping.py took 0.080 seconds
[2024-03-02T09:50:24.767-0300] {processor.py:161} INFO - Started process (PID=20647) to work on /home/victor/Área de Trabalho/airflow/venv/lib/python3.10/site-packages/airflow/example_dags/example_dynamic_task_mapping.py
[2024-03-02T09:50:24.768-0300] {processor.py:830} INFO - Processing file /home/victor/Área de Trabalho/airflow/venv/lib/python3.10/site-packages/airflow/example_dags/example_dynamic_task_mapping.py for tasks to queue
[2024-03-02T09:50:24.769-0300] {logging_mixin.py:188} INFO - [2024-03-02T09:50:24.769-0300] {dagbag.py:540} INFO - Filling up the DagBag from /home/victor/Área de Trabalho/airflow/venv/lib/python3.10/site-packages/airflow/example_dags/example_dynamic_task_mapping.py
[2024-03-02T09:50:24.775-0300] {processor.py:840} INFO - DAG(s) 'example_dynamic_task_mapping' retrieved from /home/victor/Área de Trabalho/airflow/venv/lib/python3.10/site-packages/airflow/example_dags/example_dynamic_task_mapping.py
[2024-03-02T09:50:24.802-0300] {logging_mixin.py:188} INFO - [2024-03-02T09:50:24.802-0300] {dag.py:3047} INFO - Sync 1 DAGs
[2024-03-02T09:50:24.824-0300] {logging_mixin.py:188} INFO - [2024-03-02T09:50:24.824-0300] {dag.py:3834} INFO - Setting next_dagrun for example_dynamic_task_mapping to 2022-03-04 00:00:00+00:00, run_after=2022-03-05 00:00:00+00:00
[2024-03-02T09:50:24.841-0300] {processor.py:183} INFO - Processing /home/victor/Área de Trabalho/airflow/venv/lib/python3.10/site-packages/airflow/example_dags/example_dynamic_task_mapping.py took 0.077 seconds
[2024-03-02T09:50:56.238-0300] {processor.py:161} INFO - Started process (PID=21002) to work on /home/victor/Área de Trabalho/airflow/venv/lib/python3.10/site-packages/airflow/example_dags/example_dynamic_task_mapping.py
[2024-03-02T09:50:56.239-0300] {processor.py:830} INFO - Processing file /home/victor/Área de Trabalho/airflow/venv/lib/python3.10/site-packages/airflow/example_dags/example_dynamic_task_mapping.py for tasks to queue
[2024-03-02T09:50:56.240-0300] {logging_mixin.py:188} INFO - [2024-03-02T09:50:56.239-0300] {dagbag.py:540} INFO - Filling up the DagBag from /home/victor/Área de Trabalho/airflow/venv/lib/python3.10/site-packages/airflow/example_dags/example_dynamic_task_mapping.py
[2024-03-02T09:50:56.246-0300] {processor.py:840} INFO - DAG(s) 'example_dynamic_task_mapping' retrieved from /home/victor/Área de Trabalho/airflow/venv/lib/python3.10/site-packages/airflow/example_dags/example_dynamic_task_mapping.py
[2024-03-02T09:50:56.274-0300] {logging_mixin.py:188} INFO - [2024-03-02T09:50:56.273-0300] {dag.py:3047} INFO - Sync 1 DAGs
[2024-03-02T09:50:56.296-0300] {logging_mixin.py:188} INFO - [2024-03-02T09:50:56.296-0300] {dag.py:3834} INFO - Setting next_dagrun for example_dynamic_task_mapping to 2022-03-04 00:00:00+00:00, run_after=2022-03-05 00:00:00+00:00
[2024-03-02T09:50:56.320-0300] {processor.py:183} INFO - Processing /home/victor/Área de Trabalho/airflow/venv/lib/python3.10/site-packages/airflow/example_dags/example_dynamic_task_mapping.py took 0.085 seconds
[2024-03-02T09:51:26.943-0300] {processor.py:161} INFO - Started process (PID=21485) to work on /home/victor/Área de Trabalho/airflow/venv/lib/python3.10/site-packages/airflow/example_dags/example_dynamic_task_mapping.py
[2024-03-02T09:51:26.944-0300] {processor.py:830} INFO - Processing file /home/victor/Área de Trabalho/airflow/venv/lib/python3.10/site-packages/airflow/example_dags/example_dynamic_task_mapping.py for tasks to queue
[2024-03-02T09:51:26.944-0300] {logging_mixin.py:188} INFO - [2024-03-02T09:51:26.944-0300] {dagbag.py:540} INFO - Filling up the DagBag from /home/victor/Área de Trabalho/airflow/venv/lib/python3.10/site-packages/airflow/example_dags/example_dynamic_task_mapping.py
[2024-03-02T09:51:26.950-0300] {processor.py:840} INFO - DAG(s) 'example_dynamic_task_mapping' retrieved from /home/victor/Área de Trabalho/airflow/venv/lib/python3.10/site-packages/airflow/example_dags/example_dynamic_task_mapping.py
[2024-03-02T09:51:26.976-0300] {logging_mixin.py:188} INFO - [2024-03-02T09:51:26.976-0300] {dag.py:3047} INFO - Sync 1 DAGs
[2024-03-02T09:51:27.000-0300] {logging_mixin.py:188} INFO - [2024-03-02T09:51:27.000-0300] {dag.py:3834} INFO - Setting next_dagrun for example_dynamic_task_mapping to 2022-03-04 00:00:00+00:00, run_after=2022-03-05 00:00:00+00:00
[2024-03-02T09:51:27.020-0300] {processor.py:183} INFO - Processing /home/victor/Área de Trabalho/airflow/venv/lib/python3.10/site-packages/airflow/example_dags/example_dynamic_task_mapping.py took 0.080 seconds
[2024-03-02T09:51:57.661-0300] {processor.py:161} INFO - Started process (PID=21807) to work on /home/victor/Área de Trabalho/airflow/venv/lib/python3.10/site-packages/airflow/example_dags/example_dynamic_task_mapping.py
[2024-03-02T09:51:57.662-0300] {processor.py:830} INFO - Processing file /home/victor/Área de Trabalho/airflow/venv/lib/python3.10/site-packages/airflow/example_dags/example_dynamic_task_mapping.py for tasks to queue
[2024-03-02T09:51:57.663-0300] {logging_mixin.py:188} INFO - [2024-03-02T09:51:57.663-0300] {dagbag.py:540} INFO - Filling up the DagBag from /home/victor/Área de Trabalho/airflow/venv/lib/python3.10/site-packages/airflow/example_dags/example_dynamic_task_mapping.py
[2024-03-02T09:51:57.674-0300] {processor.py:840} INFO - DAG(s) 'example_dynamic_task_mapping' retrieved from /home/victor/Área de Trabalho/airflow/venv/lib/python3.10/site-packages/airflow/example_dags/example_dynamic_task_mapping.py
[2024-03-02T09:51:57.702-0300] {logging_mixin.py:188} INFO - [2024-03-02T09:51:57.702-0300] {dag.py:3047} INFO - Sync 1 DAGs
[2024-03-02T09:51:57.724-0300] {logging_mixin.py:188} INFO - [2024-03-02T09:51:57.724-0300] {dag.py:3834} INFO - Setting next_dagrun for example_dynamic_task_mapping to 2022-03-04 00:00:00+00:00, run_after=2022-03-05 00:00:00+00:00
[2024-03-02T09:51:57.751-0300] {processor.py:183} INFO - Processing /home/victor/Área de Trabalho/airflow/venv/lib/python3.10/site-packages/airflow/example_dags/example_dynamic_task_mapping.py took 0.092 seconds
[2024-03-02T09:52:28.262-0300] {processor.py:161} INFO - Started process (PID=22452) to work on /home/victor/Área de Trabalho/airflow/venv/lib/python3.10/site-packages/airflow/example_dags/example_dynamic_task_mapping.py
[2024-03-02T09:52:28.263-0300] {processor.py:830} INFO - Processing file /home/victor/Área de Trabalho/airflow/venv/lib/python3.10/site-packages/airflow/example_dags/example_dynamic_task_mapping.py for tasks to queue
[2024-03-02T09:52:28.263-0300] {logging_mixin.py:188} INFO - [2024-03-02T09:52:28.263-0300] {dagbag.py:540} INFO - Filling up the DagBag from /home/victor/Área de Trabalho/airflow/venv/lib/python3.10/site-packages/airflow/example_dags/example_dynamic_task_mapping.py
[2024-03-02T09:52:28.269-0300] {processor.py:840} INFO - DAG(s) 'example_dynamic_task_mapping' retrieved from /home/victor/Área de Trabalho/airflow/venv/lib/python3.10/site-packages/airflow/example_dags/example_dynamic_task_mapping.py
[2024-03-02T09:52:28.293-0300] {logging_mixin.py:188} INFO - [2024-03-02T09:52:28.293-0300] {dag.py:3047} INFO - Sync 1 DAGs
[2024-03-02T09:52:28.315-0300] {logging_mixin.py:188} INFO - [2024-03-02T09:52:28.315-0300] {dag.py:3834} INFO - Setting next_dagrun for example_dynamic_task_mapping to 2022-03-04 00:00:00+00:00, run_after=2022-03-05 00:00:00+00:00
[2024-03-02T09:52:28.333-0300] {processor.py:183} INFO - Processing /home/victor/Área de Trabalho/airflow/venv/lib/python3.10/site-packages/airflow/example_dags/example_dynamic_task_mapping.py took 0.074 seconds
[2024-03-02T09:52:58.825-0300] {processor.py:161} INFO - Started process (PID=22832) to work on /home/victor/Área de Trabalho/airflow/venv/lib/python3.10/site-packages/airflow/example_dags/example_dynamic_task_mapping.py
[2024-03-02T09:52:58.826-0300] {processor.py:830} INFO - Processing file /home/victor/Área de Trabalho/airflow/venv/lib/python3.10/site-packages/airflow/example_dags/example_dynamic_task_mapping.py for tasks to queue
[2024-03-02T09:52:58.827-0300] {logging_mixin.py:188} INFO - [2024-03-02T09:52:58.826-0300] {dagbag.py:540} INFO - Filling up the DagBag from /home/victor/Área de Trabalho/airflow/venv/lib/python3.10/site-packages/airflow/example_dags/example_dynamic_task_mapping.py
[2024-03-02T09:52:58.833-0300] {processor.py:840} INFO - DAG(s) 'example_dynamic_task_mapping' retrieved from /home/victor/Área de Trabalho/airflow/venv/lib/python3.10/site-packages/airflow/example_dags/example_dynamic_task_mapping.py
[2024-03-02T09:52:58.858-0300] {logging_mixin.py:188} INFO - [2024-03-02T09:52:58.858-0300] {dag.py:3047} INFO - Sync 1 DAGs
[2024-03-02T09:52:58.879-0300] {logging_mixin.py:188} INFO - [2024-03-02T09:52:58.879-0300] {dag.py:3834} INFO - Setting next_dagrun for example_dynamic_task_mapping to 2022-03-04 00:00:00+00:00, run_after=2022-03-05 00:00:00+00:00
[2024-03-02T09:52:58.898-0300] {processor.py:183} INFO - Processing /home/victor/Área de Trabalho/airflow/venv/lib/python3.10/site-packages/airflow/example_dags/example_dynamic_task_mapping.py took 0.076 seconds
[2024-03-02T09:53:29.418-0300] {processor.py:161} INFO - Started process (PID=23258) to work on /home/victor/Área de Trabalho/airflow/venv/lib/python3.10/site-packages/airflow/example_dags/example_dynamic_task_mapping.py
[2024-03-02T09:53:29.419-0300] {processor.py:830} INFO - Processing file /home/victor/Área de Trabalho/airflow/venv/lib/python3.10/site-packages/airflow/example_dags/example_dynamic_task_mapping.py for tasks to queue
[2024-03-02T09:53:29.419-0300] {logging_mixin.py:188} INFO - [2024-03-02T09:53:29.419-0300] {dagbag.py:540} INFO - Filling up the DagBag from /home/victor/Área de Trabalho/airflow/venv/lib/python3.10/site-packages/airflow/example_dags/example_dynamic_task_mapping.py
[2024-03-02T09:53:29.425-0300] {processor.py:840} INFO - DAG(s) 'example_dynamic_task_mapping' retrieved from /home/victor/Área de Trabalho/airflow/venv/lib/python3.10/site-packages/airflow/example_dags/example_dynamic_task_mapping.py
[2024-03-02T09:53:29.455-0300] {logging_mixin.py:188} INFO - [2024-03-02T09:53:29.455-0300] {dag.py:3047} INFO - Sync 1 DAGs
[2024-03-02T09:53:29.481-0300] {logging_mixin.py:188} INFO - [2024-03-02T09:53:29.481-0300] {dag.py:3834} INFO - Setting next_dagrun for example_dynamic_task_mapping to 2022-03-04 00:00:00+00:00, run_after=2022-03-05 00:00:00+00:00
[2024-03-02T09:53:29.499-0300] {processor.py:183} INFO - Processing /home/victor/Área de Trabalho/airflow/venv/lib/python3.10/site-packages/airflow/example_dags/example_dynamic_task_mapping.py took 0.085 seconds
[2024-03-02T09:54:00.068-0300] {processor.py:161} INFO - Started process (PID=23740) to work on /home/victor/Área de Trabalho/airflow/venv/lib/python3.10/site-packages/airflow/example_dags/example_dynamic_task_mapping.py
[2024-03-02T09:54:00.069-0300] {processor.py:830} INFO - Processing file /home/victor/Área de Trabalho/airflow/venv/lib/python3.10/site-packages/airflow/example_dags/example_dynamic_task_mapping.py for tasks to queue
[2024-03-02T09:54:00.070-0300] {logging_mixin.py:188} INFO - [2024-03-02T09:54:00.070-0300] {dagbag.py:540} INFO - Filling up the DagBag from /home/victor/Área de Trabalho/airflow/venv/lib/python3.10/site-packages/airflow/example_dags/example_dynamic_task_mapping.py
[2024-03-02T09:54:00.076-0300] {processor.py:840} INFO - DAG(s) 'example_dynamic_task_mapping' retrieved from /home/victor/Área de Trabalho/airflow/venv/lib/python3.10/site-packages/airflow/example_dags/example_dynamic_task_mapping.py
[2024-03-02T09:54:00.105-0300] {logging_mixin.py:188} INFO - [2024-03-02T09:54:00.105-0300] {dag.py:3047} INFO - Sync 1 DAGs
[2024-03-02T09:54:00.133-0300] {logging_mixin.py:188} INFO - [2024-03-02T09:54:00.133-0300] {dag.py:3834} INFO - Setting next_dagrun for example_dynamic_task_mapping to 2022-03-04 00:00:00+00:00, run_after=2022-03-05 00:00:00+00:00
[2024-03-02T09:54:00.156-0300] {processor.py:183} INFO - Processing /home/victor/Área de Trabalho/airflow/venv/lib/python3.10/site-packages/airflow/example_dags/example_dynamic_task_mapping.py took 0.091 seconds
[2024-03-02T09:54:31.262-0300] {processor.py:161} INFO - Started process (PID=24224) to work on /home/victor/Área de Trabalho/airflow/venv/lib/python3.10/site-packages/airflow/example_dags/example_dynamic_task_mapping.py
[2024-03-02T09:54:31.263-0300] {processor.py:830} INFO - Processing file /home/victor/Área de Trabalho/airflow/venv/lib/python3.10/site-packages/airflow/example_dags/example_dynamic_task_mapping.py for tasks to queue
[2024-03-02T09:54:31.264-0300] {logging_mixin.py:188} INFO - [2024-03-02T09:54:31.263-0300] {dagbag.py:540} INFO - Filling up the DagBag from /home/victor/Área de Trabalho/airflow/venv/lib/python3.10/site-packages/airflow/example_dags/example_dynamic_task_mapping.py
[2024-03-02T09:54:31.270-0300] {processor.py:840} INFO - DAG(s) 'example_dynamic_task_mapping' retrieved from /home/victor/Área de Trabalho/airflow/venv/lib/python3.10/site-packages/airflow/example_dags/example_dynamic_task_mapping.py
[2024-03-02T09:54:31.299-0300] {logging_mixin.py:188} INFO - [2024-03-02T09:54:31.298-0300] {dag.py:3047} INFO - Sync 1 DAGs
[2024-03-02T09:54:31.322-0300] {logging_mixin.py:188} INFO - [2024-03-02T09:54:31.322-0300] {dag.py:3834} INFO - Setting next_dagrun for example_dynamic_task_mapping to 2022-03-04 00:00:00+00:00, run_after=2022-03-05 00:00:00+00:00
[2024-03-02T09:54:31.348-0300] {processor.py:183} INFO - Processing /home/victor/Área de Trabalho/airflow/venv/lib/python3.10/site-packages/airflow/example_dags/example_dynamic_task_mapping.py took 0.089 seconds
[2024-03-02T09:55:01.813-0300] {processor.py:161} INFO - Started process (PID=24788) to work on /home/victor/Área de Trabalho/airflow/venv/lib/python3.10/site-packages/airflow/example_dags/example_dynamic_task_mapping.py
[2024-03-02T09:55:01.814-0300] {processor.py:830} INFO - Processing file /home/victor/Área de Trabalho/airflow/venv/lib/python3.10/site-packages/airflow/example_dags/example_dynamic_task_mapping.py for tasks to queue
[2024-03-02T09:55:01.815-0300] {logging_mixin.py:188} INFO - [2024-03-02T09:55:01.815-0300] {dagbag.py:540} INFO - Filling up the DagBag from /home/victor/Área de Trabalho/airflow/venv/lib/python3.10/site-packages/airflow/example_dags/example_dynamic_task_mapping.py
[2024-03-02T09:55:01.820-0300] {processor.py:840} INFO - DAG(s) 'example_dynamic_task_mapping' retrieved from /home/victor/Área de Trabalho/airflow/venv/lib/python3.10/site-packages/airflow/example_dags/example_dynamic_task_mapping.py
[2024-03-02T09:55:01.846-0300] {logging_mixin.py:188} INFO - [2024-03-02T09:55:01.845-0300] {dag.py:3047} INFO - Sync 1 DAGs
[2024-03-02T09:55:01.867-0300] {logging_mixin.py:188} INFO - [2024-03-02T09:55:01.866-0300] {dag.py:3834} INFO - Setting next_dagrun for example_dynamic_task_mapping to 2022-03-04 00:00:00+00:00, run_after=2022-03-05 00:00:00+00:00
[2024-03-02T09:55:01.884-0300] {processor.py:183} INFO - Processing /home/victor/Área de Trabalho/airflow/venv/lib/python3.10/site-packages/airflow/example_dags/example_dynamic_task_mapping.py took 0.074 seconds
[2024-03-02T09:55:32.494-0300] {processor.py:161} INFO - Started process (PID=25253) to work on /home/victor/Área de Trabalho/airflow/venv/lib/python3.10/site-packages/airflow/example_dags/example_dynamic_task_mapping.py
[2024-03-02T09:55:32.495-0300] {processor.py:830} INFO - Processing file /home/victor/Área de Trabalho/airflow/venv/lib/python3.10/site-packages/airflow/example_dags/example_dynamic_task_mapping.py for tasks to queue
[2024-03-02T09:55:32.496-0300] {logging_mixin.py:188} INFO - [2024-03-02T09:55:32.496-0300] {dagbag.py:540} INFO - Filling up the DagBag from /home/victor/Área de Trabalho/airflow/venv/lib/python3.10/site-packages/airflow/example_dags/example_dynamic_task_mapping.py
[2024-03-02T09:55:32.504-0300] {processor.py:840} INFO - DAG(s) 'example_dynamic_task_mapping' retrieved from /home/victor/Área de Trabalho/airflow/venv/lib/python3.10/site-packages/airflow/example_dags/example_dynamic_task_mapping.py
[2024-03-02T09:55:32.535-0300] {logging_mixin.py:188} INFO - [2024-03-02T09:55:32.535-0300] {dag.py:3047} INFO - Sync 1 DAGs
[2024-03-02T09:55:32.560-0300] {logging_mixin.py:188} INFO - [2024-03-02T09:55:32.560-0300] {dag.py:3834} INFO - Setting next_dagrun for example_dynamic_task_mapping to 2022-03-04 00:00:00+00:00, run_after=2022-03-05 00:00:00+00:00
[2024-03-02T09:55:32.602-0300] {processor.py:183} INFO - Processing /home/victor/Área de Trabalho/airflow/venv/lib/python3.10/site-packages/airflow/example_dags/example_dynamic_task_mapping.py took 0.112 seconds
[2024-03-02T09:56:02.926-0300] {processor.py:161} INFO - Started process (PID=25761) to work on /home/victor/Área de Trabalho/airflow/venv/lib/python3.10/site-packages/airflow/example_dags/example_dynamic_task_mapping.py
[2024-03-02T09:56:02.927-0300] {processor.py:830} INFO - Processing file /home/victor/Área de Trabalho/airflow/venv/lib/python3.10/site-packages/airflow/example_dags/example_dynamic_task_mapping.py for tasks to queue
[2024-03-02T09:56:02.928-0300] {logging_mixin.py:188} INFO - [2024-03-02T09:56:02.927-0300] {dagbag.py:540} INFO - Filling up the DagBag from /home/victor/Área de Trabalho/airflow/venv/lib/python3.10/site-packages/airflow/example_dags/example_dynamic_task_mapping.py
[2024-03-02T09:56:02.933-0300] {processor.py:840} INFO - DAG(s) 'example_dynamic_task_mapping' retrieved from /home/victor/Área de Trabalho/airflow/venv/lib/python3.10/site-packages/airflow/example_dags/example_dynamic_task_mapping.py
[2024-03-02T09:56:02.955-0300] {logging_mixin.py:188} INFO - [2024-03-02T09:56:02.955-0300] {dag.py:3047} INFO - Sync 1 DAGs
[2024-03-02T09:56:02.974-0300] {logging_mixin.py:188} INFO - [2024-03-02T09:56:02.974-0300] {dag.py:3834} INFO - Setting next_dagrun for example_dynamic_task_mapping to 2022-03-04 00:00:00+00:00, run_after=2022-03-05 00:00:00+00:00
[2024-03-02T09:56:02.991-0300] {processor.py:183} INFO - Processing /home/victor/Área de Trabalho/airflow/venv/lib/python3.10/site-packages/airflow/example_dags/example_dynamic_task_mapping.py took 0.068 seconds
[2024-03-02T09:56:34.259-0300] {processor.py:161} INFO - Started process (PID=26082) to work on /home/victor/Área de Trabalho/airflow/venv/lib/python3.10/site-packages/airflow/example_dags/example_dynamic_task_mapping.py
[2024-03-02T09:56:34.260-0300] {processor.py:830} INFO - Processing file /home/victor/Área de Trabalho/airflow/venv/lib/python3.10/site-packages/airflow/example_dags/example_dynamic_task_mapping.py for tasks to queue
[2024-03-02T09:56:34.261-0300] {logging_mixin.py:188} INFO - [2024-03-02T09:56:34.260-0300] {dagbag.py:540} INFO - Filling up the DagBag from /home/victor/Área de Trabalho/airflow/venv/lib/python3.10/site-packages/airflow/example_dags/example_dynamic_task_mapping.py
[2024-03-02T09:56:34.266-0300] {processor.py:840} INFO - DAG(s) 'example_dynamic_task_mapping' retrieved from /home/victor/Área de Trabalho/airflow/venv/lib/python3.10/site-packages/airflow/example_dags/example_dynamic_task_mapping.py
[2024-03-02T09:56:34.289-0300] {logging_mixin.py:188} INFO - [2024-03-02T09:56:34.289-0300] {dag.py:3047} INFO - Sync 1 DAGs
[2024-03-02T09:56:34.308-0300] {logging_mixin.py:188} INFO - [2024-03-02T09:56:34.308-0300] {dag.py:3834} INFO - Setting next_dagrun for example_dynamic_task_mapping to 2022-03-04 00:00:00+00:00, run_after=2022-03-05 00:00:00+00:00
[2024-03-02T09:56:34.323-0300] {processor.py:183} INFO - Processing /home/victor/Área de Trabalho/airflow/venv/lib/python3.10/site-packages/airflow/example_dags/example_dynamic_task_mapping.py took 0.067 seconds
[2024-03-02T09:57:04.829-0300] {processor.py:161} INFO - Started process (PID=26725) to work on /home/victor/Área de Trabalho/airflow/venv/lib/python3.10/site-packages/airflow/example_dags/example_dynamic_task_mapping.py
[2024-03-02T09:57:04.830-0300] {processor.py:830} INFO - Processing file /home/victor/Área de Trabalho/airflow/venv/lib/python3.10/site-packages/airflow/example_dags/example_dynamic_task_mapping.py for tasks to queue
[2024-03-02T09:57:04.831-0300] {logging_mixin.py:188} INFO - [2024-03-02T09:57:04.830-0300] {dagbag.py:540} INFO - Filling up the DagBag from /home/victor/Área de Trabalho/airflow/venv/lib/python3.10/site-packages/airflow/example_dags/example_dynamic_task_mapping.py
[2024-03-02T09:57:04.836-0300] {processor.py:840} INFO - DAG(s) 'example_dynamic_task_mapping' retrieved from /home/victor/Área de Trabalho/airflow/venv/lib/python3.10/site-packages/airflow/example_dags/example_dynamic_task_mapping.py
[2024-03-02T09:57:04.859-0300] {logging_mixin.py:188} INFO - [2024-03-02T09:57:04.859-0300] {dag.py:3047} INFO - Sync 1 DAGs
[2024-03-02T09:57:04.877-0300] {logging_mixin.py:188} INFO - [2024-03-02T09:57:04.877-0300] {dag.py:3834} INFO - Setting next_dagrun for example_dynamic_task_mapping to 2022-03-04 00:00:00+00:00, run_after=2022-03-05 00:00:00+00:00
[2024-03-02T09:57:04.893-0300] {processor.py:183} INFO - Processing /home/victor/Área de Trabalho/airflow/venv/lib/python3.10/site-packages/airflow/example_dags/example_dynamic_task_mapping.py took 0.066 seconds
[2024-03-02T09:57:35.334-0300] {processor.py:161} INFO - Started process (PID=27046) to work on /home/victor/Área de Trabalho/airflow/venv/lib/python3.10/site-packages/airflow/example_dags/example_dynamic_task_mapping.py
[2024-03-02T09:57:35.335-0300] {processor.py:830} INFO - Processing file /home/victor/Área de Trabalho/airflow/venv/lib/python3.10/site-packages/airflow/example_dags/example_dynamic_task_mapping.py for tasks to queue
[2024-03-02T09:57:35.335-0300] {logging_mixin.py:188} INFO - [2024-03-02T09:57:35.335-0300] {dagbag.py:540} INFO - Filling up the DagBag from /home/victor/Área de Trabalho/airflow/venv/lib/python3.10/site-packages/airflow/example_dags/example_dynamic_task_mapping.py
[2024-03-02T09:57:35.341-0300] {processor.py:840} INFO - DAG(s) 'example_dynamic_task_mapping' retrieved from /home/victor/Área de Trabalho/airflow/venv/lib/python3.10/site-packages/airflow/example_dags/example_dynamic_task_mapping.py
[2024-03-02T09:57:35.365-0300] {logging_mixin.py:188} INFO - [2024-03-02T09:57:35.365-0300] {dag.py:3047} INFO - Sync 1 DAGs
[2024-03-02T09:57:35.385-0300] {logging_mixin.py:188} INFO - [2024-03-02T09:57:35.385-0300] {dag.py:3834} INFO - Setting next_dagrun for example_dynamic_task_mapping to 2022-03-04 00:00:00+00:00, run_after=2022-03-05 00:00:00+00:00
[2024-03-02T09:57:35.400-0300] {processor.py:183} INFO - Processing /home/victor/Área de Trabalho/airflow/venv/lib/python3.10/site-packages/airflow/example_dags/example_dynamic_task_mapping.py took 0.069 seconds
[2024-03-02T09:58:05.824-0300] {processor.py:161} INFO - Started process (PID=27598) to work on /home/victor/Área de Trabalho/airflow/venv/lib/python3.10/site-packages/airflow/example_dags/example_dynamic_task_mapping.py
[2024-03-02T09:58:05.825-0300] {processor.py:830} INFO - Processing file /home/victor/Área de Trabalho/airflow/venv/lib/python3.10/site-packages/airflow/example_dags/example_dynamic_task_mapping.py for tasks to queue
[2024-03-02T09:58:05.826-0300] {logging_mixin.py:188} INFO - [2024-03-02T09:58:05.825-0300] {dagbag.py:540} INFO - Filling up the DagBag from /home/victor/Área de Trabalho/airflow/venv/lib/python3.10/site-packages/airflow/example_dags/example_dynamic_task_mapping.py
[2024-03-02T09:58:05.832-0300] {processor.py:840} INFO - DAG(s) 'example_dynamic_task_mapping' retrieved from /home/victor/Área de Trabalho/airflow/venv/lib/python3.10/site-packages/airflow/example_dags/example_dynamic_task_mapping.py
[2024-03-02T09:58:05.862-0300] {logging_mixin.py:188} INFO - [2024-03-02T09:58:05.861-0300] {dag.py:3047} INFO - Sync 1 DAGs
[2024-03-02T09:58:05.887-0300] {logging_mixin.py:188} INFO - [2024-03-02T09:58:05.887-0300] {dag.py:3834} INFO - Setting next_dagrun for example_dynamic_task_mapping to 2022-03-04 00:00:00+00:00, run_after=2022-03-05 00:00:00+00:00
[2024-03-02T09:58:05.906-0300] {processor.py:183} INFO - Processing /home/victor/Área de Trabalho/airflow/venv/lib/python3.10/site-packages/airflow/example_dags/example_dynamic_task_mapping.py took 0.086 seconds
[2024-03-02T09:58:36.441-0300] {processor.py:161} INFO - Started process (PID=28968) to work on /home/victor/Área de Trabalho/airflow/venv/lib/python3.10/site-packages/airflow/example_dags/example_dynamic_task_mapping.py
[2024-03-02T09:58:36.442-0300] {processor.py:830} INFO - Processing file /home/victor/Área de Trabalho/airflow/venv/lib/python3.10/site-packages/airflow/example_dags/example_dynamic_task_mapping.py for tasks to queue
[2024-03-02T09:58:36.442-0300] {logging_mixin.py:188} INFO - [2024-03-02T09:58:36.442-0300] {dagbag.py:540} INFO - Filling up the DagBag from /home/victor/Área de Trabalho/airflow/venv/lib/python3.10/site-packages/airflow/example_dags/example_dynamic_task_mapping.py
[2024-03-02T09:58:36.447-0300] {processor.py:840} INFO - DAG(s) 'example_dynamic_task_mapping' retrieved from /home/victor/Área de Trabalho/airflow/venv/lib/python3.10/site-packages/airflow/example_dags/example_dynamic_task_mapping.py
[2024-03-02T09:58:36.472-0300] {logging_mixin.py:188} INFO - [2024-03-02T09:58:36.472-0300] {dag.py:3047} INFO - Sync 1 DAGs
[2024-03-02T09:58:36.493-0300] {logging_mixin.py:188} INFO - [2024-03-02T09:58:36.493-0300] {dag.py:3834} INFO - Setting next_dagrun for example_dynamic_task_mapping to 2022-03-04 00:00:00+00:00, run_after=2022-03-05 00:00:00+00:00
[2024-03-02T09:58:36.510-0300] {processor.py:183} INFO - Processing /home/victor/Área de Trabalho/airflow/venv/lib/python3.10/site-packages/airflow/example_dags/example_dynamic_task_mapping.py took 0.072 seconds
[2024-03-02T09:59:06.974-0300] {processor.py:161} INFO - Started process (PID=29481) to work on /home/victor/Área de Trabalho/airflow/venv/lib/python3.10/site-packages/airflow/example_dags/example_dynamic_task_mapping.py
[2024-03-02T09:59:06.975-0300] {processor.py:830} INFO - Processing file /home/victor/Área de Trabalho/airflow/venv/lib/python3.10/site-packages/airflow/example_dags/example_dynamic_task_mapping.py for tasks to queue
[2024-03-02T09:59:06.975-0300] {logging_mixin.py:188} INFO - [2024-03-02T09:59:06.975-0300] {dagbag.py:540} INFO - Filling up the DagBag from /home/victor/Área de Trabalho/airflow/venv/lib/python3.10/site-packages/airflow/example_dags/example_dynamic_task_mapping.py
[2024-03-02T09:59:06.981-0300] {processor.py:840} INFO - DAG(s) 'example_dynamic_task_mapping' retrieved from /home/victor/Área de Trabalho/airflow/venv/lib/python3.10/site-packages/airflow/example_dags/example_dynamic_task_mapping.py
[2024-03-02T09:59:07.005-0300] {logging_mixin.py:188} INFO - [2024-03-02T09:59:07.005-0300] {dag.py:3047} INFO - Sync 1 DAGs
[2024-03-02T09:59:07.026-0300] {logging_mixin.py:188} INFO - [2024-03-02T09:59:07.026-0300] {dag.py:3834} INFO - Setting next_dagrun for example_dynamic_task_mapping to 2022-03-04 00:00:00+00:00, run_after=2022-03-05 00:00:00+00:00
[2024-03-02T09:59:07.043-0300] {processor.py:183} INFO - Processing /home/victor/Área de Trabalho/airflow/venv/lib/python3.10/site-packages/airflow/example_dags/example_dynamic_task_mapping.py took 0.072 seconds
