[2024-03-02T09:36:58.927-0300] {processor.py:161} INFO - Started process (PID=7946) to work on /home/victor/Área de Trabalho/airflow/venv/lib/python3.10/site-packages/airflow/example_dags/example_dag_decorator.py
[2024-03-02T09:36:58.928-0300] {processor.py:830} INFO - Processing file /home/victor/Área de Trabalho/airflow/venv/lib/python3.10/site-packages/airflow/example_dags/example_dag_decorator.py for tasks to queue
[2024-03-02T09:36:58.928-0300] {logging_mixin.py:188} INFO - [2024-03-02T09:36:58.928-0300] {dagbag.py:540} INFO - Filling up the DagBag from /home/victor/Área de Trabalho/airflow/venv/lib/python3.10/site-packages/airflow/example_dags/example_dag_decorator.py
[2024-03-02T09:36:58.938-0300] {processor.py:840} INFO - DAG(s) 'example_dag_decorator' retrieved from /home/victor/Área de Trabalho/airflow/venv/lib/python3.10/site-packages/airflow/example_dags/example_dag_decorator.py
[2024-03-02T09:36:58.959-0300] {logging_mixin.py:188} INFO - [2024-03-02T09:36:58.959-0300] {dag.py:3047} INFO - Sync 1 DAGs
[2024-03-02T09:36:58.974-0300] {logging_mixin.py:188} INFO - [2024-03-02T09:36:58.974-0300] {dag.py:3834} INFO - Setting next_dagrun for example_dag_decorator to None, run_after=None
[2024-03-02T09:36:58.996-0300] {processor.py:183} INFO - Processing /home/victor/Área de Trabalho/airflow/venv/lib/python3.10/site-packages/airflow/example_dags/example_dag_decorator.py took 0.072 seconds
[2024-03-02T09:37:30.223-0300] {processor.py:161} INFO - Started process (PID=9357) to work on /home/victor/Área de Trabalho/airflow/venv/lib/python3.10/site-packages/airflow/example_dags/example_dag_decorator.py
[2024-03-02T09:37:30.223-0300] {processor.py:830} INFO - Processing file /home/victor/Área de Trabalho/airflow/venv/lib/python3.10/site-packages/airflow/example_dags/example_dag_decorator.py for tasks to queue
[2024-03-02T09:37:30.224-0300] {logging_mixin.py:188} INFO - [2024-03-02T09:37:30.224-0300] {dagbag.py:540} INFO - Filling up the DagBag from /home/victor/Área de Trabalho/airflow/venv/lib/python3.10/site-packages/airflow/example_dags/example_dag_decorator.py
[2024-03-02T09:37:30.233-0300] {processor.py:840} INFO - DAG(s) 'example_dag_decorator' retrieved from /home/victor/Área de Trabalho/airflow/venv/lib/python3.10/site-packages/airflow/example_dags/example_dag_decorator.py
[2024-03-02T09:37:30.330-0300] {logging_mixin.py:188} INFO - [2024-03-02T09:37:30.330-0300] {dag.py:3047} INFO - Sync 1 DAGs
[2024-03-02T09:37:30.341-0300] {logging_mixin.py:188} INFO - [2024-03-02T09:37:30.341-0300] {dag.py:3834} INFO - Setting next_dagrun for example_dag_decorator to None, run_after=None
[2024-03-02T09:37:30.359-0300] {processor.py:183} INFO - Processing /home/victor/Área de Trabalho/airflow/venv/lib/python3.10/site-packages/airflow/example_dags/example_dag_decorator.py took 0.140 seconds
[2024-03-02T09:38:00.481-0300] {processor.py:161} INFO - Started process (PID=10022) to work on /home/victor/Área de Trabalho/airflow/venv/lib/python3.10/site-packages/airflow/example_dags/example_dag_decorator.py
[2024-03-02T09:38:00.481-0300] {processor.py:830} INFO - Processing file /home/victor/Área de Trabalho/airflow/venv/lib/python3.10/site-packages/airflow/example_dags/example_dag_decorator.py for tasks to queue
[2024-03-02T09:38:00.482-0300] {logging_mixin.py:188} INFO - [2024-03-02T09:38:00.482-0300] {dagbag.py:540} INFO - Filling up the DagBag from /home/victor/Área de Trabalho/airflow/venv/lib/python3.10/site-packages/airflow/example_dags/example_dag_decorator.py
[2024-03-02T09:38:00.491-0300] {processor.py:840} INFO - DAG(s) 'example_dag_decorator' retrieved from /home/victor/Área de Trabalho/airflow/venv/lib/python3.10/site-packages/airflow/example_dags/example_dag_decorator.py
[2024-03-02T09:38:00.594-0300] {logging_mixin.py:188} INFO - [2024-03-02T09:38:00.594-0300] {dag.py:3047} INFO - Sync 1 DAGs
[2024-03-02T09:38:00.604-0300] {logging_mixin.py:188} INFO - [2024-03-02T09:38:00.603-0300] {dag.py:3834} INFO - Setting next_dagrun for example_dag_decorator to None, run_after=None
[2024-03-02T09:38:00.623-0300] {processor.py:183} INFO - Processing /home/victor/Área de Trabalho/airflow/venv/lib/python3.10/site-packages/airflow/example_dags/example_dag_decorator.py took 0.145 seconds
[2024-03-02T09:38:31.951-0300] {processor.py:161} INFO - Started process (PID=10337) to work on /home/victor/Área de Trabalho/airflow/venv/lib/python3.10/site-packages/airflow/example_dags/example_dag_decorator.py
[2024-03-02T09:38:31.952-0300] {processor.py:830} INFO - Processing file /home/victor/Área de Trabalho/airflow/venv/lib/python3.10/site-packages/airflow/example_dags/example_dag_decorator.py for tasks to queue
[2024-03-02T09:38:31.953-0300] {logging_mixin.py:188} INFO - [2024-03-02T09:38:31.952-0300] {dagbag.py:540} INFO - Filling up the DagBag from /home/victor/Área de Trabalho/airflow/venv/lib/python3.10/site-packages/airflow/example_dags/example_dag_decorator.py
[2024-03-02T09:38:31.961-0300] {processor.py:840} INFO - DAG(s) 'example_dag_decorator' retrieved from /home/victor/Área de Trabalho/airflow/venv/lib/python3.10/site-packages/airflow/example_dags/example_dag_decorator.py
[2024-03-02T09:38:32.069-0300] {logging_mixin.py:188} INFO - [2024-03-02T09:38:32.069-0300] {dag.py:3047} INFO - Sync 1 DAGs
[2024-03-02T09:38:32.080-0300] {logging_mixin.py:188} INFO - [2024-03-02T09:38:32.080-0300] {dag.py:3834} INFO - Setting next_dagrun for example_dag_decorator to None, run_after=None
[2024-03-02T09:38:32.099-0300] {processor.py:183} INFO - Processing /home/victor/Área de Trabalho/airflow/venv/lib/python3.10/site-packages/airflow/example_dags/example_dag_decorator.py took 0.151 seconds
[2024-03-02T09:39:03.310-0300] {processor.py:161} INFO - Started process (PID=10898) to work on /home/victor/Área de Trabalho/airflow/venv/lib/python3.10/site-packages/airflow/example_dags/example_dag_decorator.py
[2024-03-02T09:39:03.311-0300] {processor.py:830} INFO - Processing file /home/victor/Área de Trabalho/airflow/venv/lib/python3.10/site-packages/airflow/example_dags/example_dag_decorator.py for tasks to queue
[2024-03-02T09:39:03.312-0300] {logging_mixin.py:188} INFO - [2024-03-02T09:39:03.312-0300] {dagbag.py:540} INFO - Filling up the DagBag from /home/victor/Área de Trabalho/airflow/venv/lib/python3.10/site-packages/airflow/example_dags/example_dag_decorator.py
[2024-03-02T09:39:03.320-0300] {processor.py:840} INFO - DAG(s) 'example_dag_decorator' retrieved from /home/victor/Área de Trabalho/airflow/venv/lib/python3.10/site-packages/airflow/example_dags/example_dag_decorator.py
[2024-03-02T09:39:03.434-0300] {logging_mixin.py:188} INFO - [2024-03-02T09:39:03.433-0300] {dag.py:3047} INFO - Sync 1 DAGs
[2024-03-02T09:39:03.444-0300] {logging_mixin.py:188} INFO - [2024-03-02T09:39:03.443-0300] {dag.py:3834} INFO - Setting next_dagrun for example_dag_decorator to None, run_after=None
[2024-03-02T09:39:03.466-0300] {processor.py:183} INFO - Processing /home/victor/Área de Trabalho/airflow/venv/lib/python3.10/site-packages/airflow/example_dags/example_dag_decorator.py took 0.158 seconds
[2024-03-02T09:39:34.478-0300] {processor.py:161} INFO - Started process (PID=11493) to work on /home/victor/Área de Trabalho/airflow/venv/lib/python3.10/site-packages/airflow/example_dags/example_dag_decorator.py
[2024-03-02T09:39:34.479-0300] {processor.py:830} INFO - Processing file /home/victor/Área de Trabalho/airflow/venv/lib/python3.10/site-packages/airflow/example_dags/example_dag_decorator.py for tasks to queue
[2024-03-02T09:39:34.479-0300] {logging_mixin.py:188} INFO - [2024-03-02T09:39:34.479-0300] {dagbag.py:540} INFO - Filling up the DagBag from /home/victor/Área de Trabalho/airflow/venv/lib/python3.10/site-packages/airflow/example_dags/example_dag_decorator.py
[2024-03-02T09:39:34.487-0300] {processor.py:840} INFO - DAG(s) 'example_dag_decorator' retrieved from /home/victor/Área de Trabalho/airflow/venv/lib/python3.10/site-packages/airflow/example_dags/example_dag_decorator.py
[2024-03-02T09:39:34.594-0300] {logging_mixin.py:188} INFO - [2024-03-02T09:39:34.593-0300] {dag.py:3047} INFO - Sync 1 DAGs
[2024-03-02T09:39:34.604-0300] {logging_mixin.py:188} INFO - [2024-03-02T09:39:34.603-0300] {dag.py:3834} INFO - Setting next_dagrun for example_dag_decorator to None, run_after=None
[2024-03-02T09:39:34.624-0300] {processor.py:183} INFO - Processing /home/victor/Área de Trabalho/airflow/venv/lib/python3.10/site-packages/airflow/example_dags/example_dag_decorator.py took 0.149 seconds
[2024-03-02T09:40:05.772-0300] {processor.py:161} INFO - Started process (PID=11968) to work on /home/victor/Área de Trabalho/airflow/venv/lib/python3.10/site-packages/airflow/example_dags/example_dag_decorator.py
[2024-03-02T09:40:05.773-0300] {processor.py:830} INFO - Processing file /home/victor/Área de Trabalho/airflow/venv/lib/python3.10/site-packages/airflow/example_dags/example_dag_decorator.py for tasks to queue
[2024-03-02T09:40:05.774-0300] {logging_mixin.py:188} INFO - [2024-03-02T09:40:05.774-0300] {dagbag.py:540} INFO - Filling up the DagBag from /home/victor/Área de Trabalho/airflow/venv/lib/python3.10/site-packages/airflow/example_dags/example_dag_decorator.py
[2024-03-02T09:40:05.782-0300] {processor.py:840} INFO - DAG(s) 'example_dag_decorator' retrieved from /home/victor/Área de Trabalho/airflow/venv/lib/python3.10/site-packages/airflow/example_dags/example_dag_decorator.py
[2024-03-02T09:40:05.887-0300] {logging_mixin.py:188} INFO - [2024-03-02T09:40:05.887-0300] {dag.py:3047} INFO - Sync 1 DAGs
[2024-03-02T09:40:05.896-0300] {logging_mixin.py:188} INFO - [2024-03-02T09:40:05.896-0300] {dag.py:3834} INFO - Setting next_dagrun for example_dag_decorator to None, run_after=None
[2024-03-02T09:40:05.912-0300] {processor.py:183} INFO - Processing /home/victor/Área de Trabalho/airflow/venv/lib/python3.10/site-packages/airflow/example_dags/example_dag_decorator.py took 0.143 seconds
[2024-03-02T09:40:37.182-0300] {processor.py:161} INFO - Started process (PID=12346) to work on /home/victor/Área de Trabalho/airflow/venv/lib/python3.10/site-packages/airflow/example_dags/example_dag_decorator.py
[2024-03-02T09:40:37.183-0300] {processor.py:830} INFO - Processing file /home/victor/Área de Trabalho/airflow/venv/lib/python3.10/site-packages/airflow/example_dags/example_dag_decorator.py for tasks to queue
[2024-03-02T09:40:37.184-0300] {logging_mixin.py:188} INFO - [2024-03-02T09:40:37.183-0300] {dagbag.py:540} INFO - Filling up the DagBag from /home/victor/Área de Trabalho/airflow/venv/lib/python3.10/site-packages/airflow/example_dags/example_dag_decorator.py
[2024-03-02T09:40:37.192-0300] {processor.py:840} INFO - DAG(s) 'example_dag_decorator' retrieved from /home/victor/Área de Trabalho/airflow/venv/lib/python3.10/site-packages/airflow/example_dags/example_dag_decorator.py
[2024-03-02T09:40:37.303-0300] {logging_mixin.py:188} INFO - [2024-03-02T09:40:37.303-0300] {dag.py:3047} INFO - Sync 1 DAGs
[2024-03-02T09:40:37.316-0300] {logging_mixin.py:188} INFO - [2024-03-02T09:40:37.316-0300] {dag.py:3834} INFO - Setting next_dagrun for example_dag_decorator to None, run_after=None
[2024-03-02T09:40:37.336-0300] {processor.py:183} INFO - Processing /home/victor/Área de Trabalho/airflow/venv/lib/python3.10/site-packages/airflow/example_dags/example_dag_decorator.py took 0.156 seconds
[2024-03-02T09:41:08.181-0300] {processor.py:161} INFO - Started process (PID=12822) to work on /home/victor/Área de Trabalho/airflow/venv/lib/python3.10/site-packages/airflow/example_dags/example_dag_decorator.py
[2024-03-02T09:41:08.182-0300] {processor.py:830} INFO - Processing file /home/victor/Área de Trabalho/airflow/venv/lib/python3.10/site-packages/airflow/example_dags/example_dag_decorator.py for tasks to queue
[2024-03-02T09:41:08.184-0300] {logging_mixin.py:188} INFO - [2024-03-02T09:41:08.183-0300] {dagbag.py:540} INFO - Filling up the DagBag from /home/victor/Área de Trabalho/airflow/venv/lib/python3.10/site-packages/airflow/example_dags/example_dag_decorator.py
[2024-03-02T09:41:08.193-0300] {processor.py:840} INFO - DAG(s) 'example_dag_decorator' retrieved from /home/victor/Área de Trabalho/airflow/venv/lib/python3.10/site-packages/airflow/example_dags/example_dag_decorator.py
[2024-03-02T09:41:08.323-0300] {logging_mixin.py:188} INFO - [2024-03-02T09:41:08.323-0300] {dag.py:3047} INFO - Sync 1 DAGs
[2024-03-02T09:41:08.337-0300] {logging_mixin.py:188} INFO - [2024-03-02T09:41:08.336-0300] {dag.py:3834} INFO - Setting next_dagrun for example_dag_decorator to None, run_after=None
[2024-03-02T09:41:08.364-0300] {processor.py:183} INFO - Processing /home/victor/Área de Trabalho/airflow/venv/lib/python3.10/site-packages/airflow/example_dags/example_dag_decorator.py took 0.186 seconds
[2024-03-02T09:41:38.913-0300] {processor.py:161} INFO - Started process (PID=13138) to work on /home/victor/Área de Trabalho/airflow/venv/lib/python3.10/site-packages/airflow/example_dags/example_dag_decorator.py
[2024-03-02T09:41:38.913-0300] {processor.py:830} INFO - Processing file /home/victor/Área de Trabalho/airflow/venv/lib/python3.10/site-packages/airflow/example_dags/example_dag_decorator.py for tasks to queue
[2024-03-02T09:41:38.914-0300] {logging_mixin.py:188} INFO - [2024-03-02T09:41:38.914-0300] {dagbag.py:540} INFO - Filling up the DagBag from /home/victor/Área de Trabalho/airflow/venv/lib/python3.10/site-packages/airflow/example_dags/example_dag_decorator.py
[2024-03-02T09:41:38.923-0300] {processor.py:840} INFO - DAG(s) 'example_dag_decorator' retrieved from /home/victor/Área de Trabalho/airflow/venv/lib/python3.10/site-packages/airflow/example_dags/example_dag_decorator.py
[2024-03-02T09:41:39.043-0300] {logging_mixin.py:188} INFO - [2024-03-02T09:41:39.043-0300] {dag.py:3047} INFO - Sync 1 DAGs
[2024-03-02T09:41:39.055-0300] {logging_mixin.py:188} INFO - [2024-03-02T09:41:39.055-0300] {dag.py:3834} INFO - Setting next_dagrun for example_dag_decorator to None, run_after=None
[2024-03-02T09:41:39.077-0300] {processor.py:183} INFO - Processing /home/victor/Área de Trabalho/airflow/venv/lib/python3.10/site-packages/airflow/example_dags/example_dag_decorator.py took 0.168 seconds
[2024-03-02T09:42:09.837-0300] {processor.py:161} INFO - Started process (PID=13772) to work on /home/victor/Área de Trabalho/airflow/venv/lib/python3.10/site-packages/airflow/example_dags/example_dag_decorator.py
[2024-03-02T09:42:09.840-0300] {processor.py:830} INFO - Processing file /home/victor/Área de Trabalho/airflow/venv/lib/python3.10/site-packages/airflow/example_dags/example_dag_decorator.py for tasks to queue
[2024-03-02T09:42:09.841-0300] {logging_mixin.py:188} INFO - [2024-03-02T09:42:09.841-0300] {dagbag.py:540} INFO - Filling up the DagBag from /home/victor/Área de Trabalho/airflow/venv/lib/python3.10/site-packages/airflow/example_dags/example_dag_decorator.py
[2024-03-02T09:42:09.854-0300] {processor.py:840} INFO - DAG(s) 'example_dag_decorator' retrieved from /home/victor/Área de Trabalho/airflow/venv/lib/python3.10/site-packages/airflow/example_dags/example_dag_decorator.py
[2024-03-02T09:42:09.970-0300] {logging_mixin.py:188} INFO - [2024-03-02T09:42:09.970-0300] {dag.py:3047} INFO - Sync 1 DAGs
[2024-03-02T09:42:09.983-0300] {logging_mixin.py:188} INFO - [2024-03-02T09:42:09.982-0300] {dag.py:3834} INFO - Setting next_dagrun for example_dag_decorator to None, run_after=None
[2024-03-02T09:42:10.006-0300] {processor.py:183} INFO - Processing /home/victor/Área de Trabalho/airflow/venv/lib/python3.10/site-packages/airflow/example_dags/example_dag_decorator.py took 0.172 seconds
[2024-03-02T09:42:40.596-0300] {processor.py:161} INFO - Started process (PID=14091) to work on /home/victor/Área de Trabalho/airflow/venv/lib/python3.10/site-packages/airflow/example_dags/example_dag_decorator.py
[2024-03-02T09:42:40.597-0300] {processor.py:830} INFO - Processing file /home/victor/Área de Trabalho/airflow/venv/lib/python3.10/site-packages/airflow/example_dags/example_dag_decorator.py for tasks to queue
[2024-03-02T09:42:40.598-0300] {logging_mixin.py:188} INFO - [2024-03-02T09:42:40.598-0300] {dagbag.py:540} INFO - Filling up the DagBag from /home/victor/Área de Trabalho/airflow/venv/lib/python3.10/site-packages/airflow/example_dags/example_dag_decorator.py
[2024-03-02T09:42:40.609-0300] {processor.py:840} INFO - DAG(s) 'example_dag_decorator' retrieved from /home/victor/Área de Trabalho/airflow/venv/lib/python3.10/site-packages/airflow/example_dags/example_dag_decorator.py
[2024-03-02T09:42:40.747-0300] {logging_mixin.py:188} INFO - [2024-03-02T09:42:40.747-0300] {dag.py:3047} INFO - Sync 1 DAGs
[2024-03-02T09:42:40.763-0300] {logging_mixin.py:188} INFO - [2024-03-02T09:42:40.762-0300] {dag.py:3834} INFO - Setting next_dagrun for example_dag_decorator to None, run_after=None
[2024-03-02T09:42:40.789-0300] {processor.py:183} INFO - Processing /home/victor/Área de Trabalho/airflow/venv/lib/python3.10/site-packages/airflow/example_dags/example_dag_decorator.py took 0.196 seconds
[2024-03-02T09:43:11.857-0300] {processor.py:161} INFO - Started process (PID=14574) to work on /home/victor/Área de Trabalho/airflow/venv/lib/python3.10/site-packages/airflow/example_dags/example_dag_decorator.py
[2024-03-02T09:43:11.858-0300] {processor.py:830} INFO - Processing file /home/victor/Área de Trabalho/airflow/venv/lib/python3.10/site-packages/airflow/example_dags/example_dag_decorator.py for tasks to queue
[2024-03-02T09:43:11.859-0300] {logging_mixin.py:188} INFO - [2024-03-02T09:43:11.858-0300] {dagbag.py:540} INFO - Filling up the DagBag from /home/victor/Área de Trabalho/airflow/venv/lib/python3.10/site-packages/airflow/example_dags/example_dag_decorator.py
[2024-03-02T09:43:11.870-0300] {processor.py:840} INFO - DAG(s) 'example_dag_decorator' retrieved from /home/victor/Área de Trabalho/airflow/venv/lib/python3.10/site-packages/airflow/example_dags/example_dag_decorator.py
[2024-03-02T09:43:12.005-0300] {logging_mixin.py:188} INFO - [2024-03-02T09:43:12.005-0300] {dag.py:3047} INFO - Sync 1 DAGs
[2024-03-02T09:43:12.019-0300] {logging_mixin.py:188} INFO - [2024-03-02T09:43:12.019-0300] {dag.py:3834} INFO - Setting next_dagrun for example_dag_decorator to None, run_after=None
[2024-03-02T09:43:12.040-0300] {processor.py:183} INFO - Processing /home/victor/Área de Trabalho/airflow/venv/lib/python3.10/site-packages/airflow/example_dags/example_dag_decorator.py took 0.186 seconds
[2024-03-02T09:43:42.505-0300] {processor.py:161} INFO - Started process (PID=14894) to work on /home/victor/Área de Trabalho/airflow/venv/lib/python3.10/site-packages/airflow/example_dags/example_dag_decorator.py
[2024-03-02T09:43:42.505-0300] {processor.py:830} INFO - Processing file /home/victor/Área de Trabalho/airflow/venv/lib/python3.10/site-packages/airflow/example_dags/example_dag_decorator.py for tasks to queue
[2024-03-02T09:43:42.506-0300] {logging_mixin.py:188} INFO - [2024-03-02T09:43:42.506-0300] {dagbag.py:540} INFO - Filling up the DagBag from /home/victor/Área de Trabalho/airflow/venv/lib/python3.10/site-packages/airflow/example_dags/example_dag_decorator.py
[2024-03-02T09:43:42.516-0300] {processor.py:840} INFO - DAG(s) 'example_dag_decorator' retrieved from /home/victor/Área de Trabalho/airflow/venv/lib/python3.10/site-packages/airflow/example_dags/example_dag_decorator.py
[2024-03-02T09:43:42.634-0300] {logging_mixin.py:188} INFO - [2024-03-02T09:43:42.634-0300] {dag.py:3047} INFO - Sync 1 DAGs
[2024-03-02T09:43:42.643-0300] {logging_mixin.py:188} INFO - [2024-03-02T09:43:42.643-0300] {dag.py:3834} INFO - Setting next_dagrun for example_dag_decorator to None, run_after=None
[2024-03-02T09:43:42.668-0300] {processor.py:183} INFO - Processing /home/victor/Área de Trabalho/airflow/venv/lib/python3.10/site-packages/airflow/example_dags/example_dag_decorator.py took 0.167 seconds
[2024-03-02T09:44:14.017-0300] {processor.py:161} INFO - Started process (PID=15379) to work on /home/victor/Área de Trabalho/airflow/venv/lib/python3.10/site-packages/airflow/example_dags/example_dag_decorator.py
[2024-03-02T09:44:14.018-0300] {processor.py:830} INFO - Processing file /home/victor/Área de Trabalho/airflow/venv/lib/python3.10/site-packages/airflow/example_dags/example_dag_decorator.py for tasks to queue
[2024-03-02T09:44:14.019-0300] {logging_mixin.py:188} INFO - [2024-03-02T09:44:14.019-0300] {dagbag.py:540} INFO - Filling up the DagBag from /home/victor/Área de Trabalho/airflow/venv/lib/python3.10/site-packages/airflow/example_dags/example_dag_decorator.py
[2024-03-02T09:44:14.029-0300] {processor.py:840} INFO - DAG(s) 'example_dag_decorator' retrieved from /home/victor/Área de Trabalho/airflow/venv/lib/python3.10/site-packages/airflow/example_dags/example_dag_decorator.py
[2024-03-02T09:44:14.159-0300] {logging_mixin.py:188} INFO - [2024-03-02T09:44:14.159-0300] {dag.py:3047} INFO - Sync 1 DAGs
[2024-03-02T09:44:14.171-0300] {logging_mixin.py:188} INFO - [2024-03-02T09:44:14.171-0300] {dag.py:3834} INFO - Setting next_dagrun for example_dag_decorator to None, run_after=None
[2024-03-02T09:44:14.193-0300] {processor.py:183} INFO - Processing /home/victor/Área de Trabalho/airflow/venv/lib/python3.10/site-packages/airflow/example_dags/example_dag_decorator.py took 0.179 seconds
[2024-03-02T09:44:44.720-0300] {processor.py:161} INFO - Started process (PID=15698) to work on /home/victor/Área de Trabalho/airflow/venv/lib/python3.10/site-packages/airflow/example_dags/example_dag_decorator.py
[2024-03-02T09:44:44.721-0300] {processor.py:830} INFO - Processing file /home/victor/Área de Trabalho/airflow/venv/lib/python3.10/site-packages/airflow/example_dags/example_dag_decorator.py for tasks to queue
[2024-03-02T09:44:44.722-0300] {logging_mixin.py:188} INFO - [2024-03-02T09:44:44.721-0300] {dagbag.py:540} INFO - Filling up the DagBag from /home/victor/Área de Trabalho/airflow/venv/lib/python3.10/site-packages/airflow/example_dags/example_dag_decorator.py
[2024-03-02T09:44:44.731-0300] {processor.py:840} INFO - DAG(s) 'example_dag_decorator' retrieved from /home/victor/Área de Trabalho/airflow/venv/lib/python3.10/site-packages/airflow/example_dags/example_dag_decorator.py
[2024-03-02T09:44:44.855-0300] {logging_mixin.py:188} INFO - [2024-03-02T09:44:44.855-0300] {dag.py:3047} INFO - Sync 1 DAGs
[2024-03-02T09:44:44.867-0300] {logging_mixin.py:188} INFO - [2024-03-02T09:44:44.867-0300] {dag.py:3834} INFO - Setting next_dagrun for example_dag_decorator to None, run_after=None
[2024-03-02T09:44:44.890-0300] {processor.py:183} INFO - Processing /home/victor/Área de Trabalho/airflow/venv/lib/python3.10/site-packages/airflow/example_dags/example_dag_decorator.py took 0.173 seconds
[2024-03-02T09:45:15.575-0300] {processor.py:161} INFO - Started process (PID=16191) to work on /home/victor/Área de Trabalho/airflow/venv/lib/python3.10/site-packages/airflow/example_dags/example_dag_decorator.py
[2024-03-02T09:45:15.580-0300] {processor.py:830} INFO - Processing file /home/victor/Área de Trabalho/airflow/venv/lib/python3.10/site-packages/airflow/example_dags/example_dag_decorator.py for tasks to queue
[2024-03-02T09:45:15.581-0300] {logging_mixin.py:188} INFO - [2024-03-02T09:45:15.581-0300] {dagbag.py:540} INFO - Filling up the DagBag from /home/victor/Área de Trabalho/airflow/venv/lib/python3.10/site-packages/airflow/example_dags/example_dag_decorator.py
[2024-03-02T09:45:15.601-0300] {processor.py:840} INFO - DAG(s) 'example_dag_decorator' retrieved from /home/victor/Área de Trabalho/airflow/venv/lib/python3.10/site-packages/airflow/example_dags/example_dag_decorator.py
[2024-03-02T09:45:15.784-0300] {logging_mixin.py:188} INFO - [2024-03-02T09:45:15.784-0300] {dag.py:3047} INFO - Sync 1 DAGs
[2024-03-02T09:45:15.802-0300] {logging_mixin.py:188} INFO - [2024-03-02T09:45:15.801-0300] {dag.py:3834} INFO - Setting next_dagrun for example_dag_decorator to None, run_after=None
[2024-03-02T09:45:15.841-0300] {processor.py:183} INFO - Processing /home/victor/Área de Trabalho/airflow/venv/lib/python3.10/site-packages/airflow/example_dags/example_dag_decorator.py took 0.272 seconds
[2024-03-02T09:45:46.529-0300] {processor.py:161} INFO - Started process (PID=16698) to work on /home/victor/Área de Trabalho/airflow/venv/lib/python3.10/site-packages/airflow/example_dags/example_dag_decorator.py
[2024-03-02T09:45:46.530-0300] {processor.py:830} INFO - Processing file /home/victor/Área de Trabalho/airflow/venv/lib/python3.10/site-packages/airflow/example_dags/example_dag_decorator.py for tasks to queue
[2024-03-02T09:45:46.530-0300] {logging_mixin.py:188} INFO - [2024-03-02T09:45:46.530-0300] {dagbag.py:540} INFO - Filling up the DagBag from /home/victor/Área de Trabalho/airflow/venv/lib/python3.10/site-packages/airflow/example_dags/example_dag_decorator.py
[2024-03-02T09:45:46.539-0300] {processor.py:840} INFO - DAG(s) 'example_dag_decorator' retrieved from /home/victor/Área de Trabalho/airflow/venv/lib/python3.10/site-packages/airflow/example_dags/example_dag_decorator.py
[2024-03-02T09:45:46.648-0300] {logging_mixin.py:188} INFO - [2024-03-02T09:45:46.648-0300] {dag.py:3047} INFO - Sync 1 DAGs
[2024-03-02T09:45:46.660-0300] {logging_mixin.py:188} INFO - [2024-03-02T09:45:46.660-0300] {dag.py:3834} INFO - Setting next_dagrun for example_dag_decorator to None, run_after=None
[2024-03-02T09:45:46.679-0300] {processor.py:183} INFO - Processing /home/victor/Área de Trabalho/airflow/venv/lib/python3.10/site-packages/airflow/example_dags/example_dag_decorator.py took 0.152 seconds
[2024-03-02T09:46:18.277-0300] {processor.py:161} INFO - Started process (PID=17184) to work on /home/victor/Área de Trabalho/airflow/venv/lib/python3.10/site-packages/airflow/example_dags/example_dag_decorator.py
[2024-03-02T09:46:18.278-0300] {processor.py:830} INFO - Processing file /home/victor/Área de Trabalho/airflow/venv/lib/python3.10/site-packages/airflow/example_dags/example_dag_decorator.py for tasks to queue
[2024-03-02T09:46:18.279-0300] {logging_mixin.py:188} INFO - [2024-03-02T09:46:18.279-0300] {dagbag.py:540} INFO - Filling up the DagBag from /home/victor/Área de Trabalho/airflow/venv/lib/python3.10/site-packages/airflow/example_dags/example_dag_decorator.py
[2024-03-02T09:46:18.288-0300] {processor.py:840} INFO - DAG(s) 'example_dag_decorator' retrieved from /home/victor/Área de Trabalho/airflow/venv/lib/python3.10/site-packages/airflow/example_dags/example_dag_decorator.py
[2024-03-02T09:46:18.420-0300] {logging_mixin.py:188} INFO - [2024-03-02T09:46:18.420-0300] {dag.py:3047} INFO - Sync 1 DAGs
[2024-03-02T09:46:18.436-0300] {logging_mixin.py:188} INFO - [2024-03-02T09:46:18.435-0300] {dag.py:3834} INFO - Setting next_dagrun for example_dag_decorator to None, run_after=None
[2024-03-02T09:46:18.464-0300] {processor.py:183} INFO - Processing /home/victor/Área de Trabalho/airflow/venv/lib/python3.10/site-packages/airflow/example_dags/example_dag_decorator.py took 0.191 seconds
[2024-03-02T09:46:48.841-0300] {processor.py:161} INFO - Started process (PID=17505) to work on /home/victor/Área de Trabalho/airflow/venv/lib/python3.10/site-packages/airflow/example_dags/example_dag_decorator.py
[2024-03-02T09:46:48.842-0300] {processor.py:830} INFO - Processing file /home/victor/Área de Trabalho/airflow/venv/lib/python3.10/site-packages/airflow/example_dags/example_dag_decorator.py for tasks to queue
[2024-03-02T09:46:48.842-0300] {logging_mixin.py:188} INFO - [2024-03-02T09:46:48.842-0300] {dagbag.py:540} INFO - Filling up the DagBag from /home/victor/Área de Trabalho/airflow/venv/lib/python3.10/site-packages/airflow/example_dags/example_dag_decorator.py
[2024-03-02T09:46:48.853-0300] {processor.py:840} INFO - DAG(s) 'example_dag_decorator' retrieved from /home/victor/Área de Trabalho/airflow/venv/lib/python3.10/site-packages/airflow/example_dags/example_dag_decorator.py
[2024-03-02T09:46:48.967-0300] {logging_mixin.py:188} INFO - [2024-03-02T09:46:48.967-0300] {dag.py:3047} INFO - Sync 1 DAGs
[2024-03-02T09:46:48.978-0300] {logging_mixin.py:188} INFO - [2024-03-02T09:46:48.977-0300] {dag.py:3834} INFO - Setting next_dagrun for example_dag_decorator to None, run_after=None
[2024-03-02T09:46:48.999-0300] {processor.py:183} INFO - Processing /home/victor/Área de Trabalho/airflow/venv/lib/python3.10/site-packages/airflow/example_dags/example_dag_decorator.py took 0.161 seconds
[2024-03-02T09:47:19.835-0300] {processor.py:161} INFO - Started process (PID=18162) to work on /home/victor/Área de Trabalho/airflow/venv/lib/python3.10/site-packages/airflow/example_dags/example_dag_decorator.py
[2024-03-02T09:47:19.836-0300] {processor.py:830} INFO - Processing file /home/victor/Área de Trabalho/airflow/venv/lib/python3.10/site-packages/airflow/example_dags/example_dag_decorator.py for tasks to queue
[2024-03-02T09:47:19.837-0300] {logging_mixin.py:188} INFO - [2024-03-02T09:47:19.837-0300] {dagbag.py:540} INFO - Filling up the DagBag from /home/victor/Área de Trabalho/airflow/venv/lib/python3.10/site-packages/airflow/example_dags/example_dag_decorator.py
[2024-03-02T09:47:19.845-0300] {processor.py:840} INFO - DAG(s) 'example_dag_decorator' retrieved from /home/victor/Área de Trabalho/airflow/venv/lib/python3.10/site-packages/airflow/example_dags/example_dag_decorator.py
[2024-03-02T09:47:19.961-0300] {logging_mixin.py:188} INFO - [2024-03-02T09:47:19.960-0300] {dag.py:3047} INFO - Sync 1 DAGs
[2024-03-02T09:47:19.973-0300] {logging_mixin.py:188} INFO - [2024-03-02T09:47:19.973-0300] {dag.py:3834} INFO - Setting next_dagrun for example_dag_decorator to None, run_after=None
[2024-03-02T09:47:19.995-0300] {processor.py:183} INFO - Processing /home/victor/Área de Trabalho/airflow/venv/lib/python3.10/site-packages/airflow/example_dags/example_dag_decorator.py took 0.163 seconds
[2024-03-02T09:47:50.387-0300] {processor.py:161} INFO - Started process (PID=18483) to work on /home/victor/Área de Trabalho/airflow/venv/lib/python3.10/site-packages/airflow/example_dags/example_dag_decorator.py
[2024-03-02T09:47:50.388-0300] {processor.py:830} INFO - Processing file /home/victor/Área de Trabalho/airflow/venv/lib/python3.10/site-packages/airflow/example_dags/example_dag_decorator.py for tasks to queue
[2024-03-02T09:47:50.389-0300] {logging_mixin.py:188} INFO - [2024-03-02T09:47:50.389-0300] {dagbag.py:540} INFO - Filling up the DagBag from /home/victor/Área de Trabalho/airflow/venv/lib/python3.10/site-packages/airflow/example_dags/example_dag_decorator.py
[2024-03-02T09:47:50.398-0300] {processor.py:840} INFO - DAG(s) 'example_dag_decorator' retrieved from /home/victor/Área de Trabalho/airflow/venv/lib/python3.10/site-packages/airflow/example_dags/example_dag_decorator.py
[2024-03-02T09:47:50.515-0300] {logging_mixin.py:188} INFO - [2024-03-02T09:47:50.515-0300] {dag.py:3047} INFO - Sync 1 DAGs
[2024-03-02T09:47:50.526-0300] {logging_mixin.py:188} INFO - [2024-03-02T09:47:50.525-0300] {dag.py:3834} INFO - Setting next_dagrun for example_dag_decorator to None, run_after=None
[2024-03-02T09:47:50.546-0300] {processor.py:183} INFO - Processing /home/victor/Área de Trabalho/airflow/venv/lib/python3.10/site-packages/airflow/example_dags/example_dag_decorator.py took 0.162 seconds
[2024-03-02T09:48:21.061-0300] {processor.py:161} INFO - Started process (PID=18968) to work on /home/victor/Área de Trabalho/airflow/venv/lib/python3.10/site-packages/airflow/example_dags/example_dag_decorator.py
[2024-03-02T09:48:21.062-0300] {processor.py:830} INFO - Processing file /home/victor/Área de Trabalho/airflow/venv/lib/python3.10/site-packages/airflow/example_dags/example_dag_decorator.py for tasks to queue
[2024-03-02T09:48:21.063-0300] {logging_mixin.py:188} INFO - [2024-03-02T09:48:21.062-0300] {dagbag.py:540} INFO - Filling up the DagBag from /home/victor/Área de Trabalho/airflow/venv/lib/python3.10/site-packages/airflow/example_dags/example_dag_decorator.py
[2024-03-02T09:48:21.072-0300] {processor.py:840} INFO - DAG(s) 'example_dag_decorator' retrieved from /home/victor/Área de Trabalho/airflow/venv/lib/python3.10/site-packages/airflow/example_dags/example_dag_decorator.py
[2024-03-02T09:48:21.187-0300] {logging_mixin.py:188} INFO - [2024-03-02T09:48:21.186-0300] {dag.py:3047} INFO - Sync 1 DAGs
[2024-03-02T09:48:21.201-0300] {logging_mixin.py:188} INFO - [2024-03-02T09:48:21.201-0300] {dag.py:3834} INFO - Setting next_dagrun for example_dag_decorator to None, run_after=None
[2024-03-02T09:48:21.226-0300] {processor.py:183} INFO - Processing /home/victor/Área de Trabalho/airflow/venv/lib/python3.10/site-packages/airflow/example_dags/example_dag_decorator.py took 0.168 seconds
[2024-03-02T09:48:51.862-0300] {processor.py:161} INFO - Started process (PID=19312) to work on /home/victor/Área de Trabalho/airflow/venv/lib/python3.10/site-packages/airflow/example_dags/example_dag_decorator.py
[2024-03-02T09:48:51.863-0300] {processor.py:830} INFO - Processing file /home/victor/Área de Trabalho/airflow/venv/lib/python3.10/site-packages/airflow/example_dags/example_dag_decorator.py for tasks to queue
[2024-03-02T09:48:51.864-0300] {logging_mixin.py:188} INFO - [2024-03-02T09:48:51.864-0300] {dagbag.py:540} INFO - Filling up the DagBag from /home/victor/Área de Trabalho/airflow/venv/lib/python3.10/site-packages/airflow/example_dags/example_dag_decorator.py
[2024-03-02T09:48:51.873-0300] {processor.py:840} INFO - DAG(s) 'example_dag_decorator' retrieved from /home/victor/Área de Trabalho/airflow/venv/lib/python3.10/site-packages/airflow/example_dags/example_dag_decorator.py
[2024-03-02T09:48:52.016-0300] {logging_mixin.py:188} INFO - [2024-03-02T09:48:52.015-0300] {dag.py:3047} INFO - Sync 1 DAGs
[2024-03-02T09:48:52.034-0300] {logging_mixin.py:188} INFO - [2024-03-02T09:48:52.034-0300] {dag.py:3834} INFO - Setting next_dagrun for example_dag_decorator to None, run_after=None
[2024-03-02T09:48:52.061-0300] {processor.py:183} INFO - Processing /home/victor/Área de Trabalho/airflow/venv/lib/python3.10/site-packages/airflow/example_dags/example_dag_decorator.py took 0.203 seconds
[2024-03-02T09:49:22.686-0300] {processor.py:161} INFO - Started process (PID=19797) to work on /home/victor/Área de Trabalho/airflow/venv/lib/python3.10/site-packages/airflow/example_dags/example_dag_decorator.py
[2024-03-02T09:49:22.686-0300] {processor.py:830} INFO - Processing file /home/victor/Área de Trabalho/airflow/venv/lib/python3.10/site-packages/airflow/example_dags/example_dag_decorator.py for tasks to queue
[2024-03-02T09:49:22.687-0300] {logging_mixin.py:188} INFO - [2024-03-02T09:49:22.687-0300] {dagbag.py:540} INFO - Filling up the DagBag from /home/victor/Área de Trabalho/airflow/venv/lib/python3.10/site-packages/airflow/example_dags/example_dag_decorator.py
[2024-03-02T09:49:22.697-0300] {processor.py:840} INFO - DAG(s) 'example_dag_decorator' retrieved from /home/victor/Área de Trabalho/airflow/venv/lib/python3.10/site-packages/airflow/example_dags/example_dag_decorator.py
[2024-03-02T09:49:22.812-0300] {logging_mixin.py:188} INFO - [2024-03-02T09:49:22.812-0300] {dag.py:3047} INFO - Sync 1 DAGs
[2024-03-02T09:49:22.823-0300] {logging_mixin.py:188} INFO - [2024-03-02T09:49:22.823-0300] {dag.py:3834} INFO - Setting next_dagrun for example_dag_decorator to None, run_after=None
[2024-03-02T09:49:22.845-0300] {processor.py:183} INFO - Processing /home/victor/Área de Trabalho/airflow/venv/lib/python3.10/site-packages/airflow/example_dags/example_dag_decorator.py took 0.162 seconds
[2024-03-02T09:49:53.298-0300] {processor.py:161} INFO - Started process (PID=20116) to work on /home/victor/Área de Trabalho/airflow/venv/lib/python3.10/site-packages/airflow/example_dags/example_dag_decorator.py
[2024-03-02T09:49:53.300-0300] {processor.py:830} INFO - Processing file /home/victor/Área de Trabalho/airflow/venv/lib/python3.10/site-packages/airflow/example_dags/example_dag_decorator.py for tasks to queue
[2024-03-02T09:49:53.301-0300] {logging_mixin.py:188} INFO - [2024-03-02T09:49:53.300-0300] {dagbag.py:540} INFO - Filling up the DagBag from /home/victor/Área de Trabalho/airflow/venv/lib/python3.10/site-packages/airflow/example_dags/example_dag_decorator.py
[2024-03-02T09:49:53.312-0300] {processor.py:840} INFO - DAG(s) 'example_dag_decorator' retrieved from /home/victor/Área de Trabalho/airflow/venv/lib/python3.10/site-packages/airflow/example_dags/example_dag_decorator.py
[2024-03-02T09:49:53.426-0300] {logging_mixin.py:188} INFO - [2024-03-02T09:49:53.426-0300] {dag.py:3047} INFO - Sync 1 DAGs
[2024-03-02T09:49:53.437-0300] {logging_mixin.py:188} INFO - [2024-03-02T09:49:53.437-0300] {dag.py:3834} INFO - Setting next_dagrun for example_dag_decorator to None, run_after=None
[2024-03-02T09:49:53.459-0300] {processor.py:183} INFO - Processing /home/victor/Área de Trabalho/airflow/venv/lib/python3.10/site-packages/airflow/example_dags/example_dag_decorator.py took 0.164 seconds
[2024-03-02T09:50:23.978-0300] {processor.py:161} INFO - Started process (PID=20599) to work on /home/victor/Área de Trabalho/airflow/venv/lib/python3.10/site-packages/airflow/example_dags/example_dag_decorator.py
[2024-03-02T09:50:23.978-0300] {processor.py:830} INFO - Processing file /home/victor/Área de Trabalho/airflow/venv/lib/python3.10/site-packages/airflow/example_dags/example_dag_decorator.py for tasks to queue
[2024-03-02T09:50:23.979-0300] {logging_mixin.py:188} INFO - [2024-03-02T09:50:23.979-0300] {dagbag.py:540} INFO - Filling up the DagBag from /home/victor/Área de Trabalho/airflow/venv/lib/python3.10/site-packages/airflow/example_dags/example_dag_decorator.py
[2024-03-02T09:50:23.990-0300] {processor.py:840} INFO - DAG(s) 'example_dag_decorator' retrieved from /home/victor/Área de Trabalho/airflow/venv/lib/python3.10/site-packages/airflow/example_dags/example_dag_decorator.py
[2024-03-02T09:50:24.113-0300] {logging_mixin.py:188} INFO - [2024-03-02T09:50:24.113-0300] {dag.py:3047} INFO - Sync 1 DAGs
[2024-03-02T09:50:24.124-0300] {logging_mixin.py:188} INFO - [2024-03-02T09:50:24.124-0300] {dag.py:3834} INFO - Setting next_dagrun for example_dag_decorator to None, run_after=None
[2024-03-02T09:50:24.145-0300] {processor.py:183} INFO - Processing /home/victor/Área de Trabalho/airflow/venv/lib/python3.10/site-packages/airflow/example_dags/example_dag_decorator.py took 0.171 seconds
[2024-03-02T09:50:55.400-0300] {processor.py:161} INFO - Started process (PID=20955) to work on /home/victor/Área de Trabalho/airflow/venv/lib/python3.10/site-packages/airflow/example_dags/example_dag_decorator.py
[2024-03-02T09:50:55.401-0300] {processor.py:830} INFO - Processing file /home/victor/Área de Trabalho/airflow/venv/lib/python3.10/site-packages/airflow/example_dags/example_dag_decorator.py for tasks to queue
[2024-03-02T09:50:55.402-0300] {logging_mixin.py:188} INFO - [2024-03-02T09:50:55.402-0300] {dagbag.py:540} INFO - Filling up the DagBag from /home/victor/Área de Trabalho/airflow/venv/lib/python3.10/site-packages/airflow/example_dags/example_dag_decorator.py
[2024-03-02T09:50:55.412-0300] {processor.py:840} INFO - DAG(s) 'example_dag_decorator' retrieved from /home/victor/Área de Trabalho/airflow/venv/lib/python3.10/site-packages/airflow/example_dags/example_dag_decorator.py
[2024-03-02T09:50:55.525-0300] {logging_mixin.py:188} INFO - [2024-03-02T09:50:55.525-0300] {dag.py:3047} INFO - Sync 1 DAGs
[2024-03-02T09:50:55.536-0300] {logging_mixin.py:188} INFO - [2024-03-02T09:50:55.535-0300] {dag.py:3834} INFO - Setting next_dagrun for example_dag_decorator to None, run_after=None
[2024-03-02T09:50:55.557-0300] {processor.py:183} INFO - Processing /home/victor/Área de Trabalho/airflow/venv/lib/python3.10/site-packages/airflow/example_dags/example_dag_decorator.py took 0.159 seconds
[2024-03-02T09:51:26.088-0300] {processor.py:161} INFO - Started process (PID=21436) to work on /home/victor/Área de Trabalho/airflow/venv/lib/python3.10/site-packages/airflow/example_dags/example_dag_decorator.py
[2024-03-02T09:51:26.088-0300] {processor.py:830} INFO - Processing file /home/victor/Área de Trabalho/airflow/venv/lib/python3.10/site-packages/airflow/example_dags/example_dag_decorator.py for tasks to queue
[2024-03-02T09:51:26.089-0300] {logging_mixin.py:188} INFO - [2024-03-02T09:51:26.089-0300] {dagbag.py:540} INFO - Filling up the DagBag from /home/victor/Área de Trabalho/airflow/venv/lib/python3.10/site-packages/airflow/example_dags/example_dag_decorator.py
[2024-03-02T09:51:26.103-0300] {processor.py:840} INFO - DAG(s) 'example_dag_decorator' retrieved from /home/victor/Área de Trabalho/airflow/venv/lib/python3.10/site-packages/airflow/example_dags/example_dag_decorator.py
[2024-03-02T09:51:26.214-0300] {logging_mixin.py:188} INFO - [2024-03-02T09:51:26.213-0300] {dag.py:3047} INFO - Sync 1 DAGs
[2024-03-02T09:51:26.226-0300] {logging_mixin.py:188} INFO - [2024-03-02T09:51:26.226-0300] {dag.py:3834} INFO - Setting next_dagrun for example_dag_decorator to None, run_after=None
[2024-03-02T09:51:26.248-0300] {processor.py:183} INFO - Processing /home/victor/Área de Trabalho/airflow/venv/lib/python3.10/site-packages/airflow/example_dags/example_dag_decorator.py took 0.164 seconds
[2024-03-02T09:51:56.827-0300] {processor.py:161} INFO - Started process (PID=21759) to work on /home/victor/Área de Trabalho/airflow/venv/lib/python3.10/site-packages/airflow/example_dags/example_dag_decorator.py
[2024-03-02T09:51:56.828-0300] {processor.py:830} INFO - Processing file /home/victor/Área de Trabalho/airflow/venv/lib/python3.10/site-packages/airflow/example_dags/example_dag_decorator.py for tasks to queue
[2024-03-02T09:51:56.829-0300] {logging_mixin.py:188} INFO - [2024-03-02T09:51:56.828-0300] {dagbag.py:540} INFO - Filling up the DagBag from /home/victor/Área de Trabalho/airflow/venv/lib/python3.10/site-packages/airflow/example_dags/example_dag_decorator.py
[2024-03-02T09:51:56.839-0300] {processor.py:840} INFO - DAG(s) 'example_dag_decorator' retrieved from /home/victor/Área de Trabalho/airflow/venv/lib/python3.10/site-packages/airflow/example_dags/example_dag_decorator.py
[2024-03-02T09:51:56.957-0300] {logging_mixin.py:188} INFO - [2024-03-02T09:51:56.957-0300] {dag.py:3047} INFO - Sync 1 DAGs
[2024-03-02T09:51:56.968-0300] {logging_mixin.py:188} INFO - [2024-03-02T09:51:56.967-0300] {dag.py:3834} INFO - Setting next_dagrun for example_dag_decorator to None, run_after=None
[2024-03-02T09:51:56.986-0300] {processor.py:183} INFO - Processing /home/victor/Área de Trabalho/airflow/venv/lib/python3.10/site-packages/airflow/example_dags/example_dag_decorator.py took 0.162 seconds
[2024-03-02T09:52:27.345-0300] {processor.py:161} INFO - Started process (PID=22400) to work on /home/victor/Área de Trabalho/airflow/venv/lib/python3.10/site-packages/airflow/example_dags/example_dag_decorator.py
[2024-03-02T09:52:27.346-0300] {processor.py:830} INFO - Processing file /home/victor/Área de Trabalho/airflow/venv/lib/python3.10/site-packages/airflow/example_dags/example_dag_decorator.py for tasks to queue
[2024-03-02T09:52:27.347-0300] {logging_mixin.py:188} INFO - [2024-03-02T09:52:27.347-0300] {dagbag.py:540} INFO - Filling up the DagBag from /home/victor/Área de Trabalho/airflow/venv/lib/python3.10/site-packages/airflow/example_dags/example_dag_decorator.py
[2024-03-02T09:52:27.356-0300] {processor.py:840} INFO - DAG(s) 'example_dag_decorator' retrieved from /home/victor/Área de Trabalho/airflow/venv/lib/python3.10/site-packages/airflow/example_dags/example_dag_decorator.py
[2024-03-02T09:52:27.469-0300] {logging_mixin.py:188} INFO - [2024-03-02T09:52:27.469-0300] {dag.py:3047} INFO - Sync 1 DAGs
[2024-03-02T09:52:27.480-0300] {logging_mixin.py:188} INFO - [2024-03-02T09:52:27.480-0300] {dag.py:3834} INFO - Setting next_dagrun for example_dag_decorator to None, run_after=None
[2024-03-02T09:52:27.506-0300] {processor.py:183} INFO - Processing /home/victor/Área de Trabalho/airflow/venv/lib/python3.10/site-packages/airflow/example_dags/example_dag_decorator.py took 0.163 seconds
[2024-03-02T09:52:57.994-0300] {processor.py:161} INFO - Started process (PID=22724) to work on /home/victor/Área de Trabalho/airflow/venv/lib/python3.10/site-packages/airflow/example_dags/example_dag_decorator.py
[2024-03-02T09:52:57.995-0300] {processor.py:830} INFO - Processing file /home/victor/Área de Trabalho/airflow/venv/lib/python3.10/site-packages/airflow/example_dags/example_dag_decorator.py for tasks to queue
[2024-03-02T09:52:57.996-0300] {logging_mixin.py:188} INFO - [2024-03-02T09:52:57.995-0300] {dagbag.py:540} INFO - Filling up the DagBag from /home/victor/Área de Trabalho/airflow/venv/lib/python3.10/site-packages/airflow/example_dags/example_dag_decorator.py
[2024-03-02T09:52:58.005-0300] {processor.py:840} INFO - DAG(s) 'example_dag_decorator' retrieved from /home/victor/Área de Trabalho/airflow/venv/lib/python3.10/site-packages/airflow/example_dags/example_dag_decorator.py
[2024-03-02T09:52:58.117-0300] {logging_mixin.py:188} INFO - [2024-03-02T09:52:58.117-0300] {dag.py:3047} INFO - Sync 1 DAGs
[2024-03-02T09:52:58.128-0300] {logging_mixin.py:188} INFO - [2024-03-02T09:52:58.128-0300] {dag.py:3834} INFO - Setting next_dagrun for example_dag_decorator to None, run_after=None
[2024-03-02T09:52:58.153-0300] {processor.py:183} INFO - Processing /home/victor/Área de Trabalho/airflow/venv/lib/python3.10/site-packages/airflow/example_dags/example_dag_decorator.py took 0.162 seconds
[2024-03-02T09:53:28.630-0300] {processor.py:161} INFO - Started process (PID=23210) to work on /home/victor/Área de Trabalho/airflow/venv/lib/python3.10/site-packages/airflow/example_dags/example_dag_decorator.py
[2024-03-02T09:53:28.631-0300] {processor.py:830} INFO - Processing file /home/victor/Área de Trabalho/airflow/venv/lib/python3.10/site-packages/airflow/example_dags/example_dag_decorator.py for tasks to queue
[2024-03-02T09:53:28.632-0300] {logging_mixin.py:188} INFO - [2024-03-02T09:53:28.632-0300] {dagbag.py:540} INFO - Filling up the DagBag from /home/victor/Área de Trabalho/airflow/venv/lib/python3.10/site-packages/airflow/example_dags/example_dag_decorator.py
[2024-03-02T09:53:28.641-0300] {processor.py:840} INFO - DAG(s) 'example_dag_decorator' retrieved from /home/victor/Área de Trabalho/airflow/venv/lib/python3.10/site-packages/airflow/example_dags/example_dag_decorator.py
[2024-03-02T09:53:28.758-0300] {logging_mixin.py:188} INFO - [2024-03-02T09:53:28.757-0300] {dag.py:3047} INFO - Sync 1 DAGs
[2024-03-02T09:53:28.768-0300] {logging_mixin.py:188} INFO - [2024-03-02T09:53:28.768-0300] {dag.py:3834} INFO - Setting next_dagrun for example_dag_decorator to None, run_after=None
[2024-03-02T09:53:28.789-0300] {processor.py:183} INFO - Processing /home/victor/Área de Trabalho/airflow/venv/lib/python3.10/site-packages/airflow/example_dags/example_dag_decorator.py took 0.161 seconds
[2024-03-02T09:53:59.144-0300] {processor.py:161} INFO - Started process (PID=23590) to work on /home/victor/Área de Trabalho/airflow/venv/lib/python3.10/site-packages/airflow/example_dags/example_dag_decorator.py
[2024-03-02T09:53:59.145-0300] {processor.py:830} INFO - Processing file /home/victor/Área de Trabalho/airflow/venv/lib/python3.10/site-packages/airflow/example_dags/example_dag_decorator.py for tasks to queue
[2024-03-02T09:53:59.146-0300] {logging_mixin.py:188} INFO - [2024-03-02T09:53:59.145-0300] {dagbag.py:540} INFO - Filling up the DagBag from /home/victor/Área de Trabalho/airflow/venv/lib/python3.10/site-packages/airflow/example_dags/example_dag_decorator.py
[2024-03-02T09:53:59.154-0300] {processor.py:840} INFO - DAG(s) 'example_dag_decorator' retrieved from /home/victor/Área de Trabalho/airflow/venv/lib/python3.10/site-packages/airflow/example_dags/example_dag_decorator.py
[2024-03-02T09:53:59.271-0300] {logging_mixin.py:188} INFO - [2024-03-02T09:53:59.271-0300] {dag.py:3047} INFO - Sync 1 DAGs
[2024-03-02T09:53:59.281-0300] {logging_mixin.py:188} INFO - [2024-03-02T09:53:59.281-0300] {dag.py:3834} INFO - Setting next_dagrun for example_dag_decorator to None, run_after=None
[2024-03-02T09:53:59.302-0300] {processor.py:183} INFO - Processing /home/victor/Área de Trabalho/airflow/venv/lib/python3.10/site-packages/airflow/example_dags/example_dag_decorator.py took 0.161 seconds
[2024-03-02T09:54:30.394-0300] {processor.py:161} INFO - Started process (PID=24178) to work on /home/victor/Área de Trabalho/airflow/venv/lib/python3.10/site-packages/airflow/example_dags/example_dag_decorator.py
[2024-03-02T09:54:30.395-0300] {processor.py:830} INFO - Processing file /home/victor/Área de Trabalho/airflow/venv/lib/python3.10/site-packages/airflow/example_dags/example_dag_decorator.py for tasks to queue
[2024-03-02T09:54:30.396-0300] {logging_mixin.py:188} INFO - [2024-03-02T09:54:30.396-0300] {dagbag.py:540} INFO - Filling up the DagBag from /home/victor/Área de Trabalho/airflow/venv/lib/python3.10/site-packages/airflow/example_dags/example_dag_decorator.py
[2024-03-02T09:54:30.407-0300] {processor.py:840} INFO - DAG(s) 'example_dag_decorator' retrieved from /home/victor/Área de Trabalho/airflow/venv/lib/python3.10/site-packages/airflow/example_dags/example_dag_decorator.py
[2024-03-02T09:54:30.533-0300] {logging_mixin.py:188} INFO - [2024-03-02T09:54:30.533-0300] {dag.py:3047} INFO - Sync 1 DAGs
[2024-03-02T09:54:30.552-0300] {logging_mixin.py:188} INFO - [2024-03-02T09:54:30.551-0300] {dag.py:3834} INFO - Setting next_dagrun for example_dag_decorator to None, run_after=None
[2024-03-02T09:54:30.582-0300] {processor.py:183} INFO - Processing /home/victor/Área de Trabalho/airflow/venv/lib/python3.10/site-packages/airflow/example_dags/example_dag_decorator.py took 0.190 seconds
[2024-03-02T09:55:00.986-0300] {processor.py:161} INFO - Started process (PID=24736) to work on /home/victor/Área de Trabalho/airflow/venv/lib/python3.10/site-packages/airflow/example_dags/example_dag_decorator.py
[2024-03-02T09:55:00.987-0300] {processor.py:830} INFO - Processing file /home/victor/Área de Trabalho/airflow/venv/lib/python3.10/site-packages/airflow/example_dags/example_dag_decorator.py for tasks to queue
[2024-03-02T09:55:00.988-0300] {logging_mixin.py:188} INFO - [2024-03-02T09:55:00.988-0300] {dagbag.py:540} INFO - Filling up the DagBag from /home/victor/Área de Trabalho/airflow/venv/lib/python3.10/site-packages/airflow/example_dags/example_dag_decorator.py
[2024-03-02T09:55:00.997-0300] {processor.py:840} INFO - DAG(s) 'example_dag_decorator' retrieved from /home/victor/Área de Trabalho/airflow/venv/lib/python3.10/site-packages/airflow/example_dags/example_dag_decorator.py
[2024-03-02T09:55:01.115-0300] {logging_mixin.py:188} INFO - [2024-03-02T09:55:01.114-0300] {dag.py:3047} INFO - Sync 1 DAGs
[2024-03-02T09:55:01.130-0300] {logging_mixin.py:188} INFO - [2024-03-02T09:55:01.130-0300] {dag.py:3834} INFO - Setting next_dagrun for example_dag_decorator to None, run_after=None
[2024-03-02T09:55:01.159-0300] {processor.py:183} INFO - Processing /home/victor/Área de Trabalho/airflow/venv/lib/python3.10/site-packages/airflow/example_dags/example_dag_decorator.py took 0.175 seconds
[2024-03-02T09:55:31.700-0300] {processor.py:161} INFO - Started process (PID=25205) to work on /home/victor/Área de Trabalho/airflow/venv/lib/python3.10/site-packages/airflow/example_dags/example_dag_decorator.py
[2024-03-02T09:55:31.701-0300] {processor.py:830} INFO - Processing file /home/victor/Área de Trabalho/airflow/venv/lib/python3.10/site-packages/airflow/example_dags/example_dag_decorator.py for tasks to queue
[2024-03-02T09:55:31.702-0300] {logging_mixin.py:188} INFO - [2024-03-02T09:55:31.701-0300] {dagbag.py:540} INFO - Filling up the DagBag from /home/victor/Área de Trabalho/airflow/venv/lib/python3.10/site-packages/airflow/example_dags/example_dag_decorator.py
[2024-03-02T09:55:31.710-0300] {processor.py:840} INFO - DAG(s) 'example_dag_decorator' retrieved from /home/victor/Área de Trabalho/airflow/venv/lib/python3.10/site-packages/airflow/example_dags/example_dag_decorator.py
[2024-03-02T09:55:31.816-0300] {logging_mixin.py:188} INFO - [2024-03-02T09:55:31.815-0300] {dag.py:3047} INFO - Sync 1 DAGs
[2024-03-02T09:55:31.825-0300] {logging_mixin.py:188} INFO - [2024-03-02T09:55:31.825-0300] {dag.py:3834} INFO - Setting next_dagrun for example_dag_decorator to None, run_after=None
[2024-03-02T09:55:31.844-0300] {processor.py:183} INFO - Processing /home/victor/Área de Trabalho/airflow/venv/lib/python3.10/site-packages/airflow/example_dags/example_dag_decorator.py took 0.146 seconds
[2024-03-02T09:56:02.059-0300] {processor.py:161} INFO - Started process (PID=25710) to work on /home/victor/Área de Trabalho/airflow/venv/lib/python3.10/site-packages/airflow/example_dags/example_dag_decorator.py
[2024-03-02T09:56:02.060-0300] {processor.py:830} INFO - Processing file /home/victor/Área de Trabalho/airflow/venv/lib/python3.10/site-packages/airflow/example_dags/example_dag_decorator.py for tasks to queue
[2024-03-02T09:56:02.061-0300] {logging_mixin.py:188} INFO - [2024-03-02T09:56:02.060-0300] {dagbag.py:540} INFO - Filling up the DagBag from /home/victor/Área de Trabalho/airflow/venv/lib/python3.10/site-packages/airflow/example_dags/example_dag_decorator.py
[2024-03-02T09:56:02.070-0300] {processor.py:840} INFO - DAG(s) 'example_dag_decorator' retrieved from /home/victor/Área de Trabalho/airflow/venv/lib/python3.10/site-packages/airflow/example_dags/example_dag_decorator.py
[2024-03-02T09:56:02.169-0300] {logging_mixin.py:188} INFO - [2024-03-02T09:56:02.169-0300] {dag.py:3047} INFO - Sync 1 DAGs
[2024-03-02T09:56:02.179-0300] {logging_mixin.py:188} INFO - [2024-03-02T09:56:02.178-0300] {dag.py:3834} INFO - Setting next_dagrun for example_dag_decorator to None, run_after=None
[2024-03-02T09:56:02.196-0300] {processor.py:183} INFO - Processing /home/victor/Área de Trabalho/airflow/venv/lib/python3.10/site-packages/airflow/example_dags/example_dag_decorator.py took 0.140 seconds
[2024-03-02T09:56:32.224-0300] {processor.py:161} INFO - Started process (PID=26024) to work on /home/victor/Área de Trabalho/airflow/venv/lib/python3.10/site-packages/airflow/example_dags/example_dag_decorator.py
[2024-03-02T09:56:32.225-0300] {processor.py:830} INFO - Processing file /home/victor/Área de Trabalho/airflow/venv/lib/python3.10/site-packages/airflow/example_dags/example_dag_decorator.py for tasks to queue
[2024-03-02T09:56:32.226-0300] {logging_mixin.py:188} INFO - [2024-03-02T09:56:32.225-0300] {dagbag.py:540} INFO - Filling up the DagBag from /home/victor/Área de Trabalho/airflow/venv/lib/python3.10/site-packages/airflow/example_dags/example_dag_decorator.py
[2024-03-02T09:56:32.234-0300] {processor.py:840} INFO - DAG(s) 'example_dag_decorator' retrieved from /home/victor/Área de Trabalho/airflow/venv/lib/python3.10/site-packages/airflow/example_dags/example_dag_decorator.py
[2024-03-02T09:56:32.325-0300] {logging_mixin.py:188} INFO - [2024-03-02T09:56:32.325-0300] {dag.py:3047} INFO - Sync 1 DAGs
[2024-03-02T09:56:32.334-0300] {logging_mixin.py:188} INFO - [2024-03-02T09:56:32.334-0300] {dag.py:3834} INFO - Setting next_dagrun for example_dag_decorator to None, run_after=None
[2024-03-02T09:56:32.350-0300] {processor.py:183} INFO - Processing /home/victor/Área de Trabalho/airflow/venv/lib/python3.10/site-packages/airflow/example_dags/example_dag_decorator.py took 0.128 seconds
[2024-03-02T09:57:02.547-0300] {processor.py:161} INFO - Started process (PID=26503) to work on /home/victor/Área de Trabalho/airflow/venv/lib/python3.10/site-packages/airflow/example_dags/example_dag_decorator.py
[2024-03-02T09:57:02.548-0300] {processor.py:830} INFO - Processing file /home/victor/Área de Trabalho/airflow/venv/lib/python3.10/site-packages/airflow/example_dags/example_dag_decorator.py for tasks to queue
[2024-03-02T09:57:02.549-0300] {logging_mixin.py:188} INFO - [2024-03-02T09:57:02.549-0300] {dagbag.py:540} INFO - Filling up the DagBag from /home/victor/Área de Trabalho/airflow/venv/lib/python3.10/site-packages/airflow/example_dags/example_dag_decorator.py
[2024-03-02T09:57:02.558-0300] {processor.py:840} INFO - DAG(s) 'example_dag_decorator' retrieved from /home/victor/Área de Trabalho/airflow/venv/lib/python3.10/site-packages/airflow/example_dags/example_dag_decorator.py
[2024-03-02T09:57:02.665-0300] {logging_mixin.py:188} INFO - [2024-03-02T09:57:02.665-0300] {dag.py:3047} INFO - Sync 1 DAGs
[2024-03-02T09:57:02.674-0300] {logging_mixin.py:188} INFO - [2024-03-02T09:57:02.674-0300] {dag.py:3834} INFO - Setting next_dagrun for example_dag_decorator to None, run_after=None
[2024-03-02T09:57:02.692-0300] {processor.py:183} INFO - Processing /home/victor/Área de Trabalho/airflow/venv/lib/python3.10/site-packages/airflow/example_dags/example_dag_decorator.py took 0.148 seconds
[2024-03-02T09:57:33.142-0300] {processor.py:161} INFO - Started process (PID=26986) to work on /home/victor/Área de Trabalho/airflow/venv/lib/python3.10/site-packages/airflow/example_dags/example_dag_decorator.py
[2024-03-02T09:57:33.142-0300] {processor.py:830} INFO - Processing file /home/victor/Área de Trabalho/airflow/venv/lib/python3.10/site-packages/airflow/example_dags/example_dag_decorator.py for tasks to queue
[2024-03-02T09:57:33.143-0300] {logging_mixin.py:188} INFO - [2024-03-02T09:57:33.143-0300] {dagbag.py:540} INFO - Filling up the DagBag from /home/victor/Área de Trabalho/airflow/venv/lib/python3.10/site-packages/airflow/example_dags/example_dag_decorator.py
[2024-03-02T09:57:33.151-0300] {processor.py:840} INFO - DAG(s) 'example_dag_decorator' retrieved from /home/victor/Área de Trabalho/airflow/venv/lib/python3.10/site-packages/airflow/example_dags/example_dag_decorator.py
[2024-03-02T09:57:33.254-0300] {logging_mixin.py:188} INFO - [2024-03-02T09:57:33.254-0300] {dag.py:3047} INFO - Sync 1 DAGs
[2024-03-02T09:57:33.265-0300] {logging_mixin.py:188} INFO - [2024-03-02T09:57:33.265-0300] {dag.py:3834} INFO - Setting next_dagrun for example_dag_decorator to None, run_after=None
[2024-03-02T09:57:33.286-0300] {processor.py:183} INFO - Processing /home/victor/Área de Trabalho/airflow/venv/lib/python3.10/site-packages/airflow/example_dags/example_dag_decorator.py took 0.147 seconds
[2024-03-02T09:58:03.803-0300] {processor.py:161} INFO - Started process (PID=27529) to work on /home/victor/Área de Trabalho/airflow/venv/lib/python3.10/site-packages/airflow/example_dags/example_dag_decorator.py
[2024-03-02T09:58:03.805-0300] {processor.py:830} INFO - Processing file /home/victor/Área de Trabalho/airflow/venv/lib/python3.10/site-packages/airflow/example_dags/example_dag_decorator.py for tasks to queue
[2024-03-02T09:58:03.805-0300] {logging_mixin.py:188} INFO - [2024-03-02T09:58:03.805-0300] {dagbag.py:540} INFO - Filling up the DagBag from /home/victor/Área de Trabalho/airflow/venv/lib/python3.10/site-packages/airflow/example_dags/example_dag_decorator.py
[2024-03-02T09:58:03.814-0300] {processor.py:840} INFO - DAG(s) 'example_dag_decorator' retrieved from /home/victor/Área de Trabalho/airflow/venv/lib/python3.10/site-packages/airflow/example_dags/example_dag_decorator.py
[2024-03-02T09:58:03.922-0300] {logging_mixin.py:188} INFO - [2024-03-02T09:58:03.922-0300] {dag.py:3047} INFO - Sync 1 DAGs
[2024-03-02T09:58:03.936-0300] {logging_mixin.py:188} INFO - [2024-03-02T09:58:03.936-0300] {dag.py:3834} INFO - Setting next_dagrun for example_dag_decorator to None, run_after=None
[2024-03-02T09:58:03.959-0300] {processor.py:183} INFO - Processing /home/victor/Área de Trabalho/airflow/venv/lib/python3.10/site-packages/airflow/example_dags/example_dag_decorator.py took 0.159 seconds
[2024-03-02T09:58:34.619-0300] {processor.py:161} INFO - Started process (PID=28889) to work on /home/victor/Área de Trabalho/airflow/venv/lib/python3.10/site-packages/airflow/example_dags/example_dag_decorator.py
[2024-03-02T09:58:34.620-0300] {processor.py:830} INFO - Processing file /home/victor/Área de Trabalho/airflow/venv/lib/python3.10/site-packages/airflow/example_dags/example_dag_decorator.py for tasks to queue
[2024-03-02T09:58:34.621-0300] {logging_mixin.py:188} INFO - [2024-03-02T09:58:34.620-0300] {dagbag.py:540} INFO - Filling up the DagBag from /home/victor/Área de Trabalho/airflow/venv/lib/python3.10/site-packages/airflow/example_dags/example_dag_decorator.py
[2024-03-02T09:58:34.629-0300] {processor.py:840} INFO - DAG(s) 'example_dag_decorator' retrieved from /home/victor/Área de Trabalho/airflow/venv/lib/python3.10/site-packages/airflow/example_dags/example_dag_decorator.py
[2024-03-02T09:58:34.758-0300] {logging_mixin.py:188} INFO - [2024-03-02T09:58:34.757-0300] {dag.py:3047} INFO - Sync 1 DAGs
[2024-03-02T09:58:34.768-0300] {logging_mixin.py:188} INFO - [2024-03-02T09:58:34.768-0300] {dag.py:3834} INFO - Setting next_dagrun for example_dag_decorator to None, run_after=None
[2024-03-02T09:58:34.789-0300] {processor.py:183} INFO - Processing /home/victor/Área de Trabalho/airflow/venv/lib/python3.10/site-packages/airflow/example_dags/example_dag_decorator.py took 0.173 seconds
[2024-03-02T09:59:05.196-0300] {processor.py:161} INFO - Started process (PID=29423) to work on /home/victor/Área de Trabalho/airflow/venv/lib/python3.10/site-packages/airflow/example_dags/example_dag_decorator.py
[2024-03-02T09:59:05.197-0300] {processor.py:830} INFO - Processing file /home/victor/Área de Trabalho/airflow/venv/lib/python3.10/site-packages/airflow/example_dags/example_dag_decorator.py for tasks to queue
[2024-03-02T09:59:05.198-0300] {logging_mixin.py:188} INFO - [2024-03-02T09:59:05.198-0300] {dagbag.py:540} INFO - Filling up the DagBag from /home/victor/Área de Trabalho/airflow/venv/lib/python3.10/site-packages/airflow/example_dags/example_dag_decorator.py
[2024-03-02T09:59:05.207-0300] {processor.py:840} INFO - DAG(s) 'example_dag_decorator' retrieved from /home/victor/Área de Trabalho/airflow/venv/lib/python3.10/site-packages/airflow/example_dags/example_dag_decorator.py
[2024-03-02T09:59:05.323-0300] {logging_mixin.py:188} INFO - [2024-03-02T09:59:05.323-0300] {dag.py:3047} INFO - Sync 1 DAGs
[2024-03-02T09:59:05.335-0300] {logging_mixin.py:188} INFO - [2024-03-02T09:59:05.335-0300] {dag.py:3834} INFO - Setting next_dagrun for example_dag_decorator to None, run_after=None
[2024-03-02T09:59:05.355-0300] {processor.py:183} INFO - Processing /home/victor/Área de Trabalho/airflow/venv/lib/python3.10/site-packages/airflow/example_dags/example_dag_decorator.py took 0.162 seconds
