[2024-03-02T09:36:59.344-0300] {processor.py:161} INFO - Started process (PID=7988) to work on /home/victor/Área de Trabalho/airflow/venv/lib/python3.10/site-packages/airflow/example_dags/example_local_kubernetes_executor.py
[2024-03-02T09:36:59.345-0300] {processor.py:830} INFO - Processing file /home/victor/Área de Trabalho/airflow/venv/lib/python3.10/site-packages/airflow/example_dags/example_local_kubernetes_executor.py for tasks to queue
[2024-03-02T09:36:59.346-0300] {logging_mixin.py:188} INFO - [2024-03-02T09:36:59.345-0300] {dagbag.py:540} INFO - Filling up the DagBag from /home/victor/Área de Trabalho/airflow/venv/lib/python3.10/site-packages/airflow/example_dags/example_local_kubernetes_executor.py
[2024-03-02T09:36:59.568-0300] {processor.py:840} INFO - DAG(s) 'example_local_kubernetes_executor' retrieved from /home/victor/Área de Trabalho/airflow/venv/lib/python3.10/site-packages/airflow/example_dags/example_local_kubernetes_executor.py
[2024-03-02T09:36:59.610-0300] {logging_mixin.py:188} INFO - [2024-03-02T09:36:59.609-0300] {dag.py:3047} INFO - Sync 1 DAGs
[2024-03-02T09:36:59.630-0300] {logging_mixin.py:188} INFO - [2024-03-02T09:36:59.629-0300] {dag.py:3834} INFO - Setting next_dagrun for example_local_kubernetes_executor to None, run_after=None
[2024-03-02T09:36:59.650-0300] {processor.py:183} INFO - Processing /home/victor/Área de Trabalho/airflow/venv/lib/python3.10/site-packages/airflow/example_dags/example_local_kubernetes_executor.py took 0.309 seconds
[2024-03-02T09:37:30.847-0300] {processor.py:161} INFO - Started process (PID=9398) to work on /home/victor/Área de Trabalho/airflow/venv/lib/python3.10/site-packages/airflow/example_dags/example_local_kubernetes_executor.py
[2024-03-02T09:37:30.847-0300] {processor.py:830} INFO - Processing file /home/victor/Área de Trabalho/airflow/venv/lib/python3.10/site-packages/airflow/example_dags/example_local_kubernetes_executor.py for tasks to queue
[2024-03-02T09:37:30.848-0300] {logging_mixin.py:188} INFO - [2024-03-02T09:37:30.848-0300] {dagbag.py:540} INFO - Filling up the DagBag from /home/victor/Área de Trabalho/airflow/venv/lib/python3.10/site-packages/airflow/example_dags/example_local_kubernetes_executor.py
[2024-03-02T09:37:31.038-0300] {processor.py:840} INFO - DAG(s) 'example_local_kubernetes_executor' retrieved from /home/victor/Área de Trabalho/airflow/venv/lib/python3.10/site-packages/airflow/example_dags/example_local_kubernetes_executor.py
[2024-03-02T09:37:31.065-0300] {logging_mixin.py:188} WARNING - /home/victor/Área de Trabalho/airflow/venv/lib/python3.10/site-packages/airflow/serialization/serialized_objects.py:1562 DeprecationWarning: This module is deprecated. The `cncf.kubernetes` provider before version 7.4.0 uses this module - you should migrate to a newer version of `cncf.kubernetes` to get rid of this warning. If you import the module via `airflow.kubernetes` import, please use `cncf.kubernetes' provider 7.4.0+ and switch all your imports to use `apache.airflow.providers.cncf.kubernetes` to get rid of the warning.
[2024-03-02T09:37:31.262-0300] {logging_mixin.py:188} INFO - [2024-03-02T09:37:31.261-0300] {dag.py:3047} INFO - Sync 1 DAGs
[2024-03-02T09:37:31.272-0300] {logging_mixin.py:188} INFO - [2024-03-02T09:37:31.272-0300] {dag.py:3834} INFO - Setting next_dagrun for example_local_kubernetes_executor to None, run_after=None
[2024-03-02T09:37:31.293-0300] {processor.py:183} INFO - Processing /home/victor/Área de Trabalho/airflow/venv/lib/python3.10/site-packages/airflow/example_dags/example_local_kubernetes_executor.py took 0.449 seconds
[2024-03-02T09:38:01.954-0300] {processor.py:161} INFO - Started process (PID=10063) to work on /home/victor/Área de Trabalho/airflow/venv/lib/python3.10/site-packages/airflow/example_dags/example_local_kubernetes_executor.py
[2024-03-02T09:38:01.955-0300] {processor.py:830} INFO - Processing file /home/victor/Área de Trabalho/airflow/venv/lib/python3.10/site-packages/airflow/example_dags/example_local_kubernetes_executor.py for tasks to queue
[2024-03-02T09:38:01.956-0300] {logging_mixin.py:188} INFO - [2024-03-02T09:38:01.955-0300] {dagbag.py:540} INFO - Filling up the DagBag from /home/victor/Área de Trabalho/airflow/venv/lib/python3.10/site-packages/airflow/example_dags/example_local_kubernetes_executor.py
[2024-03-02T09:38:02.136-0300] {processor.py:840} INFO - DAG(s) 'example_local_kubernetes_executor' retrieved from /home/victor/Área de Trabalho/airflow/venv/lib/python3.10/site-packages/airflow/example_dags/example_local_kubernetes_executor.py
[2024-03-02T09:38:02.160-0300] {logging_mixin.py:188} WARNING - /home/victor/Área de Trabalho/airflow/venv/lib/python3.10/site-packages/airflow/serialization/serialized_objects.py:1562 DeprecationWarning: This module is deprecated. The `cncf.kubernetes` provider before version 7.4.0 uses this module - you should migrate to a newer version of `cncf.kubernetes` to get rid of this warning. If you import the module via `airflow.kubernetes` import, please use `cncf.kubernetes' provider 7.4.0+ and switch all your imports to use `apache.airflow.providers.cncf.kubernetes` to get rid of the warning.
[2024-03-02T09:38:02.165-0300] {logging_mixin.py:188} INFO - [2024-03-02T09:38:02.165-0300] {dag.py:3047} INFO - Sync 1 DAGs
[2024-03-02T09:38:02.175-0300] {logging_mixin.py:188} INFO - [2024-03-02T09:38:02.175-0300] {dag.py:3834} INFO - Setting next_dagrun for example_local_kubernetes_executor to None, run_after=None
[2024-03-02T09:38:02.193-0300] {processor.py:183} INFO - Processing /home/victor/Área de Trabalho/airflow/venv/lib/python3.10/site-packages/airflow/example_dags/example_local_kubernetes_executor.py took 0.241 seconds
[2024-03-02T09:38:32.344-0300] {processor.py:161} INFO - Started process (PID=10378) to work on /home/victor/Área de Trabalho/airflow/venv/lib/python3.10/site-packages/airflow/example_dags/example_local_kubernetes_executor.py
[2024-03-02T09:38:32.344-0300] {processor.py:830} INFO - Processing file /home/victor/Área de Trabalho/airflow/venv/lib/python3.10/site-packages/airflow/example_dags/example_local_kubernetes_executor.py for tasks to queue
[2024-03-02T09:38:32.345-0300] {logging_mixin.py:188} INFO - [2024-03-02T09:38:32.345-0300] {dagbag.py:540} INFO - Filling up the DagBag from /home/victor/Área de Trabalho/airflow/venv/lib/python3.10/site-packages/airflow/example_dags/example_local_kubernetes_executor.py
[2024-03-02T09:38:32.540-0300] {processor.py:840} INFO - DAG(s) 'example_local_kubernetes_executor' retrieved from /home/victor/Área de Trabalho/airflow/venv/lib/python3.10/site-packages/airflow/example_dags/example_local_kubernetes_executor.py
[2024-03-02T09:38:32.566-0300] {logging_mixin.py:188} WARNING - /home/victor/Área de Trabalho/airflow/venv/lib/python3.10/site-packages/airflow/serialization/serialized_objects.py:1562 DeprecationWarning: This module is deprecated. The `cncf.kubernetes` provider before version 7.4.0 uses this module - you should migrate to a newer version of `cncf.kubernetes` to get rid of this warning. If you import the module via `airflow.kubernetes` import, please use `cncf.kubernetes' provider 7.4.0+ and switch all your imports to use `apache.airflow.providers.cncf.kubernetes` to get rid of the warning.
[2024-03-02T09:38:32.572-0300] {logging_mixin.py:188} INFO - [2024-03-02T09:38:32.572-0300] {dag.py:3047} INFO - Sync 1 DAGs
[2024-03-02T09:38:32.583-0300] {logging_mixin.py:188} INFO - [2024-03-02T09:38:32.583-0300] {dag.py:3834} INFO - Setting next_dagrun for example_local_kubernetes_executor to None, run_after=None
[2024-03-02T09:38:32.601-0300] {processor.py:183} INFO - Processing /home/victor/Área de Trabalho/airflow/venv/lib/python3.10/site-packages/airflow/example_dags/example_local_kubernetes_executor.py took 0.260 seconds
[2024-03-02T09:39:03.740-0300] {processor.py:161} INFO - Started process (PID=10946) to work on /home/victor/Área de Trabalho/airflow/venv/lib/python3.10/site-packages/airflow/example_dags/example_local_kubernetes_executor.py
[2024-03-02T09:39:03.742-0300] {processor.py:830} INFO - Processing file /home/victor/Área de Trabalho/airflow/venv/lib/python3.10/site-packages/airflow/example_dags/example_local_kubernetes_executor.py for tasks to queue
[2024-03-02T09:39:03.743-0300] {logging_mixin.py:188} INFO - [2024-03-02T09:39:03.742-0300] {dagbag.py:540} INFO - Filling up the DagBag from /home/victor/Área de Trabalho/airflow/venv/lib/python3.10/site-packages/airflow/example_dags/example_local_kubernetes_executor.py
[2024-03-02T09:39:03.944-0300] {processor.py:840} INFO - DAG(s) 'example_local_kubernetes_executor' retrieved from /home/victor/Área de Trabalho/airflow/venv/lib/python3.10/site-packages/airflow/example_dags/example_local_kubernetes_executor.py
[2024-03-02T09:39:03.976-0300] {logging_mixin.py:188} WARNING - /home/victor/Área de Trabalho/airflow/venv/lib/python3.10/site-packages/airflow/serialization/serialized_objects.py:1562 DeprecationWarning: This module is deprecated. The `cncf.kubernetes` provider before version 7.4.0 uses this module - you should migrate to a newer version of `cncf.kubernetes` to get rid of this warning. If you import the module via `airflow.kubernetes` import, please use `cncf.kubernetes' provider 7.4.0+ and switch all your imports to use `apache.airflow.providers.cncf.kubernetes` to get rid of the warning.
[2024-03-02T09:39:03.983-0300] {logging_mixin.py:188} INFO - [2024-03-02T09:39:03.983-0300] {dag.py:3047} INFO - Sync 1 DAGs
[2024-03-02T09:39:03.995-0300] {logging_mixin.py:188} INFO - [2024-03-02T09:39:03.994-0300] {dag.py:3834} INFO - Setting next_dagrun for example_local_kubernetes_executor to None, run_after=None
[2024-03-02T09:39:04.013-0300] {processor.py:183} INFO - Processing /home/victor/Área de Trabalho/airflow/venv/lib/python3.10/site-packages/airflow/example_dags/example_local_kubernetes_executor.py took 0.276 seconds
[2024-03-02T09:39:34.929-0300] {processor.py:161} INFO - Started process (PID=11534) to work on /home/victor/Área de Trabalho/airflow/venv/lib/python3.10/site-packages/airflow/example_dags/example_local_kubernetes_executor.py
[2024-03-02T09:39:34.931-0300] {processor.py:830} INFO - Processing file /home/victor/Área de Trabalho/airflow/venv/lib/python3.10/site-packages/airflow/example_dags/example_local_kubernetes_executor.py for tasks to queue
[2024-03-02T09:39:34.932-0300] {logging_mixin.py:188} INFO - [2024-03-02T09:39:34.932-0300] {dagbag.py:540} INFO - Filling up the DagBag from /home/victor/Área de Trabalho/airflow/venv/lib/python3.10/site-packages/airflow/example_dags/example_local_kubernetes_executor.py
[2024-03-02T09:39:35.113-0300] {processor.py:840} INFO - DAG(s) 'example_local_kubernetes_executor' retrieved from /home/victor/Área de Trabalho/airflow/venv/lib/python3.10/site-packages/airflow/example_dags/example_local_kubernetes_executor.py
[2024-03-02T09:39:35.140-0300] {logging_mixin.py:188} WARNING - /home/victor/Área de Trabalho/airflow/venv/lib/python3.10/site-packages/airflow/serialization/serialized_objects.py:1562 DeprecationWarning: This module is deprecated. The `cncf.kubernetes` provider before version 7.4.0 uses this module - you should migrate to a newer version of `cncf.kubernetes` to get rid of this warning. If you import the module via `airflow.kubernetes` import, please use `cncf.kubernetes' provider 7.4.0+ and switch all your imports to use `apache.airflow.providers.cncf.kubernetes` to get rid of the warning.
[2024-03-02T09:39:35.146-0300] {logging_mixin.py:188} INFO - [2024-03-02T09:39:35.145-0300] {dag.py:3047} INFO - Sync 1 DAGs
[2024-03-02T09:39:35.156-0300] {logging_mixin.py:188} INFO - [2024-03-02T09:39:35.156-0300] {dag.py:3834} INFO - Setting next_dagrun for example_local_kubernetes_executor to None, run_after=None
[2024-03-02T09:39:35.173-0300] {processor.py:183} INFO - Processing /home/victor/Área de Trabalho/airflow/venv/lib/python3.10/site-packages/airflow/example_dags/example_local_kubernetes_executor.py took 0.246 seconds
[2024-03-02T09:40:06.233-0300] {processor.py:161} INFO - Started process (PID=12011) to work on /home/victor/Área de Trabalho/airflow/venv/lib/python3.10/site-packages/airflow/example_dags/example_local_kubernetes_executor.py
[2024-03-02T09:40:06.234-0300] {processor.py:830} INFO - Processing file /home/victor/Área de Trabalho/airflow/venv/lib/python3.10/site-packages/airflow/example_dags/example_local_kubernetes_executor.py for tasks to queue
[2024-03-02T09:40:06.235-0300] {logging_mixin.py:188} INFO - [2024-03-02T09:40:06.235-0300] {dagbag.py:540} INFO - Filling up the DagBag from /home/victor/Área de Trabalho/airflow/venv/lib/python3.10/site-packages/airflow/example_dags/example_local_kubernetes_executor.py
[2024-03-02T09:40:06.434-0300] {processor.py:840} INFO - DAG(s) 'example_local_kubernetes_executor' retrieved from /home/victor/Área de Trabalho/airflow/venv/lib/python3.10/site-packages/airflow/example_dags/example_local_kubernetes_executor.py
[2024-03-02T09:40:06.463-0300] {logging_mixin.py:188} WARNING - /home/victor/Área de Trabalho/airflow/venv/lib/python3.10/site-packages/airflow/serialization/serialized_objects.py:1562 DeprecationWarning: This module is deprecated. The `cncf.kubernetes` provider before version 7.4.0 uses this module - you should migrate to a newer version of `cncf.kubernetes` to get rid of this warning. If you import the module via `airflow.kubernetes` import, please use `cncf.kubernetes' provider 7.4.0+ and switch all your imports to use `apache.airflow.providers.cncf.kubernetes` to get rid of the warning.
[2024-03-02T09:40:06.470-0300] {logging_mixin.py:188} INFO - [2024-03-02T09:40:06.470-0300] {dag.py:3047} INFO - Sync 1 DAGs
[2024-03-02T09:40:06.482-0300] {logging_mixin.py:188} INFO - [2024-03-02T09:40:06.481-0300] {dag.py:3834} INFO - Setting next_dagrun for example_local_kubernetes_executor to None, run_after=None
[2024-03-02T09:40:06.500-0300] {processor.py:183} INFO - Processing /home/victor/Área de Trabalho/airflow/venv/lib/python3.10/site-packages/airflow/example_dags/example_local_kubernetes_executor.py took 0.270 seconds
[2024-03-02T09:40:37.651-0300] {processor.py:161} INFO - Started process (PID=12388) to work on /home/victor/Área de Trabalho/airflow/venv/lib/python3.10/site-packages/airflow/example_dags/example_local_kubernetes_executor.py
[2024-03-02T09:40:37.652-0300] {processor.py:830} INFO - Processing file /home/victor/Área de Trabalho/airflow/venv/lib/python3.10/site-packages/airflow/example_dags/example_local_kubernetes_executor.py for tasks to queue
[2024-03-02T09:40:37.653-0300] {logging_mixin.py:188} INFO - [2024-03-02T09:40:37.653-0300] {dagbag.py:540} INFO - Filling up the DagBag from /home/victor/Área de Trabalho/airflow/venv/lib/python3.10/site-packages/airflow/example_dags/example_local_kubernetes_executor.py
[2024-03-02T09:40:37.870-0300] {processor.py:840} INFO - DAG(s) 'example_local_kubernetes_executor' retrieved from /home/victor/Área de Trabalho/airflow/venv/lib/python3.10/site-packages/airflow/example_dags/example_local_kubernetes_executor.py
[2024-03-02T09:40:37.903-0300] {logging_mixin.py:188} WARNING - /home/victor/Área de Trabalho/airflow/venv/lib/python3.10/site-packages/airflow/serialization/serialized_objects.py:1562 DeprecationWarning: This module is deprecated. The `cncf.kubernetes` provider before version 7.4.0 uses this module - you should migrate to a newer version of `cncf.kubernetes` to get rid of this warning. If you import the module via `airflow.kubernetes` import, please use `cncf.kubernetes' provider 7.4.0+ and switch all your imports to use `apache.airflow.providers.cncf.kubernetes` to get rid of the warning.
[2024-03-02T09:40:37.917-0300] {logging_mixin.py:188} INFO - [2024-03-02T09:40:37.916-0300] {dag.py:3047} INFO - Sync 1 DAGs
[2024-03-02T09:40:37.931-0300] {logging_mixin.py:188} INFO - [2024-03-02T09:40:37.930-0300] {dag.py:3834} INFO - Setting next_dagrun for example_local_kubernetes_executor to None, run_after=None
[2024-03-02T09:40:37.954-0300] {processor.py:183} INFO - Processing /home/victor/Área de Trabalho/airflow/venv/lib/python3.10/site-packages/airflow/example_dags/example_local_kubernetes_executor.py took 0.306 seconds
[2024-03-02T09:41:08.726-0300] {processor.py:161} INFO - Started process (PID=12864) to work on /home/victor/Área de Trabalho/airflow/venv/lib/python3.10/site-packages/airflow/example_dags/example_local_kubernetes_executor.py
[2024-03-02T09:41:08.727-0300] {processor.py:830} INFO - Processing file /home/victor/Área de Trabalho/airflow/venv/lib/python3.10/site-packages/airflow/example_dags/example_local_kubernetes_executor.py for tasks to queue
[2024-03-02T09:41:08.728-0300] {logging_mixin.py:188} INFO - [2024-03-02T09:41:08.727-0300] {dagbag.py:540} INFO - Filling up the DagBag from /home/victor/Área de Trabalho/airflow/venv/lib/python3.10/site-packages/airflow/example_dags/example_local_kubernetes_executor.py
[2024-03-02T09:41:08.940-0300] {processor.py:840} INFO - DAG(s) 'example_local_kubernetes_executor' retrieved from /home/victor/Área de Trabalho/airflow/venv/lib/python3.10/site-packages/airflow/example_dags/example_local_kubernetes_executor.py
[2024-03-02T09:41:08.981-0300] {logging_mixin.py:188} WARNING - /home/victor/Área de Trabalho/airflow/venv/lib/python3.10/site-packages/airflow/serialization/serialized_objects.py:1562 DeprecationWarning: This module is deprecated. The `cncf.kubernetes` provider before version 7.4.0 uses this module - you should migrate to a newer version of `cncf.kubernetes` to get rid of this warning. If you import the module via `airflow.kubernetes` import, please use `cncf.kubernetes' provider 7.4.0+ and switch all your imports to use `apache.airflow.providers.cncf.kubernetes` to get rid of the warning.
[2024-03-02T09:41:08.988-0300] {logging_mixin.py:188} INFO - [2024-03-02T09:41:08.988-0300] {dag.py:3047} INFO - Sync 1 DAGs
[2024-03-02T09:41:09.001-0300] {logging_mixin.py:188} INFO - [2024-03-02T09:41:09.001-0300] {dag.py:3834} INFO - Setting next_dagrun for example_local_kubernetes_executor to None, run_after=None
[2024-03-02T09:41:09.023-0300] {processor.py:183} INFO - Processing /home/victor/Área de Trabalho/airflow/venv/lib/python3.10/site-packages/airflow/example_dags/example_local_kubernetes_executor.py took 0.301 seconds
[2024-03-02T09:41:39.420-0300] {processor.py:161} INFO - Started process (PID=13179) to work on /home/victor/Área de Trabalho/airflow/venv/lib/python3.10/site-packages/airflow/example_dags/example_local_kubernetes_executor.py
[2024-03-02T09:41:39.421-0300] {processor.py:830} INFO - Processing file /home/victor/Área de Trabalho/airflow/venv/lib/python3.10/site-packages/airflow/example_dags/example_local_kubernetes_executor.py for tasks to queue
[2024-03-02T09:41:39.422-0300] {logging_mixin.py:188} INFO - [2024-03-02T09:41:39.422-0300] {dagbag.py:540} INFO - Filling up the DagBag from /home/victor/Área de Trabalho/airflow/venv/lib/python3.10/site-packages/airflow/example_dags/example_local_kubernetes_executor.py
[2024-03-02T09:41:39.656-0300] {processor.py:840} INFO - DAG(s) 'example_local_kubernetes_executor' retrieved from /home/victor/Área de Trabalho/airflow/venv/lib/python3.10/site-packages/airflow/example_dags/example_local_kubernetes_executor.py
[2024-03-02T09:41:39.684-0300] {logging_mixin.py:188} WARNING - /home/victor/Área de Trabalho/airflow/venv/lib/python3.10/site-packages/airflow/serialization/serialized_objects.py:1562 DeprecationWarning: This module is deprecated. The `cncf.kubernetes` provider before version 7.4.0 uses this module - you should migrate to a newer version of `cncf.kubernetes` to get rid of this warning. If you import the module via `airflow.kubernetes` import, please use `cncf.kubernetes' provider 7.4.0+ and switch all your imports to use `apache.airflow.providers.cncf.kubernetes` to get rid of the warning.
[2024-03-02T09:41:39.691-0300] {logging_mixin.py:188} INFO - [2024-03-02T09:41:39.690-0300] {dag.py:3047} INFO - Sync 1 DAGs
[2024-03-02T09:41:39.702-0300] {logging_mixin.py:188} INFO - [2024-03-02T09:41:39.702-0300] {dag.py:3834} INFO - Setting next_dagrun for example_local_kubernetes_executor to None, run_after=None
[2024-03-02T09:41:39.721-0300] {processor.py:183} INFO - Processing /home/victor/Área de Trabalho/airflow/venv/lib/python3.10/site-packages/airflow/example_dags/example_local_kubernetes_executor.py took 0.304 seconds
[2024-03-02T09:42:10.333-0300] {processor.py:161} INFO - Started process (PID=13821) to work on /home/victor/Área de Trabalho/airflow/venv/lib/python3.10/site-packages/airflow/example_dags/example_local_kubernetes_executor.py
[2024-03-02T09:42:10.334-0300] {processor.py:830} INFO - Processing file /home/victor/Área de Trabalho/airflow/venv/lib/python3.10/site-packages/airflow/example_dags/example_local_kubernetes_executor.py for tasks to queue
[2024-03-02T09:42:10.334-0300] {logging_mixin.py:188} INFO - [2024-03-02T09:42:10.334-0300] {dagbag.py:540} INFO - Filling up the DagBag from /home/victor/Área de Trabalho/airflow/venv/lib/python3.10/site-packages/airflow/example_dags/example_local_kubernetes_executor.py
[2024-03-02T09:42:10.551-0300] {processor.py:840} INFO - DAG(s) 'example_local_kubernetes_executor' retrieved from /home/victor/Área de Trabalho/airflow/venv/lib/python3.10/site-packages/airflow/example_dags/example_local_kubernetes_executor.py
[2024-03-02T09:42:10.580-0300] {logging_mixin.py:188} WARNING - /home/victor/Área de Trabalho/airflow/venv/lib/python3.10/site-packages/airflow/serialization/serialized_objects.py:1562 DeprecationWarning: This module is deprecated. The `cncf.kubernetes` provider before version 7.4.0 uses this module - you should migrate to a newer version of `cncf.kubernetes` to get rid of this warning. If you import the module via `airflow.kubernetes` import, please use `cncf.kubernetes' provider 7.4.0+ and switch all your imports to use `apache.airflow.providers.cncf.kubernetes` to get rid of the warning.
[2024-03-02T09:42:10.592-0300] {logging_mixin.py:188} INFO - [2024-03-02T09:42:10.590-0300] {dag.py:3047} INFO - Sync 1 DAGs
[2024-03-02T09:42:10.604-0300] {logging_mixin.py:188} INFO - [2024-03-02T09:42:10.604-0300] {dag.py:3834} INFO - Setting next_dagrun for example_local_kubernetes_executor to None, run_after=None
[2024-03-02T09:42:10.627-0300] {processor.py:183} INFO - Processing /home/victor/Área de Trabalho/airflow/venv/lib/python3.10/site-packages/airflow/example_dags/example_local_kubernetes_executor.py took 0.297 seconds
[2024-03-02T09:42:41.218-0300] {processor.py:161} INFO - Started process (PID=14133) to work on /home/victor/Área de Trabalho/airflow/venv/lib/python3.10/site-packages/airflow/example_dags/example_local_kubernetes_executor.py
[2024-03-02T09:42:41.219-0300] {processor.py:830} INFO - Processing file /home/victor/Área de Trabalho/airflow/venv/lib/python3.10/site-packages/airflow/example_dags/example_local_kubernetes_executor.py for tasks to queue
[2024-03-02T09:42:41.220-0300] {logging_mixin.py:188} INFO - [2024-03-02T09:42:41.220-0300] {dagbag.py:540} INFO - Filling up the DagBag from /home/victor/Área de Trabalho/airflow/venv/lib/python3.10/site-packages/airflow/example_dags/example_local_kubernetes_executor.py
[2024-03-02T09:42:41.528-0300] {processor.py:840} INFO - DAG(s) 'example_local_kubernetes_executor' retrieved from /home/victor/Área de Trabalho/airflow/venv/lib/python3.10/site-packages/airflow/example_dags/example_local_kubernetes_executor.py
[2024-03-02T09:42:41.561-0300] {logging_mixin.py:188} WARNING - /home/victor/Área de Trabalho/airflow/venv/lib/python3.10/site-packages/airflow/serialization/serialized_objects.py:1562 DeprecationWarning: This module is deprecated. The `cncf.kubernetes` provider before version 7.4.0 uses this module - you should migrate to a newer version of `cncf.kubernetes` to get rid of this warning. If you import the module via `airflow.kubernetes` import, please use `cncf.kubernetes' provider 7.4.0+ and switch all your imports to use `apache.airflow.providers.cncf.kubernetes` to get rid of the warning.
[2024-03-02T09:42:41.570-0300] {logging_mixin.py:188} INFO - [2024-03-02T09:42:41.569-0300] {dag.py:3047} INFO - Sync 1 DAGs
[2024-03-02T09:42:41.586-0300] {logging_mixin.py:188} INFO - [2024-03-02T09:42:41.585-0300] {dag.py:3834} INFO - Setting next_dagrun for example_local_kubernetes_executor to None, run_after=None
[2024-03-02T09:42:41.613-0300] {processor.py:183} INFO - Processing /home/victor/Área de Trabalho/airflow/venv/lib/python3.10/site-packages/airflow/example_dags/example_local_kubernetes_executor.py took 0.398 seconds
[2024-03-02T09:43:12.326-0300] {processor.py:161} INFO - Started process (PID=14613) to work on /home/victor/Área de Trabalho/airflow/venv/lib/python3.10/site-packages/airflow/example_dags/example_local_kubernetes_executor.py
[2024-03-02T09:43:12.327-0300] {processor.py:830} INFO - Processing file /home/victor/Área de Trabalho/airflow/venv/lib/python3.10/site-packages/airflow/example_dags/example_local_kubernetes_executor.py for tasks to queue
[2024-03-02T09:43:12.329-0300] {logging_mixin.py:188} INFO - [2024-03-02T09:43:12.328-0300] {dagbag.py:540} INFO - Filling up the DagBag from /home/victor/Área de Trabalho/airflow/venv/lib/python3.10/site-packages/airflow/example_dags/example_local_kubernetes_executor.py
[2024-03-02T09:43:12.574-0300] {processor.py:840} INFO - DAG(s) 'example_local_kubernetes_executor' retrieved from /home/victor/Área de Trabalho/airflow/venv/lib/python3.10/site-packages/airflow/example_dags/example_local_kubernetes_executor.py
[2024-03-02T09:43:12.602-0300] {logging_mixin.py:188} WARNING - /home/victor/Área de Trabalho/airflow/venv/lib/python3.10/site-packages/airflow/serialization/serialized_objects.py:1562 DeprecationWarning: This module is deprecated. The `cncf.kubernetes` provider before version 7.4.0 uses this module - you should migrate to a newer version of `cncf.kubernetes` to get rid of this warning. If you import the module via `airflow.kubernetes` import, please use `cncf.kubernetes' provider 7.4.0+ and switch all your imports to use `apache.airflow.providers.cncf.kubernetes` to get rid of the warning.
[2024-03-02T09:43:12.611-0300] {logging_mixin.py:188} INFO - [2024-03-02T09:43:12.610-0300] {dag.py:3047} INFO - Sync 1 DAGs
[2024-03-02T09:43:12.626-0300] {logging_mixin.py:188} INFO - [2024-03-02T09:43:12.625-0300] {dag.py:3834} INFO - Setting next_dagrun for example_local_kubernetes_executor to None, run_after=None
[2024-03-02T09:43:12.787-0300] {processor.py:183} INFO - Processing /home/victor/Área de Trabalho/airflow/venv/lib/python3.10/site-packages/airflow/example_dags/example_local_kubernetes_executor.py took 0.464 seconds
[2024-03-02T09:43:42.997-0300] {processor.py:161} INFO - Started process (PID=14935) to work on /home/victor/Área de Trabalho/airflow/venv/lib/python3.10/site-packages/airflow/example_dags/example_local_kubernetes_executor.py
[2024-03-02T09:43:42.997-0300] {processor.py:830} INFO - Processing file /home/victor/Área de Trabalho/airflow/venv/lib/python3.10/site-packages/airflow/example_dags/example_local_kubernetes_executor.py for tasks to queue
[2024-03-02T09:43:42.998-0300] {logging_mixin.py:188} INFO - [2024-03-02T09:43:42.998-0300] {dagbag.py:540} INFO - Filling up the DagBag from /home/victor/Área de Trabalho/airflow/venv/lib/python3.10/site-packages/airflow/example_dags/example_local_kubernetes_executor.py
[2024-03-02T09:43:43.199-0300] {processor.py:840} INFO - DAG(s) 'example_local_kubernetes_executor' retrieved from /home/victor/Área de Trabalho/airflow/venv/lib/python3.10/site-packages/airflow/example_dags/example_local_kubernetes_executor.py
[2024-03-02T09:43:43.228-0300] {logging_mixin.py:188} WARNING - /home/victor/Área de Trabalho/airflow/venv/lib/python3.10/site-packages/airflow/serialization/serialized_objects.py:1562 DeprecationWarning: This module is deprecated. The `cncf.kubernetes` provider before version 7.4.0 uses this module - you should migrate to a newer version of `cncf.kubernetes` to get rid of this warning. If you import the module via `airflow.kubernetes` import, please use `cncf.kubernetes' provider 7.4.0+ and switch all your imports to use `apache.airflow.providers.cncf.kubernetes` to get rid of the warning.
[2024-03-02T09:43:43.237-0300] {logging_mixin.py:188} INFO - [2024-03-02T09:43:43.237-0300] {dag.py:3047} INFO - Sync 1 DAGs
[2024-03-02T09:43:43.249-0300] {logging_mixin.py:188} INFO - [2024-03-02T09:43:43.249-0300] {dag.py:3834} INFO - Setting next_dagrun for example_local_kubernetes_executor to None, run_after=None
[2024-03-02T09:43:43.271-0300] {processor.py:183} INFO - Processing /home/victor/Área de Trabalho/airflow/venv/lib/python3.10/site-packages/airflow/example_dags/example_local_kubernetes_executor.py took 0.278 seconds
[2024-03-02T09:44:14.510-0300] {processor.py:161} INFO - Started process (PID=15425) to work on /home/victor/Área de Trabalho/airflow/venv/lib/python3.10/site-packages/airflow/example_dags/example_local_kubernetes_executor.py
[2024-03-02T09:44:14.511-0300] {processor.py:830} INFO - Processing file /home/victor/Área de Trabalho/airflow/venv/lib/python3.10/site-packages/airflow/example_dags/example_local_kubernetes_executor.py for tasks to queue
[2024-03-02T09:44:14.512-0300] {logging_mixin.py:188} INFO - [2024-03-02T09:44:14.511-0300] {dagbag.py:540} INFO - Filling up the DagBag from /home/victor/Área de Trabalho/airflow/venv/lib/python3.10/site-packages/airflow/example_dags/example_local_kubernetes_executor.py
[2024-03-02T09:44:14.719-0300] {processor.py:840} INFO - DAG(s) 'example_local_kubernetes_executor' retrieved from /home/victor/Área de Trabalho/airflow/venv/lib/python3.10/site-packages/airflow/example_dags/example_local_kubernetes_executor.py
[2024-03-02T09:44:14.753-0300] {logging_mixin.py:188} WARNING - /home/victor/Área de Trabalho/airflow/venv/lib/python3.10/site-packages/airflow/serialization/serialized_objects.py:1562 DeprecationWarning: This module is deprecated. The `cncf.kubernetes` provider before version 7.4.0 uses this module - you should migrate to a newer version of `cncf.kubernetes` to get rid of this warning. If you import the module via `airflow.kubernetes` import, please use `cncf.kubernetes' provider 7.4.0+ and switch all your imports to use `apache.airflow.providers.cncf.kubernetes` to get rid of the warning.
[2024-03-02T09:44:14.760-0300] {logging_mixin.py:188} INFO - [2024-03-02T09:44:14.760-0300] {dag.py:3047} INFO - Sync 1 DAGs
[2024-03-02T09:44:14.774-0300] {logging_mixin.py:188} INFO - [2024-03-02T09:44:14.773-0300] {dag.py:3834} INFO - Setting next_dagrun for example_local_kubernetes_executor to None, run_after=None
[2024-03-02T09:44:14.794-0300] {processor.py:183} INFO - Processing /home/victor/Área de Trabalho/airflow/venv/lib/python3.10/site-packages/airflow/example_dags/example_local_kubernetes_executor.py took 0.287 seconds
[2024-03-02T09:44:45.177-0300] {processor.py:161} INFO - Started process (PID=15748) to work on /home/victor/Área de Trabalho/airflow/venv/lib/python3.10/site-packages/airflow/example_dags/example_local_kubernetes_executor.py
[2024-03-02T09:44:45.177-0300] {processor.py:830} INFO - Processing file /home/victor/Área de Trabalho/airflow/venv/lib/python3.10/site-packages/airflow/example_dags/example_local_kubernetes_executor.py for tasks to queue
[2024-03-02T09:44:45.178-0300] {logging_mixin.py:188} INFO - [2024-03-02T09:44:45.178-0300] {dagbag.py:540} INFO - Filling up the DagBag from /home/victor/Área de Trabalho/airflow/venv/lib/python3.10/site-packages/airflow/example_dags/example_local_kubernetes_executor.py
[2024-03-02T09:44:45.391-0300] {processor.py:840} INFO - DAG(s) 'example_local_kubernetes_executor' retrieved from /home/victor/Área de Trabalho/airflow/venv/lib/python3.10/site-packages/airflow/example_dags/example_local_kubernetes_executor.py
[2024-03-02T09:44:45.540-0300] {logging_mixin.py:188} WARNING - /home/victor/Área de Trabalho/airflow/venv/lib/python3.10/site-packages/airflow/serialization/serialized_objects.py:1562 DeprecationWarning: This module is deprecated. The `cncf.kubernetes` provider before version 7.4.0 uses this module - you should migrate to a newer version of `cncf.kubernetes` to get rid of this warning. If you import the module via `airflow.kubernetes` import, please use `cncf.kubernetes' provider 7.4.0+ and switch all your imports to use `apache.airflow.providers.cncf.kubernetes` to get rid of the warning.
[2024-03-02T09:44:45.548-0300] {logging_mixin.py:188} INFO - [2024-03-02T09:44:45.547-0300] {dag.py:3047} INFO - Sync 1 DAGs
[2024-03-02T09:44:45.559-0300] {logging_mixin.py:188} INFO - [2024-03-02T09:44:45.559-0300] {dag.py:3834} INFO - Setting next_dagrun for example_local_kubernetes_executor to None, run_after=None
[2024-03-02T09:44:45.580-0300] {processor.py:183} INFO - Processing /home/victor/Área de Trabalho/airflow/venv/lib/python3.10/site-packages/airflow/example_dags/example_local_kubernetes_executor.py took 0.406 seconds
[2024-03-02T09:45:16.284-0300] {processor.py:161} INFO - Started process (PID=16233) to work on /home/victor/Área de Trabalho/airflow/venv/lib/python3.10/site-packages/airflow/example_dags/example_local_kubernetes_executor.py
[2024-03-02T09:45:16.285-0300] {processor.py:830} INFO - Processing file /home/victor/Área de Trabalho/airflow/venv/lib/python3.10/site-packages/airflow/example_dags/example_local_kubernetes_executor.py for tasks to queue
[2024-03-02T09:45:16.285-0300] {logging_mixin.py:188} INFO - [2024-03-02T09:45:16.285-0300] {dagbag.py:540} INFO - Filling up the DagBag from /home/victor/Área de Trabalho/airflow/venv/lib/python3.10/site-packages/airflow/example_dags/example_local_kubernetes_executor.py
[2024-03-02T09:45:16.590-0300] {processor.py:840} INFO - DAG(s) 'example_local_kubernetes_executor' retrieved from /home/victor/Área de Trabalho/airflow/venv/lib/python3.10/site-packages/airflow/example_dags/example_local_kubernetes_executor.py
[2024-03-02T09:45:16.622-0300] {logging_mixin.py:188} WARNING - /home/victor/Área de Trabalho/airflow/venv/lib/python3.10/site-packages/airflow/serialization/serialized_objects.py:1562 DeprecationWarning: This module is deprecated. The `cncf.kubernetes` provider before version 7.4.0 uses this module - you should migrate to a newer version of `cncf.kubernetes` to get rid of this warning. If you import the module via `airflow.kubernetes` import, please use `cncf.kubernetes' provider 7.4.0+ and switch all your imports to use `apache.airflow.providers.cncf.kubernetes` to get rid of the warning.
[2024-03-02T09:45:16.801-0300] {logging_mixin.py:188} INFO - [2024-03-02T09:45:16.631-0300] {dag.py:3047} INFO - Sync 1 DAGs
[2024-03-02T09:45:16.816-0300] {logging_mixin.py:188} INFO - [2024-03-02T09:45:16.815-0300] {dag.py:3834} INFO - Setting next_dagrun for example_local_kubernetes_executor to None, run_after=None
[2024-03-02T09:45:16.839-0300] {processor.py:183} INFO - Processing /home/victor/Área de Trabalho/airflow/venv/lib/python3.10/site-packages/airflow/example_dags/example_local_kubernetes_executor.py took 0.559 seconds
[2024-03-02T09:45:46.972-0300] {processor.py:161} INFO - Started process (PID=16740) to work on /home/victor/Área de Trabalho/airflow/venv/lib/python3.10/site-packages/airflow/example_dags/example_local_kubernetes_executor.py
[2024-03-02T09:45:46.972-0300] {processor.py:830} INFO - Processing file /home/victor/Área de Trabalho/airflow/venv/lib/python3.10/site-packages/airflow/example_dags/example_local_kubernetes_executor.py for tasks to queue
[2024-03-02T09:45:46.973-0300] {logging_mixin.py:188} INFO - [2024-03-02T09:45:46.973-0300] {dagbag.py:540} INFO - Filling up the DagBag from /home/victor/Área de Trabalho/airflow/venv/lib/python3.10/site-packages/airflow/example_dags/example_local_kubernetes_executor.py
[2024-03-02T09:45:47.176-0300] {processor.py:840} INFO - DAG(s) 'example_local_kubernetes_executor' retrieved from /home/victor/Área de Trabalho/airflow/venv/lib/python3.10/site-packages/airflow/example_dags/example_local_kubernetes_executor.py
[2024-03-02T09:45:47.204-0300] {logging_mixin.py:188} WARNING - /home/victor/Área de Trabalho/airflow/venv/lib/python3.10/site-packages/airflow/serialization/serialized_objects.py:1562 DeprecationWarning: This module is deprecated. The `cncf.kubernetes` provider before version 7.4.0 uses this module - you should migrate to a newer version of `cncf.kubernetes` to get rid of this warning. If you import the module via `airflow.kubernetes` import, please use `cncf.kubernetes' provider 7.4.0+ and switch all your imports to use `apache.airflow.providers.cncf.kubernetes` to get rid of the warning.
[2024-03-02T09:45:47.211-0300] {logging_mixin.py:188} INFO - [2024-03-02T09:45:47.211-0300] {dag.py:3047} INFO - Sync 1 DAGs
[2024-03-02T09:45:47.336-0300] {logging_mixin.py:188} INFO - [2024-03-02T09:45:47.335-0300] {dag.py:3834} INFO - Setting next_dagrun for example_local_kubernetes_executor to None, run_after=None
[2024-03-02T09:45:47.355-0300] {processor.py:183} INFO - Processing /home/victor/Área de Trabalho/airflow/venv/lib/python3.10/site-packages/airflow/example_dags/example_local_kubernetes_executor.py took 0.387 seconds
[2024-03-02T09:46:18.774-0300] {processor.py:161} INFO - Started process (PID=17223) to work on /home/victor/Área de Trabalho/airflow/venv/lib/python3.10/site-packages/airflow/example_dags/example_local_kubernetes_executor.py
[2024-03-02T09:46:18.775-0300] {processor.py:830} INFO - Processing file /home/victor/Área de Trabalho/airflow/venv/lib/python3.10/site-packages/airflow/example_dags/example_local_kubernetes_executor.py for tasks to queue
[2024-03-02T09:46:18.776-0300] {logging_mixin.py:188} INFO - [2024-03-02T09:46:18.776-0300] {dagbag.py:540} INFO - Filling up the DagBag from /home/victor/Área de Trabalho/airflow/venv/lib/python3.10/site-packages/airflow/example_dags/example_local_kubernetes_executor.py
[2024-03-02T09:46:18.988-0300] {processor.py:840} INFO - DAG(s) 'example_local_kubernetes_executor' retrieved from /home/victor/Área de Trabalho/airflow/venv/lib/python3.10/site-packages/airflow/example_dags/example_local_kubernetes_executor.py
[2024-03-02T09:46:19.018-0300] {logging_mixin.py:188} WARNING - /home/victor/Área de Trabalho/airflow/venv/lib/python3.10/site-packages/airflow/serialization/serialized_objects.py:1562 DeprecationWarning: This module is deprecated. The `cncf.kubernetes` provider before version 7.4.0 uses this module - you should migrate to a newer version of `cncf.kubernetes` to get rid of this warning. If you import the module via `airflow.kubernetes` import, please use `cncf.kubernetes' provider 7.4.0+ and switch all your imports to use `apache.airflow.providers.cncf.kubernetes` to get rid of the warning.
[2024-03-02T09:46:19.028-0300] {logging_mixin.py:188} INFO - [2024-03-02T09:46:19.026-0300] {dag.py:3047} INFO - Sync 1 DAGs
[2024-03-02T09:46:19.041-0300] {logging_mixin.py:188} INFO - [2024-03-02T09:46:19.041-0300] {dag.py:3834} INFO - Setting next_dagrun for example_local_kubernetes_executor to None, run_after=None
[2024-03-02T09:46:19.190-0300] {processor.py:183} INFO - Processing /home/victor/Área de Trabalho/airflow/venv/lib/python3.10/site-packages/airflow/example_dags/example_local_kubernetes_executor.py took 0.419 seconds
[2024-03-02T09:46:49.276-0300] {processor.py:161} INFO - Started process (PID=17546) to work on /home/victor/Área de Trabalho/airflow/venv/lib/python3.10/site-packages/airflow/example_dags/example_local_kubernetes_executor.py
[2024-03-02T09:46:49.277-0300] {processor.py:830} INFO - Processing file /home/victor/Área de Trabalho/airflow/venv/lib/python3.10/site-packages/airflow/example_dags/example_local_kubernetes_executor.py for tasks to queue
[2024-03-02T09:46:49.277-0300] {logging_mixin.py:188} INFO - [2024-03-02T09:46:49.277-0300] {dagbag.py:540} INFO - Filling up the DagBag from /home/victor/Área de Trabalho/airflow/venv/lib/python3.10/site-packages/airflow/example_dags/example_local_kubernetes_executor.py
[2024-03-02T09:46:49.597-0300] {processor.py:840} INFO - DAG(s) 'example_local_kubernetes_executor' retrieved from /home/victor/Área de Trabalho/airflow/venv/lib/python3.10/site-packages/airflow/example_dags/example_local_kubernetes_executor.py
[2024-03-02T09:46:49.621-0300] {logging_mixin.py:188} WARNING - /home/victor/Área de Trabalho/airflow/venv/lib/python3.10/site-packages/airflow/serialization/serialized_objects.py:1562 DeprecationWarning: This module is deprecated. The `cncf.kubernetes` provider before version 7.4.0 uses this module - you should migrate to a newer version of `cncf.kubernetes` to get rid of this warning. If you import the module via `airflow.kubernetes` import, please use `cncf.kubernetes' provider 7.4.0+ and switch all your imports to use `apache.airflow.providers.cncf.kubernetes` to get rid of the warning.
[2024-03-02T09:46:49.627-0300] {logging_mixin.py:188} INFO - [2024-03-02T09:46:49.627-0300] {dag.py:3047} INFO - Sync 1 DAGs
[2024-03-02T09:46:49.638-0300] {logging_mixin.py:188} INFO - [2024-03-02T09:46:49.637-0300] {dag.py:3834} INFO - Setting next_dagrun for example_local_kubernetes_executor to None, run_after=None
[2024-03-02T09:46:49.657-0300] {processor.py:183} INFO - Processing /home/victor/Área de Trabalho/airflow/venv/lib/python3.10/site-packages/airflow/example_dags/example_local_kubernetes_executor.py took 0.384 seconds
[2024-03-02T09:47:20.288-0300] {processor.py:161} INFO - Started process (PID=18203) to work on /home/victor/Área de Trabalho/airflow/venv/lib/python3.10/site-packages/airflow/example_dags/example_local_kubernetes_executor.py
[2024-03-02T09:47:20.292-0300] {processor.py:830} INFO - Processing file /home/victor/Área de Trabalho/airflow/venv/lib/python3.10/site-packages/airflow/example_dags/example_local_kubernetes_executor.py for tasks to queue
[2024-03-02T09:47:20.293-0300] {logging_mixin.py:188} INFO - [2024-03-02T09:47:20.292-0300] {dagbag.py:540} INFO - Filling up the DagBag from /home/victor/Área de Trabalho/airflow/venv/lib/python3.10/site-packages/airflow/example_dags/example_local_kubernetes_executor.py
[2024-03-02T09:47:20.510-0300] {processor.py:840} INFO - DAG(s) 'example_local_kubernetes_executor' retrieved from /home/victor/Área de Trabalho/airflow/venv/lib/python3.10/site-packages/airflow/example_dags/example_local_kubernetes_executor.py
[2024-03-02T09:47:20.650-0300] {logging_mixin.py:188} WARNING - /home/victor/Área de Trabalho/airflow/venv/lib/python3.10/site-packages/airflow/serialization/serialized_objects.py:1562 DeprecationWarning: This module is deprecated. The `cncf.kubernetes` provider before version 7.4.0 uses this module - you should migrate to a newer version of `cncf.kubernetes` to get rid of this warning. If you import the module via `airflow.kubernetes` import, please use `cncf.kubernetes' provider 7.4.0+ and switch all your imports to use `apache.airflow.providers.cncf.kubernetes` to get rid of the warning.
[2024-03-02T09:47:20.656-0300] {logging_mixin.py:188} INFO - [2024-03-02T09:47:20.656-0300] {dag.py:3047} INFO - Sync 1 DAGs
[2024-03-02T09:47:20.666-0300] {logging_mixin.py:188} INFO - [2024-03-02T09:47:20.666-0300] {dag.py:3834} INFO - Setting next_dagrun for example_local_kubernetes_executor to None, run_after=None
[2024-03-02T09:47:20.688-0300] {processor.py:183} INFO - Processing /home/victor/Área de Trabalho/airflow/venv/lib/python3.10/site-packages/airflow/example_dags/example_local_kubernetes_executor.py took 0.403 seconds
[2024-03-02T09:47:50.880-0300] {processor.py:161} INFO - Started process (PID=18524) to work on /home/victor/Área de Trabalho/airflow/venv/lib/python3.10/site-packages/airflow/example_dags/example_local_kubernetes_executor.py
[2024-03-02T09:47:50.881-0300] {processor.py:830} INFO - Processing file /home/victor/Área de Trabalho/airflow/venv/lib/python3.10/site-packages/airflow/example_dags/example_local_kubernetes_executor.py for tasks to queue
[2024-03-02T09:47:50.882-0300] {logging_mixin.py:188} INFO - [2024-03-02T09:47:50.882-0300] {dagbag.py:540} INFO - Filling up the DagBag from /home/victor/Área de Trabalho/airflow/venv/lib/python3.10/site-packages/airflow/example_dags/example_local_kubernetes_executor.py
[2024-03-02T09:47:51.105-0300] {processor.py:840} INFO - DAG(s) 'example_local_kubernetes_executor' retrieved from /home/victor/Área de Trabalho/airflow/venv/lib/python3.10/site-packages/airflow/example_dags/example_local_kubernetes_executor.py
[2024-03-02T09:47:51.134-0300] {logging_mixin.py:188} WARNING - /home/victor/Área de Trabalho/airflow/venv/lib/python3.10/site-packages/airflow/serialization/serialized_objects.py:1562 DeprecationWarning: This module is deprecated. The `cncf.kubernetes` provider before version 7.4.0 uses this module - you should migrate to a newer version of `cncf.kubernetes` to get rid of this warning. If you import the module via `airflow.kubernetes` import, please use `cncf.kubernetes' provider 7.4.0+ and switch all your imports to use `apache.airflow.providers.cncf.kubernetes` to get rid of the warning.
[2024-03-02T09:47:51.259-0300] {logging_mixin.py:188} INFO - [2024-03-02T09:47:51.141-0300] {dag.py:3047} INFO - Sync 1 DAGs
[2024-03-02T09:47:51.271-0300] {logging_mixin.py:188} INFO - [2024-03-02T09:47:51.270-0300] {dag.py:3834} INFO - Setting next_dagrun for example_local_kubernetes_executor to None, run_after=None
[2024-03-02T09:47:51.290-0300] {processor.py:183} INFO - Processing /home/victor/Área de Trabalho/airflow/venv/lib/python3.10/site-packages/airflow/example_dags/example_local_kubernetes_executor.py took 0.413 seconds
[2024-03-02T09:48:21.530-0300] {processor.py:161} INFO - Started process (PID=19011) to work on /home/victor/Área de Trabalho/airflow/venv/lib/python3.10/site-packages/airflow/example_dags/example_local_kubernetes_executor.py
[2024-03-02T09:48:21.531-0300] {processor.py:830} INFO - Processing file /home/victor/Área de Trabalho/airflow/venv/lib/python3.10/site-packages/airflow/example_dags/example_local_kubernetes_executor.py for tasks to queue
[2024-03-02T09:48:21.531-0300] {logging_mixin.py:188} INFO - [2024-03-02T09:48:21.531-0300] {dagbag.py:540} INFO - Filling up the DagBag from /home/victor/Área de Trabalho/airflow/venv/lib/python3.10/site-packages/airflow/example_dags/example_local_kubernetes_executor.py
[2024-03-02T09:48:21.887-0300] {processor.py:840} INFO - DAG(s) 'example_local_kubernetes_executor' retrieved from /home/victor/Área de Trabalho/airflow/venv/lib/python3.10/site-packages/airflow/example_dags/example_local_kubernetes_executor.py
[2024-03-02T09:48:21.911-0300] {logging_mixin.py:188} WARNING - /home/victor/Área de Trabalho/airflow/venv/lib/python3.10/site-packages/airflow/serialization/serialized_objects.py:1562 DeprecationWarning: This module is deprecated. The `cncf.kubernetes` provider before version 7.4.0 uses this module - you should migrate to a newer version of `cncf.kubernetes` to get rid of this warning. If you import the module via `airflow.kubernetes` import, please use `cncf.kubernetes' provider 7.4.0+ and switch all your imports to use `apache.airflow.providers.cncf.kubernetes` to get rid of the warning.
[2024-03-02T09:48:21.918-0300] {logging_mixin.py:188} INFO - [2024-03-02T09:48:21.917-0300] {dag.py:3047} INFO - Sync 1 DAGs
[2024-03-02T09:48:21.929-0300] {logging_mixin.py:188} INFO - [2024-03-02T09:48:21.928-0300] {dag.py:3834} INFO - Setting next_dagrun for example_local_kubernetes_executor to None, run_after=None
[2024-03-02T09:48:21.950-0300] {processor.py:183} INFO - Processing /home/victor/Área de Trabalho/airflow/venv/lib/python3.10/site-packages/airflow/example_dags/example_local_kubernetes_executor.py took 0.424 seconds
[2024-03-02T09:48:52.454-0300] {processor.py:161} INFO - Started process (PID=19354) to work on /home/victor/Área de Trabalho/airflow/venv/lib/python3.10/site-packages/airflow/example_dags/example_local_kubernetes_executor.py
[2024-03-02T09:48:52.456-0300] {processor.py:830} INFO - Processing file /home/victor/Área de Trabalho/airflow/venv/lib/python3.10/site-packages/airflow/example_dags/example_local_kubernetes_executor.py for tasks to queue
[2024-03-02T09:48:52.457-0300] {logging_mixin.py:188} INFO - [2024-03-02T09:48:52.457-0300] {dagbag.py:540} INFO - Filling up the DagBag from /home/victor/Área de Trabalho/airflow/venv/lib/python3.10/site-packages/airflow/example_dags/example_local_kubernetes_executor.py
[2024-03-02T09:48:52.801-0300] {processor.py:840} INFO - DAG(s) 'example_local_kubernetes_executor' retrieved from /home/victor/Área de Trabalho/airflow/venv/lib/python3.10/site-packages/airflow/example_dags/example_local_kubernetes_executor.py
[2024-03-02T09:48:52.826-0300] {logging_mixin.py:188} WARNING - /home/victor/Área de Trabalho/airflow/venv/lib/python3.10/site-packages/airflow/serialization/serialized_objects.py:1562 DeprecationWarning: This module is deprecated. The `cncf.kubernetes` provider before version 7.4.0 uses this module - you should migrate to a newer version of `cncf.kubernetes` to get rid of this warning. If you import the module via `airflow.kubernetes` import, please use `cncf.kubernetes' provider 7.4.0+ and switch all your imports to use `apache.airflow.providers.cncf.kubernetes` to get rid of the warning.
[2024-03-02T09:48:52.833-0300] {logging_mixin.py:188} INFO - [2024-03-02T09:48:52.832-0300] {dag.py:3047} INFO - Sync 1 DAGs
[2024-03-02T09:48:52.844-0300] {logging_mixin.py:188} INFO - [2024-03-02T09:48:52.844-0300] {dag.py:3834} INFO - Setting next_dagrun for example_local_kubernetes_executor to None, run_after=None
[2024-03-02T09:48:52.863-0300] {processor.py:183} INFO - Processing /home/victor/Área de Trabalho/airflow/venv/lib/python3.10/site-packages/airflow/example_dags/example_local_kubernetes_executor.py took 0.420 seconds
[2024-03-02T09:49:23.112-0300] {processor.py:161} INFO - Started process (PID=19836) to work on /home/victor/Área de Trabalho/airflow/venv/lib/python3.10/site-packages/airflow/example_dags/example_local_kubernetes_executor.py
[2024-03-02T09:49:23.113-0300] {processor.py:830} INFO - Processing file /home/victor/Área de Trabalho/airflow/venv/lib/python3.10/site-packages/airflow/example_dags/example_local_kubernetes_executor.py for tasks to queue
[2024-03-02T09:49:23.113-0300] {logging_mixin.py:188} INFO - [2024-03-02T09:49:23.113-0300] {dagbag.py:540} INFO - Filling up the DagBag from /home/victor/Área de Trabalho/airflow/venv/lib/python3.10/site-packages/airflow/example_dags/example_local_kubernetes_executor.py
[2024-03-02T09:49:23.318-0300] {processor.py:840} INFO - DAG(s) 'example_local_kubernetes_executor' retrieved from /home/victor/Área de Trabalho/airflow/venv/lib/python3.10/site-packages/airflow/example_dags/example_local_kubernetes_executor.py
[2024-03-02T09:49:23.468-0300] {logging_mixin.py:188} WARNING - /home/victor/Área de Trabalho/airflow/venv/lib/python3.10/site-packages/airflow/serialization/serialized_objects.py:1562 DeprecationWarning: This module is deprecated. The `cncf.kubernetes` provider before version 7.4.0 uses this module - you should migrate to a newer version of `cncf.kubernetes` to get rid of this warning. If you import the module via `airflow.kubernetes` import, please use `cncf.kubernetes' provider 7.4.0+ and switch all your imports to use `apache.airflow.providers.cncf.kubernetes` to get rid of the warning.
[2024-03-02T09:49:23.475-0300] {logging_mixin.py:188} INFO - [2024-03-02T09:49:23.474-0300] {dag.py:3047} INFO - Sync 1 DAGs
[2024-03-02T09:49:23.485-0300] {logging_mixin.py:188} INFO - [2024-03-02T09:49:23.485-0300] {dag.py:3834} INFO - Setting next_dagrun for example_local_kubernetes_executor to None, run_after=None
[2024-03-02T09:49:23.505-0300] {processor.py:183} INFO - Processing /home/victor/Área de Trabalho/airflow/venv/lib/python3.10/site-packages/airflow/example_dags/example_local_kubernetes_executor.py took 0.397 seconds
[2024-03-02T09:49:53.843-0300] {processor.py:161} INFO - Started process (PID=20157) to work on /home/victor/Área de Trabalho/airflow/venv/lib/python3.10/site-packages/airflow/example_dags/example_local_kubernetes_executor.py
[2024-03-02T09:49:53.844-0300] {processor.py:830} INFO - Processing file /home/victor/Área de Trabalho/airflow/venv/lib/python3.10/site-packages/airflow/example_dags/example_local_kubernetes_executor.py for tasks to queue
[2024-03-02T09:49:53.844-0300] {logging_mixin.py:188} INFO - [2024-03-02T09:49:53.844-0300] {dagbag.py:540} INFO - Filling up the DagBag from /home/victor/Área de Trabalho/airflow/venv/lib/python3.10/site-packages/airflow/example_dags/example_local_kubernetes_executor.py
[2024-03-02T09:49:54.174-0300] {processor.py:840} INFO - DAG(s) 'example_local_kubernetes_executor' retrieved from /home/victor/Área de Trabalho/airflow/venv/lib/python3.10/site-packages/airflow/example_dags/example_local_kubernetes_executor.py
[2024-03-02T09:49:54.200-0300] {logging_mixin.py:188} WARNING - /home/victor/Área de Trabalho/airflow/venv/lib/python3.10/site-packages/airflow/serialization/serialized_objects.py:1562 DeprecationWarning: This module is deprecated. The `cncf.kubernetes` provider before version 7.4.0 uses this module - you should migrate to a newer version of `cncf.kubernetes` to get rid of this warning. If you import the module via `airflow.kubernetes` import, please use `cncf.kubernetes' provider 7.4.0+ and switch all your imports to use `apache.airflow.providers.cncf.kubernetes` to get rid of the warning.
[2024-03-02T09:49:54.207-0300] {logging_mixin.py:188} INFO - [2024-03-02T09:49:54.207-0300] {dag.py:3047} INFO - Sync 1 DAGs
[2024-03-02T09:49:54.218-0300] {logging_mixin.py:188} INFO - [2024-03-02T09:49:54.218-0300] {dag.py:3834} INFO - Setting next_dagrun for example_local_kubernetes_executor to None, run_after=None
[2024-03-02T09:49:54.239-0300] {processor.py:183} INFO - Processing /home/victor/Área de Trabalho/airflow/venv/lib/python3.10/site-packages/airflow/example_dags/example_local_kubernetes_executor.py took 0.400 seconds
[2024-03-02T09:50:24.423-0300] {processor.py:161} INFO - Started process (PID=20640) to work on /home/victor/Área de Trabalho/airflow/venv/lib/python3.10/site-packages/airflow/example_dags/example_local_kubernetes_executor.py
[2024-03-02T09:50:24.424-0300] {processor.py:830} INFO - Processing file /home/victor/Área de Trabalho/airflow/venv/lib/python3.10/site-packages/airflow/example_dags/example_local_kubernetes_executor.py for tasks to queue
[2024-03-02T09:50:24.425-0300] {logging_mixin.py:188} INFO - [2024-03-02T09:50:24.424-0300] {dagbag.py:540} INFO - Filling up the DagBag from /home/victor/Área de Trabalho/airflow/venv/lib/python3.10/site-packages/airflow/example_dags/example_local_kubernetes_executor.py
[2024-03-02T09:50:24.736-0300] {processor.py:840} INFO - DAG(s) 'example_local_kubernetes_executor' retrieved from /home/victor/Área de Trabalho/airflow/venv/lib/python3.10/site-packages/airflow/example_dags/example_local_kubernetes_executor.py
[2024-03-02T09:50:24.761-0300] {logging_mixin.py:188} WARNING - /home/victor/Área de Trabalho/airflow/venv/lib/python3.10/site-packages/airflow/serialization/serialized_objects.py:1562 DeprecationWarning: This module is deprecated. The `cncf.kubernetes` provider before version 7.4.0 uses this module - you should migrate to a newer version of `cncf.kubernetes` to get rid of this warning. If you import the module via `airflow.kubernetes` import, please use `cncf.kubernetes' provider 7.4.0+ and switch all your imports to use `apache.airflow.providers.cncf.kubernetes` to get rid of the warning.
[2024-03-02T09:50:24.768-0300] {logging_mixin.py:188} INFO - [2024-03-02T09:50:24.766-0300] {dag.py:3047} INFO - Sync 1 DAGs
[2024-03-02T09:50:24.779-0300] {logging_mixin.py:188} INFO - [2024-03-02T09:50:24.778-0300] {dag.py:3834} INFO - Setting next_dagrun for example_local_kubernetes_executor to None, run_after=None
[2024-03-02T09:50:24.797-0300] {processor.py:183} INFO - Processing /home/victor/Área de Trabalho/airflow/venv/lib/python3.10/site-packages/airflow/example_dags/example_local_kubernetes_executor.py took 0.377 seconds
[2024-03-02T09:50:55.883-0300] {processor.py:161} INFO - Started process (PID=20996) to work on /home/victor/Área de Trabalho/airflow/venv/lib/python3.10/site-packages/airflow/example_dags/example_local_kubernetes_executor.py
[2024-03-02T09:50:55.884-0300] {processor.py:830} INFO - Processing file /home/victor/Área de Trabalho/airflow/venv/lib/python3.10/site-packages/airflow/example_dags/example_local_kubernetes_executor.py for tasks to queue
[2024-03-02T09:50:55.885-0300] {logging_mixin.py:188} INFO - [2024-03-02T09:50:55.884-0300] {dagbag.py:540} INFO - Filling up the DagBag from /home/victor/Área de Trabalho/airflow/venv/lib/python3.10/site-packages/airflow/example_dags/example_local_kubernetes_executor.py
[2024-03-02T09:50:56.234-0300] {processor.py:840} INFO - DAG(s) 'example_local_kubernetes_executor' retrieved from /home/victor/Área de Trabalho/airflow/venv/lib/python3.10/site-packages/airflow/example_dags/example_local_kubernetes_executor.py
[2024-03-02T09:50:56.261-0300] {logging_mixin.py:188} WARNING - /home/victor/Área de Trabalho/airflow/venv/lib/python3.10/site-packages/airflow/serialization/serialized_objects.py:1562 DeprecationWarning: This module is deprecated. The `cncf.kubernetes` provider before version 7.4.0 uses this module - you should migrate to a newer version of `cncf.kubernetes` to get rid of this warning. If you import the module via `airflow.kubernetes` import, please use `cncf.kubernetes' provider 7.4.0+ and switch all your imports to use `apache.airflow.providers.cncf.kubernetes` to get rid of the warning.
[2024-03-02T09:50:56.267-0300] {logging_mixin.py:188} INFO - [2024-03-02T09:50:56.267-0300] {dag.py:3047} INFO - Sync 1 DAGs
[2024-03-02T09:50:56.284-0300] {logging_mixin.py:188} INFO - [2024-03-02T09:50:56.283-0300] {dag.py:3834} INFO - Setting next_dagrun for example_local_kubernetes_executor to None, run_after=None
[2024-03-02T09:50:56.305-0300] {processor.py:183} INFO - Processing /home/victor/Área de Trabalho/airflow/venv/lib/python3.10/site-packages/airflow/example_dags/example_local_kubernetes_executor.py took 0.424 seconds
[2024-03-02T09:51:26.594-0300] {processor.py:161} INFO - Started process (PID=21478) to work on /home/victor/Área de Trabalho/airflow/venv/lib/python3.10/site-packages/airflow/example_dags/example_local_kubernetes_executor.py
[2024-03-02T09:51:26.595-0300] {processor.py:830} INFO - Processing file /home/victor/Área de Trabalho/airflow/venv/lib/python3.10/site-packages/airflow/example_dags/example_local_kubernetes_executor.py for tasks to queue
[2024-03-02T09:51:26.596-0300] {logging_mixin.py:188} INFO - [2024-03-02T09:51:26.596-0300] {dagbag.py:540} INFO - Filling up the DagBag from /home/victor/Área de Trabalho/airflow/venv/lib/python3.10/site-packages/airflow/example_dags/example_local_kubernetes_executor.py
[2024-03-02T09:51:26.915-0300] {processor.py:840} INFO - DAG(s) 'example_local_kubernetes_executor' retrieved from /home/victor/Área de Trabalho/airflow/venv/lib/python3.10/site-packages/airflow/example_dags/example_local_kubernetes_executor.py
[2024-03-02T09:51:26.940-0300] {logging_mixin.py:188} WARNING - /home/victor/Área de Trabalho/airflow/venv/lib/python3.10/site-packages/airflow/serialization/serialized_objects.py:1562 DeprecationWarning: This module is deprecated. The `cncf.kubernetes` provider before version 7.4.0 uses this module - you should migrate to a newer version of `cncf.kubernetes` to get rid of this warning. If you import the module via `airflow.kubernetes` import, please use `cncf.kubernetes' provider 7.4.0+ and switch all your imports to use `apache.airflow.providers.cncf.kubernetes` to get rid of the warning.
[2024-03-02T09:51:26.946-0300] {logging_mixin.py:188} INFO - [2024-03-02T09:51:26.946-0300] {dag.py:3047} INFO - Sync 1 DAGs
[2024-03-02T09:51:26.957-0300] {logging_mixin.py:188} INFO - [2024-03-02T09:51:26.956-0300] {dag.py:3834} INFO - Setting next_dagrun for example_local_kubernetes_executor to None, run_after=None
[2024-03-02T09:51:26.976-0300] {processor.py:183} INFO - Processing /home/victor/Área de Trabalho/airflow/venv/lib/python3.10/site-packages/airflow/example_dags/example_local_kubernetes_executor.py took 0.385 seconds
[2024-03-02T09:51:57.276-0300] {processor.py:161} INFO - Started process (PID=21800) to work on /home/victor/Área de Trabalho/airflow/venv/lib/python3.10/site-packages/airflow/example_dags/example_local_kubernetes_executor.py
[2024-03-02T09:51:57.276-0300] {processor.py:830} INFO - Processing file /home/victor/Área de Trabalho/airflow/venv/lib/python3.10/site-packages/airflow/example_dags/example_local_kubernetes_executor.py for tasks to queue
[2024-03-02T09:51:57.277-0300] {logging_mixin.py:188} INFO - [2024-03-02T09:51:57.277-0300] {dagbag.py:540} INFO - Filling up the DagBag from /home/victor/Área de Trabalho/airflow/venv/lib/python3.10/site-packages/airflow/example_dags/example_local_kubernetes_executor.py
[2024-03-02T09:51:57.605-0300] {processor.py:840} INFO - DAG(s) 'example_local_kubernetes_executor' retrieved from /home/victor/Área de Trabalho/airflow/venv/lib/python3.10/site-packages/airflow/example_dags/example_local_kubernetes_executor.py
[2024-03-02T09:51:57.630-0300] {logging_mixin.py:188} WARNING - /home/victor/Área de Trabalho/airflow/venv/lib/python3.10/site-packages/airflow/serialization/serialized_objects.py:1562 DeprecationWarning: This module is deprecated. The `cncf.kubernetes` provider before version 7.4.0 uses this module - you should migrate to a newer version of `cncf.kubernetes` to get rid of this warning. If you import the module via `airflow.kubernetes` import, please use `cncf.kubernetes' provider 7.4.0+ and switch all your imports to use `apache.airflow.providers.cncf.kubernetes` to get rid of the warning.
[2024-03-02T09:51:57.636-0300] {logging_mixin.py:188} INFO - [2024-03-02T09:51:57.635-0300] {dag.py:3047} INFO - Sync 1 DAGs
[2024-03-02T09:51:57.648-0300] {logging_mixin.py:188} INFO - [2024-03-02T09:51:57.647-0300] {dag.py:3834} INFO - Setting next_dagrun for example_local_kubernetes_executor to None, run_after=None
[2024-03-02T09:51:57.668-0300] {processor.py:183} INFO - Processing /home/victor/Área de Trabalho/airflow/venv/lib/python3.10/site-packages/airflow/example_dags/example_local_kubernetes_executor.py took 0.395 seconds
[2024-03-02T09:52:27.862-0300] {processor.py:161} INFO - Started process (PID=22443) to work on /home/victor/Área de Trabalho/airflow/venv/lib/python3.10/site-packages/airflow/example_dags/example_local_kubernetes_executor.py
[2024-03-02T09:52:27.863-0300] {processor.py:830} INFO - Processing file /home/victor/Área de Trabalho/airflow/venv/lib/python3.10/site-packages/airflow/example_dags/example_local_kubernetes_executor.py for tasks to queue
[2024-03-02T09:52:27.864-0300] {logging_mixin.py:188} INFO - [2024-03-02T09:52:27.864-0300] {dagbag.py:540} INFO - Filling up the DagBag from /home/victor/Área de Trabalho/airflow/venv/lib/python3.10/site-packages/airflow/example_dags/example_local_kubernetes_executor.py
[2024-03-02T09:52:28.180-0300] {processor.py:840} INFO - DAG(s) 'example_local_kubernetes_executor' retrieved from /home/victor/Área de Trabalho/airflow/venv/lib/python3.10/site-packages/airflow/example_dags/example_local_kubernetes_executor.py
[2024-03-02T09:52:28.204-0300] {logging_mixin.py:188} WARNING - /home/victor/Área de Trabalho/airflow/venv/lib/python3.10/site-packages/airflow/serialization/serialized_objects.py:1562 DeprecationWarning: This module is deprecated. The `cncf.kubernetes` provider before version 7.4.0 uses this module - you should migrate to a newer version of `cncf.kubernetes` to get rid of this warning. If you import the module via `airflow.kubernetes` import, please use `cncf.kubernetes' provider 7.4.0+ and switch all your imports to use `apache.airflow.providers.cncf.kubernetes` to get rid of the warning.
[2024-03-02T09:52:28.209-0300] {logging_mixin.py:188} INFO - [2024-03-02T09:52:28.209-0300] {dag.py:3047} INFO - Sync 1 DAGs
[2024-03-02T09:52:28.220-0300] {logging_mixin.py:188} INFO - [2024-03-02T09:52:28.220-0300] {dag.py:3834} INFO - Setting next_dagrun for example_local_kubernetes_executor to None, run_after=None
[2024-03-02T09:52:28.238-0300] {processor.py:183} INFO - Processing /home/victor/Área de Trabalho/airflow/venv/lib/python3.10/site-packages/airflow/example_dags/example_local_kubernetes_executor.py took 0.379 seconds
[2024-03-02T09:52:58.494-0300] {processor.py:161} INFO - Started process (PID=22766) to work on /home/victor/Área de Trabalho/airflow/venv/lib/python3.10/site-packages/airflow/example_dags/example_local_kubernetes_executor.py
[2024-03-02T09:52:58.495-0300] {processor.py:830} INFO - Processing file /home/victor/Área de Trabalho/airflow/venv/lib/python3.10/site-packages/airflow/example_dags/example_local_kubernetes_executor.py for tasks to queue
[2024-03-02T09:52:58.496-0300] {logging_mixin.py:188} INFO - [2024-03-02T09:52:58.496-0300] {dagbag.py:540} INFO - Filling up the DagBag from /home/victor/Área de Trabalho/airflow/venv/lib/python3.10/site-packages/airflow/example_dags/example_local_kubernetes_executor.py
[2024-03-02T09:52:58.833-0300] {processor.py:840} INFO - DAG(s) 'example_local_kubernetes_executor' retrieved from /home/victor/Área de Trabalho/airflow/venv/lib/python3.10/site-packages/airflow/example_dags/example_local_kubernetes_executor.py
[2024-03-02T09:52:58.858-0300] {logging_mixin.py:188} WARNING - /home/victor/Área de Trabalho/airflow/venv/lib/python3.10/site-packages/airflow/serialization/serialized_objects.py:1562 DeprecationWarning: This module is deprecated. The `cncf.kubernetes` provider before version 7.4.0 uses this module - you should migrate to a newer version of `cncf.kubernetes` to get rid of this warning. If you import the module via `airflow.kubernetes` import, please use `cncf.kubernetes' provider 7.4.0+ and switch all your imports to use `apache.airflow.providers.cncf.kubernetes` to get rid of the warning.
[2024-03-02T09:52:58.864-0300] {logging_mixin.py:188} INFO - [2024-03-02T09:52:58.864-0300] {dag.py:3047} INFO - Sync 1 DAGs
[2024-03-02T09:52:58.874-0300] {logging_mixin.py:188} INFO - [2024-03-02T09:52:58.874-0300] {dag.py:3834} INFO - Setting next_dagrun for example_local_kubernetes_executor to None, run_after=None
[2024-03-02T09:52:58.891-0300] {processor.py:183} INFO - Processing /home/victor/Área de Trabalho/airflow/venv/lib/python3.10/site-packages/airflow/example_dags/example_local_kubernetes_executor.py took 0.400 seconds
[2024-03-02T09:53:29.058-0300] {processor.py:161} INFO - Started process (PID=23251) to work on /home/victor/Área de Trabalho/airflow/venv/lib/python3.10/site-packages/airflow/example_dags/example_local_kubernetes_executor.py
[2024-03-02T09:53:29.059-0300] {processor.py:830} INFO - Processing file /home/victor/Área de Trabalho/airflow/venv/lib/python3.10/site-packages/airflow/example_dags/example_local_kubernetes_executor.py for tasks to queue
[2024-03-02T09:53:29.060-0300] {logging_mixin.py:188} INFO - [2024-03-02T09:53:29.059-0300] {dagbag.py:540} INFO - Filling up the DagBag from /home/victor/Área de Trabalho/airflow/venv/lib/python3.10/site-packages/airflow/example_dags/example_local_kubernetes_executor.py
[2024-03-02T09:53:29.373-0300] {processor.py:840} INFO - DAG(s) 'example_local_kubernetes_executor' retrieved from /home/victor/Área de Trabalho/airflow/venv/lib/python3.10/site-packages/airflow/example_dags/example_local_kubernetes_executor.py
[2024-03-02T09:53:29.400-0300] {logging_mixin.py:188} WARNING - /home/victor/Área de Trabalho/airflow/venv/lib/python3.10/site-packages/airflow/serialization/serialized_objects.py:1562 DeprecationWarning: This module is deprecated. The `cncf.kubernetes` provider before version 7.4.0 uses this module - you should migrate to a newer version of `cncf.kubernetes` to get rid of this warning. If you import the module via `airflow.kubernetes` import, please use `cncf.kubernetes' provider 7.4.0+ and switch all your imports to use `apache.airflow.providers.cncf.kubernetes` to get rid of the warning.
[2024-03-02T09:53:29.406-0300] {logging_mixin.py:188} INFO - [2024-03-02T09:53:29.405-0300] {dag.py:3047} INFO - Sync 1 DAGs
[2024-03-02T09:53:29.417-0300] {logging_mixin.py:188} INFO - [2024-03-02T09:53:29.417-0300] {dag.py:3834} INFO - Setting next_dagrun for example_local_kubernetes_executor to None, run_after=None
[2024-03-02T09:53:29.436-0300] {processor.py:183} INFO - Processing /home/victor/Área de Trabalho/airflow/venv/lib/python3.10/site-packages/airflow/example_dags/example_local_kubernetes_executor.py took 0.381 seconds
[2024-03-02T09:54:00.063-0300] {processor.py:161} INFO - Started process (PID=23737) to work on /home/victor/Área de Trabalho/airflow/venv/lib/python3.10/site-packages/airflow/example_dags/example_local_kubernetes_executor.py
[2024-03-02T09:54:00.064-0300] {processor.py:830} INFO - Processing file /home/victor/Área de Trabalho/airflow/venv/lib/python3.10/site-packages/airflow/example_dags/example_local_kubernetes_executor.py for tasks to queue
[2024-03-02T09:54:00.065-0300] {logging_mixin.py:188} INFO - [2024-03-02T09:54:00.064-0300] {dagbag.py:540} INFO - Filling up the DagBag from /home/victor/Área de Trabalho/airflow/venv/lib/python3.10/site-packages/airflow/example_dags/example_local_kubernetes_executor.py
[2024-03-02T09:54:00.379-0300] {processor.py:840} INFO - DAG(s) 'example_local_kubernetes_executor' retrieved from /home/victor/Área de Trabalho/airflow/venv/lib/python3.10/site-packages/airflow/example_dags/example_local_kubernetes_executor.py
[2024-03-02T09:54:00.405-0300] {logging_mixin.py:188} WARNING - /home/victor/Área de Trabalho/airflow/venv/lib/python3.10/site-packages/airflow/serialization/serialized_objects.py:1562 DeprecationWarning: This module is deprecated. The `cncf.kubernetes` provider before version 7.4.0 uses this module - you should migrate to a newer version of `cncf.kubernetes` to get rid of this warning. If you import the module via `airflow.kubernetes` import, please use `cncf.kubernetes' provider 7.4.0+ and switch all your imports to use `apache.airflow.providers.cncf.kubernetes` to get rid of the warning.
[2024-03-02T09:54:00.412-0300] {logging_mixin.py:188} INFO - [2024-03-02T09:54:00.412-0300] {dag.py:3047} INFO - Sync 1 DAGs
[2024-03-02T09:54:00.425-0300] {logging_mixin.py:188} INFO - [2024-03-02T09:54:00.425-0300] {dag.py:3834} INFO - Setting next_dagrun for example_local_kubernetes_executor to None, run_after=None
[2024-03-02T09:54:00.442-0300] {processor.py:183} INFO - Processing /home/victor/Área de Trabalho/airflow/venv/lib/python3.10/site-packages/airflow/example_dags/example_local_kubernetes_executor.py took 0.382 seconds
[2024-03-02T09:54:30.894-0300] {processor.py:161} INFO - Started process (PID=24217) to work on /home/victor/Área de Trabalho/airflow/venv/lib/python3.10/site-packages/airflow/example_dags/example_local_kubernetes_executor.py
[2024-03-02T09:54:30.895-0300] {processor.py:830} INFO - Processing file /home/victor/Área de Trabalho/airflow/venv/lib/python3.10/site-packages/airflow/example_dags/example_local_kubernetes_executor.py for tasks to queue
[2024-03-02T09:54:30.896-0300] {logging_mixin.py:188} INFO - [2024-03-02T09:54:30.896-0300] {dagbag.py:540} INFO - Filling up the DagBag from /home/victor/Área de Trabalho/airflow/venv/lib/python3.10/site-packages/airflow/example_dags/example_local_kubernetes_executor.py
[2024-03-02T09:54:31.236-0300] {processor.py:840} INFO - DAG(s) 'example_local_kubernetes_executor' retrieved from /home/victor/Área de Trabalho/airflow/venv/lib/python3.10/site-packages/airflow/example_dags/example_local_kubernetes_executor.py
[2024-03-02T09:54:31.260-0300] {logging_mixin.py:188} WARNING - /home/victor/Área de Trabalho/airflow/venv/lib/python3.10/site-packages/airflow/serialization/serialized_objects.py:1562 DeprecationWarning: This module is deprecated. The `cncf.kubernetes` provider before version 7.4.0 uses this module - you should migrate to a newer version of `cncf.kubernetes` to get rid of this warning. If you import the module via `airflow.kubernetes` import, please use `cncf.kubernetes' provider 7.4.0+ and switch all your imports to use `apache.airflow.providers.cncf.kubernetes` to get rid of the warning.
[2024-03-02T09:54:31.267-0300] {logging_mixin.py:188} INFO - [2024-03-02T09:54:31.266-0300] {dag.py:3047} INFO - Sync 1 DAGs
[2024-03-02T09:54:31.279-0300] {logging_mixin.py:188} INFO - [2024-03-02T09:54:31.279-0300] {dag.py:3834} INFO - Setting next_dagrun for example_local_kubernetes_executor to None, run_after=None
[2024-03-02T09:54:31.304-0300] {processor.py:183} INFO - Processing /home/victor/Área de Trabalho/airflow/venv/lib/python3.10/site-packages/airflow/example_dags/example_local_kubernetes_executor.py took 0.412 seconds
[2024-03-02T09:55:01.496-0300] {processor.py:161} INFO - Started process (PID=24778) to work on /home/victor/Área de Trabalho/airflow/venv/lib/python3.10/site-packages/airflow/example_dags/example_local_kubernetes_executor.py
[2024-03-02T09:55:01.497-0300] {processor.py:830} INFO - Processing file /home/victor/Área de Trabalho/airflow/venv/lib/python3.10/site-packages/airflow/example_dags/example_local_kubernetes_executor.py for tasks to queue
[2024-03-02T09:55:01.498-0300] {logging_mixin.py:188} INFO - [2024-03-02T09:55:01.498-0300] {dagbag.py:540} INFO - Filling up the DagBag from /home/victor/Área de Trabalho/airflow/venv/lib/python3.10/site-packages/airflow/example_dags/example_local_kubernetes_executor.py
[2024-03-02T09:55:01.791-0300] {processor.py:840} INFO - DAG(s) 'example_local_kubernetes_executor' retrieved from /home/victor/Área de Trabalho/airflow/venv/lib/python3.10/site-packages/airflow/example_dags/example_local_kubernetes_executor.py
[2024-03-02T09:55:01.815-0300] {logging_mixin.py:188} WARNING - /home/victor/Área de Trabalho/airflow/venv/lib/python3.10/site-packages/airflow/serialization/serialized_objects.py:1562 DeprecationWarning: This module is deprecated. The `cncf.kubernetes` provider before version 7.4.0 uses this module - you should migrate to a newer version of `cncf.kubernetes` to get rid of this warning. If you import the module via `airflow.kubernetes` import, please use `cncf.kubernetes' provider 7.4.0+ and switch all your imports to use `apache.airflow.providers.cncf.kubernetes` to get rid of the warning.
[2024-03-02T09:55:01.821-0300] {logging_mixin.py:188} INFO - [2024-03-02T09:55:01.820-0300] {dag.py:3047} INFO - Sync 1 DAGs
[2024-03-02T09:55:01.831-0300] {logging_mixin.py:188} INFO - [2024-03-02T09:55:01.831-0300] {dag.py:3834} INFO - Setting next_dagrun for example_local_kubernetes_executor to None, run_after=None
[2024-03-02T09:55:01.849-0300] {processor.py:183} INFO - Processing /home/victor/Área de Trabalho/airflow/venv/lib/python3.10/site-packages/airflow/example_dags/example_local_kubernetes_executor.py took 0.355 seconds
[2024-03-02T09:55:32.143-0300] {processor.py:161} INFO - Started process (PID=25246) to work on /home/victor/Área de Trabalho/airflow/venv/lib/python3.10/site-packages/airflow/example_dags/example_local_kubernetes_executor.py
[2024-03-02T09:55:32.143-0300] {processor.py:830} INFO - Processing file /home/victor/Área de Trabalho/airflow/venv/lib/python3.10/site-packages/airflow/example_dags/example_local_kubernetes_executor.py for tasks to queue
[2024-03-02T09:55:32.144-0300] {logging_mixin.py:188} INFO - [2024-03-02T09:55:32.144-0300] {dagbag.py:540} INFO - Filling up the DagBag from /home/victor/Área de Trabalho/airflow/venv/lib/python3.10/site-packages/airflow/example_dags/example_local_kubernetes_executor.py
[2024-03-02T09:55:32.451-0300] {processor.py:840} INFO - DAG(s) 'example_local_kubernetes_executor' retrieved from /home/victor/Área de Trabalho/airflow/venv/lib/python3.10/site-packages/airflow/example_dags/example_local_kubernetes_executor.py
[2024-03-02T09:55:32.476-0300] {logging_mixin.py:188} WARNING - /home/victor/Área de Trabalho/airflow/venv/lib/python3.10/site-packages/airflow/serialization/serialized_objects.py:1562 DeprecationWarning: This module is deprecated. The `cncf.kubernetes` provider before version 7.4.0 uses this module - you should migrate to a newer version of `cncf.kubernetes` to get rid of this warning. If you import the module via `airflow.kubernetes` import, please use `cncf.kubernetes' provider 7.4.0+ and switch all your imports to use `apache.airflow.providers.cncf.kubernetes` to get rid of the warning.
[2024-03-02T09:55:32.483-0300] {logging_mixin.py:188} INFO - [2024-03-02T09:55:32.482-0300] {dag.py:3047} INFO - Sync 1 DAGs
[2024-03-02T09:55:32.496-0300] {logging_mixin.py:188} INFO - [2024-03-02T09:55:32.495-0300] {dag.py:3834} INFO - Setting next_dagrun for example_local_kubernetes_executor to None, run_after=None
[2024-03-02T09:55:32.518-0300] {processor.py:183} INFO - Processing /home/victor/Área de Trabalho/airflow/venv/lib/python3.10/site-packages/airflow/example_dags/example_local_kubernetes_executor.py took 0.378 seconds
[2024-03-02T09:56:02.552-0300] {processor.py:161} INFO - Started process (PID=25752) to work on /home/victor/Área de Trabalho/airflow/venv/lib/python3.10/site-packages/airflow/example_dags/example_local_kubernetes_executor.py
[2024-03-02T09:56:02.553-0300] {processor.py:830} INFO - Processing file /home/victor/Área de Trabalho/airflow/venv/lib/python3.10/site-packages/airflow/example_dags/example_local_kubernetes_executor.py for tasks to queue
[2024-03-02T09:56:02.554-0300] {logging_mixin.py:188} INFO - [2024-03-02T09:56:02.554-0300] {dagbag.py:540} INFO - Filling up the DagBag from /home/victor/Área de Trabalho/airflow/venv/lib/python3.10/site-packages/airflow/example_dags/example_local_kubernetes_executor.py
[2024-03-02T09:56:02.843-0300] {processor.py:840} INFO - DAG(s) 'example_local_kubernetes_executor' retrieved from /home/victor/Área de Trabalho/airflow/venv/lib/python3.10/site-packages/airflow/example_dags/example_local_kubernetes_executor.py
[2024-03-02T09:56:02.866-0300] {logging_mixin.py:188} WARNING - /home/victor/Área de Trabalho/airflow/venv/lib/python3.10/site-packages/airflow/serialization/serialized_objects.py:1562 DeprecationWarning: This module is deprecated. The `cncf.kubernetes` provider before version 7.4.0 uses this module - you should migrate to a newer version of `cncf.kubernetes` to get rid of this warning. If you import the module via `airflow.kubernetes` import, please use `cncf.kubernetes' provider 7.4.0+ and switch all your imports to use `apache.airflow.providers.cncf.kubernetes` to get rid of the warning.
[2024-03-02T09:56:02.872-0300] {logging_mixin.py:188} INFO - [2024-03-02T09:56:02.871-0300] {dag.py:3047} INFO - Sync 1 DAGs
[2024-03-02T09:56:02.881-0300] {logging_mixin.py:188} INFO - [2024-03-02T09:56:02.880-0300] {dag.py:3834} INFO - Setting next_dagrun for example_local_kubernetes_executor to None, run_after=None
[2024-03-02T09:56:02.899-0300] {processor.py:183} INFO - Processing /home/victor/Área de Trabalho/airflow/venv/lib/python3.10/site-packages/airflow/example_dags/example_local_kubernetes_executor.py took 0.349 seconds
[2024-03-02T09:56:33.905-0300] {processor.py:161} INFO - Started process (PID=26073) to work on /home/victor/Área de Trabalho/airflow/venv/lib/python3.10/site-packages/airflow/example_dags/example_local_kubernetes_executor.py
[2024-03-02T09:56:33.906-0300] {processor.py:830} INFO - Processing file /home/victor/Área de Trabalho/airflow/venv/lib/python3.10/site-packages/airflow/example_dags/example_local_kubernetes_executor.py for tasks to queue
[2024-03-02T09:56:33.907-0300] {logging_mixin.py:188} INFO - [2024-03-02T09:56:33.906-0300] {dagbag.py:540} INFO - Filling up the DagBag from /home/victor/Área de Trabalho/airflow/venv/lib/python3.10/site-packages/airflow/example_dags/example_local_kubernetes_executor.py
[2024-03-02T09:56:34.183-0300] {processor.py:840} INFO - DAG(s) 'example_local_kubernetes_executor' retrieved from /home/victor/Área de Trabalho/airflow/venv/lib/python3.10/site-packages/airflow/example_dags/example_local_kubernetes_executor.py
[2024-03-02T09:56:34.207-0300] {logging_mixin.py:188} WARNING - /home/victor/Área de Trabalho/airflow/venv/lib/python3.10/site-packages/airflow/serialization/serialized_objects.py:1562 DeprecationWarning: This module is deprecated. The `cncf.kubernetes` provider before version 7.4.0 uses this module - you should migrate to a newer version of `cncf.kubernetes` to get rid of this warning. If you import the module via `airflow.kubernetes` import, please use `cncf.kubernetes' provider 7.4.0+ and switch all your imports to use `apache.airflow.providers.cncf.kubernetes` to get rid of the warning.
[2024-03-02T09:56:34.212-0300] {logging_mixin.py:188} INFO - [2024-03-02T09:56:34.212-0300] {dag.py:3047} INFO - Sync 1 DAGs
[2024-03-02T09:56:34.221-0300] {logging_mixin.py:188} INFO - [2024-03-02T09:56:34.221-0300] {dag.py:3834} INFO - Setting next_dagrun for example_local_kubernetes_executor to None, run_after=None
[2024-03-02T09:56:34.240-0300] {processor.py:183} INFO - Processing /home/victor/Área de Trabalho/airflow/venv/lib/python3.10/site-packages/airflow/example_dags/example_local_kubernetes_executor.py took 0.337 seconds
[2024-03-02T09:57:04.465-0300] {processor.py:161} INFO - Started process (PID=26716) to work on /home/victor/Área de Trabalho/airflow/venv/lib/python3.10/site-packages/airflow/example_dags/example_local_kubernetes_executor.py
[2024-03-02T09:57:04.465-0300] {processor.py:830} INFO - Processing file /home/victor/Área de Trabalho/airflow/venv/lib/python3.10/site-packages/airflow/example_dags/example_local_kubernetes_executor.py for tasks to queue
[2024-03-02T09:57:04.466-0300] {logging_mixin.py:188} INFO - [2024-03-02T09:57:04.466-0300] {dagbag.py:540} INFO - Filling up the DagBag from /home/victor/Área de Trabalho/airflow/venv/lib/python3.10/site-packages/airflow/example_dags/example_local_kubernetes_executor.py
[2024-03-02T09:57:04.751-0300] {processor.py:840} INFO - DAG(s) 'example_local_kubernetes_executor' retrieved from /home/victor/Área de Trabalho/airflow/venv/lib/python3.10/site-packages/airflow/example_dags/example_local_kubernetes_executor.py
[2024-03-02T09:57:04.775-0300] {logging_mixin.py:188} WARNING - /home/victor/Área de Trabalho/airflow/venv/lib/python3.10/site-packages/airflow/serialization/serialized_objects.py:1562 DeprecationWarning: This module is deprecated. The `cncf.kubernetes` provider before version 7.4.0 uses this module - you should migrate to a newer version of `cncf.kubernetes` to get rid of this warning. If you import the module via `airflow.kubernetes` import, please use `cncf.kubernetes' provider 7.4.0+ and switch all your imports to use `apache.airflow.providers.cncf.kubernetes` to get rid of the warning.
[2024-03-02T09:57:04.781-0300] {logging_mixin.py:188} INFO - [2024-03-02T09:57:04.780-0300] {dag.py:3047} INFO - Sync 1 DAGs
[2024-03-02T09:57:04.790-0300] {logging_mixin.py:188} INFO - [2024-03-02T09:57:04.790-0300] {dag.py:3834} INFO - Setting next_dagrun for example_local_kubernetes_executor to None, run_after=None
[2024-03-02T09:57:04.806-0300] {processor.py:183} INFO - Processing /home/victor/Área de Trabalho/airflow/venv/lib/python3.10/site-packages/airflow/example_dags/example_local_kubernetes_executor.py took 0.344 seconds
[2024-03-02T09:57:34.974-0300] {processor.py:161} INFO - Started process (PID=27037) to work on /home/victor/Área de Trabalho/airflow/venv/lib/python3.10/site-packages/airflow/example_dags/example_local_kubernetes_executor.py
[2024-03-02T09:57:34.974-0300] {processor.py:830} INFO - Processing file /home/victor/Área de Trabalho/airflow/venv/lib/python3.10/site-packages/airflow/example_dags/example_local_kubernetes_executor.py for tasks to queue
[2024-03-02T09:57:34.975-0300] {logging_mixin.py:188} INFO - [2024-03-02T09:57:34.975-0300] {dagbag.py:540} INFO - Filling up the DagBag from /home/victor/Área de Trabalho/airflow/venv/lib/python3.10/site-packages/airflow/example_dags/example_local_kubernetes_executor.py
[2024-03-02T09:57:35.256-0300] {processor.py:840} INFO - DAG(s) 'example_local_kubernetes_executor' retrieved from /home/victor/Área de Trabalho/airflow/venv/lib/python3.10/site-packages/airflow/example_dags/example_local_kubernetes_executor.py
[2024-03-02T09:57:35.277-0300] {logging_mixin.py:188} WARNING - /home/victor/Área de Trabalho/airflow/venv/lib/python3.10/site-packages/airflow/serialization/serialized_objects.py:1562 DeprecationWarning: This module is deprecated. The `cncf.kubernetes` provider before version 7.4.0 uses this module - you should migrate to a newer version of `cncf.kubernetes` to get rid of this warning. If you import the module via `airflow.kubernetes` import, please use `cncf.kubernetes' provider 7.4.0+ and switch all your imports to use `apache.airflow.providers.cncf.kubernetes` to get rid of the warning.
[2024-03-02T09:57:35.283-0300] {logging_mixin.py:188} INFO - [2024-03-02T09:57:35.282-0300] {dag.py:3047} INFO - Sync 1 DAGs
[2024-03-02T09:57:35.293-0300] {logging_mixin.py:188} INFO - [2024-03-02T09:57:35.293-0300] {dag.py:3834} INFO - Setting next_dagrun for example_local_kubernetes_executor to None, run_after=None
[2024-03-02T09:57:35.310-0300] {processor.py:183} INFO - Processing /home/victor/Área de Trabalho/airflow/venv/lib/python3.10/site-packages/airflow/example_dags/example_local_kubernetes_executor.py took 0.339 seconds
[2024-03-02T09:58:05.445-0300] {processor.py:161} INFO - Started process (PID=27589) to work on /home/victor/Área de Trabalho/airflow/venv/lib/python3.10/site-packages/airflow/example_dags/example_local_kubernetes_executor.py
[2024-03-02T09:58:05.446-0300] {processor.py:830} INFO - Processing file /home/victor/Área de Trabalho/airflow/venv/lib/python3.10/site-packages/airflow/example_dags/example_local_kubernetes_executor.py for tasks to queue
[2024-03-02T09:58:05.447-0300] {logging_mixin.py:188} INFO - [2024-03-02T09:58:05.447-0300] {dagbag.py:540} INFO - Filling up the DagBag from /home/victor/Área de Trabalho/airflow/venv/lib/python3.10/site-packages/airflow/example_dags/example_local_kubernetes_executor.py
[2024-03-02T09:58:05.740-0300] {processor.py:840} INFO - DAG(s) 'example_local_kubernetes_executor' retrieved from /home/victor/Área de Trabalho/airflow/venv/lib/python3.10/site-packages/airflow/example_dags/example_local_kubernetes_executor.py
[2024-03-02T09:58:05.765-0300] {logging_mixin.py:188} WARNING - /home/victor/Área de Trabalho/airflow/venv/lib/python3.10/site-packages/airflow/serialization/serialized_objects.py:1562 DeprecationWarning: This module is deprecated. The `cncf.kubernetes` provider before version 7.4.0 uses this module - you should migrate to a newer version of `cncf.kubernetes` to get rid of this warning. If you import the module via `airflow.kubernetes` import, please use `cncf.kubernetes' provider 7.4.0+ and switch all your imports to use `apache.airflow.providers.cncf.kubernetes` to get rid of the warning.
[2024-03-02T09:58:05.771-0300] {logging_mixin.py:188} INFO - [2024-03-02T09:58:05.771-0300] {dag.py:3047} INFO - Sync 1 DAGs
[2024-03-02T09:58:05.781-0300] {logging_mixin.py:188} INFO - [2024-03-02T09:58:05.781-0300] {dag.py:3834} INFO - Setting next_dagrun for example_local_kubernetes_executor to None, run_after=None
[2024-03-02T09:58:05.809-0300] {processor.py:183} INFO - Processing /home/victor/Área de Trabalho/airflow/venv/lib/python3.10/site-packages/airflow/example_dags/example_local_kubernetes_executor.py took 0.367 seconds
[2024-03-02T09:58:36.077-0300] {processor.py:161} INFO - Started process (PID=28958) to work on /home/victor/Área de Trabalho/airflow/venv/lib/python3.10/site-packages/airflow/example_dags/example_local_kubernetes_executor.py
[2024-03-02T09:58:36.078-0300] {processor.py:830} INFO - Processing file /home/victor/Área de Trabalho/airflow/venv/lib/python3.10/site-packages/airflow/example_dags/example_local_kubernetes_executor.py for tasks to queue
[2024-03-02T09:58:36.079-0300] {logging_mixin.py:188} INFO - [2024-03-02T09:58:36.078-0300] {dagbag.py:540} INFO - Filling up the DagBag from /home/victor/Área de Trabalho/airflow/venv/lib/python3.10/site-packages/airflow/example_dags/example_local_kubernetes_executor.py
[2024-03-02T09:58:36.364-0300] {processor.py:840} INFO - DAG(s) 'example_local_kubernetes_executor' retrieved from /home/victor/Área de Trabalho/airflow/venv/lib/python3.10/site-packages/airflow/example_dags/example_local_kubernetes_executor.py
[2024-03-02T09:58:36.387-0300] {logging_mixin.py:188} WARNING - /home/victor/Área de Trabalho/airflow/venv/lib/python3.10/site-packages/airflow/serialization/serialized_objects.py:1562 DeprecationWarning: This module is deprecated. The `cncf.kubernetes` provider before version 7.4.0 uses this module - you should migrate to a newer version of `cncf.kubernetes` to get rid of this warning. If you import the module via `airflow.kubernetes` import, please use `cncf.kubernetes' provider 7.4.0+ and switch all your imports to use `apache.airflow.providers.cncf.kubernetes` to get rid of the warning.
[2024-03-02T09:58:36.392-0300] {logging_mixin.py:188} INFO - [2024-03-02T09:58:36.392-0300] {dag.py:3047} INFO - Sync 1 DAGs
[2024-03-02T09:58:36.402-0300] {logging_mixin.py:188} INFO - [2024-03-02T09:58:36.402-0300] {dag.py:3834} INFO - Setting next_dagrun for example_local_kubernetes_executor to None, run_after=None
[2024-03-02T09:58:36.418-0300] {processor.py:183} INFO - Processing /home/victor/Área de Trabalho/airflow/venv/lib/python3.10/site-packages/airflow/example_dags/example_local_kubernetes_executor.py took 0.344 seconds
[2024-03-02T09:59:06.618-0300] {processor.py:161} INFO - Started process (PID=29472) to work on /home/victor/Área de Trabalho/airflow/venv/lib/python3.10/site-packages/airflow/example_dags/example_local_kubernetes_executor.py
[2024-03-02T09:59:06.619-0300] {processor.py:830} INFO - Processing file /home/victor/Área de Trabalho/airflow/venv/lib/python3.10/site-packages/airflow/example_dags/example_local_kubernetes_executor.py for tasks to queue
[2024-03-02T09:59:06.620-0300] {logging_mixin.py:188} INFO - [2024-03-02T09:59:06.619-0300] {dagbag.py:540} INFO - Filling up the DagBag from /home/victor/Área de Trabalho/airflow/venv/lib/python3.10/site-packages/airflow/example_dags/example_local_kubernetes_executor.py
[2024-03-02T09:59:06.891-0300] {processor.py:840} INFO - DAG(s) 'example_local_kubernetes_executor' retrieved from /home/victor/Área de Trabalho/airflow/venv/lib/python3.10/site-packages/airflow/example_dags/example_local_kubernetes_executor.py
[2024-03-02T09:59:06.917-0300] {logging_mixin.py:188} WARNING - /home/victor/Área de Trabalho/airflow/venv/lib/python3.10/site-packages/airflow/serialization/serialized_objects.py:1562 DeprecationWarning: This module is deprecated. The `cncf.kubernetes` provider before version 7.4.0 uses this module - you should migrate to a newer version of `cncf.kubernetes` to get rid of this warning. If you import the module via `airflow.kubernetes` import, please use `cncf.kubernetes' provider 7.4.0+ and switch all your imports to use `apache.airflow.providers.cncf.kubernetes` to get rid of the warning.
[2024-03-02T09:59:06.922-0300] {logging_mixin.py:188} INFO - [2024-03-02T09:59:06.922-0300] {dag.py:3047} INFO - Sync 1 DAGs
[2024-03-02T09:59:06.933-0300] {logging_mixin.py:188} INFO - [2024-03-02T09:59:06.932-0300] {dag.py:3834} INFO - Setting next_dagrun for example_local_kubernetes_executor to None, run_after=None
[2024-03-02T09:59:06.950-0300] {processor.py:183} INFO - Processing /home/victor/Área de Trabalho/airflow/venv/lib/python3.10/site-packages/airflow/example_dags/example_local_kubernetes_executor.py took 0.334 seconds
