[2024-03-02T09:36:58.096-0300] {processor.py:161} INFO - Started process (PID=7844) to work on /home/victor/Área de Trabalho/airflow/venv/lib/python3.10/site-packages/airflow/example_dags/example_skip_dag.py
[2024-03-02T09:36:58.096-0300] {processor.py:830} INFO - Processing file /home/victor/Área de Trabalho/airflow/venv/lib/python3.10/site-packages/airflow/example_dags/example_skip_dag.py for tasks to queue
[2024-03-02T09:36:58.097-0300] {logging_mixin.py:188} INFO - [2024-03-02T09:36:58.097-0300] {dagbag.py:540} INFO - Filling up the DagBag from /home/victor/Área de Trabalho/airflow/venv/lib/python3.10/site-packages/airflow/example_dags/example_skip_dag.py
[2024-03-02T09:36:58.104-0300] {processor.py:840} INFO - DAG(s) 'example_skip_dag' retrieved from /home/victor/Área de Trabalho/airflow/venv/lib/python3.10/site-packages/airflow/example_dags/example_skip_dag.py
[2024-03-02T09:36:58.125-0300] {logging_mixin.py:188} INFO - [2024-03-02T09:36:58.124-0300] {dag.py:3047} INFO - Sync 1 DAGs
[2024-03-02T09:36:58.154-0300] {logging_mixin.py:188} INFO - [2024-03-02T09:36:58.154-0300] {dag.py:3834} INFO - Setting next_dagrun for example_skip_dag to 2024-03-01 00:00:00+00:00, run_after=2024-03-02 00:00:00+00:00
[2024-03-02T09:36:58.174-0300] {processor.py:183} INFO - Processing /home/victor/Área de Trabalho/airflow/venv/lib/python3.10/site-packages/airflow/example_dags/example_skip_dag.py took 0.081 seconds
[2024-03-02T09:37:28.879-0300] {processor.py:161} INFO - Started process (PID=9261) to work on /home/victor/Área de Trabalho/airflow/venv/lib/python3.10/site-packages/airflow/example_dags/example_skip_dag.py
[2024-03-02T09:37:28.879-0300] {processor.py:830} INFO - Processing file /home/victor/Área de Trabalho/airflow/venv/lib/python3.10/site-packages/airflow/example_dags/example_skip_dag.py for tasks to queue
[2024-03-02T09:37:28.880-0300] {logging_mixin.py:188} INFO - [2024-03-02T09:37:28.880-0300] {dagbag.py:540} INFO - Filling up the DagBag from /home/victor/Área de Trabalho/airflow/venv/lib/python3.10/site-packages/airflow/example_dags/example_skip_dag.py
[2024-03-02T09:37:28.888-0300] {processor.py:840} INFO - DAG(s) 'example_skip_dag' retrieved from /home/victor/Área de Trabalho/airflow/venv/lib/python3.10/site-packages/airflow/example_dags/example_skip_dag.py
[2024-03-02T09:37:28.994-0300] {logging_mixin.py:188} INFO - [2024-03-02T09:37:28.994-0300] {dag.py:3047} INFO - Sync 1 DAGs
[2024-03-02T09:37:29.015-0300] {logging_mixin.py:188} INFO - [2024-03-02T09:37:29.015-0300] {dag.py:3834} INFO - Setting next_dagrun for example_skip_dag to 2024-03-01 00:00:00+00:00, run_after=2024-03-02 00:00:00+00:00
[2024-03-02T09:37:29.035-0300] {processor.py:183} INFO - Processing /home/victor/Área de Trabalho/airflow/venv/lib/python3.10/site-packages/airflow/example_dags/example_skip_dag.py took 0.159 seconds
[2024-03-02T09:37:59.643-0300] {processor.py:161} INFO - Started process (PID=9926) to work on /home/victor/Área de Trabalho/airflow/venv/lib/python3.10/site-packages/airflow/example_dags/example_skip_dag.py
[2024-03-02T09:37:59.644-0300] {processor.py:830} INFO - Processing file /home/victor/Área de Trabalho/airflow/venv/lib/python3.10/site-packages/airflow/example_dags/example_skip_dag.py for tasks to queue
[2024-03-02T09:37:59.645-0300] {logging_mixin.py:188} INFO - [2024-03-02T09:37:59.645-0300] {dagbag.py:540} INFO - Filling up the DagBag from /home/victor/Área de Trabalho/airflow/venv/lib/python3.10/site-packages/airflow/example_dags/example_skip_dag.py
[2024-03-02T09:37:59.651-0300] {processor.py:840} INFO - DAG(s) 'example_skip_dag' retrieved from /home/victor/Área de Trabalho/airflow/venv/lib/python3.10/site-packages/airflow/example_dags/example_skip_dag.py
[2024-03-02T09:37:59.679-0300] {logging_mixin.py:188} INFO - [2024-03-02T09:37:59.679-0300] {dag.py:3047} INFO - Sync 1 DAGs
[2024-03-02T09:37:59.702-0300] {logging_mixin.py:188} INFO - [2024-03-02T09:37:59.702-0300] {dag.py:3834} INFO - Setting next_dagrun for example_skip_dag to 2024-03-01 00:00:00+00:00, run_after=2024-03-02 00:00:00+00:00
[2024-03-02T09:37:59.722-0300] {processor.py:183} INFO - Processing /home/victor/Área de Trabalho/airflow/venv/lib/python3.10/site-packages/airflow/example_dags/example_skip_dag.py took 0.082 seconds
[2024-03-02T09:38:31.067-0300] {processor.py:161} INFO - Started process (PID=10243) to work on /home/victor/Área de Trabalho/airflow/venv/lib/python3.10/site-packages/airflow/example_dags/example_skip_dag.py
[2024-03-02T09:38:31.069-0300] {processor.py:830} INFO - Processing file /home/victor/Área de Trabalho/airflow/venv/lib/python3.10/site-packages/airflow/example_dags/example_skip_dag.py for tasks to queue
[2024-03-02T09:38:31.069-0300] {logging_mixin.py:188} INFO - [2024-03-02T09:38:31.069-0300] {dagbag.py:540} INFO - Filling up the DagBag from /home/victor/Área de Trabalho/airflow/venv/lib/python3.10/site-packages/airflow/example_dags/example_skip_dag.py
[2024-03-02T09:38:31.075-0300] {processor.py:840} INFO - DAG(s) 'example_skip_dag' retrieved from /home/victor/Área de Trabalho/airflow/venv/lib/python3.10/site-packages/airflow/example_dags/example_skip_dag.py
[2024-03-02T09:38:31.101-0300] {logging_mixin.py:188} INFO - [2024-03-02T09:38:31.101-0300] {dag.py:3047} INFO - Sync 1 DAGs
[2024-03-02T09:38:31.119-0300] {logging_mixin.py:188} INFO - [2024-03-02T09:38:31.119-0300] {dag.py:3834} INFO - Setting next_dagrun for example_skip_dag to 2024-03-01 00:00:00+00:00, run_after=2024-03-02 00:00:00+00:00
[2024-03-02T09:38:31.136-0300] {processor.py:183} INFO - Processing /home/victor/Área de Trabalho/airflow/venv/lib/python3.10/site-packages/airflow/example_dags/example_skip_dag.py took 0.072 seconds
[2024-03-02T09:39:02.518-0300] {processor.py:161} INFO - Started process (PID=10777) to work on /home/victor/Área de Trabalho/airflow/venv/lib/python3.10/site-packages/airflow/example_dags/example_skip_dag.py
[2024-03-02T09:39:02.519-0300] {processor.py:830} INFO - Processing file /home/victor/Área de Trabalho/airflow/venv/lib/python3.10/site-packages/airflow/example_dags/example_skip_dag.py for tasks to queue
[2024-03-02T09:39:02.520-0300] {logging_mixin.py:188} INFO - [2024-03-02T09:39:02.519-0300] {dagbag.py:540} INFO - Filling up the DagBag from /home/victor/Área de Trabalho/airflow/venv/lib/python3.10/site-packages/airflow/example_dags/example_skip_dag.py
[2024-03-02T09:39:02.526-0300] {processor.py:840} INFO - DAG(s) 'example_skip_dag' retrieved from /home/victor/Área de Trabalho/airflow/venv/lib/python3.10/site-packages/airflow/example_dags/example_skip_dag.py
[2024-03-02T09:39:02.554-0300] {logging_mixin.py:188} INFO - [2024-03-02T09:39:02.554-0300] {dag.py:3047} INFO - Sync 1 DAGs
[2024-03-02T09:39:02.576-0300] {logging_mixin.py:188} INFO - [2024-03-02T09:39:02.576-0300] {dag.py:3834} INFO - Setting next_dagrun for example_skip_dag to 2024-03-01 00:00:00+00:00, run_after=2024-03-02 00:00:00+00:00
[2024-03-02T09:39:02.597-0300] {processor.py:183} INFO - Processing /home/victor/Área de Trabalho/airflow/venv/lib/python3.10/site-packages/airflow/example_dags/example_skip_dag.py took 0.082 seconds
[2024-03-02T09:39:33.739-0300] {processor.py:161} INFO - Started process (PID=11396) to work on /home/victor/Área de Trabalho/airflow/venv/lib/python3.10/site-packages/airflow/example_dags/example_skip_dag.py
[2024-03-02T09:39:33.740-0300] {processor.py:830} INFO - Processing file /home/victor/Área de Trabalho/airflow/venv/lib/python3.10/site-packages/airflow/example_dags/example_skip_dag.py for tasks to queue
[2024-03-02T09:39:33.740-0300] {logging_mixin.py:188} INFO - [2024-03-02T09:39:33.740-0300] {dagbag.py:540} INFO - Filling up the DagBag from /home/victor/Área de Trabalho/airflow/venv/lib/python3.10/site-packages/airflow/example_dags/example_skip_dag.py
[2024-03-02T09:39:33.747-0300] {processor.py:840} INFO - DAG(s) 'example_skip_dag' retrieved from /home/victor/Área de Trabalho/airflow/venv/lib/python3.10/site-packages/airflow/example_dags/example_skip_dag.py
[2024-03-02T09:39:33.772-0300] {logging_mixin.py:188} INFO - [2024-03-02T09:39:33.772-0300] {dag.py:3047} INFO - Sync 1 DAGs
[2024-03-02T09:39:33.793-0300] {logging_mixin.py:188} INFO - [2024-03-02T09:39:33.793-0300] {dag.py:3834} INFO - Setting next_dagrun for example_skip_dag to 2024-03-01 00:00:00+00:00, run_after=2024-03-02 00:00:00+00:00
[2024-03-02T09:39:33.813-0300] {processor.py:183} INFO - Processing /home/victor/Área de Trabalho/airflow/venv/lib/python3.10/site-packages/airflow/example_dags/example_skip_dag.py took 0.077 seconds
[2024-03-02T09:40:05.056-0300] {processor.py:161} INFO - Started process (PID=11872) to work on /home/victor/Área de Trabalho/airflow/venv/lib/python3.10/site-packages/airflow/example_dags/example_skip_dag.py
[2024-03-02T09:40:05.057-0300] {processor.py:830} INFO - Processing file /home/victor/Área de Trabalho/airflow/venv/lib/python3.10/site-packages/airflow/example_dags/example_skip_dag.py for tasks to queue
[2024-03-02T09:40:05.058-0300] {logging_mixin.py:188} INFO - [2024-03-02T09:40:05.058-0300] {dagbag.py:540} INFO - Filling up the DagBag from /home/victor/Área de Trabalho/airflow/venv/lib/python3.10/site-packages/airflow/example_dags/example_skip_dag.py
[2024-03-02T09:40:05.064-0300] {processor.py:840} INFO - DAG(s) 'example_skip_dag' retrieved from /home/victor/Área de Trabalho/airflow/venv/lib/python3.10/site-packages/airflow/example_dags/example_skip_dag.py
[2024-03-02T09:40:05.089-0300] {logging_mixin.py:188} INFO - [2024-03-02T09:40:05.089-0300] {dag.py:3047} INFO - Sync 1 DAGs
[2024-03-02T09:40:05.108-0300] {logging_mixin.py:188} INFO - [2024-03-02T09:40:05.108-0300] {dag.py:3834} INFO - Setting next_dagrun for example_skip_dag to 2024-03-01 00:00:00+00:00, run_after=2024-03-02 00:00:00+00:00
[2024-03-02T09:40:05.130-0300] {processor.py:183} INFO - Processing /home/victor/Área de Trabalho/airflow/venv/lib/python3.10/site-packages/airflow/example_dags/example_skip_dag.py took 0.076 seconds
[2024-03-02T09:40:36.343-0300] {processor.py:161} INFO - Started process (PID=12250) to work on /home/victor/Área de Trabalho/airflow/venv/lib/python3.10/site-packages/airflow/example_dags/example_skip_dag.py
[2024-03-02T09:40:36.344-0300] {processor.py:830} INFO - Processing file /home/victor/Área de Trabalho/airflow/venv/lib/python3.10/site-packages/airflow/example_dags/example_skip_dag.py for tasks to queue
[2024-03-02T09:40:36.345-0300] {logging_mixin.py:188} INFO - [2024-03-02T09:40:36.344-0300] {dagbag.py:540} INFO - Filling up the DagBag from /home/victor/Área de Trabalho/airflow/venv/lib/python3.10/site-packages/airflow/example_dags/example_skip_dag.py
[2024-03-02T09:40:36.353-0300] {processor.py:840} INFO - DAG(s) 'example_skip_dag' retrieved from /home/victor/Área de Trabalho/airflow/venv/lib/python3.10/site-packages/airflow/example_dags/example_skip_dag.py
[2024-03-02T09:40:36.380-0300] {logging_mixin.py:188} INFO - [2024-03-02T09:40:36.380-0300] {dag.py:3047} INFO - Sync 1 DAGs
[2024-03-02T09:40:36.403-0300] {logging_mixin.py:188} INFO - [2024-03-02T09:40:36.403-0300] {dag.py:3834} INFO - Setting next_dagrun for example_skip_dag to 2024-03-01 00:00:00+00:00, run_after=2024-03-02 00:00:00+00:00
[2024-03-02T09:40:36.423-0300] {processor.py:183} INFO - Processing /home/victor/Área de Trabalho/airflow/venv/lib/python3.10/site-packages/airflow/example_dags/example_skip_dag.py took 0.084 seconds
[2024-03-02T09:41:07.065-0300] {processor.py:161} INFO - Started process (PID=12726) to work on /home/victor/Área de Trabalho/airflow/venv/lib/python3.10/site-packages/airflow/example_dags/example_skip_dag.py
[2024-03-02T09:41:07.067-0300] {processor.py:830} INFO - Processing file /home/victor/Área de Trabalho/airflow/venv/lib/python3.10/site-packages/airflow/example_dags/example_skip_dag.py for tasks to queue
[2024-03-02T09:41:07.067-0300] {logging_mixin.py:188} INFO - [2024-03-02T09:41:07.067-0300] {dagbag.py:540} INFO - Filling up the DagBag from /home/victor/Área de Trabalho/airflow/venv/lib/python3.10/site-packages/airflow/example_dags/example_skip_dag.py
[2024-03-02T09:41:07.074-0300] {processor.py:840} INFO - DAG(s) 'example_skip_dag' retrieved from /home/victor/Área de Trabalho/airflow/venv/lib/python3.10/site-packages/airflow/example_dags/example_skip_dag.py
[2024-03-02T09:41:07.129-0300] {logging_mixin.py:188} INFO - [2024-03-02T09:41:07.128-0300] {dag.py:3047} INFO - Sync 1 DAGs
[2024-03-02T09:41:07.172-0300] {logging_mixin.py:188} INFO - [2024-03-02T09:41:07.171-0300] {dag.py:3834} INFO - Setting next_dagrun for example_skip_dag to 2024-03-01 00:00:00+00:00, run_after=2024-03-02 00:00:00+00:00
[2024-03-02T09:41:07.200-0300] {processor.py:183} INFO - Processing /home/victor/Área de Trabalho/airflow/venv/lib/python3.10/site-packages/airflow/example_dags/example_skip_dag.py took 0.138 seconds
[2024-03-02T09:41:38.065-0300] {processor.py:161} INFO - Started process (PID=13041) to work on /home/victor/Área de Trabalho/airflow/venv/lib/python3.10/site-packages/airflow/example_dags/example_skip_dag.py
[2024-03-02T09:41:38.066-0300] {processor.py:830} INFO - Processing file /home/victor/Área de Trabalho/airflow/venv/lib/python3.10/site-packages/airflow/example_dags/example_skip_dag.py for tasks to queue
[2024-03-02T09:41:38.067-0300] {logging_mixin.py:188} INFO - [2024-03-02T09:41:38.066-0300] {dagbag.py:540} INFO - Filling up the DagBag from /home/victor/Área de Trabalho/airflow/venv/lib/python3.10/site-packages/airflow/example_dags/example_skip_dag.py
[2024-03-02T09:41:38.077-0300] {processor.py:840} INFO - DAG(s) 'example_skip_dag' retrieved from /home/victor/Área de Trabalho/airflow/venv/lib/python3.10/site-packages/airflow/example_dags/example_skip_dag.py
[2024-03-02T09:41:38.108-0300] {logging_mixin.py:188} INFO - [2024-03-02T09:41:38.108-0300] {dag.py:3047} INFO - Sync 1 DAGs
[2024-03-02T09:41:38.131-0300] {logging_mixin.py:188} INFO - [2024-03-02T09:41:38.131-0300] {dag.py:3834} INFO - Setting next_dagrun for example_skip_dag to 2024-03-01 00:00:00+00:00, run_after=2024-03-02 00:00:00+00:00
[2024-03-02T09:41:38.155-0300] {processor.py:183} INFO - Processing /home/victor/Área de Trabalho/airflow/venv/lib/python3.10/site-packages/airflow/example_dags/example_skip_dag.py took 0.093 seconds
[2024-03-02T09:42:08.844-0300] {processor.py:161} INFO - Started process (PID=13675) to work on /home/victor/Área de Trabalho/airflow/venv/lib/python3.10/site-packages/airflow/example_dags/example_skip_dag.py
[2024-03-02T09:42:08.845-0300] {processor.py:830} INFO - Processing file /home/victor/Área de Trabalho/airflow/venv/lib/python3.10/site-packages/airflow/example_dags/example_skip_dag.py for tasks to queue
[2024-03-02T09:42:08.846-0300] {logging_mixin.py:188} INFO - [2024-03-02T09:42:08.846-0300] {dagbag.py:540} INFO - Filling up the DagBag from /home/victor/Área de Trabalho/airflow/venv/lib/python3.10/site-packages/airflow/example_dags/example_skip_dag.py
[2024-03-02T09:42:08.853-0300] {processor.py:840} INFO - DAG(s) 'example_skip_dag' retrieved from /home/victor/Área de Trabalho/airflow/venv/lib/python3.10/site-packages/airflow/example_dags/example_skip_dag.py
[2024-03-02T09:42:08.880-0300] {logging_mixin.py:188} INFO - [2024-03-02T09:42:08.880-0300] {dag.py:3047} INFO - Sync 1 DAGs
[2024-03-02T09:42:08.900-0300] {logging_mixin.py:188} INFO - [2024-03-02T09:42:08.900-0300] {dag.py:3834} INFO - Setting next_dagrun for example_skip_dag to 2024-03-01 00:00:00+00:00, run_after=2024-03-02 00:00:00+00:00
[2024-03-02T09:42:08.919-0300] {processor.py:183} INFO - Processing /home/victor/Área de Trabalho/airflow/venv/lib/python3.10/site-packages/airflow/example_dags/example_skip_dag.py took 0.078 seconds
[2024-03-02T09:42:39.647-0300] {processor.py:161} INFO - Started process (PID=13995) to work on /home/victor/Área de Trabalho/airflow/venv/lib/python3.10/site-packages/airflow/example_dags/example_skip_dag.py
[2024-03-02T09:42:39.648-0300] {processor.py:830} INFO - Processing file /home/victor/Área de Trabalho/airflow/venv/lib/python3.10/site-packages/airflow/example_dags/example_skip_dag.py for tasks to queue
[2024-03-02T09:42:39.649-0300] {logging_mixin.py:188} INFO - [2024-03-02T09:42:39.648-0300] {dagbag.py:540} INFO - Filling up the DagBag from /home/victor/Área de Trabalho/airflow/venv/lib/python3.10/site-packages/airflow/example_dags/example_skip_dag.py
[2024-03-02T09:42:39.655-0300] {processor.py:840} INFO - DAG(s) 'example_skip_dag' retrieved from /home/victor/Área de Trabalho/airflow/venv/lib/python3.10/site-packages/airflow/example_dags/example_skip_dag.py
[2024-03-02T09:42:39.684-0300] {logging_mixin.py:188} INFO - [2024-03-02T09:42:39.684-0300] {dag.py:3047} INFO - Sync 1 DAGs
[2024-03-02T09:42:39.711-0300] {logging_mixin.py:188} INFO - [2024-03-02T09:42:39.710-0300] {dag.py:3834} INFO - Setting next_dagrun for example_skip_dag to 2024-03-01 00:00:00+00:00, run_after=2024-03-02 00:00:00+00:00
[2024-03-02T09:42:39.733-0300] {processor.py:183} INFO - Processing /home/victor/Área de Trabalho/airflow/venv/lib/python3.10/site-packages/airflow/example_dags/example_skip_dag.py took 0.089 seconds
[2024-03-02T09:43:10.832-0300] {processor.py:161} INFO - Started process (PID=14476) to work on /home/victor/Área de Trabalho/airflow/venv/lib/python3.10/site-packages/airflow/example_dags/example_skip_dag.py
[2024-03-02T09:43:10.834-0300] {processor.py:830} INFO - Processing file /home/victor/Área de Trabalho/airflow/venv/lib/python3.10/site-packages/airflow/example_dags/example_skip_dag.py for tasks to queue
[2024-03-02T09:43:10.835-0300] {logging_mixin.py:188} INFO - [2024-03-02T09:43:10.835-0300] {dagbag.py:540} INFO - Filling up the DagBag from /home/victor/Área de Trabalho/airflow/venv/lib/python3.10/site-packages/airflow/example_dags/example_skip_dag.py
[2024-03-02T09:43:10.842-0300] {processor.py:840} INFO - DAG(s) 'example_skip_dag' retrieved from /home/victor/Área de Trabalho/airflow/venv/lib/python3.10/site-packages/airflow/example_dags/example_skip_dag.py
[2024-03-02T09:43:10.872-0300] {logging_mixin.py:188} INFO - [2024-03-02T09:43:10.872-0300] {dag.py:3047} INFO - Sync 1 DAGs
[2024-03-02T09:43:10.908-0300] {logging_mixin.py:188} INFO - [2024-03-02T09:43:10.908-0300] {dag.py:3834} INFO - Setting next_dagrun for example_skip_dag to 2024-03-01 00:00:00+00:00, run_after=2024-03-02 00:00:00+00:00
[2024-03-02T09:43:10.936-0300] {processor.py:183} INFO - Processing /home/victor/Área de Trabalho/airflow/venv/lib/python3.10/site-packages/airflow/example_dags/example_skip_dag.py took 0.108 seconds
[2024-03-02T09:43:41.702-0300] {processor.py:161} INFO - Started process (PID=14797) to work on /home/victor/Área de Trabalho/airflow/venv/lib/python3.10/site-packages/airflow/example_dags/example_skip_dag.py
[2024-03-02T09:43:41.703-0300] {processor.py:830} INFO - Processing file /home/victor/Área de Trabalho/airflow/venv/lib/python3.10/site-packages/airflow/example_dags/example_skip_dag.py for tasks to queue
[2024-03-02T09:43:41.704-0300] {logging_mixin.py:188} INFO - [2024-03-02T09:43:41.703-0300] {dagbag.py:540} INFO - Filling up the DagBag from /home/victor/Área de Trabalho/airflow/venv/lib/python3.10/site-packages/airflow/example_dags/example_skip_dag.py
[2024-03-02T09:43:41.711-0300] {processor.py:840} INFO - DAG(s) 'example_skip_dag' retrieved from /home/victor/Área de Trabalho/airflow/venv/lib/python3.10/site-packages/airflow/example_dags/example_skip_dag.py
[2024-03-02T09:43:41.739-0300] {logging_mixin.py:188} INFO - [2024-03-02T09:43:41.739-0300] {dag.py:3047} INFO - Sync 1 DAGs
[2024-03-02T09:43:41.761-0300] {logging_mixin.py:188} INFO - [2024-03-02T09:43:41.761-0300] {dag.py:3834} INFO - Setting next_dagrun for example_skip_dag to 2024-03-01 00:00:00+00:00, run_after=2024-03-02 00:00:00+00:00
[2024-03-02T09:43:41.781-0300] {processor.py:183} INFO - Processing /home/victor/Área de Trabalho/airflow/venv/lib/python3.10/site-packages/airflow/example_dags/example_skip_dag.py took 0.082 seconds
[2024-03-02T09:44:13.138-0300] {processor.py:161} INFO - Started process (PID=15279) to work on /home/victor/Área de Trabalho/airflow/venv/lib/python3.10/site-packages/airflow/example_dags/example_skip_dag.py
[2024-03-02T09:44:13.139-0300] {processor.py:830} INFO - Processing file /home/victor/Área de Trabalho/airflow/venv/lib/python3.10/site-packages/airflow/example_dags/example_skip_dag.py for tasks to queue
[2024-03-02T09:44:13.140-0300] {logging_mixin.py:188} INFO - [2024-03-02T09:44:13.140-0300] {dagbag.py:540} INFO - Filling up the DagBag from /home/victor/Área de Trabalho/airflow/venv/lib/python3.10/site-packages/airflow/example_dags/example_skip_dag.py
[2024-03-02T09:44:13.147-0300] {processor.py:840} INFO - DAG(s) 'example_skip_dag' retrieved from /home/victor/Área de Trabalho/airflow/venv/lib/python3.10/site-packages/airflow/example_dags/example_skip_dag.py
[2024-03-02T09:44:13.178-0300] {logging_mixin.py:188} INFO - [2024-03-02T09:44:13.177-0300] {dag.py:3047} INFO - Sync 1 DAGs
[2024-03-02T09:44:13.206-0300] {logging_mixin.py:188} INFO - [2024-03-02T09:44:13.205-0300] {dag.py:3834} INFO - Setting next_dagrun for example_skip_dag to 2024-03-01 00:00:00+00:00, run_after=2024-03-02 00:00:00+00:00
[2024-03-02T09:44:13.229-0300] {processor.py:183} INFO - Processing /home/victor/Área de Trabalho/airflow/venv/lib/python3.10/site-packages/airflow/example_dags/example_skip_dag.py took 0.093 seconds
[2024-03-02T09:44:43.797-0300] {processor.py:161} INFO - Started process (PID=15602) to work on /home/victor/Área de Trabalho/airflow/venv/lib/python3.10/site-packages/airflow/example_dags/example_skip_dag.py
[2024-03-02T09:44:43.798-0300] {processor.py:830} INFO - Processing file /home/victor/Área de Trabalho/airflow/venv/lib/python3.10/site-packages/airflow/example_dags/example_skip_dag.py for tasks to queue
[2024-03-02T09:44:43.799-0300] {logging_mixin.py:188} INFO - [2024-03-02T09:44:43.799-0300] {dagbag.py:540} INFO - Filling up the DagBag from /home/victor/Área de Trabalho/airflow/venv/lib/python3.10/site-packages/airflow/example_dags/example_skip_dag.py
[2024-03-02T09:44:43.807-0300] {processor.py:840} INFO - DAG(s) 'example_skip_dag' retrieved from /home/victor/Área de Trabalho/airflow/venv/lib/python3.10/site-packages/airflow/example_dags/example_skip_dag.py
[2024-03-02T09:44:43.838-0300] {logging_mixin.py:188} INFO - [2024-03-02T09:44:43.838-0300] {dag.py:3047} INFO - Sync 1 DAGs
[2024-03-02T09:44:43.864-0300] {logging_mixin.py:188} INFO - [2024-03-02T09:44:43.864-0300] {dag.py:3834} INFO - Setting next_dagrun for example_skip_dag to 2024-03-01 00:00:00+00:00, run_after=2024-03-02 00:00:00+00:00
[2024-03-02T09:44:43.890-0300] {processor.py:183} INFO - Processing /home/victor/Área de Trabalho/airflow/venv/lib/python3.10/site-packages/airflow/example_dags/example_skip_dag.py took 0.095 seconds
[2024-03-02T09:45:14.539-0300] {processor.py:161} INFO - Started process (PID=16087) to work on /home/victor/Área de Trabalho/airflow/venv/lib/python3.10/site-packages/airflow/example_dags/example_skip_dag.py
[2024-03-02T09:45:14.540-0300] {processor.py:830} INFO - Processing file /home/victor/Área de Trabalho/airflow/venv/lib/python3.10/site-packages/airflow/example_dags/example_skip_dag.py for tasks to queue
[2024-03-02T09:45:14.540-0300] {logging_mixin.py:188} INFO - [2024-03-02T09:45:14.540-0300] {dagbag.py:540} INFO - Filling up the DagBag from /home/victor/Área de Trabalho/airflow/venv/lib/python3.10/site-packages/airflow/example_dags/example_skip_dag.py
[2024-03-02T09:45:14.547-0300] {processor.py:840} INFO - DAG(s) 'example_skip_dag' retrieved from /home/victor/Área de Trabalho/airflow/venv/lib/python3.10/site-packages/airflow/example_dags/example_skip_dag.py
[2024-03-02T09:45:14.578-0300] {logging_mixin.py:188} INFO - [2024-03-02T09:45:14.577-0300] {dag.py:3047} INFO - Sync 1 DAGs
[2024-03-02T09:45:14.600-0300] {logging_mixin.py:188} INFO - [2024-03-02T09:45:14.600-0300] {dag.py:3834} INFO - Setting next_dagrun for example_skip_dag to 2024-03-01 00:00:00+00:00, run_after=2024-03-02 00:00:00+00:00
[2024-03-02T09:45:14.621-0300] {processor.py:183} INFO - Processing /home/victor/Área de Trabalho/airflow/venv/lib/python3.10/site-packages/airflow/example_dags/example_skip_dag.py took 0.085 seconds
[2024-03-02T09:45:45.731-0300] {processor.py:161} INFO - Started process (PID=16594) to work on /home/victor/Área de Trabalho/airflow/venv/lib/python3.10/site-packages/airflow/example_dags/example_skip_dag.py
[2024-03-02T09:45:45.732-0300] {processor.py:830} INFO - Processing file /home/victor/Área de Trabalho/airflow/venv/lib/python3.10/site-packages/airflow/example_dags/example_skip_dag.py for tasks to queue
[2024-03-02T09:45:45.733-0300] {logging_mixin.py:188} INFO - [2024-03-02T09:45:45.733-0300] {dagbag.py:540} INFO - Filling up the DagBag from /home/victor/Área de Trabalho/airflow/venv/lib/python3.10/site-packages/airflow/example_dags/example_skip_dag.py
[2024-03-02T09:45:45.740-0300] {processor.py:840} INFO - DAG(s) 'example_skip_dag' retrieved from /home/victor/Área de Trabalho/airflow/venv/lib/python3.10/site-packages/airflow/example_dags/example_skip_dag.py
[2024-03-02T09:45:45.767-0300] {logging_mixin.py:188} INFO - [2024-03-02T09:45:45.767-0300] {dag.py:3047} INFO - Sync 1 DAGs
[2024-03-02T09:45:45.788-0300] {logging_mixin.py:188} INFO - [2024-03-02T09:45:45.788-0300] {dag.py:3834} INFO - Setting next_dagrun for example_skip_dag to 2024-03-01 00:00:00+00:00, run_after=2024-03-02 00:00:00+00:00
[2024-03-02T09:45:45.809-0300] {processor.py:183} INFO - Processing /home/victor/Área de Trabalho/airflow/venv/lib/python3.10/site-packages/airflow/example_dags/example_skip_dag.py took 0.082 seconds
[2024-03-02T09:46:17.204-0300] {processor.py:161} INFO - Started process (PID=17086) to work on /home/victor/Área de Trabalho/airflow/venv/lib/python3.10/site-packages/airflow/example_dags/example_skip_dag.py
[2024-03-02T09:46:17.205-0300] {processor.py:830} INFO - Processing file /home/victor/Área de Trabalho/airflow/venv/lib/python3.10/site-packages/airflow/example_dags/example_skip_dag.py for tasks to queue
[2024-03-02T09:46:17.206-0300] {logging_mixin.py:188} INFO - [2024-03-02T09:46:17.206-0300] {dagbag.py:540} INFO - Filling up the DagBag from /home/victor/Área de Trabalho/airflow/venv/lib/python3.10/site-packages/airflow/example_dags/example_skip_dag.py
[2024-03-02T09:46:17.214-0300] {processor.py:840} INFO - DAG(s) 'example_skip_dag' retrieved from /home/victor/Área de Trabalho/airflow/venv/lib/python3.10/site-packages/airflow/example_dags/example_skip_dag.py
[2024-03-02T09:46:17.254-0300] {logging_mixin.py:188} INFO - [2024-03-02T09:46:17.254-0300] {dag.py:3047} INFO - Sync 1 DAGs
[2024-03-02T09:46:17.279-0300] {logging_mixin.py:188} INFO - [2024-03-02T09:46:17.279-0300] {dag.py:3834} INFO - Setting next_dagrun for example_skip_dag to 2024-03-01 00:00:00+00:00, run_after=2024-03-02 00:00:00+00:00
[2024-03-02T09:46:17.300-0300] {processor.py:183} INFO - Processing /home/victor/Área de Trabalho/airflow/venv/lib/python3.10/site-packages/airflow/example_dags/example_skip_dag.py took 0.100 seconds
[2024-03-02T09:46:48.018-0300] {processor.py:161} INFO - Started process (PID=17408) to work on /home/victor/Área de Trabalho/airflow/venv/lib/python3.10/site-packages/airflow/example_dags/example_skip_dag.py
[2024-03-02T09:46:48.019-0300] {processor.py:830} INFO - Processing file /home/victor/Área de Trabalho/airflow/venv/lib/python3.10/site-packages/airflow/example_dags/example_skip_dag.py for tasks to queue
[2024-03-02T09:46:48.020-0300] {logging_mixin.py:188} INFO - [2024-03-02T09:46:48.020-0300] {dagbag.py:540} INFO - Filling up the DagBag from /home/victor/Área de Trabalho/airflow/venv/lib/python3.10/site-packages/airflow/example_dags/example_skip_dag.py
[2024-03-02T09:46:48.027-0300] {processor.py:840} INFO - DAG(s) 'example_skip_dag' retrieved from /home/victor/Área de Trabalho/airflow/venv/lib/python3.10/site-packages/airflow/example_dags/example_skip_dag.py
[2024-03-02T09:46:48.057-0300] {logging_mixin.py:188} INFO - [2024-03-02T09:46:48.057-0300] {dag.py:3047} INFO - Sync 1 DAGs
[2024-03-02T09:46:48.081-0300] {logging_mixin.py:188} INFO - [2024-03-02T09:46:48.081-0300] {dag.py:3834} INFO - Setting next_dagrun for example_skip_dag to 2024-03-01 00:00:00+00:00, run_after=2024-03-02 00:00:00+00:00
[2024-03-02T09:46:48.105-0300] {processor.py:183} INFO - Processing /home/victor/Área de Trabalho/airflow/venv/lib/python3.10/site-packages/airflow/example_dags/example_skip_dag.py took 0.091 seconds
[2024-03-02T09:47:18.790-0300] {processor.py:161} INFO - Started process (PID=18068) to work on /home/victor/Área de Trabalho/airflow/venv/lib/python3.10/site-packages/airflow/example_dags/example_skip_dag.py
[2024-03-02T09:47:18.791-0300] {processor.py:830} INFO - Processing file /home/victor/Área de Trabalho/airflow/venv/lib/python3.10/site-packages/airflow/example_dags/example_skip_dag.py for tasks to queue
[2024-03-02T09:47:18.792-0300] {logging_mixin.py:188} INFO - [2024-03-02T09:47:18.791-0300] {dagbag.py:540} INFO - Filling up the DagBag from /home/victor/Área de Trabalho/airflow/venv/lib/python3.10/site-packages/airflow/example_dags/example_skip_dag.py
[2024-03-02T09:47:18.798-0300] {processor.py:840} INFO - DAG(s) 'example_skip_dag' retrieved from /home/victor/Área de Trabalho/airflow/venv/lib/python3.10/site-packages/airflow/example_dags/example_skip_dag.py
[2024-03-02T09:47:18.827-0300] {logging_mixin.py:188} INFO - [2024-03-02T09:47:18.827-0300] {dag.py:3047} INFO - Sync 1 DAGs
[2024-03-02T09:47:18.849-0300] {logging_mixin.py:188} INFO - [2024-03-02T09:47:18.848-0300] {dag.py:3834} INFO - Setting next_dagrun for example_skip_dag to 2024-03-01 00:00:00+00:00, run_after=2024-03-02 00:00:00+00:00
[2024-03-02T09:47:18.869-0300] {processor.py:183} INFO - Processing /home/victor/Área de Trabalho/airflow/venv/lib/python3.10/site-packages/airflow/example_dags/example_skip_dag.py took 0.082 seconds
[2024-03-02T09:47:49.575-0300] {processor.py:161} INFO - Started process (PID=18387) to work on /home/victor/Área de Trabalho/airflow/venv/lib/python3.10/site-packages/airflow/example_dags/example_skip_dag.py
[2024-03-02T09:47:49.576-0300] {processor.py:830} INFO - Processing file /home/victor/Área de Trabalho/airflow/venv/lib/python3.10/site-packages/airflow/example_dags/example_skip_dag.py for tasks to queue
[2024-03-02T09:47:49.576-0300] {logging_mixin.py:188} INFO - [2024-03-02T09:47:49.576-0300] {dagbag.py:540} INFO - Filling up the DagBag from /home/victor/Área de Trabalho/airflow/venv/lib/python3.10/site-packages/airflow/example_dags/example_skip_dag.py
[2024-03-02T09:47:49.583-0300] {processor.py:840} INFO - DAG(s) 'example_skip_dag' retrieved from /home/victor/Área de Trabalho/airflow/venv/lib/python3.10/site-packages/airflow/example_dags/example_skip_dag.py
[2024-03-02T09:47:49.616-0300] {logging_mixin.py:188} INFO - [2024-03-02T09:47:49.611-0300] {dag.py:3047} INFO - Sync 1 DAGs
[2024-03-02T09:47:49.639-0300] {logging_mixin.py:188} INFO - [2024-03-02T09:47:49.639-0300] {dag.py:3834} INFO - Setting next_dagrun for example_skip_dag to 2024-03-01 00:00:00+00:00, run_after=2024-03-02 00:00:00+00:00
[2024-03-02T09:47:49.659-0300] {processor.py:183} INFO - Processing /home/victor/Área de Trabalho/airflow/venv/lib/python3.10/site-packages/airflow/example_dags/example_skip_dag.py took 0.089 seconds
[2024-03-02T09:48:20.211-0300] {processor.py:161} INFO - Started process (PID=18873) to work on /home/victor/Área de Trabalho/airflow/venv/lib/python3.10/site-packages/airflow/example_dags/example_skip_dag.py
[2024-03-02T09:48:20.211-0300] {processor.py:830} INFO - Processing file /home/victor/Área de Trabalho/airflow/venv/lib/python3.10/site-packages/airflow/example_dags/example_skip_dag.py for tasks to queue
[2024-03-02T09:48:20.212-0300] {logging_mixin.py:188} INFO - [2024-03-02T09:48:20.212-0300] {dagbag.py:540} INFO - Filling up the DagBag from /home/victor/Área de Trabalho/airflow/venv/lib/python3.10/site-packages/airflow/example_dags/example_skip_dag.py
[2024-03-02T09:48:20.218-0300] {processor.py:840} INFO - DAG(s) 'example_skip_dag' retrieved from /home/victor/Área de Trabalho/airflow/venv/lib/python3.10/site-packages/airflow/example_dags/example_skip_dag.py
[2024-03-02T09:48:20.248-0300] {logging_mixin.py:188} INFO - [2024-03-02T09:48:20.247-0300] {dag.py:3047} INFO - Sync 1 DAGs
[2024-03-02T09:48:20.273-0300] {logging_mixin.py:188} INFO - [2024-03-02T09:48:20.273-0300] {dag.py:3834} INFO - Setting next_dagrun for example_skip_dag to 2024-03-01 00:00:00+00:00, run_after=2024-03-02 00:00:00+00:00
[2024-03-02T09:48:20.295-0300] {processor.py:183} INFO - Processing /home/victor/Área de Trabalho/airflow/venv/lib/python3.10/site-packages/airflow/example_dags/example_skip_dag.py took 0.088 seconds
[2024-03-02T09:48:50.980-0300] {processor.py:161} INFO - Started process (PID=19215) to work on /home/victor/Área de Trabalho/airflow/venv/lib/python3.10/site-packages/airflow/example_dags/example_skip_dag.py
[2024-03-02T09:48:50.981-0300] {processor.py:830} INFO - Processing file /home/victor/Área de Trabalho/airflow/venv/lib/python3.10/site-packages/airflow/example_dags/example_skip_dag.py for tasks to queue
[2024-03-02T09:48:50.981-0300] {logging_mixin.py:188} INFO - [2024-03-02T09:48:50.981-0300] {dagbag.py:540} INFO - Filling up the DagBag from /home/victor/Área de Trabalho/airflow/venv/lib/python3.10/site-packages/airflow/example_dags/example_skip_dag.py
[2024-03-02T09:48:50.987-0300] {processor.py:840} INFO - DAG(s) 'example_skip_dag' retrieved from /home/victor/Área de Trabalho/airflow/venv/lib/python3.10/site-packages/airflow/example_dags/example_skip_dag.py
[2024-03-02T09:48:51.016-0300] {logging_mixin.py:188} INFO - [2024-03-02T09:48:51.016-0300] {dag.py:3047} INFO - Sync 1 DAGs
[2024-03-02T09:48:51.038-0300] {logging_mixin.py:188} INFO - [2024-03-02T09:48:51.038-0300] {dag.py:3834} INFO - Setting next_dagrun for example_skip_dag to 2024-03-01 00:00:00+00:00, run_after=2024-03-02 00:00:00+00:00
[2024-03-02T09:48:51.060-0300] {processor.py:183} INFO - Processing /home/victor/Área de Trabalho/airflow/venv/lib/python3.10/site-packages/airflow/example_dags/example_skip_dag.py took 0.083 seconds
[2024-03-02T09:49:21.744-0300] {processor.py:161} INFO - Started process (PID=19698) to work on /home/victor/Área de Trabalho/airflow/venv/lib/python3.10/site-packages/airflow/example_dags/example_skip_dag.py
[2024-03-02T09:49:21.744-0300] {processor.py:830} INFO - Processing file /home/victor/Área de Trabalho/airflow/venv/lib/python3.10/site-packages/airflow/example_dags/example_skip_dag.py for tasks to queue
[2024-03-02T09:49:21.745-0300] {logging_mixin.py:188} INFO - [2024-03-02T09:49:21.745-0300] {dagbag.py:540} INFO - Filling up the DagBag from /home/victor/Área de Trabalho/airflow/venv/lib/python3.10/site-packages/airflow/example_dags/example_skip_dag.py
[2024-03-02T09:49:21.751-0300] {processor.py:840} INFO - DAG(s) 'example_skip_dag' retrieved from /home/victor/Área de Trabalho/airflow/venv/lib/python3.10/site-packages/airflow/example_dags/example_skip_dag.py
[2024-03-02T09:49:21.781-0300] {logging_mixin.py:188} INFO - [2024-03-02T09:49:21.781-0300] {dag.py:3047} INFO - Sync 1 DAGs
[2024-03-02T09:49:21.805-0300] {logging_mixin.py:188} INFO - [2024-03-02T09:49:21.805-0300] {dag.py:3834} INFO - Setting next_dagrun for example_skip_dag to 2024-03-01 00:00:00+00:00, run_after=2024-03-02 00:00:00+00:00
[2024-03-02T09:49:21.828-0300] {processor.py:183} INFO - Processing /home/victor/Área de Trabalho/airflow/venv/lib/python3.10/site-packages/airflow/example_dags/example_skip_dag.py took 0.087 seconds
[2024-03-02T09:49:52.472-0300] {processor.py:161} INFO - Started process (PID=20020) to work on /home/victor/Área de Trabalho/airflow/venv/lib/python3.10/site-packages/airflow/example_dags/example_skip_dag.py
[2024-03-02T09:49:52.473-0300] {processor.py:830} INFO - Processing file /home/victor/Área de Trabalho/airflow/venv/lib/python3.10/site-packages/airflow/example_dags/example_skip_dag.py for tasks to queue
[2024-03-02T09:49:52.474-0300] {logging_mixin.py:188} INFO - [2024-03-02T09:49:52.474-0300] {dagbag.py:540} INFO - Filling up the DagBag from /home/victor/Área de Trabalho/airflow/venv/lib/python3.10/site-packages/airflow/example_dags/example_skip_dag.py
[2024-03-02T09:49:52.483-0300] {processor.py:840} INFO - DAG(s) 'example_skip_dag' retrieved from /home/victor/Área de Trabalho/airflow/venv/lib/python3.10/site-packages/airflow/example_dags/example_skip_dag.py
[2024-03-02T09:49:52.512-0300] {logging_mixin.py:188} INFO - [2024-03-02T09:49:52.512-0300] {dag.py:3047} INFO - Sync 1 DAGs
[2024-03-02T09:49:52.535-0300] {logging_mixin.py:188} INFO - [2024-03-02T09:49:52.535-0300] {dag.py:3834} INFO - Setting next_dagrun for example_skip_dag to 2024-03-01 00:00:00+00:00, run_after=2024-03-02 00:00:00+00:00
[2024-03-02T09:49:52.556-0300] {processor.py:183} INFO - Processing /home/victor/Área de Trabalho/airflow/venv/lib/python3.10/site-packages/airflow/example_dags/example_skip_dag.py took 0.087 seconds
[2024-03-02T09:50:23.116-0300] {processor.py:161} INFO - Started process (PID=20501) to work on /home/victor/Área de Trabalho/airflow/venv/lib/python3.10/site-packages/airflow/example_dags/example_skip_dag.py
[2024-03-02T09:50:23.117-0300] {processor.py:830} INFO - Processing file /home/victor/Área de Trabalho/airflow/venv/lib/python3.10/site-packages/airflow/example_dags/example_skip_dag.py for tasks to queue
[2024-03-02T09:50:23.118-0300] {logging_mixin.py:188} INFO - [2024-03-02T09:50:23.117-0300] {dagbag.py:540} INFO - Filling up the DagBag from /home/victor/Área de Trabalho/airflow/venv/lib/python3.10/site-packages/airflow/example_dags/example_skip_dag.py
[2024-03-02T09:50:23.124-0300] {processor.py:840} INFO - DAG(s) 'example_skip_dag' retrieved from /home/victor/Área de Trabalho/airflow/venv/lib/python3.10/site-packages/airflow/example_dags/example_skip_dag.py
[2024-03-02T09:50:23.151-0300] {logging_mixin.py:188} INFO - [2024-03-02T09:50:23.151-0300] {dag.py:3047} INFO - Sync 1 DAGs
[2024-03-02T09:50:23.174-0300] {logging_mixin.py:188} INFO - [2024-03-02T09:50:23.174-0300] {dag.py:3834} INFO - Setting next_dagrun for example_skip_dag to 2024-03-01 00:00:00+00:00, run_after=2024-03-02 00:00:00+00:00
[2024-03-02T09:50:23.193-0300] {processor.py:183} INFO - Processing /home/victor/Área de Trabalho/airflow/venv/lib/python3.10/site-packages/airflow/example_dags/example_skip_dag.py took 0.081 seconds
[2024-03-02T09:50:54.562-0300] {processor.py:161} INFO - Started process (PID=20859) to work on /home/victor/Área de Trabalho/airflow/venv/lib/python3.10/site-packages/airflow/example_dags/example_skip_dag.py
[2024-03-02T09:50:54.563-0300] {processor.py:830} INFO - Processing file /home/victor/Área de Trabalho/airflow/venv/lib/python3.10/site-packages/airflow/example_dags/example_skip_dag.py for tasks to queue
[2024-03-02T09:50:54.563-0300] {logging_mixin.py:188} INFO - [2024-03-02T09:50:54.563-0300] {dagbag.py:540} INFO - Filling up the DagBag from /home/victor/Área de Trabalho/airflow/venv/lib/python3.10/site-packages/airflow/example_dags/example_skip_dag.py
[2024-03-02T09:50:54.572-0300] {processor.py:840} INFO - DAG(s) 'example_skip_dag' retrieved from /home/victor/Área de Trabalho/airflow/venv/lib/python3.10/site-packages/airflow/example_dags/example_skip_dag.py
[2024-03-02T09:50:54.601-0300] {logging_mixin.py:188} INFO - [2024-03-02T09:50:54.601-0300] {dag.py:3047} INFO - Sync 1 DAGs
[2024-03-02T09:50:54.625-0300] {logging_mixin.py:188} INFO - [2024-03-02T09:50:54.625-0300] {dag.py:3834} INFO - Setting next_dagrun for example_skip_dag to 2024-03-01 00:00:00+00:00, run_after=2024-03-02 00:00:00+00:00
[2024-03-02T09:50:54.648-0300] {processor.py:183} INFO - Processing /home/victor/Área de Trabalho/airflow/venv/lib/python3.10/site-packages/airflow/example_dags/example_skip_dag.py took 0.090 seconds
[2024-03-02T09:51:25.293-0300] {processor.py:161} INFO - Started process (PID=21340) to work on /home/victor/Área de Trabalho/airflow/venv/lib/python3.10/site-packages/airflow/example_dags/example_skip_dag.py
[2024-03-02T09:51:25.294-0300] {processor.py:830} INFO - Processing file /home/victor/Área de Trabalho/airflow/venv/lib/python3.10/site-packages/airflow/example_dags/example_skip_dag.py for tasks to queue
[2024-03-02T09:51:25.295-0300] {logging_mixin.py:188} INFO - [2024-03-02T09:51:25.295-0300] {dagbag.py:540} INFO - Filling up the DagBag from /home/victor/Área de Trabalho/airflow/venv/lib/python3.10/site-packages/airflow/example_dags/example_skip_dag.py
[2024-03-02T09:51:25.301-0300] {processor.py:840} INFO - DAG(s) 'example_skip_dag' retrieved from /home/victor/Área de Trabalho/airflow/venv/lib/python3.10/site-packages/airflow/example_dags/example_skip_dag.py
[2024-03-02T09:51:25.329-0300] {logging_mixin.py:188} INFO - [2024-03-02T09:51:25.329-0300] {dag.py:3047} INFO - Sync 1 DAGs
[2024-03-02T09:51:25.352-0300] {logging_mixin.py:188} INFO - [2024-03-02T09:51:25.352-0300] {dag.py:3834} INFO - Setting next_dagrun for example_skip_dag to 2024-03-01 00:00:00+00:00, run_after=2024-03-02 00:00:00+00:00
[2024-03-02T09:51:25.372-0300] {processor.py:183} INFO - Processing /home/victor/Área de Trabalho/airflow/venv/lib/python3.10/site-packages/airflow/example_dags/example_skip_dag.py took 0.082 seconds
[2024-03-02T09:51:56.040-0300] {processor.py:161} INFO - Started process (PID=21661) to work on /home/victor/Área de Trabalho/airflow/venv/lib/python3.10/site-packages/airflow/example_dags/example_skip_dag.py
[2024-03-02T09:51:56.041-0300] {processor.py:830} INFO - Processing file /home/victor/Área de Trabalho/airflow/venv/lib/python3.10/site-packages/airflow/example_dags/example_skip_dag.py for tasks to queue
[2024-03-02T09:51:56.042-0300] {logging_mixin.py:188} INFO - [2024-03-02T09:51:56.041-0300] {dagbag.py:540} INFO - Filling up the DagBag from /home/victor/Área de Trabalho/airflow/venv/lib/python3.10/site-packages/airflow/example_dags/example_skip_dag.py
[2024-03-02T09:51:56.048-0300] {processor.py:840} INFO - DAG(s) 'example_skip_dag' retrieved from /home/victor/Área de Trabalho/airflow/venv/lib/python3.10/site-packages/airflow/example_dags/example_skip_dag.py
[2024-03-02T09:51:56.076-0300] {logging_mixin.py:188} INFO - [2024-03-02T09:51:56.076-0300] {dag.py:3047} INFO - Sync 1 DAGs
[2024-03-02T09:51:56.096-0300] {logging_mixin.py:188} INFO - [2024-03-02T09:51:56.096-0300] {dag.py:3834} INFO - Setting next_dagrun for example_skip_dag to 2024-03-01 00:00:00+00:00, run_after=2024-03-02 00:00:00+00:00
[2024-03-02T09:51:56.117-0300] {processor.py:183} INFO - Processing /home/victor/Área de Trabalho/airflow/venv/lib/python3.10/site-packages/airflow/example_dags/example_skip_dag.py took 0.080 seconds
[2024-03-02T09:52:26.335-0300] {processor.py:161} INFO - Started process (PID=22303) to work on /home/victor/Área de Trabalho/airflow/venv/lib/python3.10/site-packages/airflow/example_dags/example_skip_dag.py
[2024-03-02T09:52:26.336-0300] {processor.py:830} INFO - Processing file /home/victor/Área de Trabalho/airflow/venv/lib/python3.10/site-packages/airflow/example_dags/example_skip_dag.py for tasks to queue
[2024-03-02T09:52:26.337-0300] {logging_mixin.py:188} INFO - [2024-03-02T09:52:26.336-0300] {dagbag.py:540} INFO - Filling up the DagBag from /home/victor/Área de Trabalho/airflow/venv/lib/python3.10/site-packages/airflow/example_dags/example_skip_dag.py
[2024-03-02T09:52:26.342-0300] {processor.py:840} INFO - DAG(s) 'example_skip_dag' retrieved from /home/victor/Área de Trabalho/airflow/venv/lib/python3.10/site-packages/airflow/example_dags/example_skip_dag.py
[2024-03-02T09:52:26.378-0300] {logging_mixin.py:188} INFO - [2024-03-02T09:52:26.378-0300] {dag.py:3047} INFO - Sync 1 DAGs
[2024-03-02T09:52:26.403-0300] {logging_mixin.py:188} INFO - [2024-03-02T09:52:26.402-0300] {dag.py:3834} INFO - Setting next_dagrun for example_skip_dag to 2024-03-01 00:00:00+00:00, run_after=2024-03-02 00:00:00+00:00
[2024-03-02T09:52:26.430-0300] {processor.py:183} INFO - Processing /home/victor/Área de Trabalho/airflow/venv/lib/python3.10/site-packages/airflow/example_dags/example_skip_dag.py took 0.097 seconds
[2024-03-02T09:52:56.951-0300] {processor.py:161} INFO - Started process (PID=22624) to work on /home/victor/Área de Trabalho/airflow/venv/lib/python3.10/site-packages/airflow/example_dags/example_skip_dag.py
[2024-03-02T09:52:56.952-0300] {processor.py:830} INFO - Processing file /home/victor/Área de Trabalho/airflow/venv/lib/python3.10/site-packages/airflow/example_dags/example_skip_dag.py for tasks to queue
[2024-03-02T09:52:56.953-0300] {logging_mixin.py:188} INFO - [2024-03-02T09:52:56.953-0300] {dagbag.py:540} INFO - Filling up the DagBag from /home/victor/Área de Trabalho/airflow/venv/lib/python3.10/site-packages/airflow/example_dags/example_skip_dag.py
[2024-03-02T09:52:56.959-0300] {processor.py:840} INFO - DAG(s) 'example_skip_dag' retrieved from /home/victor/Área de Trabalho/airflow/venv/lib/python3.10/site-packages/airflow/example_dags/example_skip_dag.py
[2024-03-02T09:52:56.989-0300] {logging_mixin.py:188} INFO - [2024-03-02T09:52:56.989-0300] {dag.py:3047} INFO - Sync 1 DAGs
[2024-03-02T09:52:57.011-0300] {logging_mixin.py:188} INFO - [2024-03-02T09:52:57.010-0300] {dag.py:3834} INFO - Setting next_dagrun for example_skip_dag to 2024-03-01 00:00:00+00:00, run_after=2024-03-02 00:00:00+00:00
[2024-03-02T09:52:57.029-0300] {processor.py:183} INFO - Processing /home/victor/Área de Trabalho/airflow/venv/lib/python3.10/site-packages/airflow/example_dags/example_skip_dag.py took 0.080 seconds
[2024-03-02T09:53:27.574-0300] {processor.py:161} INFO - Started process (PID=23108) to work on /home/victor/Área de Trabalho/airflow/venv/lib/python3.10/site-packages/airflow/example_dags/example_skip_dag.py
[2024-03-02T09:53:27.575-0300] {processor.py:830} INFO - Processing file /home/victor/Área de Trabalho/airflow/venv/lib/python3.10/site-packages/airflow/example_dags/example_skip_dag.py for tasks to queue
[2024-03-02T09:53:27.575-0300] {logging_mixin.py:188} INFO - [2024-03-02T09:53:27.575-0300] {dagbag.py:540} INFO - Filling up the DagBag from /home/victor/Área de Trabalho/airflow/venv/lib/python3.10/site-packages/airflow/example_dags/example_skip_dag.py
[2024-03-02T09:53:27.581-0300] {processor.py:840} INFO - DAG(s) 'example_skip_dag' retrieved from /home/victor/Área de Trabalho/airflow/venv/lib/python3.10/site-packages/airflow/example_dags/example_skip_dag.py
[2024-03-02T09:53:27.613-0300] {logging_mixin.py:188} INFO - [2024-03-02T09:53:27.613-0300] {dag.py:3047} INFO - Sync 1 DAGs
[2024-03-02T09:53:27.637-0300] {logging_mixin.py:188} INFO - [2024-03-02T09:53:27.637-0300] {dag.py:3834} INFO - Setting next_dagrun for example_skip_dag to 2024-03-01 00:00:00+00:00, run_after=2024-03-02 00:00:00+00:00
[2024-03-02T09:53:27.662-0300] {processor.py:183} INFO - Processing /home/victor/Área de Trabalho/airflow/venv/lib/python3.10/site-packages/airflow/example_dags/example_skip_dag.py took 0.091 seconds
[2024-03-02T09:53:57.802-0300] {processor.py:161} INFO - Started process (PID=23423) to work on /home/victor/Área de Trabalho/airflow/venv/lib/python3.10/site-packages/airflow/example_dags/example_skip_dag.py
[2024-03-02T09:53:57.803-0300] {processor.py:830} INFO - Processing file /home/victor/Área de Trabalho/airflow/venv/lib/python3.10/site-packages/airflow/example_dags/example_skip_dag.py for tasks to queue
[2024-03-02T09:53:57.804-0300] {logging_mixin.py:188} INFO - [2024-03-02T09:53:57.803-0300] {dagbag.py:540} INFO - Filling up the DagBag from /home/victor/Área de Trabalho/airflow/venv/lib/python3.10/site-packages/airflow/example_dags/example_skip_dag.py
[2024-03-02T09:53:57.810-0300] {processor.py:840} INFO - DAG(s) 'example_skip_dag' retrieved from /home/victor/Área de Trabalho/airflow/venv/lib/python3.10/site-packages/airflow/example_dags/example_skip_dag.py
[2024-03-02T09:53:57.841-0300] {logging_mixin.py:188} INFO - [2024-03-02T09:53:57.841-0300] {dag.py:3047} INFO - Sync 1 DAGs
[2024-03-02T09:53:57.863-0300] {logging_mixin.py:188} INFO - [2024-03-02T09:53:57.863-0300] {dag.py:3834} INFO - Setting next_dagrun for example_skip_dag to 2024-03-01 00:00:00+00:00, run_after=2024-03-02 00:00:00+00:00
[2024-03-02T09:53:57.885-0300] {processor.py:183} INFO - Processing /home/victor/Área de Trabalho/airflow/venv/lib/python3.10/site-packages/airflow/example_dags/example_skip_dag.py took 0.086 seconds
[2024-03-02T09:54:28.892-0300] {processor.py:161} INFO - Started process (PID=24070) to work on /home/victor/Área de Trabalho/airflow/venv/lib/python3.10/site-packages/airflow/example_dags/example_skip_dag.py
[2024-03-02T09:54:28.894-0300] {processor.py:830} INFO - Processing file /home/victor/Área de Trabalho/airflow/venv/lib/python3.10/site-packages/airflow/example_dags/example_skip_dag.py for tasks to queue
[2024-03-02T09:54:28.895-0300] {logging_mixin.py:188} INFO - [2024-03-02T09:54:28.894-0300] {dagbag.py:540} INFO - Filling up the DagBag from /home/victor/Área de Trabalho/airflow/venv/lib/python3.10/site-packages/airflow/example_dags/example_skip_dag.py
[2024-03-02T09:54:28.902-0300] {processor.py:840} INFO - DAG(s) 'example_skip_dag' retrieved from /home/victor/Área de Trabalho/airflow/venv/lib/python3.10/site-packages/airflow/example_dags/example_skip_dag.py
[2024-03-02T09:54:28.930-0300] {logging_mixin.py:188} INFO - [2024-03-02T09:54:28.930-0300] {dag.py:3047} INFO - Sync 1 DAGs
[2024-03-02T09:54:28.955-0300] {logging_mixin.py:188} INFO - [2024-03-02T09:54:28.954-0300] {dag.py:3834} INFO - Setting next_dagrun for example_skip_dag to 2024-03-01 00:00:00+00:00, run_after=2024-03-02 00:00:00+00:00
[2024-03-02T09:54:28.977-0300] {processor.py:183} INFO - Processing /home/victor/Área de Trabalho/airflow/venv/lib/python3.10/site-packages/airflow/example_dags/example_skip_dag.py took 0.088 seconds
[2024-03-02T09:54:59.904-0300] {processor.py:161} INFO - Started process (PID=24627) to work on /home/victor/Área de Trabalho/airflow/venv/lib/python3.10/site-packages/airflow/example_dags/example_skip_dag.py
[2024-03-02T09:54:59.905-0300] {processor.py:830} INFO - Processing file /home/victor/Área de Trabalho/airflow/venv/lib/python3.10/site-packages/airflow/example_dags/example_skip_dag.py for tasks to queue
[2024-03-02T09:54:59.906-0300] {logging_mixin.py:188} INFO - [2024-03-02T09:54:59.905-0300] {dagbag.py:540} INFO - Filling up the DagBag from /home/victor/Área de Trabalho/airflow/venv/lib/python3.10/site-packages/airflow/example_dags/example_skip_dag.py
[2024-03-02T09:54:59.912-0300] {processor.py:840} INFO - DAG(s) 'example_skip_dag' retrieved from /home/victor/Área de Trabalho/airflow/venv/lib/python3.10/site-packages/airflow/example_dags/example_skip_dag.py
[2024-03-02T09:54:59.937-0300] {logging_mixin.py:188} INFO - [2024-03-02T09:54:59.937-0300] {dag.py:3047} INFO - Sync 1 DAGs
[2024-03-02T09:54:59.957-0300] {logging_mixin.py:188} INFO - [2024-03-02T09:54:59.956-0300] {dag.py:3834} INFO - Setting next_dagrun for example_skip_dag to 2024-03-01 00:00:00+00:00, run_after=2024-03-02 00:00:00+00:00
[2024-03-02T09:54:59.975-0300] {processor.py:183} INFO - Processing /home/victor/Área de Trabalho/airflow/venv/lib/python3.10/site-packages/airflow/example_dags/example_skip_dag.py took 0.074 seconds
[2024-03-02T09:55:30.497-0300] {processor.py:161} INFO - Started process (PID=25097) to work on /home/victor/Área de Trabalho/airflow/venv/lib/python3.10/site-packages/airflow/example_dags/example_skip_dag.py
[2024-03-02T09:55:30.498-0300] {processor.py:830} INFO - Processing file /home/victor/Área de Trabalho/airflow/venv/lib/python3.10/site-packages/airflow/example_dags/example_skip_dag.py for tasks to queue
[2024-03-02T09:55:30.499-0300] {logging_mixin.py:188} INFO - [2024-03-02T09:55:30.498-0300] {dagbag.py:540} INFO - Filling up the DagBag from /home/victor/Área de Trabalho/airflow/venv/lib/python3.10/site-packages/airflow/example_dags/example_skip_dag.py
[2024-03-02T09:55:30.505-0300] {processor.py:840} INFO - DAG(s) 'example_skip_dag' retrieved from /home/victor/Área de Trabalho/airflow/venv/lib/python3.10/site-packages/airflow/example_dags/example_skip_dag.py
[2024-03-02T09:55:30.533-0300] {logging_mixin.py:188} INFO - [2024-03-02T09:55:30.532-0300] {dag.py:3047} INFO - Sync 1 DAGs
[2024-03-02T09:55:30.554-0300] {logging_mixin.py:188} INFO - [2024-03-02T09:55:30.553-0300] {dag.py:3834} INFO - Setting next_dagrun for example_skip_dag to 2024-03-01 00:00:00+00:00, run_after=2024-03-02 00:00:00+00:00
[2024-03-02T09:55:30.575-0300] {processor.py:183} INFO - Processing /home/victor/Área de Trabalho/airflow/venv/lib/python3.10/site-packages/airflow/example_dags/example_skip_dag.py took 0.082 seconds
[2024-03-02T09:56:00.825-0300] {processor.py:161} INFO - Started process (PID=25593) to work on /home/victor/Área de Trabalho/airflow/venv/lib/python3.10/site-packages/airflow/example_dags/example_skip_dag.py
[2024-03-02T09:56:00.826-0300] {processor.py:830} INFO - Processing file /home/victor/Área de Trabalho/airflow/venv/lib/python3.10/site-packages/airflow/example_dags/example_skip_dag.py for tasks to queue
[2024-03-02T09:56:00.827-0300] {logging_mixin.py:188} INFO - [2024-03-02T09:56:00.826-0300] {dagbag.py:540} INFO - Filling up the DagBag from /home/victor/Área de Trabalho/airflow/venv/lib/python3.10/site-packages/airflow/example_dags/example_skip_dag.py
[2024-03-02T09:56:00.832-0300] {processor.py:840} INFO - DAG(s) 'example_skip_dag' retrieved from /home/victor/Área de Trabalho/airflow/venv/lib/python3.10/site-packages/airflow/example_dags/example_skip_dag.py
[2024-03-02T09:56:00.859-0300] {logging_mixin.py:188} INFO - [2024-03-02T09:56:00.859-0300] {dag.py:3047} INFO - Sync 1 DAGs
[2024-03-02T09:56:00.879-0300] {logging_mixin.py:188} INFO - [2024-03-02T09:56:00.879-0300] {dag.py:3834} INFO - Setting next_dagrun for example_skip_dag to 2024-03-01 00:00:00+00:00, run_after=2024-03-02 00:00:00+00:00
[2024-03-02T09:56:00.898-0300] {processor.py:183} INFO - Processing /home/victor/Área de Trabalho/airflow/venv/lib/python3.10/site-packages/airflow/example_dags/example_skip_dag.py took 0.076 seconds
[2024-03-02T09:56:31.129-0300] {processor.py:161} INFO - Started process (PID=25916) to work on /home/victor/Área de Trabalho/airflow/venv/lib/python3.10/site-packages/airflow/example_dags/example_skip_dag.py
[2024-03-02T09:56:31.130-0300] {processor.py:830} INFO - Processing file /home/victor/Área de Trabalho/airflow/venv/lib/python3.10/site-packages/airflow/example_dags/example_skip_dag.py for tasks to queue
[2024-03-02T09:56:31.131-0300] {logging_mixin.py:188} INFO - [2024-03-02T09:56:31.130-0300] {dagbag.py:540} INFO - Filling up the DagBag from /home/victor/Área de Trabalho/airflow/venv/lib/python3.10/site-packages/airflow/example_dags/example_skip_dag.py
[2024-03-02T09:56:31.136-0300] {processor.py:840} INFO - DAG(s) 'example_skip_dag' retrieved from /home/victor/Área de Trabalho/airflow/venv/lib/python3.10/site-packages/airflow/example_dags/example_skip_dag.py
[2024-03-02T09:56:31.161-0300] {logging_mixin.py:188} INFO - [2024-03-02T09:56:31.161-0300] {dag.py:3047} INFO - Sync 1 DAGs
[2024-03-02T09:56:31.180-0300] {logging_mixin.py:188} INFO - [2024-03-02T09:56:31.180-0300] {dag.py:3834} INFO - Setting next_dagrun for example_skip_dag to 2024-03-01 00:00:00+00:00, run_after=2024-03-02 00:00:00+00:00
[2024-03-02T09:56:31.198-0300] {processor.py:183} INFO - Processing /home/victor/Área de Trabalho/airflow/venv/lib/python3.10/site-packages/airflow/example_dags/example_skip_dag.py took 0.071 seconds
[2024-03-02T09:57:01.466-0300] {processor.py:161} INFO - Started process (PID=26400) to work on /home/victor/Área de Trabalho/airflow/venv/lib/python3.10/site-packages/airflow/example_dags/example_skip_dag.py
[2024-03-02T09:57:01.466-0300] {processor.py:830} INFO - Processing file /home/victor/Área de Trabalho/airflow/venv/lib/python3.10/site-packages/airflow/example_dags/example_skip_dag.py for tasks to queue
[2024-03-02T09:57:01.467-0300] {logging_mixin.py:188} INFO - [2024-03-02T09:57:01.467-0300] {dagbag.py:540} INFO - Filling up the DagBag from /home/victor/Área de Trabalho/airflow/venv/lib/python3.10/site-packages/airflow/example_dags/example_skip_dag.py
[2024-03-02T09:57:01.473-0300] {processor.py:840} INFO - DAG(s) 'example_skip_dag' retrieved from /home/victor/Área de Trabalho/airflow/venv/lib/python3.10/site-packages/airflow/example_dags/example_skip_dag.py
[2024-03-02T09:57:01.499-0300] {logging_mixin.py:188} INFO - [2024-03-02T09:57:01.498-0300] {dag.py:3047} INFO - Sync 1 DAGs
[2024-03-02T09:57:01.518-0300] {logging_mixin.py:188} INFO - [2024-03-02T09:57:01.518-0300] {dag.py:3834} INFO - Setting next_dagrun for example_skip_dag to 2024-03-01 00:00:00+00:00, run_after=2024-03-02 00:00:00+00:00
[2024-03-02T09:57:01.534-0300] {processor.py:183} INFO - Processing /home/victor/Área de Trabalho/airflow/venv/lib/python3.10/site-packages/airflow/example_dags/example_skip_dag.py took 0.071 seconds
[2024-03-02T09:57:32.060-0300] {processor.py:161} INFO - Started process (PID=26882) to work on /home/victor/Área de Trabalho/airflow/venv/lib/python3.10/site-packages/airflow/example_dags/example_skip_dag.py
[2024-03-02T09:57:32.061-0300] {processor.py:830} INFO - Processing file /home/victor/Área de Trabalho/airflow/venv/lib/python3.10/site-packages/airflow/example_dags/example_skip_dag.py for tasks to queue
[2024-03-02T09:57:32.062-0300] {logging_mixin.py:188} INFO - [2024-03-02T09:57:32.062-0300] {dagbag.py:540} INFO - Filling up the DagBag from /home/victor/Área de Trabalho/airflow/venv/lib/python3.10/site-packages/airflow/example_dags/example_skip_dag.py
[2024-03-02T09:57:32.068-0300] {processor.py:840} INFO - DAG(s) 'example_skip_dag' retrieved from /home/victor/Área de Trabalho/airflow/venv/lib/python3.10/site-packages/airflow/example_dags/example_skip_dag.py
[2024-03-02T09:57:32.094-0300] {logging_mixin.py:188} INFO - [2024-03-02T09:57:32.094-0300] {dag.py:3047} INFO - Sync 1 DAGs
[2024-03-02T09:57:32.113-0300] {logging_mixin.py:188} INFO - [2024-03-02T09:57:32.113-0300] {dag.py:3834} INFO - Setting next_dagrun for example_skip_dag to 2024-03-01 00:00:00+00:00, run_after=2024-03-02 00:00:00+00:00
[2024-03-02T09:57:32.132-0300] {processor.py:183} INFO - Processing /home/victor/Área de Trabalho/airflow/venv/lib/python3.10/site-packages/airflow/example_dags/example_skip_dag.py took 0.075 seconds
[2024-03-02T09:58:02.597-0300] {processor.py:161} INFO - Started process (PID=27410) to work on /home/victor/Área de Trabalho/airflow/venv/lib/python3.10/site-packages/airflow/example_dags/example_skip_dag.py
[2024-03-02T09:58:02.599-0300] {processor.py:830} INFO - Processing file /home/victor/Área de Trabalho/airflow/venv/lib/python3.10/site-packages/airflow/example_dags/example_skip_dag.py for tasks to queue
[2024-03-02T09:58:02.600-0300] {logging_mixin.py:188} INFO - [2024-03-02T09:58:02.599-0300] {dagbag.py:540} INFO - Filling up the DagBag from /home/victor/Área de Trabalho/airflow/venv/lib/python3.10/site-packages/airflow/example_dags/example_skip_dag.py
[2024-03-02T09:58:02.606-0300] {processor.py:840} INFO - DAG(s) 'example_skip_dag' retrieved from /home/victor/Área de Trabalho/airflow/venv/lib/python3.10/site-packages/airflow/example_dags/example_skip_dag.py
[2024-03-02T09:58:02.636-0300] {logging_mixin.py:188} INFO - [2024-03-02T09:58:02.635-0300] {dag.py:3047} INFO - Sync 1 DAGs
[2024-03-02T09:58:02.657-0300] {logging_mixin.py:188} INFO - [2024-03-02T09:58:02.656-0300] {dag.py:3834} INFO - Setting next_dagrun for example_skip_dag to 2024-03-01 00:00:00+00:00, run_after=2024-03-02 00:00:00+00:00
[2024-03-02T09:58:02.680-0300] {processor.py:183} INFO - Processing /home/victor/Área de Trabalho/airflow/venv/lib/python3.10/site-packages/airflow/example_dags/example_skip_dag.py took 0.086 seconds
[2024-03-02T09:58:33.194-0300] {processor.py:161} INFO - Started process (PID=28244) to work on /home/victor/Área de Trabalho/airflow/venv/lib/python3.10/site-packages/airflow/example_dags/example_skip_dag.py
[2024-03-02T09:58:33.195-0300] {processor.py:830} INFO - Processing file /home/victor/Área de Trabalho/airflow/venv/lib/python3.10/site-packages/airflow/example_dags/example_skip_dag.py for tasks to queue
[2024-03-02T09:58:33.195-0300] {logging_mixin.py:188} INFO - [2024-03-02T09:58:33.195-0300] {dagbag.py:540} INFO - Filling up the DagBag from /home/victor/Área de Trabalho/airflow/venv/lib/python3.10/site-packages/airflow/example_dags/example_skip_dag.py
[2024-03-02T09:58:33.201-0300] {processor.py:840} INFO - DAG(s) 'example_skip_dag' retrieved from /home/victor/Área de Trabalho/airflow/venv/lib/python3.10/site-packages/airflow/example_dags/example_skip_dag.py
[2024-03-02T09:58:33.227-0300] {logging_mixin.py:188} INFO - [2024-03-02T09:58:33.227-0300] {dag.py:3047} INFO - Sync 1 DAGs
[2024-03-02T09:58:33.247-0300] {logging_mixin.py:188} INFO - [2024-03-02T09:58:33.246-0300] {dag.py:3834} INFO - Setting next_dagrun for example_skip_dag to 2024-03-01 00:00:00+00:00, run_after=2024-03-02 00:00:00+00:00
[2024-03-02T09:58:33.270-0300] {processor.py:183} INFO - Processing /home/victor/Área de Trabalho/airflow/venv/lib/python3.10/site-packages/airflow/example_dags/example_skip_dag.py took 0.079 seconds
[2024-03-02T09:59:03.884-0300] {processor.py:161} INFO - Started process (PID=29316) to work on /home/victor/Área de Trabalho/airflow/venv/lib/python3.10/site-packages/airflow/example_dags/example_skip_dag.py
[2024-03-02T09:59:03.885-0300] {processor.py:830} INFO - Processing file /home/victor/Área de Trabalho/airflow/venv/lib/python3.10/site-packages/airflow/example_dags/example_skip_dag.py for tasks to queue
[2024-03-02T09:59:03.885-0300] {logging_mixin.py:188} INFO - [2024-03-02T09:59:03.885-0300] {dagbag.py:540} INFO - Filling up the DagBag from /home/victor/Área de Trabalho/airflow/venv/lib/python3.10/site-packages/airflow/example_dags/example_skip_dag.py
[2024-03-02T09:59:03.891-0300] {processor.py:840} INFO - DAG(s) 'example_skip_dag' retrieved from /home/victor/Área de Trabalho/airflow/venv/lib/python3.10/site-packages/airflow/example_dags/example_skip_dag.py
[2024-03-02T09:59:03.920-0300] {logging_mixin.py:188} INFO - [2024-03-02T09:59:03.920-0300] {dag.py:3047} INFO - Sync 1 DAGs
[2024-03-02T09:59:03.942-0300] {logging_mixin.py:188} INFO - [2024-03-02T09:59:03.941-0300] {dag.py:3834} INFO - Setting next_dagrun for example_skip_dag to 2024-03-01 00:00:00+00:00, run_after=2024-03-02 00:00:00+00:00
[2024-03-02T09:59:03.963-0300] {processor.py:183} INFO - Processing /home/victor/Área de Trabalho/airflow/venv/lib/python3.10/site-packages/airflow/example_dags/example_skip_dag.py took 0.082 seconds
