[2024-03-02T09:36:59.779-0300] {processor.py:161} INFO - Started process (PID=8021) to work on /home/victor/Área de Trabalho/airflow/venv/lib/python3.10/site-packages/airflow/example_dags/example_latest_only.py
[2024-03-02T09:36:59.780-0300] {processor.py:830} INFO - Processing file /home/victor/Área de Trabalho/airflow/venv/lib/python3.10/site-packages/airflow/example_dags/example_latest_only.py for tasks to queue
[2024-03-02T09:36:59.781-0300] {logging_mixin.py:188} INFO - [2024-03-02T09:36:59.781-0300] {dagbag.py:540} INFO - Filling up the DagBag from /home/victor/Área de Trabalho/airflow/venv/lib/python3.10/site-packages/airflow/example_dags/example_latest_only.py
[2024-03-02T09:36:59.785-0300] {processor.py:840} INFO - DAG(s) 'latest_only' retrieved from /home/victor/Área de Trabalho/airflow/venv/lib/python3.10/site-packages/airflow/example_dags/example_latest_only.py
[2024-03-02T09:36:59.808-0300] {logging_mixin.py:188} INFO - [2024-03-02T09:36:59.807-0300] {dag.py:3047} INFO - Sync 1 DAGs
[2024-03-02T09:36:59.832-0300] {logging_mixin.py:188} INFO - [2024-03-02T09:36:59.832-0300] {dag.py:3834} INFO - Setting next_dagrun for latest_only to 2024-03-02 08:00:00+00:00, run_after=2024-03-02 12:00:00+00:00
[2024-03-02T09:36:59.854-0300] {processor.py:183} INFO - Processing /home/victor/Área de Trabalho/airflow/venv/lib/python3.10/site-packages/airflow/example_dags/example_latest_only.py took 0.077 seconds
[2024-03-02T09:37:31.511-0300] {processor.py:161} INFO - Started process (PID=9482) to work on /home/victor/Área de Trabalho/airflow/venv/lib/python3.10/site-packages/airflow/example_dags/example_latest_only.py
[2024-03-02T09:37:31.511-0300] {processor.py:830} INFO - Processing file /home/victor/Área de Trabalho/airflow/venv/lib/python3.10/site-packages/airflow/example_dags/example_latest_only.py for tasks to queue
[2024-03-02T09:37:31.512-0300] {logging_mixin.py:188} INFO - [2024-03-02T09:37:31.512-0300] {dagbag.py:540} INFO - Filling up the DagBag from /home/victor/Área de Trabalho/airflow/venv/lib/python3.10/site-packages/airflow/example_dags/example_latest_only.py
[2024-03-02T09:37:31.516-0300] {processor.py:840} INFO - DAG(s) 'latest_only' retrieved from /home/victor/Área de Trabalho/airflow/venv/lib/python3.10/site-packages/airflow/example_dags/example_latest_only.py
[2024-03-02T09:37:31.615-0300] {logging_mixin.py:188} INFO - [2024-03-02T09:37:31.614-0300] {dag.py:3047} INFO - Sync 1 DAGs
[2024-03-02T09:37:31.633-0300] {logging_mixin.py:188} INFO - [2024-03-02T09:37:31.633-0300] {dag.py:3834} INFO - Setting next_dagrun for latest_only to 2024-03-02 08:00:00+00:00, run_after=2024-03-02 12:00:00+00:00
[2024-03-02T09:37:31.652-0300] {processor.py:183} INFO - Processing /home/victor/Área de Trabalho/airflow/venv/lib/python3.10/site-packages/airflow/example_dags/example_latest_only.py took 0.144 seconds
[2024-03-02T09:38:02.389-0300] {processor.py:161} INFO - Started process (PID=10088) to work on /home/victor/Área de Trabalho/airflow/venv/lib/python3.10/site-packages/airflow/example_dags/example_latest_only.py
[2024-03-02T09:38:02.391-0300] {processor.py:830} INFO - Processing file /home/victor/Área de Trabalho/airflow/venv/lib/python3.10/site-packages/airflow/example_dags/example_latest_only.py for tasks to queue
[2024-03-02T09:38:02.392-0300] {logging_mixin.py:188} INFO - [2024-03-02T09:38:02.392-0300] {dagbag.py:540} INFO - Filling up the DagBag from /home/victor/Área de Trabalho/airflow/venv/lib/python3.10/site-packages/airflow/example_dags/example_latest_only.py
[2024-03-02T09:38:02.396-0300] {processor.py:840} INFO - DAG(s) 'latest_only' retrieved from /home/victor/Área de Trabalho/airflow/venv/lib/python3.10/site-packages/airflow/example_dags/example_latest_only.py
[2024-03-02T09:38:02.422-0300] {logging_mixin.py:188} INFO - [2024-03-02T09:38:02.421-0300] {dag.py:3047} INFO - Sync 1 DAGs
[2024-03-02T09:38:02.441-0300] {logging_mixin.py:188} INFO - [2024-03-02T09:38:02.441-0300] {dag.py:3834} INFO - Setting next_dagrun for latest_only to 2024-03-02 08:00:00+00:00, run_after=2024-03-02 12:00:00+00:00
[2024-03-02T09:38:02.460-0300] {processor.py:183} INFO - Processing /home/victor/Área de Trabalho/airflow/venv/lib/python3.10/site-packages/airflow/example_dags/example_latest_only.py took 0.073 seconds
[2024-03-02T09:38:32.730-0300] {processor.py:161} INFO - Started process (PID=10405) to work on /home/victor/Área de Trabalho/airflow/venv/lib/python3.10/site-packages/airflow/example_dags/example_latest_only.py
[2024-03-02T09:38:32.730-0300] {processor.py:830} INFO - Processing file /home/victor/Área de Trabalho/airflow/venv/lib/python3.10/site-packages/airflow/example_dags/example_latest_only.py for tasks to queue
[2024-03-02T09:38:32.731-0300] {logging_mixin.py:188} INFO - [2024-03-02T09:38:32.731-0300] {dagbag.py:540} INFO - Filling up the DagBag from /home/victor/Área de Trabalho/airflow/venv/lib/python3.10/site-packages/airflow/example_dags/example_latest_only.py
[2024-03-02T09:38:32.735-0300] {processor.py:840} INFO - DAG(s) 'latest_only' retrieved from /home/victor/Área de Trabalho/airflow/venv/lib/python3.10/site-packages/airflow/example_dags/example_latest_only.py
[2024-03-02T09:38:32.758-0300] {logging_mixin.py:188} INFO - [2024-03-02T09:38:32.758-0300] {dag.py:3047} INFO - Sync 1 DAGs
[2024-03-02T09:38:32.776-0300] {logging_mixin.py:188} INFO - [2024-03-02T09:38:32.776-0300] {dag.py:3834} INFO - Setting next_dagrun for latest_only to 2024-03-02 08:00:00+00:00, run_after=2024-03-02 12:00:00+00:00
[2024-03-02T09:38:32.792-0300] {processor.py:183} INFO - Processing /home/victor/Área de Trabalho/airflow/venv/lib/python3.10/site-packages/airflow/example_dags/example_latest_only.py took 0.065 seconds
[2024-03-02T09:39:04.158-0300] {processor.py:161} INFO - Started process (PID=10983) to work on /home/victor/Área de Trabalho/airflow/venv/lib/python3.10/site-packages/airflow/example_dags/example_latest_only.py
[2024-03-02T09:39:04.159-0300] {processor.py:830} INFO - Processing file /home/victor/Área de Trabalho/airflow/venv/lib/python3.10/site-packages/airflow/example_dags/example_latest_only.py for tasks to queue
[2024-03-02T09:39:04.160-0300] {logging_mixin.py:188} INFO - [2024-03-02T09:39:04.159-0300] {dagbag.py:540} INFO - Filling up the DagBag from /home/victor/Área de Trabalho/airflow/venv/lib/python3.10/site-packages/airflow/example_dags/example_latest_only.py
[2024-03-02T09:39:04.164-0300] {processor.py:840} INFO - DAG(s) 'latest_only' retrieved from /home/victor/Área de Trabalho/airflow/venv/lib/python3.10/site-packages/airflow/example_dags/example_latest_only.py
[2024-03-02T09:39:04.190-0300] {logging_mixin.py:188} INFO - [2024-03-02T09:39:04.189-0300] {dag.py:3047} INFO - Sync 1 DAGs
[2024-03-02T09:39:04.209-0300] {logging_mixin.py:188} INFO - [2024-03-02T09:39:04.209-0300] {dag.py:3834} INFO - Setting next_dagrun for latest_only to 2024-03-02 08:00:00+00:00, run_after=2024-03-02 12:00:00+00:00
[2024-03-02T09:39:04.231-0300] {processor.py:183} INFO - Processing /home/victor/Área de Trabalho/airflow/venv/lib/python3.10/site-packages/airflow/example_dags/example_latest_only.py took 0.076 seconds
[2024-03-02T09:39:35.311-0300] {processor.py:161} INFO - Started process (PID=11561) to work on /home/victor/Área de Trabalho/airflow/venv/lib/python3.10/site-packages/airflow/example_dags/example_latest_only.py
[2024-03-02T09:39:35.312-0300] {processor.py:830} INFO - Processing file /home/victor/Área de Trabalho/airflow/venv/lib/python3.10/site-packages/airflow/example_dags/example_latest_only.py for tasks to queue
[2024-03-02T09:39:35.312-0300] {logging_mixin.py:188} INFO - [2024-03-02T09:39:35.312-0300] {dagbag.py:540} INFO - Filling up the DagBag from /home/victor/Área de Trabalho/airflow/venv/lib/python3.10/site-packages/airflow/example_dags/example_latest_only.py
[2024-03-02T09:39:35.316-0300] {processor.py:840} INFO - DAG(s) 'latest_only' retrieved from /home/victor/Área de Trabalho/airflow/venv/lib/python3.10/site-packages/airflow/example_dags/example_latest_only.py
[2024-03-02T09:39:35.340-0300] {logging_mixin.py:188} INFO - [2024-03-02T09:39:35.340-0300] {dag.py:3047} INFO - Sync 1 DAGs
[2024-03-02T09:39:35.359-0300] {logging_mixin.py:188} INFO - [2024-03-02T09:39:35.359-0300] {dag.py:3834} INFO - Setting next_dagrun for latest_only to 2024-03-02 08:00:00+00:00, run_after=2024-03-02 12:00:00+00:00
[2024-03-02T09:39:35.375-0300] {processor.py:183} INFO - Processing /home/victor/Área de Trabalho/airflow/venv/lib/python3.10/site-packages/airflow/example_dags/example_latest_only.py took 0.067 seconds
[2024-03-02T09:40:06.641-0300] {processor.py:161} INFO - Started process (PID=12038) to work on /home/victor/Área de Trabalho/airflow/venv/lib/python3.10/site-packages/airflow/example_dags/example_latest_only.py
[2024-03-02T09:40:06.642-0300] {processor.py:830} INFO - Processing file /home/victor/Área de Trabalho/airflow/venv/lib/python3.10/site-packages/airflow/example_dags/example_latest_only.py for tasks to queue
[2024-03-02T09:40:06.643-0300] {logging_mixin.py:188} INFO - [2024-03-02T09:40:06.643-0300] {dagbag.py:540} INFO - Filling up the DagBag from /home/victor/Área de Trabalho/airflow/venv/lib/python3.10/site-packages/airflow/example_dags/example_latest_only.py
[2024-03-02T09:40:06.648-0300] {processor.py:840} INFO - DAG(s) 'latest_only' retrieved from /home/victor/Área de Trabalho/airflow/venv/lib/python3.10/site-packages/airflow/example_dags/example_latest_only.py
[2024-03-02T09:40:06.674-0300] {logging_mixin.py:188} INFO - [2024-03-02T09:40:06.674-0300] {dag.py:3047} INFO - Sync 1 DAGs
[2024-03-02T09:40:06.695-0300] {logging_mixin.py:188} INFO - [2024-03-02T09:40:06.695-0300] {dag.py:3834} INFO - Setting next_dagrun for latest_only to 2024-03-02 08:00:00+00:00, run_after=2024-03-02 12:00:00+00:00
[2024-03-02T09:40:06.714-0300] {processor.py:183} INFO - Processing /home/victor/Área de Trabalho/airflow/venv/lib/python3.10/site-packages/airflow/example_dags/example_latest_only.py took 0.076 seconds
[2024-03-02T09:40:38.136-0300] {processor.py:161} INFO - Started process (PID=12415) to work on /home/victor/Área de Trabalho/airflow/venv/lib/python3.10/site-packages/airflow/example_dags/example_latest_only.py
[2024-03-02T09:40:38.137-0300] {processor.py:830} INFO - Processing file /home/victor/Área de Trabalho/airflow/venv/lib/python3.10/site-packages/airflow/example_dags/example_latest_only.py for tasks to queue
[2024-03-02T09:40:38.137-0300] {logging_mixin.py:188} INFO - [2024-03-02T09:40:38.137-0300] {dagbag.py:540} INFO - Filling up the DagBag from /home/victor/Área de Trabalho/airflow/venv/lib/python3.10/site-packages/airflow/example_dags/example_latest_only.py
[2024-03-02T09:40:38.141-0300] {processor.py:840} INFO - DAG(s) 'latest_only' retrieved from /home/victor/Área de Trabalho/airflow/venv/lib/python3.10/site-packages/airflow/example_dags/example_latest_only.py
[2024-03-02T09:40:38.169-0300] {logging_mixin.py:188} INFO - [2024-03-02T09:40:38.168-0300] {dag.py:3047} INFO - Sync 1 DAGs
[2024-03-02T09:40:38.189-0300] {logging_mixin.py:188} INFO - [2024-03-02T09:40:38.189-0300] {dag.py:3834} INFO - Setting next_dagrun for latest_only to 2024-03-02 08:00:00+00:00, run_after=2024-03-02 12:00:00+00:00
[2024-03-02T09:40:38.211-0300] {processor.py:183} INFO - Processing /home/victor/Área de Trabalho/airflow/venv/lib/python3.10/site-packages/airflow/example_dags/example_latest_only.py took 0.078 seconds
[2024-03-02T09:41:09.193-0300] {processor.py:161} INFO - Started process (PID=12889) to work on /home/victor/Área de Trabalho/airflow/venv/lib/python3.10/site-packages/airflow/example_dags/example_latest_only.py
[2024-03-02T09:41:09.194-0300] {processor.py:830} INFO - Processing file /home/victor/Área de Trabalho/airflow/venv/lib/python3.10/site-packages/airflow/example_dags/example_latest_only.py for tasks to queue
[2024-03-02T09:41:09.195-0300] {logging_mixin.py:188} INFO - [2024-03-02T09:41:09.195-0300] {dagbag.py:540} INFO - Filling up the DagBag from /home/victor/Área de Trabalho/airflow/venv/lib/python3.10/site-packages/airflow/example_dags/example_latest_only.py
[2024-03-02T09:41:09.200-0300] {processor.py:840} INFO - DAG(s) 'latest_only' retrieved from /home/victor/Área de Trabalho/airflow/venv/lib/python3.10/site-packages/airflow/example_dags/example_latest_only.py
[2024-03-02T09:41:09.229-0300] {logging_mixin.py:188} INFO - [2024-03-02T09:41:09.228-0300] {dag.py:3047} INFO - Sync 1 DAGs
[2024-03-02T09:41:09.253-0300] {logging_mixin.py:188} INFO - [2024-03-02T09:41:09.253-0300] {dag.py:3834} INFO - Setting next_dagrun for latest_only to 2024-03-02 08:00:00+00:00, run_after=2024-03-02 12:00:00+00:00
[2024-03-02T09:41:09.277-0300] {processor.py:183} INFO - Processing /home/victor/Área de Trabalho/airflow/venv/lib/python3.10/site-packages/airflow/example_dags/example_latest_only.py took 0.087 seconds
[2024-03-02T09:41:39.883-0300] {processor.py:161} INFO - Started process (PID=13204) to work on /home/victor/Área de Trabalho/airflow/venv/lib/python3.10/site-packages/airflow/example_dags/example_latest_only.py
[2024-03-02T09:41:39.884-0300] {processor.py:830} INFO - Processing file /home/victor/Área de Trabalho/airflow/venv/lib/python3.10/site-packages/airflow/example_dags/example_latest_only.py for tasks to queue
[2024-03-02T09:41:39.884-0300] {logging_mixin.py:188} INFO - [2024-03-02T09:41:39.884-0300] {dagbag.py:540} INFO - Filling up the DagBag from /home/victor/Área de Trabalho/airflow/venv/lib/python3.10/site-packages/airflow/example_dags/example_latest_only.py
[2024-03-02T09:41:39.891-0300] {processor.py:840} INFO - DAG(s) 'latest_only' retrieved from /home/victor/Área de Trabalho/airflow/venv/lib/python3.10/site-packages/airflow/example_dags/example_latest_only.py
[2024-03-02T09:41:39.919-0300] {logging_mixin.py:188} INFO - [2024-03-02T09:41:39.919-0300] {dag.py:3047} INFO - Sync 1 DAGs
[2024-03-02T09:41:39.944-0300] {logging_mixin.py:188} INFO - [2024-03-02T09:41:39.944-0300] {dag.py:3834} INFO - Setting next_dagrun for latest_only to 2024-03-02 08:00:00+00:00, run_after=2024-03-02 12:00:00+00:00
[2024-03-02T09:41:39.968-0300] {processor.py:183} INFO - Processing /home/victor/Área de Trabalho/airflow/venv/lib/python3.10/site-packages/airflow/example_dags/example_latest_only.py took 0.088 seconds
[2024-03-02T09:42:10.787-0300] {processor.py:161} INFO - Started process (PID=13848) to work on /home/victor/Área de Trabalho/airflow/venv/lib/python3.10/site-packages/airflow/example_dags/example_latest_only.py
[2024-03-02T09:42:10.787-0300] {processor.py:830} INFO - Processing file /home/victor/Área de Trabalho/airflow/venv/lib/python3.10/site-packages/airflow/example_dags/example_latest_only.py for tasks to queue
[2024-03-02T09:42:10.788-0300] {logging_mixin.py:188} INFO - [2024-03-02T09:42:10.788-0300] {dagbag.py:540} INFO - Filling up the DagBag from /home/victor/Área de Trabalho/airflow/venv/lib/python3.10/site-packages/airflow/example_dags/example_latest_only.py
[2024-03-02T09:42:10.793-0300] {processor.py:840} INFO - DAG(s) 'latest_only' retrieved from /home/victor/Área de Trabalho/airflow/venv/lib/python3.10/site-packages/airflow/example_dags/example_latest_only.py
[2024-03-02T09:42:10.821-0300] {logging_mixin.py:188} INFO - [2024-03-02T09:42:10.820-0300] {dag.py:3047} INFO - Sync 1 DAGs
[2024-03-02T09:42:10.849-0300] {logging_mixin.py:188} INFO - [2024-03-02T09:42:10.848-0300] {dag.py:3834} INFO - Setting next_dagrun for latest_only to 2024-03-02 08:00:00+00:00, run_after=2024-03-02 12:00:00+00:00
[2024-03-02T09:42:10.884-0300] {processor.py:183} INFO - Processing /home/victor/Área de Trabalho/airflow/venv/lib/python3.10/site-packages/airflow/example_dags/example_latest_only.py took 0.100 seconds
[2024-03-02T09:42:41.793-0300] {processor.py:161} INFO - Started process (PID=14160) to work on /home/victor/Área de Trabalho/airflow/venv/lib/python3.10/site-packages/airflow/example_dags/example_latest_only.py
[2024-03-02T09:42:41.794-0300] {processor.py:830} INFO - Processing file /home/victor/Área de Trabalho/airflow/venv/lib/python3.10/site-packages/airflow/example_dags/example_latest_only.py for tasks to queue
[2024-03-02T09:42:41.796-0300] {logging_mixin.py:188} INFO - [2024-03-02T09:42:41.795-0300] {dagbag.py:540} INFO - Filling up the DagBag from /home/victor/Área de Trabalho/airflow/venv/lib/python3.10/site-packages/airflow/example_dags/example_latest_only.py
[2024-03-02T09:42:41.801-0300] {processor.py:840} INFO - DAG(s) 'latest_only' retrieved from /home/victor/Área de Trabalho/airflow/venv/lib/python3.10/site-packages/airflow/example_dags/example_latest_only.py
[2024-03-02T09:42:41.829-0300] {logging_mixin.py:188} INFO - [2024-03-02T09:42:41.829-0300] {dag.py:3047} INFO - Sync 1 DAGs
[2024-03-02T09:42:41.851-0300] {logging_mixin.py:188} INFO - [2024-03-02T09:42:41.851-0300] {dag.py:3834} INFO - Setting next_dagrun for latest_only to 2024-03-02 08:00:00+00:00, run_after=2024-03-02 12:00:00+00:00
[2024-03-02T09:42:41.872-0300] {processor.py:183} INFO - Processing /home/victor/Área de Trabalho/airflow/venv/lib/python3.10/site-packages/airflow/example_dags/example_latest_only.py took 0.083 seconds
[2024-03-02T09:43:12.940-0300] {processor.py:161} INFO - Started process (PID=14641) to work on /home/victor/Área de Trabalho/airflow/venv/lib/python3.10/site-packages/airflow/example_dags/example_latest_only.py
[2024-03-02T09:43:12.941-0300] {processor.py:830} INFO - Processing file /home/victor/Área de Trabalho/airflow/venv/lib/python3.10/site-packages/airflow/example_dags/example_latest_only.py for tasks to queue
[2024-03-02T09:43:12.942-0300] {logging_mixin.py:188} INFO - [2024-03-02T09:43:12.941-0300] {dagbag.py:540} INFO - Filling up the DagBag from /home/victor/Área de Trabalho/airflow/venv/lib/python3.10/site-packages/airflow/example_dags/example_latest_only.py
[2024-03-02T09:43:12.946-0300] {processor.py:840} INFO - DAG(s) 'latest_only' retrieved from /home/victor/Área de Trabalho/airflow/venv/lib/python3.10/site-packages/airflow/example_dags/example_latest_only.py
[2024-03-02T09:43:12.976-0300] {logging_mixin.py:188} INFO - [2024-03-02T09:43:12.976-0300] {dag.py:3047} INFO - Sync 1 DAGs
[2024-03-02T09:43:13.000-0300] {logging_mixin.py:188} INFO - [2024-03-02T09:43:13.000-0300] {dag.py:3834} INFO - Setting next_dagrun for latest_only to 2024-03-02 08:00:00+00:00, run_after=2024-03-02 12:00:00+00:00
[2024-03-02T09:43:13.024-0300] {processor.py:183} INFO - Processing /home/victor/Área de Trabalho/airflow/venv/lib/python3.10/site-packages/airflow/example_dags/example_latest_only.py took 0.090 seconds
[2024-03-02T09:43:43.429-0300] {processor.py:161} INFO - Started process (PID=14960) to work on /home/victor/Área de Trabalho/airflow/venv/lib/python3.10/site-packages/airflow/example_dags/example_latest_only.py
[2024-03-02T09:43:43.430-0300] {processor.py:830} INFO - Processing file /home/victor/Área de Trabalho/airflow/venv/lib/python3.10/site-packages/airflow/example_dags/example_latest_only.py for tasks to queue
[2024-03-02T09:43:43.431-0300] {logging_mixin.py:188} INFO - [2024-03-02T09:43:43.430-0300] {dagbag.py:540} INFO - Filling up the DagBag from /home/victor/Área de Trabalho/airflow/venv/lib/python3.10/site-packages/airflow/example_dags/example_latest_only.py
[2024-03-02T09:43:43.436-0300] {processor.py:840} INFO - DAG(s) 'latest_only' retrieved from /home/victor/Área de Trabalho/airflow/venv/lib/python3.10/site-packages/airflow/example_dags/example_latest_only.py
[2024-03-02T09:43:43.466-0300] {logging_mixin.py:188} INFO - [2024-03-02T09:43:43.465-0300] {dag.py:3047} INFO - Sync 1 DAGs
[2024-03-02T09:43:43.500-0300] {logging_mixin.py:188} INFO - [2024-03-02T09:43:43.500-0300] {dag.py:3834} INFO - Setting next_dagrun for latest_only to 2024-03-02 08:00:00+00:00, run_after=2024-03-02 12:00:00+00:00
[2024-03-02T09:43:43.521-0300] {processor.py:183} INFO - Processing /home/victor/Área de Trabalho/airflow/venv/lib/python3.10/site-packages/airflow/example_dags/example_latest_only.py took 0.095 seconds
[2024-03-02T09:44:14.986-0300] {processor.py:161} INFO - Started process (PID=15450) to work on /home/victor/Área de Trabalho/airflow/venv/lib/python3.10/site-packages/airflow/example_dags/example_latest_only.py
[2024-03-02T09:44:14.986-0300] {processor.py:830} INFO - Processing file /home/victor/Área de Trabalho/airflow/venv/lib/python3.10/site-packages/airflow/example_dags/example_latest_only.py for tasks to queue
[2024-03-02T09:44:14.987-0300] {logging_mixin.py:188} INFO - [2024-03-02T09:44:14.987-0300] {dagbag.py:540} INFO - Filling up the DagBag from /home/victor/Área de Trabalho/airflow/venv/lib/python3.10/site-packages/airflow/example_dags/example_latest_only.py
[2024-03-02T09:44:14.993-0300] {processor.py:840} INFO - DAG(s) 'latest_only' retrieved from /home/victor/Área de Trabalho/airflow/venv/lib/python3.10/site-packages/airflow/example_dags/example_latest_only.py
[2024-03-02T09:44:15.024-0300] {logging_mixin.py:188} INFO - [2024-03-02T09:44:15.024-0300] {dag.py:3047} INFO - Sync 1 DAGs
[2024-03-02T09:44:15.050-0300] {logging_mixin.py:188} INFO - [2024-03-02T09:44:15.050-0300] {dag.py:3834} INFO - Setting next_dagrun for latest_only to 2024-03-02 08:00:00+00:00, run_after=2024-03-02 12:00:00+00:00
[2024-03-02T09:44:15.070-0300] {processor.py:183} INFO - Processing /home/victor/Área de Trabalho/airflow/venv/lib/python3.10/site-packages/airflow/example_dags/example_latest_only.py took 0.087 seconds
[2024-03-02T09:44:45.747-0300] {processor.py:161} INFO - Started process (PID=15773) to work on /home/victor/Área de Trabalho/airflow/venv/lib/python3.10/site-packages/airflow/example_dags/example_latest_only.py
[2024-03-02T09:44:45.747-0300] {processor.py:830} INFO - Processing file /home/victor/Área de Trabalho/airflow/venv/lib/python3.10/site-packages/airflow/example_dags/example_latest_only.py for tasks to queue
[2024-03-02T09:44:45.748-0300] {logging_mixin.py:188} INFO - [2024-03-02T09:44:45.748-0300] {dagbag.py:540} INFO - Filling up the DagBag from /home/victor/Área de Trabalho/airflow/venv/lib/python3.10/site-packages/airflow/example_dags/example_latest_only.py
[2024-03-02T09:44:45.753-0300] {processor.py:840} INFO - DAG(s) 'latest_only' retrieved from /home/victor/Área de Trabalho/airflow/venv/lib/python3.10/site-packages/airflow/example_dags/example_latest_only.py
[2024-03-02T09:44:45.783-0300] {logging_mixin.py:188} INFO - [2024-03-02T09:44:45.783-0300] {dag.py:3047} INFO - Sync 1 DAGs
[2024-03-02T09:44:45.804-0300] {logging_mixin.py:188} INFO - [2024-03-02T09:44:45.804-0300] {dag.py:3834} INFO - Setting next_dagrun for latest_only to 2024-03-02 08:00:00+00:00, run_after=2024-03-02 12:00:00+00:00
[2024-03-02T09:44:45.823-0300] {processor.py:183} INFO - Processing /home/victor/Área de Trabalho/airflow/venv/lib/python3.10/site-packages/airflow/example_dags/example_latest_only.py took 0.080 seconds
[2024-03-02T09:45:16.991-0300] {processor.py:161} INFO - Started process (PID=16260) to work on /home/victor/Área de Trabalho/airflow/venv/lib/python3.10/site-packages/airflow/example_dags/example_latest_only.py
[2024-03-02T09:45:16.993-0300] {processor.py:830} INFO - Processing file /home/victor/Área de Trabalho/airflow/venv/lib/python3.10/site-packages/airflow/example_dags/example_latest_only.py for tasks to queue
[2024-03-02T09:45:16.994-0300] {logging_mixin.py:188} INFO - [2024-03-02T09:45:16.993-0300] {dagbag.py:540} INFO - Filling up the DagBag from /home/victor/Área de Trabalho/airflow/venv/lib/python3.10/site-packages/airflow/example_dags/example_latest_only.py
[2024-03-02T09:45:16.999-0300] {processor.py:840} INFO - DAG(s) 'latest_only' retrieved from /home/victor/Área de Trabalho/airflow/venv/lib/python3.10/site-packages/airflow/example_dags/example_latest_only.py
[2024-03-02T09:45:17.025-0300] {logging_mixin.py:188} INFO - [2024-03-02T09:45:17.025-0300] {dag.py:3047} INFO - Sync 1 DAGs
[2024-03-02T09:45:17.048-0300] {logging_mixin.py:188} INFO - [2024-03-02T09:45:17.048-0300] {dag.py:3834} INFO - Setting next_dagrun for latest_only to 2024-03-02 08:00:00+00:00, run_after=2024-03-02 12:00:00+00:00
[2024-03-02T09:45:17.071-0300] {processor.py:183} INFO - Processing /home/victor/Área de Trabalho/airflow/venv/lib/python3.10/site-packages/airflow/example_dags/example_latest_only.py took 0.083 seconds
[2024-03-02T09:45:47.509-0300] {processor.py:161} INFO - Started process (PID=16767) to work on /home/victor/Área de Trabalho/airflow/venv/lib/python3.10/site-packages/airflow/example_dags/example_latest_only.py
[2024-03-02T09:45:47.510-0300] {processor.py:830} INFO - Processing file /home/victor/Área de Trabalho/airflow/venv/lib/python3.10/site-packages/airflow/example_dags/example_latest_only.py for tasks to queue
[2024-03-02T09:45:47.511-0300] {logging_mixin.py:188} INFO - [2024-03-02T09:45:47.511-0300] {dagbag.py:540} INFO - Filling up the DagBag from /home/victor/Área de Trabalho/airflow/venv/lib/python3.10/site-packages/airflow/example_dags/example_latest_only.py
[2024-03-02T09:45:47.515-0300] {processor.py:840} INFO - DAG(s) 'latest_only' retrieved from /home/victor/Área de Trabalho/airflow/venv/lib/python3.10/site-packages/airflow/example_dags/example_latest_only.py
[2024-03-02T09:45:47.545-0300] {logging_mixin.py:188} INFO - [2024-03-02T09:45:47.544-0300] {dag.py:3047} INFO - Sync 1 DAGs
[2024-03-02T09:45:47.569-0300] {logging_mixin.py:188} INFO - [2024-03-02T09:45:47.569-0300] {dag.py:3834} INFO - Setting next_dagrun for latest_only to 2024-03-02 08:00:00+00:00, run_after=2024-03-02 12:00:00+00:00
[2024-03-02T09:45:47.589-0300] {processor.py:183} INFO - Processing /home/victor/Área de Trabalho/airflow/venv/lib/python3.10/site-packages/airflow/example_dags/example_latest_only.py took 0.082 seconds
[2024-03-02T09:46:19.353-0300] {processor.py:161} INFO - Started process (PID=17248) to work on /home/victor/Área de Trabalho/airflow/venv/lib/python3.10/site-packages/airflow/example_dags/example_latest_only.py
[2024-03-02T09:46:19.354-0300] {processor.py:830} INFO - Processing file /home/victor/Área de Trabalho/airflow/venv/lib/python3.10/site-packages/airflow/example_dags/example_latest_only.py for tasks to queue
[2024-03-02T09:46:19.355-0300] {logging_mixin.py:188} INFO - [2024-03-02T09:46:19.354-0300] {dagbag.py:540} INFO - Filling up the DagBag from /home/victor/Área de Trabalho/airflow/venv/lib/python3.10/site-packages/airflow/example_dags/example_latest_only.py
[2024-03-02T09:46:19.360-0300] {processor.py:840} INFO - DAG(s) 'latest_only' retrieved from /home/victor/Área de Trabalho/airflow/venv/lib/python3.10/site-packages/airflow/example_dags/example_latest_only.py
[2024-03-02T09:46:19.392-0300] {logging_mixin.py:188} INFO - [2024-03-02T09:46:19.392-0300] {dag.py:3047} INFO - Sync 1 DAGs
[2024-03-02T09:46:19.417-0300] {logging_mixin.py:188} INFO - [2024-03-02T09:46:19.417-0300] {dag.py:3834} INFO - Setting next_dagrun for latest_only to 2024-03-02 08:00:00+00:00, run_after=2024-03-02 12:00:00+00:00
[2024-03-02T09:46:19.441-0300] {processor.py:183} INFO - Processing /home/victor/Área de Trabalho/airflow/venv/lib/python3.10/site-packages/airflow/example_dags/example_latest_only.py took 0.091 seconds
[2024-03-02T09:46:49.811-0300] {processor.py:161} INFO - Started process (PID=17573) to work on /home/victor/Área de Trabalho/airflow/venv/lib/python3.10/site-packages/airflow/example_dags/example_latest_only.py
[2024-03-02T09:46:49.812-0300] {processor.py:830} INFO - Processing file /home/victor/Área de Trabalho/airflow/venv/lib/python3.10/site-packages/airflow/example_dags/example_latest_only.py for tasks to queue
[2024-03-02T09:46:49.813-0300] {logging_mixin.py:188} INFO - [2024-03-02T09:46:49.813-0300] {dagbag.py:540} INFO - Filling up the DagBag from /home/victor/Área de Trabalho/airflow/venv/lib/python3.10/site-packages/airflow/example_dags/example_latest_only.py
[2024-03-02T09:46:49.817-0300] {processor.py:840} INFO - DAG(s) 'latest_only' retrieved from /home/victor/Área de Trabalho/airflow/venv/lib/python3.10/site-packages/airflow/example_dags/example_latest_only.py
[2024-03-02T09:46:49.843-0300] {logging_mixin.py:188} INFO - [2024-03-02T09:46:49.842-0300] {dag.py:3047} INFO - Sync 1 DAGs
[2024-03-02T09:46:49.863-0300] {logging_mixin.py:188} INFO - [2024-03-02T09:46:49.863-0300] {dag.py:3834} INFO - Setting next_dagrun for latest_only to 2024-03-02 08:00:00+00:00, run_after=2024-03-02 12:00:00+00:00
[2024-03-02T09:46:49.882-0300] {processor.py:183} INFO - Processing /home/victor/Área de Trabalho/airflow/venv/lib/python3.10/site-packages/airflow/example_dags/example_latest_only.py took 0.073 seconds
[2024-03-02T09:47:20.833-0300] {processor.py:161} INFO - Started process (PID=18230) to work on /home/victor/Área de Trabalho/airflow/venv/lib/python3.10/site-packages/airflow/example_dags/example_latest_only.py
[2024-03-02T09:47:20.834-0300] {processor.py:830} INFO - Processing file /home/victor/Área de Trabalho/airflow/venv/lib/python3.10/site-packages/airflow/example_dags/example_latest_only.py for tasks to queue
[2024-03-02T09:47:20.835-0300] {logging_mixin.py:188} INFO - [2024-03-02T09:47:20.834-0300] {dagbag.py:540} INFO - Filling up the DagBag from /home/victor/Área de Trabalho/airflow/venv/lib/python3.10/site-packages/airflow/example_dags/example_latest_only.py
[2024-03-02T09:47:20.840-0300] {processor.py:840} INFO - DAG(s) 'latest_only' retrieved from /home/victor/Área de Trabalho/airflow/venv/lib/python3.10/site-packages/airflow/example_dags/example_latest_only.py
[2024-03-02T09:47:20.868-0300] {logging_mixin.py:188} INFO - [2024-03-02T09:47:20.868-0300] {dag.py:3047} INFO - Sync 1 DAGs
[2024-03-02T09:47:20.890-0300] {logging_mixin.py:188} INFO - [2024-03-02T09:47:20.889-0300] {dag.py:3834} INFO - Setting next_dagrun for latest_only to 2024-03-02 08:00:00+00:00, run_after=2024-03-02 12:00:00+00:00
[2024-03-02T09:47:20.908-0300] {processor.py:183} INFO - Processing /home/victor/Área de Trabalho/airflow/venv/lib/python3.10/site-packages/airflow/example_dags/example_latest_only.py took 0.079 seconds
[2024-03-02T09:47:51.530-0300] {processor.py:161} INFO - Started process (PID=18551) to work on /home/victor/Área de Trabalho/airflow/venv/lib/python3.10/site-packages/airflow/example_dags/example_latest_only.py
[2024-03-02T09:47:51.532-0300] {processor.py:830} INFO - Processing file /home/victor/Área de Trabalho/airflow/venv/lib/python3.10/site-packages/airflow/example_dags/example_latest_only.py for tasks to queue
[2024-03-02T09:47:51.533-0300] {logging_mixin.py:188} INFO - [2024-03-02T09:47:51.533-0300] {dagbag.py:540} INFO - Filling up the DagBag from /home/victor/Área de Trabalho/airflow/venv/lib/python3.10/site-packages/airflow/example_dags/example_latest_only.py
[2024-03-02T09:47:51.539-0300] {processor.py:840} INFO - DAG(s) 'latest_only' retrieved from /home/victor/Área de Trabalho/airflow/venv/lib/python3.10/site-packages/airflow/example_dags/example_latest_only.py
[2024-03-02T09:47:51.573-0300] {logging_mixin.py:188} INFO - [2024-03-02T09:47:51.572-0300] {dag.py:3047} INFO - Sync 1 DAGs
[2024-03-02T09:47:51.594-0300] {logging_mixin.py:188} INFO - [2024-03-02T09:47:51.594-0300] {dag.py:3834} INFO - Setting next_dagrun for latest_only to 2024-03-02 08:00:00+00:00, run_after=2024-03-02 12:00:00+00:00
[2024-03-02T09:47:51.621-0300] {processor.py:183} INFO - Processing /home/victor/Área de Trabalho/airflow/venv/lib/python3.10/site-packages/airflow/example_dags/example_latest_only.py took 0.094 seconds
[2024-03-02T09:48:22.106-0300] {processor.py:161} INFO - Started process (PID=19038) to work on /home/victor/Área de Trabalho/airflow/venv/lib/python3.10/site-packages/airflow/example_dags/example_latest_only.py
[2024-03-02T09:48:22.106-0300] {processor.py:830} INFO - Processing file /home/victor/Área de Trabalho/airflow/venv/lib/python3.10/site-packages/airflow/example_dags/example_latest_only.py for tasks to queue
[2024-03-02T09:48:22.107-0300] {logging_mixin.py:188} INFO - [2024-03-02T09:48:22.107-0300] {dagbag.py:540} INFO - Filling up the DagBag from /home/victor/Área de Trabalho/airflow/venv/lib/python3.10/site-packages/airflow/example_dags/example_latest_only.py
[2024-03-02T09:48:22.111-0300] {processor.py:840} INFO - DAG(s) 'latest_only' retrieved from /home/victor/Área de Trabalho/airflow/venv/lib/python3.10/site-packages/airflow/example_dags/example_latest_only.py
[2024-03-02T09:48:22.138-0300] {logging_mixin.py:188} INFO - [2024-03-02T09:48:22.138-0300] {dag.py:3047} INFO - Sync 1 DAGs
[2024-03-02T09:48:22.160-0300] {logging_mixin.py:188} INFO - [2024-03-02T09:48:22.160-0300] {dag.py:3834} INFO - Setting next_dagrun for latest_only to 2024-03-02 08:00:00+00:00, run_after=2024-03-02 12:00:00+00:00
[2024-03-02T09:48:22.183-0300] {processor.py:183} INFO - Processing /home/victor/Área de Trabalho/airflow/venv/lib/python3.10/site-packages/airflow/example_dags/example_latest_only.py took 0.080 seconds
[2024-03-02T09:48:53.021-0300] {processor.py:161} INFO - Started process (PID=19379) to work on /home/victor/Área de Trabalho/airflow/venv/lib/python3.10/site-packages/airflow/example_dags/example_latest_only.py
[2024-03-02T09:48:53.022-0300] {processor.py:830} INFO - Processing file /home/victor/Área de Trabalho/airflow/venv/lib/python3.10/site-packages/airflow/example_dags/example_latest_only.py for tasks to queue
[2024-03-02T09:48:53.023-0300] {logging_mixin.py:188} INFO - [2024-03-02T09:48:53.023-0300] {dagbag.py:540} INFO - Filling up the DagBag from /home/victor/Área de Trabalho/airflow/venv/lib/python3.10/site-packages/airflow/example_dags/example_latest_only.py
[2024-03-02T09:48:53.028-0300] {processor.py:840} INFO - DAG(s) 'latest_only' retrieved from /home/victor/Área de Trabalho/airflow/venv/lib/python3.10/site-packages/airflow/example_dags/example_latest_only.py
[2024-03-02T09:48:53.059-0300] {logging_mixin.py:188} INFO - [2024-03-02T09:48:53.059-0300] {dag.py:3047} INFO - Sync 1 DAGs
[2024-03-02T09:48:53.085-0300] {logging_mixin.py:188} INFO - [2024-03-02T09:48:53.084-0300] {dag.py:3834} INFO - Setting next_dagrun for latest_only to 2024-03-02 08:00:00+00:00, run_after=2024-03-02 12:00:00+00:00
[2024-03-02T09:48:53.107-0300] {processor.py:183} INFO - Processing /home/victor/Área de Trabalho/airflow/venv/lib/python3.10/site-packages/airflow/example_dags/example_latest_only.py took 0.089 seconds
[2024-03-02T09:49:23.698-0300] {processor.py:161} INFO - Started process (PID=19861) to work on /home/victor/Área de Trabalho/airflow/venv/lib/python3.10/site-packages/airflow/example_dags/example_latest_only.py
[2024-03-02T09:49:23.699-0300] {processor.py:830} INFO - Processing file /home/victor/Área de Trabalho/airflow/venv/lib/python3.10/site-packages/airflow/example_dags/example_latest_only.py for tasks to queue
[2024-03-02T09:49:23.699-0300] {logging_mixin.py:188} INFO - [2024-03-02T09:49:23.699-0300] {dagbag.py:540} INFO - Filling up the DagBag from /home/victor/Área de Trabalho/airflow/venv/lib/python3.10/site-packages/airflow/example_dags/example_latest_only.py
[2024-03-02T09:49:23.705-0300] {processor.py:840} INFO - DAG(s) 'latest_only' retrieved from /home/victor/Área de Trabalho/airflow/venv/lib/python3.10/site-packages/airflow/example_dags/example_latest_only.py
[2024-03-02T09:49:23.733-0300] {logging_mixin.py:188} INFO - [2024-03-02T09:49:23.732-0300] {dag.py:3047} INFO - Sync 1 DAGs
[2024-03-02T09:49:23.760-0300] {logging_mixin.py:188} INFO - [2024-03-02T09:49:23.760-0300] {dag.py:3834} INFO - Setting next_dagrun for latest_only to 2024-03-02 08:00:00+00:00, run_after=2024-03-02 12:00:00+00:00
[2024-03-02T09:49:23.780-0300] {processor.py:183} INFO - Processing /home/victor/Área de Trabalho/airflow/venv/lib/python3.10/site-packages/airflow/example_dags/example_latest_only.py took 0.085 seconds
[2024-03-02T09:49:54.399-0300] {processor.py:161} INFO - Started process (PID=20181) to work on /home/victor/Área de Trabalho/airflow/venv/lib/python3.10/site-packages/airflow/example_dags/example_latest_only.py
[2024-03-02T09:49:54.400-0300] {processor.py:830} INFO - Processing file /home/victor/Área de Trabalho/airflow/venv/lib/python3.10/site-packages/airflow/example_dags/example_latest_only.py for tasks to queue
[2024-03-02T09:49:54.401-0300] {logging_mixin.py:188} INFO - [2024-03-02T09:49:54.401-0300] {dagbag.py:540} INFO - Filling up the DagBag from /home/victor/Área de Trabalho/airflow/venv/lib/python3.10/site-packages/airflow/example_dags/example_latest_only.py
[2024-03-02T09:49:54.407-0300] {processor.py:840} INFO - DAG(s) 'latest_only' retrieved from /home/victor/Área de Trabalho/airflow/venv/lib/python3.10/site-packages/airflow/example_dags/example_latest_only.py
[2024-03-02T09:49:54.434-0300] {logging_mixin.py:188} INFO - [2024-03-02T09:49:54.434-0300] {dag.py:3047} INFO - Sync 1 DAGs
[2024-03-02T09:49:54.461-0300] {logging_mixin.py:188} INFO - [2024-03-02T09:49:54.461-0300] {dag.py:3834} INFO - Setting next_dagrun for latest_only to 2024-03-02 08:00:00+00:00, run_after=2024-03-02 12:00:00+00:00
[2024-03-02T09:49:54.484-0300] {processor.py:183} INFO - Processing /home/victor/Área de Trabalho/airflow/venv/lib/python3.10/site-packages/airflow/example_dags/example_latest_only.py took 0.088 seconds
[2024-03-02T09:50:24.941-0300] {processor.py:161} INFO - Started process (PID=20667) to work on /home/victor/Área de Trabalho/airflow/venv/lib/python3.10/site-packages/airflow/example_dags/example_latest_only.py
[2024-03-02T09:50:24.942-0300] {processor.py:830} INFO - Processing file /home/victor/Área de Trabalho/airflow/venv/lib/python3.10/site-packages/airflow/example_dags/example_latest_only.py for tasks to queue
[2024-03-02T09:50:24.943-0300] {logging_mixin.py:188} INFO - [2024-03-02T09:50:24.942-0300] {dagbag.py:540} INFO - Filling up the DagBag from /home/victor/Área de Trabalho/airflow/venv/lib/python3.10/site-packages/airflow/example_dags/example_latest_only.py
[2024-03-02T09:50:24.947-0300] {processor.py:840} INFO - DAG(s) 'latest_only' retrieved from /home/victor/Área de Trabalho/airflow/venv/lib/python3.10/site-packages/airflow/example_dags/example_latest_only.py
[2024-03-02T09:50:24.971-0300] {logging_mixin.py:188} INFO - [2024-03-02T09:50:24.970-0300] {dag.py:3047} INFO - Sync 1 DAGs
[2024-03-02T09:50:24.990-0300] {logging_mixin.py:188} INFO - [2024-03-02T09:50:24.990-0300] {dag.py:3834} INFO - Setting next_dagrun for latest_only to 2024-03-02 08:00:00+00:00, run_after=2024-03-02 12:00:00+00:00
[2024-03-02T09:50:25.007-0300] {processor.py:183} INFO - Processing /home/victor/Área de Trabalho/airflow/venv/lib/python3.10/site-packages/airflow/example_dags/example_latest_only.py took 0.069 seconds
[2024-03-02T09:50:56.464-0300] {processor.py:161} INFO - Started process (PID=21020) to work on /home/victor/Área de Trabalho/airflow/venv/lib/python3.10/site-packages/airflow/example_dags/example_latest_only.py
[2024-03-02T09:50:56.465-0300] {processor.py:830} INFO - Processing file /home/victor/Área de Trabalho/airflow/venv/lib/python3.10/site-packages/airflow/example_dags/example_latest_only.py for tasks to queue
[2024-03-02T09:50:56.466-0300] {logging_mixin.py:188} INFO - [2024-03-02T09:50:56.465-0300] {dagbag.py:540} INFO - Filling up the DagBag from /home/victor/Área de Trabalho/airflow/venv/lib/python3.10/site-packages/airflow/example_dags/example_latest_only.py
[2024-03-02T09:50:56.470-0300] {processor.py:840} INFO - DAG(s) 'latest_only' retrieved from /home/victor/Área de Trabalho/airflow/venv/lib/python3.10/site-packages/airflow/example_dags/example_latest_only.py
[2024-03-02T09:50:56.498-0300] {logging_mixin.py:188} INFO - [2024-03-02T09:50:56.498-0300] {dag.py:3047} INFO - Sync 1 DAGs
[2024-03-02T09:50:56.518-0300] {logging_mixin.py:188} INFO - [2024-03-02T09:50:56.518-0300] {dag.py:3834} INFO - Setting next_dagrun for latest_only to 2024-03-02 08:00:00+00:00, run_after=2024-03-02 12:00:00+00:00
[2024-03-02T09:50:56.541-0300] {processor.py:183} INFO - Processing /home/victor/Área de Trabalho/airflow/venv/lib/python3.10/site-packages/airflow/example_dags/example_latest_only.py took 0.080 seconds
[2024-03-02T09:51:27.139-0300] {processor.py:161} INFO - Started process (PID=21505) to work on /home/victor/Área de Trabalho/airflow/venv/lib/python3.10/site-packages/airflow/example_dags/example_latest_only.py
[2024-03-02T09:51:27.140-0300] {processor.py:830} INFO - Processing file /home/victor/Área de Trabalho/airflow/venv/lib/python3.10/site-packages/airflow/example_dags/example_latest_only.py for tasks to queue
[2024-03-02T09:51:27.140-0300] {logging_mixin.py:188} INFO - [2024-03-02T09:51:27.140-0300] {dagbag.py:540} INFO - Filling up the DagBag from /home/victor/Área de Trabalho/airflow/venv/lib/python3.10/site-packages/airflow/example_dags/example_latest_only.py
[2024-03-02T09:51:27.144-0300] {processor.py:840} INFO - DAG(s) 'latest_only' retrieved from /home/victor/Área de Trabalho/airflow/venv/lib/python3.10/site-packages/airflow/example_dags/example_latest_only.py
[2024-03-02T09:51:27.170-0300] {logging_mixin.py:188} INFO - [2024-03-02T09:51:27.169-0300] {dag.py:3047} INFO - Sync 1 DAGs
[2024-03-02T09:51:27.189-0300] {logging_mixin.py:188} INFO - [2024-03-02T09:51:27.189-0300] {dag.py:3834} INFO - Setting next_dagrun for latest_only to 2024-03-02 08:00:00+00:00, run_after=2024-03-02 12:00:00+00:00
[2024-03-02T09:51:27.206-0300] {processor.py:183} INFO - Processing /home/victor/Área de Trabalho/airflow/venv/lib/python3.10/site-packages/airflow/example_dags/example_latest_only.py took 0.070 seconds
[2024-03-02T09:51:57.835-0300] {processor.py:161} INFO - Started process (PID=21879) to work on /home/victor/Área de Trabalho/airflow/venv/lib/python3.10/site-packages/airflow/example_dags/example_latest_only.py
[2024-03-02T09:51:57.836-0300] {processor.py:830} INFO - Processing file /home/victor/Área de Trabalho/airflow/venv/lib/python3.10/site-packages/airflow/example_dags/example_latest_only.py for tasks to queue
[2024-03-02T09:51:57.837-0300] {logging_mixin.py:188} INFO - [2024-03-02T09:51:57.837-0300] {dagbag.py:540} INFO - Filling up the DagBag from /home/victor/Área de Trabalho/airflow/venv/lib/python3.10/site-packages/airflow/example_dags/example_latest_only.py
[2024-03-02T09:51:57.841-0300] {processor.py:840} INFO - DAG(s) 'latest_only' retrieved from /home/victor/Área de Trabalho/airflow/venv/lib/python3.10/site-packages/airflow/example_dags/example_latest_only.py
[2024-03-02T09:51:57.869-0300] {logging_mixin.py:188} INFO - [2024-03-02T09:51:57.868-0300] {dag.py:3047} INFO - Sync 1 DAGs
[2024-03-02T09:51:57.891-0300] {logging_mixin.py:188} INFO - [2024-03-02T09:51:57.891-0300] {dag.py:3834} INFO - Setting next_dagrun for latest_only to 2024-03-02 08:00:00+00:00, run_after=2024-03-02 12:00:00+00:00
[2024-03-02T09:51:57.917-0300] {processor.py:183} INFO - Processing /home/victor/Área de Trabalho/airflow/venv/lib/python3.10/site-packages/airflow/example_dags/example_latest_only.py took 0.085 seconds
[2024-03-02T09:52:28.483-0300] {processor.py:161} INFO - Started process (PID=22466) to work on /home/victor/Área de Trabalho/airflow/venv/lib/python3.10/site-packages/airflow/example_dags/example_latest_only.py
[2024-03-02T09:52:28.483-0300] {processor.py:830} INFO - Processing file /home/victor/Área de Trabalho/airflow/venv/lib/python3.10/site-packages/airflow/example_dags/example_latest_only.py for tasks to queue
[2024-03-02T09:52:28.484-0300] {logging_mixin.py:188} INFO - [2024-03-02T09:52:28.484-0300] {dagbag.py:540} INFO - Filling up the DagBag from /home/victor/Área de Trabalho/airflow/venv/lib/python3.10/site-packages/airflow/example_dags/example_latest_only.py
[2024-03-02T09:52:28.489-0300] {processor.py:840} INFO - DAG(s) 'latest_only' retrieved from /home/victor/Área de Trabalho/airflow/venv/lib/python3.10/site-packages/airflow/example_dags/example_latest_only.py
[2024-03-02T09:52:28.517-0300] {logging_mixin.py:188} INFO - [2024-03-02T09:52:28.517-0300] {dag.py:3047} INFO - Sync 1 DAGs
[2024-03-02T09:52:28.538-0300] {logging_mixin.py:188} INFO - [2024-03-02T09:52:28.537-0300] {dag.py:3834} INFO - Setting next_dagrun for latest_only to 2024-03-02 08:00:00+00:00, run_after=2024-03-02 12:00:00+00:00
[2024-03-02T09:52:28.558-0300] {processor.py:183} INFO - Processing /home/victor/Área de Trabalho/airflow/venv/lib/python3.10/site-packages/airflow/example_dags/example_latest_only.py took 0.078 seconds
[2024-03-02T09:52:59.040-0300] {processor.py:161} INFO - Started process (PID=22850) to work on /home/victor/Área de Trabalho/airflow/venv/lib/python3.10/site-packages/airflow/example_dags/example_latest_only.py
[2024-03-02T09:52:59.041-0300] {processor.py:830} INFO - Processing file /home/victor/Área de Trabalho/airflow/venv/lib/python3.10/site-packages/airflow/example_dags/example_latest_only.py for tasks to queue
[2024-03-02T09:52:59.042-0300] {logging_mixin.py:188} INFO - [2024-03-02T09:52:59.042-0300] {dagbag.py:540} INFO - Filling up the DagBag from /home/victor/Área de Trabalho/airflow/venv/lib/python3.10/site-packages/airflow/example_dags/example_latest_only.py
[2024-03-02T09:52:59.046-0300] {processor.py:840} INFO - DAG(s) 'latest_only' retrieved from /home/victor/Área de Trabalho/airflow/venv/lib/python3.10/site-packages/airflow/example_dags/example_latest_only.py
[2024-03-02T09:52:59.077-0300] {logging_mixin.py:188} INFO - [2024-03-02T09:52:59.077-0300] {dag.py:3047} INFO - Sync 1 DAGs
[2024-03-02T09:52:59.100-0300] {logging_mixin.py:188} INFO - [2024-03-02T09:52:59.100-0300] {dag.py:3834} INFO - Setting next_dagrun for latest_only to 2024-03-02 08:00:00+00:00, run_after=2024-03-02 12:00:00+00:00
[2024-03-02T09:52:59.124-0300] {processor.py:183} INFO - Processing /home/victor/Área de Trabalho/airflow/venv/lib/python3.10/site-packages/airflow/example_dags/example_latest_only.py took 0.087 seconds
[2024-03-02T09:53:29.591-0300] {processor.py:161} INFO - Started process (PID=23276) to work on /home/victor/Área de Trabalho/airflow/venv/lib/python3.10/site-packages/airflow/example_dags/example_latest_only.py
[2024-03-02T09:53:29.591-0300] {processor.py:830} INFO - Processing file /home/victor/Área de Trabalho/airflow/venv/lib/python3.10/site-packages/airflow/example_dags/example_latest_only.py for tasks to queue
[2024-03-02T09:53:29.592-0300] {logging_mixin.py:188} INFO - [2024-03-02T09:53:29.592-0300] {dagbag.py:540} INFO - Filling up the DagBag from /home/victor/Área de Trabalho/airflow/venv/lib/python3.10/site-packages/airflow/example_dags/example_latest_only.py
[2024-03-02T09:53:29.597-0300] {processor.py:840} INFO - DAG(s) 'latest_only' retrieved from /home/victor/Área de Trabalho/airflow/venv/lib/python3.10/site-packages/airflow/example_dags/example_latest_only.py
[2024-03-02T09:53:29.632-0300] {logging_mixin.py:188} INFO - [2024-03-02T09:53:29.632-0300] {dag.py:3047} INFO - Sync 1 DAGs
[2024-03-02T09:53:29.653-0300] {logging_mixin.py:188} INFO - [2024-03-02T09:53:29.652-0300] {dag.py:3834} INFO - Setting next_dagrun for latest_only to 2024-03-02 08:00:00+00:00, run_after=2024-03-02 12:00:00+00:00
[2024-03-02T09:53:29.672-0300] {processor.py:183} INFO - Processing /home/victor/Área de Trabalho/airflow/venv/lib/python3.10/site-packages/airflow/example_dags/example_latest_only.py took 0.084 seconds
[2024-03-02T09:54:00.407-0300] {processor.py:161} INFO - Started process (PID=23759) to work on /home/victor/Área de Trabalho/airflow/venv/lib/python3.10/site-packages/airflow/example_dags/example_latest_only.py
[2024-03-02T09:54:00.408-0300] {processor.py:830} INFO - Processing file /home/victor/Área de Trabalho/airflow/venv/lib/python3.10/site-packages/airflow/example_dags/example_latest_only.py for tasks to queue
[2024-03-02T09:54:00.409-0300] {logging_mixin.py:188} INFO - [2024-03-02T09:54:00.409-0300] {dagbag.py:540} INFO - Filling up the DagBag from /home/victor/Área de Trabalho/airflow/venv/lib/python3.10/site-packages/airflow/example_dags/example_latest_only.py
[2024-03-02T09:54:00.414-0300] {processor.py:840} INFO - DAG(s) 'latest_only' retrieved from /home/victor/Área de Trabalho/airflow/venv/lib/python3.10/site-packages/airflow/example_dags/example_latest_only.py
[2024-03-02T09:54:00.442-0300] {logging_mixin.py:188} INFO - [2024-03-02T09:54:00.441-0300] {dag.py:3047} INFO - Sync 1 DAGs
[2024-03-02T09:54:00.470-0300] {logging_mixin.py:188} INFO - [2024-03-02T09:54:00.470-0300] {dag.py:3834} INFO - Setting next_dagrun for latest_only to 2024-03-02 08:00:00+00:00, run_after=2024-03-02 12:00:00+00:00
[2024-03-02T09:54:00.491-0300] {processor.py:183} INFO - Processing /home/victor/Área de Trabalho/airflow/venv/lib/python3.10/site-packages/airflow/example_dags/example_latest_only.py took 0.086 seconds
[2024-03-02T09:54:31.508-0300] {processor.py:161} INFO - Started process (PID=24244) to work on /home/victor/Área de Trabalho/airflow/venv/lib/python3.10/site-packages/airflow/example_dags/example_latest_only.py
[2024-03-02T09:54:31.509-0300] {processor.py:830} INFO - Processing file /home/victor/Área de Trabalho/airflow/venv/lib/python3.10/site-packages/airflow/example_dags/example_latest_only.py for tasks to queue
[2024-03-02T09:54:31.510-0300] {logging_mixin.py:188} INFO - [2024-03-02T09:54:31.510-0300] {dagbag.py:540} INFO - Filling up the DagBag from /home/victor/Área de Trabalho/airflow/venv/lib/python3.10/site-packages/airflow/example_dags/example_latest_only.py
[2024-03-02T09:54:31.515-0300] {processor.py:840} INFO - DAG(s) 'latest_only' retrieved from /home/victor/Área de Trabalho/airflow/venv/lib/python3.10/site-packages/airflow/example_dags/example_latest_only.py
[2024-03-02T09:54:31.545-0300] {logging_mixin.py:188} INFO - [2024-03-02T09:54:31.544-0300] {dag.py:3047} INFO - Sync 1 DAGs
[2024-03-02T09:54:31.568-0300] {logging_mixin.py:188} INFO - [2024-03-02T09:54:31.568-0300] {dag.py:3834} INFO - Setting next_dagrun for latest_only to 2024-03-02 08:00:00+00:00, run_after=2024-03-02 12:00:00+00:00
[2024-03-02T09:54:31.590-0300] {processor.py:183} INFO - Processing /home/victor/Área de Trabalho/airflow/venv/lib/python3.10/site-packages/airflow/example_dags/example_latest_only.py took 0.085 seconds
[2024-03-02T09:55:02.003-0300] {processor.py:161} INFO - Started process (PID=24808) to work on /home/victor/Área de Trabalho/airflow/venv/lib/python3.10/site-packages/airflow/example_dags/example_latest_only.py
[2024-03-02T09:55:02.004-0300] {processor.py:830} INFO - Processing file /home/victor/Área de Trabalho/airflow/venv/lib/python3.10/site-packages/airflow/example_dags/example_latest_only.py for tasks to queue
[2024-03-02T09:55:02.005-0300] {logging_mixin.py:188} INFO - [2024-03-02T09:55:02.004-0300] {dagbag.py:540} INFO - Filling up the DagBag from /home/victor/Área de Trabalho/airflow/venv/lib/python3.10/site-packages/airflow/example_dags/example_latest_only.py
[2024-03-02T09:55:02.009-0300] {processor.py:840} INFO - DAG(s) 'latest_only' retrieved from /home/victor/Área de Trabalho/airflow/venv/lib/python3.10/site-packages/airflow/example_dags/example_latest_only.py
[2024-03-02T09:55:02.033-0300] {logging_mixin.py:188} INFO - [2024-03-02T09:55:02.033-0300] {dag.py:3047} INFO - Sync 1 DAGs
[2024-03-02T09:55:02.054-0300] {logging_mixin.py:188} INFO - [2024-03-02T09:55:02.054-0300] {dag.py:3834} INFO - Setting next_dagrun for latest_only to 2024-03-02 08:00:00+00:00, run_after=2024-03-02 12:00:00+00:00
[2024-03-02T09:55:02.073-0300] {processor.py:183} INFO - Processing /home/victor/Área de Trabalho/airflow/venv/lib/python3.10/site-packages/airflow/example_dags/example_latest_only.py took 0.072 seconds
[2024-03-02T09:55:32.727-0300] {processor.py:161} INFO - Started process (PID=25273) to work on /home/victor/Área de Trabalho/airflow/venv/lib/python3.10/site-packages/airflow/example_dags/example_latest_only.py
[2024-03-02T09:55:32.728-0300] {processor.py:830} INFO - Processing file /home/victor/Área de Trabalho/airflow/venv/lib/python3.10/site-packages/airflow/example_dags/example_latest_only.py for tasks to queue
[2024-03-02T09:55:32.729-0300] {logging_mixin.py:188} INFO - [2024-03-02T09:55:32.728-0300] {dagbag.py:540} INFO - Filling up the DagBag from /home/victor/Área de Trabalho/airflow/venv/lib/python3.10/site-packages/airflow/example_dags/example_latest_only.py
[2024-03-02T09:55:32.737-0300] {processor.py:840} INFO - DAG(s) 'latest_only' retrieved from /home/victor/Área de Trabalho/airflow/venv/lib/python3.10/site-packages/airflow/example_dags/example_latest_only.py
[2024-03-02T09:55:32.766-0300] {logging_mixin.py:188} INFO - [2024-03-02T09:55:32.766-0300] {dag.py:3047} INFO - Sync 1 DAGs
[2024-03-02T09:55:32.791-0300] {logging_mixin.py:188} INFO - [2024-03-02T09:55:32.790-0300] {dag.py:3834} INFO - Setting next_dagrun for latest_only to 2024-03-02 08:00:00+00:00, run_after=2024-03-02 12:00:00+00:00
[2024-03-02T09:55:32.816-0300] {processor.py:183} INFO - Processing /home/victor/Área de Trabalho/airflow/venv/lib/python3.10/site-packages/airflow/example_dags/example_latest_only.py took 0.091 seconds
[2024-03-02T09:56:03.104-0300] {processor.py:161} INFO - Started process (PID=25777) to work on /home/victor/Área de Trabalho/airflow/venv/lib/python3.10/site-packages/airflow/example_dags/example_latest_only.py
[2024-03-02T09:56:03.105-0300] {processor.py:830} INFO - Processing file /home/victor/Área de Trabalho/airflow/venv/lib/python3.10/site-packages/airflow/example_dags/example_latest_only.py for tasks to queue
[2024-03-02T09:56:03.106-0300] {logging_mixin.py:188} INFO - [2024-03-02T09:56:03.106-0300] {dagbag.py:540} INFO - Filling up the DagBag from /home/victor/Área de Trabalho/airflow/venv/lib/python3.10/site-packages/airflow/example_dags/example_latest_only.py
[2024-03-02T09:56:03.111-0300] {processor.py:840} INFO - DAG(s) 'latest_only' retrieved from /home/victor/Área de Trabalho/airflow/venv/lib/python3.10/site-packages/airflow/example_dags/example_latest_only.py
[2024-03-02T09:56:03.136-0300] {logging_mixin.py:188} INFO - [2024-03-02T09:56:03.136-0300] {dag.py:3047} INFO - Sync 1 DAGs
[2024-03-02T09:56:03.157-0300] {logging_mixin.py:188} INFO - [2024-03-02T09:56:03.157-0300] {dag.py:3834} INFO - Setting next_dagrun for latest_only to 2024-03-02 08:00:00+00:00, run_after=2024-03-02 12:00:00+00:00
[2024-03-02T09:56:03.176-0300] {processor.py:183} INFO - Processing /home/victor/Área de Trabalho/airflow/venv/lib/python3.10/site-packages/airflow/example_dags/example_latest_only.py took 0.075 seconds
[2024-03-02T09:56:34.433-0300] {processor.py:161} INFO - Started process (PID=26099) to work on /home/victor/Área de Trabalho/airflow/venv/lib/python3.10/site-packages/airflow/example_dags/example_latest_only.py
[2024-03-02T09:56:34.433-0300] {processor.py:830} INFO - Processing file /home/victor/Área de Trabalho/airflow/venv/lib/python3.10/site-packages/airflow/example_dags/example_latest_only.py for tasks to queue
[2024-03-02T09:56:34.434-0300] {logging_mixin.py:188} INFO - [2024-03-02T09:56:34.434-0300] {dagbag.py:540} INFO - Filling up the DagBag from /home/victor/Área de Trabalho/airflow/venv/lib/python3.10/site-packages/airflow/example_dags/example_latest_only.py
[2024-03-02T09:56:34.438-0300] {processor.py:840} INFO - DAG(s) 'latest_only' retrieved from /home/victor/Área de Trabalho/airflow/venv/lib/python3.10/site-packages/airflow/example_dags/example_latest_only.py
[2024-03-02T09:56:34.463-0300] {logging_mixin.py:188} INFO - [2024-03-02T09:56:34.463-0300] {dag.py:3047} INFO - Sync 1 DAGs
[2024-03-02T09:56:34.483-0300] {logging_mixin.py:188} INFO - [2024-03-02T09:56:34.482-0300] {dag.py:3834} INFO - Setting next_dagrun for latest_only to 2024-03-02 08:00:00+00:00, run_after=2024-03-02 12:00:00+00:00
[2024-03-02T09:56:34.502-0300] {processor.py:183} INFO - Processing /home/victor/Área de Trabalho/airflow/venv/lib/python3.10/site-packages/airflow/example_dags/example_latest_only.py took 0.072 seconds
[2024-03-02T09:57:05.016-0300] {processor.py:161} INFO - Started process (PID=26742) to work on /home/victor/Área de Trabalho/airflow/venv/lib/python3.10/site-packages/airflow/example_dags/example_latest_only.py
[2024-03-02T09:57:05.017-0300] {processor.py:830} INFO - Processing file /home/victor/Área de Trabalho/airflow/venv/lib/python3.10/site-packages/airflow/example_dags/example_latest_only.py for tasks to queue
[2024-03-02T09:57:05.018-0300] {logging_mixin.py:188} INFO - [2024-03-02T09:57:05.018-0300] {dagbag.py:540} INFO - Filling up the DagBag from /home/victor/Área de Trabalho/airflow/venv/lib/python3.10/site-packages/airflow/example_dags/example_latest_only.py
[2024-03-02T09:57:05.022-0300] {processor.py:840} INFO - DAG(s) 'latest_only' retrieved from /home/victor/Área de Trabalho/airflow/venv/lib/python3.10/site-packages/airflow/example_dags/example_latest_only.py
[2024-03-02T09:57:05.048-0300] {logging_mixin.py:188} INFO - [2024-03-02T09:57:05.047-0300] {dag.py:3047} INFO - Sync 1 DAGs
[2024-03-02T09:57:05.069-0300] {logging_mixin.py:188} INFO - [2024-03-02T09:57:05.068-0300] {dag.py:3834} INFO - Setting next_dagrun for latest_only to 2024-03-02 08:00:00+00:00, run_after=2024-03-02 12:00:00+00:00
[2024-03-02T09:57:05.091-0300] {processor.py:183} INFO - Processing /home/victor/Área de Trabalho/airflow/venv/lib/python3.10/site-packages/airflow/example_dags/example_latest_only.py took 0.078 seconds
[2024-03-02T09:57:35.512-0300] {processor.py:161} INFO - Started process (PID=27063) to work on /home/victor/Área de Trabalho/airflow/venv/lib/python3.10/site-packages/airflow/example_dags/example_latest_only.py
[2024-03-02T09:57:35.513-0300] {processor.py:830} INFO - Processing file /home/victor/Área de Trabalho/airflow/venv/lib/python3.10/site-packages/airflow/example_dags/example_latest_only.py for tasks to queue
[2024-03-02T09:57:35.513-0300] {logging_mixin.py:188} INFO - [2024-03-02T09:57:35.513-0300] {dagbag.py:540} INFO - Filling up the DagBag from /home/victor/Área de Trabalho/airflow/venv/lib/python3.10/site-packages/airflow/example_dags/example_latest_only.py
[2024-03-02T09:57:35.518-0300] {processor.py:840} INFO - DAG(s) 'latest_only' retrieved from /home/victor/Área de Trabalho/airflow/venv/lib/python3.10/site-packages/airflow/example_dags/example_latest_only.py
[2024-03-02T09:57:35.543-0300] {logging_mixin.py:188} INFO - [2024-03-02T09:57:35.542-0300] {dag.py:3047} INFO - Sync 1 DAGs
[2024-03-02T09:57:35.562-0300] {logging_mixin.py:188} INFO - [2024-03-02T09:57:35.562-0300] {dag.py:3834} INFO - Setting next_dagrun for latest_only to 2024-03-02 08:00:00+00:00, run_after=2024-03-02 12:00:00+00:00
[2024-03-02T09:57:35.580-0300] {processor.py:183} INFO - Processing /home/victor/Área de Trabalho/airflow/venv/lib/python3.10/site-packages/airflow/example_dags/example_latest_only.py took 0.071 seconds
[2024-03-02T09:58:05.981-0300] {processor.py:161} INFO - Started process (PID=27615) to work on /home/victor/Área de Trabalho/airflow/venv/lib/python3.10/site-packages/airflow/example_dags/example_latest_only.py
[2024-03-02T09:58:05.982-0300] {processor.py:830} INFO - Processing file /home/victor/Área de Trabalho/airflow/venv/lib/python3.10/site-packages/airflow/example_dags/example_latest_only.py for tasks to queue
[2024-03-02T09:58:05.983-0300] {logging_mixin.py:188} INFO - [2024-03-02T09:58:05.983-0300] {dagbag.py:540} INFO - Filling up the DagBag from /home/victor/Área de Trabalho/airflow/venv/lib/python3.10/site-packages/airflow/example_dags/example_latest_only.py
[2024-03-02T09:58:05.989-0300] {processor.py:840} INFO - DAG(s) 'latest_only' retrieved from /home/victor/Área de Trabalho/airflow/venv/lib/python3.10/site-packages/airflow/example_dags/example_latest_only.py
[2024-03-02T09:58:06.021-0300] {logging_mixin.py:188} INFO - [2024-03-02T09:58:06.021-0300] {dag.py:3047} INFO - Sync 1 DAGs
[2024-03-02T09:58:06.044-0300] {logging_mixin.py:188} INFO - [2024-03-02T09:58:06.044-0300] {dag.py:3834} INFO - Setting next_dagrun for latest_only to 2024-03-02 08:00:00+00:00, run_after=2024-03-02 12:00:00+00:00
[2024-03-02T09:58:06.068-0300] {processor.py:183} INFO - Processing /home/victor/Área de Trabalho/airflow/venv/lib/python3.10/site-packages/airflow/example_dags/example_latest_only.py took 0.090 seconds
[2024-03-02T09:58:36.629-0300] {processor.py:161} INFO - Started process (PID=28984) to work on /home/victor/Área de Trabalho/airflow/venv/lib/python3.10/site-packages/airflow/example_dags/example_latest_only.py
[2024-03-02T09:58:36.630-0300] {processor.py:830} INFO - Processing file /home/victor/Área de Trabalho/airflow/venv/lib/python3.10/site-packages/airflow/example_dags/example_latest_only.py for tasks to queue
[2024-03-02T09:58:36.631-0300] {logging_mixin.py:188} INFO - [2024-03-02T09:58:36.631-0300] {dagbag.py:540} INFO - Filling up the DagBag from /home/victor/Área de Trabalho/airflow/venv/lib/python3.10/site-packages/airflow/example_dags/example_latest_only.py
[2024-03-02T09:58:36.636-0300] {processor.py:840} INFO - DAG(s) 'latest_only' retrieved from /home/victor/Área de Trabalho/airflow/venv/lib/python3.10/site-packages/airflow/example_dags/example_latest_only.py
[2024-03-02T09:58:36.662-0300] {logging_mixin.py:188} INFO - [2024-03-02T09:58:36.662-0300] {dag.py:3047} INFO - Sync 1 DAGs
[2024-03-02T09:58:36.684-0300] {logging_mixin.py:188} INFO - [2024-03-02T09:58:36.684-0300] {dag.py:3834} INFO - Setting next_dagrun for latest_only to 2024-03-02 08:00:00+00:00, run_after=2024-03-02 12:00:00+00:00
[2024-03-02T09:58:36.711-0300] {processor.py:183} INFO - Processing /home/victor/Área de Trabalho/airflow/venv/lib/python3.10/site-packages/airflow/example_dags/example_latest_only.py took 0.085 seconds
[2024-03-02T09:59:07.161-0300] {processor.py:161} INFO - Started process (PID=29497) to work on /home/victor/Área de Trabalho/airflow/venv/lib/python3.10/site-packages/airflow/example_dags/example_latest_only.py
[2024-03-02T09:59:07.162-0300] {processor.py:830} INFO - Processing file /home/victor/Área de Trabalho/airflow/venv/lib/python3.10/site-packages/airflow/example_dags/example_latest_only.py for tasks to queue
[2024-03-02T09:59:07.163-0300] {logging_mixin.py:188} INFO - [2024-03-02T09:59:07.162-0300] {dagbag.py:540} INFO - Filling up the DagBag from /home/victor/Área de Trabalho/airflow/venv/lib/python3.10/site-packages/airflow/example_dags/example_latest_only.py
[2024-03-02T09:59:07.167-0300] {processor.py:840} INFO - DAG(s) 'latest_only' retrieved from /home/victor/Área de Trabalho/airflow/venv/lib/python3.10/site-packages/airflow/example_dags/example_latest_only.py
[2024-03-02T09:59:07.193-0300] {logging_mixin.py:188} INFO - [2024-03-02T09:59:07.193-0300] {dag.py:3047} INFO - Sync 1 DAGs
[2024-03-02T09:59:07.215-0300] {logging_mixin.py:188} INFO - [2024-03-02T09:59:07.215-0300] {dag.py:3834} INFO - Setting next_dagrun for latest_only to 2024-03-02 08:00:00+00:00, run_after=2024-03-02 12:00:00+00:00
[2024-03-02T09:59:07.234-0300] {processor.py:183} INFO - Processing /home/victor/Área de Trabalho/airflow/venv/lib/python3.10/site-packages/airflow/example_dags/example_latest_only.py took 0.076 seconds
