[2024-03-02T09:36:58.802-0300] {processor.py:161} INFO - Started process (PID=7931) to work on /home/victor/Área de Trabalho/airflow/venv/lib/python3.10/site-packages/airflow/example_dags/example_branch_operator_decorator.py
[2024-03-02T09:36:58.803-0300] {processor.py:830} INFO - Processing file /home/victor/Área de Trabalho/airflow/venv/lib/python3.10/site-packages/airflow/example_dags/example_branch_operator_decorator.py for tasks to queue
[2024-03-02T09:36:58.803-0300] {logging_mixin.py:188} INFO - [2024-03-02T09:36:58.803-0300] {dagbag.py:540} INFO - Filling up the DagBag from /home/victor/Área de Trabalho/airflow/venv/lib/python3.10/site-packages/airflow/example_dags/example_branch_operator_decorator.py
[2024-03-02T09:36:58.823-0300] {processor.py:840} INFO - DAG(s) 'example_branch_python_operator_decorator' retrieved from /home/victor/Área de Trabalho/airflow/venv/lib/python3.10/site-packages/airflow/example_dags/example_branch_operator_decorator.py
[2024-03-02T09:36:58.842-0300] {logging_mixin.py:188} INFO - [2024-03-02T09:36:58.842-0300] {dag.py:3047} INFO - Sync 1 DAGs
[2024-03-02T09:36:58.866-0300] {logging_mixin.py:188} INFO - [2024-03-02T09:36:58.865-0300] {dag.py:3834} INFO - Setting next_dagrun for example_branch_python_operator_decorator to 2024-03-01 00:00:00+00:00, run_after=2024-03-02 00:00:00+00:00
[2024-03-02T09:36:58.887-0300] {processor.py:183} INFO - Processing /home/victor/Área de Trabalho/airflow/venv/lib/python3.10/site-packages/airflow/example_dags/example_branch_operator_decorator.py took 0.088 seconds
[2024-03-02T09:37:29.881-0300] {processor.py:161} INFO - Started process (PID=9341) to work on /home/victor/Área de Trabalho/airflow/venv/lib/python3.10/site-packages/airflow/example_dags/example_branch_operator_decorator.py
[2024-03-02T09:37:29.882-0300] {processor.py:830} INFO - Processing file /home/victor/Área de Trabalho/airflow/venv/lib/python3.10/site-packages/airflow/example_dags/example_branch_operator_decorator.py for tasks to queue
[2024-03-02T09:37:29.883-0300] {logging_mixin.py:188} INFO - [2024-03-02T09:37:29.883-0300] {dagbag.py:540} INFO - Filling up the DagBag from /home/victor/Área de Trabalho/airflow/venv/lib/python3.10/site-packages/airflow/example_dags/example_branch_operator_decorator.py
[2024-03-02T09:37:29.901-0300] {processor.py:840} INFO - DAG(s) 'example_branch_python_operator_decorator' retrieved from /home/victor/Área de Trabalho/airflow/venv/lib/python3.10/site-packages/airflow/example_dags/example_branch_operator_decorator.py
[2024-03-02T09:37:29.999-0300] {logging_mixin.py:188} INFO - [2024-03-02T09:37:29.998-0300] {dag.py:3047} INFO - Sync 1 DAGs
[2024-03-02T09:37:30.018-0300] {logging_mixin.py:188} INFO - [2024-03-02T09:37:30.018-0300] {dag.py:3834} INFO - Setting next_dagrun for example_branch_python_operator_decorator to 2024-03-01 00:00:00+00:00, run_after=2024-03-02 00:00:00+00:00
[2024-03-02T09:37:30.037-0300] {processor.py:183} INFO - Processing /home/victor/Área de Trabalho/airflow/venv/lib/python3.10/site-packages/airflow/example_dags/example_branch_operator_decorator.py took 0.158 seconds
[2024-03-02T09:38:00.308-0300] {processor.py:161} INFO - Started process (PID=10004) to work on /home/victor/Área de Trabalho/airflow/venv/lib/python3.10/site-packages/airflow/example_dags/example_branch_operator_decorator.py
[2024-03-02T09:38:00.309-0300] {processor.py:830} INFO - Processing file /home/victor/Área de Trabalho/airflow/venv/lib/python3.10/site-packages/airflow/example_dags/example_branch_operator_decorator.py for tasks to queue
[2024-03-02T09:38:00.310-0300] {logging_mixin.py:188} INFO - [2024-03-02T09:38:00.309-0300] {dagbag.py:540} INFO - Filling up the DagBag from /home/victor/Área de Trabalho/airflow/venv/lib/python3.10/site-packages/airflow/example_dags/example_branch_operator_decorator.py
[2024-03-02T09:38:00.342-0300] {processor.py:840} INFO - DAG(s) 'example_branch_python_operator_decorator' retrieved from /home/victor/Área de Trabalho/airflow/venv/lib/python3.10/site-packages/airflow/example_dags/example_branch_operator_decorator.py
[2024-03-02T09:38:00.375-0300] {logging_mixin.py:188} INFO - [2024-03-02T09:38:00.374-0300] {dag.py:3047} INFO - Sync 1 DAGs
[2024-03-02T09:38:00.397-0300] {logging_mixin.py:188} INFO - [2024-03-02T09:38:00.397-0300] {dag.py:3834} INFO - Setting next_dagrun for example_branch_python_operator_decorator to 2024-03-01 00:00:00+00:00, run_after=2024-03-02 00:00:00+00:00
[2024-03-02T09:38:00.416-0300] {processor.py:183} INFO - Processing /home/victor/Área de Trabalho/airflow/venv/lib/python3.10/site-packages/airflow/example_dags/example_branch_operator_decorator.py took 0.112 seconds
[2024-03-02T09:38:31.745-0300] {processor.py:161} INFO - Started process (PID=10321) to work on /home/victor/Área de Trabalho/airflow/venv/lib/python3.10/site-packages/airflow/example_dags/example_branch_operator_decorator.py
[2024-03-02T09:38:31.746-0300] {processor.py:830} INFO - Processing file /home/victor/Área de Trabalho/airflow/venv/lib/python3.10/site-packages/airflow/example_dags/example_branch_operator_decorator.py for tasks to queue
[2024-03-02T09:38:31.747-0300] {logging_mixin.py:188} INFO - [2024-03-02T09:38:31.746-0300] {dagbag.py:540} INFO - Filling up the DagBag from /home/victor/Área de Trabalho/airflow/venv/lib/python3.10/site-packages/airflow/example_dags/example_branch_operator_decorator.py
[2024-03-02T09:38:31.764-0300] {processor.py:840} INFO - DAG(s) 'example_branch_python_operator_decorator' retrieved from /home/victor/Área de Trabalho/airflow/venv/lib/python3.10/site-packages/airflow/example_dags/example_branch_operator_decorator.py
[2024-03-02T09:38:31.794-0300] {logging_mixin.py:188} INFO - [2024-03-02T09:38:31.794-0300] {dag.py:3047} INFO - Sync 1 DAGs
[2024-03-02T09:38:31.816-0300] {logging_mixin.py:188} INFO - [2024-03-02T09:38:31.816-0300] {dag.py:3834} INFO - Setting next_dagrun for example_branch_python_operator_decorator to 2024-03-01 00:00:00+00:00, run_after=2024-03-02 00:00:00+00:00
[2024-03-02T09:38:31.834-0300] {processor.py:183} INFO - Processing /home/victor/Área de Trabalho/airflow/venv/lib/python3.10/site-packages/airflow/example_dags/example_branch_operator_decorator.py took 0.092 seconds
[2024-03-02T09:39:03.156-0300] {processor.py:161} INFO - Started process (PID=10874) to work on /home/victor/Área de Trabalho/airflow/venv/lib/python3.10/site-packages/airflow/example_dags/example_branch_operator_decorator.py
[2024-03-02T09:39:03.156-0300] {processor.py:830} INFO - Processing file /home/victor/Área de Trabalho/airflow/venv/lib/python3.10/site-packages/airflow/example_dags/example_branch_operator_decorator.py for tasks to queue
[2024-03-02T09:39:03.157-0300] {logging_mixin.py:188} INFO - [2024-03-02T09:39:03.157-0300] {dagbag.py:540} INFO - Filling up the DagBag from /home/victor/Área de Trabalho/airflow/venv/lib/python3.10/site-packages/airflow/example_dags/example_branch_operator_decorator.py
[2024-03-02T09:39:03.178-0300] {processor.py:840} INFO - DAG(s) 'example_branch_python_operator_decorator' retrieved from /home/victor/Área de Trabalho/airflow/venv/lib/python3.10/site-packages/airflow/example_dags/example_branch_operator_decorator.py
[2024-03-02T09:39:03.211-0300] {logging_mixin.py:188} INFO - [2024-03-02T09:39:03.211-0300] {dag.py:3047} INFO - Sync 1 DAGs
[2024-03-02T09:39:03.234-0300] {logging_mixin.py:188} INFO - [2024-03-02T09:39:03.234-0300] {dag.py:3834} INFO - Setting next_dagrun for example_branch_python_operator_decorator to 2024-03-01 00:00:00+00:00, run_after=2024-03-02 00:00:00+00:00
[2024-03-02T09:39:03.252-0300] {processor.py:183} INFO - Processing /home/victor/Área de Trabalho/airflow/venv/lib/python3.10/site-packages/airflow/example_dags/example_branch_operator_decorator.py took 0.100 seconds
[2024-03-02T09:39:34.331-0300] {processor.py:161} INFO - Started process (PID=11475) to work on /home/victor/Área de Trabalho/airflow/venv/lib/python3.10/site-packages/airflow/example_dags/example_branch_operator_decorator.py
[2024-03-02T09:39:34.332-0300] {processor.py:830} INFO - Processing file /home/victor/Área de Trabalho/airflow/venv/lib/python3.10/site-packages/airflow/example_dags/example_branch_operator_decorator.py for tasks to queue
[2024-03-02T09:39:34.332-0300] {logging_mixin.py:188} INFO - [2024-03-02T09:39:34.332-0300] {dagbag.py:540} INFO - Filling up the DagBag from /home/victor/Área de Trabalho/airflow/venv/lib/python3.10/site-packages/airflow/example_dags/example_branch_operator_decorator.py
[2024-03-02T09:39:34.352-0300] {processor.py:840} INFO - DAG(s) 'example_branch_python_operator_decorator' retrieved from /home/victor/Área de Trabalho/airflow/venv/lib/python3.10/site-packages/airflow/example_dags/example_branch_operator_decorator.py
[2024-03-02T09:39:34.384-0300] {logging_mixin.py:188} INFO - [2024-03-02T09:39:34.384-0300] {dag.py:3047} INFO - Sync 1 DAGs
[2024-03-02T09:39:34.406-0300] {logging_mixin.py:188} INFO - [2024-03-02T09:39:34.405-0300] {dag.py:3834} INFO - Setting next_dagrun for example_branch_python_operator_decorator to 2024-03-01 00:00:00+00:00, run_after=2024-03-02 00:00:00+00:00
[2024-03-02T09:39:34.423-0300] {processor.py:183} INFO - Processing /home/victor/Área de Trabalho/airflow/venv/lib/python3.10/site-packages/airflow/example_dags/example_branch_operator_decorator.py took 0.095 seconds
[2024-03-02T09:40:05.637-0300] {processor.py:161} INFO - Started process (PID=11951) to work on /home/victor/Área de Trabalho/airflow/venv/lib/python3.10/site-packages/airflow/example_dags/example_branch_operator_decorator.py
[2024-03-02T09:40:05.638-0300] {processor.py:830} INFO - Processing file /home/victor/Área de Trabalho/airflow/venv/lib/python3.10/site-packages/airflow/example_dags/example_branch_operator_decorator.py for tasks to queue
[2024-03-02T09:40:05.639-0300] {logging_mixin.py:188} INFO - [2024-03-02T09:40:05.639-0300] {dagbag.py:540} INFO - Filling up the DagBag from /home/victor/Área de Trabalho/airflow/venv/lib/python3.10/site-packages/airflow/example_dags/example_branch_operator_decorator.py
[2024-03-02T09:40:05.658-0300] {processor.py:840} INFO - DAG(s) 'example_branch_python_operator_decorator' retrieved from /home/victor/Área de Trabalho/airflow/venv/lib/python3.10/site-packages/airflow/example_dags/example_branch_operator_decorator.py
[2024-03-02T09:40:05.689-0300] {logging_mixin.py:188} INFO - [2024-03-02T09:40:05.688-0300] {dag.py:3047} INFO - Sync 1 DAGs
[2024-03-02T09:40:05.710-0300] {logging_mixin.py:188} INFO - [2024-03-02T09:40:05.710-0300] {dag.py:3834} INFO - Setting next_dagrun for example_branch_python_operator_decorator to 2024-03-01 00:00:00+00:00, run_after=2024-03-02 00:00:00+00:00
[2024-03-02T09:40:05.730-0300] {processor.py:183} INFO - Processing /home/victor/Área de Trabalho/airflow/venv/lib/python3.10/site-packages/airflow/example_dags/example_branch_operator_decorator.py took 0.096 seconds
[2024-03-02T09:40:37.015-0300] {processor.py:161} INFO - Started process (PID=12329) to work on /home/victor/Área de Trabalho/airflow/venv/lib/python3.10/site-packages/airflow/example_dags/example_branch_operator_decorator.py
[2024-03-02T09:40:37.016-0300] {processor.py:830} INFO - Processing file /home/victor/Área de Trabalho/airflow/venv/lib/python3.10/site-packages/airflow/example_dags/example_branch_operator_decorator.py for tasks to queue
[2024-03-02T09:40:37.017-0300] {logging_mixin.py:188} INFO - [2024-03-02T09:40:37.017-0300] {dagbag.py:540} INFO - Filling up the DagBag from /home/victor/Área de Trabalho/airflow/venv/lib/python3.10/site-packages/airflow/example_dags/example_branch_operator_decorator.py
[2024-03-02T09:40:37.045-0300] {processor.py:840} INFO - DAG(s) 'example_branch_python_operator_decorator' retrieved from /home/victor/Área de Trabalho/airflow/venv/lib/python3.10/site-packages/airflow/example_dags/example_branch_operator_decorator.py
[2024-03-02T09:40:37.080-0300] {logging_mixin.py:188} INFO - [2024-03-02T09:40:37.080-0300] {dag.py:3047} INFO - Sync 1 DAGs
[2024-03-02T09:40:37.103-0300] {logging_mixin.py:188} INFO - [2024-03-02T09:40:37.103-0300] {dag.py:3834} INFO - Setting next_dagrun for example_branch_python_operator_decorator to 2024-03-01 00:00:00+00:00, run_after=2024-03-02 00:00:00+00:00
[2024-03-02T09:40:37.127-0300] {processor.py:183} INFO - Processing /home/victor/Área de Trabalho/airflow/venv/lib/python3.10/site-packages/airflow/example_dags/example_branch_operator_decorator.py took 0.115 seconds
[2024-03-02T09:41:08.027-0300] {processor.py:161} INFO - Started process (PID=12807) to work on /home/victor/Área de Trabalho/airflow/venv/lib/python3.10/site-packages/airflow/example_dags/example_branch_operator_decorator.py
[2024-03-02T09:41:08.030-0300] {processor.py:830} INFO - Processing file /home/victor/Área de Trabalho/airflow/venv/lib/python3.10/site-packages/airflow/example_dags/example_branch_operator_decorator.py for tasks to queue
[2024-03-02T09:41:08.031-0300] {logging_mixin.py:188} INFO - [2024-03-02T09:41:08.031-0300] {dagbag.py:540} INFO - Filling up the DagBag from /home/victor/Área de Trabalho/airflow/venv/lib/python3.10/site-packages/airflow/example_dags/example_branch_operator_decorator.py
[2024-03-02T09:41:08.057-0300] {processor.py:840} INFO - DAG(s) 'example_branch_python_operator_decorator' retrieved from /home/victor/Área de Trabalho/airflow/venv/lib/python3.10/site-packages/airflow/example_dags/example_branch_operator_decorator.py
[2024-03-02T09:41:08.099-0300] {logging_mixin.py:188} INFO - [2024-03-02T09:41:08.099-0300] {dag.py:3047} INFO - Sync 1 DAGs
[2024-03-02T09:41:08.124-0300] {logging_mixin.py:188} INFO - [2024-03-02T09:41:08.123-0300] {dag.py:3834} INFO - Setting next_dagrun for example_branch_python_operator_decorator to 2024-03-01 00:00:00+00:00, run_after=2024-03-02 00:00:00+00:00
[2024-03-02T09:41:08.150-0300] {processor.py:183} INFO - Processing /home/victor/Área de Trabalho/airflow/venv/lib/python3.10/site-packages/airflow/example_dags/example_branch_operator_decorator.py took 0.126 seconds
[2024-03-02T09:41:38.733-0300] {processor.py:161} INFO - Started process (PID=13120) to work on /home/victor/Área de Trabalho/airflow/venv/lib/python3.10/site-packages/airflow/example_dags/example_branch_operator_decorator.py
[2024-03-02T09:41:38.734-0300] {processor.py:830} INFO - Processing file /home/victor/Área de Trabalho/airflow/venv/lib/python3.10/site-packages/airflow/example_dags/example_branch_operator_decorator.py for tasks to queue
[2024-03-02T09:41:38.735-0300] {logging_mixin.py:188} INFO - [2024-03-02T09:41:38.734-0300] {dagbag.py:540} INFO - Filling up the DagBag from /home/victor/Área de Trabalho/airflow/venv/lib/python3.10/site-packages/airflow/example_dags/example_branch_operator_decorator.py
[2024-03-02T09:41:38.761-0300] {processor.py:840} INFO - DAG(s) 'example_branch_python_operator_decorator' retrieved from /home/victor/Área de Trabalho/airflow/venv/lib/python3.10/site-packages/airflow/example_dags/example_branch_operator_decorator.py
[2024-03-02T09:41:38.796-0300] {logging_mixin.py:188} INFO - [2024-03-02T09:41:38.795-0300] {dag.py:3047} INFO - Sync 1 DAGs
[2024-03-02T09:41:38.817-0300] {logging_mixin.py:188} INFO - [2024-03-02T09:41:38.817-0300] {dag.py:3834} INFO - Setting next_dagrun for example_branch_python_operator_decorator to 2024-03-01 00:00:00+00:00, run_after=2024-03-02 00:00:00+00:00
[2024-03-02T09:41:38.837-0300] {processor.py:183} INFO - Processing /home/victor/Área de Trabalho/airflow/venv/lib/python3.10/site-packages/airflow/example_dags/example_branch_operator_decorator.py took 0.107 seconds
[2024-03-02T09:42:09.610-0300] {processor.py:161} INFO - Started process (PID=13756) to work on /home/victor/Área de Trabalho/airflow/venv/lib/python3.10/site-packages/airflow/example_dags/example_branch_operator_decorator.py
[2024-03-02T09:42:09.611-0300] {processor.py:830} INFO - Processing file /home/victor/Área de Trabalho/airflow/venv/lib/python3.10/site-packages/airflow/example_dags/example_branch_operator_decorator.py for tasks to queue
[2024-03-02T09:42:09.611-0300] {logging_mixin.py:188} INFO - [2024-03-02T09:42:09.611-0300] {dagbag.py:540} INFO - Filling up the DagBag from /home/victor/Área de Trabalho/airflow/venv/lib/python3.10/site-packages/airflow/example_dags/example_branch_operator_decorator.py
[2024-03-02T09:42:09.630-0300] {processor.py:840} INFO - DAG(s) 'example_branch_python_operator_decorator' retrieved from /home/victor/Área de Trabalho/airflow/venv/lib/python3.10/site-packages/airflow/example_dags/example_branch_operator_decorator.py
[2024-03-02T09:42:09.662-0300] {logging_mixin.py:188} INFO - [2024-03-02T09:42:09.662-0300] {dag.py:3047} INFO - Sync 1 DAGs
[2024-03-02T09:42:09.685-0300] {logging_mixin.py:188} INFO - [2024-03-02T09:42:09.684-0300] {dag.py:3834} INFO - Setting next_dagrun for example_branch_python_operator_decorator to 2024-03-01 00:00:00+00:00, run_after=2024-03-02 00:00:00+00:00
[2024-03-02T09:42:09.707-0300] {processor.py:183} INFO - Processing /home/victor/Área de Trabalho/airflow/venv/lib/python3.10/site-packages/airflow/example_dags/example_branch_operator_decorator.py took 0.100 seconds
[2024-03-02T09:42:40.421-0300] {processor.py:161} INFO - Started process (PID=14074) to work on /home/victor/Área de Trabalho/airflow/venv/lib/python3.10/site-packages/airflow/example_dags/example_branch_operator_decorator.py
[2024-03-02T09:42:40.422-0300] {processor.py:830} INFO - Processing file /home/victor/Área de Trabalho/airflow/venv/lib/python3.10/site-packages/airflow/example_dags/example_branch_operator_decorator.py for tasks to queue
[2024-03-02T09:42:40.423-0300] {logging_mixin.py:188} INFO - [2024-03-02T09:42:40.423-0300] {dagbag.py:540} INFO - Filling up the DagBag from /home/victor/Área de Trabalho/airflow/venv/lib/python3.10/site-packages/airflow/example_dags/example_branch_operator_decorator.py
[2024-03-02T09:42:40.445-0300] {processor.py:840} INFO - DAG(s) 'example_branch_python_operator_decorator' retrieved from /home/victor/Área de Trabalho/airflow/venv/lib/python3.10/site-packages/airflow/example_dags/example_branch_operator_decorator.py
[2024-03-02T09:42:40.482-0300] {logging_mixin.py:188} INFO - [2024-03-02T09:42:40.482-0300] {dag.py:3047} INFO - Sync 1 DAGs
[2024-03-02T09:42:40.507-0300] {logging_mixin.py:188} INFO - [2024-03-02T09:42:40.506-0300] {dag.py:3834} INFO - Setting next_dagrun for example_branch_python_operator_decorator to 2024-03-01 00:00:00+00:00, run_after=2024-03-02 00:00:00+00:00
[2024-03-02T09:42:40.530-0300] {processor.py:183} INFO - Processing /home/victor/Área de Trabalho/airflow/venv/lib/python3.10/site-packages/airflow/example_dags/example_branch_operator_decorator.py took 0.112 seconds
[2024-03-02T09:43:11.603-0300] {processor.py:161} INFO - Started process (PID=14556) to work on /home/victor/Área de Trabalho/airflow/venv/lib/python3.10/site-packages/airflow/example_dags/example_branch_operator_decorator.py
[2024-03-02T09:43:11.604-0300] {processor.py:830} INFO - Processing file /home/victor/Área de Trabalho/airflow/venv/lib/python3.10/site-packages/airflow/example_dags/example_branch_operator_decorator.py for tasks to queue
[2024-03-02T09:43:11.605-0300] {logging_mixin.py:188} INFO - [2024-03-02T09:43:11.605-0300] {dagbag.py:540} INFO - Filling up the DagBag from /home/victor/Área de Trabalho/airflow/venv/lib/python3.10/site-packages/airflow/example_dags/example_branch_operator_decorator.py
[2024-03-02T09:43:11.627-0300] {processor.py:840} INFO - DAG(s) 'example_branch_python_operator_decorator' retrieved from /home/victor/Área de Trabalho/airflow/venv/lib/python3.10/site-packages/airflow/example_dags/example_branch_operator_decorator.py
[2024-03-02T09:43:11.665-0300] {logging_mixin.py:188} INFO - [2024-03-02T09:43:11.664-0300] {dag.py:3047} INFO - Sync 1 DAGs
[2024-03-02T09:43:11.691-0300] {logging_mixin.py:188} INFO - [2024-03-02T09:43:11.691-0300] {dag.py:3834} INFO - Setting next_dagrun for example_branch_python_operator_decorator to 2024-03-01 00:00:00+00:00, run_after=2024-03-02 00:00:00+00:00
[2024-03-02T09:43:11.714-0300] {processor.py:183} INFO - Processing /home/victor/Área de Trabalho/airflow/venv/lib/python3.10/site-packages/airflow/example_dags/example_branch_operator_decorator.py took 0.114 seconds
[2024-03-02T09:43:42.343-0300] {processor.py:161} INFO - Started process (PID=14876) to work on /home/victor/Área de Trabalho/airflow/venv/lib/python3.10/site-packages/airflow/example_dags/example_branch_operator_decorator.py
[2024-03-02T09:43:42.343-0300] {processor.py:830} INFO - Processing file /home/victor/Área de Trabalho/airflow/venv/lib/python3.10/site-packages/airflow/example_dags/example_branch_operator_decorator.py for tasks to queue
[2024-03-02T09:43:42.344-0300] {logging_mixin.py:188} INFO - [2024-03-02T09:43:42.344-0300] {dagbag.py:540} INFO - Filling up the DagBag from /home/victor/Área de Trabalho/airflow/venv/lib/python3.10/site-packages/airflow/example_dags/example_branch_operator_decorator.py
[2024-03-02T09:43:42.365-0300] {processor.py:840} INFO - DAG(s) 'example_branch_python_operator_decorator' retrieved from /home/victor/Área de Trabalho/airflow/venv/lib/python3.10/site-packages/airflow/example_dags/example_branch_operator_decorator.py
[2024-03-02T09:43:42.396-0300] {logging_mixin.py:188} INFO - [2024-03-02T09:43:42.396-0300] {dag.py:3047} INFO - Sync 1 DAGs
[2024-03-02T09:43:42.419-0300] {logging_mixin.py:188} INFO - [2024-03-02T09:43:42.419-0300] {dag.py:3834} INFO - Setting next_dagrun for example_branch_python_operator_decorator to 2024-03-01 00:00:00+00:00, run_after=2024-03-02 00:00:00+00:00
[2024-03-02T09:43:42.439-0300] {processor.py:183} INFO - Processing /home/victor/Área de Trabalho/airflow/venv/lib/python3.10/site-packages/airflow/example_dags/example_branch_operator_decorator.py took 0.099 seconds
[2024-03-02T09:44:13.799-0300] {processor.py:161} INFO - Started process (PID=15358) to work on /home/victor/Área de Trabalho/airflow/venv/lib/python3.10/site-packages/airflow/example_dags/example_branch_operator_decorator.py
[2024-03-02T09:44:13.800-0300] {processor.py:830} INFO - Processing file /home/victor/Área de Trabalho/airflow/venv/lib/python3.10/site-packages/airflow/example_dags/example_branch_operator_decorator.py for tasks to queue
[2024-03-02T09:44:13.802-0300] {logging_mixin.py:188} INFO - [2024-03-02T09:44:13.802-0300] {dagbag.py:540} INFO - Filling up the DagBag from /home/victor/Área de Trabalho/airflow/venv/lib/python3.10/site-packages/airflow/example_dags/example_branch_operator_decorator.py
[2024-03-02T09:44:13.824-0300] {processor.py:840} INFO - DAG(s) 'example_branch_python_operator_decorator' retrieved from /home/victor/Área de Trabalho/airflow/venv/lib/python3.10/site-packages/airflow/example_dags/example_branch_operator_decorator.py
[2024-03-02T09:44:13.864-0300] {logging_mixin.py:188} INFO - [2024-03-02T09:44:13.863-0300] {dag.py:3047} INFO - Sync 1 DAGs
[2024-03-02T09:44:13.899-0300] {logging_mixin.py:188} INFO - [2024-03-02T09:44:13.898-0300] {dag.py:3834} INFO - Setting next_dagrun for example_branch_python_operator_decorator to 2024-03-01 00:00:00+00:00, run_after=2024-03-02 00:00:00+00:00
[2024-03-02T09:44:13.922-0300] {processor.py:183} INFO - Processing /home/victor/Área de Trabalho/airflow/venv/lib/python3.10/site-packages/airflow/example_dags/example_branch_operator_decorator.py took 0.126 seconds
[2024-03-02T09:44:44.523-0300] {processor.py:161} INFO - Started process (PID=15679) to work on /home/victor/Área de Trabalho/airflow/venv/lib/python3.10/site-packages/airflow/example_dags/example_branch_operator_decorator.py
[2024-03-02T09:44:44.524-0300] {processor.py:830} INFO - Processing file /home/victor/Área de Trabalho/airflow/venv/lib/python3.10/site-packages/airflow/example_dags/example_branch_operator_decorator.py for tasks to queue
[2024-03-02T09:44:44.525-0300] {logging_mixin.py:188} INFO - [2024-03-02T09:44:44.525-0300] {dagbag.py:540} INFO - Filling up the DagBag from /home/victor/Área de Trabalho/airflow/venv/lib/python3.10/site-packages/airflow/example_dags/example_branch_operator_decorator.py
[2024-03-02T09:44:44.547-0300] {processor.py:840} INFO - DAG(s) 'example_branch_python_operator_decorator' retrieved from /home/victor/Área de Trabalho/airflow/venv/lib/python3.10/site-packages/airflow/example_dags/example_branch_operator_decorator.py
[2024-03-02T09:44:44.590-0300] {logging_mixin.py:188} INFO - [2024-03-02T09:44:44.590-0300] {dag.py:3047} INFO - Sync 1 DAGs
[2024-03-02T09:44:44.614-0300] {logging_mixin.py:188} INFO - [2024-03-02T09:44:44.614-0300] {dag.py:3834} INFO - Setting next_dagrun for example_branch_python_operator_decorator to 2024-03-01 00:00:00+00:00, run_after=2024-03-02 00:00:00+00:00
[2024-03-02T09:44:44.635-0300] {processor.py:183} INFO - Processing /home/victor/Área de Trabalho/airflow/venv/lib/python3.10/site-packages/airflow/example_dags/example_branch_operator_decorator.py took 0.115 seconds
[2024-03-02T09:45:15.344-0300] {processor.py:161} INFO - Started process (PID=16173) to work on /home/victor/Área de Trabalho/airflow/venv/lib/python3.10/site-packages/airflow/example_dags/example_branch_operator_decorator.py
[2024-03-02T09:45:15.345-0300] {processor.py:830} INFO - Processing file /home/victor/Área de Trabalho/airflow/venv/lib/python3.10/site-packages/airflow/example_dags/example_branch_operator_decorator.py for tasks to queue
[2024-03-02T09:45:15.346-0300] {logging_mixin.py:188} INFO - [2024-03-02T09:45:15.346-0300] {dagbag.py:540} INFO - Filling up the DagBag from /home/victor/Área de Trabalho/airflow/venv/lib/python3.10/site-packages/airflow/example_dags/example_branch_operator_decorator.py
[2024-03-02T09:45:15.382-0300] {processor.py:840} INFO - DAG(s) 'example_branch_python_operator_decorator' retrieved from /home/victor/Área de Trabalho/airflow/venv/lib/python3.10/site-packages/airflow/example_dags/example_branch_operator_decorator.py
[2024-03-02T09:45:15.417-0300] {logging_mixin.py:188} INFO - [2024-03-02T09:45:15.417-0300] {dag.py:3047} INFO - Sync 1 DAGs
[2024-03-02T09:45:15.444-0300] {logging_mixin.py:188} INFO - [2024-03-02T09:45:15.443-0300] {dag.py:3834} INFO - Setting next_dagrun for example_branch_python_operator_decorator to 2024-03-01 00:00:00+00:00, run_after=2024-03-02 00:00:00+00:00
[2024-03-02T09:45:15.468-0300] {processor.py:183} INFO - Processing /home/victor/Área de Trabalho/airflow/venv/lib/python3.10/site-packages/airflow/example_dags/example_branch_operator_decorator.py took 0.127 seconds
[2024-03-02T09:45:46.381-0300] {processor.py:161} INFO - Started process (PID=16681) to work on /home/victor/Área de Trabalho/airflow/venv/lib/python3.10/site-packages/airflow/example_dags/example_branch_operator_decorator.py
[2024-03-02T09:45:46.382-0300] {processor.py:830} INFO - Processing file /home/victor/Área de Trabalho/airflow/venv/lib/python3.10/site-packages/airflow/example_dags/example_branch_operator_decorator.py for tasks to queue
[2024-03-02T09:45:46.383-0300] {logging_mixin.py:188} INFO - [2024-03-02T09:45:46.382-0300] {dagbag.py:540} INFO - Filling up the DagBag from /home/victor/Área de Trabalho/airflow/venv/lib/python3.10/site-packages/airflow/example_dags/example_branch_operator_decorator.py
[2024-03-02T09:45:46.404-0300] {processor.py:840} INFO - DAG(s) 'example_branch_python_operator_decorator' retrieved from /home/victor/Área de Trabalho/airflow/venv/lib/python3.10/site-packages/airflow/example_dags/example_branch_operator_decorator.py
[2024-03-02T09:45:46.436-0300] {logging_mixin.py:188} INFO - [2024-03-02T09:45:46.436-0300] {dag.py:3047} INFO - Sync 1 DAGs
[2024-03-02T09:45:46.459-0300] {logging_mixin.py:188} INFO - [2024-03-02T09:45:46.458-0300] {dag.py:3834} INFO - Setting next_dagrun for example_branch_python_operator_decorator to 2024-03-01 00:00:00+00:00, run_after=2024-03-02 00:00:00+00:00
[2024-03-02T09:45:46.478-0300] {processor.py:183} INFO - Processing /home/victor/Área de Trabalho/airflow/venv/lib/python3.10/site-packages/airflow/example_dags/example_branch_operator_decorator.py took 0.100 seconds
[2024-03-02T09:46:18.001-0300] {processor.py:161} INFO - Started process (PID=17165) to work on /home/victor/Área de Trabalho/airflow/venv/lib/python3.10/site-packages/airflow/example_dags/example_branch_operator_decorator.py
[2024-03-02T09:46:18.002-0300] {processor.py:830} INFO - Processing file /home/victor/Área de Trabalho/airflow/venv/lib/python3.10/site-packages/airflow/example_dags/example_branch_operator_decorator.py for tasks to queue
[2024-03-02T09:46:18.003-0300] {logging_mixin.py:188} INFO - [2024-03-02T09:46:18.003-0300] {dagbag.py:540} INFO - Filling up the DagBag from /home/victor/Área de Trabalho/airflow/venv/lib/python3.10/site-packages/airflow/example_dags/example_branch_operator_decorator.py
[2024-03-02T09:46:18.039-0300] {processor.py:840} INFO - DAG(s) 'example_branch_python_operator_decorator' retrieved from /home/victor/Área de Trabalho/airflow/venv/lib/python3.10/site-packages/airflow/example_dags/example_branch_operator_decorator.py
[2024-03-02T09:46:18.087-0300] {logging_mixin.py:188} INFO - [2024-03-02T09:46:18.082-0300] {dag.py:3047} INFO - Sync 1 DAGs
[2024-03-02T09:46:18.133-0300] {logging_mixin.py:188} INFO - [2024-03-02T09:46:18.133-0300] {dag.py:3834} INFO - Setting next_dagrun for example_branch_python_operator_decorator to 2024-03-01 00:00:00+00:00, run_after=2024-03-02 00:00:00+00:00
[2024-03-02T09:46:18.157-0300] {processor.py:183} INFO - Processing /home/victor/Área de Trabalho/airflow/venv/lib/python3.10/site-packages/airflow/example_dags/example_branch_operator_decorator.py took 0.158 seconds
[2024-03-02T09:46:48.641-0300] {processor.py:161} INFO - Started process (PID=17487) to work on /home/victor/Área de Trabalho/airflow/venv/lib/python3.10/site-packages/airflow/example_dags/example_branch_operator_decorator.py
[2024-03-02T09:46:48.642-0300] {processor.py:830} INFO - Processing file /home/victor/Área de Trabalho/airflow/venv/lib/python3.10/site-packages/airflow/example_dags/example_branch_operator_decorator.py for tasks to queue
[2024-03-02T09:46:48.643-0300] {logging_mixin.py:188} INFO - [2024-03-02T09:46:48.643-0300] {dagbag.py:540} INFO - Filling up the DagBag from /home/victor/Área de Trabalho/airflow/venv/lib/python3.10/site-packages/airflow/example_dags/example_branch_operator_decorator.py
[2024-03-02T09:46:48.662-0300] {processor.py:840} INFO - DAG(s) 'example_branch_python_operator_decorator' retrieved from /home/victor/Área de Trabalho/airflow/venv/lib/python3.10/site-packages/airflow/example_dags/example_branch_operator_decorator.py
[2024-03-02T09:46:48.695-0300] {logging_mixin.py:188} INFO - [2024-03-02T09:46:48.695-0300] {dag.py:3047} INFO - Sync 1 DAGs
[2024-03-02T09:46:48.728-0300] {logging_mixin.py:188} INFO - [2024-03-02T09:46:48.727-0300] {dag.py:3834} INFO - Setting next_dagrun for example_branch_python_operator_decorator to 2024-03-01 00:00:00+00:00, run_after=2024-03-02 00:00:00+00:00
[2024-03-02T09:46:48.748-0300] {processor.py:183} INFO - Processing /home/victor/Área de Trabalho/airflow/venv/lib/python3.10/site-packages/airflow/example_dags/example_branch_operator_decorator.py took 0.110 seconds
[2024-03-02T09:47:19.616-0300] {processor.py:161} INFO - Started process (PID=18146) to work on /home/victor/Área de Trabalho/airflow/venv/lib/python3.10/site-packages/airflow/example_dags/example_branch_operator_decorator.py
[2024-03-02T09:47:19.618-0300] {processor.py:830} INFO - Processing file /home/victor/Área de Trabalho/airflow/venv/lib/python3.10/site-packages/airflow/example_dags/example_branch_operator_decorator.py for tasks to queue
[2024-03-02T09:47:19.619-0300] {logging_mixin.py:188} INFO - [2024-03-02T09:47:19.619-0300] {dagbag.py:540} INFO - Filling up the DagBag from /home/victor/Área de Trabalho/airflow/venv/lib/python3.10/site-packages/airflow/example_dags/example_branch_operator_decorator.py
[2024-03-02T09:47:19.640-0300] {processor.py:840} INFO - DAG(s) 'example_branch_python_operator_decorator' retrieved from /home/victor/Área de Trabalho/airflow/venv/lib/python3.10/site-packages/airflow/example_dags/example_branch_operator_decorator.py
[2024-03-02T09:47:19.673-0300] {logging_mixin.py:188} INFO - [2024-03-02T09:47:19.673-0300] {dag.py:3047} INFO - Sync 1 DAGs
[2024-03-02T09:47:19.694-0300] {logging_mixin.py:188} INFO - [2024-03-02T09:47:19.694-0300] {dag.py:3834} INFO - Setting next_dagrun for example_branch_python_operator_decorator to 2024-03-01 00:00:00+00:00, run_after=2024-03-02 00:00:00+00:00
[2024-03-02T09:47:19.712-0300] {processor.py:183} INFO - Processing /home/victor/Área de Trabalho/airflow/venv/lib/python3.10/site-packages/airflow/example_dags/example_branch_operator_decorator.py took 0.099 seconds
[2024-03-02T09:47:50.209-0300] {processor.py:161} INFO - Started process (PID=18465) to work on /home/victor/Área de Trabalho/airflow/venv/lib/python3.10/site-packages/airflow/example_dags/example_branch_operator_decorator.py
[2024-03-02T09:47:50.214-0300] {processor.py:830} INFO - Processing file /home/victor/Área de Trabalho/airflow/venv/lib/python3.10/site-packages/airflow/example_dags/example_branch_operator_decorator.py for tasks to queue
[2024-03-02T09:47:50.215-0300] {logging_mixin.py:188} INFO - [2024-03-02T09:47:50.215-0300] {dagbag.py:540} INFO - Filling up the DagBag from /home/victor/Área de Trabalho/airflow/venv/lib/python3.10/site-packages/airflow/example_dags/example_branch_operator_decorator.py
[2024-03-02T09:47:50.237-0300] {processor.py:840} INFO - DAG(s) 'example_branch_python_operator_decorator' retrieved from /home/victor/Área de Trabalho/airflow/venv/lib/python3.10/site-packages/airflow/example_dags/example_branch_operator_decorator.py
[2024-03-02T09:47:50.273-0300] {logging_mixin.py:188} INFO - [2024-03-02T09:47:50.272-0300] {dag.py:3047} INFO - Sync 1 DAGs
[2024-03-02T09:47:50.297-0300] {logging_mixin.py:188} INFO - [2024-03-02T09:47:50.296-0300] {dag.py:3834} INFO - Setting next_dagrun for example_branch_python_operator_decorator to 2024-03-01 00:00:00+00:00, run_after=2024-03-02 00:00:00+00:00
[2024-03-02T09:47:50.315-0300] {processor.py:183} INFO - Processing /home/victor/Área de Trabalho/airflow/venv/lib/python3.10/site-packages/airflow/example_dags/example_branch_operator_decorator.py took 0.109 seconds
[2024-03-02T09:48:20.912-0300] {processor.py:161} INFO - Started process (PID=18953) to work on /home/victor/Área de Trabalho/airflow/venv/lib/python3.10/site-packages/airflow/example_dags/example_branch_operator_decorator.py
[2024-03-02T09:48:20.912-0300] {processor.py:830} INFO - Processing file /home/victor/Área de Trabalho/airflow/venv/lib/python3.10/site-packages/airflow/example_dags/example_branch_operator_decorator.py for tasks to queue
[2024-03-02T09:48:20.913-0300] {logging_mixin.py:188} INFO - [2024-03-02T09:48:20.913-0300] {dagbag.py:540} INFO - Filling up the DagBag from /home/victor/Área de Trabalho/airflow/venv/lib/python3.10/site-packages/airflow/example_dags/example_branch_operator_decorator.py
[2024-03-02T09:48:20.934-0300] {processor.py:840} INFO - DAG(s) 'example_branch_python_operator_decorator' retrieved from /home/victor/Área de Trabalho/airflow/venv/lib/python3.10/site-packages/airflow/example_dags/example_branch_operator_decorator.py
[2024-03-02T09:48:20.970-0300] {logging_mixin.py:188} INFO - [2024-03-02T09:48:20.970-0300] {dag.py:3047} INFO - Sync 1 DAGs
[2024-03-02T09:48:20.992-0300] {logging_mixin.py:188} INFO - [2024-03-02T09:48:20.992-0300] {dag.py:3834} INFO - Setting next_dagrun for example_branch_python_operator_decorator to 2024-03-01 00:00:00+00:00, run_after=2024-03-02 00:00:00+00:00
[2024-03-02T09:48:21.016-0300] {processor.py:183} INFO - Processing /home/victor/Área de Trabalho/airflow/venv/lib/python3.10/site-packages/airflow/example_dags/example_branch_operator_decorator.py took 0.107 seconds
[2024-03-02T09:48:51.665-0300] {processor.py:161} INFO - Started process (PID=19295) to work on /home/victor/Área de Trabalho/airflow/venv/lib/python3.10/site-packages/airflow/example_dags/example_branch_operator_decorator.py
[2024-03-02T09:48:51.666-0300] {processor.py:830} INFO - Processing file /home/victor/Área de Trabalho/airflow/venv/lib/python3.10/site-packages/airflow/example_dags/example_branch_operator_decorator.py for tasks to queue
[2024-03-02T09:48:51.667-0300] {logging_mixin.py:188} INFO - [2024-03-02T09:48:51.667-0300] {dagbag.py:540} INFO - Filling up the DagBag from /home/victor/Área de Trabalho/airflow/venv/lib/python3.10/site-packages/airflow/example_dags/example_branch_operator_decorator.py
[2024-03-02T09:48:51.691-0300] {processor.py:840} INFO - DAG(s) 'example_branch_python_operator_decorator' retrieved from /home/victor/Área de Trabalho/airflow/venv/lib/python3.10/site-packages/airflow/example_dags/example_branch_operator_decorator.py
[2024-03-02T09:48:51.743-0300] {logging_mixin.py:188} INFO - [2024-03-02T09:48:51.743-0300] {dag.py:3047} INFO - Sync 1 DAGs
[2024-03-02T09:48:51.774-0300] {logging_mixin.py:188} INFO - [2024-03-02T09:48:51.774-0300] {dag.py:3834} INFO - Setting next_dagrun for example_branch_python_operator_decorator to 2024-03-01 00:00:00+00:00, run_after=2024-03-02 00:00:00+00:00
[2024-03-02T09:48:51.801-0300] {processor.py:183} INFO - Processing /home/victor/Área de Trabalho/airflow/venv/lib/python3.10/site-packages/airflow/example_dags/example_branch_operator_decorator.py took 0.140 seconds
[2024-03-02T09:49:22.451-0300] {processor.py:161} INFO - Started process (PID=19779) to work on /home/victor/Área de Trabalho/airflow/venv/lib/python3.10/site-packages/airflow/example_dags/example_branch_operator_decorator.py
[2024-03-02T09:49:22.452-0300] {processor.py:830} INFO - Processing file /home/victor/Área de Trabalho/airflow/venv/lib/python3.10/site-packages/airflow/example_dags/example_branch_operator_decorator.py for tasks to queue
[2024-03-02T09:49:22.452-0300] {logging_mixin.py:188} INFO - [2024-03-02T09:49:22.452-0300] {dagbag.py:540} INFO - Filling up the DagBag from /home/victor/Área de Trabalho/airflow/venv/lib/python3.10/site-packages/airflow/example_dags/example_branch_operator_decorator.py
[2024-03-02T09:49:22.474-0300] {processor.py:840} INFO - DAG(s) 'example_branch_python_operator_decorator' retrieved from /home/victor/Área de Trabalho/airflow/venv/lib/python3.10/site-packages/airflow/example_dags/example_branch_operator_decorator.py
[2024-03-02T09:49:22.512-0300] {logging_mixin.py:188} INFO - [2024-03-02T09:49:22.512-0300] {dag.py:3047} INFO - Sync 1 DAGs
[2024-03-02T09:49:22.539-0300] {logging_mixin.py:188} INFO - [2024-03-02T09:49:22.539-0300] {dag.py:3834} INFO - Setting next_dagrun for example_branch_python_operator_decorator to 2024-03-01 00:00:00+00:00, run_after=2024-03-02 00:00:00+00:00
[2024-03-02T09:49:22.562-0300] {processor.py:183} INFO - Processing /home/victor/Área de Trabalho/airflow/venv/lib/python3.10/site-packages/airflow/example_dags/example_branch_operator_decorator.py took 0.114 seconds
[2024-03-02T09:49:53.124-0300] {processor.py:161} INFO - Started process (PID=20097) to work on /home/victor/Área de Trabalho/airflow/venv/lib/python3.10/site-packages/airflow/example_dags/example_branch_operator_decorator.py
[2024-03-02T09:49:53.124-0300] {processor.py:830} INFO - Processing file /home/victor/Área de Trabalho/airflow/venv/lib/python3.10/site-packages/airflow/example_dags/example_branch_operator_decorator.py for tasks to queue
[2024-03-02T09:49:53.125-0300] {logging_mixin.py:188} INFO - [2024-03-02T09:49:53.125-0300] {dagbag.py:540} INFO - Filling up the DagBag from /home/victor/Área de Trabalho/airflow/venv/lib/python3.10/site-packages/airflow/example_dags/example_branch_operator_decorator.py
[2024-03-02T09:49:53.151-0300] {processor.py:840} INFO - DAG(s) 'example_branch_python_operator_decorator' retrieved from /home/victor/Área de Trabalho/airflow/venv/lib/python3.10/site-packages/airflow/example_dags/example_branch_operator_decorator.py
[2024-03-02T09:49:53.188-0300] {logging_mixin.py:188} INFO - [2024-03-02T09:49:53.188-0300] {dag.py:3047} INFO - Sync 1 DAGs
[2024-03-02T09:49:53.212-0300] {logging_mixin.py:188} INFO - [2024-03-02T09:49:53.211-0300] {dag.py:3834} INFO - Setting next_dagrun for example_branch_python_operator_decorator to 2024-03-01 00:00:00+00:00, run_after=2024-03-02 00:00:00+00:00
[2024-03-02T09:49:53.232-0300] {processor.py:183} INFO - Processing /home/victor/Área de Trabalho/airflow/venv/lib/python3.10/site-packages/airflow/example_dags/example_branch_operator_decorator.py took 0.111 seconds
[2024-03-02T09:50:23.794-0300] {processor.py:161} INFO - Started process (PID=20579) to work on /home/victor/Área de Trabalho/airflow/venv/lib/python3.10/site-packages/airflow/example_dags/example_branch_operator_decorator.py
[2024-03-02T09:50:23.794-0300] {processor.py:830} INFO - Processing file /home/victor/Área de Trabalho/airflow/venv/lib/python3.10/site-packages/airflow/example_dags/example_branch_operator_decorator.py for tasks to queue
[2024-03-02T09:50:23.795-0300] {logging_mixin.py:188} INFO - [2024-03-02T09:50:23.795-0300] {dagbag.py:540} INFO - Filling up the DagBag from /home/victor/Área de Trabalho/airflow/venv/lib/python3.10/site-packages/airflow/example_dags/example_branch_operator_decorator.py
[2024-03-02T09:50:23.816-0300] {processor.py:840} INFO - DAG(s) 'example_branch_python_operator_decorator' retrieved from /home/victor/Área de Trabalho/airflow/venv/lib/python3.10/site-packages/airflow/example_dags/example_branch_operator_decorator.py
[2024-03-02T09:50:23.852-0300] {logging_mixin.py:188} INFO - [2024-03-02T09:50:23.852-0300] {dag.py:3047} INFO - Sync 1 DAGs
[2024-03-02T09:50:23.876-0300] {logging_mixin.py:188} INFO - [2024-03-02T09:50:23.876-0300] {dag.py:3834} INFO - Setting next_dagrun for example_branch_python_operator_decorator to 2024-03-01 00:00:00+00:00, run_after=2024-03-02 00:00:00+00:00
[2024-03-02T09:50:23.897-0300] {processor.py:183} INFO - Processing /home/victor/Área de Trabalho/airflow/venv/lib/python3.10/site-packages/airflow/example_dags/example_branch_operator_decorator.py took 0.106 seconds
[2024-03-02T09:50:55.238-0300] {processor.py:161} INFO - Started process (PID=20936) to work on /home/victor/Área de Trabalho/airflow/venv/lib/python3.10/site-packages/airflow/example_dags/example_branch_operator_decorator.py
[2024-03-02T09:50:55.239-0300] {processor.py:830} INFO - Processing file /home/victor/Área de Trabalho/airflow/venv/lib/python3.10/site-packages/airflow/example_dags/example_branch_operator_decorator.py for tasks to queue
[2024-03-02T09:50:55.239-0300] {logging_mixin.py:188} INFO - [2024-03-02T09:50:55.239-0300] {dagbag.py:540} INFO - Filling up the DagBag from /home/victor/Área de Trabalho/airflow/venv/lib/python3.10/site-packages/airflow/example_dags/example_branch_operator_decorator.py
[2024-03-02T09:50:55.260-0300] {processor.py:840} INFO - DAG(s) 'example_branch_python_operator_decorator' retrieved from /home/victor/Área de Trabalho/airflow/venv/lib/python3.10/site-packages/airflow/example_dags/example_branch_operator_decorator.py
[2024-03-02T09:50:55.293-0300] {logging_mixin.py:188} INFO - [2024-03-02T09:50:55.292-0300] {dag.py:3047} INFO - Sync 1 DAGs
[2024-03-02T09:50:55.316-0300] {logging_mixin.py:188} INFO - [2024-03-02T09:50:55.316-0300] {dag.py:3834} INFO - Setting next_dagrun for example_branch_python_operator_decorator to 2024-03-01 00:00:00+00:00, run_after=2024-03-02 00:00:00+00:00
[2024-03-02T09:50:55.335-0300] {processor.py:183} INFO - Processing /home/victor/Área de Trabalho/airflow/venv/lib/python3.10/site-packages/airflow/example_dags/example_branch_operator_decorator.py took 0.100 seconds
[2024-03-02T09:51:25.922-0300] {processor.py:161} INFO - Started process (PID=21417) to work on /home/victor/Área de Trabalho/airflow/venv/lib/python3.10/site-packages/airflow/example_dags/example_branch_operator_decorator.py
[2024-03-02T09:51:25.923-0300] {processor.py:830} INFO - Processing file /home/victor/Área de Trabalho/airflow/venv/lib/python3.10/site-packages/airflow/example_dags/example_branch_operator_decorator.py for tasks to queue
[2024-03-02T09:51:25.923-0300] {logging_mixin.py:188} INFO - [2024-03-02T09:51:25.923-0300] {dagbag.py:540} INFO - Filling up the DagBag from /home/victor/Área de Trabalho/airflow/venv/lib/python3.10/site-packages/airflow/example_dags/example_branch_operator_decorator.py
[2024-03-02T09:51:25.947-0300] {processor.py:840} INFO - DAG(s) 'example_branch_python_operator_decorator' retrieved from /home/victor/Área de Trabalho/airflow/venv/lib/python3.10/site-packages/airflow/example_dags/example_branch_operator_decorator.py
[2024-03-02T09:51:25.986-0300] {logging_mixin.py:188} INFO - [2024-03-02T09:51:25.986-0300] {dag.py:3047} INFO - Sync 1 DAGs
[2024-03-02T09:51:26.009-0300] {logging_mixin.py:188} INFO - [2024-03-02T09:51:26.008-0300] {dag.py:3834} INFO - Setting next_dagrun for example_branch_python_operator_decorator to 2024-03-01 00:00:00+00:00, run_after=2024-03-02 00:00:00+00:00
[2024-03-02T09:51:26.026-0300] {processor.py:183} INFO - Processing /home/victor/Área de Trabalho/airflow/venv/lib/python3.10/site-packages/airflow/example_dags/example_branch_operator_decorator.py took 0.107 seconds
[2024-03-02T09:51:56.659-0300] {processor.py:161} INFO - Started process (PID=21740) to work on /home/victor/Área de Trabalho/airflow/venv/lib/python3.10/site-packages/airflow/example_dags/example_branch_operator_decorator.py
[2024-03-02T09:51:56.660-0300] {processor.py:830} INFO - Processing file /home/victor/Área de Trabalho/airflow/venv/lib/python3.10/site-packages/airflow/example_dags/example_branch_operator_decorator.py for tasks to queue
[2024-03-02T09:51:56.661-0300] {logging_mixin.py:188} INFO - [2024-03-02T09:51:56.661-0300] {dagbag.py:540} INFO - Filling up the DagBag from /home/victor/Área de Trabalho/airflow/venv/lib/python3.10/site-packages/airflow/example_dags/example_branch_operator_decorator.py
[2024-03-02T09:51:56.681-0300] {processor.py:840} INFO - DAG(s) 'example_branch_python_operator_decorator' retrieved from /home/victor/Área de Trabalho/airflow/venv/lib/python3.10/site-packages/airflow/example_dags/example_branch_operator_decorator.py
[2024-03-02T09:51:56.724-0300] {logging_mixin.py:188} INFO - [2024-03-02T09:51:56.724-0300] {dag.py:3047} INFO - Sync 1 DAGs
[2024-03-02T09:51:56.747-0300] {logging_mixin.py:188} INFO - [2024-03-02T09:51:56.747-0300] {dag.py:3834} INFO - Setting next_dagrun for example_branch_python_operator_decorator to 2024-03-01 00:00:00+00:00, run_after=2024-03-02 00:00:00+00:00
[2024-03-02T09:51:56.770-0300] {processor.py:183} INFO - Processing /home/victor/Área de Trabalho/airflow/venv/lib/python3.10/site-packages/airflow/example_dags/example_branch_operator_decorator.py took 0.113 seconds
[2024-03-02T09:52:27.204-0300] {processor.py:161} INFO - Started process (PID=22383) to work on /home/victor/Área de Trabalho/airflow/venv/lib/python3.10/site-packages/airflow/example_dags/example_branch_operator_decorator.py
[2024-03-02T09:52:27.204-0300] {processor.py:830} INFO - Processing file /home/victor/Área de Trabalho/airflow/venv/lib/python3.10/site-packages/airflow/example_dags/example_branch_operator_decorator.py for tasks to queue
[2024-03-02T09:52:27.206-0300] {logging_mixin.py:188} INFO - [2024-03-02T09:52:27.205-0300] {dagbag.py:540} INFO - Filling up the DagBag from /home/victor/Área de Trabalho/airflow/venv/lib/python3.10/site-packages/airflow/example_dags/example_branch_operator_decorator.py
[2024-03-02T09:52:27.225-0300] {processor.py:840} INFO - DAG(s) 'example_branch_python_operator_decorator' retrieved from /home/victor/Área de Trabalho/airflow/venv/lib/python3.10/site-packages/airflow/example_dags/example_branch_operator_decorator.py
[2024-03-02T09:52:27.260-0300] {logging_mixin.py:188} INFO - [2024-03-02T09:52:27.260-0300] {dag.py:3047} INFO - Sync 1 DAGs
[2024-03-02T09:52:27.281-0300] {logging_mixin.py:188} INFO - [2024-03-02T09:52:27.280-0300] {dag.py:3834} INFO - Setting next_dagrun for example_branch_python_operator_decorator to 2024-03-01 00:00:00+00:00, run_after=2024-03-02 00:00:00+00:00
[2024-03-02T09:52:27.307-0300] {processor.py:183} INFO - Processing /home/victor/Área de Trabalho/airflow/venv/lib/python3.10/site-packages/airflow/example_dags/example_branch_operator_decorator.py took 0.106 seconds
[2024-03-02T09:52:57.850-0300] {processor.py:161} INFO - Started process (PID=22707) to work on /home/victor/Área de Trabalho/airflow/venv/lib/python3.10/site-packages/airflow/example_dags/example_branch_operator_decorator.py
[2024-03-02T09:52:57.851-0300] {processor.py:830} INFO - Processing file /home/victor/Área de Trabalho/airflow/venv/lib/python3.10/site-packages/airflow/example_dags/example_branch_operator_decorator.py for tasks to queue
[2024-03-02T09:52:57.851-0300] {logging_mixin.py:188} INFO - [2024-03-02T09:52:57.851-0300] {dagbag.py:540} INFO - Filling up the DagBag from /home/victor/Área de Trabalho/airflow/venv/lib/python3.10/site-packages/airflow/example_dags/example_branch_operator_decorator.py
[2024-03-02T09:52:57.872-0300] {processor.py:840} INFO - DAG(s) 'example_branch_python_operator_decorator' retrieved from /home/victor/Área de Trabalho/airflow/venv/lib/python3.10/site-packages/airflow/example_dags/example_branch_operator_decorator.py
[2024-03-02T09:52:57.910-0300] {logging_mixin.py:188} INFO - [2024-03-02T09:52:57.909-0300] {dag.py:3047} INFO - Sync 1 DAGs
[2024-03-02T09:52:57.932-0300] {logging_mixin.py:188} INFO - [2024-03-02T09:52:57.932-0300] {dag.py:3834} INFO - Setting next_dagrun for example_branch_python_operator_decorator to 2024-03-01 00:00:00+00:00, run_after=2024-03-02 00:00:00+00:00
[2024-03-02T09:52:57.952-0300] {processor.py:183} INFO - Processing /home/victor/Área de Trabalho/airflow/venv/lib/python3.10/site-packages/airflow/example_dags/example_branch_operator_decorator.py took 0.105 seconds
[2024-03-02T09:53:28.464-0300] {processor.py:161} INFO - Started process (PID=23191) to work on /home/victor/Área de Trabalho/airflow/venv/lib/python3.10/site-packages/airflow/example_dags/example_branch_operator_decorator.py
[2024-03-02T09:53:28.465-0300] {processor.py:830} INFO - Processing file /home/victor/Área de Trabalho/airflow/venv/lib/python3.10/site-packages/airflow/example_dags/example_branch_operator_decorator.py for tasks to queue
[2024-03-02T09:53:28.466-0300] {logging_mixin.py:188} INFO - [2024-03-02T09:53:28.465-0300] {dagbag.py:540} INFO - Filling up the DagBag from /home/victor/Área de Trabalho/airflow/venv/lib/python3.10/site-packages/airflow/example_dags/example_branch_operator_decorator.py
[2024-03-02T09:53:28.487-0300] {processor.py:840} INFO - DAG(s) 'example_branch_python_operator_decorator' retrieved from /home/victor/Área de Trabalho/airflow/venv/lib/python3.10/site-packages/airflow/example_dags/example_branch_operator_decorator.py
[2024-03-02T09:53:28.522-0300] {logging_mixin.py:188} INFO - [2024-03-02T09:53:28.522-0300] {dag.py:3047} INFO - Sync 1 DAGs
[2024-03-02T09:53:28.546-0300] {logging_mixin.py:188} INFO - [2024-03-02T09:53:28.546-0300] {dag.py:3834} INFO - Setting next_dagrun for example_branch_python_operator_decorator to 2024-03-01 00:00:00+00:00, run_after=2024-03-02 00:00:00+00:00
[2024-03-02T09:53:28.565-0300] {processor.py:183} INFO - Processing /home/victor/Área de Trabalho/airflow/venv/lib/python3.10/site-packages/airflow/example_dags/example_branch_operator_decorator.py took 0.105 seconds
[2024-03-02T09:53:58.997-0300] {processor.py:161} INFO - Started process (PID=23572) to work on /home/victor/Área de Trabalho/airflow/venv/lib/python3.10/site-packages/airflow/example_dags/example_branch_operator_decorator.py
[2024-03-02T09:53:58.998-0300] {processor.py:830} INFO - Processing file /home/victor/Área de Trabalho/airflow/venv/lib/python3.10/site-packages/airflow/example_dags/example_branch_operator_decorator.py for tasks to queue
[2024-03-02T09:53:58.998-0300] {logging_mixin.py:188} INFO - [2024-03-02T09:53:58.998-0300] {dagbag.py:540} INFO - Filling up the DagBag from /home/victor/Área de Trabalho/airflow/venv/lib/python3.10/site-packages/airflow/example_dags/example_branch_operator_decorator.py
[2024-03-02T09:53:59.018-0300] {processor.py:840} INFO - DAG(s) 'example_branch_python_operator_decorator' retrieved from /home/victor/Área de Trabalho/airflow/venv/lib/python3.10/site-packages/airflow/example_dags/example_branch_operator_decorator.py
[2024-03-02T09:53:59.051-0300] {logging_mixin.py:188} INFO - [2024-03-02T09:53:59.050-0300] {dag.py:3047} INFO - Sync 1 DAGs
[2024-03-02T09:53:59.074-0300] {logging_mixin.py:188} INFO - [2024-03-02T09:53:59.073-0300] {dag.py:3834} INFO - Setting next_dagrun for example_branch_python_operator_decorator to 2024-03-01 00:00:00+00:00, run_after=2024-03-02 00:00:00+00:00
[2024-03-02T09:53:59.091-0300] {processor.py:183} INFO - Processing /home/victor/Área de Trabalho/airflow/venv/lib/python3.10/site-packages/airflow/example_dags/example_branch_operator_decorator.py took 0.099 seconds
[2024-03-02T09:54:30.075-0300] {processor.py:161} INFO - Started process (PID=24158) to work on /home/victor/Área de Trabalho/airflow/venv/lib/python3.10/site-packages/airflow/example_dags/example_branch_operator_decorator.py
[2024-03-02T09:54:30.075-0300] {processor.py:830} INFO - Processing file /home/victor/Área de Trabalho/airflow/venv/lib/python3.10/site-packages/airflow/example_dags/example_branch_operator_decorator.py for tasks to queue
[2024-03-02T09:54:30.076-0300] {logging_mixin.py:188} INFO - [2024-03-02T09:54:30.076-0300] {dagbag.py:540} INFO - Filling up the DagBag from /home/victor/Área de Trabalho/airflow/venv/lib/python3.10/site-packages/airflow/example_dags/example_branch_operator_decorator.py
[2024-03-02T09:54:30.104-0300] {processor.py:840} INFO - DAG(s) 'example_branch_python_operator_decorator' retrieved from /home/victor/Área de Trabalho/airflow/venv/lib/python3.10/site-packages/airflow/example_dags/example_branch_operator_decorator.py
[2024-03-02T09:54:30.155-0300] {logging_mixin.py:188} INFO - [2024-03-02T09:54:30.155-0300] {dag.py:3047} INFO - Sync 1 DAGs
[2024-03-02T09:54:30.182-0300] {logging_mixin.py:188} INFO - [2024-03-02T09:54:30.181-0300] {dag.py:3834} INFO - Setting next_dagrun for example_branch_python_operator_decorator to 2024-03-01 00:00:00+00:00, run_after=2024-03-02 00:00:00+00:00
[2024-03-02T09:54:30.224-0300] {processor.py:183} INFO - Processing /home/victor/Área de Trabalho/airflow/venv/lib/python3.10/site-packages/airflow/example_dags/example_branch_operator_decorator.py took 0.155 seconds
[2024-03-02T09:55:00.822-0300] {processor.py:161} INFO - Started process (PID=24717) to work on /home/victor/Área de Trabalho/airflow/venv/lib/python3.10/site-packages/airflow/example_dags/example_branch_operator_decorator.py
[2024-03-02T09:55:00.823-0300] {processor.py:830} INFO - Processing file /home/victor/Área de Trabalho/airflow/venv/lib/python3.10/site-packages/airflow/example_dags/example_branch_operator_decorator.py for tasks to queue
[2024-03-02T09:55:00.824-0300] {logging_mixin.py:188} INFO - [2024-03-02T09:55:00.823-0300] {dagbag.py:540} INFO - Filling up the DagBag from /home/victor/Área de Trabalho/airflow/venv/lib/python3.10/site-packages/airflow/example_dags/example_branch_operator_decorator.py
[2024-03-02T09:55:00.843-0300] {processor.py:840} INFO - DAG(s) 'example_branch_python_operator_decorator' retrieved from /home/victor/Área de Trabalho/airflow/venv/lib/python3.10/site-packages/airflow/example_dags/example_branch_operator_decorator.py
[2024-03-02T09:55:00.874-0300] {logging_mixin.py:188} INFO - [2024-03-02T09:55:00.874-0300] {dag.py:3047} INFO - Sync 1 DAGs
[2024-03-02T09:55:00.896-0300] {logging_mixin.py:188} INFO - [2024-03-02T09:55:00.895-0300] {dag.py:3834} INFO - Setting next_dagrun for example_branch_python_operator_decorator to 2024-03-01 00:00:00+00:00, run_after=2024-03-02 00:00:00+00:00
[2024-03-02T09:55:00.916-0300] {processor.py:183} INFO - Processing /home/victor/Área de Trabalho/airflow/venv/lib/python3.10/site-packages/airflow/example_dags/example_branch_operator_decorator.py took 0.097 seconds
[2024-03-02T09:55:31.427-0300] {processor.py:161} INFO - Started process (PID=25185) to work on /home/victor/Área de Trabalho/airflow/venv/lib/python3.10/site-packages/airflow/example_dags/example_branch_operator_decorator.py
[2024-03-02T09:55:31.428-0300] {processor.py:830} INFO - Processing file /home/victor/Área de Trabalho/airflow/venv/lib/python3.10/site-packages/airflow/example_dags/example_branch_operator_decorator.py for tasks to queue
[2024-03-02T09:55:31.428-0300] {logging_mixin.py:188} INFO - [2024-03-02T09:55:31.428-0300] {dagbag.py:540} INFO - Filling up the DagBag from /home/victor/Área de Trabalho/airflow/venv/lib/python3.10/site-packages/airflow/example_dags/example_branch_operator_decorator.py
[2024-03-02T09:55:31.453-0300] {processor.py:840} INFO - DAG(s) 'example_branch_python_operator_decorator' retrieved from /home/victor/Área de Trabalho/airflow/venv/lib/python3.10/site-packages/airflow/example_dags/example_branch_operator_decorator.py
[2024-03-02T09:55:31.487-0300] {logging_mixin.py:188} INFO - [2024-03-02T09:55:31.486-0300] {dag.py:3047} INFO - Sync 1 DAGs
[2024-03-02T09:55:31.508-0300] {logging_mixin.py:188} INFO - [2024-03-02T09:55:31.508-0300] {dag.py:3834} INFO - Setting next_dagrun for example_branch_python_operator_decorator to 2024-03-01 00:00:00+00:00, run_after=2024-03-02 00:00:00+00:00
[2024-03-02T09:55:31.528-0300] {processor.py:183} INFO - Processing /home/victor/Área de Trabalho/airflow/venv/lib/python3.10/site-packages/airflow/example_dags/example_branch_operator_decorator.py took 0.104 seconds
[2024-03-02T09:56:01.708-0300] {processor.py:161} INFO - Started process (PID=25683) to work on /home/victor/Área de Trabalho/airflow/venv/lib/python3.10/site-packages/airflow/example_dags/example_branch_operator_decorator.py
[2024-03-02T09:56:01.709-0300] {processor.py:830} INFO - Processing file /home/victor/Área de Trabalho/airflow/venv/lib/python3.10/site-packages/airflow/example_dags/example_branch_operator_decorator.py for tasks to queue
[2024-03-02T09:56:01.710-0300] {logging_mixin.py:188} INFO - [2024-03-02T09:56:01.710-0300] {dagbag.py:540} INFO - Filling up the DagBag from /home/victor/Área de Trabalho/airflow/venv/lib/python3.10/site-packages/airflow/example_dags/example_branch_operator_decorator.py
[2024-03-02T09:56:01.730-0300] {processor.py:840} INFO - DAG(s) 'example_branch_python_operator_decorator' retrieved from /home/victor/Área de Trabalho/airflow/venv/lib/python3.10/site-packages/airflow/example_dags/example_branch_operator_decorator.py
[2024-03-02T09:56:01.762-0300] {logging_mixin.py:188} INFO - [2024-03-02T09:56:01.761-0300] {dag.py:3047} INFO - Sync 1 DAGs
[2024-03-02T09:56:01.784-0300] {logging_mixin.py:188} INFO - [2024-03-02T09:56:01.784-0300] {dag.py:3834} INFO - Setting next_dagrun for example_branch_python_operator_decorator to 2024-03-01 00:00:00+00:00, run_after=2024-03-02 00:00:00+00:00
[2024-03-02T09:56:01.800-0300] {processor.py:183} INFO - Processing /home/victor/Área de Trabalho/airflow/venv/lib/python3.10/site-packages/airflow/example_dags/example_branch_operator_decorator.py took 0.094 seconds
[2024-03-02T09:56:32.027-0300] {processor.py:161} INFO - Started process (PID=26004) to work on /home/victor/Área de Trabalho/airflow/venv/lib/python3.10/site-packages/airflow/example_dags/example_branch_operator_decorator.py
[2024-03-02T09:56:32.028-0300] {processor.py:830} INFO - Processing file /home/victor/Área de Trabalho/airflow/venv/lib/python3.10/site-packages/airflow/example_dags/example_branch_operator_decorator.py for tasks to queue
[2024-03-02T09:56:32.029-0300] {logging_mixin.py:188} INFO - [2024-03-02T09:56:32.028-0300] {dagbag.py:540} INFO - Filling up the DagBag from /home/victor/Área de Trabalho/airflow/venv/lib/python3.10/site-packages/airflow/example_dags/example_branch_operator_decorator.py
[2024-03-02T09:56:32.050-0300] {processor.py:840} INFO - DAG(s) 'example_branch_python_operator_decorator' retrieved from /home/victor/Área de Trabalho/airflow/venv/lib/python3.10/site-packages/airflow/example_dags/example_branch_operator_decorator.py
[2024-03-02T09:56:32.081-0300] {logging_mixin.py:188} INFO - [2024-03-02T09:56:32.081-0300] {dag.py:3047} INFO - Sync 1 DAGs
[2024-03-02T09:56:32.101-0300] {logging_mixin.py:188} INFO - [2024-03-02T09:56:32.101-0300] {dag.py:3834} INFO - Setting next_dagrun for example_branch_python_operator_decorator to 2024-03-01 00:00:00+00:00, run_after=2024-03-02 00:00:00+00:00
[2024-03-02T09:56:32.119-0300] {processor.py:183} INFO - Processing /home/victor/Área de Trabalho/airflow/venv/lib/python3.10/site-packages/airflow/example_dags/example_branch_operator_decorator.py took 0.095 seconds
[2024-03-02T09:57:02.409-0300] {processor.py:161} INFO - Started process (PID=26486) to work on /home/victor/Área de Trabalho/airflow/venv/lib/python3.10/site-packages/airflow/example_dags/example_branch_operator_decorator.py
[2024-03-02T09:57:02.410-0300] {processor.py:830} INFO - Processing file /home/victor/Área de Trabalho/airflow/venv/lib/python3.10/site-packages/airflow/example_dags/example_branch_operator_decorator.py for tasks to queue
[2024-03-02T09:57:02.411-0300] {logging_mixin.py:188} INFO - [2024-03-02T09:57:02.410-0300] {dagbag.py:540} INFO - Filling up the DagBag from /home/victor/Área de Trabalho/airflow/venv/lib/python3.10/site-packages/airflow/example_dags/example_branch_operator_decorator.py
[2024-03-02T09:57:02.430-0300] {processor.py:840} INFO - DAG(s) 'example_branch_python_operator_decorator' retrieved from /home/victor/Área de Trabalho/airflow/venv/lib/python3.10/site-packages/airflow/example_dags/example_branch_operator_decorator.py
[2024-03-02T09:57:02.462-0300] {logging_mixin.py:188} INFO - [2024-03-02T09:57:02.462-0300] {dag.py:3047} INFO - Sync 1 DAGs
[2024-03-02T09:57:02.485-0300] {logging_mixin.py:188} INFO - [2024-03-02T09:57:02.485-0300] {dag.py:3834} INFO - Setting next_dagrun for example_branch_python_operator_decorator to 2024-03-01 00:00:00+00:00, run_after=2024-03-02 00:00:00+00:00
[2024-03-02T09:57:02.504-0300] {processor.py:183} INFO - Processing /home/victor/Área de Trabalho/airflow/venv/lib/python3.10/site-packages/airflow/example_dags/example_branch_operator_decorator.py took 0.098 seconds
[2024-03-02T09:57:32.985-0300] {processor.py:161} INFO - Started process (PID=26967) to work on /home/victor/Área de Trabalho/airflow/venv/lib/python3.10/site-packages/airflow/example_dags/example_branch_operator_decorator.py
[2024-03-02T09:57:32.986-0300] {processor.py:830} INFO - Processing file /home/victor/Área de Trabalho/airflow/venv/lib/python3.10/site-packages/airflow/example_dags/example_branch_operator_decorator.py for tasks to queue
[2024-03-02T09:57:32.987-0300] {logging_mixin.py:188} INFO - [2024-03-02T09:57:32.986-0300] {dagbag.py:540} INFO - Filling up the DagBag from /home/victor/Área de Trabalho/airflow/venv/lib/python3.10/site-packages/airflow/example_dags/example_branch_operator_decorator.py
[2024-03-02T09:57:33.007-0300] {processor.py:840} INFO - DAG(s) 'example_branch_python_operator_decorator' retrieved from /home/victor/Área de Trabalho/airflow/venv/lib/python3.10/site-packages/airflow/example_dags/example_branch_operator_decorator.py
[2024-03-02T09:57:33.040-0300] {logging_mixin.py:188} INFO - [2024-03-02T09:57:33.039-0300] {dag.py:3047} INFO - Sync 1 DAGs
[2024-03-02T09:57:33.062-0300] {logging_mixin.py:188} INFO - [2024-03-02T09:57:33.062-0300] {dag.py:3834} INFO - Setting next_dagrun for example_branch_python_operator_decorator to 2024-03-01 00:00:00+00:00, run_after=2024-03-02 00:00:00+00:00
[2024-03-02T09:57:33.080-0300] {processor.py:183} INFO - Processing /home/victor/Área de Trabalho/airflow/venv/lib/python3.10/site-packages/airflow/example_dags/example_branch_operator_decorator.py took 0.098 seconds
[2024-03-02T09:58:03.557-0300] {processor.py:161} INFO - Started process (PID=27498) to work on /home/victor/Área de Trabalho/airflow/venv/lib/python3.10/site-packages/airflow/example_dags/example_branch_operator_decorator.py
[2024-03-02T09:58:03.558-0300] {processor.py:830} INFO - Processing file /home/victor/Área de Trabalho/airflow/venv/lib/python3.10/site-packages/airflow/example_dags/example_branch_operator_decorator.py for tasks to queue
[2024-03-02T09:58:03.559-0300] {logging_mixin.py:188} INFO - [2024-03-02T09:58:03.558-0300] {dagbag.py:540} INFO - Filling up the DagBag from /home/victor/Área de Trabalho/airflow/venv/lib/python3.10/site-packages/airflow/example_dags/example_branch_operator_decorator.py
[2024-03-02T09:58:03.577-0300] {processor.py:840} INFO - DAG(s) 'example_branch_python_operator_decorator' retrieved from /home/victor/Área de Trabalho/airflow/venv/lib/python3.10/site-packages/airflow/example_dags/example_branch_operator_decorator.py
[2024-03-02T09:58:03.611-0300] {logging_mixin.py:188} INFO - [2024-03-02T09:58:03.611-0300] {dag.py:3047} INFO - Sync 1 DAGs
[2024-03-02T09:58:03.638-0300] {logging_mixin.py:188} INFO - [2024-03-02T09:58:03.638-0300] {dag.py:3834} INFO - Setting next_dagrun for example_branch_python_operator_decorator to 2024-03-01 00:00:00+00:00, run_after=2024-03-02 00:00:00+00:00
[2024-03-02T09:58:03.659-0300] {processor.py:183} INFO - Processing /home/victor/Área de Trabalho/airflow/venv/lib/python3.10/site-packages/airflow/example_dags/example_branch_operator_decorator.py took 0.105 seconds
[2024-03-02T09:58:34.397-0300] {processor.py:161} INFO - Started process (PID=28871) to work on /home/victor/Área de Trabalho/airflow/venv/lib/python3.10/site-packages/airflow/example_dags/example_branch_operator_decorator.py
[2024-03-02T09:58:34.398-0300] {processor.py:830} INFO - Processing file /home/victor/Área de Trabalho/airflow/venv/lib/python3.10/site-packages/airflow/example_dags/example_branch_operator_decorator.py for tasks to queue
[2024-03-02T09:58:34.399-0300] {logging_mixin.py:188} INFO - [2024-03-02T09:58:34.399-0300] {dagbag.py:540} INFO - Filling up the DagBag from /home/victor/Área de Trabalho/airflow/venv/lib/python3.10/site-packages/airflow/example_dags/example_branch_operator_decorator.py
[2024-03-02T09:58:34.419-0300] {processor.py:840} INFO - DAG(s) 'example_branch_python_operator_decorator' retrieved from /home/victor/Área de Trabalho/airflow/venv/lib/python3.10/site-packages/airflow/example_dags/example_branch_operator_decorator.py
[2024-03-02T09:58:34.452-0300] {logging_mixin.py:188} INFO - [2024-03-02T09:58:34.452-0300] {dag.py:3047} INFO - Sync 1 DAGs
[2024-03-02T09:58:34.480-0300] {logging_mixin.py:188} INFO - [2024-03-02T09:58:34.480-0300] {dag.py:3834} INFO - Setting next_dagrun for example_branch_python_operator_decorator to 2024-03-01 00:00:00+00:00, run_after=2024-03-02 00:00:00+00:00
[2024-03-02T09:58:34.500-0300] {processor.py:183} INFO - Processing /home/victor/Área de Trabalho/airflow/venv/lib/python3.10/site-packages/airflow/example_dags/example_branch_operator_decorator.py took 0.106 seconds
[2024-03-02T09:59:04.971-0300] {processor.py:161} INFO - Started process (PID=29405) to work on /home/victor/Área de Trabalho/airflow/venv/lib/python3.10/site-packages/airflow/example_dags/example_branch_operator_decorator.py
[2024-03-02T09:59:04.972-0300] {processor.py:830} INFO - Processing file /home/victor/Área de Trabalho/airflow/venv/lib/python3.10/site-packages/airflow/example_dags/example_branch_operator_decorator.py for tasks to queue
[2024-03-02T09:59:04.973-0300] {logging_mixin.py:188} INFO - [2024-03-02T09:59:04.972-0300] {dagbag.py:540} INFO - Filling up the DagBag from /home/victor/Área de Trabalho/airflow/venv/lib/python3.10/site-packages/airflow/example_dags/example_branch_operator_decorator.py
[2024-03-02T09:59:04.991-0300] {processor.py:840} INFO - DAG(s) 'example_branch_python_operator_decorator' retrieved from /home/victor/Área de Trabalho/airflow/venv/lib/python3.10/site-packages/airflow/example_dags/example_branch_operator_decorator.py
[2024-03-02T09:59:05.026-0300] {logging_mixin.py:188} INFO - [2024-03-02T09:59:05.025-0300] {dag.py:3047} INFO - Sync 1 DAGs
[2024-03-02T09:59:05.052-0300] {logging_mixin.py:188} INFO - [2024-03-02T09:59:05.052-0300] {dag.py:3834} INFO - Setting next_dagrun for example_branch_python_operator_decorator to 2024-03-01 00:00:00+00:00, run_after=2024-03-02 00:00:00+00:00
[2024-03-02T09:59:05.075-0300] {processor.py:183} INFO - Processing /home/victor/Área de Trabalho/airflow/venv/lib/python3.10/site-packages/airflow/example_dags/example_branch_operator_decorator.py took 0.107 seconds
