[2024-03-02T09:36:57.468-0300] {processor.py:161} INFO - Started process (PID=7785) to work on /home/victor/Área de Trabalho/airflow/venv/lib/python3.10/site-packages/airflow/example_dags/example_time_delta_sensor_async.py
[2024-03-02T09:36:57.469-0300] {processor.py:830} INFO - Processing file /home/victor/Área de Trabalho/airflow/venv/lib/python3.10/site-packages/airflow/example_dags/example_time_delta_sensor_async.py for tasks to queue
[2024-03-02T09:36:57.470-0300] {logging_mixin.py:188} INFO - [2024-03-02T09:36:57.469-0300] {dagbag.py:540} INFO - Filling up the DagBag from /home/victor/Área de Trabalho/airflow/venv/lib/python3.10/site-packages/airflow/example_dags/example_time_delta_sensor_async.py
[2024-03-02T09:36:57.493-0300] {processor.py:840} INFO - DAG(s) 'example_time_delta_sensor_async' retrieved from /home/victor/Área de Trabalho/airflow/venv/lib/python3.10/site-packages/airflow/example_dags/example_time_delta_sensor_async.py
[2024-03-02T09:36:57.510-0300] {logging_mixin.py:188} INFO - [2024-03-02T09:36:57.510-0300] {dag.py:3047} INFO - Sync 1 DAGs
[2024-03-02T09:36:57.527-0300] {logging_mixin.py:188} INFO - [2024-03-02T09:36:57.526-0300] {dag.py:3834} INFO - Setting next_dagrun for example_time_delta_sensor_async to None, run_after=None
[2024-03-02T09:36:57.549-0300] {processor.py:183} INFO - Processing /home/victor/Área de Trabalho/airflow/venv/lib/python3.10/site-packages/airflow/example_dags/example_time_delta_sensor_async.py took 0.084 seconds
[2024-03-02T09:37:28.195-0300] {processor.py:161} INFO - Started process (PID=9212) to work on /home/victor/Área de Trabalho/airflow/venv/lib/python3.10/site-packages/airflow/example_dags/example_time_delta_sensor_async.py
[2024-03-02T09:37:28.196-0300] {processor.py:830} INFO - Processing file /home/victor/Área de Trabalho/airflow/venv/lib/python3.10/site-packages/airflow/example_dags/example_time_delta_sensor_async.py for tasks to queue
[2024-03-02T09:37:28.197-0300] {logging_mixin.py:188} INFO - [2024-03-02T09:37:28.196-0300] {dagbag.py:540} INFO - Filling up the DagBag from /home/victor/Área de Trabalho/airflow/venv/lib/python3.10/site-packages/airflow/example_dags/example_time_delta_sensor_async.py
[2024-03-02T09:37:28.200-0300] {processor.py:840} INFO - DAG(s) 'example_time_delta_sensor_async' retrieved from /home/victor/Área de Trabalho/airflow/venv/lib/python3.10/site-packages/airflow/example_dags/example_time_delta_sensor_async.py
[2024-03-02T09:37:28.305-0300] {logging_mixin.py:188} INFO - [2024-03-02T09:37:28.305-0300] {dag.py:3047} INFO - Sync 1 DAGs
[2024-03-02T09:37:28.315-0300] {logging_mixin.py:188} INFO - [2024-03-02T09:37:28.315-0300] {dag.py:3834} INFO - Setting next_dagrun for example_time_delta_sensor_async to None, run_after=None
[2024-03-02T09:37:28.333-0300] {processor.py:183} INFO - Processing /home/victor/Área de Trabalho/airflow/venv/lib/python3.10/site-packages/airflow/example_dags/example_time_delta_sensor_async.py took 0.141 seconds
[2024-03-02T09:37:59.284-0300] {processor.py:161} INFO - Started process (PID=9877) to work on /home/victor/Área de Trabalho/airflow/venv/lib/python3.10/site-packages/airflow/example_dags/example_time_delta_sensor_async.py
[2024-03-02T09:37:59.285-0300] {processor.py:830} INFO - Processing file /home/victor/Área de Trabalho/airflow/venv/lib/python3.10/site-packages/airflow/example_dags/example_time_delta_sensor_async.py for tasks to queue
[2024-03-02T09:37:59.286-0300] {logging_mixin.py:188} INFO - [2024-03-02T09:37:59.286-0300] {dagbag.py:540} INFO - Filling up the DagBag from /home/victor/Área de Trabalho/airflow/venv/lib/python3.10/site-packages/airflow/example_dags/example_time_delta_sensor_async.py
[2024-03-02T09:37:59.290-0300] {processor.py:840} INFO - DAG(s) 'example_time_delta_sensor_async' retrieved from /home/victor/Área de Trabalho/airflow/venv/lib/python3.10/site-packages/airflow/example_dags/example_time_delta_sensor_async.py
[2024-03-02T09:37:59.316-0300] {logging_mixin.py:188} INFO - [2024-03-02T09:37:59.315-0300] {dag.py:3047} INFO - Sync 1 DAGs
[2024-03-02T09:37:59.327-0300] {logging_mixin.py:188} INFO - [2024-03-02T09:37:59.326-0300] {dag.py:3834} INFO - Setting next_dagrun for example_time_delta_sensor_async to None, run_after=None
[2024-03-02T09:37:59.346-0300] {processor.py:183} INFO - Processing /home/victor/Área de Trabalho/airflow/venv/lib/python3.10/site-packages/airflow/example_dags/example_time_delta_sensor_async.py took 0.065 seconds
[2024-03-02T09:38:30.611-0300] {processor.py:161} INFO - Started process (PID=10191) to work on /home/victor/Área de Trabalho/airflow/venv/lib/python3.10/site-packages/airflow/example_dags/example_time_delta_sensor_async.py
[2024-03-02T09:38:30.612-0300] {processor.py:830} INFO - Processing file /home/victor/Área de Trabalho/airflow/venv/lib/python3.10/site-packages/airflow/example_dags/example_time_delta_sensor_async.py for tasks to queue
[2024-03-02T09:38:30.613-0300] {logging_mixin.py:188} INFO - [2024-03-02T09:38:30.612-0300] {dagbag.py:540} INFO - Filling up the DagBag from /home/victor/Área de Trabalho/airflow/venv/lib/python3.10/site-packages/airflow/example_dags/example_time_delta_sensor_async.py
[2024-03-02T09:38:30.617-0300] {processor.py:840} INFO - DAG(s) 'example_time_delta_sensor_async' retrieved from /home/victor/Área de Trabalho/airflow/venv/lib/python3.10/site-packages/airflow/example_dags/example_time_delta_sensor_async.py
[2024-03-02T09:38:30.641-0300] {logging_mixin.py:188} INFO - [2024-03-02T09:38:30.641-0300] {dag.py:3047} INFO - Sync 1 DAGs
[2024-03-02T09:38:30.652-0300] {logging_mixin.py:188} INFO - [2024-03-02T09:38:30.652-0300] {dag.py:3834} INFO - Setting next_dagrun for example_time_delta_sensor_async to None, run_after=None
[2024-03-02T09:38:30.670-0300] {processor.py:183} INFO - Processing /home/victor/Área de Trabalho/airflow/venv/lib/python3.10/site-packages/airflow/example_dags/example_time_delta_sensor_async.py took 0.062 seconds
[2024-03-02T09:39:02.101-0300] {processor.py:161} INFO - Started process (PID=10717) to work on /home/victor/Área de Trabalho/airflow/venv/lib/python3.10/site-packages/airflow/example_dags/example_time_delta_sensor_async.py
[2024-03-02T09:39:02.102-0300] {processor.py:830} INFO - Processing file /home/victor/Área de Trabalho/airflow/venv/lib/python3.10/site-packages/airflow/example_dags/example_time_delta_sensor_async.py for tasks to queue
[2024-03-02T09:39:02.103-0300] {logging_mixin.py:188} INFO - [2024-03-02T09:39:02.103-0300] {dagbag.py:540} INFO - Filling up the DagBag from /home/victor/Área de Trabalho/airflow/venv/lib/python3.10/site-packages/airflow/example_dags/example_time_delta_sensor_async.py
[2024-03-02T09:39:02.107-0300] {processor.py:840} INFO - DAG(s) 'example_time_delta_sensor_async' retrieved from /home/victor/Área de Trabalho/airflow/venv/lib/python3.10/site-packages/airflow/example_dags/example_time_delta_sensor_async.py
[2024-03-02T09:39:02.134-0300] {logging_mixin.py:188} INFO - [2024-03-02T09:39:02.134-0300] {dag.py:3047} INFO - Sync 1 DAGs
[2024-03-02T09:39:02.147-0300] {logging_mixin.py:188} INFO - [2024-03-02T09:39:02.147-0300] {dag.py:3834} INFO - Setting next_dagrun for example_time_delta_sensor_async to None, run_after=None
[2024-03-02T09:39:02.167-0300] {processor.py:183} INFO - Processing /home/victor/Área de Trabalho/airflow/venv/lib/python3.10/site-packages/airflow/example_dags/example_time_delta_sensor_async.py took 0.068 seconds
[2024-03-02T09:39:33.366-0300] {processor.py:161} INFO - Started process (PID=11348) to work on /home/victor/Área de Trabalho/airflow/venv/lib/python3.10/site-packages/airflow/example_dags/example_time_delta_sensor_async.py
[2024-03-02T09:39:33.367-0300] {processor.py:830} INFO - Processing file /home/victor/Área de Trabalho/airflow/venv/lib/python3.10/site-packages/airflow/example_dags/example_time_delta_sensor_async.py for tasks to queue
[2024-03-02T09:39:33.368-0300] {logging_mixin.py:188} INFO - [2024-03-02T09:39:33.367-0300] {dagbag.py:540} INFO - Filling up the DagBag from /home/victor/Área de Trabalho/airflow/venv/lib/python3.10/site-packages/airflow/example_dags/example_time_delta_sensor_async.py
[2024-03-02T09:39:33.371-0300] {processor.py:840} INFO - DAG(s) 'example_time_delta_sensor_async' retrieved from /home/victor/Área de Trabalho/airflow/venv/lib/python3.10/site-packages/airflow/example_dags/example_time_delta_sensor_async.py
[2024-03-02T09:39:33.395-0300] {logging_mixin.py:188} INFO - [2024-03-02T09:39:33.395-0300] {dag.py:3047} INFO - Sync 1 DAGs
[2024-03-02T09:39:33.406-0300] {logging_mixin.py:188} INFO - [2024-03-02T09:39:33.405-0300] {dag.py:3834} INFO - Setting next_dagrun for example_time_delta_sensor_async to None, run_after=None
[2024-03-02T09:39:33.424-0300] {processor.py:183} INFO - Processing /home/victor/Área de Trabalho/airflow/venv/lib/python3.10/site-packages/airflow/example_dags/example_time_delta_sensor_async.py took 0.061 seconds
[2024-03-02T09:40:04.690-0300] {processor.py:161} INFO - Started process (PID=11824) to work on /home/victor/Área de Trabalho/airflow/venv/lib/python3.10/site-packages/airflow/example_dags/example_time_delta_sensor_async.py
[2024-03-02T09:40:04.691-0300] {processor.py:830} INFO - Processing file /home/victor/Área de Trabalho/airflow/venv/lib/python3.10/site-packages/airflow/example_dags/example_time_delta_sensor_async.py for tasks to queue
[2024-03-02T09:40:04.692-0300] {logging_mixin.py:188} INFO - [2024-03-02T09:40:04.692-0300] {dagbag.py:540} INFO - Filling up the DagBag from /home/victor/Área de Trabalho/airflow/venv/lib/python3.10/site-packages/airflow/example_dags/example_time_delta_sensor_async.py
[2024-03-02T09:40:04.695-0300] {processor.py:840} INFO - DAG(s) 'example_time_delta_sensor_async' retrieved from /home/victor/Área de Trabalho/airflow/venv/lib/python3.10/site-packages/airflow/example_dags/example_time_delta_sensor_async.py
[2024-03-02T09:40:04.720-0300] {logging_mixin.py:188} INFO - [2024-03-02T09:40:04.719-0300] {dag.py:3047} INFO - Sync 1 DAGs
[2024-03-02T09:40:04.730-0300] {logging_mixin.py:188} INFO - [2024-03-02T09:40:04.730-0300] {dag.py:3834} INFO - Setting next_dagrun for example_time_delta_sensor_async to None, run_after=None
[2024-03-02T09:40:04.747-0300] {processor.py:183} INFO - Processing /home/victor/Área de Trabalho/airflow/venv/lib/python3.10/site-packages/airflow/example_dags/example_time_delta_sensor_async.py took 0.060 seconds
[2024-03-02T09:40:35.918-0300] {processor.py:161} INFO - Started process (PID=12201) to work on /home/victor/Área de Trabalho/airflow/venv/lib/python3.10/site-packages/airflow/example_dags/example_time_delta_sensor_async.py
[2024-03-02T09:40:35.918-0300] {processor.py:830} INFO - Processing file /home/victor/Área de Trabalho/airflow/venv/lib/python3.10/site-packages/airflow/example_dags/example_time_delta_sensor_async.py for tasks to queue
[2024-03-02T09:40:35.919-0300] {logging_mixin.py:188} INFO - [2024-03-02T09:40:35.919-0300] {dagbag.py:540} INFO - Filling up the DagBag from /home/victor/Área de Trabalho/airflow/venv/lib/python3.10/site-packages/airflow/example_dags/example_time_delta_sensor_async.py
[2024-03-02T09:40:35.925-0300] {processor.py:840} INFO - DAG(s) 'example_time_delta_sensor_async' retrieved from /home/victor/Área de Trabalho/airflow/venv/lib/python3.10/site-packages/airflow/example_dags/example_time_delta_sensor_async.py
[2024-03-02T09:40:35.950-0300] {logging_mixin.py:188} INFO - [2024-03-02T09:40:35.950-0300] {dag.py:3047} INFO - Sync 1 DAGs
[2024-03-02T09:40:35.962-0300] {logging_mixin.py:188} INFO - [2024-03-02T09:40:35.962-0300] {dag.py:3834} INFO - Setting next_dagrun for example_time_delta_sensor_async to None, run_after=None
[2024-03-02T09:40:35.986-0300] {processor.py:183} INFO - Processing /home/victor/Área de Trabalho/airflow/venv/lib/python3.10/site-packages/airflow/example_dags/example_time_delta_sensor_async.py took 0.071 seconds
[2024-03-02T09:41:06.554-0300] {processor.py:161} INFO - Started process (PID=12676) to work on /home/victor/Área de Trabalho/airflow/venv/lib/python3.10/site-packages/airflow/example_dags/example_time_delta_sensor_async.py
[2024-03-02T09:41:06.555-0300] {processor.py:830} INFO - Processing file /home/victor/Área de Trabalho/airflow/venv/lib/python3.10/site-packages/airflow/example_dags/example_time_delta_sensor_async.py for tasks to queue
[2024-03-02T09:41:06.555-0300] {logging_mixin.py:188} INFO - [2024-03-02T09:41:06.555-0300] {dagbag.py:540} INFO - Filling up the DagBag from /home/victor/Área de Trabalho/airflow/venv/lib/python3.10/site-packages/airflow/example_dags/example_time_delta_sensor_async.py
[2024-03-02T09:41:06.560-0300] {processor.py:840} INFO - DAG(s) 'example_time_delta_sensor_async' retrieved from /home/victor/Área de Trabalho/airflow/venv/lib/python3.10/site-packages/airflow/example_dags/example_time_delta_sensor_async.py
[2024-03-02T09:41:06.595-0300] {logging_mixin.py:188} INFO - [2024-03-02T09:41:06.594-0300] {dag.py:3047} INFO - Sync 1 DAGs
[2024-03-02T09:41:06.609-0300] {logging_mixin.py:188} INFO - [2024-03-02T09:41:06.609-0300] {dag.py:3834} INFO - Setting next_dagrun for example_time_delta_sensor_async to None, run_after=None
[2024-03-02T09:41:06.632-0300] {processor.py:183} INFO - Processing /home/victor/Área de Trabalho/airflow/venv/lib/python3.10/site-packages/airflow/example_dags/example_time_delta_sensor_async.py took 0.082 seconds
[2024-03-02T09:41:37.602-0300] {processor.py:161} INFO - Started process (PID=12992) to work on /home/victor/Área de Trabalho/airflow/venv/lib/python3.10/site-packages/airflow/example_dags/example_time_delta_sensor_async.py
[2024-03-02T09:41:37.603-0300] {processor.py:830} INFO - Processing file /home/victor/Área de Trabalho/airflow/venv/lib/python3.10/site-packages/airflow/example_dags/example_time_delta_sensor_async.py for tasks to queue
[2024-03-02T09:41:37.604-0300] {logging_mixin.py:188} INFO - [2024-03-02T09:41:37.604-0300] {dagbag.py:540} INFO - Filling up the DagBag from /home/victor/Área de Trabalho/airflow/venv/lib/python3.10/site-packages/airflow/example_dags/example_time_delta_sensor_async.py
[2024-03-02T09:41:37.608-0300] {processor.py:840} INFO - DAG(s) 'example_time_delta_sensor_async' retrieved from /home/victor/Área de Trabalho/airflow/venv/lib/python3.10/site-packages/airflow/example_dags/example_time_delta_sensor_async.py
[2024-03-02T09:41:37.639-0300] {logging_mixin.py:188} INFO - [2024-03-02T09:41:37.638-0300] {dag.py:3047} INFO - Sync 1 DAGs
[2024-03-02T09:41:37.652-0300] {logging_mixin.py:188} INFO - [2024-03-02T09:41:37.652-0300] {dag.py:3834} INFO - Setting next_dagrun for example_time_delta_sensor_async to None, run_after=None
[2024-03-02T09:41:37.676-0300] {processor.py:183} INFO - Processing /home/victor/Área de Trabalho/airflow/venv/lib/python3.10/site-packages/airflow/example_dags/example_time_delta_sensor_async.py took 0.077 seconds
[2024-03-02T09:42:08.082-0300] {processor.py:161} INFO - Started process (PID=13621) to work on /home/victor/Área de Trabalho/airflow/venv/lib/python3.10/site-packages/airflow/example_dags/example_time_delta_sensor_async.py
[2024-03-02T09:42:08.083-0300] {processor.py:830} INFO - Processing file /home/victor/Área de Trabalho/airflow/venv/lib/python3.10/site-packages/airflow/example_dags/example_time_delta_sensor_async.py for tasks to queue
[2024-03-02T09:42:08.084-0300] {logging_mixin.py:188} INFO - [2024-03-02T09:42:08.084-0300] {dagbag.py:540} INFO - Filling up the DagBag from /home/victor/Área de Trabalho/airflow/venv/lib/python3.10/site-packages/airflow/example_dags/example_time_delta_sensor_async.py
[2024-03-02T09:42:08.087-0300] {processor.py:840} INFO - DAG(s) 'example_time_delta_sensor_async' retrieved from /home/victor/Área de Trabalho/airflow/venv/lib/python3.10/site-packages/airflow/example_dags/example_time_delta_sensor_async.py
[2024-03-02T09:42:08.114-0300] {logging_mixin.py:188} INFO - [2024-03-02T09:42:08.113-0300] {dag.py:3047} INFO - Sync 1 DAGs
[2024-03-02T09:42:08.125-0300] {logging_mixin.py:188} INFO - [2024-03-02T09:42:08.124-0300] {dag.py:3834} INFO - Setting next_dagrun for example_time_delta_sensor_async to None, run_after=None
[2024-03-02T09:42:08.149-0300] {processor.py:183} INFO - Processing /home/victor/Área de Trabalho/airflow/venv/lib/python3.10/site-packages/airflow/example_dags/example_time_delta_sensor_async.py took 0.070 seconds
[2024-03-02T09:42:38.551-0300] {processor.py:161} INFO - Started process (PID=13931) to work on /home/victor/Área de Trabalho/airflow/venv/lib/python3.10/site-packages/airflow/example_dags/example_time_delta_sensor_async.py
[2024-03-02T09:42:38.552-0300] {processor.py:830} INFO - Processing file /home/victor/Área de Trabalho/airflow/venv/lib/python3.10/site-packages/airflow/example_dags/example_time_delta_sensor_async.py for tasks to queue
[2024-03-02T09:42:38.552-0300] {logging_mixin.py:188} INFO - [2024-03-02T09:42:38.552-0300] {dagbag.py:540} INFO - Filling up the DagBag from /home/victor/Área de Trabalho/airflow/venv/lib/python3.10/site-packages/airflow/example_dags/example_time_delta_sensor_async.py
[2024-03-02T09:42:38.559-0300] {processor.py:840} INFO - DAG(s) 'example_time_delta_sensor_async' retrieved from /home/victor/Área de Trabalho/airflow/venv/lib/python3.10/site-packages/airflow/example_dags/example_time_delta_sensor_async.py
[2024-03-02T09:42:38.586-0300] {logging_mixin.py:188} INFO - [2024-03-02T09:42:38.586-0300] {dag.py:3047} INFO - Sync 1 DAGs
[2024-03-02T09:42:38.599-0300] {logging_mixin.py:188} INFO - [2024-03-02T09:42:38.598-0300] {dag.py:3834} INFO - Setting next_dagrun for example_time_delta_sensor_async to None, run_after=None
[2024-03-02T09:42:38.619-0300] {processor.py:183} INFO - Processing /home/victor/Área de Trabalho/airflow/venv/lib/python3.10/site-packages/airflow/example_dags/example_time_delta_sensor_async.py took 0.070 seconds
[2024-03-02T09:43:08.762-0300] {processor.py:161} INFO - Started process (PID=14406) to work on /home/victor/Área de Trabalho/airflow/venv/lib/python3.10/site-packages/airflow/example_dags/example_time_delta_sensor_async.py
[2024-03-02T09:43:08.763-0300] {processor.py:830} INFO - Processing file /home/victor/Área de Trabalho/airflow/venv/lib/python3.10/site-packages/airflow/example_dags/example_time_delta_sensor_async.py for tasks to queue
[2024-03-02T09:43:08.764-0300] {logging_mixin.py:188} INFO - [2024-03-02T09:43:08.763-0300] {dagbag.py:540} INFO - Filling up the DagBag from /home/victor/Área de Trabalho/airflow/venv/lib/python3.10/site-packages/airflow/example_dags/example_time_delta_sensor_async.py
[2024-03-02T09:43:08.767-0300] {processor.py:840} INFO - DAG(s) 'example_time_delta_sensor_async' retrieved from /home/victor/Área de Trabalho/airflow/venv/lib/python3.10/site-packages/airflow/example_dags/example_time_delta_sensor_async.py
[2024-03-02T09:43:08.794-0300] {logging_mixin.py:188} INFO - [2024-03-02T09:43:08.794-0300] {dag.py:3047} INFO - Sync 1 DAGs
[2024-03-02T09:43:08.804-0300] {logging_mixin.py:188} INFO - [2024-03-02T09:43:08.804-0300] {dag.py:3834} INFO - Setting next_dagrun for example_time_delta_sensor_async to None, run_after=None
[2024-03-02T09:43:08.822-0300] {processor.py:183} INFO - Processing /home/victor/Área de Trabalho/airflow/venv/lib/python3.10/site-packages/airflow/example_dags/example_time_delta_sensor_async.py took 0.062 seconds
[2024-03-02T09:43:39.786-0300] {processor.py:161} INFO - Started process (PID=14729) to work on /home/victor/Área de Trabalho/airflow/venv/lib/python3.10/site-packages/airflow/example_dags/example_time_delta_sensor_async.py
[2024-03-02T09:43:39.788-0300] {processor.py:830} INFO - Processing file /home/victor/Área de Trabalho/airflow/venv/lib/python3.10/site-packages/airflow/example_dags/example_time_delta_sensor_async.py for tasks to queue
[2024-03-02T09:43:39.788-0300] {logging_mixin.py:188} INFO - [2024-03-02T09:43:39.788-0300] {dagbag.py:540} INFO - Filling up the DagBag from /home/victor/Área de Trabalho/airflow/venv/lib/python3.10/site-packages/airflow/example_dags/example_time_delta_sensor_async.py
[2024-03-02T09:43:39.792-0300] {processor.py:840} INFO - DAG(s) 'example_time_delta_sensor_async' retrieved from /home/victor/Área de Trabalho/airflow/venv/lib/python3.10/site-packages/airflow/example_dags/example_time_delta_sensor_async.py
[2024-03-02T09:43:39.820-0300] {logging_mixin.py:188} INFO - [2024-03-02T09:43:39.820-0300] {dag.py:3047} INFO - Sync 1 DAGs
[2024-03-02T09:43:39.831-0300] {logging_mixin.py:188} INFO - [2024-03-02T09:43:39.831-0300] {dag.py:3834} INFO - Setting next_dagrun for example_time_delta_sensor_async to None, run_after=None
[2024-03-02T09:43:39.853-0300] {processor.py:183} INFO - Processing /home/victor/Área de Trabalho/airflow/venv/lib/python3.10/site-packages/airflow/example_dags/example_time_delta_sensor_async.py took 0.069 seconds
[2024-03-02T09:44:10.196-0300] {processor.py:161} INFO - Started process (PID=15211) to work on /home/victor/Área de Trabalho/airflow/venv/lib/python3.10/site-packages/airflow/example_dags/example_time_delta_sensor_async.py
[2024-03-02T09:44:10.197-0300] {processor.py:830} INFO - Processing file /home/victor/Área de Trabalho/airflow/venv/lib/python3.10/site-packages/airflow/example_dags/example_time_delta_sensor_async.py for tasks to queue
[2024-03-02T09:44:10.198-0300] {logging_mixin.py:188} INFO - [2024-03-02T09:44:10.197-0300] {dagbag.py:540} INFO - Filling up the DagBag from /home/victor/Área de Trabalho/airflow/venv/lib/python3.10/site-packages/airflow/example_dags/example_time_delta_sensor_async.py
[2024-03-02T09:44:10.201-0300] {processor.py:840} INFO - DAG(s) 'example_time_delta_sensor_async' retrieved from /home/victor/Área de Trabalho/airflow/venv/lib/python3.10/site-packages/airflow/example_dags/example_time_delta_sensor_async.py
[2024-03-02T09:44:10.229-0300] {logging_mixin.py:188} INFO - [2024-03-02T09:44:10.229-0300] {dag.py:3047} INFO - Sync 1 DAGs
[2024-03-02T09:44:10.241-0300] {logging_mixin.py:188} INFO - [2024-03-02T09:44:10.241-0300] {dag.py:3834} INFO - Setting next_dagrun for example_time_delta_sensor_async to None, run_after=None
[2024-03-02T09:44:10.263-0300] {processor.py:183} INFO - Processing /home/victor/Área de Trabalho/airflow/venv/lib/python3.10/site-packages/airflow/example_dags/example_time_delta_sensor_async.py took 0.070 seconds
[2024-03-02T09:44:40.769-0300] {processor.py:161} INFO - Started process (PID=15534) to work on /home/victor/Área de Trabalho/airflow/venv/lib/python3.10/site-packages/airflow/example_dags/example_time_delta_sensor_async.py
[2024-03-02T09:44:40.770-0300] {processor.py:830} INFO - Processing file /home/victor/Área de Trabalho/airflow/venv/lib/python3.10/site-packages/airflow/example_dags/example_time_delta_sensor_async.py for tasks to queue
[2024-03-02T09:44:40.771-0300] {logging_mixin.py:188} INFO - [2024-03-02T09:44:40.771-0300] {dagbag.py:540} INFO - Filling up the DagBag from /home/victor/Área de Trabalho/airflow/venv/lib/python3.10/site-packages/airflow/example_dags/example_time_delta_sensor_async.py
[2024-03-02T09:44:40.775-0300] {processor.py:840} INFO - DAG(s) 'example_time_delta_sensor_async' retrieved from /home/victor/Área de Trabalho/airflow/venv/lib/python3.10/site-packages/airflow/example_dags/example_time_delta_sensor_async.py
[2024-03-02T09:44:40.809-0300] {logging_mixin.py:188} INFO - [2024-03-02T09:44:40.808-0300] {dag.py:3047} INFO - Sync 1 DAGs
[2024-03-02T09:44:40.826-0300] {logging_mixin.py:188} INFO - [2024-03-02T09:44:40.825-0300] {dag.py:3834} INFO - Setting next_dagrun for example_time_delta_sensor_async to None, run_after=None
[2024-03-02T09:44:40.850-0300] {processor.py:183} INFO - Processing /home/victor/Área de Trabalho/airflow/venv/lib/python3.10/site-packages/airflow/example_dags/example_time_delta_sensor_async.py took 0.084 seconds
[2024-03-02T09:45:11.493-0300] {processor.py:161} INFO - Started process (PID=16019) to work on /home/victor/Área de Trabalho/airflow/venv/lib/python3.10/site-packages/airflow/example_dags/example_time_delta_sensor_async.py
[2024-03-02T09:45:11.495-0300] {processor.py:830} INFO - Processing file /home/victor/Área de Trabalho/airflow/venv/lib/python3.10/site-packages/airflow/example_dags/example_time_delta_sensor_async.py for tasks to queue
[2024-03-02T09:45:11.496-0300] {logging_mixin.py:188} INFO - [2024-03-02T09:45:11.495-0300] {dagbag.py:540} INFO - Filling up the DagBag from /home/victor/Área de Trabalho/airflow/venv/lib/python3.10/site-packages/airflow/example_dags/example_time_delta_sensor_async.py
[2024-03-02T09:45:11.501-0300] {processor.py:840} INFO - DAG(s) 'example_time_delta_sensor_async' retrieved from /home/victor/Área de Trabalho/airflow/venv/lib/python3.10/site-packages/airflow/example_dags/example_time_delta_sensor_async.py
[2024-03-02T09:45:11.536-0300] {logging_mixin.py:188} INFO - [2024-03-02T09:45:11.535-0300] {dag.py:3047} INFO - Sync 1 DAGs
[2024-03-02T09:45:11.552-0300] {logging_mixin.py:188} INFO - [2024-03-02T09:45:11.552-0300] {dag.py:3834} INFO - Setting next_dagrun for example_time_delta_sensor_async to None, run_after=None
[2024-03-02T09:45:11.575-0300] {processor.py:183} INFO - Processing /home/victor/Área de Trabalho/airflow/venv/lib/python3.10/site-packages/airflow/example_dags/example_time_delta_sensor_async.py took 0.087 seconds
[2024-03-02T09:45:41.814-0300] {processor.py:161} INFO - Started process (PID=16526) to work on /home/victor/Área de Trabalho/airflow/venv/lib/python3.10/site-packages/airflow/example_dags/example_time_delta_sensor_async.py
[2024-03-02T09:45:41.815-0300] {processor.py:830} INFO - Processing file /home/victor/Área de Trabalho/airflow/venv/lib/python3.10/site-packages/airflow/example_dags/example_time_delta_sensor_async.py for tasks to queue
[2024-03-02T09:45:41.816-0300] {logging_mixin.py:188} INFO - [2024-03-02T09:45:41.816-0300] {dagbag.py:540} INFO - Filling up the DagBag from /home/victor/Área de Trabalho/airflow/venv/lib/python3.10/site-packages/airflow/example_dags/example_time_delta_sensor_async.py
[2024-03-02T09:45:41.821-0300] {processor.py:840} INFO - DAG(s) 'example_time_delta_sensor_async' retrieved from /home/victor/Área de Trabalho/airflow/venv/lib/python3.10/site-packages/airflow/example_dags/example_time_delta_sensor_async.py
[2024-03-02T09:45:41.849-0300] {logging_mixin.py:188} INFO - [2024-03-02T09:45:41.848-0300] {dag.py:3047} INFO - Sync 1 DAGs
[2024-03-02T09:45:41.862-0300] {logging_mixin.py:188} INFO - [2024-03-02T09:45:41.862-0300] {dag.py:3834} INFO - Setting next_dagrun for example_time_delta_sensor_async to None, run_after=None
[2024-03-02T09:45:41.880-0300] {processor.py:183} INFO - Processing /home/victor/Área de Trabalho/airflow/venv/lib/python3.10/site-packages/airflow/example_dags/example_time_delta_sensor_async.py took 0.069 seconds
[2024-03-02T09:46:12.227-0300] {processor.py:161} INFO - Started process (PID=17010) to work on /home/victor/Área de Trabalho/airflow/venv/lib/python3.10/site-packages/airflow/example_dags/example_time_delta_sensor_async.py
[2024-03-02T09:46:12.227-0300] {processor.py:830} INFO - Processing file /home/victor/Área de Trabalho/airflow/venv/lib/python3.10/site-packages/airflow/example_dags/example_time_delta_sensor_async.py for tasks to queue
[2024-03-02T09:46:12.229-0300] {logging_mixin.py:188} INFO - [2024-03-02T09:46:12.229-0300] {dagbag.py:540} INFO - Filling up the DagBag from /home/victor/Área de Trabalho/airflow/venv/lib/python3.10/site-packages/airflow/example_dags/example_time_delta_sensor_async.py
[2024-03-02T09:46:12.236-0300] {processor.py:840} INFO - DAG(s) 'example_time_delta_sensor_async' retrieved from /home/victor/Área de Trabalho/airflow/venv/lib/python3.10/site-packages/airflow/example_dags/example_time_delta_sensor_async.py
[2024-03-02T09:46:12.264-0300] {logging_mixin.py:188} INFO - [2024-03-02T09:46:12.264-0300] {dag.py:3047} INFO - Sync 1 DAGs
[2024-03-02T09:46:12.277-0300] {logging_mixin.py:188} INFO - [2024-03-02T09:46:12.277-0300] {dag.py:3834} INFO - Setting next_dagrun for example_time_delta_sensor_async to None, run_after=None
[2024-03-02T09:46:12.296-0300] {processor.py:183} INFO - Processing /home/victor/Área de Trabalho/airflow/venv/lib/python3.10/site-packages/airflow/example_dags/example_time_delta_sensor_async.py took 0.072 seconds
[2024-03-02T09:46:43.062-0300] {processor.py:161} INFO - Started process (PID=17332) to work on /home/victor/Área de Trabalho/airflow/venv/lib/python3.10/site-packages/airflow/example_dags/example_time_delta_sensor_async.py
[2024-03-02T09:46:43.064-0300] {processor.py:830} INFO - Processing file /home/victor/Área de Trabalho/airflow/venv/lib/python3.10/site-packages/airflow/example_dags/example_time_delta_sensor_async.py for tasks to queue
[2024-03-02T09:46:43.065-0300] {logging_mixin.py:188} INFO - [2024-03-02T09:46:43.064-0300] {dagbag.py:540} INFO - Filling up the DagBag from /home/victor/Área de Trabalho/airflow/venv/lib/python3.10/site-packages/airflow/example_dags/example_time_delta_sensor_async.py
[2024-03-02T09:46:43.069-0300] {processor.py:840} INFO - DAG(s) 'example_time_delta_sensor_async' retrieved from /home/victor/Área de Trabalho/airflow/venv/lib/python3.10/site-packages/airflow/example_dags/example_time_delta_sensor_async.py
[2024-03-02T09:46:43.097-0300] {logging_mixin.py:188} INFO - [2024-03-02T09:46:43.097-0300] {dag.py:3047} INFO - Sync 1 DAGs
[2024-03-02T09:46:43.110-0300] {logging_mixin.py:188} INFO - [2024-03-02T09:46:43.110-0300] {dag.py:3834} INFO - Setting next_dagrun for example_time_delta_sensor_async to None, run_after=None
[2024-03-02T09:46:43.129-0300] {processor.py:183} INFO - Processing /home/victor/Área de Trabalho/airflow/venv/lib/python3.10/site-packages/airflow/example_dags/example_time_delta_sensor_async.py took 0.069 seconds
[2024-03-02T09:47:13.674-0300] {processor.py:161} INFO - Started process (PID=17992) to work on /home/victor/Área de Trabalho/airflow/venv/lib/python3.10/site-packages/airflow/example_dags/example_time_delta_sensor_async.py
[2024-03-02T09:47:13.676-0300] {processor.py:830} INFO - Processing file /home/victor/Área de Trabalho/airflow/venv/lib/python3.10/site-packages/airflow/example_dags/example_time_delta_sensor_async.py for tasks to queue
[2024-03-02T09:47:13.677-0300] {logging_mixin.py:188} INFO - [2024-03-02T09:47:13.676-0300] {dagbag.py:540} INFO - Filling up the DagBag from /home/victor/Área de Trabalho/airflow/venv/lib/python3.10/site-packages/airflow/example_dags/example_time_delta_sensor_async.py
[2024-03-02T09:47:13.681-0300] {processor.py:840} INFO - DAG(s) 'example_time_delta_sensor_async' retrieved from /home/victor/Área de Trabalho/airflow/venv/lib/python3.10/site-packages/airflow/example_dags/example_time_delta_sensor_async.py
[2024-03-02T09:47:13.711-0300] {logging_mixin.py:188} INFO - [2024-03-02T09:47:13.710-0300] {dag.py:3047} INFO - Sync 1 DAGs
[2024-03-02T09:47:13.724-0300] {logging_mixin.py:188} INFO - [2024-03-02T09:47:13.724-0300] {dag.py:3834} INFO - Setting next_dagrun for example_time_delta_sensor_async to None, run_after=None
[2024-03-02T09:47:13.744-0300] {processor.py:183} INFO - Processing /home/victor/Área de Trabalho/airflow/venv/lib/python3.10/site-packages/airflow/example_dags/example_time_delta_sensor_async.py took 0.072 seconds
[2024-03-02T09:47:44.665-0300] {processor.py:161} INFO - Started process (PID=18311) to work on /home/victor/Área de Trabalho/airflow/venv/lib/python3.10/site-packages/airflow/example_dags/example_time_delta_sensor_async.py
[2024-03-02T09:47:44.667-0300] {processor.py:830} INFO - Processing file /home/victor/Área de Trabalho/airflow/venv/lib/python3.10/site-packages/airflow/example_dags/example_time_delta_sensor_async.py for tasks to queue
[2024-03-02T09:47:44.667-0300] {logging_mixin.py:188} INFO - [2024-03-02T09:47:44.667-0300] {dagbag.py:540} INFO - Filling up the DagBag from /home/victor/Área de Trabalho/airflow/venv/lib/python3.10/site-packages/airflow/example_dags/example_time_delta_sensor_async.py
[2024-03-02T09:47:44.671-0300] {processor.py:840} INFO - DAG(s) 'example_time_delta_sensor_async' retrieved from /home/victor/Área de Trabalho/airflow/venv/lib/python3.10/site-packages/airflow/example_dags/example_time_delta_sensor_async.py
[2024-03-02T09:47:44.697-0300] {logging_mixin.py:188} INFO - [2024-03-02T09:47:44.697-0300] {dag.py:3047} INFO - Sync 1 DAGs
[2024-03-02T09:47:44.710-0300] {logging_mixin.py:188} INFO - [2024-03-02T09:47:44.709-0300] {dag.py:3834} INFO - Setting next_dagrun for example_time_delta_sensor_async to None, run_after=None
[2024-03-02T09:47:44.728-0300] {processor.py:183} INFO - Processing /home/victor/Área de Trabalho/airflow/venv/lib/python3.10/site-packages/airflow/example_dags/example_time_delta_sensor_async.py took 0.066 seconds
[2024-03-02T09:48:15.268-0300] {processor.py:161} INFO - Started process (PID=18797) to work on /home/victor/Área de Trabalho/airflow/venv/lib/python3.10/site-packages/airflow/example_dags/example_time_delta_sensor_async.py
[2024-03-02T09:48:15.269-0300] {processor.py:830} INFO - Processing file /home/victor/Área de Trabalho/airflow/venv/lib/python3.10/site-packages/airflow/example_dags/example_time_delta_sensor_async.py for tasks to queue
[2024-03-02T09:48:15.270-0300] {logging_mixin.py:188} INFO - [2024-03-02T09:48:15.270-0300] {dagbag.py:540} INFO - Filling up the DagBag from /home/victor/Área de Trabalho/airflow/venv/lib/python3.10/site-packages/airflow/example_dags/example_time_delta_sensor_async.py
[2024-03-02T09:48:15.274-0300] {processor.py:840} INFO - DAG(s) 'example_time_delta_sensor_async' retrieved from /home/victor/Área de Trabalho/airflow/venv/lib/python3.10/site-packages/airflow/example_dags/example_time_delta_sensor_async.py
[2024-03-02T09:48:15.304-0300] {logging_mixin.py:188} INFO - [2024-03-02T09:48:15.303-0300] {dag.py:3047} INFO - Sync 1 DAGs
[2024-03-02T09:48:15.317-0300] {logging_mixin.py:188} INFO - [2024-03-02T09:48:15.317-0300] {dag.py:3834} INFO - Setting next_dagrun for example_time_delta_sensor_async to None, run_after=None
[2024-03-02T09:48:15.338-0300] {processor.py:183} INFO - Processing /home/victor/Área de Trabalho/airflow/venv/lib/python3.10/site-packages/airflow/example_dags/example_time_delta_sensor_async.py took 0.072 seconds
[2024-03-02T09:48:45.895-0300] {processor.py:161} INFO - Started process (PID=19140) to work on /home/victor/Área de Trabalho/airflow/venv/lib/python3.10/site-packages/airflow/example_dags/example_time_delta_sensor_async.py
[2024-03-02T09:48:45.896-0300] {processor.py:830} INFO - Processing file /home/victor/Área de Trabalho/airflow/venv/lib/python3.10/site-packages/airflow/example_dags/example_time_delta_sensor_async.py for tasks to queue
[2024-03-02T09:48:45.897-0300] {logging_mixin.py:188} INFO - [2024-03-02T09:48:45.897-0300] {dagbag.py:540} INFO - Filling up the DagBag from /home/victor/Área de Trabalho/airflow/venv/lib/python3.10/site-packages/airflow/example_dags/example_time_delta_sensor_async.py
[2024-03-02T09:48:45.902-0300] {processor.py:840} INFO - DAG(s) 'example_time_delta_sensor_async' retrieved from /home/victor/Área de Trabalho/airflow/venv/lib/python3.10/site-packages/airflow/example_dags/example_time_delta_sensor_async.py
[2024-03-02T09:48:45.938-0300] {logging_mixin.py:188} INFO - [2024-03-02T09:48:45.937-0300] {dag.py:3047} INFO - Sync 1 DAGs
[2024-03-02T09:48:45.951-0300] {logging_mixin.py:188} INFO - [2024-03-02T09:48:45.950-0300] {dag.py:3834} INFO - Setting next_dagrun for example_time_delta_sensor_async to None, run_after=None
[2024-03-02T09:48:45.980-0300] {processor.py:183} INFO - Processing /home/victor/Área de Trabalho/airflow/venv/lib/python3.10/site-packages/airflow/example_dags/example_time_delta_sensor_async.py took 0.088 seconds
[2024-03-02T09:49:16.797-0300] {processor.py:161} INFO - Started process (PID=19622) to work on /home/victor/Área de Trabalho/airflow/venv/lib/python3.10/site-packages/airflow/example_dags/example_time_delta_sensor_async.py
[2024-03-02T09:49:16.798-0300] {processor.py:830} INFO - Processing file /home/victor/Área de Trabalho/airflow/venv/lib/python3.10/site-packages/airflow/example_dags/example_time_delta_sensor_async.py for tasks to queue
[2024-03-02T09:49:16.799-0300] {logging_mixin.py:188} INFO - [2024-03-02T09:49:16.799-0300] {dagbag.py:540} INFO - Filling up the DagBag from /home/victor/Área de Trabalho/airflow/venv/lib/python3.10/site-packages/airflow/example_dags/example_time_delta_sensor_async.py
[2024-03-02T09:49:16.804-0300] {processor.py:840} INFO - DAG(s) 'example_time_delta_sensor_async' retrieved from /home/victor/Área de Trabalho/airflow/venv/lib/python3.10/site-packages/airflow/example_dags/example_time_delta_sensor_async.py
[2024-03-02T09:49:16.843-0300] {logging_mixin.py:188} INFO - [2024-03-02T09:49:16.843-0300] {dag.py:3047} INFO - Sync 1 DAGs
[2024-03-02T09:49:16.855-0300] {logging_mixin.py:188} INFO - [2024-03-02T09:49:16.855-0300] {dag.py:3834} INFO - Setting next_dagrun for example_time_delta_sensor_async to None, run_after=None
[2024-03-02T09:49:16.878-0300] {processor.py:183} INFO - Processing /home/victor/Área de Trabalho/airflow/venv/lib/python3.10/site-packages/airflow/example_dags/example_time_delta_sensor_async.py took 0.084 seconds
[2024-03-02T09:49:47.531-0300] {processor.py:161} INFO - Started process (PID=19944) to work on /home/victor/Área de Trabalho/airflow/venv/lib/python3.10/site-packages/airflow/example_dags/example_time_delta_sensor_async.py
[2024-03-02T09:49:47.532-0300] {processor.py:830} INFO - Processing file /home/victor/Área de Trabalho/airflow/venv/lib/python3.10/site-packages/airflow/example_dags/example_time_delta_sensor_async.py for tasks to queue
[2024-03-02T09:49:47.532-0300] {logging_mixin.py:188} INFO - [2024-03-02T09:49:47.532-0300] {dagbag.py:540} INFO - Filling up the DagBag from /home/victor/Área de Trabalho/airflow/venv/lib/python3.10/site-packages/airflow/example_dags/example_time_delta_sensor_async.py
[2024-03-02T09:49:47.537-0300] {processor.py:840} INFO - DAG(s) 'example_time_delta_sensor_async' retrieved from /home/victor/Área de Trabalho/airflow/venv/lib/python3.10/site-packages/airflow/example_dags/example_time_delta_sensor_async.py
[2024-03-02T09:49:47.565-0300] {logging_mixin.py:188} INFO - [2024-03-02T09:49:47.564-0300] {dag.py:3047} INFO - Sync 1 DAGs
[2024-03-02T09:49:47.576-0300] {logging_mixin.py:188} INFO - [2024-03-02T09:49:47.575-0300] {dag.py:3834} INFO - Setting next_dagrun for example_time_delta_sensor_async to None, run_after=None
[2024-03-02T09:49:47.596-0300] {processor.py:183} INFO - Processing /home/victor/Área de Trabalho/airflow/venv/lib/python3.10/site-packages/airflow/example_dags/example_time_delta_sensor_async.py took 0.069 seconds
[2024-03-02T09:50:18.178-0300] {processor.py:161} INFO - Started process (PID=20425) to work on /home/victor/Área de Trabalho/airflow/venv/lib/python3.10/site-packages/airflow/example_dags/example_time_delta_sensor_async.py
[2024-03-02T09:50:18.180-0300] {processor.py:830} INFO - Processing file /home/victor/Área de Trabalho/airflow/venv/lib/python3.10/site-packages/airflow/example_dags/example_time_delta_sensor_async.py for tasks to queue
[2024-03-02T09:50:18.180-0300] {logging_mixin.py:188} INFO - [2024-03-02T09:50:18.180-0300] {dagbag.py:540} INFO - Filling up the DagBag from /home/victor/Área de Trabalho/airflow/venv/lib/python3.10/site-packages/airflow/example_dags/example_time_delta_sensor_async.py
[2024-03-02T09:50:18.185-0300] {processor.py:840} INFO - DAG(s) 'example_time_delta_sensor_async' retrieved from /home/victor/Área de Trabalho/airflow/venv/lib/python3.10/site-packages/airflow/example_dags/example_time_delta_sensor_async.py
[2024-03-02T09:50:18.214-0300] {logging_mixin.py:188} INFO - [2024-03-02T09:50:18.214-0300] {dag.py:3047} INFO - Sync 1 DAGs
[2024-03-02T09:50:18.227-0300] {logging_mixin.py:188} INFO - [2024-03-02T09:50:18.225-0300] {dag.py:3834} INFO - Setting next_dagrun for example_time_delta_sensor_async to None, run_after=None
[2024-03-02T09:50:18.249-0300] {processor.py:183} INFO - Processing /home/victor/Área de Trabalho/airflow/venv/lib/python3.10/site-packages/airflow/example_dags/example_time_delta_sensor_async.py took 0.074 seconds
[2024-03-02T09:50:48.613-0300] {processor.py:161} INFO - Started process (PID=20777) to work on /home/victor/Área de Trabalho/airflow/venv/lib/python3.10/site-packages/airflow/example_dags/example_time_delta_sensor_async.py
[2024-03-02T09:50:48.614-0300] {processor.py:830} INFO - Processing file /home/victor/Área de Trabalho/airflow/venv/lib/python3.10/site-packages/airflow/example_dags/example_time_delta_sensor_async.py for tasks to queue
[2024-03-02T09:50:48.615-0300] {logging_mixin.py:188} INFO - [2024-03-02T09:50:48.615-0300] {dagbag.py:540} INFO - Filling up the DagBag from /home/victor/Área de Trabalho/airflow/venv/lib/python3.10/site-packages/airflow/example_dags/example_time_delta_sensor_async.py
[2024-03-02T09:50:48.619-0300] {processor.py:840} INFO - DAG(s) 'example_time_delta_sensor_async' retrieved from /home/victor/Área de Trabalho/airflow/venv/lib/python3.10/site-packages/airflow/example_dags/example_time_delta_sensor_async.py
[2024-03-02T09:50:48.645-0300] {logging_mixin.py:188} INFO - [2024-03-02T09:50:48.645-0300] {dag.py:3047} INFO - Sync 1 DAGs
[2024-03-02T09:50:48.655-0300] {logging_mixin.py:188} INFO - [2024-03-02T09:50:48.655-0300] {dag.py:3834} INFO - Setting next_dagrun for example_time_delta_sensor_async to None, run_after=None
[2024-03-02T09:50:48.673-0300] {processor.py:183} INFO - Processing /home/victor/Área de Trabalho/airflow/venv/lib/python3.10/site-packages/airflow/example_dags/example_time_delta_sensor_async.py took 0.063 seconds
[2024-03-02T09:51:19.353-0300] {processor.py:161} INFO - Started process (PID=21263) to work on /home/victor/Área de Trabalho/airflow/venv/lib/python3.10/site-packages/airflow/example_dags/example_time_delta_sensor_async.py
[2024-03-02T09:51:19.354-0300] {processor.py:830} INFO - Processing file /home/victor/Área de Trabalho/airflow/venv/lib/python3.10/site-packages/airflow/example_dags/example_time_delta_sensor_async.py for tasks to queue
[2024-03-02T09:51:19.355-0300] {logging_mixin.py:188} INFO - [2024-03-02T09:51:19.355-0300] {dagbag.py:540} INFO - Filling up the DagBag from /home/victor/Área de Trabalho/airflow/venv/lib/python3.10/site-packages/airflow/example_dags/example_time_delta_sensor_async.py
[2024-03-02T09:51:19.359-0300] {processor.py:840} INFO - DAG(s) 'example_time_delta_sensor_async' retrieved from /home/victor/Área de Trabalho/airflow/venv/lib/python3.10/site-packages/airflow/example_dags/example_time_delta_sensor_async.py
[2024-03-02T09:51:19.385-0300] {logging_mixin.py:188} INFO - [2024-03-02T09:51:19.385-0300] {dag.py:3047} INFO - Sync 1 DAGs
[2024-03-02T09:51:19.396-0300] {logging_mixin.py:188} INFO - [2024-03-02T09:51:19.395-0300] {dag.py:3834} INFO - Setting next_dagrun for example_time_delta_sensor_async to None, run_after=None
[2024-03-02T09:51:19.414-0300] {processor.py:183} INFO - Processing /home/victor/Área de Trabalho/airflow/venv/lib/python3.10/site-packages/airflow/example_dags/example_time_delta_sensor_async.py took 0.063 seconds
[2024-03-02T09:51:49.873-0300] {processor.py:161} INFO - Started process (PID=21584) to work on /home/victor/Área de Trabalho/airflow/venv/lib/python3.10/site-packages/airflow/example_dags/example_time_delta_sensor_async.py
[2024-03-02T09:51:49.873-0300] {processor.py:830} INFO - Processing file /home/victor/Área de Trabalho/airflow/venv/lib/python3.10/site-packages/airflow/example_dags/example_time_delta_sensor_async.py for tasks to queue
[2024-03-02T09:51:49.874-0300] {logging_mixin.py:188} INFO - [2024-03-02T09:51:49.874-0300] {dagbag.py:540} INFO - Filling up the DagBag from /home/victor/Área de Trabalho/airflow/venv/lib/python3.10/site-packages/airflow/example_dags/example_time_delta_sensor_async.py
[2024-03-02T09:51:49.878-0300] {processor.py:840} INFO - DAG(s) 'example_time_delta_sensor_async' retrieved from /home/victor/Área de Trabalho/airflow/venv/lib/python3.10/site-packages/airflow/example_dags/example_time_delta_sensor_async.py
[2024-03-02T09:51:49.907-0300] {logging_mixin.py:188} INFO - [2024-03-02T09:51:49.906-0300] {dag.py:3047} INFO - Sync 1 DAGs
[2024-03-02T09:51:49.919-0300] {logging_mixin.py:188} INFO - [2024-03-02T09:51:49.918-0300] {dag.py:3834} INFO - Setting next_dagrun for example_time_delta_sensor_async to None, run_after=None
[2024-03-02T09:51:49.939-0300] {processor.py:183} INFO - Processing /home/victor/Área de Trabalho/airflow/venv/lib/python3.10/site-packages/airflow/example_dags/example_time_delta_sensor_async.py took 0.069 seconds
[2024-03-02T09:52:20.565-0300] {processor.py:161} INFO - Started process (PID=22228) to work on /home/victor/Área de Trabalho/airflow/venv/lib/python3.10/site-packages/airflow/example_dags/example_time_delta_sensor_async.py
[2024-03-02T09:52:20.566-0300] {processor.py:830} INFO - Processing file /home/victor/Área de Trabalho/airflow/venv/lib/python3.10/site-packages/airflow/example_dags/example_time_delta_sensor_async.py for tasks to queue
[2024-03-02T09:52:20.567-0300] {logging_mixin.py:188} INFO - [2024-03-02T09:52:20.567-0300] {dagbag.py:540} INFO - Filling up the DagBag from /home/victor/Área de Trabalho/airflow/venv/lib/python3.10/site-packages/airflow/example_dags/example_time_delta_sensor_async.py
[2024-03-02T09:52:20.571-0300] {processor.py:840} INFO - DAG(s) 'example_time_delta_sensor_async' retrieved from /home/victor/Área de Trabalho/airflow/venv/lib/python3.10/site-packages/airflow/example_dags/example_time_delta_sensor_async.py
[2024-03-02T09:52:20.600-0300] {logging_mixin.py:188} INFO - [2024-03-02T09:52:20.599-0300] {dag.py:3047} INFO - Sync 1 DAGs
[2024-03-02T09:52:20.611-0300] {logging_mixin.py:188} INFO - [2024-03-02T09:52:20.610-0300] {dag.py:3834} INFO - Setting next_dagrun for example_time_delta_sensor_async to None, run_after=None
[2024-03-02T09:52:20.632-0300] {processor.py:183} INFO - Processing /home/victor/Área de Trabalho/airflow/venv/lib/python3.10/site-packages/airflow/example_dags/example_time_delta_sensor_async.py took 0.070 seconds
[2024-03-02T09:52:51.249-0300] {processor.py:161} INFO - Started process (PID=22550) to work on /home/victor/Área de Trabalho/airflow/venv/lib/python3.10/site-packages/airflow/example_dags/example_time_delta_sensor_async.py
[2024-03-02T09:52:51.250-0300] {processor.py:830} INFO - Processing file /home/victor/Área de Trabalho/airflow/venv/lib/python3.10/site-packages/airflow/example_dags/example_time_delta_sensor_async.py for tasks to queue
[2024-03-02T09:52:51.251-0300] {logging_mixin.py:188} INFO - [2024-03-02T09:52:51.251-0300] {dagbag.py:540} INFO - Filling up the DagBag from /home/victor/Área de Trabalho/airflow/venv/lib/python3.10/site-packages/airflow/example_dags/example_time_delta_sensor_async.py
[2024-03-02T09:52:51.255-0300] {processor.py:840} INFO - DAG(s) 'example_time_delta_sensor_async' retrieved from /home/victor/Área de Trabalho/airflow/venv/lib/python3.10/site-packages/airflow/example_dags/example_time_delta_sensor_async.py
[2024-03-02T09:52:51.283-0300] {logging_mixin.py:188} INFO - [2024-03-02T09:52:51.283-0300] {dag.py:3047} INFO - Sync 1 DAGs
[2024-03-02T09:52:51.295-0300] {logging_mixin.py:188} INFO - [2024-03-02T09:52:51.295-0300] {dag.py:3834} INFO - Setting next_dagrun for example_time_delta_sensor_async to None, run_after=None
[2024-03-02T09:52:51.315-0300] {processor.py:183} INFO - Processing /home/victor/Área de Trabalho/airflow/venv/lib/python3.10/site-packages/airflow/example_dags/example_time_delta_sensor_async.py took 0.069 seconds
[2024-03-02T09:53:21.886-0300] {processor.py:161} INFO - Started process (PID=23036) to work on /home/victor/Área de Trabalho/airflow/venv/lib/python3.10/site-packages/airflow/example_dags/example_time_delta_sensor_async.py
[2024-03-02T09:53:21.888-0300] {processor.py:830} INFO - Processing file /home/victor/Área de Trabalho/airflow/venv/lib/python3.10/site-packages/airflow/example_dags/example_time_delta_sensor_async.py for tasks to queue
[2024-03-02T09:53:21.888-0300] {logging_mixin.py:188} INFO - [2024-03-02T09:53:21.888-0300] {dagbag.py:540} INFO - Filling up the DagBag from /home/victor/Área de Trabalho/airflow/venv/lib/python3.10/site-packages/airflow/example_dags/example_time_delta_sensor_async.py
[2024-03-02T09:53:21.892-0300] {processor.py:840} INFO - DAG(s) 'example_time_delta_sensor_async' retrieved from /home/victor/Área de Trabalho/airflow/venv/lib/python3.10/site-packages/airflow/example_dags/example_time_delta_sensor_async.py
[2024-03-02T09:53:21.920-0300] {logging_mixin.py:188} INFO - [2024-03-02T09:53:21.920-0300] {dag.py:3047} INFO - Sync 1 DAGs
[2024-03-02T09:53:21.932-0300] {logging_mixin.py:188} INFO - [2024-03-02T09:53:21.932-0300] {dag.py:3834} INFO - Setting next_dagrun for example_time_delta_sensor_async to None, run_after=None
[2024-03-02T09:53:21.950-0300] {processor.py:183} INFO - Processing /home/victor/Área de Trabalho/airflow/venv/lib/python3.10/site-packages/airflow/example_dags/example_time_delta_sensor_async.py took 0.067 seconds
[2024-03-02T09:53:52.308-0300] {processor.py:161} INFO - Started process (PID=23357) to work on /home/victor/Área de Trabalho/airflow/venv/lib/python3.10/site-packages/airflow/example_dags/example_time_delta_sensor_async.py
[2024-03-02T09:53:52.309-0300] {processor.py:830} INFO - Processing file /home/victor/Área de Trabalho/airflow/venv/lib/python3.10/site-packages/airflow/example_dags/example_time_delta_sensor_async.py for tasks to queue
[2024-03-02T09:53:52.310-0300] {logging_mixin.py:188} INFO - [2024-03-02T09:53:52.310-0300] {dagbag.py:540} INFO - Filling up the DagBag from /home/victor/Área de Trabalho/airflow/venv/lib/python3.10/site-packages/airflow/example_dags/example_time_delta_sensor_async.py
[2024-03-02T09:53:52.314-0300] {processor.py:840} INFO - DAG(s) 'example_time_delta_sensor_async' retrieved from /home/victor/Área de Trabalho/airflow/venv/lib/python3.10/site-packages/airflow/example_dags/example_time_delta_sensor_async.py
[2024-03-02T09:53:52.342-0300] {logging_mixin.py:188} INFO - [2024-03-02T09:53:52.341-0300] {dag.py:3047} INFO - Sync 1 DAGs
[2024-03-02T09:53:52.353-0300] {logging_mixin.py:188} INFO - [2024-03-02T09:53:52.353-0300] {dag.py:3834} INFO - Setting next_dagrun for example_time_delta_sensor_async to None, run_after=None
[2024-03-02T09:53:52.373-0300] {processor.py:183} INFO - Processing /home/victor/Área de Trabalho/airflow/venv/lib/python3.10/site-packages/airflow/example_dags/example_time_delta_sensor_async.py took 0.068 seconds
[2024-03-02T09:54:23.143-0300] {processor.py:161} INFO - Started process (PID=24003) to work on /home/victor/Área de Trabalho/airflow/venv/lib/python3.10/site-packages/airflow/example_dags/example_time_delta_sensor_async.py
[2024-03-02T09:54:23.144-0300] {processor.py:830} INFO - Processing file /home/victor/Área de Trabalho/airflow/venv/lib/python3.10/site-packages/airflow/example_dags/example_time_delta_sensor_async.py for tasks to queue
[2024-03-02T09:54:23.145-0300] {logging_mixin.py:188} INFO - [2024-03-02T09:54:23.145-0300] {dagbag.py:540} INFO - Filling up the DagBag from /home/victor/Área de Trabalho/airflow/venv/lib/python3.10/site-packages/airflow/example_dags/example_time_delta_sensor_async.py
[2024-03-02T09:54:23.149-0300] {processor.py:840} INFO - DAG(s) 'example_time_delta_sensor_async' retrieved from /home/victor/Área de Trabalho/airflow/venv/lib/python3.10/site-packages/airflow/example_dags/example_time_delta_sensor_async.py
[2024-03-02T09:54:23.174-0300] {logging_mixin.py:188} INFO - [2024-03-02T09:54:23.174-0300] {dag.py:3047} INFO - Sync 1 DAGs
[2024-03-02T09:54:23.185-0300] {logging_mixin.py:188} INFO - [2024-03-02T09:54:23.185-0300] {dag.py:3834} INFO - Setting next_dagrun for example_time_delta_sensor_async to None, run_after=None
[2024-03-02T09:54:23.219-0300] {processor.py:183} INFO - Processing /home/victor/Área de Trabalho/airflow/venv/lib/python3.10/site-packages/airflow/example_dags/example_time_delta_sensor_async.py took 0.079 seconds
[2024-03-02T09:54:53.389-0300] {processor.py:161} INFO - Started process (PID=24399) to work on /home/victor/Área de Trabalho/airflow/venv/lib/python3.10/site-packages/airflow/example_dags/example_time_delta_sensor_async.py
[2024-03-02T09:54:53.389-0300] {processor.py:830} INFO - Processing file /home/victor/Área de Trabalho/airflow/venv/lib/python3.10/site-packages/airflow/example_dags/example_time_delta_sensor_async.py for tasks to queue
[2024-03-02T09:54:53.390-0300] {logging_mixin.py:188} INFO - [2024-03-02T09:54:53.390-0300] {dagbag.py:540} INFO - Filling up the DagBag from /home/victor/Área de Trabalho/airflow/venv/lib/python3.10/site-packages/airflow/example_dags/example_time_delta_sensor_async.py
[2024-03-02T09:54:53.394-0300] {processor.py:840} INFO - DAG(s) 'example_time_delta_sensor_async' retrieved from /home/victor/Área de Trabalho/airflow/venv/lib/python3.10/site-packages/airflow/example_dags/example_time_delta_sensor_async.py
[2024-03-02T09:54:53.419-0300] {logging_mixin.py:188} INFO - [2024-03-02T09:54:53.419-0300] {dag.py:3047} INFO - Sync 1 DAGs
[2024-03-02T09:54:53.430-0300] {logging_mixin.py:188} INFO - [2024-03-02T09:54:53.430-0300] {dag.py:3834} INFO - Setting next_dagrun for example_time_delta_sensor_async to None, run_after=None
[2024-03-02T09:54:53.447-0300] {processor.py:183} INFO - Processing /home/victor/Área de Trabalho/airflow/venv/lib/python3.10/site-packages/airflow/example_dags/example_time_delta_sensor_async.py took 0.061 seconds
[2024-03-02T09:55:23.919-0300] {processor.py:161} INFO - Started process (PID=25032) to work on /home/victor/Área de Trabalho/airflow/venv/lib/python3.10/site-packages/airflow/example_dags/example_time_delta_sensor_async.py
[2024-03-02T09:55:23.920-0300] {processor.py:830} INFO - Processing file /home/victor/Área de Trabalho/airflow/venv/lib/python3.10/site-packages/airflow/example_dags/example_time_delta_sensor_async.py for tasks to queue
[2024-03-02T09:55:23.921-0300] {logging_mixin.py:188} INFO - [2024-03-02T09:55:23.921-0300] {dagbag.py:540} INFO - Filling up the DagBag from /home/victor/Área de Trabalho/airflow/venv/lib/python3.10/site-packages/airflow/example_dags/example_time_delta_sensor_async.py
[2024-03-02T09:55:23.925-0300] {processor.py:840} INFO - DAG(s) 'example_time_delta_sensor_async' retrieved from /home/victor/Área de Trabalho/airflow/venv/lib/python3.10/site-packages/airflow/example_dags/example_time_delta_sensor_async.py
[2024-03-02T09:55:23.951-0300] {logging_mixin.py:188} INFO - [2024-03-02T09:55:23.950-0300] {dag.py:3047} INFO - Sync 1 DAGs
[2024-03-02T09:55:23.961-0300] {logging_mixin.py:188} INFO - [2024-03-02T09:55:23.961-0300] {dag.py:3834} INFO - Setting next_dagrun for example_time_delta_sensor_async to None, run_after=None
[2024-03-02T09:55:23.978-0300] {processor.py:183} INFO - Processing /home/victor/Área de Trabalho/airflow/venv/lib/python3.10/site-packages/airflow/example_dags/example_time_delta_sensor_async.py took 0.062 seconds
[2024-03-02T09:55:54.468-0300] {processor.py:161} INFO - Started process (PID=25362) to work on /home/victor/Área de Trabalho/airflow/venv/lib/python3.10/site-packages/airflow/example_dags/example_time_delta_sensor_async.py
[2024-03-02T09:55:54.469-0300] {processor.py:830} INFO - Processing file /home/victor/Área de Trabalho/airflow/venv/lib/python3.10/site-packages/airflow/example_dags/example_time_delta_sensor_async.py for tasks to queue
[2024-03-02T09:55:54.469-0300] {logging_mixin.py:188} INFO - [2024-03-02T09:55:54.469-0300] {dagbag.py:540} INFO - Filling up the DagBag from /home/victor/Área de Trabalho/airflow/venv/lib/python3.10/site-packages/airflow/example_dags/example_time_delta_sensor_async.py
[2024-03-02T09:55:54.473-0300] {processor.py:840} INFO - DAG(s) 'example_time_delta_sensor_async' retrieved from /home/victor/Área de Trabalho/airflow/venv/lib/python3.10/site-packages/airflow/example_dags/example_time_delta_sensor_async.py
[2024-03-02T09:55:54.498-0300] {logging_mixin.py:188} INFO - [2024-03-02T09:55:54.498-0300] {dag.py:3047} INFO - Sync 1 DAGs
[2024-03-02T09:55:54.508-0300] {logging_mixin.py:188} INFO - [2024-03-02T09:55:54.508-0300] {dag.py:3834} INFO - Setting next_dagrun for example_time_delta_sensor_async to None, run_after=None
[2024-03-02T09:55:54.526-0300] {processor.py:183} INFO - Processing /home/victor/Área de Trabalho/airflow/venv/lib/python3.10/site-packages/airflow/example_dags/example_time_delta_sensor_async.py took 0.061 seconds
[2024-03-02T09:56:24.734-0300] {processor.py:161} INFO - Started process (PID=25858) to work on /home/victor/Área de Trabalho/airflow/venv/lib/python3.10/site-packages/airflow/example_dags/example_time_delta_sensor_async.py
[2024-03-02T09:56:24.736-0300] {processor.py:830} INFO - Processing file /home/victor/Área de Trabalho/airflow/venv/lib/python3.10/site-packages/airflow/example_dags/example_time_delta_sensor_async.py for tasks to queue
[2024-03-02T09:56:24.736-0300] {logging_mixin.py:188} INFO - [2024-03-02T09:56:24.736-0300] {dagbag.py:540} INFO - Filling up the DagBag from /home/victor/Área de Trabalho/airflow/venv/lib/python3.10/site-packages/airflow/example_dags/example_time_delta_sensor_async.py
[2024-03-02T09:56:24.740-0300] {processor.py:840} INFO - DAG(s) 'example_time_delta_sensor_async' retrieved from /home/victor/Área de Trabalho/airflow/venv/lib/python3.10/site-packages/airflow/example_dags/example_time_delta_sensor_async.py
[2024-03-02T09:56:24.766-0300] {logging_mixin.py:188} INFO - [2024-03-02T09:56:24.766-0300] {dag.py:3047} INFO - Sync 1 DAGs
[2024-03-02T09:56:24.777-0300] {logging_mixin.py:188} INFO - [2024-03-02T09:56:24.776-0300] {dag.py:3834} INFO - Setting next_dagrun for example_time_delta_sensor_async to None, run_after=None
[2024-03-02T09:56:24.794-0300] {processor.py:183} INFO - Processing /home/victor/Área de Trabalho/airflow/venv/lib/python3.10/site-packages/airflow/example_dags/example_time_delta_sensor_async.py took 0.063 seconds
[2024-03-02T09:56:55.040-0300] {processor.py:161} INFO - Started process (PID=26181) to work on /home/victor/Área de Trabalho/airflow/venv/lib/python3.10/site-packages/airflow/example_dags/example_time_delta_sensor_async.py
[2024-03-02T09:56:55.040-0300] {processor.py:830} INFO - Processing file /home/victor/Área de Trabalho/airflow/venv/lib/python3.10/site-packages/airflow/example_dags/example_time_delta_sensor_async.py for tasks to queue
[2024-03-02T09:56:55.041-0300] {logging_mixin.py:188} INFO - [2024-03-02T09:56:55.041-0300] {dagbag.py:540} INFO - Filling up the DagBag from /home/victor/Área de Trabalho/airflow/venv/lib/python3.10/site-packages/airflow/example_dags/example_time_delta_sensor_async.py
[2024-03-02T09:56:55.045-0300] {processor.py:840} INFO - DAG(s) 'example_time_delta_sensor_async' retrieved from /home/victor/Área de Trabalho/airflow/venv/lib/python3.10/site-packages/airflow/example_dags/example_time_delta_sensor_async.py
[2024-03-02T09:56:55.070-0300] {logging_mixin.py:188} INFO - [2024-03-02T09:56:55.070-0300] {dag.py:3047} INFO - Sync 1 DAGs
[2024-03-02T09:56:55.081-0300] {logging_mixin.py:188} INFO - [2024-03-02T09:56:55.081-0300] {dag.py:3834} INFO - Setting next_dagrun for example_time_delta_sensor_async to None, run_after=None
[2024-03-02T09:56:55.097-0300] {processor.py:183} INFO - Processing /home/victor/Área de Trabalho/airflow/venv/lib/python3.10/site-packages/airflow/example_dags/example_time_delta_sensor_async.py took 0.060 seconds
[2024-03-02T09:57:25.655-0300] {processor.py:161} INFO - Started process (PID=26823) to work on /home/victor/Área de Trabalho/airflow/venv/lib/python3.10/site-packages/airflow/example_dags/example_time_delta_sensor_async.py
[2024-03-02T09:57:25.657-0300] {processor.py:830} INFO - Processing file /home/victor/Área de Trabalho/airflow/venv/lib/python3.10/site-packages/airflow/example_dags/example_time_delta_sensor_async.py for tasks to queue
[2024-03-02T09:57:25.658-0300] {logging_mixin.py:188} INFO - [2024-03-02T09:57:25.657-0300] {dagbag.py:540} INFO - Filling up the DagBag from /home/victor/Área de Trabalho/airflow/venv/lib/python3.10/site-packages/airflow/example_dags/example_time_delta_sensor_async.py
[2024-03-02T09:57:25.661-0300] {processor.py:840} INFO - DAG(s) 'example_time_delta_sensor_async' retrieved from /home/victor/Área de Trabalho/airflow/venv/lib/python3.10/site-packages/airflow/example_dags/example_time_delta_sensor_async.py
[2024-03-02T09:57:25.687-0300] {logging_mixin.py:188} INFO - [2024-03-02T09:57:25.686-0300] {dag.py:3047} INFO - Sync 1 DAGs
[2024-03-02T09:57:25.698-0300] {logging_mixin.py:188} INFO - [2024-03-02T09:57:25.698-0300] {dag.py:3834} INFO - Setting next_dagrun for example_time_delta_sensor_async to None, run_after=None
[2024-03-02T09:57:25.715-0300] {processor.py:183} INFO - Processing /home/victor/Área de Trabalho/airflow/venv/lib/python3.10/site-packages/airflow/example_dags/example_time_delta_sensor_async.py took 0.063 seconds
[2024-03-02T09:57:56.130-0300] {processor.py:161} INFO - Started process (PID=27148) to work on /home/victor/Área de Trabalho/airflow/venv/lib/python3.10/site-packages/airflow/example_dags/example_time_delta_sensor_async.py
[2024-03-02T09:57:56.131-0300] {processor.py:830} INFO - Processing file /home/victor/Área de Trabalho/airflow/venv/lib/python3.10/site-packages/airflow/example_dags/example_time_delta_sensor_async.py for tasks to queue
[2024-03-02T09:57:56.131-0300] {logging_mixin.py:188} INFO - [2024-03-02T09:57:56.131-0300] {dagbag.py:540} INFO - Filling up the DagBag from /home/victor/Área de Trabalho/airflow/venv/lib/python3.10/site-packages/airflow/example_dags/example_time_delta_sensor_async.py
[2024-03-02T09:57:56.136-0300] {processor.py:840} INFO - DAG(s) 'example_time_delta_sensor_async' retrieved from /home/victor/Área de Trabalho/airflow/venv/lib/python3.10/site-packages/airflow/example_dags/example_time_delta_sensor_async.py
[2024-03-02T09:57:56.165-0300] {logging_mixin.py:188} INFO - [2024-03-02T09:57:56.165-0300] {dag.py:3047} INFO - Sync 1 DAGs
[2024-03-02T09:57:56.177-0300] {logging_mixin.py:188} INFO - [2024-03-02T09:57:56.177-0300] {dag.py:3834} INFO - Setting next_dagrun for example_time_delta_sensor_async to None, run_after=None
[2024-03-02T09:57:56.197-0300] {processor.py:183} INFO - Processing /home/victor/Área de Trabalho/airflow/venv/lib/python3.10/site-packages/airflow/example_dags/example_time_delta_sensor_async.py took 0.071 seconds
[2024-03-02T09:58:26.804-0300] {processor.py:161} INFO - Started process (PID=27736) to work on /home/victor/Área de Trabalho/airflow/venv/lib/python3.10/site-packages/airflow/example_dags/example_time_delta_sensor_async.py
[2024-03-02T09:58:26.805-0300] {processor.py:830} INFO - Processing file /home/victor/Área de Trabalho/airflow/venv/lib/python3.10/site-packages/airflow/example_dags/example_time_delta_sensor_async.py for tasks to queue
[2024-03-02T09:58:26.805-0300] {logging_mixin.py:188} INFO - [2024-03-02T09:58:26.805-0300] {dagbag.py:540} INFO - Filling up the DagBag from /home/victor/Área de Trabalho/airflow/venv/lib/python3.10/site-packages/airflow/example_dags/example_time_delta_sensor_async.py
[2024-03-02T09:58:26.809-0300] {processor.py:840} INFO - DAG(s) 'example_time_delta_sensor_async' retrieved from /home/victor/Área de Trabalho/airflow/venv/lib/python3.10/site-packages/airflow/example_dags/example_time_delta_sensor_async.py
[2024-03-02T09:58:26.835-0300] {logging_mixin.py:188} INFO - [2024-03-02T09:58:26.835-0300] {dag.py:3047} INFO - Sync 1 DAGs
[2024-03-02T09:58:26.846-0300] {logging_mixin.py:188} INFO - [2024-03-02T09:58:26.845-0300] {dag.py:3834} INFO - Setting next_dagrun for example_time_delta_sensor_async to None, run_after=None
[2024-03-02T09:58:26.862-0300] {processor.py:183} INFO - Processing /home/victor/Área de Trabalho/airflow/venv/lib/python3.10/site-packages/airflow/example_dags/example_time_delta_sensor_async.py took 0.061 seconds
[2024-03-02T09:58:57.459-0300] {processor.py:161} INFO - Started process (PID=29081) to work on /home/victor/Área de Trabalho/airflow/venv/lib/python3.10/site-packages/airflow/example_dags/example_time_delta_sensor_async.py
[2024-03-02T09:58:57.460-0300] {processor.py:830} INFO - Processing file /home/victor/Área de Trabalho/airflow/venv/lib/python3.10/site-packages/airflow/example_dags/example_time_delta_sensor_async.py for tasks to queue
[2024-03-02T09:58:57.461-0300] {logging_mixin.py:188} INFO - [2024-03-02T09:58:57.461-0300] {dagbag.py:540} INFO - Filling up the DagBag from /home/victor/Área de Trabalho/airflow/venv/lib/python3.10/site-packages/airflow/example_dags/example_time_delta_sensor_async.py
[2024-03-02T09:58:57.465-0300] {processor.py:840} INFO - DAG(s) 'example_time_delta_sensor_async' retrieved from /home/victor/Área de Trabalho/airflow/venv/lib/python3.10/site-packages/airflow/example_dags/example_time_delta_sensor_async.py
[2024-03-02T09:58:57.492-0300] {logging_mixin.py:188} INFO - [2024-03-02T09:58:57.492-0300] {dag.py:3047} INFO - Sync 1 DAGs
[2024-03-02T09:58:57.504-0300] {logging_mixin.py:188} INFO - [2024-03-02T09:58:57.504-0300] {dag.py:3834} INFO - Setting next_dagrun for example_time_delta_sensor_async to None, run_after=None
[2024-03-02T09:58:57.523-0300] {processor.py:183} INFO - Processing /home/victor/Área de Trabalho/airflow/venv/lib/python3.10/site-packages/airflow/example_dags/example_time_delta_sensor_async.py took 0.067 seconds
