[2024-03-02T09:36:59.230-0300] {processor.py:161} INFO - Started process (PID=7977) to work on /home/victor/Área de Trabalho/airflow/venv/lib/python3.10/site-packages/airflow/example_dags/example_branch_labels.py
[2024-03-02T09:36:59.231-0300] {processor.py:830} INFO - Processing file /home/victor/Área de Trabalho/airflow/venv/lib/python3.10/site-packages/airflow/example_dags/example_branch_labels.py for tasks to queue
[2024-03-02T09:36:59.232-0300] {logging_mixin.py:188} INFO - [2024-03-02T09:36:59.231-0300] {dagbag.py:540} INFO - Filling up the DagBag from /home/victor/Área de Trabalho/airflow/venv/lib/python3.10/site-packages/airflow/example_dags/example_branch_labels.py
[2024-03-02T09:36:59.239-0300] {processor.py:840} INFO - DAG(s) 'example_branch_labels' retrieved from /home/victor/Área de Trabalho/airflow/venv/lib/python3.10/site-packages/airflow/example_dags/example_branch_labels.py
[2024-03-02T09:36:59.257-0300] {logging_mixin.py:188} INFO - [2024-03-02T09:36:59.257-0300] {dag.py:3047} INFO - Sync 1 DAGs
[2024-03-02T09:36:59.280-0300] {logging_mixin.py:188} INFO - [2024-03-02T09:36:59.280-0300] {dag.py:3834} INFO - Setting next_dagrun for example_branch_labels to 2024-03-01 00:00:00+00:00, run_after=2024-03-02 00:00:00+00:00
[2024-03-02T09:36:59.299-0300] {processor.py:183} INFO - Processing /home/victor/Área de Trabalho/airflow/venv/lib/python3.10/site-packages/airflow/example_dags/example_branch_labels.py took 0.072 seconds
[2024-03-02T09:37:30.667-0300] {processor.py:161} INFO - Started process (PID=9387) to work on /home/victor/Área de Trabalho/airflow/venv/lib/python3.10/site-packages/airflow/example_dags/example_branch_labels.py
[2024-03-02T09:37:30.668-0300] {processor.py:830} INFO - Processing file /home/victor/Área de Trabalho/airflow/venv/lib/python3.10/site-packages/airflow/example_dags/example_branch_labels.py for tasks to queue
[2024-03-02T09:37:30.669-0300] {logging_mixin.py:188} INFO - [2024-03-02T09:37:30.669-0300] {dagbag.py:540} INFO - Filling up the DagBag from /home/victor/Área de Trabalho/airflow/venv/lib/python3.10/site-packages/airflow/example_dags/example_branch_labels.py
[2024-03-02T09:37:30.676-0300] {processor.py:840} INFO - DAG(s) 'example_branch_labels' retrieved from /home/victor/Área de Trabalho/airflow/venv/lib/python3.10/site-packages/airflow/example_dags/example_branch_labels.py
[2024-03-02T09:37:30.781-0300] {logging_mixin.py:188} INFO - [2024-03-02T09:37:30.781-0300] {dag.py:3047} INFO - Sync 1 DAGs
[2024-03-02T09:37:30.802-0300] {logging_mixin.py:188} INFO - [2024-03-02T09:37:30.802-0300] {dag.py:3834} INFO - Setting next_dagrun for example_branch_labels to 2024-03-01 00:00:00+00:00, run_after=2024-03-02 00:00:00+00:00
[2024-03-02T09:37:30.822-0300] {processor.py:183} INFO - Processing /home/victor/Área de Trabalho/airflow/venv/lib/python3.10/site-packages/airflow/example_dags/example_branch_labels.py took 0.157 seconds
[2024-03-02T09:38:00.855-0300] {processor.py:161} INFO - Started process (PID=10051) to work on /home/victor/Área de Trabalho/airflow/venv/lib/python3.10/site-packages/airflow/example_dags/example_branch_labels.py
[2024-03-02T09:38:00.856-0300] {processor.py:830} INFO - Processing file /home/victor/Área de Trabalho/airflow/venv/lib/python3.10/site-packages/airflow/example_dags/example_branch_labels.py for tasks to queue
[2024-03-02T09:38:00.857-0300] {logging_mixin.py:188} INFO - [2024-03-02T09:38:00.856-0300] {dagbag.py:540} INFO - Filling up the DagBag from /home/victor/Área de Trabalho/airflow/venv/lib/python3.10/site-packages/airflow/example_dags/example_branch_labels.py
[2024-03-02T09:38:00.863-0300] {processor.py:840} INFO - DAG(s) 'example_branch_labels' retrieved from /home/victor/Área de Trabalho/airflow/venv/lib/python3.10/site-packages/airflow/example_dags/example_branch_labels.py
[2024-03-02T09:38:00.891-0300] {logging_mixin.py:188} INFO - [2024-03-02T09:38:00.891-0300] {dag.py:3047} INFO - Sync 1 DAGs
[2024-03-02T09:38:00.911-0300] {logging_mixin.py:188} INFO - [2024-03-02T09:38:00.911-0300] {dag.py:3834} INFO - Setting next_dagrun for example_branch_labels to 2024-03-01 00:00:00+00:00, run_after=2024-03-02 00:00:00+00:00
[2024-03-02T09:38:00.929-0300] {processor.py:183} INFO - Processing /home/victor/Área de Trabalho/airflow/venv/lib/python3.10/site-packages/airflow/example_dags/example_branch_labels.py took 0.077 seconds
[2024-03-02T09:38:32.250-0300] {processor.py:161} INFO - Started process (PID=10369) to work on /home/victor/Área de Trabalho/airflow/venv/lib/python3.10/site-packages/airflow/example_dags/example_branch_labels.py
[2024-03-02T09:38:32.250-0300] {processor.py:830} INFO - Processing file /home/victor/Área de Trabalho/airflow/venv/lib/python3.10/site-packages/airflow/example_dags/example_branch_labels.py for tasks to queue
[2024-03-02T09:38:32.251-0300] {logging_mixin.py:188} INFO - [2024-03-02T09:38:32.251-0300] {dagbag.py:540} INFO - Filling up the DagBag from /home/victor/Área de Trabalho/airflow/venv/lib/python3.10/site-packages/airflow/example_dags/example_branch_labels.py
[2024-03-02T09:38:32.257-0300] {processor.py:840} INFO - DAG(s) 'example_branch_labels' retrieved from /home/victor/Área de Trabalho/airflow/venv/lib/python3.10/site-packages/airflow/example_dags/example_branch_labels.py
[2024-03-02T09:38:32.283-0300] {logging_mixin.py:188} INFO - [2024-03-02T09:38:32.283-0300] {dag.py:3047} INFO - Sync 1 DAGs
[2024-03-02T09:38:32.305-0300] {logging_mixin.py:188} INFO - [2024-03-02T09:38:32.305-0300] {dag.py:3834} INFO - Setting next_dagrun for example_branch_labels to 2024-03-01 00:00:00+00:00, run_after=2024-03-02 00:00:00+00:00
[2024-03-02T09:38:32.323-0300] {processor.py:183} INFO - Processing /home/victor/Área de Trabalho/airflow/venv/lib/python3.10/site-packages/airflow/example_dags/example_branch_labels.py took 0.076 seconds
[2024-03-02T09:39:03.633-0300] {processor.py:161} INFO - Started process (PID=10934) to work on /home/victor/Área de Trabalho/airflow/venv/lib/python3.10/site-packages/airflow/example_dags/example_branch_labels.py
[2024-03-02T09:39:03.635-0300] {processor.py:830} INFO - Processing file /home/victor/Área de Trabalho/airflow/venv/lib/python3.10/site-packages/airflow/example_dags/example_branch_labels.py for tasks to queue
[2024-03-02T09:39:03.635-0300] {logging_mixin.py:188} INFO - [2024-03-02T09:39:03.635-0300] {dagbag.py:540} INFO - Filling up the DagBag from /home/victor/Área de Trabalho/airflow/venv/lib/python3.10/site-packages/airflow/example_dags/example_branch_labels.py
[2024-03-02T09:39:03.642-0300] {processor.py:840} INFO - DAG(s) 'example_branch_labels' retrieved from /home/victor/Área de Trabalho/airflow/venv/lib/python3.10/site-packages/airflow/example_dags/example_branch_labels.py
[2024-03-02T09:39:03.669-0300] {logging_mixin.py:188} INFO - [2024-03-02T09:39:03.668-0300] {dag.py:3047} INFO - Sync 1 DAGs
[2024-03-02T09:39:03.691-0300] {logging_mixin.py:188} INFO - [2024-03-02T09:39:03.691-0300] {dag.py:3834} INFO - Setting next_dagrun for example_branch_labels to 2024-03-01 00:00:00+00:00, run_after=2024-03-02 00:00:00+00:00
[2024-03-02T09:39:03.710-0300] {processor.py:183} INFO - Processing /home/victor/Área de Trabalho/airflow/venv/lib/python3.10/site-packages/airflow/example_dags/example_branch_labels.py took 0.080 seconds
[2024-03-02T09:39:34.829-0300] {processor.py:161} INFO - Started process (PID=11523) to work on /home/victor/Área de Trabalho/airflow/venv/lib/python3.10/site-packages/airflow/example_dags/example_branch_labels.py
[2024-03-02T09:39:34.832-0300] {processor.py:830} INFO - Processing file /home/victor/Área de Trabalho/airflow/venv/lib/python3.10/site-packages/airflow/example_dags/example_branch_labels.py for tasks to queue
[2024-03-02T09:39:34.833-0300] {logging_mixin.py:188} INFO - [2024-03-02T09:39:34.832-0300] {dagbag.py:540} INFO - Filling up the DagBag from /home/victor/Área de Trabalho/airflow/venv/lib/python3.10/site-packages/airflow/example_dags/example_branch_labels.py
[2024-03-02T09:39:34.840-0300] {processor.py:840} INFO - DAG(s) 'example_branch_labels' retrieved from /home/victor/Área de Trabalho/airflow/venv/lib/python3.10/site-packages/airflow/example_dags/example_branch_labels.py
[2024-03-02T09:39:34.867-0300] {logging_mixin.py:188} INFO - [2024-03-02T09:39:34.867-0300] {dag.py:3047} INFO - Sync 1 DAGs
[2024-03-02T09:39:34.888-0300] {logging_mixin.py:188} INFO - [2024-03-02T09:39:34.888-0300] {dag.py:3834} INFO - Setting next_dagrun for example_branch_labels to 2024-03-01 00:00:00+00:00, run_after=2024-03-02 00:00:00+00:00
[2024-03-02T09:39:34.907-0300] {processor.py:183} INFO - Processing /home/victor/Área de Trabalho/airflow/venv/lib/python3.10/site-packages/airflow/example_dags/example_branch_labels.py took 0.080 seconds
[2024-03-02T09:40:06.128-0300] {processor.py:161} INFO - Started process (PID=12000) to work on /home/victor/Área de Trabalho/airflow/venv/lib/python3.10/site-packages/airflow/example_dags/example_branch_labels.py
[2024-03-02T09:40:06.129-0300] {processor.py:830} INFO - Processing file /home/victor/Área de Trabalho/airflow/venv/lib/python3.10/site-packages/airflow/example_dags/example_branch_labels.py for tasks to queue
[2024-03-02T09:40:06.130-0300] {logging_mixin.py:188} INFO - [2024-03-02T09:40:06.129-0300] {dagbag.py:540} INFO - Filling up the DagBag from /home/victor/Área de Trabalho/airflow/venv/lib/python3.10/site-packages/airflow/example_dags/example_branch_labels.py
[2024-03-02T09:40:06.137-0300] {processor.py:840} INFO - DAG(s) 'example_branch_labels' retrieved from /home/victor/Área de Trabalho/airflow/venv/lib/python3.10/site-packages/airflow/example_dags/example_branch_labels.py
[2024-03-02T09:40:06.166-0300] {logging_mixin.py:188} INFO - [2024-03-02T09:40:06.166-0300] {dag.py:3047} INFO - Sync 1 DAGs
[2024-03-02T09:40:06.192-0300] {logging_mixin.py:188} INFO - [2024-03-02T09:40:06.191-0300] {dag.py:3834} INFO - Setting next_dagrun for example_branch_labels to 2024-03-01 00:00:00+00:00, run_after=2024-03-02 00:00:00+00:00
[2024-03-02T09:40:06.211-0300] {processor.py:183} INFO - Processing /home/victor/Área de Trabalho/airflow/venv/lib/python3.10/site-packages/airflow/example_dags/example_branch_labels.py took 0.086 seconds
[2024-03-02T09:40:37.544-0300] {processor.py:161} INFO - Started process (PID=12377) to work on /home/victor/Área de Trabalho/airflow/venv/lib/python3.10/site-packages/airflow/example_dags/example_branch_labels.py
[2024-03-02T09:40:37.545-0300] {processor.py:830} INFO - Processing file /home/victor/Área de Trabalho/airflow/venv/lib/python3.10/site-packages/airflow/example_dags/example_branch_labels.py for tasks to queue
[2024-03-02T09:40:37.546-0300] {logging_mixin.py:188} INFO - [2024-03-02T09:40:37.545-0300] {dagbag.py:540} INFO - Filling up the DagBag from /home/victor/Área de Trabalho/airflow/venv/lib/python3.10/site-packages/airflow/example_dags/example_branch_labels.py
[2024-03-02T09:40:37.552-0300] {processor.py:840} INFO - DAG(s) 'example_branch_labels' retrieved from /home/victor/Área de Trabalho/airflow/venv/lib/python3.10/site-packages/airflow/example_dags/example_branch_labels.py
[2024-03-02T09:40:37.589-0300] {logging_mixin.py:188} INFO - [2024-03-02T09:40:37.588-0300] {dag.py:3047} INFO - Sync 1 DAGs
[2024-03-02T09:40:37.610-0300] {logging_mixin.py:188} INFO - [2024-03-02T09:40:37.610-0300] {dag.py:3834} INFO - Setting next_dagrun for example_branch_labels to 2024-03-01 00:00:00+00:00, run_after=2024-03-02 00:00:00+00:00
[2024-03-02T09:40:37.629-0300] {processor.py:183} INFO - Processing /home/victor/Área de Trabalho/airflow/venv/lib/python3.10/site-packages/airflow/example_dags/example_branch_labels.py took 0.088 seconds
[2024-03-02T09:41:08.613-0300] {processor.py:161} INFO - Started process (PID=12853) to work on /home/victor/Área de Trabalho/airflow/venv/lib/python3.10/site-packages/airflow/example_dags/example_branch_labels.py
[2024-03-02T09:41:08.615-0300] {processor.py:830} INFO - Processing file /home/victor/Área de Trabalho/airflow/venv/lib/python3.10/site-packages/airflow/example_dags/example_branch_labels.py for tasks to queue
[2024-03-02T09:41:08.616-0300] {logging_mixin.py:188} INFO - [2024-03-02T09:41:08.615-0300] {dagbag.py:540} INFO - Filling up the DagBag from /home/victor/Área de Trabalho/airflow/venv/lib/python3.10/site-packages/airflow/example_dags/example_branch_labels.py
[2024-03-02T09:41:08.624-0300] {processor.py:840} INFO - DAG(s) 'example_branch_labels' retrieved from /home/victor/Área de Trabalho/airflow/venv/lib/python3.10/site-packages/airflow/example_dags/example_branch_labels.py
[2024-03-02T09:41:08.659-0300] {logging_mixin.py:188} INFO - [2024-03-02T09:41:08.659-0300] {dag.py:3047} INFO - Sync 1 DAGs
[2024-03-02T09:41:08.682-0300] {logging_mixin.py:188} INFO - [2024-03-02T09:41:08.682-0300] {dag.py:3834} INFO - Setting next_dagrun for example_branch_labels to 2024-03-01 00:00:00+00:00, run_after=2024-03-02 00:00:00+00:00
[2024-03-02T09:41:08.702-0300] {processor.py:183} INFO - Processing /home/victor/Área de Trabalho/airflow/venv/lib/python3.10/site-packages/airflow/example_dags/example_branch_labels.py took 0.093 seconds
[2024-03-02T09:41:39.309-0300] {processor.py:161} INFO - Started process (PID=13168) to work on /home/victor/Área de Trabalho/airflow/venv/lib/python3.10/site-packages/airflow/example_dags/example_branch_labels.py
[2024-03-02T09:41:39.310-0300] {processor.py:830} INFO - Processing file /home/victor/Área de Trabalho/airflow/venv/lib/python3.10/site-packages/airflow/example_dags/example_branch_labels.py for tasks to queue
[2024-03-02T09:41:39.311-0300] {logging_mixin.py:188} INFO - [2024-03-02T09:41:39.311-0300] {dagbag.py:540} INFO - Filling up the DagBag from /home/victor/Área de Trabalho/airflow/venv/lib/python3.10/site-packages/airflow/example_dags/example_branch_labels.py
[2024-03-02T09:41:39.318-0300] {processor.py:840} INFO - DAG(s) 'example_branch_labels' retrieved from /home/victor/Área de Trabalho/airflow/venv/lib/python3.10/site-packages/airflow/example_dags/example_branch_labels.py
[2024-03-02T09:41:39.349-0300] {logging_mixin.py:188} INFO - [2024-03-02T09:41:39.348-0300] {dag.py:3047} INFO - Sync 1 DAGs
[2024-03-02T09:41:39.372-0300] {logging_mixin.py:188} INFO - [2024-03-02T09:41:39.372-0300] {dag.py:3834} INFO - Setting next_dagrun for example_branch_labels to 2024-03-01 00:00:00+00:00, run_after=2024-03-02 00:00:00+00:00
[2024-03-02T09:41:39.397-0300] {processor.py:183} INFO - Processing /home/victor/Área de Trabalho/airflow/venv/lib/python3.10/site-packages/airflow/example_dags/example_branch_labels.py took 0.092 seconds
[2024-03-02T09:42:10.209-0300] {processor.py:161} INFO - Started process (PID=13812) to work on /home/victor/Área de Trabalho/airflow/venv/lib/python3.10/site-packages/airflow/example_dags/example_branch_labels.py
[2024-03-02T09:42:10.210-0300] {processor.py:830} INFO - Processing file /home/victor/Área de Trabalho/airflow/venv/lib/python3.10/site-packages/airflow/example_dags/example_branch_labels.py for tasks to queue
[2024-03-02T09:42:10.211-0300] {logging_mixin.py:188} INFO - [2024-03-02T09:42:10.211-0300] {dagbag.py:540} INFO - Filling up the DagBag from /home/victor/Área de Trabalho/airflow/venv/lib/python3.10/site-packages/airflow/example_dags/example_branch_labels.py
[2024-03-02T09:42:10.218-0300] {processor.py:840} INFO - DAG(s) 'example_branch_labels' retrieved from /home/victor/Área de Trabalho/airflow/venv/lib/python3.10/site-packages/airflow/example_dags/example_branch_labels.py
[2024-03-02T09:42:10.250-0300] {logging_mixin.py:188} INFO - [2024-03-02T09:42:10.249-0300] {dag.py:3047} INFO - Sync 1 DAGs
[2024-03-02T09:42:10.275-0300] {logging_mixin.py:188} INFO - [2024-03-02T09:42:10.275-0300] {dag.py:3834} INFO - Setting next_dagrun for example_branch_labels to 2024-03-01 00:00:00+00:00, run_after=2024-03-02 00:00:00+00:00
[2024-03-02T09:42:10.299-0300] {processor.py:183} INFO - Processing /home/victor/Área de Trabalho/airflow/venv/lib/python3.10/site-packages/airflow/example_dags/example_branch_labels.py took 0.093 seconds
[2024-03-02T09:42:41.087-0300] {processor.py:161} INFO - Started process (PID=14122) to work on /home/victor/Área de Trabalho/airflow/venv/lib/python3.10/site-packages/airflow/example_dags/example_branch_labels.py
[2024-03-02T09:42:41.088-0300] {processor.py:830} INFO - Processing file /home/victor/Área de Trabalho/airflow/venv/lib/python3.10/site-packages/airflow/example_dags/example_branch_labels.py for tasks to queue
[2024-03-02T09:42:41.089-0300] {logging_mixin.py:188} INFO - [2024-03-02T09:42:41.089-0300] {dagbag.py:540} INFO - Filling up the DagBag from /home/victor/Área de Trabalho/airflow/venv/lib/python3.10/site-packages/airflow/example_dags/example_branch_labels.py
[2024-03-02T09:42:41.097-0300] {processor.py:840} INFO - DAG(s) 'example_branch_labels' retrieved from /home/victor/Área de Trabalho/airflow/venv/lib/python3.10/site-packages/airflow/example_dags/example_branch_labels.py
[2024-03-02T09:42:41.131-0300] {logging_mixin.py:188} INFO - [2024-03-02T09:42:41.131-0300] {dag.py:3047} INFO - Sync 1 DAGs
[2024-03-02T09:42:41.159-0300] {logging_mixin.py:188} INFO - [2024-03-02T09:42:41.159-0300] {dag.py:3834} INFO - Setting next_dagrun for example_branch_labels to 2024-03-01 00:00:00+00:00, run_after=2024-03-02 00:00:00+00:00
[2024-03-02T09:42:41.179-0300] {processor.py:183} INFO - Processing /home/victor/Área de Trabalho/airflow/venv/lib/python3.10/site-packages/airflow/example_dags/example_branch_labels.py took 0.095 seconds
[2024-03-02T09:43:12.214-0300] {processor.py:161} INFO - Started process (PID=14602) to work on /home/victor/Área de Trabalho/airflow/venv/lib/python3.10/site-packages/airflow/example_dags/example_branch_labels.py
[2024-03-02T09:43:12.215-0300] {processor.py:830} INFO - Processing file /home/victor/Área de Trabalho/airflow/venv/lib/python3.10/site-packages/airflow/example_dags/example_branch_labels.py for tasks to queue
[2024-03-02T09:43:12.216-0300] {logging_mixin.py:188} INFO - [2024-03-02T09:43:12.216-0300] {dagbag.py:540} INFO - Filling up the DagBag from /home/victor/Área de Trabalho/airflow/venv/lib/python3.10/site-packages/airflow/example_dags/example_branch_labels.py
[2024-03-02T09:43:12.224-0300] {processor.py:840} INFO - DAG(s) 'example_branch_labels' retrieved from /home/victor/Área de Trabalho/airflow/venv/lib/python3.10/site-packages/airflow/example_dags/example_branch_labels.py
[2024-03-02T09:43:12.253-0300] {logging_mixin.py:188} INFO - [2024-03-02T09:43:12.253-0300] {dag.py:3047} INFO - Sync 1 DAGs
[2024-03-02T09:43:12.277-0300] {logging_mixin.py:188} INFO - [2024-03-02T09:43:12.276-0300] {dag.py:3834} INFO - Setting next_dagrun for example_branch_labels to 2024-03-01 00:00:00+00:00, run_after=2024-03-02 00:00:00+00:00
[2024-03-02T09:43:12.301-0300] {processor.py:183} INFO - Processing /home/victor/Área de Trabalho/airflow/venv/lib/python3.10/site-packages/airflow/example_dags/example_branch_labels.py took 0.091 seconds
[2024-03-02T09:43:42.890-0300] {processor.py:161} INFO - Started process (PID=14924) to work on /home/victor/Área de Trabalho/airflow/venv/lib/python3.10/site-packages/airflow/example_dags/example_branch_labels.py
[2024-03-02T09:43:42.891-0300] {processor.py:830} INFO - Processing file /home/victor/Área de Trabalho/airflow/venv/lib/python3.10/site-packages/airflow/example_dags/example_branch_labels.py for tasks to queue
[2024-03-02T09:43:42.892-0300] {logging_mixin.py:188} INFO - [2024-03-02T09:43:42.891-0300] {dagbag.py:540} INFO - Filling up the DagBag from /home/victor/Área de Trabalho/airflow/venv/lib/python3.10/site-packages/airflow/example_dags/example_branch_labels.py
[2024-03-02T09:43:42.901-0300] {processor.py:840} INFO - DAG(s) 'example_branch_labels' retrieved from /home/victor/Área de Trabalho/airflow/venv/lib/python3.10/site-packages/airflow/example_dags/example_branch_labels.py
[2024-03-02T09:43:42.931-0300] {logging_mixin.py:188} INFO - [2024-03-02T09:43:42.931-0300] {dag.py:3047} INFO - Sync 1 DAGs
[2024-03-02T09:43:42.953-0300] {logging_mixin.py:188} INFO - [2024-03-02T09:43:42.953-0300] {dag.py:3834} INFO - Setting next_dagrun for example_branch_labels to 2024-03-01 00:00:00+00:00, run_after=2024-03-02 00:00:00+00:00
[2024-03-02T09:43:42.973-0300] {processor.py:183} INFO - Processing /home/victor/Área de Trabalho/airflow/venv/lib/python3.10/site-packages/airflow/example_dags/example_branch_labels.py took 0.086 seconds
[2024-03-02T09:44:14.393-0300] {processor.py:161} INFO - Started process (PID=15416) to work on /home/victor/Área de Trabalho/airflow/venv/lib/python3.10/site-packages/airflow/example_dags/example_branch_labels.py
[2024-03-02T09:44:14.396-0300] {processor.py:830} INFO - Processing file /home/victor/Área de Trabalho/airflow/venv/lib/python3.10/site-packages/airflow/example_dags/example_branch_labels.py for tasks to queue
[2024-03-02T09:44:14.397-0300] {logging_mixin.py:188} INFO - [2024-03-02T09:44:14.396-0300] {dagbag.py:540} INFO - Filling up the DagBag from /home/victor/Área de Trabalho/airflow/venv/lib/python3.10/site-packages/airflow/example_dags/example_branch_labels.py
[2024-03-02T09:44:14.405-0300] {processor.py:840} INFO - DAG(s) 'example_branch_labels' retrieved from /home/victor/Área de Trabalho/airflow/venv/lib/python3.10/site-packages/airflow/example_dags/example_branch_labels.py
[2024-03-02T09:44:14.434-0300] {logging_mixin.py:188} INFO - [2024-03-02T09:44:14.433-0300] {dag.py:3047} INFO - Sync 1 DAGs
[2024-03-02T09:44:14.458-0300] {logging_mixin.py:188} INFO - [2024-03-02T09:44:14.458-0300] {dag.py:3834} INFO - Setting next_dagrun for example_branch_labels to 2024-03-01 00:00:00+00:00, run_after=2024-03-02 00:00:00+00:00
[2024-03-02T09:44:14.479-0300] {processor.py:183} INFO - Processing /home/victor/Área de Trabalho/airflow/venv/lib/python3.10/site-packages/airflow/example_dags/example_branch_labels.py took 0.088 seconds
[2024-03-02T09:44:45.070-0300] {processor.py:161} INFO - Started process (PID=15737) to work on /home/victor/Área de Trabalho/airflow/venv/lib/python3.10/site-packages/airflow/example_dags/example_branch_labels.py
[2024-03-02T09:44:45.071-0300] {processor.py:830} INFO - Processing file /home/victor/Área de Trabalho/airflow/venv/lib/python3.10/site-packages/airflow/example_dags/example_branch_labels.py for tasks to queue
[2024-03-02T09:44:45.072-0300] {logging_mixin.py:188} INFO - [2024-03-02T09:44:45.072-0300] {dagbag.py:540} INFO - Filling up the DagBag from /home/victor/Área de Trabalho/airflow/venv/lib/python3.10/site-packages/airflow/example_dags/example_branch_labels.py
[2024-03-02T09:44:45.078-0300] {processor.py:840} INFO - DAG(s) 'example_branch_labels' retrieved from /home/victor/Área de Trabalho/airflow/venv/lib/python3.10/site-packages/airflow/example_dags/example_branch_labels.py
[2024-03-02T09:44:45.107-0300] {logging_mixin.py:188} INFO - [2024-03-02T09:44:45.107-0300] {dag.py:3047} INFO - Sync 1 DAGs
[2024-03-02T09:44:45.132-0300] {logging_mixin.py:188} INFO - [2024-03-02T09:44:45.131-0300] {dag.py:3834} INFO - Setting next_dagrun for example_branch_labels to 2024-03-01 00:00:00+00:00, run_after=2024-03-02 00:00:00+00:00
[2024-03-02T09:44:45.154-0300] {processor.py:183} INFO - Processing /home/victor/Área de Trabalho/airflow/venv/lib/python3.10/site-packages/airflow/example_dags/example_branch_labels.py took 0.087 seconds
[2024-03-02T09:45:16.103-0300] {processor.py:161} INFO - Started process (PID=16223) to work on /home/victor/Área de Trabalho/airflow/venv/lib/python3.10/site-packages/airflow/example_dags/example_branch_labels.py
[2024-03-02T09:45:16.111-0300] {processor.py:830} INFO - Processing file /home/victor/Área de Trabalho/airflow/venv/lib/python3.10/site-packages/airflow/example_dags/example_branch_labels.py for tasks to queue
[2024-03-02T09:45:16.112-0300] {logging_mixin.py:188} INFO - [2024-03-02T09:45:16.111-0300] {dagbag.py:540} INFO - Filling up the DagBag from /home/victor/Área de Trabalho/airflow/venv/lib/python3.10/site-packages/airflow/example_dags/example_branch_labels.py
[2024-03-02T09:45:16.129-0300] {processor.py:840} INFO - DAG(s) 'example_branch_labels' retrieved from /home/victor/Área de Trabalho/airflow/venv/lib/python3.10/site-packages/airflow/example_dags/example_branch_labels.py
[2024-03-02T09:45:16.188-0300] {logging_mixin.py:188} INFO - [2024-03-02T09:45:16.188-0300] {dag.py:3047} INFO - Sync 1 DAGs
[2024-03-02T09:45:16.214-0300] {logging_mixin.py:188} INFO - [2024-03-02T09:45:16.214-0300] {dag.py:3834} INFO - Setting next_dagrun for example_branch_labels to 2024-03-01 00:00:00+00:00, run_after=2024-03-02 00:00:00+00:00
[2024-03-02T09:45:16.241-0300] {processor.py:183} INFO - Processing /home/victor/Área de Trabalho/airflow/venv/lib/python3.10/site-packages/airflow/example_dags/example_branch_labels.py took 0.157 seconds
[2024-03-02T09:45:46.864-0300] {processor.py:161} INFO - Started process (PID=16729) to work on /home/victor/Área de Trabalho/airflow/venv/lib/python3.10/site-packages/airflow/example_dags/example_branch_labels.py
[2024-03-02T09:45:46.865-0300] {processor.py:830} INFO - Processing file /home/victor/Área de Trabalho/airflow/venv/lib/python3.10/site-packages/airflow/example_dags/example_branch_labels.py for tasks to queue
[2024-03-02T09:45:46.866-0300] {logging_mixin.py:188} INFO - [2024-03-02T09:45:46.866-0300] {dagbag.py:540} INFO - Filling up the DagBag from /home/victor/Área de Trabalho/airflow/venv/lib/python3.10/site-packages/airflow/example_dags/example_branch_labels.py
[2024-03-02T09:45:46.873-0300] {processor.py:840} INFO - DAG(s) 'example_branch_labels' retrieved from /home/victor/Área de Trabalho/airflow/venv/lib/python3.10/site-packages/airflow/example_dags/example_branch_labels.py
[2024-03-02T09:45:46.904-0300] {logging_mixin.py:188} INFO - [2024-03-02T09:45:46.903-0300] {dag.py:3047} INFO - Sync 1 DAGs
[2024-03-02T09:45:46.928-0300] {logging_mixin.py:188} INFO - [2024-03-02T09:45:46.928-0300] {dag.py:3834} INFO - Setting next_dagrun for example_branch_labels to 2024-03-01 00:00:00+00:00, run_after=2024-03-02 00:00:00+00:00
[2024-03-02T09:45:46.946-0300] {processor.py:183} INFO - Processing /home/victor/Área de Trabalho/airflow/venv/lib/python3.10/site-packages/airflow/example_dags/example_branch_labels.py took 0.084 seconds
[2024-03-02T09:46:18.665-0300] {processor.py:161} INFO - Started process (PID=17212) to work on /home/victor/Área de Trabalho/airflow/venv/lib/python3.10/site-packages/airflow/example_dags/example_branch_labels.py
[2024-03-02T09:46:18.667-0300] {processor.py:830} INFO - Processing file /home/victor/Área de Trabalho/airflow/venv/lib/python3.10/site-packages/airflow/example_dags/example_branch_labels.py for tasks to queue
[2024-03-02T09:46:18.667-0300] {logging_mixin.py:188} INFO - [2024-03-02T09:46:18.667-0300] {dagbag.py:540} INFO - Filling up the DagBag from /home/victor/Área de Trabalho/airflow/venv/lib/python3.10/site-packages/airflow/example_dags/example_branch_labels.py
[2024-03-02T09:46:18.675-0300] {processor.py:840} INFO - DAG(s) 'example_branch_labels' retrieved from /home/victor/Área de Trabalho/airflow/venv/lib/python3.10/site-packages/airflow/example_dags/example_branch_labels.py
[2024-03-02T09:46:18.707-0300] {logging_mixin.py:188} INFO - [2024-03-02T09:46:18.707-0300] {dag.py:3047} INFO - Sync 1 DAGs
[2024-03-02T09:46:18.730-0300] {logging_mixin.py:188} INFO - [2024-03-02T09:46:18.730-0300] {dag.py:3834} INFO - Setting next_dagrun for example_branch_labels to 2024-03-01 00:00:00+00:00, run_after=2024-03-02 00:00:00+00:00
[2024-03-02T09:46:18.750-0300] {processor.py:183} INFO - Processing /home/victor/Área de Trabalho/airflow/venv/lib/python3.10/site-packages/airflow/example_dags/example_branch_labels.py took 0.088 seconds
[2024-03-02T09:46:49.178-0300] {processor.py:161} INFO - Started process (PID=17535) to work on /home/victor/Área de Trabalho/airflow/venv/lib/python3.10/site-packages/airflow/example_dags/example_branch_labels.py
[2024-03-02T09:46:49.179-0300] {processor.py:830} INFO - Processing file /home/victor/Área de Trabalho/airflow/venv/lib/python3.10/site-packages/airflow/example_dags/example_branch_labels.py for tasks to queue
[2024-03-02T09:46:49.180-0300] {logging_mixin.py:188} INFO - [2024-03-02T09:46:49.179-0300] {dagbag.py:540} INFO - Filling up the DagBag from /home/victor/Área de Trabalho/airflow/venv/lib/python3.10/site-packages/airflow/example_dags/example_branch_labels.py
[2024-03-02T09:46:49.187-0300] {processor.py:840} INFO - DAG(s) 'example_branch_labels' retrieved from /home/victor/Área de Trabalho/airflow/venv/lib/python3.10/site-packages/airflow/example_dags/example_branch_labels.py
[2024-03-02T09:46:49.215-0300] {logging_mixin.py:188} INFO - [2024-03-02T09:46:49.215-0300] {dag.py:3047} INFO - Sync 1 DAGs
[2024-03-02T09:46:49.237-0300] {logging_mixin.py:188} INFO - [2024-03-02T09:46:49.237-0300] {dag.py:3834} INFO - Setting next_dagrun for example_branch_labels to 2024-03-01 00:00:00+00:00, run_after=2024-03-02 00:00:00+00:00
[2024-03-02T09:46:49.254-0300] {processor.py:183} INFO - Processing /home/victor/Área de Trabalho/airflow/venv/lib/python3.10/site-packages/airflow/example_dags/example_branch_labels.py took 0.079 seconds
[2024-03-02T09:47:20.182-0300] {processor.py:161} INFO - Started process (PID=18193) to work on /home/victor/Área de Trabalho/airflow/venv/lib/python3.10/site-packages/airflow/example_dags/example_branch_labels.py
[2024-03-02T09:47:20.182-0300] {processor.py:830} INFO - Processing file /home/victor/Área de Trabalho/airflow/venv/lib/python3.10/site-packages/airflow/example_dags/example_branch_labels.py for tasks to queue
[2024-03-02T09:47:20.183-0300] {logging_mixin.py:188} INFO - [2024-03-02T09:47:20.183-0300] {dagbag.py:540} INFO - Filling up the DagBag from /home/victor/Área de Trabalho/airflow/venv/lib/python3.10/site-packages/airflow/example_dags/example_branch_labels.py
[2024-03-02T09:47:20.192-0300] {processor.py:840} INFO - DAG(s) 'example_branch_labels' retrieved from /home/victor/Área de Trabalho/airflow/venv/lib/python3.10/site-packages/airflow/example_dags/example_branch_labels.py
[2024-03-02T09:47:20.220-0300] {logging_mixin.py:188} INFO - [2024-03-02T09:47:20.220-0300] {dag.py:3047} INFO - Sync 1 DAGs
[2024-03-02T09:47:20.244-0300] {logging_mixin.py:188} INFO - [2024-03-02T09:47:20.244-0300] {dag.py:3834} INFO - Setting next_dagrun for example_branch_labels to 2024-03-01 00:00:00+00:00, run_after=2024-03-02 00:00:00+00:00
[2024-03-02T09:47:20.264-0300] {processor.py:183} INFO - Processing /home/victor/Área de Trabalho/airflow/venv/lib/python3.10/site-packages/airflow/example_dags/example_branch_labels.py took 0.085 seconds
[2024-03-02T09:47:50.766-0300] {processor.py:161} INFO - Started process (PID=18513) to work on /home/victor/Área de Trabalho/airflow/venv/lib/python3.10/site-packages/airflow/example_dags/example_branch_labels.py
[2024-03-02T09:47:50.768-0300] {processor.py:830} INFO - Processing file /home/victor/Área de Trabalho/airflow/venv/lib/python3.10/site-packages/airflow/example_dags/example_branch_labels.py for tasks to queue
[2024-03-02T09:47:50.769-0300] {logging_mixin.py:188} INFO - [2024-03-02T09:47:50.769-0300] {dagbag.py:540} INFO - Filling up the DagBag from /home/victor/Área de Trabalho/airflow/venv/lib/python3.10/site-packages/airflow/example_dags/example_branch_labels.py
[2024-03-02T09:47:50.776-0300] {processor.py:840} INFO - DAG(s) 'example_branch_labels' retrieved from /home/victor/Área de Trabalho/airflow/venv/lib/python3.10/site-packages/airflow/example_dags/example_branch_labels.py
[2024-03-02T09:47:50.808-0300] {logging_mixin.py:188} INFO - [2024-03-02T09:47:50.808-0300] {dag.py:3047} INFO - Sync 1 DAGs
[2024-03-02T09:47:50.836-0300] {logging_mixin.py:188} INFO - [2024-03-02T09:47:50.835-0300] {dag.py:3834} INFO - Setting next_dagrun for example_branch_labels to 2024-03-01 00:00:00+00:00, run_after=2024-03-02 00:00:00+00:00
[2024-03-02T09:47:50.857-0300] {processor.py:183} INFO - Processing /home/victor/Área de Trabalho/airflow/venv/lib/python3.10/site-packages/airflow/example_dags/example_branch_labels.py took 0.093 seconds
[2024-03-02T09:48:21.424-0300] {processor.py:161} INFO - Started process (PID=19000) to work on /home/victor/Área de Trabalho/airflow/venv/lib/python3.10/site-packages/airflow/example_dags/example_branch_labels.py
[2024-03-02T09:48:21.425-0300] {processor.py:830} INFO - Processing file /home/victor/Área de Trabalho/airflow/venv/lib/python3.10/site-packages/airflow/example_dags/example_branch_labels.py for tasks to queue
[2024-03-02T09:48:21.425-0300] {logging_mixin.py:188} INFO - [2024-03-02T09:48:21.425-0300] {dagbag.py:540} INFO - Filling up the DagBag from /home/victor/Área de Trabalho/airflow/venv/lib/python3.10/site-packages/airflow/example_dags/example_branch_labels.py
[2024-03-02T09:48:21.434-0300] {processor.py:840} INFO - DAG(s) 'example_branch_labels' retrieved from /home/victor/Área de Trabalho/airflow/venv/lib/python3.10/site-packages/airflow/example_dags/example_branch_labels.py
[2024-03-02T09:48:21.462-0300] {logging_mixin.py:188} INFO - [2024-03-02T09:48:21.462-0300] {dag.py:3047} INFO - Sync 1 DAGs
[2024-03-02T09:48:21.486-0300] {logging_mixin.py:188} INFO - [2024-03-02T09:48:21.486-0300] {dag.py:3834} INFO - Setting next_dagrun for example_branch_labels to 2024-03-01 00:00:00+00:00, run_after=2024-03-02 00:00:00+00:00
[2024-03-02T09:48:21.506-0300] {processor.py:183} INFO - Processing /home/victor/Área de Trabalho/airflow/venv/lib/python3.10/site-packages/airflow/example_dags/example_branch_labels.py took 0.084 seconds
[2024-03-02T09:48:52.324-0300] {processor.py:161} INFO - Started process (PID=19343) to work on /home/victor/Área de Trabalho/airflow/venv/lib/python3.10/site-packages/airflow/example_dags/example_branch_labels.py
[2024-03-02T09:48:52.325-0300] {processor.py:830} INFO - Processing file /home/victor/Área de Trabalho/airflow/venv/lib/python3.10/site-packages/airflow/example_dags/example_branch_labels.py for tasks to queue
[2024-03-02T09:48:52.327-0300] {logging_mixin.py:188} INFO - [2024-03-02T09:48:52.326-0300] {dagbag.py:540} INFO - Filling up the DagBag from /home/victor/Área de Trabalho/airflow/venv/lib/python3.10/site-packages/airflow/example_dags/example_branch_labels.py
[2024-03-02T09:48:52.334-0300] {processor.py:840} INFO - DAG(s) 'example_branch_labels' retrieved from /home/victor/Área de Trabalho/airflow/venv/lib/python3.10/site-packages/airflow/example_dags/example_branch_labels.py
[2024-03-02T09:48:52.367-0300] {logging_mixin.py:188} INFO - [2024-03-02T09:48:52.367-0300] {dag.py:3047} INFO - Sync 1 DAGs
[2024-03-02T09:48:52.396-0300] {logging_mixin.py:188} INFO - [2024-03-02T09:48:52.395-0300] {dag.py:3834} INFO - Setting next_dagrun for example_branch_labels to 2024-03-01 00:00:00+00:00, run_after=2024-03-02 00:00:00+00:00
[2024-03-02T09:48:52.419-0300] {processor.py:183} INFO - Processing /home/victor/Área de Trabalho/airflow/venv/lib/python3.10/site-packages/airflow/example_dags/example_branch_labels.py took 0.099 seconds
[2024-03-02T09:49:22.997-0300] {processor.py:161} INFO - Started process (PID=19825) to work on /home/victor/Área de Trabalho/airflow/venv/lib/python3.10/site-packages/airflow/example_dags/example_branch_labels.py
[2024-03-02T09:49:22.998-0300] {processor.py:830} INFO - Processing file /home/victor/Área de Trabalho/airflow/venv/lib/python3.10/site-packages/airflow/example_dags/example_branch_labels.py for tasks to queue
[2024-03-02T09:49:22.998-0300] {logging_mixin.py:188} INFO - [2024-03-02T09:49:22.998-0300] {dagbag.py:540} INFO - Filling up the DagBag from /home/victor/Área de Trabalho/airflow/venv/lib/python3.10/site-packages/airflow/example_dags/example_branch_labels.py
[2024-03-02T09:49:23.006-0300] {processor.py:840} INFO - DAG(s) 'example_branch_labels' retrieved from /home/victor/Área de Trabalho/airflow/venv/lib/python3.10/site-packages/airflow/example_dags/example_branch_labels.py
[2024-03-02T09:49:23.036-0300] {logging_mixin.py:188} INFO - [2024-03-02T09:49:23.036-0300] {dag.py:3047} INFO - Sync 1 DAGs
[2024-03-02T09:49:23.062-0300] {logging_mixin.py:188} INFO - [2024-03-02T09:49:23.062-0300] {dag.py:3834} INFO - Setting next_dagrun for example_branch_labels to 2024-03-01 00:00:00+00:00, run_after=2024-03-02 00:00:00+00:00
[2024-03-02T09:49:23.085-0300] {processor.py:183} INFO - Processing /home/victor/Área de Trabalho/airflow/venv/lib/python3.10/site-packages/airflow/example_dags/example_branch_labels.py took 0.091 seconds
[2024-03-02T09:49:53.739-0300] {processor.py:161} INFO - Started process (PID=20148) to work on /home/victor/Área de Trabalho/airflow/venv/lib/python3.10/site-packages/airflow/example_dags/example_branch_labels.py
[2024-03-02T09:49:53.740-0300] {processor.py:830} INFO - Processing file /home/victor/Área de Trabalho/airflow/venv/lib/python3.10/site-packages/airflow/example_dags/example_branch_labels.py for tasks to queue
[2024-03-02T09:49:53.741-0300] {logging_mixin.py:188} INFO - [2024-03-02T09:49:53.741-0300] {dagbag.py:540} INFO - Filling up the DagBag from /home/victor/Área de Trabalho/airflow/venv/lib/python3.10/site-packages/airflow/example_dags/example_branch_labels.py
[2024-03-02T09:49:53.748-0300] {processor.py:840} INFO - DAG(s) 'example_branch_labels' retrieved from /home/victor/Área de Trabalho/airflow/venv/lib/python3.10/site-packages/airflow/example_dags/example_branch_labels.py
[2024-03-02T09:49:53.777-0300] {logging_mixin.py:188} INFO - [2024-03-02T09:49:53.777-0300] {dag.py:3047} INFO - Sync 1 DAGs
[2024-03-02T09:49:53.802-0300] {logging_mixin.py:188} INFO - [2024-03-02T09:49:53.802-0300] {dag.py:3834} INFO - Setting next_dagrun for example_branch_labels to 2024-03-01 00:00:00+00:00, run_after=2024-03-02 00:00:00+00:00
[2024-03-02T09:49:53.821-0300] {processor.py:183} INFO - Processing /home/victor/Área de Trabalho/airflow/venv/lib/python3.10/site-packages/airflow/example_dags/example_branch_labels.py took 0.085 seconds
[2024-03-02T09:50:24.323-0300] {processor.py:161} INFO - Started process (PID=20629) to work on /home/victor/Área de Trabalho/airflow/venv/lib/python3.10/site-packages/airflow/example_dags/example_branch_labels.py
[2024-03-02T09:50:24.323-0300] {processor.py:830} INFO - Processing file /home/victor/Área de Trabalho/airflow/venv/lib/python3.10/site-packages/airflow/example_dags/example_branch_labels.py for tasks to queue
[2024-03-02T09:50:24.324-0300] {logging_mixin.py:188} INFO - [2024-03-02T09:50:24.324-0300] {dagbag.py:540} INFO - Filling up the DagBag from /home/victor/Área de Trabalho/airflow/venv/lib/python3.10/site-packages/airflow/example_dags/example_branch_labels.py
[2024-03-02T09:50:24.332-0300] {processor.py:840} INFO - DAG(s) 'example_branch_labels' retrieved from /home/victor/Área de Trabalho/airflow/venv/lib/python3.10/site-packages/airflow/example_dags/example_branch_labels.py
[2024-03-02T09:50:24.361-0300] {logging_mixin.py:188} INFO - [2024-03-02T09:50:24.361-0300] {dag.py:3047} INFO - Sync 1 DAGs
[2024-03-02T09:50:24.383-0300] {logging_mixin.py:188} INFO - [2024-03-02T09:50:24.382-0300] {dag.py:3834} INFO - Setting next_dagrun for example_branch_labels to 2024-03-01 00:00:00+00:00, run_after=2024-03-02 00:00:00+00:00
[2024-03-02T09:50:24.400-0300] {processor.py:183} INFO - Processing /home/victor/Área de Trabalho/airflow/venv/lib/python3.10/site-packages/airflow/example_dags/example_branch_labels.py took 0.081 seconds
[2024-03-02T09:50:55.785-0300] {processor.py:161} INFO - Started process (PID=20985) to work on /home/victor/Área de Trabalho/airflow/venv/lib/python3.10/site-packages/airflow/example_dags/example_branch_labels.py
[2024-03-02T09:50:55.785-0300] {processor.py:830} INFO - Processing file /home/victor/Área de Trabalho/airflow/venv/lib/python3.10/site-packages/airflow/example_dags/example_branch_labels.py for tasks to queue
[2024-03-02T09:50:55.786-0300] {logging_mixin.py:188} INFO - [2024-03-02T09:50:55.786-0300] {dagbag.py:540} INFO - Filling up the DagBag from /home/victor/Área de Trabalho/airflow/venv/lib/python3.10/site-packages/airflow/example_dags/example_branch_labels.py
[2024-03-02T09:50:55.793-0300] {processor.py:840} INFO - DAG(s) 'example_branch_labels' retrieved from /home/victor/Área de Trabalho/airflow/venv/lib/python3.10/site-packages/airflow/example_dags/example_branch_labels.py
[2024-03-02T09:50:55.821-0300] {logging_mixin.py:188} INFO - [2024-03-02T09:50:55.821-0300] {dag.py:3047} INFO - Sync 1 DAGs
[2024-03-02T09:50:55.844-0300] {logging_mixin.py:188} INFO - [2024-03-02T09:50:55.844-0300] {dag.py:3834} INFO - Setting next_dagrun for example_branch_labels to 2024-03-01 00:00:00+00:00, run_after=2024-03-02 00:00:00+00:00
[2024-03-02T09:50:55.861-0300] {processor.py:183} INFO - Processing /home/victor/Área de Trabalho/airflow/venv/lib/python3.10/site-packages/airflow/example_dags/example_branch_labels.py took 0.080 seconds
[2024-03-02T09:51:26.490-0300] {processor.py:161} INFO - Started process (PID=21466) to work on /home/victor/Área de Trabalho/airflow/venv/lib/python3.10/site-packages/airflow/example_dags/example_branch_labels.py
[2024-03-02T09:51:26.491-0300] {processor.py:830} INFO - Processing file /home/victor/Área de Trabalho/airflow/venv/lib/python3.10/site-packages/airflow/example_dags/example_branch_labels.py for tasks to queue
[2024-03-02T09:51:26.492-0300] {logging_mixin.py:188} INFO - [2024-03-02T09:51:26.491-0300] {dagbag.py:540} INFO - Filling up the DagBag from /home/victor/Área de Trabalho/airflow/venv/lib/python3.10/site-packages/airflow/example_dags/example_branch_labels.py
[2024-03-02T09:51:26.499-0300] {processor.py:840} INFO - DAG(s) 'example_branch_labels' retrieved from /home/victor/Área de Trabalho/airflow/venv/lib/python3.10/site-packages/airflow/example_dags/example_branch_labels.py
[2024-03-02T09:51:26.528-0300] {logging_mixin.py:188} INFO - [2024-03-02T09:51:26.527-0300] {dag.py:3047} INFO - Sync 1 DAGs
[2024-03-02T09:51:26.549-0300] {logging_mixin.py:188} INFO - [2024-03-02T09:51:26.549-0300] {dag.py:3834} INFO - Setting next_dagrun for example_branch_labels to 2024-03-01 00:00:00+00:00, run_after=2024-03-02 00:00:00+00:00
[2024-03-02T09:51:26.571-0300] {processor.py:183} INFO - Processing /home/victor/Área de Trabalho/airflow/venv/lib/python3.10/site-packages/airflow/example_dags/example_branch_labels.py took 0.084 seconds
[2024-03-02T09:51:57.173-0300] {processor.py:161} INFO - Started process (PID=21789) to work on /home/victor/Área de Trabalho/airflow/venv/lib/python3.10/site-packages/airflow/example_dags/example_branch_labels.py
[2024-03-02T09:51:57.174-0300] {processor.py:830} INFO - Processing file /home/victor/Área de Trabalho/airflow/venv/lib/python3.10/site-packages/airflow/example_dags/example_branch_labels.py for tasks to queue
[2024-03-02T09:51:57.174-0300] {logging_mixin.py:188} INFO - [2024-03-02T09:51:57.174-0300] {dagbag.py:540} INFO - Filling up the DagBag from /home/victor/Área de Trabalho/airflow/venv/lib/python3.10/site-packages/airflow/example_dags/example_branch_labels.py
[2024-03-02T09:51:57.181-0300] {processor.py:840} INFO - DAG(s) 'example_branch_labels' retrieved from /home/victor/Área de Trabalho/airflow/venv/lib/python3.10/site-packages/airflow/example_dags/example_branch_labels.py
[2024-03-02T09:51:57.210-0300] {logging_mixin.py:188} INFO - [2024-03-02T09:51:57.210-0300] {dag.py:3047} INFO - Sync 1 DAGs
[2024-03-02T09:51:57.234-0300] {logging_mixin.py:188} INFO - [2024-03-02T09:51:57.234-0300] {dag.py:3834} INFO - Setting next_dagrun for example_branch_labels to 2024-03-01 00:00:00+00:00, run_after=2024-03-02 00:00:00+00:00
[2024-03-02T09:51:57.253-0300] {processor.py:183} INFO - Processing /home/victor/Área de Trabalho/airflow/venv/lib/python3.10/site-packages/airflow/example_dags/example_branch_labels.py took 0.083 seconds
[2024-03-02T09:52:27.748-0300] {processor.py:161} INFO - Started process (PID=22434) to work on /home/victor/Área de Trabalho/airflow/venv/lib/python3.10/site-packages/airflow/example_dags/example_branch_labels.py
[2024-03-02T09:52:27.749-0300] {processor.py:830} INFO - Processing file /home/victor/Área de Trabalho/airflow/venv/lib/python3.10/site-packages/airflow/example_dags/example_branch_labels.py for tasks to queue
[2024-03-02T09:52:27.749-0300] {logging_mixin.py:188} INFO - [2024-03-02T09:52:27.749-0300] {dagbag.py:540} INFO - Filling up the DagBag from /home/victor/Área de Trabalho/airflow/venv/lib/python3.10/site-packages/airflow/example_dags/example_branch_labels.py
[2024-03-02T09:52:27.763-0300] {processor.py:840} INFO - DAG(s) 'example_branch_labels' retrieved from /home/victor/Área de Trabalho/airflow/venv/lib/python3.10/site-packages/airflow/example_dags/example_branch_labels.py
[2024-03-02T09:52:27.791-0300] {logging_mixin.py:188} INFO - [2024-03-02T09:52:27.790-0300] {dag.py:3047} INFO - Sync 1 DAGs
[2024-03-02T09:52:27.813-0300] {logging_mixin.py:188} INFO - [2024-03-02T09:52:27.813-0300] {dag.py:3834} INFO - Setting next_dagrun for example_branch_labels to 2024-03-01 00:00:00+00:00, run_after=2024-03-02 00:00:00+00:00
[2024-03-02T09:52:27.833-0300] {processor.py:183} INFO - Processing /home/victor/Área de Trabalho/airflow/venv/lib/python3.10/site-packages/airflow/example_dags/example_branch_labels.py took 0.088 seconds
[2024-03-02T09:52:58.388-0300] {processor.py:161} INFO - Started process (PID=22755) to work on /home/victor/Área de Trabalho/airflow/venv/lib/python3.10/site-packages/airflow/example_dags/example_branch_labels.py
[2024-03-02T09:52:58.389-0300] {processor.py:830} INFO - Processing file /home/victor/Área de Trabalho/airflow/venv/lib/python3.10/site-packages/airflow/example_dags/example_branch_labels.py for tasks to queue
[2024-03-02T09:52:58.390-0300] {logging_mixin.py:188} INFO - [2024-03-02T09:52:58.389-0300] {dagbag.py:540} INFO - Filling up the DagBag from /home/victor/Área de Trabalho/airflow/venv/lib/python3.10/site-packages/airflow/example_dags/example_branch_labels.py
[2024-03-02T09:52:58.397-0300] {processor.py:840} INFO - DAG(s) 'example_branch_labels' retrieved from /home/victor/Área de Trabalho/airflow/venv/lib/python3.10/site-packages/airflow/example_dags/example_branch_labels.py
[2024-03-02T09:52:58.428-0300] {logging_mixin.py:188} INFO - [2024-03-02T09:52:58.428-0300] {dag.py:3047} INFO - Sync 1 DAGs
[2024-03-02T09:52:58.452-0300] {logging_mixin.py:188} INFO - [2024-03-02T09:52:58.452-0300] {dag.py:3834} INFO - Setting next_dagrun for example_branch_labels to 2024-03-01 00:00:00+00:00, run_after=2024-03-02 00:00:00+00:00
[2024-03-02T09:52:58.471-0300] {processor.py:183} INFO - Processing /home/victor/Área de Trabalho/airflow/venv/lib/python3.10/site-packages/airflow/example_dags/example_branch_labels.py took 0.086 seconds
[2024-03-02T09:53:28.956-0300] {processor.py:161} INFO - Started process (PID=23240) to work on /home/victor/Área de Trabalho/airflow/venv/lib/python3.10/site-packages/airflow/example_dags/example_branch_labels.py
[2024-03-02T09:53:28.957-0300] {processor.py:830} INFO - Processing file /home/victor/Área de Trabalho/airflow/venv/lib/python3.10/site-packages/airflow/example_dags/example_branch_labels.py for tasks to queue
[2024-03-02T09:53:28.958-0300] {logging_mixin.py:188} INFO - [2024-03-02T09:53:28.957-0300] {dagbag.py:540} INFO - Filling up the DagBag from /home/victor/Área de Trabalho/airflow/venv/lib/python3.10/site-packages/airflow/example_dags/example_branch_labels.py
[2024-03-02T09:53:28.965-0300] {processor.py:840} INFO - DAG(s) 'example_branch_labels' retrieved from /home/victor/Área de Trabalho/airflow/venv/lib/python3.10/site-packages/airflow/example_dags/example_branch_labels.py
[2024-03-02T09:53:28.993-0300] {logging_mixin.py:188} INFO - [2024-03-02T09:53:28.993-0300] {dag.py:3047} INFO - Sync 1 DAGs
[2024-03-02T09:53:29.016-0300] {logging_mixin.py:188} INFO - [2024-03-02T09:53:29.016-0300] {dag.py:3834} INFO - Setting next_dagrun for example_branch_labels to 2024-03-01 00:00:00+00:00, run_after=2024-03-02 00:00:00+00:00
[2024-03-02T09:53:29.035-0300] {processor.py:183} INFO - Processing /home/victor/Área de Trabalho/airflow/venv/lib/python3.10/site-packages/airflow/example_dags/example_branch_labels.py took 0.082 seconds
[2024-03-02T09:53:59.562-0300] {processor.py:161} INFO - Started process (PID=23619) to work on /home/victor/Área de Trabalho/airflow/venv/lib/python3.10/site-packages/airflow/example_dags/example_branch_labels.py
[2024-03-02T09:53:59.563-0300] {processor.py:830} INFO - Processing file /home/victor/Área de Trabalho/airflow/venv/lib/python3.10/site-packages/airflow/example_dags/example_branch_labels.py for tasks to queue
[2024-03-02T09:53:59.563-0300] {logging_mixin.py:188} INFO - [2024-03-02T09:53:59.563-0300] {dagbag.py:540} INFO - Filling up the DagBag from /home/victor/Área de Trabalho/airflow/venv/lib/python3.10/site-packages/airflow/example_dags/example_branch_labels.py
[2024-03-02T09:53:59.570-0300] {processor.py:840} INFO - DAG(s) 'example_branch_labels' retrieved from /home/victor/Área de Trabalho/airflow/venv/lib/python3.10/site-packages/airflow/example_dags/example_branch_labels.py
[2024-03-02T09:53:59.598-0300] {logging_mixin.py:188} INFO - [2024-03-02T09:53:59.598-0300] {dag.py:3047} INFO - Sync 1 DAGs
[2024-03-02T09:53:59.624-0300] {logging_mixin.py:188} INFO - [2024-03-02T09:53:59.624-0300] {dag.py:3834} INFO - Setting next_dagrun for example_branch_labels to 2024-03-01 00:00:00+00:00, run_after=2024-03-02 00:00:00+00:00
[2024-03-02T09:53:59.645-0300] {processor.py:183} INFO - Processing /home/victor/Área de Trabalho/airflow/venv/lib/python3.10/site-packages/airflow/example_dags/example_branch_labels.py took 0.086 seconds
[2024-03-02T09:54:30.769-0300] {processor.py:161} INFO - Started process (PID=24206) to work on /home/victor/Área de Trabalho/airflow/venv/lib/python3.10/site-packages/airflow/example_dags/example_branch_labels.py
[2024-03-02T09:54:30.770-0300] {processor.py:830} INFO - Processing file /home/victor/Área de Trabalho/airflow/venv/lib/python3.10/site-packages/airflow/example_dags/example_branch_labels.py for tasks to queue
[2024-03-02T09:54:30.771-0300] {logging_mixin.py:188} INFO - [2024-03-02T09:54:30.770-0300] {dagbag.py:540} INFO - Filling up the DagBag from /home/victor/Área de Trabalho/airflow/venv/lib/python3.10/site-packages/airflow/example_dags/example_branch_labels.py
[2024-03-02T09:54:30.783-0300] {processor.py:840} INFO - DAG(s) 'example_branch_labels' retrieved from /home/victor/Área de Trabalho/airflow/venv/lib/python3.10/site-packages/airflow/example_dags/example_branch_labels.py
[2024-03-02T09:54:30.819-0300] {logging_mixin.py:188} INFO - [2024-03-02T09:54:30.819-0300] {dag.py:3047} INFO - Sync 1 DAGs
[2024-03-02T09:54:30.841-0300] {logging_mixin.py:188} INFO - [2024-03-02T09:54:30.841-0300] {dag.py:3834} INFO - Setting next_dagrun for example_branch_labels to 2024-03-01 00:00:00+00:00, run_after=2024-03-02 00:00:00+00:00
[2024-03-02T09:54:30.860-0300] {processor.py:183} INFO - Processing /home/victor/Área de Trabalho/airflow/venv/lib/python3.10/site-packages/airflow/example_dags/example_branch_labels.py took 0.094 seconds
[2024-03-02T09:55:01.392-0300] {processor.py:161} INFO - Started process (PID=24769) to work on /home/victor/Área de Trabalho/airflow/venv/lib/python3.10/site-packages/airflow/example_dags/example_branch_labels.py
[2024-03-02T09:55:01.394-0300] {processor.py:830} INFO - Processing file /home/victor/Área de Trabalho/airflow/venv/lib/python3.10/site-packages/airflow/example_dags/example_branch_labels.py for tasks to queue
[2024-03-02T09:55:01.395-0300] {logging_mixin.py:188} INFO - [2024-03-02T09:55:01.394-0300] {dagbag.py:540} INFO - Filling up the DagBag from /home/victor/Área de Trabalho/airflow/venv/lib/python3.10/site-packages/airflow/example_dags/example_branch_labels.py
[2024-03-02T09:55:01.402-0300] {processor.py:840} INFO - DAG(s) 'example_branch_labels' retrieved from /home/victor/Área de Trabalho/airflow/venv/lib/python3.10/site-packages/airflow/example_dags/example_branch_labels.py
[2024-03-02T09:55:01.430-0300] {logging_mixin.py:188} INFO - [2024-03-02T09:55:01.430-0300] {dag.py:3047} INFO - Sync 1 DAGs
[2024-03-02T09:55:01.452-0300] {logging_mixin.py:188} INFO - [2024-03-02T09:55:01.452-0300] {dag.py:3834} INFO - Setting next_dagrun for example_branch_labels to 2024-03-01 00:00:00+00:00, run_after=2024-03-02 00:00:00+00:00
[2024-03-02T09:55:01.475-0300] {processor.py:183} INFO - Processing /home/victor/Área de Trabalho/airflow/venv/lib/python3.10/site-packages/airflow/example_dags/example_branch_labels.py took 0.086 seconds
[2024-03-02T09:55:32.049-0300] {processor.py:161} INFO - Started process (PID=25235) to work on /home/victor/Área de Trabalho/airflow/venv/lib/python3.10/site-packages/airflow/example_dags/example_branch_labels.py
[2024-03-02T09:55:32.050-0300] {processor.py:830} INFO - Processing file /home/victor/Área de Trabalho/airflow/venv/lib/python3.10/site-packages/airflow/example_dags/example_branch_labels.py for tasks to queue
[2024-03-02T09:55:32.050-0300] {logging_mixin.py:188} INFO - [2024-03-02T09:55:32.050-0300] {dagbag.py:540} INFO - Filling up the DagBag from /home/victor/Área de Trabalho/airflow/venv/lib/python3.10/site-packages/airflow/example_dags/example_branch_labels.py
[2024-03-02T09:55:32.057-0300] {processor.py:840} INFO - DAG(s) 'example_branch_labels' retrieved from /home/victor/Área de Trabalho/airflow/venv/lib/python3.10/site-packages/airflow/example_dags/example_branch_labels.py
[2024-03-02T09:55:32.085-0300] {logging_mixin.py:188} INFO - [2024-03-02T09:55:32.084-0300] {dag.py:3047} INFO - Sync 1 DAGs
[2024-03-02T09:55:32.105-0300] {logging_mixin.py:188} INFO - [2024-03-02T09:55:32.104-0300] {dag.py:3834} INFO - Setting next_dagrun for example_branch_labels to 2024-03-01 00:00:00+00:00, run_after=2024-03-02 00:00:00+00:00
[2024-03-02T09:55:32.122-0300] {processor.py:183} INFO - Processing /home/victor/Área de Trabalho/airflow/venv/lib/python3.10/site-packages/airflow/example_dags/example_branch_labels.py took 0.076 seconds
[2024-03-02T09:56:02.451-0300] {processor.py:161} INFO - Started process (PID=25741) to work on /home/victor/Área de Trabalho/airflow/venv/lib/python3.10/site-packages/airflow/example_dags/example_branch_labels.py
[2024-03-02T09:56:02.452-0300] {processor.py:830} INFO - Processing file /home/victor/Área de Trabalho/airflow/venv/lib/python3.10/site-packages/airflow/example_dags/example_branch_labels.py for tasks to queue
[2024-03-02T09:56:02.453-0300] {logging_mixin.py:188} INFO - [2024-03-02T09:56:02.453-0300] {dagbag.py:540} INFO - Filling up the DagBag from /home/victor/Área de Trabalho/airflow/venv/lib/python3.10/site-packages/airflow/example_dags/example_branch_labels.py
[2024-03-02T09:56:02.460-0300] {processor.py:840} INFO - DAG(s) 'example_branch_labels' retrieved from /home/victor/Área de Trabalho/airflow/venv/lib/python3.10/site-packages/airflow/example_dags/example_branch_labels.py
[2024-03-02T09:56:02.485-0300] {logging_mixin.py:188} INFO - [2024-03-02T09:56:02.485-0300] {dag.py:3047} INFO - Sync 1 DAGs
[2024-03-02T09:56:02.506-0300] {logging_mixin.py:188} INFO - [2024-03-02T09:56:02.506-0300] {dag.py:3834} INFO - Setting next_dagrun for example_branch_labels to 2024-03-01 00:00:00+00:00, run_after=2024-03-02 00:00:00+00:00
[2024-03-02T09:56:02.524-0300] {processor.py:183} INFO - Processing /home/victor/Área de Trabalho/airflow/venv/lib/python3.10/site-packages/airflow/example_dags/example_branch_labels.py took 0.075 seconds
[2024-03-02T09:56:32.798-0300] {processor.py:161} INFO - Started process (PID=26061) to work on /home/victor/Área de Trabalho/airflow/venv/lib/python3.10/site-packages/airflow/example_dags/example_branch_labels.py
[2024-03-02T09:56:32.799-0300] {processor.py:830} INFO - Processing file /home/victor/Área de Trabalho/airflow/venv/lib/python3.10/site-packages/airflow/example_dags/example_branch_labels.py for tasks to queue
[2024-03-02T09:56:32.800-0300] {logging_mixin.py:188} INFO - [2024-03-02T09:56:32.799-0300] {dagbag.py:540} INFO - Filling up the DagBag from /home/victor/Área de Trabalho/airflow/venv/lib/python3.10/site-packages/airflow/example_dags/example_branch_labels.py
[2024-03-02T09:56:32.806-0300] {processor.py:840} INFO - DAG(s) 'example_branch_labels' retrieved from /home/victor/Área de Trabalho/airflow/venv/lib/python3.10/site-packages/airflow/example_dags/example_branch_labels.py
[2024-03-02T09:56:32.833-0300] {logging_mixin.py:188} INFO - [2024-03-02T09:56:32.833-0300] {dag.py:3047} INFO - Sync 1 DAGs
[2024-03-02T09:56:32.855-0300] {logging_mixin.py:188} INFO - [2024-03-02T09:56:32.855-0300] {dag.py:3834} INFO - Setting next_dagrun for example_branch_labels to 2024-03-01 00:00:00+00:00, run_after=2024-03-02 00:00:00+00:00
[2024-03-02T09:56:32.873-0300] {processor.py:183} INFO - Processing /home/victor/Área de Trabalho/airflow/venv/lib/python3.10/site-packages/airflow/example_dags/example_branch_labels.py took 0.078 seconds
[2024-03-02T09:57:02.907-0300] {processor.py:161} INFO - Started process (PID=26593) to work on /home/victor/Área de Trabalho/airflow/venv/lib/python3.10/site-packages/airflow/example_dags/example_branch_labels.py
[2024-03-02T09:57:02.908-0300] {processor.py:830} INFO - Processing file /home/victor/Área de Trabalho/airflow/venv/lib/python3.10/site-packages/airflow/example_dags/example_branch_labels.py for tasks to queue
[2024-03-02T09:57:02.908-0300] {logging_mixin.py:188} INFO - [2024-03-02T09:57:02.908-0300] {dagbag.py:540} INFO - Filling up the DagBag from /home/victor/Área de Trabalho/airflow/venv/lib/python3.10/site-packages/airflow/example_dags/example_branch_labels.py
[2024-03-02T09:57:02.915-0300] {processor.py:840} INFO - DAG(s) 'example_branch_labels' retrieved from /home/victor/Área de Trabalho/airflow/venv/lib/python3.10/site-packages/airflow/example_dags/example_branch_labels.py
[2024-03-02T09:57:02.941-0300] {logging_mixin.py:188} INFO - [2024-03-02T09:57:02.941-0300] {dag.py:3047} INFO - Sync 1 DAGs
[2024-03-02T09:57:02.963-0300] {logging_mixin.py:188} INFO - [2024-03-02T09:57:02.963-0300] {dag.py:3834} INFO - Setting next_dagrun for example_branch_labels to 2024-03-01 00:00:00+00:00, run_after=2024-03-02 00:00:00+00:00
[2024-03-02T09:57:02.981-0300] {processor.py:183} INFO - Processing /home/victor/Área de Trabalho/airflow/venv/lib/python3.10/site-packages/airflow/example_dags/example_branch_labels.py took 0.078 seconds
[2024-03-02T09:57:33.445-0300] {processor.py:161} INFO - Started process (PID=27016) to work on /home/victor/Área de Trabalho/airflow/venv/lib/python3.10/site-packages/airflow/example_dags/example_branch_labels.py
[2024-03-02T09:57:33.446-0300] {processor.py:830} INFO - Processing file /home/victor/Área de Trabalho/airflow/venv/lib/python3.10/site-packages/airflow/example_dags/example_branch_labels.py for tasks to queue
[2024-03-02T09:57:33.447-0300] {logging_mixin.py:188} INFO - [2024-03-02T09:57:33.446-0300] {dagbag.py:540} INFO - Filling up the DagBag from /home/victor/Área de Trabalho/airflow/venv/lib/python3.10/site-packages/airflow/example_dags/example_branch_labels.py
[2024-03-02T09:57:33.455-0300] {processor.py:840} INFO - DAG(s) 'example_branch_labels' retrieved from /home/victor/Área de Trabalho/airflow/venv/lib/python3.10/site-packages/airflow/example_dags/example_branch_labels.py
[2024-03-02T09:57:33.482-0300] {logging_mixin.py:188} INFO - [2024-03-02T09:57:33.482-0300] {dag.py:3047} INFO - Sync 1 DAGs
[2024-03-02T09:57:33.503-0300] {logging_mixin.py:188} INFO - [2024-03-02T09:57:33.503-0300] {dag.py:3834} INFO - Setting next_dagrun for example_branch_labels to 2024-03-01 00:00:00+00:00, run_after=2024-03-02 00:00:00+00:00
[2024-03-02T09:57:33.531-0300] {processor.py:183} INFO - Processing /home/victor/Área de Trabalho/airflow/venv/lib/python3.10/site-packages/airflow/example_dags/example_branch_labels.py took 0.088 seconds
[2024-03-02T09:58:04.271-0300] {processor.py:161} INFO - Started process (PID=27559) to work on /home/victor/Área de Trabalho/airflow/venv/lib/python3.10/site-packages/airflow/example_dags/example_branch_labels.py
[2024-03-02T09:58:04.274-0300] {processor.py:830} INFO - Processing file /home/victor/Área de Trabalho/airflow/venv/lib/python3.10/site-packages/airflow/example_dags/example_branch_labels.py for tasks to queue
[2024-03-02T09:58:04.275-0300] {logging_mixin.py:188} INFO - [2024-03-02T09:58:04.274-0300] {dagbag.py:540} INFO - Filling up the DagBag from /home/victor/Área de Trabalho/airflow/venv/lib/python3.10/site-packages/airflow/example_dags/example_branch_labels.py
[2024-03-02T09:58:04.283-0300] {processor.py:840} INFO - DAG(s) 'example_branch_labels' retrieved from /home/victor/Área de Trabalho/airflow/venv/lib/python3.10/site-packages/airflow/example_dags/example_branch_labels.py
[2024-03-02T09:58:04.317-0300] {logging_mixin.py:188} INFO - [2024-03-02T09:58:04.317-0300] {dag.py:3047} INFO - Sync 1 DAGs
[2024-03-02T09:58:04.349-0300] {logging_mixin.py:188} INFO - [2024-03-02T09:58:04.349-0300] {dag.py:3834} INFO - Setting next_dagrun for example_branch_labels to 2024-03-01 00:00:00+00:00, run_after=2024-03-02 00:00:00+00:00
[2024-03-02T09:58:04.401-0300] {processor.py:183} INFO - Processing /home/victor/Área de Trabalho/airflow/venv/lib/python3.10/site-packages/airflow/example_dags/example_branch_labels.py took 0.133 seconds
[2024-03-02T09:58:34.939-0300] {processor.py:161} INFO - Started process (PID=28917) to work on /home/victor/Área de Trabalho/airflow/venv/lib/python3.10/site-packages/airflow/example_dags/example_branch_labels.py
[2024-03-02T09:58:34.941-0300] {processor.py:830} INFO - Processing file /home/victor/Área de Trabalho/airflow/venv/lib/python3.10/site-packages/airflow/example_dags/example_branch_labels.py for tasks to queue
[2024-03-02T09:58:34.942-0300] {logging_mixin.py:188} INFO - [2024-03-02T09:58:34.942-0300] {dagbag.py:540} INFO - Filling up the DagBag from /home/victor/Área de Trabalho/airflow/venv/lib/python3.10/site-packages/airflow/example_dags/example_branch_labels.py
[2024-03-02T09:58:34.949-0300] {processor.py:840} INFO - DAG(s) 'example_branch_labels' retrieved from /home/victor/Área de Trabalho/airflow/venv/lib/python3.10/site-packages/airflow/example_dags/example_branch_labels.py
[2024-03-02T09:58:34.978-0300] {logging_mixin.py:188} INFO - [2024-03-02T09:58:34.978-0300] {dag.py:3047} INFO - Sync 1 DAGs
[2024-03-02T09:58:35.001-0300] {logging_mixin.py:188} INFO - [2024-03-02T09:58:35.001-0300] {dag.py:3834} INFO - Setting next_dagrun for example_branch_labels to 2024-03-01 00:00:00+00:00, run_after=2024-03-02 00:00:00+00:00
[2024-03-02T09:58:35.028-0300] {processor.py:183} INFO - Processing /home/victor/Área de Trabalho/airflow/venv/lib/python3.10/site-packages/airflow/example_dags/example_branch_labels.py took 0.093 seconds
[2024-03-02T09:59:05.491-0300] {processor.py:161} INFO - Started process (PID=29451) to work on /home/victor/Área de Trabalho/airflow/venv/lib/python3.10/site-packages/airflow/example_dags/example_branch_labels.py
[2024-03-02T09:59:05.492-0300] {processor.py:830} INFO - Processing file /home/victor/Área de Trabalho/airflow/venv/lib/python3.10/site-packages/airflow/example_dags/example_branch_labels.py for tasks to queue
[2024-03-02T09:59:05.493-0300] {logging_mixin.py:188} INFO - [2024-03-02T09:59:05.493-0300] {dagbag.py:540} INFO - Filling up the DagBag from /home/victor/Área de Trabalho/airflow/venv/lib/python3.10/site-packages/airflow/example_dags/example_branch_labels.py
[2024-03-02T09:59:05.501-0300] {processor.py:840} INFO - DAG(s) 'example_branch_labels' retrieved from /home/victor/Área de Trabalho/airflow/venv/lib/python3.10/site-packages/airflow/example_dags/example_branch_labels.py
[2024-03-02T09:59:05.534-0300] {logging_mixin.py:188} INFO - [2024-03-02T09:59:05.534-0300] {dag.py:3047} INFO - Sync 1 DAGs
[2024-03-02T09:59:05.556-0300] {logging_mixin.py:188} INFO - [2024-03-02T09:59:05.556-0300] {dag.py:3834} INFO - Setting next_dagrun for example_branch_labels to 2024-03-01 00:00:00+00:00, run_after=2024-03-02 00:00:00+00:00
[2024-03-02T09:59:05.575-0300] {processor.py:183} INFO - Processing /home/victor/Área de Trabalho/airflow/venv/lib/python3.10/site-packages/airflow/example_dags/example_branch_labels.py took 0.086 seconds
