[2024-03-02T09:36:57.887-0300] {processor.py:161} INFO - Started process (PID=7826) to work on /home/victor/Área de Trabalho/airflow/venv/lib/python3.10/site-packages/airflow/example_dags/example_sla_dag.py
[2024-03-02T09:36:57.887-0300] {processor.py:830} INFO - Processing file /home/victor/Área de Trabalho/airflow/venv/lib/python3.10/site-packages/airflow/example_dags/example_sla_dag.py for tasks to queue
[2024-03-02T09:36:57.888-0300] {logging_mixin.py:188} INFO - [2024-03-02T09:36:57.888-0300] {dagbag.py:540} INFO - Filling up the DagBag from /home/victor/Área de Trabalho/airflow/venv/lib/python3.10/site-packages/airflow/example_dags/example_sla_dag.py
[2024-03-02T09:36:57.896-0300] {processor.py:840} INFO - DAG(s) 'example_sla_dag' retrieved from /home/victor/Área de Trabalho/airflow/venv/lib/python3.10/site-packages/airflow/example_dags/example_sla_dag.py
[2024-03-02T09:36:57.924-0300] {logging_mixin.py:188} INFO - [2024-03-02T09:36:57.923-0300] {dag.py:3047} INFO - Sync 1 DAGs
[2024-03-02T09:36:57.947-0300] {logging_mixin.py:188} INFO - [2024-03-02T09:36:57.946-0300] {dag.py:3834} INFO - Setting next_dagrun for example_sla_dag to 2024-03-02 12:34:00+00:00, run_after=2024-03-02 12:36:00+00:00
[2024-03-02T09:36:57.964-0300] {processor.py:183} INFO - Processing /home/victor/Área de Trabalho/airflow/venv/lib/python3.10/site-packages/airflow/example_dags/example_sla_dag.py took 0.080 seconds
[2024-03-02T09:37:28.685-0300] {processor.py:161} INFO - Started process (PID=9249) to work on /home/victor/Área de Trabalho/airflow/venv/lib/python3.10/site-packages/airflow/example_dags/example_sla_dag.py
[2024-03-02T09:37:28.687-0300] {processor.py:830} INFO - Processing file /home/victor/Área de Trabalho/airflow/venv/lib/python3.10/site-packages/airflow/example_dags/example_sla_dag.py for tasks to queue
[2024-03-02T09:37:28.687-0300] {logging_mixin.py:188} INFO - [2024-03-02T09:37:28.687-0300] {dagbag.py:540} INFO - Filling up the DagBag from /home/victor/Área de Trabalho/airflow/venv/lib/python3.10/site-packages/airflow/example_dags/example_sla_dag.py
[2024-03-02T09:37:28.697-0300] {processor.py:840} INFO - DAG(s) 'example_sla_dag' retrieved from /home/victor/Área de Trabalho/airflow/venv/lib/python3.10/site-packages/airflow/example_dags/example_sla_dag.py
[2024-03-02T09:37:28.806-0300] {logging_mixin.py:188} INFO - [2024-03-02T09:37:28.805-0300] {dag.py:3047} INFO - Sync 1 DAGs
[2024-03-02T09:37:28.828-0300] {logging_mixin.py:188} INFO - [2024-03-02T09:37:28.828-0300] {dag.py:3834} INFO - Setting next_dagrun for example_sla_dag to 2024-03-02 12:34:00+00:00, run_after=2024-03-02 12:36:00+00:00
[2024-03-02T09:37:28.849-0300] {processor.py:183} INFO - Processing /home/victor/Área de Trabalho/airflow/venv/lib/python3.10/site-packages/airflow/example_dags/example_sla_dag.py took 0.166 seconds
[2024-03-02T09:37:59.544-0300] {processor.py:161} INFO - Started process (PID=9913) to work on /home/victor/Área de Trabalho/airflow/venv/lib/python3.10/site-packages/airflow/example_dags/example_sla_dag.py
[2024-03-02T09:37:59.544-0300] {processor.py:830} INFO - Processing file /home/victor/Área de Trabalho/airflow/venv/lib/python3.10/site-packages/airflow/example_dags/example_sla_dag.py for tasks to queue
[2024-03-02T09:37:59.545-0300] {logging_mixin.py:188} INFO - [2024-03-02T09:37:59.545-0300] {dagbag.py:540} INFO - Filling up the DagBag from /home/victor/Área de Trabalho/airflow/venv/lib/python3.10/site-packages/airflow/example_dags/example_sla_dag.py
[2024-03-02T09:37:59.553-0300] {processor.py:840} INFO - DAG(s) 'example_sla_dag' retrieved from /home/victor/Área de Trabalho/airflow/venv/lib/python3.10/site-packages/airflow/example_dags/example_sla_dag.py
[2024-03-02T09:37:59.579-0300] {logging_mixin.py:188} INFO - [2024-03-02T09:37:59.579-0300] {dag.py:3047} INFO - Sync 1 DAGs
[2024-03-02T09:37:59.603-0300] {logging_mixin.py:188} INFO - [2024-03-02T09:37:59.603-0300] {dag.py:3834} INFO - Setting next_dagrun for example_sla_dag to 2024-03-02 12:34:00+00:00, run_after=2024-03-02 12:36:00+00:00
[2024-03-02T09:37:59.622-0300] {processor.py:183} INFO - Processing /home/victor/Área de Trabalho/airflow/venv/lib/python3.10/site-packages/airflow/example_dags/example_sla_dag.py took 0.081 seconds
[2024-03-02T09:38:30.974-0300] {processor.py:161} INFO - Started process (PID=10229) to work on /home/victor/Área de Trabalho/airflow/venv/lib/python3.10/site-packages/airflow/example_dags/example_sla_dag.py
[2024-03-02T09:38:30.975-0300] {processor.py:830} INFO - Processing file /home/victor/Área de Trabalho/airflow/venv/lib/python3.10/site-packages/airflow/example_dags/example_sla_dag.py for tasks to queue
[2024-03-02T09:38:30.976-0300] {logging_mixin.py:188} INFO - [2024-03-02T09:38:30.975-0300] {dagbag.py:540} INFO - Filling up the DagBag from /home/victor/Área de Trabalho/airflow/venv/lib/python3.10/site-packages/airflow/example_dags/example_sla_dag.py
[2024-03-02T09:38:30.983-0300] {processor.py:840} INFO - DAG(s) 'example_sla_dag' retrieved from /home/victor/Área de Trabalho/airflow/venv/lib/python3.10/site-packages/airflow/example_dags/example_sla_dag.py
[2024-03-02T09:38:31.007-0300] {logging_mixin.py:188} INFO - [2024-03-02T09:38:31.006-0300] {dag.py:3047} INFO - Sync 1 DAGs
[2024-03-02T09:38:31.029-0300] {logging_mixin.py:188} INFO - [2024-03-02T09:38:31.028-0300] {dag.py:3834} INFO - Setting next_dagrun for example_sla_dag to 2024-03-02 12:36:00+00:00, run_after=2024-03-02 12:38:00+00:00
[2024-03-02T09:38:31.047-0300] {processor.py:183} INFO - Processing /home/victor/Área de Trabalho/airflow/venv/lib/python3.10/site-packages/airflow/example_dags/example_sla_dag.py took 0.075 seconds
[2024-03-02T09:39:02.403-0300] {processor.py:161} INFO - Started process (PID=10760) to work on /home/victor/Área de Trabalho/airflow/venv/lib/python3.10/site-packages/airflow/example_dags/example_sla_dag.py
[2024-03-02T09:39:02.404-0300] {processor.py:830} INFO - Processing file /home/victor/Área de Trabalho/airflow/venv/lib/python3.10/site-packages/airflow/example_dags/example_sla_dag.py for tasks to queue
[2024-03-02T09:39:02.405-0300] {logging_mixin.py:188} INFO - [2024-03-02T09:39:02.404-0300] {dagbag.py:540} INFO - Filling up the DagBag from /home/victor/Área de Trabalho/airflow/venv/lib/python3.10/site-packages/airflow/example_dags/example_sla_dag.py
[2024-03-02T09:39:02.412-0300] {processor.py:840} INFO - DAG(s) 'example_sla_dag' retrieved from /home/victor/Área de Trabalho/airflow/venv/lib/python3.10/site-packages/airflow/example_dags/example_sla_dag.py
[2024-03-02T09:39:02.445-0300] {logging_mixin.py:188} INFO - [2024-03-02T09:39:02.444-0300] {dag.py:3047} INFO - Sync 1 DAGs
[2024-03-02T09:39:02.471-0300] {logging_mixin.py:188} INFO - [2024-03-02T09:39:02.471-0300] {dag.py:3834} INFO - Setting next_dagrun for example_sla_dag to 2024-03-02 12:36:00+00:00, run_after=2024-03-02 12:38:00+00:00
[2024-03-02T09:39:02.491-0300] {processor.py:183} INFO - Processing /home/victor/Área de Trabalho/airflow/venv/lib/python3.10/site-packages/airflow/example_dags/example_sla_dag.py took 0.091 seconds
[2024-03-02T09:39:33.637-0300] {processor.py:161} INFO - Started process (PID=11384) to work on /home/victor/Área de Trabalho/airflow/venv/lib/python3.10/site-packages/airflow/example_dags/example_sla_dag.py
[2024-03-02T09:39:33.638-0300] {processor.py:830} INFO - Processing file /home/victor/Área de Trabalho/airflow/venv/lib/python3.10/site-packages/airflow/example_dags/example_sla_dag.py for tasks to queue
[2024-03-02T09:39:33.639-0300] {logging_mixin.py:188} INFO - [2024-03-02T09:39:33.639-0300] {dagbag.py:540} INFO - Filling up the DagBag from /home/victor/Área de Trabalho/airflow/venv/lib/python3.10/site-packages/airflow/example_dags/example_sla_dag.py
[2024-03-02T09:39:33.646-0300] {processor.py:840} INFO - DAG(s) 'example_sla_dag' retrieved from /home/victor/Área de Trabalho/airflow/venv/lib/python3.10/site-packages/airflow/example_dags/example_sla_dag.py
[2024-03-02T09:39:33.671-0300] {logging_mixin.py:188} INFO - [2024-03-02T09:39:33.671-0300] {dag.py:3047} INFO - Sync 1 DAGs
[2024-03-02T09:39:33.696-0300] {logging_mixin.py:188} INFO - [2024-03-02T09:39:33.695-0300] {dag.py:3834} INFO - Setting next_dagrun for example_sla_dag to 2024-03-02 12:36:00+00:00, run_after=2024-03-02 12:38:00+00:00
[2024-03-02T09:39:33.714-0300] {processor.py:183} INFO - Processing /home/victor/Área de Trabalho/airflow/venv/lib/python3.10/site-packages/airflow/example_dags/example_sla_dag.py took 0.080 seconds
[2024-03-02T09:40:04.959-0300] {processor.py:161} INFO - Started process (PID=11860) to work on /home/victor/Área de Trabalho/airflow/venv/lib/python3.10/site-packages/airflow/example_dags/example_sla_dag.py
[2024-03-02T09:40:04.960-0300] {processor.py:830} INFO - Processing file /home/victor/Área de Trabalho/airflow/venv/lib/python3.10/site-packages/airflow/example_dags/example_sla_dag.py for tasks to queue
[2024-03-02T09:40:04.961-0300] {logging_mixin.py:188} INFO - [2024-03-02T09:40:04.960-0300] {dagbag.py:540} INFO - Filling up the DagBag from /home/victor/Área de Trabalho/airflow/venv/lib/python3.10/site-packages/airflow/example_dags/example_sla_dag.py
[2024-03-02T09:40:04.968-0300] {processor.py:840} INFO - DAG(s) 'example_sla_dag' retrieved from /home/victor/Área de Trabalho/airflow/venv/lib/python3.10/site-packages/airflow/example_dags/example_sla_dag.py
[2024-03-02T09:40:04.993-0300] {logging_mixin.py:188} INFO - [2024-03-02T09:40:04.992-0300] {dag.py:3047} INFO - Sync 1 DAGs
[2024-03-02T09:40:05.017-0300] {logging_mixin.py:188} INFO - [2024-03-02T09:40:05.016-0300] {dag.py:3834} INFO - Setting next_dagrun for example_sla_dag to 2024-03-02 12:38:00+00:00, run_after=2024-03-02 12:40:00+00:00
[2024-03-02T09:40:05.035-0300] {processor.py:183} INFO - Processing /home/victor/Área de Trabalho/airflow/venv/lib/python3.10/site-packages/airflow/example_dags/example_sla_dag.py took 0.079 seconds
[2024-03-02T09:40:36.230-0300] {processor.py:161} INFO - Started process (PID=12238) to work on /home/victor/Área de Trabalho/airflow/venv/lib/python3.10/site-packages/airflow/example_dags/example_sla_dag.py
[2024-03-02T09:40:36.230-0300] {processor.py:830} INFO - Processing file /home/victor/Área de Trabalho/airflow/venv/lib/python3.10/site-packages/airflow/example_dags/example_sla_dag.py for tasks to queue
[2024-03-02T09:40:36.232-0300] {logging_mixin.py:188} INFO - [2024-03-02T09:40:36.232-0300] {dagbag.py:540} INFO - Filling up the DagBag from /home/victor/Área de Trabalho/airflow/venv/lib/python3.10/site-packages/airflow/example_dags/example_sla_dag.py
[2024-03-02T09:40:36.242-0300] {processor.py:840} INFO - DAG(s) 'example_sla_dag' retrieved from /home/victor/Área de Trabalho/airflow/venv/lib/python3.10/site-packages/airflow/example_dags/example_sla_dag.py
[2024-03-02T09:40:36.271-0300] {logging_mixin.py:188} INFO - [2024-03-02T09:40:36.271-0300] {dag.py:3047} INFO - Sync 1 DAGs
[2024-03-02T09:40:36.297-0300] {logging_mixin.py:188} INFO - [2024-03-02T09:40:36.297-0300] {dag.py:3834} INFO - Setting next_dagrun for example_sla_dag to 2024-03-02 12:38:00+00:00, run_after=2024-03-02 12:40:00+00:00
[2024-03-02T09:40:36.321-0300] {processor.py:183} INFO - Processing /home/victor/Área de Trabalho/airflow/venv/lib/python3.10/site-packages/airflow/example_dags/example_sla_dag.py took 0.094 seconds
[2024-03-02T09:41:06.924-0300] {processor.py:161} INFO - Started process (PID=12714) to work on /home/victor/Área de Trabalho/airflow/venv/lib/python3.10/site-packages/airflow/example_dags/example_sla_dag.py
[2024-03-02T09:41:06.925-0300] {processor.py:830} INFO - Processing file /home/victor/Área de Trabalho/airflow/venv/lib/python3.10/site-packages/airflow/example_dags/example_sla_dag.py for tasks to queue
[2024-03-02T09:41:06.926-0300] {logging_mixin.py:188} INFO - [2024-03-02T09:41:06.926-0300] {dagbag.py:540} INFO - Filling up the DagBag from /home/victor/Área de Trabalho/airflow/venv/lib/python3.10/site-packages/airflow/example_dags/example_sla_dag.py
[2024-03-02T09:41:06.936-0300] {processor.py:840} INFO - DAG(s) 'example_sla_dag' retrieved from /home/victor/Área de Trabalho/airflow/venv/lib/python3.10/site-packages/airflow/example_dags/example_sla_dag.py
[2024-03-02T09:41:06.964-0300] {logging_mixin.py:188} INFO - [2024-03-02T09:41:06.964-0300] {dag.py:3047} INFO - Sync 1 DAGs
[2024-03-02T09:41:06.992-0300] {logging_mixin.py:188} INFO - [2024-03-02T09:41:06.991-0300] {dag.py:3834} INFO - Setting next_dagrun for example_sla_dag to 2024-03-02 12:38:00+00:00, run_after=2024-03-02 12:40:00+00:00
[2024-03-02T09:41:07.018-0300] {processor.py:183} INFO - Processing /home/victor/Área de Trabalho/airflow/venv/lib/python3.10/site-packages/airflow/example_dags/example_sla_dag.py took 0.097 seconds
[2024-03-02T09:41:37.946-0300] {processor.py:161} INFO - Started process (PID=13029) to work on /home/victor/Área de Trabalho/airflow/venv/lib/python3.10/site-packages/airflow/example_dags/example_sla_dag.py
[2024-03-02T09:41:37.947-0300] {processor.py:830} INFO - Processing file /home/victor/Área de Trabalho/airflow/venv/lib/python3.10/site-packages/airflow/example_dags/example_sla_dag.py for tasks to queue
[2024-03-02T09:41:37.948-0300] {logging_mixin.py:188} INFO - [2024-03-02T09:41:37.948-0300] {dagbag.py:540} INFO - Filling up the DagBag from /home/victor/Área de Trabalho/airflow/venv/lib/python3.10/site-packages/airflow/example_dags/example_sla_dag.py
[2024-03-02T09:41:37.956-0300] {processor.py:840} INFO - DAG(s) 'example_sla_dag' retrieved from /home/victor/Área de Trabalho/airflow/venv/lib/python3.10/site-packages/airflow/example_dags/example_sla_dag.py
[2024-03-02T09:41:37.986-0300] {logging_mixin.py:188} INFO - [2024-03-02T09:41:37.986-0300] {dag.py:3047} INFO - Sync 1 DAGs
[2024-03-02T09:41:38.013-0300] {logging_mixin.py:188} INFO - [2024-03-02T09:41:38.013-0300] {dag.py:3834} INFO - Setting next_dagrun for example_sla_dag to 2024-03-02 12:38:00+00:00, run_after=2024-03-02 12:40:00+00:00
[2024-03-02T09:41:38.039-0300] {processor.py:183} INFO - Processing /home/victor/Área de Trabalho/airflow/venv/lib/python3.10/site-packages/airflow/example_dags/example_sla_dag.py took 0.099 seconds
[2024-03-02T09:42:08.696-0300] {processor.py:161} INFO - Started process (PID=13663) to work on /home/victor/Área de Trabalho/airflow/venv/lib/python3.10/site-packages/airflow/example_dags/example_sla_dag.py
[2024-03-02T09:42:08.699-0300] {processor.py:830} INFO - Processing file /home/victor/Área de Trabalho/airflow/venv/lib/python3.10/site-packages/airflow/example_dags/example_sla_dag.py for tasks to queue
[2024-03-02T09:42:08.700-0300] {logging_mixin.py:188} INFO - [2024-03-02T09:42:08.699-0300] {dagbag.py:540} INFO - Filling up the DagBag from /home/victor/Área de Trabalho/airflow/venv/lib/python3.10/site-packages/airflow/example_dags/example_sla_dag.py
[2024-03-02T09:42:08.709-0300] {processor.py:840} INFO - DAG(s) 'example_sla_dag' retrieved from /home/victor/Área de Trabalho/airflow/venv/lib/python3.10/site-packages/airflow/example_dags/example_sla_dag.py
[2024-03-02T09:42:08.740-0300] {logging_mixin.py:188} INFO - [2024-03-02T09:42:08.739-0300] {dag.py:3047} INFO - Sync 1 DAGs
[2024-03-02T09:42:08.767-0300] {logging_mixin.py:188} INFO - [2024-03-02T09:42:08.767-0300] {dag.py:3834} INFO - Setting next_dagrun for example_sla_dag to 2024-03-02 12:40:00+00:00, run_after=2024-03-02 12:42:00+00:00
[2024-03-02T09:42:08.790-0300] {processor.py:183} INFO - Processing /home/victor/Área de Trabalho/airflow/venv/lib/python3.10/site-packages/airflow/example_dags/example_sla_dag.py took 0.097 seconds
[2024-03-02T09:42:39.416-0300] {processor.py:161} INFO - Started process (PID=13982) to work on /home/victor/Área de Trabalho/airflow/venv/lib/python3.10/site-packages/airflow/example_dags/example_sla_dag.py
[2024-03-02T09:42:39.417-0300] {processor.py:830} INFO - Processing file /home/victor/Área de Trabalho/airflow/venv/lib/python3.10/site-packages/airflow/example_dags/example_sla_dag.py for tasks to queue
[2024-03-02T09:42:39.418-0300] {logging_mixin.py:188} INFO - [2024-03-02T09:42:39.417-0300] {dagbag.py:540} INFO - Filling up the DagBag from /home/victor/Área de Trabalho/airflow/venv/lib/python3.10/site-packages/airflow/example_dags/example_sla_dag.py
[2024-03-02T09:42:39.426-0300] {processor.py:840} INFO - DAG(s) 'example_sla_dag' retrieved from /home/victor/Área de Trabalho/airflow/venv/lib/python3.10/site-packages/airflow/example_dags/example_sla_dag.py
[2024-03-02T09:42:39.455-0300] {logging_mixin.py:188} INFO - [2024-03-02T09:42:39.454-0300] {dag.py:3047} INFO - Sync 1 DAGs
[2024-03-02T09:42:39.487-0300] {logging_mixin.py:188} INFO - [2024-03-02T09:42:39.486-0300] {dag.py:3834} INFO - Setting next_dagrun for example_sla_dag to 2024-03-02 12:40:00+00:00, run_after=2024-03-02 12:42:00+00:00
[2024-03-02T09:42:39.514-0300] {processor.py:183} INFO - Processing /home/victor/Área de Trabalho/airflow/venv/lib/python3.10/site-packages/airflow/example_dags/example_sla_dag.py took 0.101 seconds
[2024-03-02T09:43:10.709-0300] {processor.py:161} INFO - Started process (PID=14464) to work on /home/victor/Área de Trabalho/airflow/venv/lib/python3.10/site-packages/airflow/example_dags/example_sla_dag.py
[2024-03-02T09:43:10.710-0300] {processor.py:830} INFO - Processing file /home/victor/Área de Trabalho/airflow/venv/lib/python3.10/site-packages/airflow/example_dags/example_sla_dag.py for tasks to queue
[2024-03-02T09:43:10.711-0300] {logging_mixin.py:188} INFO - [2024-03-02T09:43:10.710-0300] {dagbag.py:540} INFO - Filling up the DagBag from /home/victor/Área de Trabalho/airflow/venv/lib/python3.10/site-packages/airflow/example_dags/example_sla_dag.py
[2024-03-02T09:43:10.719-0300] {processor.py:840} INFO - DAG(s) 'example_sla_dag' retrieved from /home/victor/Área de Trabalho/airflow/venv/lib/python3.10/site-packages/airflow/example_dags/example_sla_dag.py
[2024-03-02T09:43:10.750-0300] {logging_mixin.py:188} INFO - [2024-03-02T09:43:10.750-0300] {dag.py:3047} INFO - Sync 1 DAGs
[2024-03-02T09:43:10.780-0300] {logging_mixin.py:188} INFO - [2024-03-02T09:43:10.780-0300] {dag.py:3834} INFO - Setting next_dagrun for example_sla_dag to 2024-03-02 12:40:00+00:00, run_after=2024-03-02 12:42:00+00:00
[2024-03-02T09:43:10.804-0300] {processor.py:183} INFO - Processing /home/victor/Área de Trabalho/airflow/venv/lib/python3.10/site-packages/airflow/example_dags/example_sla_dag.py took 0.098 seconds
[2024-03-02T09:43:41.593-0300] {processor.py:161} INFO - Started process (PID=14784) to work on /home/victor/Área de Trabalho/airflow/venv/lib/python3.10/site-packages/airflow/example_dags/example_sla_dag.py
[2024-03-02T09:43:41.593-0300] {processor.py:830} INFO - Processing file /home/victor/Área de Trabalho/airflow/venv/lib/python3.10/site-packages/airflow/example_dags/example_sla_dag.py for tasks to queue
[2024-03-02T09:43:41.594-0300] {logging_mixin.py:188} INFO - [2024-03-02T09:43:41.594-0300] {dagbag.py:540} INFO - Filling up the DagBag from /home/victor/Área de Trabalho/airflow/venv/lib/python3.10/site-packages/airflow/example_dags/example_sla_dag.py
[2024-03-02T09:43:41.601-0300] {processor.py:840} INFO - DAG(s) 'example_sla_dag' retrieved from /home/victor/Área de Trabalho/airflow/venv/lib/python3.10/site-packages/airflow/example_dags/example_sla_dag.py
[2024-03-02T09:43:41.630-0300] {logging_mixin.py:188} INFO - [2024-03-02T09:43:41.630-0300] {dag.py:3047} INFO - Sync 1 DAGs
[2024-03-02T09:43:41.657-0300] {logging_mixin.py:188} INFO - [2024-03-02T09:43:41.656-0300] {dag.py:3834} INFO - Setting next_dagrun for example_sla_dag to 2024-03-02 12:40:00+00:00, run_after=2024-03-02 12:42:00+00:00
[2024-03-02T09:43:41.677-0300] {processor.py:183} INFO - Processing /home/victor/Área de Trabalho/airflow/venv/lib/python3.10/site-packages/airflow/example_dags/example_sla_dag.py took 0.087 seconds
[2024-03-02T09:44:13.020-0300] {processor.py:161} INFO - Started process (PID=15266) to work on /home/victor/Área de Trabalho/airflow/venv/lib/python3.10/site-packages/airflow/example_dags/example_sla_dag.py
[2024-03-02T09:44:13.021-0300] {processor.py:830} INFO - Processing file /home/victor/Área de Trabalho/airflow/venv/lib/python3.10/site-packages/airflow/example_dags/example_sla_dag.py for tasks to queue
[2024-03-02T09:44:13.022-0300] {logging_mixin.py:188} INFO - [2024-03-02T09:44:13.022-0300] {dagbag.py:540} INFO - Filling up the DagBag from /home/victor/Área de Trabalho/airflow/venv/lib/python3.10/site-packages/airflow/example_dags/example_sla_dag.py
[2024-03-02T09:44:13.033-0300] {processor.py:840} INFO - DAG(s) 'example_sla_dag' retrieved from /home/victor/Área de Trabalho/airflow/venv/lib/python3.10/site-packages/airflow/example_dags/example_sla_dag.py
[2024-03-02T09:44:13.063-0300] {logging_mixin.py:188} INFO - [2024-03-02T09:44:13.063-0300] {dag.py:3047} INFO - Sync 1 DAGs
[2024-03-02T09:44:13.089-0300] {logging_mixin.py:188} INFO - [2024-03-02T09:44:13.088-0300] {dag.py:3834} INFO - Setting next_dagrun for example_sla_dag to 2024-03-02 12:42:00+00:00, run_after=2024-03-02 12:44:00+00:00
[2024-03-02T09:44:13.113-0300] {processor.py:183} INFO - Processing /home/victor/Área de Trabalho/airflow/venv/lib/python3.10/site-packages/airflow/example_dags/example_sla_dag.py took 0.096 seconds
[2024-03-02T09:44:43.669-0300] {processor.py:161} INFO - Started process (PID=15590) to work on /home/victor/Área de Trabalho/airflow/venv/lib/python3.10/site-packages/airflow/example_dags/example_sla_dag.py
[2024-03-02T09:44:43.673-0300] {processor.py:830} INFO - Processing file /home/victor/Área de Trabalho/airflow/venv/lib/python3.10/site-packages/airflow/example_dags/example_sla_dag.py for tasks to queue
[2024-03-02T09:44:43.674-0300] {logging_mixin.py:188} INFO - [2024-03-02T09:44:43.674-0300] {dagbag.py:540} INFO - Filling up the DagBag from /home/victor/Área de Trabalho/airflow/venv/lib/python3.10/site-packages/airflow/example_dags/example_sla_dag.py
[2024-03-02T09:44:43.684-0300] {processor.py:840} INFO - DAG(s) 'example_sla_dag' retrieved from /home/victor/Área de Trabalho/airflow/venv/lib/python3.10/site-packages/airflow/example_dags/example_sla_dag.py
[2024-03-02T09:44:43.718-0300] {logging_mixin.py:188} INFO - [2024-03-02T09:44:43.718-0300] {dag.py:3047} INFO - Sync 1 DAGs
[2024-03-02T09:44:43.747-0300] {logging_mixin.py:188} INFO - [2024-03-02T09:44:43.746-0300] {dag.py:3834} INFO - Setting next_dagrun for example_sla_dag to 2024-03-02 12:42:00+00:00, run_after=2024-03-02 12:44:00+00:00
[2024-03-02T09:44:43.768-0300] {processor.py:183} INFO - Processing /home/victor/Área de Trabalho/airflow/venv/lib/python3.10/site-packages/airflow/example_dags/example_sla_dag.py took 0.104 seconds
[2024-03-02T09:45:14.428-0300] {processor.py:161} INFO - Started process (PID=16074) to work on /home/victor/Área de Trabalho/airflow/venv/lib/python3.10/site-packages/airflow/example_dags/example_sla_dag.py
[2024-03-02T09:45:14.431-0300] {processor.py:830} INFO - Processing file /home/victor/Área de Trabalho/airflow/venv/lib/python3.10/site-packages/airflow/example_dags/example_sla_dag.py for tasks to queue
[2024-03-02T09:45:14.432-0300] {logging_mixin.py:188} INFO - [2024-03-02T09:45:14.432-0300] {dagbag.py:540} INFO - Filling up the DagBag from /home/victor/Área de Trabalho/airflow/venv/lib/python3.10/site-packages/airflow/example_dags/example_sla_dag.py
[2024-03-02T09:45:14.440-0300] {processor.py:840} INFO - DAG(s) 'example_sla_dag' retrieved from /home/victor/Área de Trabalho/airflow/venv/lib/python3.10/site-packages/airflow/example_dags/example_sla_dag.py
[2024-03-02T09:45:14.467-0300] {logging_mixin.py:188} INFO - [2024-03-02T09:45:14.467-0300] {dag.py:3047} INFO - Sync 1 DAGs
[2024-03-02T09:45:14.492-0300] {logging_mixin.py:188} INFO - [2024-03-02T09:45:14.492-0300] {dag.py:3834} INFO - Setting next_dagrun for example_sla_dag to 2024-03-02 12:42:00+00:00, run_after=2024-03-02 12:44:00+00:00
[2024-03-02T09:45:14.514-0300] {processor.py:183} INFO - Processing /home/victor/Área de Trabalho/airflow/venv/lib/python3.10/site-packages/airflow/example_dags/example_sla_dag.py took 0.089 seconds
[2024-03-02T09:45:45.611-0300] {processor.py:161} INFO - Started process (PID=16581) to work on /home/victor/Área de Trabalho/airflow/venv/lib/python3.10/site-packages/airflow/example_dags/example_sla_dag.py
[2024-03-02T09:45:45.612-0300] {processor.py:830} INFO - Processing file /home/victor/Área de Trabalho/airflow/venv/lib/python3.10/site-packages/airflow/example_dags/example_sla_dag.py for tasks to queue
[2024-03-02T09:45:45.613-0300] {logging_mixin.py:188} INFO - [2024-03-02T09:45:45.613-0300] {dagbag.py:540} INFO - Filling up the DagBag from /home/victor/Área de Trabalho/airflow/venv/lib/python3.10/site-packages/airflow/example_dags/example_sla_dag.py
[2024-03-02T09:45:45.620-0300] {processor.py:840} INFO - DAG(s) 'example_sla_dag' retrieved from /home/victor/Área de Trabalho/airflow/venv/lib/python3.10/site-packages/airflow/example_dags/example_sla_dag.py
[2024-03-02T09:45:45.651-0300] {logging_mixin.py:188} INFO - [2024-03-02T09:45:45.650-0300] {dag.py:3047} INFO - Sync 1 DAGs
[2024-03-02T09:45:45.680-0300] {logging_mixin.py:188} INFO - [2024-03-02T09:45:45.680-0300] {dag.py:3834} INFO - Setting next_dagrun for example_sla_dag to 2024-03-02 12:42:00+00:00, run_after=2024-03-02 12:44:00+00:00
[2024-03-02T09:45:45.705-0300] {processor.py:183} INFO - Processing /home/victor/Área de Trabalho/airflow/venv/lib/python3.10/site-packages/airflow/example_dags/example_sla_dag.py took 0.097 seconds
[2024-03-02T09:46:17.087-0300] {processor.py:161} INFO - Started process (PID=17073) to work on /home/victor/Área de Trabalho/airflow/venv/lib/python3.10/site-packages/airflow/example_dags/example_sla_dag.py
[2024-03-02T09:46:17.088-0300] {processor.py:830} INFO - Processing file /home/victor/Área de Trabalho/airflow/venv/lib/python3.10/site-packages/airflow/example_dags/example_sla_dag.py for tasks to queue
[2024-03-02T09:46:17.089-0300] {logging_mixin.py:188} INFO - [2024-03-02T09:46:17.089-0300] {dagbag.py:540} INFO - Filling up the DagBag from /home/victor/Área de Trabalho/airflow/venv/lib/python3.10/site-packages/airflow/example_dags/example_sla_dag.py
[2024-03-02T09:46:17.099-0300] {processor.py:840} INFO - DAG(s) 'example_sla_dag' retrieved from /home/victor/Área de Trabalho/airflow/venv/lib/python3.10/site-packages/airflow/example_dags/example_sla_dag.py
[2024-03-02T09:46:17.128-0300] {logging_mixin.py:188} INFO - [2024-03-02T09:46:17.128-0300] {dag.py:3047} INFO - Sync 1 DAGs
[2024-03-02T09:46:17.152-0300] {logging_mixin.py:188} INFO - [2024-03-02T09:46:17.152-0300] {dag.py:3834} INFO - Setting next_dagrun for example_sla_dag to 2024-03-02 12:44:00+00:00, run_after=2024-03-02 12:46:00+00:00
[2024-03-02T09:46:17.174-0300] {processor.py:183} INFO - Processing /home/victor/Área de Trabalho/airflow/venv/lib/python3.10/site-packages/airflow/example_dags/example_sla_dag.py took 0.090 seconds
[2024-03-02T09:46:47.907-0300] {processor.py:161} INFO - Started process (PID=17395) to work on /home/victor/Área de Trabalho/airflow/venv/lib/python3.10/site-packages/airflow/example_dags/example_sla_dag.py
[2024-03-02T09:46:47.908-0300] {processor.py:830} INFO - Processing file /home/victor/Área de Trabalho/airflow/venv/lib/python3.10/site-packages/airflow/example_dags/example_sla_dag.py for tasks to queue
[2024-03-02T09:46:47.909-0300] {logging_mixin.py:188} INFO - [2024-03-02T09:46:47.909-0300] {dagbag.py:540} INFO - Filling up the DagBag from /home/victor/Área de Trabalho/airflow/venv/lib/python3.10/site-packages/airflow/example_dags/example_sla_dag.py
[2024-03-02T09:46:47.916-0300] {processor.py:840} INFO - DAG(s) 'example_sla_dag' retrieved from /home/victor/Área de Trabalho/airflow/venv/lib/python3.10/site-packages/airflow/example_dags/example_sla_dag.py
[2024-03-02T09:46:47.944-0300] {logging_mixin.py:188} INFO - [2024-03-02T09:46:47.943-0300] {dag.py:3047} INFO - Sync 1 DAGs
[2024-03-02T09:46:47.971-0300] {logging_mixin.py:188} INFO - [2024-03-02T09:46:47.971-0300] {dag.py:3834} INFO - Setting next_dagrun for example_sla_dag to 2024-03-02 12:44:00+00:00, run_after=2024-03-02 12:46:00+00:00
[2024-03-02T09:46:47.990-0300] {processor.py:183} INFO - Processing /home/victor/Área de Trabalho/airflow/venv/lib/python3.10/site-packages/airflow/example_dags/example_sla_dag.py took 0.087 seconds
[2024-03-02T09:47:18.582-0300] {processor.py:161} INFO - Started process (PID=18053) to work on /home/victor/Área de Trabalho/airflow/venv/lib/python3.10/site-packages/airflow/example_dags/example_sla_dag.py
[2024-03-02T09:47:18.583-0300] {processor.py:830} INFO - Processing file /home/victor/Área de Trabalho/airflow/venv/lib/python3.10/site-packages/airflow/example_dags/example_sla_dag.py for tasks to queue
[2024-03-02T09:47:18.584-0300] {logging_mixin.py:188} INFO - [2024-03-02T09:47:18.584-0300] {dagbag.py:540} INFO - Filling up the DagBag from /home/victor/Área de Trabalho/airflow/venv/lib/python3.10/site-packages/airflow/example_dags/example_sla_dag.py
[2024-03-02T09:47:18.592-0300] {processor.py:840} INFO - DAG(s) 'example_sla_dag' retrieved from /home/victor/Área de Trabalho/airflow/venv/lib/python3.10/site-packages/airflow/example_dags/example_sla_dag.py
[2024-03-02T09:47:18.623-0300] {logging_mixin.py:188} INFO - [2024-03-02T09:47:18.622-0300] {dag.py:3047} INFO - Sync 1 DAGs
[2024-03-02T09:47:18.648-0300] {logging_mixin.py:188} INFO - [2024-03-02T09:47:18.648-0300] {dag.py:3834} INFO - Setting next_dagrun for example_sla_dag to 2024-03-02 12:44:00+00:00, run_after=2024-03-02 12:46:00+00:00
[2024-03-02T09:47:18.671-0300] {processor.py:183} INFO - Processing /home/victor/Área de Trabalho/airflow/venv/lib/python3.10/site-packages/airflow/example_dags/example_sla_dag.py took 0.092 seconds
[2024-03-02T09:47:49.463-0300] {processor.py:161} INFO - Started process (PID=18374) to work on /home/victor/Área de Trabalho/airflow/venv/lib/python3.10/site-packages/airflow/example_dags/example_sla_dag.py
[2024-03-02T09:47:49.464-0300] {processor.py:830} INFO - Processing file /home/victor/Área de Trabalho/airflow/venv/lib/python3.10/site-packages/airflow/example_dags/example_sla_dag.py for tasks to queue
[2024-03-02T09:47:49.465-0300] {logging_mixin.py:188} INFO - [2024-03-02T09:47:49.465-0300] {dagbag.py:540} INFO - Filling up the DagBag from /home/victor/Área de Trabalho/airflow/venv/lib/python3.10/site-packages/airflow/example_dags/example_sla_dag.py
[2024-03-02T09:47:49.473-0300] {processor.py:840} INFO - DAG(s) 'example_sla_dag' retrieved from /home/victor/Área de Trabalho/airflow/venv/lib/python3.10/site-packages/airflow/example_dags/example_sla_dag.py
[2024-03-02T09:47:49.500-0300] {logging_mixin.py:188} INFO - [2024-03-02T09:47:49.500-0300] {dag.py:3047} INFO - Sync 1 DAGs
[2024-03-02T09:47:49.527-0300] {logging_mixin.py:188} INFO - [2024-03-02T09:47:49.527-0300] {dag.py:3834} INFO - Setting next_dagrun for example_sla_dag to 2024-03-02 12:44:00+00:00, run_after=2024-03-02 12:46:00+00:00
[2024-03-02T09:47:49.546-0300] {processor.py:183} INFO - Processing /home/victor/Área de Trabalho/airflow/venv/lib/python3.10/site-packages/airflow/example_dags/example_sla_dag.py took 0.085 seconds
[2024-03-02T09:48:20.100-0300] {processor.py:161} INFO - Started process (PID=18861) to work on /home/victor/Área de Trabalho/airflow/venv/lib/python3.10/site-packages/airflow/example_dags/example_sla_dag.py
[2024-03-02T09:48:20.101-0300] {processor.py:830} INFO - Processing file /home/victor/Área de Trabalho/airflow/venv/lib/python3.10/site-packages/airflow/example_dags/example_sla_dag.py for tasks to queue
[2024-03-02T09:48:20.102-0300] {logging_mixin.py:188} INFO - [2024-03-02T09:48:20.101-0300] {dagbag.py:540} INFO - Filling up the DagBag from /home/victor/Área de Trabalho/airflow/venv/lib/python3.10/site-packages/airflow/example_dags/example_sla_dag.py
[2024-03-02T09:48:20.109-0300] {processor.py:840} INFO - DAG(s) 'example_sla_dag' retrieved from /home/victor/Área de Trabalho/airflow/venv/lib/python3.10/site-packages/airflow/example_dags/example_sla_dag.py
[2024-03-02T09:48:20.137-0300] {logging_mixin.py:188} INFO - [2024-03-02T09:48:20.136-0300] {dag.py:3047} INFO - Sync 1 DAGs
[2024-03-02T09:48:20.161-0300] {logging_mixin.py:188} INFO - [2024-03-02T09:48:20.161-0300] {dag.py:3834} INFO - Setting next_dagrun for example_sla_dag to 2024-03-02 12:46:00+00:00, run_after=2024-03-02 12:48:00+00:00
[2024-03-02T09:48:20.183-0300] {processor.py:183} INFO - Processing /home/victor/Área de Trabalho/airflow/venv/lib/python3.10/site-packages/airflow/example_dags/example_sla_dag.py took 0.087 seconds
[2024-03-02T09:48:50.874-0300] {processor.py:161} INFO - Started process (PID=19203) to work on /home/victor/Área de Trabalho/airflow/venv/lib/python3.10/site-packages/airflow/example_dags/example_sla_dag.py
[2024-03-02T09:48:50.874-0300] {processor.py:830} INFO - Processing file /home/victor/Área de Trabalho/airflow/venv/lib/python3.10/site-packages/airflow/example_dags/example_sla_dag.py for tasks to queue
[2024-03-02T09:48:50.875-0300] {logging_mixin.py:188} INFO - [2024-03-02T09:48:50.875-0300] {dagbag.py:540} INFO - Filling up the DagBag from /home/victor/Área de Trabalho/airflow/venv/lib/python3.10/site-packages/airflow/example_dags/example_sla_dag.py
[2024-03-02T09:48:50.882-0300] {processor.py:840} INFO - DAG(s) 'example_sla_dag' retrieved from /home/victor/Área de Trabalho/airflow/venv/lib/python3.10/site-packages/airflow/example_dags/example_sla_dag.py
[2024-03-02T09:48:50.911-0300] {logging_mixin.py:188} INFO - [2024-03-02T09:48:50.910-0300] {dag.py:3047} INFO - Sync 1 DAGs
[2024-03-02T09:48:50.933-0300] {logging_mixin.py:188} INFO - [2024-03-02T09:48:50.933-0300] {dag.py:3834} INFO - Setting next_dagrun for example_sla_dag to 2024-03-02 12:46:00+00:00, run_after=2024-03-02 12:48:00+00:00
[2024-03-02T09:48:50.953-0300] {processor.py:183} INFO - Processing /home/victor/Área de Trabalho/airflow/venv/lib/python3.10/site-packages/airflow/example_dags/example_sla_dag.py took 0.081 seconds
[2024-03-02T09:49:21.639-0300] {processor.py:161} INFO - Started process (PID=19685) to work on /home/victor/Área de Trabalho/airflow/venv/lib/python3.10/site-packages/airflow/example_dags/example_sla_dag.py
[2024-03-02T09:49:21.640-0300] {processor.py:830} INFO - Processing file /home/victor/Área de Trabalho/airflow/venv/lib/python3.10/site-packages/airflow/example_dags/example_sla_dag.py for tasks to queue
[2024-03-02T09:49:21.640-0300] {logging_mixin.py:188} INFO - [2024-03-02T09:49:21.640-0300] {dagbag.py:540} INFO - Filling up the DagBag from /home/victor/Área de Trabalho/airflow/venv/lib/python3.10/site-packages/airflow/example_dags/example_sla_dag.py
[2024-03-02T09:49:21.648-0300] {processor.py:840} INFO - DAG(s) 'example_sla_dag' retrieved from /home/victor/Área de Trabalho/airflow/venv/lib/python3.10/site-packages/airflow/example_dags/example_sla_dag.py
[2024-03-02T09:49:21.675-0300] {logging_mixin.py:188} INFO - [2024-03-02T09:49:21.675-0300] {dag.py:3047} INFO - Sync 1 DAGs
[2024-03-02T09:49:21.699-0300] {logging_mixin.py:188} INFO - [2024-03-02T09:49:21.699-0300] {dag.py:3834} INFO - Setting next_dagrun for example_sla_dag to 2024-03-02 12:46:00+00:00, run_after=2024-03-02 12:48:00+00:00
[2024-03-02T09:49:21.721-0300] {processor.py:183} INFO - Processing /home/victor/Área de Trabalho/airflow/venv/lib/python3.10/site-packages/airflow/example_dags/example_sla_dag.py took 0.085 seconds
[2024-03-02T09:49:52.357-0300] {processor.py:161} INFO - Started process (PID=20007) to work on /home/victor/Área de Trabalho/airflow/venv/lib/python3.10/site-packages/airflow/example_dags/example_sla_dag.py
[2024-03-02T09:49:52.357-0300] {processor.py:830} INFO - Processing file /home/victor/Área de Trabalho/airflow/venv/lib/python3.10/site-packages/airflow/example_dags/example_sla_dag.py for tasks to queue
[2024-03-02T09:49:52.358-0300] {logging_mixin.py:188} INFO - [2024-03-02T09:49:52.358-0300] {dagbag.py:540} INFO - Filling up the DagBag from /home/victor/Área de Trabalho/airflow/venv/lib/python3.10/site-packages/airflow/example_dags/example_sla_dag.py
[2024-03-02T09:49:52.369-0300] {processor.py:840} INFO - DAG(s) 'example_sla_dag' retrieved from /home/victor/Área de Trabalho/airflow/venv/lib/python3.10/site-packages/airflow/example_dags/example_sla_dag.py
[2024-03-02T09:49:52.397-0300] {logging_mixin.py:188} INFO - [2024-03-02T09:49:52.396-0300] {dag.py:3047} INFO - Sync 1 DAGs
[2024-03-02T09:49:52.422-0300] {logging_mixin.py:188} INFO - [2024-03-02T09:49:52.422-0300] {dag.py:3834} INFO - Setting next_dagrun for example_sla_dag to 2024-03-02 12:46:00+00:00, run_after=2024-03-02 12:48:00+00:00
[2024-03-02T09:49:52.443-0300] {processor.py:183} INFO - Processing /home/victor/Área de Trabalho/airflow/venv/lib/python3.10/site-packages/airflow/example_dags/example_sla_dag.py took 0.089 seconds
[2024-03-02T09:50:22.999-0300] {processor.py:161} INFO - Started process (PID=20488) to work on /home/victor/Área de Trabalho/airflow/venv/lib/python3.10/site-packages/airflow/example_dags/example_sla_dag.py
[2024-03-02T09:50:23.000-0300] {processor.py:830} INFO - Processing file /home/victor/Área de Trabalho/airflow/venv/lib/python3.10/site-packages/airflow/example_dags/example_sla_dag.py for tasks to queue
[2024-03-02T09:50:23.001-0300] {logging_mixin.py:188} INFO - [2024-03-02T09:50:23.001-0300] {dagbag.py:540} INFO - Filling up the DagBag from /home/victor/Área de Trabalho/airflow/venv/lib/python3.10/site-packages/airflow/example_dags/example_sla_dag.py
[2024-03-02T09:50:23.009-0300] {processor.py:840} INFO - DAG(s) 'example_sla_dag' retrieved from /home/victor/Área de Trabalho/airflow/venv/lib/python3.10/site-packages/airflow/example_dags/example_sla_dag.py
[2024-03-02T09:50:23.036-0300] {logging_mixin.py:188} INFO - [2024-03-02T09:50:23.035-0300] {dag.py:3047} INFO - Sync 1 DAGs
[2024-03-02T09:50:23.063-0300] {logging_mixin.py:188} INFO - [2024-03-02T09:50:23.062-0300] {dag.py:3834} INFO - Setting next_dagrun for example_sla_dag to 2024-03-02 12:48:00+00:00, run_after=2024-03-02 12:50:00+00:00
[2024-03-02T09:50:23.084-0300] {processor.py:183} INFO - Processing /home/victor/Área de Trabalho/airflow/venv/lib/python3.10/site-packages/airflow/example_dags/example_sla_dag.py took 0.088 seconds
[2024-03-02T09:50:54.442-0300] {processor.py:161} INFO - Started process (PID=20846) to work on /home/victor/Área de Trabalho/airflow/venv/lib/python3.10/site-packages/airflow/example_dags/example_sla_dag.py
[2024-03-02T09:50:54.443-0300] {processor.py:830} INFO - Processing file /home/victor/Área de Trabalho/airflow/venv/lib/python3.10/site-packages/airflow/example_dags/example_sla_dag.py for tasks to queue
[2024-03-02T09:50:54.444-0300] {logging_mixin.py:188} INFO - [2024-03-02T09:50:54.444-0300] {dagbag.py:540} INFO - Filling up the DagBag from /home/victor/Área de Trabalho/airflow/venv/lib/python3.10/site-packages/airflow/example_dags/example_sla_dag.py
[2024-03-02T09:50:54.452-0300] {processor.py:840} INFO - DAG(s) 'example_sla_dag' retrieved from /home/victor/Área de Trabalho/airflow/venv/lib/python3.10/site-packages/airflow/example_dags/example_sla_dag.py
[2024-03-02T09:50:54.480-0300] {logging_mixin.py:188} INFO - [2024-03-02T09:50:54.480-0300] {dag.py:3047} INFO - Sync 1 DAGs
[2024-03-02T09:50:54.507-0300] {logging_mixin.py:188} INFO - [2024-03-02T09:50:54.507-0300] {dag.py:3834} INFO - Setting next_dagrun for example_sla_dag to 2024-03-02 12:48:00+00:00, run_after=2024-03-02 12:50:00+00:00
[2024-03-02T09:50:54.536-0300] {processor.py:183} INFO - Processing /home/victor/Área de Trabalho/airflow/venv/lib/python3.10/site-packages/airflow/example_dags/example_sla_dag.py took 0.097 seconds
[2024-03-02T09:51:25.170-0300] {processor.py:161} INFO - Started process (PID=21327) to work on /home/victor/Área de Trabalho/airflow/venv/lib/python3.10/site-packages/airflow/example_dags/example_sla_dag.py
[2024-03-02T09:51:25.170-0300] {processor.py:830} INFO - Processing file /home/victor/Área de Trabalho/airflow/venv/lib/python3.10/site-packages/airflow/example_dags/example_sla_dag.py for tasks to queue
[2024-03-02T09:51:25.171-0300] {logging_mixin.py:188} INFO - [2024-03-02T09:51:25.171-0300] {dagbag.py:540} INFO - Filling up the DagBag from /home/victor/Área de Trabalho/airflow/venv/lib/python3.10/site-packages/airflow/example_dags/example_sla_dag.py
[2024-03-02T09:51:25.183-0300] {processor.py:840} INFO - DAG(s) 'example_sla_dag' retrieved from /home/victor/Área de Trabalho/airflow/venv/lib/python3.10/site-packages/airflow/example_dags/example_sla_dag.py
[2024-03-02T09:51:25.210-0300] {logging_mixin.py:188} INFO - [2024-03-02T09:51:25.210-0300] {dag.py:3047} INFO - Sync 1 DAGs
[2024-03-02T09:51:25.236-0300] {logging_mixin.py:188} INFO - [2024-03-02T09:51:25.236-0300] {dag.py:3834} INFO - Setting next_dagrun for example_sla_dag to 2024-03-02 12:48:00+00:00, run_after=2024-03-02 12:50:00+00:00
[2024-03-02T09:51:25.263-0300] {processor.py:183} INFO - Processing /home/victor/Área de Trabalho/airflow/venv/lib/python3.10/site-packages/airflow/example_dags/example_sla_dag.py took 0.097 seconds
[2024-03-02T09:51:55.841-0300] {processor.py:161} INFO - Started process (PID=21648) to work on /home/victor/Área de Trabalho/airflow/venv/lib/python3.10/site-packages/airflow/example_dags/example_sla_dag.py
[2024-03-02T09:51:55.842-0300] {processor.py:830} INFO - Processing file /home/victor/Área de Trabalho/airflow/venv/lib/python3.10/site-packages/airflow/example_dags/example_sla_dag.py for tasks to queue
[2024-03-02T09:51:55.842-0300] {logging_mixin.py:188} INFO - [2024-03-02T09:51:55.842-0300] {dagbag.py:540} INFO - Filling up the DagBag from /home/victor/Área de Trabalho/airflow/venv/lib/python3.10/site-packages/airflow/example_dags/example_sla_dag.py
[2024-03-02T09:51:55.850-0300] {processor.py:840} INFO - DAG(s) 'example_sla_dag' retrieved from /home/victor/Área de Trabalho/airflow/venv/lib/python3.10/site-packages/airflow/example_dags/example_sla_dag.py
[2024-03-02T09:51:55.876-0300] {logging_mixin.py:188} INFO - [2024-03-02T09:51:55.876-0300] {dag.py:3047} INFO - Sync 1 DAGs
[2024-03-02T09:51:55.900-0300] {logging_mixin.py:188} INFO - [2024-03-02T09:51:55.900-0300] {dag.py:3834} INFO - Setting next_dagrun for example_sla_dag to 2024-03-02 12:48:00+00:00, run_after=2024-03-02 12:50:00+00:00
[2024-03-02T09:51:55.919-0300] {processor.py:183} INFO - Processing /home/victor/Área de Trabalho/airflow/venv/lib/python3.10/site-packages/airflow/example_dags/example_sla_dag.py took 0.081 seconds
[2024-03-02T09:52:26.063-0300] {processor.py:161} INFO - Started process (PID=22281) to work on /home/victor/Área de Trabalho/airflow/venv/lib/python3.10/site-packages/airflow/example_dags/example_sla_dag.py
[2024-03-02T09:52:26.064-0300] {processor.py:830} INFO - Processing file /home/victor/Área de Trabalho/airflow/venv/lib/python3.10/site-packages/airflow/example_dags/example_sla_dag.py for tasks to queue
[2024-03-02T09:52:26.065-0300] {logging_mixin.py:188} INFO - [2024-03-02T09:52:26.065-0300] {dagbag.py:540} INFO - Filling up the DagBag from /home/victor/Área de Trabalho/airflow/venv/lib/python3.10/site-packages/airflow/example_dags/example_sla_dag.py
[2024-03-02T09:52:26.072-0300] {processor.py:840} INFO - DAG(s) 'example_sla_dag' retrieved from /home/victor/Área de Trabalho/airflow/venv/lib/python3.10/site-packages/airflow/example_dags/example_sla_dag.py
[2024-03-02T09:52:26.099-0300] {logging_mixin.py:188} INFO - [2024-03-02T09:52:26.099-0300] {dag.py:3047} INFO - Sync 1 DAGs
[2024-03-02T09:52:26.123-0300] {logging_mixin.py:188} INFO - [2024-03-02T09:52:26.123-0300] {dag.py:3834} INFO - Setting next_dagrun for example_sla_dag to 2024-03-02 12:50:00+00:00, run_after=2024-03-02 12:52:00+00:00
[2024-03-02T09:52:26.143-0300] {processor.py:183} INFO - Processing /home/victor/Área de Trabalho/airflow/venv/lib/python3.10/site-packages/airflow/example_dags/example_sla_dag.py took 0.083 seconds
[2024-03-02T09:52:56.723-0300] {processor.py:161} INFO - Started process (PID=22605) to work on /home/victor/Área de Trabalho/airflow/venv/lib/python3.10/site-packages/airflow/example_dags/example_sla_dag.py
[2024-03-02T09:52:56.724-0300] {processor.py:830} INFO - Processing file /home/victor/Área de Trabalho/airflow/venv/lib/python3.10/site-packages/airflow/example_dags/example_sla_dag.py for tasks to queue
[2024-03-02T09:52:56.725-0300] {logging_mixin.py:188} INFO - [2024-03-02T09:52:56.724-0300] {dagbag.py:540} INFO - Filling up the DagBag from /home/victor/Área de Trabalho/airflow/venv/lib/python3.10/site-packages/airflow/example_dags/example_sla_dag.py
[2024-03-02T09:52:56.733-0300] {processor.py:840} INFO - DAG(s) 'example_sla_dag' retrieved from /home/victor/Área de Trabalho/airflow/venv/lib/python3.10/site-packages/airflow/example_dags/example_sla_dag.py
[2024-03-02T09:52:56.760-0300] {logging_mixin.py:188} INFO - [2024-03-02T09:52:56.759-0300] {dag.py:3047} INFO - Sync 1 DAGs
[2024-03-02T09:52:56.785-0300] {logging_mixin.py:188} INFO - [2024-03-02T09:52:56.785-0300] {dag.py:3834} INFO - Setting next_dagrun for example_sla_dag to 2024-03-02 12:50:00+00:00, run_after=2024-03-02 12:52:00+00:00
[2024-03-02T09:52:56.811-0300] {processor.py:183} INFO - Processing /home/victor/Área de Trabalho/airflow/venv/lib/python3.10/site-packages/airflow/example_dags/example_sla_dag.py took 0.091 seconds
[2024-03-02T09:53:27.354-0300] {processor.py:161} INFO - Started process (PID=23090) to work on /home/victor/Área de Trabalho/airflow/venv/lib/python3.10/site-packages/airflow/example_dags/example_sla_dag.py
[2024-03-02T09:53:27.355-0300] {processor.py:830} INFO - Processing file /home/victor/Área de Trabalho/airflow/venv/lib/python3.10/site-packages/airflow/example_dags/example_sla_dag.py for tasks to queue
[2024-03-02T09:53:27.356-0300] {logging_mixin.py:188} INFO - [2024-03-02T09:53:27.355-0300] {dagbag.py:540} INFO - Filling up the DagBag from /home/victor/Área de Trabalho/airflow/venv/lib/python3.10/site-packages/airflow/example_dags/example_sla_dag.py
[2024-03-02T09:53:27.363-0300] {processor.py:840} INFO - DAG(s) 'example_sla_dag' retrieved from /home/victor/Área de Trabalho/airflow/venv/lib/python3.10/site-packages/airflow/example_dags/example_sla_dag.py
[2024-03-02T09:53:27.391-0300] {logging_mixin.py:188} INFO - [2024-03-02T09:53:27.391-0300] {dag.py:3047} INFO - Sync 1 DAGs
[2024-03-02T09:53:27.413-0300] {logging_mixin.py:188} INFO - [2024-03-02T09:53:27.413-0300] {dag.py:3834} INFO - Setting next_dagrun for example_sla_dag to 2024-03-02 12:50:00+00:00, run_after=2024-03-02 12:52:00+00:00
[2024-03-02T09:53:27.435-0300] {processor.py:183} INFO - Processing /home/victor/Área de Trabalho/airflow/venv/lib/python3.10/site-packages/airflow/example_dags/example_sla_dag.py took 0.084 seconds
[2024-03-02T09:53:57.580-0300] {processor.py:161} INFO - Started process (PID=23396) to work on /home/victor/Área de Trabalho/airflow/venv/lib/python3.10/site-packages/airflow/example_dags/example_sla_dag.py
[2024-03-02T09:53:57.582-0300] {processor.py:830} INFO - Processing file /home/victor/Área de Trabalho/airflow/venv/lib/python3.10/site-packages/airflow/example_dags/example_sla_dag.py for tasks to queue
[2024-03-02T09:53:57.583-0300] {logging_mixin.py:188} INFO - [2024-03-02T09:53:57.582-0300] {dagbag.py:540} INFO - Filling up the DagBag from /home/victor/Área de Trabalho/airflow/venv/lib/python3.10/site-packages/airflow/example_dags/example_sla_dag.py
[2024-03-02T09:53:57.591-0300] {processor.py:840} INFO - DAG(s) 'example_sla_dag' retrieved from /home/victor/Área de Trabalho/airflow/venv/lib/python3.10/site-packages/airflow/example_dags/example_sla_dag.py
[2024-03-02T09:53:57.619-0300] {logging_mixin.py:188} INFO - [2024-03-02T09:53:57.619-0300] {dag.py:3047} INFO - Sync 1 DAGs
[2024-03-02T09:53:57.646-0300] {logging_mixin.py:188} INFO - [2024-03-02T09:53:57.646-0300] {dag.py:3834} INFO - Setting next_dagrun for example_sla_dag to 2024-03-02 12:50:00+00:00, run_after=2024-03-02 12:52:00+00:00
[2024-03-02T09:53:57.670-0300] {processor.py:183} INFO - Processing /home/victor/Área de Trabalho/airflow/venv/lib/python3.10/site-packages/airflow/example_dags/example_sla_dag.py took 0.094 seconds
[2024-03-02T09:54:28.702-0300] {processor.py:161} INFO - Started process (PID=24057) to work on /home/victor/Área de Trabalho/airflow/venv/lib/python3.10/site-packages/airflow/example_dags/example_sla_dag.py
[2024-03-02T09:54:28.703-0300] {processor.py:830} INFO - Processing file /home/victor/Área de Trabalho/airflow/venv/lib/python3.10/site-packages/airflow/example_dags/example_sla_dag.py for tasks to queue
[2024-03-02T09:54:28.704-0300] {logging_mixin.py:188} INFO - [2024-03-02T09:54:28.703-0300] {dagbag.py:540} INFO - Filling up the DagBag from /home/victor/Área de Trabalho/airflow/venv/lib/python3.10/site-packages/airflow/example_dags/example_sla_dag.py
[2024-03-02T09:54:28.712-0300] {processor.py:840} INFO - DAG(s) 'example_sla_dag' retrieved from /home/victor/Área de Trabalho/airflow/venv/lib/python3.10/site-packages/airflow/example_dags/example_sla_dag.py
[2024-03-02T09:54:28.740-0300] {logging_mixin.py:188} INFO - [2024-03-02T09:54:28.739-0300] {dag.py:3047} INFO - Sync 1 DAGs
[2024-03-02T09:54:28.767-0300] {logging_mixin.py:188} INFO - [2024-03-02T09:54:28.767-0300] {dag.py:3834} INFO - Setting next_dagrun for example_sla_dag to 2024-03-02 12:52:00+00:00, run_after=2024-03-02 12:54:00+00:00
[2024-03-02T09:54:28.790-0300] {processor.py:183} INFO - Processing /home/victor/Área de Trabalho/airflow/venv/lib/python3.10/site-packages/airflow/example_dags/example_sla_dag.py took 0.091 seconds
[2024-03-02T09:54:59.715-0300] {processor.py:161} INFO - Started process (PID=24614) to work on /home/victor/Área de Trabalho/airflow/venv/lib/python3.10/site-packages/airflow/example_dags/example_sla_dag.py
[2024-03-02T09:54:59.716-0300] {processor.py:830} INFO - Processing file /home/victor/Área de Trabalho/airflow/venv/lib/python3.10/site-packages/airflow/example_dags/example_sla_dag.py for tasks to queue
[2024-03-02T09:54:59.717-0300] {logging_mixin.py:188} INFO - [2024-03-02T09:54:59.716-0300] {dagbag.py:540} INFO - Filling up the DagBag from /home/victor/Área de Trabalho/airflow/venv/lib/python3.10/site-packages/airflow/example_dags/example_sla_dag.py
[2024-03-02T09:54:59.724-0300] {processor.py:840} INFO - DAG(s) 'example_sla_dag' retrieved from /home/victor/Área de Trabalho/airflow/venv/lib/python3.10/site-packages/airflow/example_dags/example_sla_dag.py
[2024-03-02T09:54:59.749-0300] {logging_mixin.py:188} INFO - [2024-03-02T09:54:59.749-0300] {dag.py:3047} INFO - Sync 1 DAGs
[2024-03-02T09:54:59.771-0300] {logging_mixin.py:188} INFO - [2024-03-02T09:54:59.771-0300] {dag.py:3834} INFO - Setting next_dagrun for example_sla_dag to 2024-03-02 12:52:00+00:00, run_after=2024-03-02 12:54:00+00:00
[2024-03-02T09:54:59.788-0300] {processor.py:183} INFO - Processing /home/victor/Área de Trabalho/airflow/venv/lib/python3.10/site-packages/airflow/example_dags/example_sla_dag.py took 0.075 seconds
[2024-03-02T09:55:30.272-0300] {processor.py:161} INFO - Started process (PID=25082) to work on /home/victor/Área de Trabalho/airflow/venv/lib/python3.10/site-packages/airflow/example_dags/example_sla_dag.py
[2024-03-02T09:55:30.274-0300] {processor.py:830} INFO - Processing file /home/victor/Área de Trabalho/airflow/venv/lib/python3.10/site-packages/airflow/example_dags/example_sla_dag.py for tasks to queue
[2024-03-02T09:55:30.275-0300] {logging_mixin.py:188} INFO - [2024-03-02T09:55:30.274-0300] {dagbag.py:540} INFO - Filling up the DagBag from /home/victor/Área de Trabalho/airflow/venv/lib/python3.10/site-packages/airflow/example_dags/example_sla_dag.py
[2024-03-02T09:55:30.283-0300] {processor.py:840} INFO - DAG(s) 'example_sla_dag' retrieved from /home/victor/Área de Trabalho/airflow/venv/lib/python3.10/site-packages/airflow/example_dags/example_sla_dag.py
[2024-03-02T09:55:30.310-0300] {logging_mixin.py:188} INFO - [2024-03-02T09:55:30.310-0300] {dag.py:3047} INFO - Sync 1 DAGs
[2024-03-02T09:55:30.338-0300] {logging_mixin.py:188} INFO - [2024-03-02T09:55:30.337-0300] {dag.py:3834} INFO - Setting next_dagrun for example_sla_dag to 2024-03-02 12:52:00+00:00, run_after=2024-03-02 12:54:00+00:00
[2024-03-02T09:55:30.368-0300] {processor.py:183} INFO - Processing /home/victor/Área de Trabalho/airflow/venv/lib/python3.10/site-packages/airflow/example_dags/example_sla_dag.py took 0.099 seconds
[2024-03-02T09:56:00.719-0300] {processor.py:161} INFO - Started process (PID=25580) to work on /home/victor/Área de Trabalho/airflow/venv/lib/python3.10/site-packages/airflow/example_dags/example_sla_dag.py
[2024-03-02T09:56:00.720-0300] {processor.py:830} INFO - Processing file /home/victor/Área de Trabalho/airflow/venv/lib/python3.10/site-packages/airflow/example_dags/example_sla_dag.py for tasks to queue
[2024-03-02T09:56:00.721-0300] {logging_mixin.py:188} INFO - [2024-03-02T09:56:00.720-0300] {dagbag.py:540} INFO - Filling up the DagBag from /home/victor/Área de Trabalho/airflow/venv/lib/python3.10/site-packages/airflow/example_dags/example_sla_dag.py
[2024-03-02T09:56:00.728-0300] {processor.py:840} INFO - DAG(s) 'example_sla_dag' retrieved from /home/victor/Área de Trabalho/airflow/venv/lib/python3.10/site-packages/airflow/example_dags/example_sla_dag.py
[2024-03-02T09:56:00.752-0300] {logging_mixin.py:188} INFO - [2024-03-02T09:56:00.752-0300] {dag.py:3047} INFO - Sync 1 DAGs
[2024-03-02T09:56:00.777-0300] {logging_mixin.py:188} INFO - [2024-03-02T09:56:00.776-0300] {dag.py:3834} INFO - Setting next_dagrun for example_sla_dag to 2024-03-02 12:54:00+00:00, run_after=2024-03-02 12:56:00+00:00
[2024-03-02T09:56:00.796-0300] {processor.py:183} INFO - Processing /home/victor/Área de Trabalho/airflow/venv/lib/python3.10/site-packages/airflow/example_dags/example_sla_dag.py took 0.080 seconds
[2024-03-02T09:56:30.963-0300] {processor.py:161} INFO - Started process (PID=25901) to work on /home/victor/Área de Trabalho/airflow/venv/lib/python3.10/site-packages/airflow/example_dags/example_sla_dag.py
[2024-03-02T09:56:30.964-0300] {processor.py:830} INFO - Processing file /home/victor/Área de Trabalho/airflow/venv/lib/python3.10/site-packages/airflow/example_dags/example_sla_dag.py for tasks to queue
[2024-03-02T09:56:30.965-0300] {logging_mixin.py:188} INFO - [2024-03-02T09:56:30.965-0300] {dagbag.py:540} INFO - Filling up the DagBag from /home/victor/Área de Trabalho/airflow/venv/lib/python3.10/site-packages/airflow/example_dags/example_sla_dag.py
[2024-03-02T09:56:30.972-0300] {processor.py:840} INFO - DAG(s) 'example_sla_dag' retrieved from /home/victor/Área de Trabalho/airflow/venv/lib/python3.10/site-packages/airflow/example_dags/example_sla_dag.py
[2024-03-02T09:56:30.996-0300] {logging_mixin.py:188} INFO - [2024-03-02T09:56:30.996-0300] {dag.py:3047} INFO - Sync 1 DAGs
[2024-03-02T09:56:31.017-0300] {logging_mixin.py:188} INFO - [2024-03-02T09:56:31.017-0300] {dag.py:3834} INFO - Setting next_dagrun for example_sla_dag to 2024-03-02 12:54:00+00:00, run_after=2024-03-02 12:56:00+00:00
[2024-03-02T09:56:31.033-0300] {processor.py:183} INFO - Processing /home/victor/Área de Trabalho/airflow/venv/lib/python3.10/site-packages/airflow/example_dags/example_sla_dag.py took 0.073 seconds
[2024-03-02T09:57:01.293-0300] {processor.py:161} INFO - Started process (PID=26384) to work on /home/victor/Área de Trabalho/airflow/venv/lib/python3.10/site-packages/airflow/example_dags/example_sla_dag.py
[2024-03-02T09:57:01.294-0300] {processor.py:830} INFO - Processing file /home/victor/Área de Trabalho/airflow/venv/lib/python3.10/site-packages/airflow/example_dags/example_sla_dag.py for tasks to queue
[2024-03-02T09:57:01.295-0300] {logging_mixin.py:188} INFO - [2024-03-02T09:57:01.294-0300] {dagbag.py:540} INFO - Filling up the DagBag from /home/victor/Área de Trabalho/airflow/venv/lib/python3.10/site-packages/airflow/example_dags/example_sla_dag.py
[2024-03-02T09:57:01.302-0300] {processor.py:840} INFO - DAG(s) 'example_sla_dag' retrieved from /home/victor/Área de Trabalho/airflow/venv/lib/python3.10/site-packages/airflow/example_dags/example_sla_dag.py
[2024-03-02T09:57:01.330-0300] {logging_mixin.py:188} INFO - [2024-03-02T09:57:01.330-0300] {dag.py:3047} INFO - Sync 1 DAGs
[2024-03-02T09:57:01.353-0300] {logging_mixin.py:188} INFO - [2024-03-02T09:57:01.353-0300] {dag.py:3834} INFO - Setting next_dagrun for example_sla_dag to 2024-03-02 12:54:00+00:00, run_after=2024-03-02 12:56:00+00:00
[2024-03-02T09:57:01.372-0300] {processor.py:183} INFO - Processing /home/victor/Área de Trabalho/airflow/venv/lib/python3.10/site-packages/airflow/example_dags/example_sla_dag.py took 0.082 seconds
[2024-03-02T09:57:31.888-0300] {processor.py:161} INFO - Started process (PID=26866) to work on /home/victor/Área de Trabalho/airflow/venv/lib/python3.10/site-packages/airflow/example_dags/example_sla_dag.py
[2024-03-02T09:57:31.889-0300] {processor.py:830} INFO - Processing file /home/victor/Área de Trabalho/airflow/venv/lib/python3.10/site-packages/airflow/example_dags/example_sla_dag.py for tasks to queue
[2024-03-02T09:57:31.890-0300] {logging_mixin.py:188} INFO - [2024-03-02T09:57:31.889-0300] {dagbag.py:540} INFO - Filling up the DagBag from /home/victor/Área de Trabalho/airflow/venv/lib/python3.10/site-packages/airflow/example_dags/example_sla_dag.py
[2024-03-02T09:57:31.897-0300] {processor.py:840} INFO - DAG(s) 'example_sla_dag' retrieved from /home/victor/Área de Trabalho/airflow/venv/lib/python3.10/site-packages/airflow/example_dags/example_sla_dag.py
[2024-03-02T09:57:31.924-0300] {logging_mixin.py:188} INFO - [2024-03-02T09:57:31.924-0300] {dag.py:3047} INFO - Sync 1 DAGs
[2024-03-02T09:57:31.946-0300] {logging_mixin.py:188} INFO - [2024-03-02T09:57:31.946-0300] {dag.py:3834} INFO - Setting next_dagrun for example_sla_dag to 2024-03-02 12:54:00+00:00, run_after=2024-03-02 12:56:00+00:00
[2024-03-02T09:57:31.964-0300] {processor.py:183} INFO - Processing /home/victor/Área de Trabalho/airflow/venv/lib/python3.10/site-packages/airflow/example_dags/example_sla_dag.py took 0.079 seconds
[2024-03-02T09:58:02.380-0300] {processor.py:161} INFO - Started process (PID=27394) to work on /home/victor/Área de Trabalho/airflow/venv/lib/python3.10/site-packages/airflow/example_dags/example_sla_dag.py
[2024-03-02T09:58:02.380-0300] {processor.py:830} INFO - Processing file /home/victor/Área de Trabalho/airflow/venv/lib/python3.10/site-packages/airflow/example_dags/example_sla_dag.py for tasks to queue
[2024-03-02T09:58:02.381-0300] {logging_mixin.py:188} INFO - [2024-03-02T09:58:02.381-0300] {dagbag.py:540} INFO - Filling up the DagBag from /home/victor/Área de Trabalho/airflow/venv/lib/python3.10/site-packages/airflow/example_dags/example_sla_dag.py
[2024-03-02T09:58:02.388-0300] {processor.py:840} INFO - DAG(s) 'example_sla_dag' retrieved from /home/victor/Área de Trabalho/airflow/venv/lib/python3.10/site-packages/airflow/example_dags/example_sla_dag.py
[2024-03-02T09:58:02.414-0300] {logging_mixin.py:188} INFO - [2024-03-02T09:58:02.413-0300] {dag.py:3047} INFO - Sync 1 DAGs
[2024-03-02T09:58:02.437-0300] {logging_mixin.py:188} INFO - [2024-03-02T09:58:02.436-0300] {dag.py:3834} INFO - Setting next_dagrun for example_sla_dag to 2024-03-02 12:56:00+00:00, run_after=2024-03-02 12:58:00+00:00
[2024-03-02T09:58:02.459-0300] {processor.py:183} INFO - Processing /home/victor/Área de Trabalho/airflow/venv/lib/python3.10/site-packages/airflow/example_dags/example_sla_dag.py took 0.082 seconds
[2024-03-02T09:58:33.019-0300] {processor.py:161} INFO - Started process (PID=28087) to work on /home/victor/Área de Trabalho/airflow/venv/lib/python3.10/site-packages/airflow/example_dags/example_sla_dag.py
[2024-03-02T09:58:33.019-0300] {processor.py:830} INFO - Processing file /home/victor/Área de Trabalho/airflow/venv/lib/python3.10/site-packages/airflow/example_dags/example_sla_dag.py for tasks to queue
[2024-03-02T09:58:33.020-0300] {logging_mixin.py:188} INFO - [2024-03-02T09:58:33.020-0300] {dagbag.py:540} INFO - Filling up the DagBag from /home/victor/Área de Trabalho/airflow/venv/lib/python3.10/site-packages/airflow/example_dags/example_sla_dag.py
[2024-03-02T09:58:33.028-0300] {processor.py:840} INFO - DAG(s) 'example_sla_dag' retrieved from /home/victor/Área de Trabalho/airflow/venv/lib/python3.10/site-packages/airflow/example_dags/example_sla_dag.py
[2024-03-02T09:58:33.053-0300] {logging_mixin.py:188} INFO - [2024-03-02T09:58:33.052-0300] {dag.py:3047} INFO - Sync 1 DAGs
[2024-03-02T09:58:33.075-0300] {logging_mixin.py:188} INFO - [2024-03-02T09:58:33.075-0300] {dag.py:3834} INFO - Setting next_dagrun for example_sla_dag to 2024-03-02 12:56:00+00:00, run_after=2024-03-02 12:58:00+00:00
[2024-03-02T09:58:33.093-0300] {processor.py:183} INFO - Processing /home/victor/Área de Trabalho/airflow/venv/lib/python3.10/site-packages/airflow/example_dags/example_sla_dag.py took 0.077 seconds
[2024-03-02T09:59:03.710-0300] {processor.py:161} INFO - Started process (PID=29301) to work on /home/victor/Área de Trabalho/airflow/venv/lib/python3.10/site-packages/airflow/example_dags/example_sla_dag.py
[2024-03-02T09:59:03.711-0300] {processor.py:830} INFO - Processing file /home/victor/Área de Trabalho/airflow/venv/lib/python3.10/site-packages/airflow/example_dags/example_sla_dag.py for tasks to queue
[2024-03-02T09:59:03.712-0300] {logging_mixin.py:188} INFO - [2024-03-02T09:59:03.712-0300] {dagbag.py:540} INFO - Filling up the DagBag from /home/victor/Área de Trabalho/airflow/venv/lib/python3.10/site-packages/airflow/example_dags/example_sla_dag.py
[2024-03-02T09:59:03.718-0300] {processor.py:840} INFO - DAG(s) 'example_sla_dag' retrieved from /home/victor/Área de Trabalho/airflow/venv/lib/python3.10/site-packages/airflow/example_dags/example_sla_dag.py
[2024-03-02T09:59:03.743-0300] {logging_mixin.py:188} INFO - [2024-03-02T09:59:03.743-0300] {dag.py:3047} INFO - Sync 1 DAGs
[2024-03-02T09:59:03.764-0300] {logging_mixin.py:188} INFO - [2024-03-02T09:59:03.764-0300] {dag.py:3834} INFO - Setting next_dagrun for example_sla_dag to 2024-03-02 12:56:00+00:00, run_after=2024-03-02 12:58:00+00:00
[2024-03-02T09:59:03.783-0300] {processor.py:183} INFO - Processing /home/victor/Área de Trabalho/airflow/venv/lib/python3.10/site-packages/airflow/example_dags/example_sla_dag.py took 0.075 seconds
