[2024-03-02T09:36:59.129-0300] {processor.py:161} INFO - Started process (PID=7970) to work on /home/victor/Área de Trabalho/airflow/venv/lib/python3.10/site-packages/airflow/example_dags/example_branch_day_of_week_operator.py
[2024-03-02T09:36:59.130-0300] {processor.py:830} INFO - Processing file /home/victor/Área de Trabalho/airflow/venv/lib/python3.10/site-packages/airflow/example_dags/example_branch_day_of_week_operator.py for tasks to queue
[2024-03-02T09:36:59.130-0300] {logging_mixin.py:188} INFO - [2024-03-02T09:36:59.130-0300] {dagbag.py:540} INFO - Filling up the DagBag from /home/victor/Área de Trabalho/airflow/venv/lib/python3.10/site-packages/airflow/example_dags/example_branch_day_of_week_operator.py
[2024-03-02T09:36:59.140-0300] {processor.py:840} INFO - DAG(s) 'example_weekday_branch_operator' retrieved from /home/victor/Área de Trabalho/airflow/venv/lib/python3.10/site-packages/airflow/example_dags/example_branch_day_of_week_operator.py
[2024-03-02T09:36:59.161-0300] {logging_mixin.py:188} INFO - [2024-03-02T09:36:59.161-0300] {dag.py:3047} INFO - Sync 1 DAGs
[2024-03-02T09:36:59.184-0300] {logging_mixin.py:188} INFO - [2024-03-02T09:36:59.183-0300] {dag.py:3834} INFO - Setting next_dagrun for example_weekday_branch_operator to 2024-03-01 00:00:00+00:00, run_after=2024-03-02 00:00:00+00:00
[2024-03-02T09:36:59.204-0300] {processor.py:183} INFO - Processing /home/victor/Área de Trabalho/airflow/venv/lib/python3.10/site-packages/airflow/example_dags/example_branch_day_of_week_operator.py took 0.078 seconds
[2024-03-02T09:37:30.547-0300] {processor.py:161} INFO - Started process (PID=9381) to work on /home/victor/Área de Trabalho/airflow/venv/lib/python3.10/site-packages/airflow/example_dags/example_branch_day_of_week_operator.py
[2024-03-02T09:37:30.548-0300] {processor.py:830} INFO - Processing file /home/victor/Área de Trabalho/airflow/venv/lib/python3.10/site-packages/airflow/example_dags/example_branch_day_of_week_operator.py for tasks to queue
[2024-03-02T09:37:30.548-0300] {logging_mixin.py:188} INFO - [2024-03-02T09:37:30.548-0300] {dagbag.py:540} INFO - Filling up the DagBag from /home/victor/Área de Trabalho/airflow/venv/lib/python3.10/site-packages/airflow/example_dags/example_branch_day_of_week_operator.py
[2024-03-02T09:37:30.555-0300] {processor.py:840} INFO - DAG(s) 'example_weekday_branch_operator' retrieved from /home/victor/Área de Trabalho/airflow/venv/lib/python3.10/site-packages/airflow/example_dags/example_branch_day_of_week_operator.py
[2024-03-02T09:37:30.662-0300] {logging_mixin.py:188} INFO - [2024-03-02T09:37:30.661-0300] {dag.py:3047} INFO - Sync 1 DAGs
[2024-03-02T09:37:30.683-0300] {logging_mixin.py:188} INFO - [2024-03-02T09:37:30.683-0300] {dag.py:3834} INFO - Setting next_dagrun for example_weekday_branch_operator to 2024-03-01 00:00:00+00:00, run_after=2024-03-02 00:00:00+00:00
[2024-03-02T09:37:30.703-0300] {processor.py:183} INFO - Processing /home/victor/Área de Trabalho/airflow/venv/lib/python3.10/site-packages/airflow/example_dags/example_branch_day_of_week_operator.py took 0.160 seconds
[2024-03-02T09:38:00.849-0300] {processor.py:161} INFO - Started process (PID=10048) to work on /home/victor/Área de Trabalho/airflow/venv/lib/python3.10/site-packages/airflow/example_dags/example_branch_day_of_week_operator.py
[2024-03-02T09:38:00.850-0300] {processor.py:830} INFO - Processing file /home/victor/Área de Trabalho/airflow/venv/lib/python3.10/site-packages/airflow/example_dags/example_branch_day_of_week_operator.py for tasks to queue
[2024-03-02T09:38:00.851-0300] {logging_mixin.py:188} INFO - [2024-03-02T09:38:00.850-0300] {dagbag.py:540} INFO - Filling up the DagBag from /home/victor/Área de Trabalho/airflow/venv/lib/python3.10/site-packages/airflow/example_dags/example_branch_day_of_week_operator.py
[2024-03-02T09:38:00.857-0300] {processor.py:840} INFO - DAG(s) 'example_weekday_branch_operator' retrieved from /home/victor/Área de Trabalho/airflow/venv/lib/python3.10/site-packages/airflow/example_dags/example_branch_day_of_week_operator.py
[2024-03-02T09:38:00.883-0300] {logging_mixin.py:188} INFO - [2024-03-02T09:38:00.883-0300] {dag.py:3047} INFO - Sync 1 DAGs
[2024-03-02T09:38:00.904-0300] {logging_mixin.py:188} INFO - [2024-03-02T09:38:00.904-0300] {dag.py:3834} INFO - Setting next_dagrun for example_weekday_branch_operator to 2024-03-01 00:00:00+00:00, run_after=2024-03-02 00:00:00+00:00
[2024-03-02T09:38:00.922-0300] {processor.py:183} INFO - Processing /home/victor/Área de Trabalho/airflow/venv/lib/python3.10/site-packages/airflow/example_dags/example_branch_day_of_week_operator.py took 0.075 seconds
[2024-03-02T09:38:32.158-0300] {processor.py:161} INFO - Started process (PID=10361) to work on /home/victor/Área de Trabalho/airflow/venv/lib/python3.10/site-packages/airflow/example_dags/example_branch_day_of_week_operator.py
[2024-03-02T09:38:32.159-0300] {processor.py:830} INFO - Processing file /home/victor/Área de Trabalho/airflow/venv/lib/python3.10/site-packages/airflow/example_dags/example_branch_day_of_week_operator.py for tasks to queue
[2024-03-02T09:38:32.160-0300] {logging_mixin.py:188} INFO - [2024-03-02T09:38:32.160-0300] {dagbag.py:540} INFO - Filling up the DagBag from /home/victor/Área de Trabalho/airflow/venv/lib/python3.10/site-packages/airflow/example_dags/example_branch_day_of_week_operator.py
[2024-03-02T09:38:32.167-0300] {processor.py:840} INFO - DAG(s) 'example_weekday_branch_operator' retrieved from /home/victor/Área de Trabalho/airflow/venv/lib/python3.10/site-packages/airflow/example_dags/example_branch_day_of_week_operator.py
[2024-03-02T09:38:32.193-0300] {logging_mixin.py:188} INFO - [2024-03-02T09:38:32.192-0300] {dag.py:3047} INFO - Sync 1 DAGs
[2024-03-02T09:38:32.212-0300] {logging_mixin.py:188} INFO - [2024-03-02T09:38:32.212-0300] {dag.py:3834} INFO - Setting next_dagrun for example_weekday_branch_operator to 2024-03-01 00:00:00+00:00, run_after=2024-03-02 00:00:00+00:00
[2024-03-02T09:38:32.229-0300] {processor.py:183} INFO - Processing /home/victor/Área de Trabalho/airflow/venv/lib/python3.10/site-packages/airflow/example_dags/example_branch_day_of_week_operator.py took 0.073 seconds
[2024-03-02T09:39:03.576-0300] {processor.py:161} INFO - Started process (PID=10928) to work on /home/victor/Área de Trabalho/airflow/venv/lib/python3.10/site-packages/airflow/example_dags/example_branch_day_of_week_operator.py
[2024-03-02T09:39:03.577-0300] {processor.py:830} INFO - Processing file /home/victor/Área de Trabalho/airflow/venv/lib/python3.10/site-packages/airflow/example_dags/example_branch_day_of_week_operator.py for tasks to queue
[2024-03-02T09:39:03.578-0300] {logging_mixin.py:188} INFO - [2024-03-02T09:39:03.578-0300] {dagbag.py:540} INFO - Filling up the DagBag from /home/victor/Área de Trabalho/airflow/venv/lib/python3.10/site-packages/airflow/example_dags/example_branch_day_of_week_operator.py
[2024-03-02T09:39:03.584-0300] {processor.py:840} INFO - DAG(s) 'example_weekday_branch_operator' retrieved from /home/victor/Área de Trabalho/airflow/venv/lib/python3.10/site-packages/airflow/example_dags/example_branch_day_of_week_operator.py
[2024-03-02T09:39:03.614-0300] {logging_mixin.py:188} INFO - [2024-03-02T09:39:03.613-0300] {dag.py:3047} INFO - Sync 1 DAGs
[2024-03-02T09:39:03.635-0300] {logging_mixin.py:188} INFO - [2024-03-02T09:39:03.635-0300] {dag.py:3834} INFO - Setting next_dagrun for example_weekday_branch_operator to 2024-03-01 00:00:00+00:00, run_after=2024-03-02 00:00:00+00:00
[2024-03-02T09:39:03.655-0300] {processor.py:183} INFO - Processing /home/victor/Área de Trabalho/airflow/venv/lib/python3.10/site-packages/airflow/example_dags/example_branch_day_of_week_operator.py took 0.082 seconds
[2024-03-02T09:39:34.734-0300] {processor.py:161} INFO - Started process (PID=11516) to work on /home/victor/Área de Trabalho/airflow/venv/lib/python3.10/site-packages/airflow/example_dags/example_branch_day_of_week_operator.py
[2024-03-02T09:39:34.735-0300] {processor.py:830} INFO - Processing file /home/victor/Área de Trabalho/airflow/venv/lib/python3.10/site-packages/airflow/example_dags/example_branch_day_of_week_operator.py for tasks to queue
[2024-03-02T09:39:34.736-0300] {logging_mixin.py:188} INFO - [2024-03-02T09:39:34.735-0300] {dagbag.py:540} INFO - Filling up the DagBag from /home/victor/Área de Trabalho/airflow/venv/lib/python3.10/site-packages/airflow/example_dags/example_branch_day_of_week_operator.py
[2024-03-02T09:39:34.742-0300] {processor.py:840} INFO - DAG(s) 'example_weekday_branch_operator' retrieved from /home/victor/Área de Trabalho/airflow/venv/lib/python3.10/site-packages/airflow/example_dags/example_branch_day_of_week_operator.py
[2024-03-02T09:39:34.769-0300] {logging_mixin.py:188} INFO - [2024-03-02T09:39:34.769-0300] {dag.py:3047} INFO - Sync 1 DAGs
[2024-03-02T09:39:34.791-0300] {logging_mixin.py:188} INFO - [2024-03-02T09:39:34.791-0300] {dag.py:3834} INFO - Setting next_dagrun for example_weekday_branch_operator to 2024-03-01 00:00:00+00:00, run_after=2024-03-02 00:00:00+00:00
[2024-03-02T09:39:34.809-0300] {processor.py:183} INFO - Processing /home/victor/Área de Trabalho/airflow/venv/lib/python3.10/site-packages/airflow/example_dags/example_branch_day_of_week_operator.py took 0.078 seconds
[2024-03-02T09:40:06.024-0300] {processor.py:161} INFO - Started process (PID=11993) to work on /home/victor/Área de Trabalho/airflow/venv/lib/python3.10/site-packages/airflow/example_dags/example_branch_day_of_week_operator.py
[2024-03-02T09:40:06.025-0300] {processor.py:830} INFO - Processing file /home/victor/Área de Trabalho/airflow/venv/lib/python3.10/site-packages/airflow/example_dags/example_branch_day_of_week_operator.py for tasks to queue
[2024-03-02T09:40:06.026-0300] {logging_mixin.py:188} INFO - [2024-03-02T09:40:06.025-0300] {dagbag.py:540} INFO - Filling up the DagBag from /home/victor/Área de Trabalho/airflow/venv/lib/python3.10/site-packages/airflow/example_dags/example_branch_day_of_week_operator.py
[2024-03-02T09:40:06.032-0300] {processor.py:840} INFO - DAG(s) 'example_weekday_branch_operator' retrieved from /home/victor/Área de Trabalho/airflow/venv/lib/python3.10/site-packages/airflow/example_dags/example_branch_day_of_week_operator.py
[2024-03-02T09:40:06.059-0300] {logging_mixin.py:188} INFO - [2024-03-02T09:40:06.059-0300] {dag.py:3047} INFO - Sync 1 DAGs
[2024-03-02T09:40:06.083-0300] {logging_mixin.py:188} INFO - [2024-03-02T09:40:06.083-0300] {dag.py:3834} INFO - Setting next_dagrun for example_weekday_branch_operator to 2024-03-01 00:00:00+00:00, run_after=2024-03-02 00:00:00+00:00
[2024-03-02T09:40:06.103-0300] {processor.py:183} INFO - Processing /home/victor/Área de Trabalho/airflow/venv/lib/python3.10/site-packages/airflow/example_dags/example_branch_day_of_week_operator.py took 0.082 seconds
[2024-03-02T09:40:37.460-0300] {processor.py:161} INFO - Started process (PID=12371) to work on /home/victor/Área de Trabalho/airflow/venv/lib/python3.10/site-packages/airflow/example_dags/example_branch_day_of_week_operator.py
[2024-03-02T09:40:37.462-0300] {processor.py:830} INFO - Processing file /home/victor/Área de Trabalho/airflow/venv/lib/python3.10/site-packages/airflow/example_dags/example_branch_day_of_week_operator.py for tasks to queue
[2024-03-02T09:40:37.463-0300] {logging_mixin.py:188} INFO - [2024-03-02T09:40:37.463-0300] {dagbag.py:540} INFO - Filling up the DagBag from /home/victor/Área de Trabalho/airflow/venv/lib/python3.10/site-packages/airflow/example_dags/example_branch_day_of_week_operator.py
[2024-03-02T09:40:37.470-0300] {processor.py:840} INFO - DAG(s) 'example_weekday_branch_operator' retrieved from /home/victor/Área de Trabalho/airflow/venv/lib/python3.10/site-packages/airflow/example_dags/example_branch_day_of_week_operator.py
[2024-03-02T09:40:37.501-0300] {logging_mixin.py:188} INFO - [2024-03-02T09:40:37.501-0300] {dag.py:3047} INFO - Sync 1 DAGs
[2024-03-02T09:40:37.526-0300] {logging_mixin.py:188} INFO - [2024-03-02T09:40:37.526-0300] {dag.py:3834} INFO - Setting next_dagrun for example_weekday_branch_operator to 2024-03-01 00:00:00+00:00, run_after=2024-03-02 00:00:00+00:00
[2024-03-02T09:40:37.546-0300] {processor.py:183} INFO - Processing /home/victor/Área de Trabalho/airflow/venv/lib/python3.10/site-packages/airflow/example_dags/example_branch_day_of_week_operator.py took 0.089 seconds
[2024-03-02T09:41:08.495-0300] {processor.py:161} INFO - Started process (PID=12846) to work on /home/victor/Área de Trabalho/airflow/venv/lib/python3.10/site-packages/airflow/example_dags/example_branch_day_of_week_operator.py
[2024-03-02T09:41:08.497-0300] {processor.py:830} INFO - Processing file /home/victor/Área de Trabalho/airflow/venv/lib/python3.10/site-packages/airflow/example_dags/example_branch_day_of_week_operator.py for tasks to queue
[2024-03-02T09:41:08.498-0300] {logging_mixin.py:188} INFO - [2024-03-02T09:41:08.498-0300] {dagbag.py:540} INFO - Filling up the DagBag from /home/victor/Área de Trabalho/airflow/venv/lib/python3.10/site-packages/airflow/example_dags/example_branch_day_of_week_operator.py
[2024-03-02T09:41:08.506-0300] {processor.py:840} INFO - DAG(s) 'example_weekday_branch_operator' retrieved from /home/victor/Área de Trabalho/airflow/venv/lib/python3.10/site-packages/airflow/example_dags/example_branch_day_of_week_operator.py
[2024-03-02T09:41:08.535-0300] {logging_mixin.py:188} INFO - [2024-03-02T09:41:08.535-0300] {dag.py:3047} INFO - Sync 1 DAGs
[2024-03-02T09:41:08.563-0300] {logging_mixin.py:188} INFO - [2024-03-02T09:41:08.563-0300] {dag.py:3834} INFO - Setting next_dagrun for example_weekday_branch_operator to 2024-03-01 00:00:00+00:00, run_after=2024-03-02 00:00:00+00:00
[2024-03-02T09:41:08.588-0300] {processor.py:183} INFO - Processing /home/victor/Área de Trabalho/airflow/venv/lib/python3.10/site-packages/airflow/example_dags/example_branch_day_of_week_operator.py took 0.096 seconds
[2024-03-02T09:41:39.196-0300] {processor.py:161} INFO - Started process (PID=13161) to work on /home/victor/Área de Trabalho/airflow/venv/lib/python3.10/site-packages/airflow/example_dags/example_branch_day_of_week_operator.py
[2024-03-02T09:41:39.197-0300] {processor.py:830} INFO - Processing file /home/victor/Área de Trabalho/airflow/venv/lib/python3.10/site-packages/airflow/example_dags/example_branch_day_of_week_operator.py for tasks to queue
[2024-03-02T09:41:39.198-0300] {logging_mixin.py:188} INFO - [2024-03-02T09:41:39.197-0300] {dagbag.py:540} INFO - Filling up the DagBag from /home/victor/Área de Trabalho/airflow/venv/lib/python3.10/site-packages/airflow/example_dags/example_branch_day_of_week_operator.py
[2024-03-02T09:41:39.204-0300] {processor.py:840} INFO - DAG(s) 'example_weekday_branch_operator' retrieved from /home/victor/Área de Trabalho/airflow/venv/lib/python3.10/site-packages/airflow/example_dags/example_branch_day_of_week_operator.py
[2024-03-02T09:41:39.235-0300] {logging_mixin.py:188} INFO - [2024-03-02T09:41:39.235-0300] {dag.py:3047} INFO - Sync 1 DAGs
[2024-03-02T09:41:39.259-0300] {logging_mixin.py:188} INFO - [2024-03-02T09:41:39.259-0300] {dag.py:3834} INFO - Setting next_dagrun for example_weekday_branch_operator to 2024-03-01 00:00:00+00:00, run_after=2024-03-02 00:00:00+00:00
[2024-03-02T09:41:39.284-0300] {processor.py:183} INFO - Processing /home/victor/Área de Trabalho/airflow/venv/lib/python3.10/site-packages/airflow/example_dags/example_branch_day_of_week_operator.py took 0.091 seconds
[2024-03-02T09:42:10.104-0300] {processor.py:161} INFO - Started process (PID=13804) to work on /home/victor/Área de Trabalho/airflow/venv/lib/python3.10/site-packages/airflow/example_dags/example_branch_day_of_week_operator.py
[2024-03-02T09:42:10.105-0300] {processor.py:830} INFO - Processing file /home/victor/Área de Trabalho/airflow/venv/lib/python3.10/site-packages/airflow/example_dags/example_branch_day_of_week_operator.py for tasks to queue
[2024-03-02T09:42:10.106-0300] {logging_mixin.py:188} INFO - [2024-03-02T09:42:10.106-0300] {dagbag.py:540} INFO - Filling up the DagBag from /home/victor/Área de Trabalho/airflow/venv/lib/python3.10/site-packages/airflow/example_dags/example_branch_day_of_week_operator.py
[2024-03-02T09:42:10.114-0300] {processor.py:840} INFO - DAG(s) 'example_weekday_branch_operator' retrieved from /home/victor/Área de Trabalho/airflow/venv/lib/python3.10/site-packages/airflow/example_dags/example_branch_day_of_week_operator.py
[2024-03-02T09:42:10.145-0300] {logging_mixin.py:188} INFO - [2024-03-02T09:42:10.145-0300] {dag.py:3047} INFO - Sync 1 DAGs
[2024-03-02T09:42:10.172-0300] {logging_mixin.py:188} INFO - [2024-03-02T09:42:10.172-0300] {dag.py:3834} INFO - Setting next_dagrun for example_weekday_branch_operator to 2024-03-01 00:00:00+00:00, run_after=2024-03-02 00:00:00+00:00
[2024-03-02T09:42:10.197-0300] {processor.py:183} INFO - Processing /home/victor/Área de Trabalho/airflow/venv/lib/python3.10/site-packages/airflow/example_dags/example_branch_day_of_week_operator.py took 0.096 seconds
[2024-03-02T09:42:40.937-0300] {processor.py:161} INFO - Started process (PID=14116) to work on /home/victor/Área de Trabalho/airflow/venv/lib/python3.10/site-packages/airflow/example_dags/example_branch_day_of_week_operator.py
[2024-03-02T09:42:40.938-0300] {processor.py:830} INFO - Processing file /home/victor/Área de Trabalho/airflow/venv/lib/python3.10/site-packages/airflow/example_dags/example_branch_day_of_week_operator.py for tasks to queue
[2024-03-02T09:42:40.939-0300] {logging_mixin.py:188} INFO - [2024-03-02T09:42:40.938-0300] {dagbag.py:540} INFO - Filling up the DagBag from /home/victor/Área de Trabalho/airflow/venv/lib/python3.10/site-packages/airflow/example_dags/example_branch_day_of_week_operator.py
[2024-03-02T09:42:40.947-0300] {processor.py:840} INFO - DAG(s) 'example_weekday_branch_operator' retrieved from /home/victor/Área de Trabalho/airflow/venv/lib/python3.10/site-packages/airflow/example_dags/example_branch_day_of_week_operator.py
[2024-03-02T09:42:40.998-0300] {logging_mixin.py:188} INFO - [2024-03-02T09:42:40.998-0300] {dag.py:3047} INFO - Sync 1 DAGs
[2024-03-02T09:42:41.025-0300] {logging_mixin.py:188} INFO - [2024-03-02T09:42:41.024-0300] {dag.py:3834} INFO - Setting next_dagrun for example_weekday_branch_operator to 2024-03-01 00:00:00+00:00, run_after=2024-03-02 00:00:00+00:00
[2024-03-02T09:42:41.048-0300] {processor.py:183} INFO - Processing /home/victor/Área de Trabalho/airflow/venv/lib/python3.10/site-packages/airflow/example_dags/example_branch_day_of_week_operator.py took 0.114 seconds
[2024-03-02T09:43:12.090-0300] {processor.py:161} INFO - Started process (PID=14595) to work on /home/victor/Área de Trabalho/airflow/venv/lib/python3.10/site-packages/airflow/example_dags/example_branch_day_of_week_operator.py
[2024-03-02T09:43:12.091-0300] {processor.py:830} INFO - Processing file /home/victor/Área de Trabalho/airflow/venv/lib/python3.10/site-packages/airflow/example_dags/example_branch_day_of_week_operator.py for tasks to queue
[2024-03-02T09:43:12.092-0300] {logging_mixin.py:188} INFO - [2024-03-02T09:43:12.091-0300] {dagbag.py:540} INFO - Filling up the DagBag from /home/victor/Área de Trabalho/airflow/venv/lib/python3.10/site-packages/airflow/example_dags/example_branch_day_of_week_operator.py
[2024-03-02T09:43:12.099-0300] {processor.py:840} INFO - DAG(s) 'example_weekday_branch_operator' retrieved from /home/victor/Área de Trabalho/airflow/venv/lib/python3.10/site-packages/airflow/example_dags/example_branch_day_of_week_operator.py
[2024-03-02T09:43:12.132-0300] {logging_mixin.py:188} INFO - [2024-03-02T09:43:12.132-0300] {dag.py:3047} INFO - Sync 1 DAGs
[2024-03-02T09:43:12.160-0300] {logging_mixin.py:188} INFO - [2024-03-02T09:43:12.160-0300] {dag.py:3834} INFO - Setting next_dagrun for example_weekday_branch_operator to 2024-03-01 00:00:00+00:00, run_after=2024-03-02 00:00:00+00:00
[2024-03-02T09:43:12.185-0300] {processor.py:183} INFO - Processing /home/victor/Área de Trabalho/airflow/venv/lib/python3.10/site-packages/airflow/example_dags/example_branch_day_of_week_operator.py took 0.098 seconds
[2024-03-02T09:43:42.790-0300] {processor.py:161} INFO - Started process (PID=14917) to work on /home/victor/Área de Trabalho/airflow/venv/lib/python3.10/site-packages/airflow/example_dags/example_branch_day_of_week_operator.py
[2024-03-02T09:43:42.791-0300] {processor.py:830} INFO - Processing file /home/victor/Área de Trabalho/airflow/venv/lib/python3.10/site-packages/airflow/example_dags/example_branch_day_of_week_operator.py for tasks to queue
[2024-03-02T09:43:42.792-0300] {logging_mixin.py:188} INFO - [2024-03-02T09:43:42.792-0300] {dagbag.py:540} INFO - Filling up the DagBag from /home/victor/Área de Trabalho/airflow/venv/lib/python3.10/site-packages/airflow/example_dags/example_branch_day_of_week_operator.py
[2024-03-02T09:43:42.800-0300] {processor.py:840} INFO - DAG(s) 'example_weekday_branch_operator' retrieved from /home/victor/Área de Trabalho/airflow/venv/lib/python3.10/site-packages/airflow/example_dags/example_branch_day_of_week_operator.py
[2024-03-02T09:43:42.829-0300] {logging_mixin.py:188} INFO - [2024-03-02T09:43:42.828-0300] {dag.py:3047} INFO - Sync 1 DAGs
[2024-03-02T09:43:42.850-0300] {logging_mixin.py:188} INFO - [2024-03-02T09:43:42.849-0300] {dag.py:3834} INFO - Setting next_dagrun for example_weekday_branch_operator to 2024-03-01 00:00:00+00:00, run_after=2024-03-02 00:00:00+00:00
[2024-03-02T09:43:42.869-0300] {processor.py:183} INFO - Processing /home/victor/Área de Trabalho/airflow/venv/lib/python3.10/site-packages/airflow/example_dags/example_branch_day_of_week_operator.py took 0.082 seconds
[2024-03-02T09:44:14.286-0300] {processor.py:161} INFO - Started process (PID=15408) to work on /home/victor/Área de Trabalho/airflow/venv/lib/python3.10/site-packages/airflow/example_dags/example_branch_day_of_week_operator.py
[2024-03-02T09:44:14.288-0300] {processor.py:830} INFO - Processing file /home/victor/Área de Trabalho/airflow/venv/lib/python3.10/site-packages/airflow/example_dags/example_branch_day_of_week_operator.py for tasks to queue
[2024-03-02T09:44:14.288-0300] {logging_mixin.py:188} INFO - [2024-03-02T09:44:14.288-0300] {dagbag.py:540} INFO - Filling up the DagBag from /home/victor/Área de Trabalho/airflow/venv/lib/python3.10/site-packages/airflow/example_dags/example_branch_day_of_week_operator.py
[2024-03-02T09:44:14.296-0300] {processor.py:840} INFO - DAG(s) 'example_weekday_branch_operator' retrieved from /home/victor/Área de Trabalho/airflow/venv/lib/python3.10/site-packages/airflow/example_dags/example_branch_day_of_week_operator.py
[2024-03-02T09:44:14.326-0300] {logging_mixin.py:188} INFO - [2024-03-02T09:44:14.326-0300] {dag.py:3047} INFO - Sync 1 DAGs
[2024-03-02T09:44:14.350-0300] {logging_mixin.py:188} INFO - [2024-03-02T09:44:14.350-0300] {dag.py:3834} INFO - Setting next_dagrun for example_weekday_branch_operator to 2024-03-01 00:00:00+00:00, run_after=2024-03-02 00:00:00+00:00
[2024-03-02T09:44:14.375-0300] {processor.py:183} INFO - Processing /home/victor/Área de Trabalho/airflow/venv/lib/python3.10/site-packages/airflow/example_dags/example_branch_day_of_week_operator.py took 0.092 seconds
[2024-03-02T09:44:45.018-0300] {processor.py:161} INFO - Started process (PID=15731) to work on /home/victor/Área de Trabalho/airflow/venv/lib/python3.10/site-packages/airflow/example_dags/example_branch_day_of_week_operator.py
[2024-03-02T09:44:45.019-0300] {processor.py:830} INFO - Processing file /home/victor/Área de Trabalho/airflow/venv/lib/python3.10/site-packages/airflow/example_dags/example_branch_day_of_week_operator.py for tasks to queue
[2024-03-02T09:44:45.020-0300] {logging_mixin.py:188} INFO - [2024-03-02T09:44:45.019-0300] {dagbag.py:540} INFO - Filling up the DagBag from /home/victor/Área de Trabalho/airflow/venv/lib/python3.10/site-packages/airflow/example_dags/example_branch_day_of_week_operator.py
[2024-03-02T09:44:45.031-0300] {processor.py:840} INFO - DAG(s) 'example_weekday_branch_operator' retrieved from /home/victor/Área de Trabalho/airflow/venv/lib/python3.10/site-packages/airflow/example_dags/example_branch_day_of_week_operator.py
[2024-03-02T09:44:45.063-0300] {logging_mixin.py:188} INFO - [2024-03-02T09:44:45.062-0300] {dag.py:3047} INFO - Sync 1 DAGs
[2024-03-02T09:44:45.088-0300] {logging_mixin.py:188} INFO - [2024-03-02T09:44:45.088-0300] {dag.py:3834} INFO - Setting next_dagrun for example_weekday_branch_operator to 2024-03-01 00:00:00+00:00, run_after=2024-03-02 00:00:00+00:00
[2024-03-02T09:44:45.109-0300] {processor.py:183} INFO - Processing /home/victor/Área de Trabalho/airflow/venv/lib/python3.10/site-packages/airflow/example_dags/example_branch_day_of_week_operator.py took 0.094 seconds
[2024-03-02T09:45:15.964-0300] {processor.py:161} INFO - Started process (PID=16216) to work on /home/victor/Área de Trabalho/airflow/venv/lib/python3.10/site-packages/airflow/example_dags/example_branch_day_of_week_operator.py
[2024-03-02T09:45:15.965-0300] {processor.py:830} INFO - Processing file /home/victor/Área de Trabalho/airflow/venv/lib/python3.10/site-packages/airflow/example_dags/example_branch_day_of_week_operator.py for tasks to queue
[2024-03-02T09:45:15.966-0300] {logging_mixin.py:188} INFO - [2024-03-02T09:45:15.966-0300] {dagbag.py:540} INFO - Filling up the DagBag from /home/victor/Área de Trabalho/airflow/venv/lib/python3.10/site-packages/airflow/example_dags/example_branch_day_of_week_operator.py
[2024-03-02T09:45:15.976-0300] {processor.py:840} INFO - DAG(s) 'example_weekday_branch_operator' retrieved from /home/victor/Área de Trabalho/airflow/venv/lib/python3.10/site-packages/airflow/example_dags/example_branch_day_of_week_operator.py
[2024-03-02T09:45:16.009-0300] {logging_mixin.py:188} INFO - [2024-03-02T09:45:16.009-0300] {dag.py:3047} INFO - Sync 1 DAGs
[2024-03-02T09:45:16.041-0300] {logging_mixin.py:188} INFO - [2024-03-02T09:45:16.041-0300] {dag.py:3834} INFO - Setting next_dagrun for example_weekday_branch_operator to 2024-03-01 00:00:00+00:00, run_after=2024-03-02 00:00:00+00:00
[2024-03-02T09:45:16.065-0300] {processor.py:183} INFO - Processing /home/victor/Área de Trabalho/airflow/venv/lib/python3.10/site-packages/airflow/example_dags/example_branch_day_of_week_operator.py took 0.105 seconds
[2024-03-02T09:45:46.791-0300] {processor.py:161} INFO - Started process (PID=16723) to work on /home/victor/Área de Trabalho/airflow/venv/lib/python3.10/site-packages/airflow/example_dags/example_branch_day_of_week_operator.py
[2024-03-02T09:45:46.792-0300] {processor.py:830} INFO - Processing file /home/victor/Área de Trabalho/airflow/venv/lib/python3.10/site-packages/airflow/example_dags/example_branch_day_of_week_operator.py for tasks to queue
[2024-03-02T09:45:46.793-0300] {logging_mixin.py:188} INFO - [2024-03-02T09:45:46.792-0300] {dagbag.py:540} INFO - Filling up the DagBag from /home/victor/Área de Trabalho/airflow/venv/lib/python3.10/site-packages/airflow/example_dags/example_branch_day_of_week_operator.py
[2024-03-02T09:45:46.800-0300] {processor.py:840} INFO - DAG(s) 'example_weekday_branch_operator' retrieved from /home/victor/Área de Trabalho/airflow/venv/lib/python3.10/site-packages/airflow/example_dags/example_branch_day_of_week_operator.py
[2024-03-02T09:45:46.829-0300] {logging_mixin.py:188} INFO - [2024-03-02T09:45:46.829-0300] {dag.py:3047} INFO - Sync 1 DAGs
[2024-03-02T09:45:46.853-0300] {logging_mixin.py:188} INFO - [2024-03-02T09:45:46.852-0300] {dag.py:3834} INFO - Setting next_dagrun for example_weekday_branch_operator to 2024-03-01 00:00:00+00:00, run_after=2024-03-02 00:00:00+00:00
[2024-03-02T09:45:46.872-0300] {processor.py:183} INFO - Processing /home/victor/Área de Trabalho/airflow/venv/lib/python3.10/site-packages/airflow/example_dags/example_branch_day_of_week_operator.py took 0.084 seconds
[2024-03-02T09:46:18.543-0300] {processor.py:161} INFO - Started process (PID=17206) to work on /home/victor/Área de Trabalho/airflow/venv/lib/python3.10/site-packages/airflow/example_dags/example_branch_day_of_week_operator.py
[2024-03-02T09:46:18.544-0300] {processor.py:830} INFO - Processing file /home/victor/Área de Trabalho/airflow/venv/lib/python3.10/site-packages/airflow/example_dags/example_branch_day_of_week_operator.py for tasks to queue
[2024-03-02T09:46:18.545-0300] {logging_mixin.py:188} INFO - [2024-03-02T09:46:18.545-0300] {dagbag.py:540} INFO - Filling up the DagBag from /home/victor/Área de Trabalho/airflow/venv/lib/python3.10/site-packages/airflow/example_dags/example_branch_day_of_week_operator.py
[2024-03-02T09:46:18.552-0300] {processor.py:840} INFO - DAG(s) 'example_weekday_branch_operator' retrieved from /home/victor/Área de Trabalho/airflow/venv/lib/python3.10/site-packages/airflow/example_dags/example_branch_day_of_week_operator.py
[2024-03-02T09:46:18.583-0300] {logging_mixin.py:188} INFO - [2024-03-02T09:46:18.582-0300] {dag.py:3047} INFO - Sync 1 DAGs
[2024-03-02T09:46:18.607-0300] {logging_mixin.py:188} INFO - [2024-03-02T09:46:18.607-0300] {dag.py:3834} INFO - Setting next_dagrun for example_weekday_branch_operator to 2024-03-01 00:00:00+00:00, run_after=2024-03-02 00:00:00+00:00
[2024-03-02T09:46:18.634-0300] {processor.py:183} INFO - Processing /home/victor/Área de Trabalho/airflow/venv/lib/python3.10/site-packages/airflow/example_dags/example_branch_day_of_week_operator.py took 0.095 seconds
[2024-03-02T09:46:49.083-0300] {processor.py:161} INFO - Started process (PID=17529) to work on /home/victor/Área de Trabalho/airflow/venv/lib/python3.10/site-packages/airflow/example_dags/example_branch_day_of_week_operator.py
[2024-03-02T09:46:49.083-0300] {processor.py:830} INFO - Processing file /home/victor/Área de Trabalho/airflow/venv/lib/python3.10/site-packages/airflow/example_dags/example_branch_day_of_week_operator.py for tasks to queue
[2024-03-02T09:46:49.084-0300] {logging_mixin.py:188} INFO - [2024-03-02T09:46:49.084-0300] {dagbag.py:540} INFO - Filling up the DagBag from /home/victor/Área de Trabalho/airflow/venv/lib/python3.10/site-packages/airflow/example_dags/example_branch_day_of_week_operator.py
[2024-03-02T09:46:49.093-0300] {processor.py:840} INFO - DAG(s) 'example_weekday_branch_operator' retrieved from /home/victor/Área de Trabalho/airflow/venv/lib/python3.10/site-packages/airflow/example_dags/example_branch_day_of_week_operator.py
[2024-03-02T09:46:49.120-0300] {logging_mixin.py:188} INFO - [2024-03-02T09:46:49.120-0300] {dag.py:3047} INFO - Sync 1 DAGs
[2024-03-02T09:46:49.145-0300] {logging_mixin.py:188} INFO - [2024-03-02T09:46:49.145-0300] {dag.py:3834} INFO - Setting next_dagrun for example_weekday_branch_operator to 2024-03-01 00:00:00+00:00, run_after=2024-03-02 00:00:00+00:00
[2024-03-02T09:46:49.168-0300] {processor.py:183} INFO - Processing /home/victor/Área de Trabalho/airflow/venv/lib/python3.10/site-packages/airflow/example_dags/example_branch_day_of_week_operator.py took 0.088 seconds
[2024-03-02T09:47:20.085-0300] {processor.py:161} INFO - Started process (PID=18186) to work on /home/victor/Área de Trabalho/airflow/venv/lib/python3.10/site-packages/airflow/example_dags/example_branch_day_of_week_operator.py
[2024-03-02T09:47:20.086-0300] {processor.py:830} INFO - Processing file /home/victor/Área de Trabalho/airflow/venv/lib/python3.10/site-packages/airflow/example_dags/example_branch_day_of_week_operator.py for tasks to queue
[2024-03-02T09:47:20.087-0300] {logging_mixin.py:188} INFO - [2024-03-02T09:47:20.086-0300] {dagbag.py:540} INFO - Filling up the DagBag from /home/victor/Área de Trabalho/airflow/venv/lib/python3.10/site-packages/airflow/example_dags/example_branch_day_of_week_operator.py
[2024-03-02T09:47:20.094-0300] {processor.py:840} INFO - DAG(s) 'example_weekday_branch_operator' retrieved from /home/victor/Área de Trabalho/airflow/venv/lib/python3.10/site-packages/airflow/example_dags/example_branch_day_of_week_operator.py
[2024-03-02T09:47:20.125-0300] {logging_mixin.py:188} INFO - [2024-03-02T09:47:20.125-0300] {dag.py:3047} INFO - Sync 1 DAGs
[2024-03-02T09:47:20.148-0300] {logging_mixin.py:188} INFO - [2024-03-02T09:47:20.148-0300] {dag.py:3834} INFO - Setting next_dagrun for example_weekday_branch_operator to 2024-03-01 00:00:00+00:00, run_after=2024-03-02 00:00:00+00:00
[2024-03-02T09:47:20.171-0300] {processor.py:183} INFO - Processing /home/victor/Área de Trabalho/airflow/venv/lib/python3.10/site-packages/airflow/example_dags/example_branch_day_of_week_operator.py took 0.089 seconds
[2024-03-02T09:47:50.663-0300] {processor.py:161} INFO - Started process (PID=18506) to work on /home/victor/Área de Trabalho/airflow/venv/lib/python3.10/site-packages/airflow/example_dags/example_branch_day_of_week_operator.py
[2024-03-02T09:47:50.664-0300] {processor.py:830} INFO - Processing file /home/victor/Área de Trabalho/airflow/venv/lib/python3.10/site-packages/airflow/example_dags/example_branch_day_of_week_operator.py for tasks to queue
[2024-03-02T09:47:50.665-0300] {logging_mixin.py:188} INFO - [2024-03-02T09:47:50.665-0300] {dagbag.py:540} INFO - Filling up the DagBag from /home/victor/Área de Trabalho/airflow/venv/lib/python3.10/site-packages/airflow/example_dags/example_branch_day_of_week_operator.py
[2024-03-02T09:47:50.672-0300] {processor.py:840} INFO - DAG(s) 'example_weekday_branch_operator' retrieved from /home/victor/Área de Trabalho/airflow/venv/lib/python3.10/site-packages/airflow/example_dags/example_branch_day_of_week_operator.py
[2024-03-02T09:47:50.702-0300] {logging_mixin.py:188} INFO - [2024-03-02T09:47:50.702-0300] {dag.py:3047} INFO - Sync 1 DAGs
[2024-03-02T09:47:50.724-0300] {logging_mixin.py:188} INFO - [2024-03-02T09:47:50.724-0300] {dag.py:3834} INFO - Setting next_dagrun for example_weekday_branch_operator to 2024-03-01 00:00:00+00:00, run_after=2024-03-02 00:00:00+00:00
[2024-03-02T09:47:50.743-0300] {processor.py:183} INFO - Processing /home/victor/Área de Trabalho/airflow/venv/lib/python3.10/site-packages/airflow/example_dags/example_branch_day_of_week_operator.py took 0.082 seconds
[2024-03-02T09:48:21.360-0300] {processor.py:161} INFO - Started process (PID=18994) to work on /home/victor/Área de Trabalho/airflow/venv/lib/python3.10/site-packages/airflow/example_dags/example_branch_day_of_week_operator.py
[2024-03-02T09:48:21.361-0300] {processor.py:830} INFO - Processing file /home/victor/Área de Trabalho/airflow/venv/lib/python3.10/site-packages/airflow/example_dags/example_branch_day_of_week_operator.py for tasks to queue
[2024-03-02T09:48:21.362-0300] {logging_mixin.py:188} INFO - [2024-03-02T09:48:21.361-0300] {dagbag.py:540} INFO - Filling up the DagBag from /home/victor/Área de Trabalho/airflow/venv/lib/python3.10/site-packages/airflow/example_dags/example_branch_day_of_week_operator.py
[2024-03-02T09:48:21.370-0300] {processor.py:840} INFO - DAG(s) 'example_weekday_branch_operator' retrieved from /home/victor/Área de Trabalho/airflow/venv/lib/python3.10/site-packages/airflow/example_dags/example_branch_day_of_week_operator.py
[2024-03-02T09:48:21.402-0300] {logging_mixin.py:188} INFO - [2024-03-02T09:48:21.402-0300] {dag.py:3047} INFO - Sync 1 DAGs
[2024-03-02T09:48:21.425-0300] {logging_mixin.py:188} INFO - [2024-03-02T09:48:21.425-0300] {dag.py:3834} INFO - Setting next_dagrun for example_weekday_branch_operator to 2024-03-01 00:00:00+00:00, run_after=2024-03-02 00:00:00+00:00
[2024-03-02T09:48:21.445-0300] {processor.py:183} INFO - Processing /home/victor/Área de Trabalho/airflow/venv/lib/python3.10/site-packages/airflow/example_dags/example_branch_day_of_week_operator.py took 0.089 seconds
[2024-03-02T09:48:52.201-0300] {processor.py:161} INFO - Started process (PID=19336) to work on /home/victor/Área de Trabalho/airflow/venv/lib/python3.10/site-packages/airflow/example_dags/example_branch_day_of_week_operator.py
[2024-03-02T09:48:52.202-0300] {processor.py:830} INFO - Processing file /home/victor/Área de Trabalho/airflow/venv/lib/python3.10/site-packages/airflow/example_dags/example_branch_day_of_week_operator.py for tasks to queue
[2024-03-02T09:48:52.203-0300] {logging_mixin.py:188} INFO - [2024-03-02T09:48:52.202-0300] {dagbag.py:540} INFO - Filling up the DagBag from /home/victor/Área de Trabalho/airflow/venv/lib/python3.10/site-packages/airflow/example_dags/example_branch_day_of_week_operator.py
[2024-03-02T09:48:52.210-0300] {processor.py:840} INFO - DAG(s) 'example_weekday_branch_operator' retrieved from /home/victor/Área de Trabalho/airflow/venv/lib/python3.10/site-packages/airflow/example_dags/example_branch_day_of_week_operator.py
[2024-03-02T09:48:52.244-0300] {logging_mixin.py:188} INFO - [2024-03-02T09:48:52.244-0300] {dag.py:3047} INFO - Sync 1 DAGs
[2024-03-02T09:48:52.271-0300] {logging_mixin.py:188} INFO - [2024-03-02T09:48:52.270-0300] {dag.py:3834} INFO - Setting next_dagrun for example_weekday_branch_operator to 2024-03-01 00:00:00+00:00, run_after=2024-03-02 00:00:00+00:00
[2024-03-02T09:48:52.295-0300] {processor.py:183} INFO - Processing /home/victor/Área de Trabalho/airflow/venv/lib/python3.10/site-packages/airflow/example_dags/example_branch_day_of_week_operator.py took 0.097 seconds
[2024-03-02T09:49:22.873-0300] {processor.py:161} INFO - Started process (PID=19813) to work on /home/victor/Área de Trabalho/airflow/venv/lib/python3.10/site-packages/airflow/example_dags/example_branch_day_of_week_operator.py
[2024-03-02T09:49:22.873-0300] {processor.py:830} INFO - Processing file /home/victor/Área de Trabalho/airflow/venv/lib/python3.10/site-packages/airflow/example_dags/example_branch_day_of_week_operator.py for tasks to queue
[2024-03-02T09:49:22.874-0300] {logging_mixin.py:188} INFO - [2024-03-02T09:49:22.874-0300] {dagbag.py:540} INFO - Filling up the DagBag from /home/victor/Área de Trabalho/airflow/venv/lib/python3.10/site-packages/airflow/example_dags/example_branch_day_of_week_operator.py
[2024-03-02T09:49:22.882-0300] {processor.py:840} INFO - DAG(s) 'example_weekday_branch_operator' retrieved from /home/victor/Área de Trabalho/airflow/venv/lib/python3.10/site-packages/airflow/example_dags/example_branch_day_of_week_operator.py
[2024-03-02T09:49:22.924-0300] {logging_mixin.py:188} INFO - [2024-03-02T09:49:22.924-0300] {dag.py:3047} INFO - Sync 1 DAGs
[2024-03-02T09:49:22.947-0300] {logging_mixin.py:188} INFO - [2024-03-02T09:49:22.947-0300] {dag.py:3834} INFO - Setting next_dagrun for example_weekday_branch_operator to 2024-03-01 00:00:00+00:00, run_after=2024-03-02 00:00:00+00:00
[2024-03-02T09:49:22.972-0300] {processor.py:183} INFO - Processing /home/victor/Área de Trabalho/airflow/venv/lib/python3.10/site-packages/airflow/example_dags/example_branch_day_of_week_operator.py took 0.102 seconds
[2024-03-02T09:49:53.492-0300] {processor.py:161} INFO - Started process (PID=20133) to work on /home/victor/Área de Trabalho/airflow/venv/lib/python3.10/site-packages/airflow/example_dags/example_branch_day_of_week_operator.py
[2024-03-02T09:49:53.493-0300] {processor.py:830} INFO - Processing file /home/victor/Área de Trabalho/airflow/venv/lib/python3.10/site-packages/airflow/example_dags/example_branch_day_of_week_operator.py for tasks to queue
[2024-03-02T09:49:53.494-0300] {logging_mixin.py:188} INFO - [2024-03-02T09:49:53.494-0300] {dagbag.py:540} INFO - Filling up the DagBag from /home/victor/Área de Trabalho/airflow/venv/lib/python3.10/site-packages/airflow/example_dags/example_branch_day_of_week_operator.py
[2024-03-02T09:49:53.502-0300] {processor.py:840} INFO - DAG(s) 'example_weekday_branch_operator' retrieved from /home/victor/Área de Trabalho/airflow/venv/lib/python3.10/site-packages/airflow/example_dags/example_branch_day_of_week_operator.py
[2024-03-02T09:49:53.530-0300] {logging_mixin.py:188} INFO - [2024-03-02T09:49:53.530-0300] {dag.py:3047} INFO - Sync 1 DAGs
[2024-03-02T09:49:53.556-0300] {logging_mixin.py:188} INFO - [2024-03-02T09:49:53.555-0300] {dag.py:3834} INFO - Setting next_dagrun for example_weekday_branch_operator to 2024-03-01 00:00:00+00:00, run_after=2024-03-02 00:00:00+00:00
[2024-03-02T09:49:53.579-0300] {processor.py:183} INFO - Processing /home/victor/Área de Trabalho/airflow/venv/lib/python3.10/site-packages/airflow/example_dags/example_branch_day_of_week_operator.py took 0.090 seconds
[2024-03-02T09:50:24.253-0300] {processor.py:161} INFO - Started process (PID=20623) to work on /home/victor/Área de Trabalho/airflow/venv/lib/python3.10/site-packages/airflow/example_dags/example_branch_day_of_week_operator.py
[2024-03-02T09:50:24.254-0300] {processor.py:830} INFO - Processing file /home/victor/Área de Trabalho/airflow/venv/lib/python3.10/site-packages/airflow/example_dags/example_branch_day_of_week_operator.py for tasks to queue
[2024-03-02T09:50:24.255-0300] {logging_mixin.py:188} INFO - [2024-03-02T09:50:24.255-0300] {dagbag.py:540} INFO - Filling up the DagBag from /home/victor/Área de Trabalho/airflow/venv/lib/python3.10/site-packages/airflow/example_dags/example_branch_day_of_week_operator.py
[2024-03-02T09:50:24.262-0300] {processor.py:840} INFO - DAG(s) 'example_weekday_branch_operator' retrieved from /home/victor/Área de Trabalho/airflow/venv/lib/python3.10/site-packages/airflow/example_dags/example_branch_day_of_week_operator.py
[2024-03-02T09:50:24.290-0300] {logging_mixin.py:188} INFO - [2024-03-02T09:50:24.290-0300] {dag.py:3047} INFO - Sync 1 DAGs
[2024-03-02T09:50:24.312-0300] {logging_mixin.py:188} INFO - [2024-03-02T09:50:24.312-0300] {dag.py:3834} INFO - Setting next_dagrun for example_weekday_branch_operator to 2024-03-01 00:00:00+00:00, run_after=2024-03-02 00:00:00+00:00
[2024-03-02T09:50:24.331-0300] {processor.py:183} INFO - Processing /home/victor/Área de Trabalho/airflow/venv/lib/python3.10/site-packages/airflow/example_dags/example_branch_day_of_week_operator.py took 0.081 seconds
[2024-03-02T09:50:55.681-0300] {processor.py:161} INFO - Started process (PID=20976) to work on /home/victor/Área de Trabalho/airflow/venv/lib/python3.10/site-packages/airflow/example_dags/example_branch_day_of_week_operator.py
[2024-03-02T09:50:55.682-0300] {processor.py:830} INFO - Processing file /home/victor/Área de Trabalho/airflow/venv/lib/python3.10/site-packages/airflow/example_dags/example_branch_day_of_week_operator.py for tasks to queue
[2024-03-02T09:50:55.683-0300] {logging_mixin.py:188} INFO - [2024-03-02T09:50:55.683-0300] {dagbag.py:540} INFO - Filling up the DagBag from /home/victor/Área de Trabalho/airflow/venv/lib/python3.10/site-packages/airflow/example_dags/example_branch_day_of_week_operator.py
[2024-03-02T09:50:55.689-0300] {processor.py:840} INFO - DAG(s) 'example_weekday_branch_operator' retrieved from /home/victor/Área de Trabalho/airflow/venv/lib/python3.10/site-packages/airflow/example_dags/example_branch_day_of_week_operator.py
[2024-03-02T09:50:55.718-0300] {logging_mixin.py:188} INFO - [2024-03-02T09:50:55.717-0300] {dag.py:3047} INFO - Sync 1 DAGs
[2024-03-02T09:50:55.743-0300] {logging_mixin.py:188} INFO - [2024-03-02T09:50:55.743-0300] {dag.py:3834} INFO - Setting next_dagrun for example_weekday_branch_operator to 2024-03-01 00:00:00+00:00, run_after=2024-03-02 00:00:00+00:00
[2024-03-02T09:50:55.761-0300] {processor.py:183} INFO - Processing /home/victor/Área de Trabalho/airflow/venv/lib/python3.10/site-packages/airflow/example_dags/example_branch_day_of_week_operator.py took 0.083 seconds
[2024-03-02T09:51:26.388-0300] {processor.py:161} INFO - Started process (PID=21459) to work on /home/victor/Área de Trabalho/airflow/venv/lib/python3.10/site-packages/airflow/example_dags/example_branch_day_of_week_operator.py
[2024-03-02T09:51:26.389-0300] {processor.py:830} INFO - Processing file /home/victor/Área de Trabalho/airflow/venv/lib/python3.10/site-packages/airflow/example_dags/example_branch_day_of_week_operator.py for tasks to queue
[2024-03-02T09:51:26.390-0300] {logging_mixin.py:188} INFO - [2024-03-02T09:51:26.390-0300] {dagbag.py:540} INFO - Filling up the DagBag from /home/victor/Área de Trabalho/airflow/venv/lib/python3.10/site-packages/airflow/example_dags/example_branch_day_of_week_operator.py
[2024-03-02T09:51:26.396-0300] {processor.py:840} INFO - DAG(s) 'example_weekday_branch_operator' retrieved from /home/victor/Área de Trabalho/airflow/venv/lib/python3.10/site-packages/airflow/example_dags/example_branch_day_of_week_operator.py
[2024-03-02T09:51:26.424-0300] {logging_mixin.py:188} INFO - [2024-03-02T09:51:26.424-0300] {dag.py:3047} INFO - Sync 1 DAGs
[2024-03-02T09:51:26.446-0300] {logging_mixin.py:188} INFO - [2024-03-02T09:51:26.445-0300] {dag.py:3834} INFO - Setting next_dagrun for example_weekday_branch_operator to 2024-03-01 00:00:00+00:00, run_after=2024-03-02 00:00:00+00:00
[2024-03-02T09:51:26.469-0300] {processor.py:183} INFO - Processing /home/victor/Área de Trabalho/airflow/venv/lib/python3.10/site-packages/airflow/example_dags/example_branch_day_of_week_operator.py took 0.084 seconds
[2024-03-02T09:51:57.107-0300] {processor.py:161} INFO - Started process (PID=21783) to work on /home/victor/Área de Trabalho/airflow/venv/lib/python3.10/site-packages/airflow/example_dags/example_branch_day_of_week_operator.py
[2024-03-02T09:51:57.108-0300] {processor.py:830} INFO - Processing file /home/victor/Área de Trabalho/airflow/venv/lib/python3.10/site-packages/airflow/example_dags/example_branch_day_of_week_operator.py for tasks to queue
[2024-03-02T09:51:57.109-0300] {logging_mixin.py:188} INFO - [2024-03-02T09:51:57.108-0300] {dagbag.py:540} INFO - Filling up the DagBag from /home/victor/Área de Trabalho/airflow/venv/lib/python3.10/site-packages/airflow/example_dags/example_branch_day_of_week_operator.py
[2024-03-02T09:51:57.118-0300] {processor.py:840} INFO - DAG(s) 'example_weekday_branch_operator' retrieved from /home/victor/Área de Trabalho/airflow/venv/lib/python3.10/site-packages/airflow/example_dags/example_branch_day_of_week_operator.py
[2024-03-02T09:51:57.146-0300] {logging_mixin.py:188} INFO - [2024-03-02T09:51:57.146-0300] {dag.py:3047} INFO - Sync 1 DAGs
[2024-03-02T09:51:57.169-0300] {logging_mixin.py:188} INFO - [2024-03-02T09:51:57.169-0300] {dag.py:3834} INFO - Setting next_dagrun for example_weekday_branch_operator to 2024-03-01 00:00:00+00:00, run_after=2024-03-02 00:00:00+00:00
[2024-03-02T09:51:57.189-0300] {processor.py:183} INFO - Processing /home/victor/Área de Trabalho/airflow/venv/lib/python3.10/site-packages/airflow/example_dags/example_branch_day_of_week_operator.py took 0.084 seconds
[2024-03-02T09:52:27.637-0300] {processor.py:161} INFO - Started process (PID=22425) to work on /home/victor/Área de Trabalho/airflow/venv/lib/python3.10/site-packages/airflow/example_dags/example_branch_day_of_week_operator.py
[2024-03-02T09:52:27.638-0300] {processor.py:830} INFO - Processing file /home/victor/Área de Trabalho/airflow/venv/lib/python3.10/site-packages/airflow/example_dags/example_branch_day_of_week_operator.py for tasks to queue
[2024-03-02T09:52:27.639-0300] {logging_mixin.py:188} INFO - [2024-03-02T09:52:27.639-0300] {dagbag.py:540} INFO - Filling up the DagBag from /home/victor/Área de Trabalho/airflow/venv/lib/python3.10/site-packages/airflow/example_dags/example_branch_day_of_week_operator.py
[2024-03-02T09:52:27.646-0300] {processor.py:840} INFO - DAG(s) 'example_weekday_branch_operator' retrieved from /home/victor/Área de Trabalho/airflow/venv/lib/python3.10/site-packages/airflow/example_dags/example_branch_day_of_week_operator.py
[2024-03-02T09:52:27.677-0300] {logging_mixin.py:188} INFO - [2024-03-02T09:52:27.677-0300] {dag.py:3047} INFO - Sync 1 DAGs
[2024-03-02T09:52:27.700-0300] {logging_mixin.py:188} INFO - [2024-03-02T09:52:27.700-0300] {dag.py:3834} INFO - Setting next_dagrun for example_weekday_branch_operator to 2024-03-01 00:00:00+00:00, run_after=2024-03-02 00:00:00+00:00
[2024-03-02T09:52:27.725-0300] {processor.py:183} INFO - Processing /home/victor/Área de Trabalho/airflow/venv/lib/python3.10/site-packages/airflow/example_dags/example_branch_day_of_week_operator.py took 0.091 seconds
[2024-03-02T09:52:58.272-0300] {processor.py:161} INFO - Started process (PID=22747) to work on /home/victor/Área de Trabalho/airflow/venv/lib/python3.10/site-packages/airflow/example_dags/example_branch_day_of_week_operator.py
[2024-03-02T09:52:58.273-0300] {processor.py:830} INFO - Processing file /home/victor/Área de Trabalho/airflow/venv/lib/python3.10/site-packages/airflow/example_dags/example_branch_day_of_week_operator.py for tasks to queue
[2024-03-02T09:52:58.274-0300] {logging_mixin.py:188} INFO - [2024-03-02T09:52:58.273-0300] {dagbag.py:540} INFO - Filling up the DagBag from /home/victor/Área de Trabalho/airflow/venv/lib/python3.10/site-packages/airflow/example_dags/example_branch_day_of_week_operator.py
[2024-03-02T09:52:58.283-0300] {processor.py:840} INFO - DAG(s) 'example_weekday_branch_operator' retrieved from /home/victor/Área de Trabalho/airflow/venv/lib/python3.10/site-packages/airflow/example_dags/example_branch_day_of_week_operator.py
[2024-03-02T09:52:58.324-0300] {logging_mixin.py:188} INFO - [2024-03-02T09:52:58.324-0300] {dag.py:3047} INFO - Sync 1 DAGs
[2024-03-02T09:52:58.346-0300] {logging_mixin.py:188} INFO - [2024-03-02T09:52:58.345-0300] {dag.py:3834} INFO - Setting next_dagrun for example_weekday_branch_operator to 2024-03-01 00:00:00+00:00, run_after=2024-03-02 00:00:00+00:00
[2024-03-02T09:52:58.365-0300] {processor.py:183} INFO - Processing /home/victor/Área de Trabalho/airflow/venv/lib/python3.10/site-packages/airflow/example_dags/example_branch_day_of_week_operator.py took 0.096 seconds
[2024-03-02T09:53:28.897-0300] {processor.py:161} INFO - Started process (PID=23234) to work on /home/victor/Área de Trabalho/airflow/venv/lib/python3.10/site-packages/airflow/example_dags/example_branch_day_of_week_operator.py
[2024-03-02T09:53:28.897-0300] {processor.py:830} INFO - Processing file /home/victor/Área de Trabalho/airflow/venv/lib/python3.10/site-packages/airflow/example_dags/example_branch_day_of_week_operator.py for tasks to queue
[2024-03-02T09:53:28.898-0300] {logging_mixin.py:188} INFO - [2024-03-02T09:53:28.898-0300] {dagbag.py:540} INFO - Filling up the DagBag from /home/victor/Área de Trabalho/airflow/venv/lib/python3.10/site-packages/airflow/example_dags/example_branch_day_of_week_operator.py
[2024-03-02T09:53:28.905-0300] {processor.py:840} INFO - DAG(s) 'example_weekday_branch_operator' retrieved from /home/victor/Área de Trabalho/airflow/venv/lib/python3.10/site-packages/airflow/example_dags/example_branch_day_of_week_operator.py
[2024-03-02T09:53:28.935-0300] {logging_mixin.py:188} INFO - [2024-03-02T09:53:28.935-0300] {dag.py:3047} INFO - Sync 1 DAGs
[2024-03-02T09:53:28.961-0300] {logging_mixin.py:188} INFO - [2024-03-02T09:53:28.961-0300] {dag.py:3834} INFO - Setting next_dagrun for example_weekday_branch_operator to 2024-03-01 00:00:00+00:00, run_after=2024-03-02 00:00:00+00:00
[2024-03-02T09:53:28.980-0300] {processor.py:183} INFO - Processing /home/victor/Área de Trabalho/airflow/venv/lib/python3.10/site-packages/airflow/example_dags/example_branch_day_of_week_operator.py took 0.087 seconds
[2024-03-02T09:53:59.556-0300] {processor.py:161} INFO - Started process (PID=23616) to work on /home/victor/Área de Trabalho/airflow/venv/lib/python3.10/site-packages/airflow/example_dags/example_branch_day_of_week_operator.py
[2024-03-02T09:53:59.557-0300] {processor.py:830} INFO - Processing file /home/victor/Área de Trabalho/airflow/venv/lib/python3.10/site-packages/airflow/example_dags/example_branch_day_of_week_operator.py for tasks to queue
[2024-03-02T09:53:59.558-0300] {logging_mixin.py:188} INFO - [2024-03-02T09:53:59.557-0300] {dagbag.py:540} INFO - Filling up the DagBag from /home/victor/Área de Trabalho/airflow/venv/lib/python3.10/site-packages/airflow/example_dags/example_branch_day_of_week_operator.py
[2024-03-02T09:53:59.564-0300] {processor.py:840} INFO - DAG(s) 'example_weekday_branch_operator' retrieved from /home/victor/Área de Trabalho/airflow/venv/lib/python3.10/site-packages/airflow/example_dags/example_branch_day_of_week_operator.py
[2024-03-02T09:53:59.597-0300] {logging_mixin.py:188} INFO - [2024-03-02T09:53:59.597-0300] {dag.py:3047} INFO - Sync 1 DAGs
[2024-03-02T09:53:59.627-0300] {logging_mixin.py:188} INFO - [2024-03-02T09:53:59.627-0300] {dag.py:3834} INFO - Setting next_dagrun for example_weekday_branch_operator to 2024-03-01 00:00:00+00:00, run_after=2024-03-02 00:00:00+00:00
[2024-03-02T09:53:59.646-0300] {processor.py:183} INFO - Processing /home/victor/Área de Trabalho/airflow/venv/lib/python3.10/site-packages/airflow/example_dags/example_branch_day_of_week_operator.py took 0.093 seconds
[2024-03-02T09:54:30.627-0300] {processor.py:161} INFO - Started process (PID=24199) to work on /home/victor/Área de Trabalho/airflow/venv/lib/python3.10/site-packages/airflow/example_dags/example_branch_day_of_week_operator.py
[2024-03-02T09:54:30.628-0300] {processor.py:830} INFO - Processing file /home/victor/Área de Trabalho/airflow/venv/lib/python3.10/site-packages/airflow/example_dags/example_branch_day_of_week_operator.py for tasks to queue
[2024-03-02T09:54:30.629-0300] {logging_mixin.py:188} INFO - [2024-03-02T09:54:30.629-0300] {dagbag.py:540} INFO - Filling up the DagBag from /home/victor/Área de Trabalho/airflow/venv/lib/python3.10/site-packages/airflow/example_dags/example_branch_day_of_week_operator.py
[2024-03-02T09:54:30.638-0300] {processor.py:840} INFO - DAG(s) 'example_weekday_branch_operator' retrieved from /home/victor/Área de Trabalho/airflow/venv/lib/python3.10/site-packages/airflow/example_dags/example_branch_day_of_week_operator.py
[2024-03-02T09:54:30.672-0300] {logging_mixin.py:188} INFO - [2024-03-02T09:54:30.671-0300] {dag.py:3047} INFO - Sync 1 DAGs
[2024-03-02T09:54:30.698-0300] {logging_mixin.py:188} INFO - [2024-03-02T09:54:30.698-0300] {dag.py:3834} INFO - Setting next_dagrun for example_weekday_branch_operator to 2024-03-01 00:00:00+00:00, run_after=2024-03-02 00:00:00+00:00
[2024-03-02T09:54:30.725-0300] {processor.py:183} INFO - Processing /home/victor/Área de Trabalho/airflow/venv/lib/python3.10/site-packages/airflow/example_dags/example_branch_day_of_week_operator.py took 0.101 seconds
[2024-03-02T09:55:01.279-0300] {processor.py:161} INFO - Started process (PID=24760) to work on /home/victor/Área de Trabalho/airflow/venv/lib/python3.10/site-packages/airflow/example_dags/example_branch_day_of_week_operator.py
[2024-03-02T09:55:01.280-0300] {processor.py:830} INFO - Processing file /home/victor/Área de Trabalho/airflow/venv/lib/python3.10/site-packages/airflow/example_dags/example_branch_day_of_week_operator.py for tasks to queue
[2024-03-02T09:55:01.281-0300] {logging_mixin.py:188} INFO - [2024-03-02T09:55:01.281-0300] {dagbag.py:540} INFO - Filling up the DagBag from /home/victor/Área de Trabalho/airflow/venv/lib/python3.10/site-packages/airflow/example_dags/example_branch_day_of_week_operator.py
[2024-03-02T09:55:01.293-0300] {processor.py:840} INFO - DAG(s) 'example_weekday_branch_operator' retrieved from /home/victor/Área de Trabalho/airflow/venv/lib/python3.10/site-packages/airflow/example_dags/example_branch_day_of_week_operator.py
[2024-03-02T09:55:01.322-0300] {logging_mixin.py:188} INFO - [2024-03-02T09:55:01.322-0300] {dag.py:3047} INFO - Sync 1 DAGs
[2024-03-02T09:55:01.345-0300] {logging_mixin.py:188} INFO - [2024-03-02T09:55:01.345-0300] {dag.py:3834} INFO - Setting next_dagrun for example_weekday_branch_operator to 2024-03-01 00:00:00+00:00, run_after=2024-03-02 00:00:00+00:00
[2024-03-02T09:55:01.370-0300] {processor.py:183} INFO - Processing /home/victor/Área de Trabalho/airflow/venv/lib/python3.10/site-packages/airflow/example_dags/example_branch_day_of_week_operator.py took 0.094 seconds
[2024-03-02T09:55:31.957-0300] {processor.py:161} INFO - Started process (PID=25228) to work on /home/victor/Área de Trabalho/airflow/venv/lib/python3.10/site-packages/airflow/example_dags/example_branch_day_of_week_operator.py
[2024-03-02T09:55:31.957-0300] {processor.py:830} INFO - Processing file /home/victor/Área de Trabalho/airflow/venv/lib/python3.10/site-packages/airflow/example_dags/example_branch_day_of_week_operator.py for tasks to queue
[2024-03-02T09:55:31.958-0300] {logging_mixin.py:188} INFO - [2024-03-02T09:55:31.958-0300] {dagbag.py:540} INFO - Filling up the DagBag from /home/victor/Área de Trabalho/airflow/venv/lib/python3.10/site-packages/airflow/example_dags/example_branch_day_of_week_operator.py
[2024-03-02T09:55:31.965-0300] {processor.py:840} INFO - DAG(s) 'example_weekday_branch_operator' retrieved from /home/victor/Área de Trabalho/airflow/venv/lib/python3.10/site-packages/airflow/example_dags/example_branch_day_of_week_operator.py
[2024-03-02T09:55:31.990-0300] {logging_mixin.py:188} INFO - [2024-03-02T09:55:31.990-0300] {dag.py:3047} INFO - Sync 1 DAGs
[2024-03-02T09:55:32.011-0300] {logging_mixin.py:188} INFO - [2024-03-02T09:55:32.011-0300] {dag.py:3834} INFO - Setting next_dagrun for example_weekday_branch_operator to 2024-03-01 00:00:00+00:00, run_after=2024-03-02 00:00:00+00:00
[2024-03-02T09:55:32.029-0300] {processor.py:183} INFO - Processing /home/victor/Área de Trabalho/airflow/venv/lib/python3.10/site-packages/airflow/example_dags/example_branch_day_of_week_operator.py took 0.075 seconds
[2024-03-02T09:56:02.373-0300] {processor.py:161} INFO - Started process (PID=25735) to work on /home/victor/Área de Trabalho/airflow/venv/lib/python3.10/site-packages/airflow/example_dags/example_branch_day_of_week_operator.py
[2024-03-02T09:56:02.374-0300] {processor.py:830} INFO - Processing file /home/victor/Área de Trabalho/airflow/venv/lib/python3.10/site-packages/airflow/example_dags/example_branch_day_of_week_operator.py for tasks to queue
[2024-03-02T09:56:02.375-0300] {logging_mixin.py:188} INFO - [2024-03-02T09:56:02.375-0300] {dagbag.py:540} INFO - Filling up the DagBag from /home/victor/Área de Trabalho/airflow/venv/lib/python3.10/site-packages/airflow/example_dags/example_branch_day_of_week_operator.py
[2024-03-02T09:56:02.382-0300] {processor.py:840} INFO - DAG(s) 'example_weekday_branch_operator' retrieved from /home/victor/Área de Trabalho/airflow/venv/lib/python3.10/site-packages/airflow/example_dags/example_branch_day_of_week_operator.py
[2024-03-02T09:56:02.412-0300] {logging_mixin.py:188} INFO - [2024-03-02T09:56:02.411-0300] {dag.py:3047} INFO - Sync 1 DAGs
[2024-03-02T09:56:02.433-0300] {logging_mixin.py:188} INFO - [2024-03-02T09:56:02.433-0300] {dag.py:3834} INFO - Setting next_dagrun for example_weekday_branch_operator to 2024-03-01 00:00:00+00:00, run_after=2024-03-02 00:00:00+00:00
[2024-03-02T09:56:02.452-0300] {processor.py:183} INFO - Processing /home/victor/Área de Trabalho/airflow/venv/lib/python3.10/site-packages/airflow/example_dags/example_branch_day_of_week_operator.py took 0.082 seconds
[2024-03-02T09:56:32.701-0300] {processor.py:161} INFO - Started process (PID=26055) to work on /home/victor/Área de Trabalho/airflow/venv/lib/python3.10/site-packages/airflow/example_dags/example_branch_day_of_week_operator.py
[2024-03-02T09:56:32.701-0300] {processor.py:830} INFO - Processing file /home/victor/Área de Trabalho/airflow/venv/lib/python3.10/site-packages/airflow/example_dags/example_branch_day_of_week_operator.py for tasks to queue
[2024-03-02T09:56:32.702-0300] {logging_mixin.py:188} INFO - [2024-03-02T09:56:32.702-0300] {dagbag.py:540} INFO - Filling up the DagBag from /home/victor/Área de Trabalho/airflow/venv/lib/python3.10/site-packages/airflow/example_dags/example_branch_day_of_week_operator.py
[2024-03-02T09:56:32.709-0300] {processor.py:840} INFO - DAG(s) 'example_weekday_branch_operator' retrieved from /home/victor/Área de Trabalho/airflow/venv/lib/python3.10/site-packages/airflow/example_dags/example_branch_day_of_week_operator.py
[2024-03-02T09:56:32.735-0300] {logging_mixin.py:188} INFO - [2024-03-02T09:56:32.735-0300] {dag.py:3047} INFO - Sync 1 DAGs
[2024-03-02T09:56:32.758-0300] {logging_mixin.py:188} INFO - [2024-03-02T09:56:32.757-0300] {dag.py:3834} INFO - Setting next_dagrun for example_weekday_branch_operator to 2024-03-01 00:00:00+00:00, run_after=2024-03-02 00:00:00+00:00
[2024-03-02T09:56:32.778-0300] {processor.py:183} INFO - Processing /home/victor/Área de Trabalho/airflow/venv/lib/python3.10/site-packages/airflow/example_dags/example_branch_day_of_week_operator.py took 0.080 seconds
[2024-03-02T09:57:02.811-0300] {processor.py:161} INFO - Started process (PID=26586) to work on /home/victor/Área de Trabalho/airflow/venv/lib/python3.10/site-packages/airflow/example_dags/example_branch_day_of_week_operator.py
[2024-03-02T09:57:02.812-0300] {processor.py:830} INFO - Processing file /home/victor/Área de Trabalho/airflow/venv/lib/python3.10/site-packages/airflow/example_dags/example_branch_day_of_week_operator.py for tasks to queue
[2024-03-02T09:57:02.813-0300] {logging_mixin.py:188} INFO - [2024-03-02T09:57:02.813-0300] {dagbag.py:540} INFO - Filling up the DagBag from /home/victor/Área de Trabalho/airflow/venv/lib/python3.10/site-packages/airflow/example_dags/example_branch_day_of_week_operator.py
[2024-03-02T09:57:02.819-0300] {processor.py:840} INFO - DAG(s) 'example_weekday_branch_operator' retrieved from /home/victor/Área de Trabalho/airflow/venv/lib/python3.10/site-packages/airflow/example_dags/example_branch_day_of_week_operator.py
[2024-03-02T09:57:02.846-0300] {logging_mixin.py:188} INFO - [2024-03-02T09:57:02.846-0300] {dag.py:3047} INFO - Sync 1 DAGs
[2024-03-02T09:57:02.867-0300] {logging_mixin.py:188} INFO - [2024-03-02T09:57:02.867-0300] {dag.py:3834} INFO - Setting next_dagrun for example_weekday_branch_operator to 2024-03-01 00:00:00+00:00, run_after=2024-03-02 00:00:00+00:00
[2024-03-02T09:57:02.885-0300] {processor.py:183} INFO - Processing /home/victor/Área de Trabalho/airflow/venv/lib/python3.10/site-packages/airflow/example_dags/example_branch_day_of_week_operator.py took 0.076 seconds
[2024-03-02T09:57:33.373-0300] {processor.py:161} INFO - Started process (PID=27010) to work on /home/victor/Área de Trabalho/airflow/venv/lib/python3.10/site-packages/airflow/example_dags/example_branch_day_of_week_operator.py
[2024-03-02T09:57:33.374-0300] {processor.py:830} INFO - Processing file /home/victor/Área de Trabalho/airflow/venv/lib/python3.10/site-packages/airflow/example_dags/example_branch_day_of_week_operator.py for tasks to queue
[2024-03-02T09:57:33.375-0300] {logging_mixin.py:188} INFO - [2024-03-02T09:57:33.374-0300] {dagbag.py:540} INFO - Filling up the DagBag from /home/victor/Área de Trabalho/airflow/venv/lib/python3.10/site-packages/airflow/example_dags/example_branch_day_of_week_operator.py
[2024-03-02T09:57:33.381-0300] {processor.py:840} INFO - DAG(s) 'example_weekday_branch_operator' retrieved from /home/victor/Área de Trabalho/airflow/venv/lib/python3.10/site-packages/airflow/example_dags/example_branch_day_of_week_operator.py
[2024-03-02T09:57:33.408-0300] {logging_mixin.py:188} INFO - [2024-03-02T09:57:33.408-0300] {dag.py:3047} INFO - Sync 1 DAGs
[2024-03-02T09:57:33.431-0300] {logging_mixin.py:188} INFO - [2024-03-02T09:57:33.430-0300] {dag.py:3834} INFO - Setting next_dagrun for example_weekday_branch_operator to 2024-03-01 00:00:00+00:00, run_after=2024-03-02 00:00:00+00:00
[2024-03-02T09:57:33.450-0300] {processor.py:183} INFO - Processing /home/victor/Área de Trabalho/airflow/venv/lib/python3.10/site-packages/airflow/example_dags/example_branch_day_of_week_operator.py took 0.080 seconds
[2024-03-02T09:58:04.123-0300] {processor.py:161} INFO - Started process (PID=27550) to work on /home/victor/Área de Trabalho/airflow/venv/lib/python3.10/site-packages/airflow/example_dags/example_branch_day_of_week_operator.py
[2024-03-02T09:58:04.129-0300] {processor.py:830} INFO - Processing file /home/victor/Área de Trabalho/airflow/venv/lib/python3.10/site-packages/airflow/example_dags/example_branch_day_of_week_operator.py for tasks to queue
[2024-03-02T09:58:04.131-0300] {logging_mixin.py:188} INFO - [2024-03-02T09:58:04.130-0300] {dagbag.py:540} INFO - Filling up the DagBag from /home/victor/Área de Trabalho/airflow/venv/lib/python3.10/site-packages/airflow/example_dags/example_branch_day_of_week_operator.py
[2024-03-02T09:58:04.139-0300] {processor.py:840} INFO - DAG(s) 'example_weekday_branch_operator' retrieved from /home/victor/Área de Trabalho/airflow/venv/lib/python3.10/site-packages/airflow/example_dags/example_branch_day_of_week_operator.py
[2024-03-02T09:58:04.168-0300] {logging_mixin.py:188} INFO - [2024-03-02T09:58:04.168-0300] {dag.py:3047} INFO - Sync 1 DAGs
[2024-03-02T09:58:04.223-0300] {logging_mixin.py:188} INFO - [2024-03-02T09:58:04.222-0300] {dag.py:3834} INFO - Setting next_dagrun for example_weekday_branch_operator to 2024-03-01 00:00:00+00:00, run_after=2024-03-02 00:00:00+00:00
[2024-03-02T09:58:04.244-0300] {processor.py:183} INFO - Processing /home/victor/Área de Trabalho/airflow/venv/lib/python3.10/site-packages/airflow/example_dags/example_branch_day_of_week_operator.py took 0.124 seconds
[2024-03-02T09:58:34.839-0300] {processor.py:161} INFO - Started process (PID=28910) to work on /home/victor/Área de Trabalho/airflow/venv/lib/python3.10/site-packages/airflow/example_dags/example_branch_day_of_week_operator.py
[2024-03-02T09:58:34.840-0300] {processor.py:830} INFO - Processing file /home/victor/Área de Trabalho/airflow/venv/lib/python3.10/site-packages/airflow/example_dags/example_branch_day_of_week_operator.py for tasks to queue
[2024-03-02T09:58:34.841-0300] {logging_mixin.py:188} INFO - [2024-03-02T09:58:34.840-0300] {dagbag.py:540} INFO - Filling up the DagBag from /home/victor/Área de Trabalho/airflow/venv/lib/python3.10/site-packages/airflow/example_dags/example_branch_day_of_week_operator.py
[2024-03-02T09:58:34.847-0300] {processor.py:840} INFO - DAG(s) 'example_weekday_branch_operator' retrieved from /home/victor/Área de Trabalho/airflow/venv/lib/python3.10/site-packages/airflow/example_dags/example_branch_day_of_week_operator.py
[2024-03-02T09:58:34.874-0300] {logging_mixin.py:188} INFO - [2024-03-02T09:58:34.874-0300] {dag.py:3047} INFO - Sync 1 DAGs
[2024-03-02T09:58:34.896-0300] {logging_mixin.py:188} INFO - [2024-03-02T09:58:34.896-0300] {dag.py:3834} INFO - Setting next_dagrun for example_weekday_branch_operator to 2024-03-01 00:00:00+00:00, run_after=2024-03-02 00:00:00+00:00
[2024-03-02T09:58:34.915-0300] {processor.py:183} INFO - Processing /home/victor/Área de Trabalho/airflow/venv/lib/python3.10/site-packages/airflow/example_dags/example_branch_day_of_week_operator.py took 0.079 seconds
[2024-03-02T09:59:05.378-0300] {processor.py:161} INFO - Started process (PID=29439) to work on /home/victor/Área de Trabalho/airflow/venv/lib/python3.10/site-packages/airflow/example_dags/example_branch_day_of_week_operator.py
[2024-03-02T09:59:05.379-0300] {processor.py:830} INFO - Processing file /home/victor/Área de Trabalho/airflow/venv/lib/python3.10/site-packages/airflow/example_dags/example_branch_day_of_week_operator.py for tasks to queue
[2024-03-02T09:59:05.380-0300] {logging_mixin.py:188} INFO - [2024-03-02T09:59:05.379-0300] {dagbag.py:540} INFO - Filling up the DagBag from /home/victor/Área de Trabalho/airflow/venv/lib/python3.10/site-packages/airflow/example_dags/example_branch_day_of_week_operator.py
[2024-03-02T09:59:05.387-0300] {processor.py:840} INFO - DAG(s) 'example_weekday_branch_operator' retrieved from /home/victor/Área de Trabalho/airflow/venv/lib/python3.10/site-packages/airflow/example_dags/example_branch_day_of_week_operator.py
[2024-03-02T09:59:05.416-0300] {logging_mixin.py:188} INFO - [2024-03-02T09:59:05.416-0300] {dag.py:3047} INFO - Sync 1 DAGs
[2024-03-02T09:59:05.441-0300] {logging_mixin.py:188} INFO - [2024-03-02T09:59:05.441-0300] {dag.py:3834} INFO - Setting next_dagrun for example_weekday_branch_operator to 2024-03-01 00:00:00+00:00, run_after=2024-03-02 00:00:00+00:00
[2024-03-02T09:59:05.465-0300] {processor.py:183} INFO - Processing /home/victor/Área de Trabalho/airflow/venv/lib/python3.10/site-packages/airflow/example_dags/example_branch_day_of_week_operator.py took 0.090 seconds
