[2024-03-02T09:36:59.009-0300] {processor.py:161} INFO - Started process (PID=7954) to work on /home/victor/Área de Trabalho/airflow/venv/lib/python3.10/site-packages/airflow/example_dags/example_nested_branch_dag.py
[2024-03-02T09:36:59.010-0300] {processor.py:830} INFO - Processing file /home/victor/Área de Trabalho/airflow/venv/lib/python3.10/site-packages/airflow/example_dags/example_nested_branch_dag.py for tasks to queue
[2024-03-02T09:36:59.011-0300] {logging_mixin.py:188} INFO - [2024-03-02T09:36:59.010-0300] {dagbag.py:540} INFO - Filling up the DagBag from /home/victor/Área de Trabalho/airflow/venv/lib/python3.10/site-packages/airflow/example_dags/example_nested_branch_dag.py
[2024-03-02T09:36:59.019-0300] {processor.py:840} INFO - DAG(s) 'example_nested_branch_dag' retrieved from /home/victor/Área de Trabalho/airflow/venv/lib/python3.10/site-packages/airflow/example_dags/example_nested_branch_dag.py
[2024-03-02T09:36:59.040-0300] {logging_mixin.py:188} INFO - [2024-03-02T09:36:59.040-0300] {dag.py:3047} INFO - Sync 1 DAGs
[2024-03-02T09:36:59.063-0300] {logging_mixin.py:188} INFO - [2024-03-02T09:36:59.063-0300] {dag.py:3834} INFO - Setting next_dagrun for example_nested_branch_dag to 2024-03-01 00:00:00+00:00, run_after=2024-03-02 00:00:00+00:00
[2024-03-02T09:36:59.082-0300] {processor.py:183} INFO - Processing /home/victor/Área de Trabalho/airflow/venv/lib/python3.10/site-packages/airflow/example_dags/example_nested_branch_dag.py took 0.075 seconds
[2024-03-02T09:37:30.243-0300] {processor.py:161} INFO - Started process (PID=9363) to work on /home/victor/Área de Trabalho/airflow/venv/lib/python3.10/site-packages/airflow/example_dags/example_nested_branch_dag.py
[2024-03-02T09:37:30.243-0300] {processor.py:830} INFO - Processing file /home/victor/Área de Trabalho/airflow/venv/lib/python3.10/site-packages/airflow/example_dags/example_nested_branch_dag.py for tasks to queue
[2024-03-02T09:37:30.244-0300] {logging_mixin.py:188} INFO - [2024-03-02T09:37:30.244-0300] {dagbag.py:540} INFO - Filling up the DagBag from /home/victor/Área de Trabalho/airflow/venv/lib/python3.10/site-packages/airflow/example_dags/example_nested_branch_dag.py
[2024-03-02T09:37:30.252-0300] {processor.py:840} INFO - DAG(s) 'example_nested_branch_dag' retrieved from /home/victor/Área de Trabalho/airflow/venv/lib/python3.10/site-packages/airflow/example_dags/example_nested_branch_dag.py
[2024-03-02T09:37:30.347-0300] {logging_mixin.py:188} INFO - [2024-03-02T09:37:30.347-0300] {dag.py:3047} INFO - Sync 1 DAGs
[2024-03-02T09:37:30.368-0300] {logging_mixin.py:188} INFO - [2024-03-02T09:37:30.367-0300] {dag.py:3834} INFO - Setting next_dagrun for example_nested_branch_dag to 2024-03-01 00:00:00+00:00, run_after=2024-03-02 00:00:00+00:00
[2024-03-02T09:37:30.387-0300] {processor.py:183} INFO - Processing /home/victor/Área de Trabalho/airflow/venv/lib/python3.10/site-packages/airflow/example_dags/example_nested_branch_dag.py took 0.147 seconds
[2024-03-02T09:38:00.532-0300] {processor.py:161} INFO - Started process (PID=10028) to work on /home/victor/Área de Trabalho/airflow/venv/lib/python3.10/site-packages/airflow/example_dags/example_nested_branch_dag.py
[2024-03-02T09:38:00.532-0300] {processor.py:830} INFO - Processing file /home/victor/Área de Trabalho/airflow/venv/lib/python3.10/site-packages/airflow/example_dags/example_nested_branch_dag.py for tasks to queue
[2024-03-02T09:38:00.533-0300] {logging_mixin.py:188} INFO - [2024-03-02T09:38:00.533-0300] {dagbag.py:540} INFO - Filling up the DagBag from /home/victor/Área de Trabalho/airflow/venv/lib/python3.10/site-packages/airflow/example_dags/example_nested_branch_dag.py
[2024-03-02T09:38:00.541-0300] {processor.py:840} INFO - DAG(s) 'example_nested_branch_dag' retrieved from /home/victor/Área de Trabalho/airflow/venv/lib/python3.10/site-packages/airflow/example_dags/example_nested_branch_dag.py
[2024-03-02T09:38:00.570-0300] {logging_mixin.py:188} INFO - [2024-03-02T09:38:00.569-0300] {dag.py:3047} INFO - Sync 1 DAGs
[2024-03-02T09:38:00.592-0300] {logging_mixin.py:188} INFO - [2024-03-02T09:38:00.592-0300] {dag.py:3834} INFO - Setting next_dagrun for example_nested_branch_dag to 2024-03-01 00:00:00+00:00, run_after=2024-03-02 00:00:00+00:00
[2024-03-02T09:38:00.613-0300] {processor.py:183} INFO - Processing /home/victor/Área de Trabalho/airflow/venv/lib/python3.10/site-packages/airflow/example_dags/example_nested_branch_dag.py took 0.084 seconds
[2024-03-02T09:38:31.969-0300] {processor.py:161} INFO - Started process (PID=10342) to work on /home/victor/Área de Trabalho/airflow/venv/lib/python3.10/site-packages/airflow/example_dags/example_nested_branch_dag.py
[2024-03-02T09:38:31.970-0300] {processor.py:830} INFO - Processing file /home/victor/Área de Trabalho/airflow/venv/lib/python3.10/site-packages/airflow/example_dags/example_nested_branch_dag.py for tasks to queue
[2024-03-02T09:38:31.971-0300] {logging_mixin.py:188} INFO - [2024-03-02T09:38:31.970-0300] {dagbag.py:540} INFO - Filling up the DagBag from /home/victor/Área de Trabalho/airflow/venv/lib/python3.10/site-packages/airflow/example_dags/example_nested_branch_dag.py
[2024-03-02T09:38:31.980-0300] {processor.py:840} INFO - DAG(s) 'example_nested_branch_dag' retrieved from /home/victor/Área de Trabalho/airflow/venv/lib/python3.10/site-packages/airflow/example_dags/example_nested_branch_dag.py
[2024-03-02T09:38:32.007-0300] {logging_mixin.py:188} INFO - [2024-03-02T09:38:32.007-0300] {dag.py:3047} INFO - Sync 1 DAGs
[2024-03-02T09:38:32.028-0300] {logging_mixin.py:188} INFO - [2024-03-02T09:38:32.028-0300] {dag.py:3834} INFO - Setting next_dagrun for example_nested_branch_dag to 2024-03-01 00:00:00+00:00, run_after=2024-03-02 00:00:00+00:00
[2024-03-02T09:38:32.046-0300] {processor.py:183} INFO - Processing /home/victor/Área de Trabalho/airflow/venv/lib/python3.10/site-packages/airflow/example_dags/example_nested_branch_dag.py took 0.080 seconds
[2024-03-02T09:39:03.370-0300] {processor.py:161} INFO - Started process (PID=10904) to work on /home/victor/Área de Trabalho/airflow/venv/lib/python3.10/site-packages/airflow/example_dags/example_nested_branch_dag.py
[2024-03-02T09:39:03.371-0300] {processor.py:830} INFO - Processing file /home/victor/Área de Trabalho/airflow/venv/lib/python3.10/site-packages/airflow/example_dags/example_nested_branch_dag.py for tasks to queue
[2024-03-02T09:39:03.372-0300] {logging_mixin.py:188} INFO - [2024-03-02T09:39:03.372-0300] {dagbag.py:540} INFO - Filling up the DagBag from /home/victor/Área de Trabalho/airflow/venv/lib/python3.10/site-packages/airflow/example_dags/example_nested_branch_dag.py
[2024-03-02T09:39:03.382-0300] {processor.py:840} INFO - DAG(s) 'example_nested_branch_dag' retrieved from /home/victor/Área de Trabalho/airflow/venv/lib/python3.10/site-packages/airflow/example_dags/example_nested_branch_dag.py
[2024-03-02T09:39:03.412-0300] {logging_mixin.py:188} INFO - [2024-03-02T09:39:03.411-0300] {dag.py:3047} INFO - Sync 1 DAGs
[2024-03-02T09:39:03.435-0300] {logging_mixin.py:188} INFO - [2024-03-02T09:39:03.435-0300] {dag.py:3834} INFO - Setting next_dagrun for example_nested_branch_dag to 2024-03-01 00:00:00+00:00, run_after=2024-03-02 00:00:00+00:00
[2024-03-02T09:39:03.457-0300] {processor.py:183} INFO - Processing /home/victor/Área de Trabalho/airflow/venv/lib/python3.10/site-packages/airflow/example_dags/example_nested_branch_dag.py took 0.092 seconds
[2024-03-02T09:39:34.537-0300] {processor.py:161} INFO - Started process (PID=11499) to work on /home/victor/Área de Trabalho/airflow/venv/lib/python3.10/site-packages/airflow/example_dags/example_nested_branch_dag.py
[2024-03-02T09:39:34.537-0300] {processor.py:830} INFO - Processing file /home/victor/Área de Trabalho/airflow/venv/lib/python3.10/site-packages/airflow/example_dags/example_nested_branch_dag.py for tasks to queue
[2024-03-02T09:39:34.538-0300] {logging_mixin.py:188} INFO - [2024-03-02T09:39:34.538-0300] {dagbag.py:540} INFO - Filling up the DagBag from /home/victor/Área de Trabalho/airflow/venv/lib/python3.10/site-packages/airflow/example_dags/example_nested_branch_dag.py
[2024-03-02T09:39:34.547-0300] {processor.py:840} INFO - DAG(s) 'example_nested_branch_dag' retrieved from /home/victor/Área de Trabalho/airflow/venv/lib/python3.10/site-packages/airflow/example_dags/example_nested_branch_dag.py
[2024-03-02T09:39:34.574-0300] {logging_mixin.py:188} INFO - [2024-03-02T09:39:34.574-0300] {dag.py:3047} INFO - Sync 1 DAGs
[2024-03-02T09:39:34.598-0300] {logging_mixin.py:188} INFO - [2024-03-02T09:39:34.597-0300] {dag.py:3834} INFO - Setting next_dagrun for example_nested_branch_dag to 2024-03-01 00:00:00+00:00, run_after=2024-03-02 00:00:00+00:00
[2024-03-02T09:39:34.621-0300] {processor.py:183} INFO - Processing /home/victor/Área de Trabalho/airflow/venv/lib/python3.10/site-packages/airflow/example_dags/example_nested_branch_dag.py took 0.087 seconds
[2024-03-02T09:40:05.847-0300] {processor.py:161} INFO - Started process (PID=11975) to work on /home/victor/Área de Trabalho/airflow/venv/lib/python3.10/site-packages/airflow/example_dags/example_nested_branch_dag.py
[2024-03-02T09:40:05.848-0300] {processor.py:830} INFO - Processing file /home/victor/Área de Trabalho/airflow/venv/lib/python3.10/site-packages/airflow/example_dags/example_nested_branch_dag.py for tasks to queue
[2024-03-02T09:40:05.848-0300] {logging_mixin.py:188} INFO - [2024-03-02T09:40:05.848-0300] {dagbag.py:540} INFO - Filling up the DagBag from /home/victor/Área de Trabalho/airflow/venv/lib/python3.10/site-packages/airflow/example_dags/example_nested_branch_dag.py
[2024-03-02T09:40:05.857-0300] {processor.py:840} INFO - DAG(s) 'example_nested_branch_dag' retrieved from /home/victor/Área de Trabalho/airflow/venv/lib/python3.10/site-packages/airflow/example_dags/example_nested_branch_dag.py
[2024-03-02T09:40:05.883-0300] {logging_mixin.py:188} INFO - [2024-03-02T09:40:05.883-0300] {dag.py:3047} INFO - Sync 1 DAGs
[2024-03-02T09:40:05.904-0300] {logging_mixin.py:188} INFO - [2024-03-02T09:40:05.904-0300] {dag.py:3834} INFO - Setting next_dagrun for example_nested_branch_dag to 2024-03-01 00:00:00+00:00, run_after=2024-03-02 00:00:00+00:00
[2024-03-02T09:40:05.921-0300] {processor.py:183} INFO - Processing /home/victor/Área de Trabalho/airflow/venv/lib/python3.10/site-packages/airflow/example_dags/example_nested_branch_dag.py took 0.077 seconds
[2024-03-02T09:40:37.262-0300] {processor.py:161} INFO - Started process (PID=12353) to work on /home/victor/Área de Trabalho/airflow/venv/lib/python3.10/site-packages/airflow/example_dags/example_nested_branch_dag.py
[2024-03-02T09:40:37.262-0300] {processor.py:830} INFO - Processing file /home/victor/Área de Trabalho/airflow/venv/lib/python3.10/site-packages/airflow/example_dags/example_nested_branch_dag.py for tasks to queue
[2024-03-02T09:40:37.263-0300] {logging_mixin.py:188} INFO - [2024-03-02T09:40:37.263-0300] {dagbag.py:540} INFO - Filling up the DagBag from /home/victor/Área de Trabalho/airflow/venv/lib/python3.10/site-packages/airflow/example_dags/example_nested_branch_dag.py
[2024-03-02T09:40:37.271-0300] {processor.py:840} INFO - DAG(s) 'example_nested_branch_dag' retrieved from /home/victor/Área de Trabalho/airflow/venv/lib/python3.10/site-packages/airflow/example_dags/example_nested_branch_dag.py
[2024-03-02T09:40:37.303-0300] {logging_mixin.py:188} INFO - [2024-03-02T09:40:37.303-0300] {dag.py:3047} INFO - Sync 1 DAGs
[2024-03-02T09:40:37.339-0300] {logging_mixin.py:188} INFO - [2024-03-02T09:40:37.339-0300] {dag.py:3834} INFO - Setting next_dagrun for example_nested_branch_dag to 2024-03-01 00:00:00+00:00, run_after=2024-03-02 00:00:00+00:00
[2024-03-02T09:40:37.361-0300] {processor.py:183} INFO - Processing /home/victor/Área de Trabalho/airflow/venv/lib/python3.10/site-packages/airflow/example_dags/example_nested_branch_dag.py took 0.103 seconds
[2024-03-02T09:41:08.276-0300] {processor.py:161} INFO - Started process (PID=12829) to work on /home/victor/Área de Trabalho/airflow/venv/lib/python3.10/site-packages/airflow/example_dags/example_nested_branch_dag.py
[2024-03-02T09:41:08.277-0300] {processor.py:830} INFO - Processing file /home/victor/Área de Trabalho/airflow/venv/lib/python3.10/site-packages/airflow/example_dags/example_nested_branch_dag.py for tasks to queue
[2024-03-02T09:41:08.278-0300] {logging_mixin.py:188} INFO - [2024-03-02T09:41:08.278-0300] {dagbag.py:540} INFO - Filling up the DagBag from /home/victor/Área de Trabalho/airflow/venv/lib/python3.10/site-packages/airflow/example_dags/example_nested_branch_dag.py
[2024-03-02T09:41:08.289-0300] {processor.py:840} INFO - DAG(s) 'example_nested_branch_dag' retrieved from /home/victor/Área de Trabalho/airflow/venv/lib/python3.10/site-packages/airflow/example_dags/example_nested_branch_dag.py
[2024-03-02T09:41:08.321-0300] {logging_mixin.py:188} INFO - [2024-03-02T09:41:08.321-0300] {dag.py:3047} INFO - Sync 1 DAGs
[2024-03-02T09:41:08.344-0300] {logging_mixin.py:188} INFO - [2024-03-02T09:41:08.344-0300] {dag.py:3834} INFO - Setting next_dagrun for example_nested_branch_dag to 2024-03-01 00:00:00+00:00, run_after=2024-03-02 00:00:00+00:00
[2024-03-02T09:41:08.366-0300] {processor.py:183} INFO - Processing /home/victor/Área de Trabalho/airflow/venv/lib/python3.10/site-packages/airflow/example_dags/example_nested_branch_dag.py took 0.093 seconds
[2024-03-02T09:41:38.981-0300] {processor.py:161} INFO - Started process (PID=13144) to work on /home/victor/Área de Trabalho/airflow/venv/lib/python3.10/site-packages/airflow/example_dags/example_nested_branch_dag.py
[2024-03-02T09:41:38.982-0300] {processor.py:830} INFO - Processing file /home/victor/Área de Trabalho/airflow/venv/lib/python3.10/site-packages/airflow/example_dags/example_nested_branch_dag.py for tasks to queue
[2024-03-02T09:41:38.983-0300] {logging_mixin.py:188} INFO - [2024-03-02T09:41:38.982-0300] {dagbag.py:540} INFO - Filling up the DagBag from /home/victor/Área de Trabalho/airflow/venv/lib/python3.10/site-packages/airflow/example_dags/example_nested_branch_dag.py
[2024-03-02T09:41:38.992-0300] {processor.py:840} INFO - DAG(s) 'example_nested_branch_dag' retrieved from /home/victor/Área de Trabalho/airflow/venv/lib/python3.10/site-packages/airflow/example_dags/example_nested_branch_dag.py
[2024-03-02T09:41:39.022-0300] {logging_mixin.py:188} INFO - [2024-03-02T09:41:39.022-0300] {dag.py:3047} INFO - Sync 1 DAGs
[2024-03-02T09:41:39.050-0300] {logging_mixin.py:188} INFO - [2024-03-02T09:41:39.049-0300] {dag.py:3834} INFO - Setting next_dagrun for example_nested_branch_dag to 2024-03-01 00:00:00+00:00, run_after=2024-03-02 00:00:00+00:00
[2024-03-02T09:41:39.071-0300] {processor.py:183} INFO - Processing /home/victor/Área de Trabalho/airflow/venv/lib/python3.10/site-packages/airflow/example_dags/example_nested_branch_dag.py took 0.093 seconds
[2024-03-02T09:42:09.876-0300] {processor.py:161} INFO - Started process (PID=13781) to work on /home/victor/Área de Trabalho/airflow/venv/lib/python3.10/site-packages/airflow/example_dags/example_nested_branch_dag.py
[2024-03-02T09:42:09.877-0300] {processor.py:830} INFO - Processing file /home/victor/Área de Trabalho/airflow/venv/lib/python3.10/site-packages/airflow/example_dags/example_nested_branch_dag.py for tasks to queue
[2024-03-02T09:42:09.878-0300] {logging_mixin.py:188} INFO - [2024-03-02T09:42:09.877-0300] {dagbag.py:540} INFO - Filling up the DagBag from /home/victor/Área de Trabalho/airflow/venv/lib/python3.10/site-packages/airflow/example_dags/example_nested_branch_dag.py
[2024-03-02T09:42:09.887-0300] {processor.py:840} INFO - DAG(s) 'example_nested_branch_dag' retrieved from /home/victor/Área de Trabalho/airflow/venv/lib/python3.10/site-packages/airflow/example_dags/example_nested_branch_dag.py
[2024-03-02T09:42:09.916-0300] {logging_mixin.py:188} INFO - [2024-03-02T09:42:09.916-0300] {dag.py:3047} INFO - Sync 1 DAGs
[2024-03-02T09:42:09.941-0300] {logging_mixin.py:188} INFO - [2024-03-02T09:42:09.941-0300] {dag.py:3834} INFO - Setting next_dagrun for example_nested_branch_dag to 2024-03-01 00:00:00+00:00, run_after=2024-03-02 00:00:00+00:00
[2024-03-02T09:42:09.964-0300] {processor.py:183} INFO - Processing /home/victor/Área de Trabalho/airflow/venv/lib/python3.10/site-packages/airflow/example_dags/example_nested_branch_dag.py took 0.091 seconds
[2024-03-02T09:42:40.729-0300] {processor.py:161} INFO - Started process (PID=14098) to work on /home/victor/Área de Trabalho/airflow/venv/lib/python3.10/site-packages/airflow/example_dags/example_nested_branch_dag.py
[2024-03-02T09:42:40.730-0300] {processor.py:830} INFO - Processing file /home/victor/Área de Trabalho/airflow/venv/lib/python3.10/site-packages/airflow/example_dags/example_nested_branch_dag.py for tasks to queue
[2024-03-02T09:42:40.732-0300] {logging_mixin.py:188} INFO - [2024-03-02T09:42:40.731-0300] {dagbag.py:540} INFO - Filling up the DagBag from /home/victor/Área de Trabalho/airflow/venv/lib/python3.10/site-packages/airflow/example_dags/example_nested_branch_dag.py
[2024-03-02T09:42:40.743-0300] {processor.py:840} INFO - DAG(s) 'example_nested_branch_dag' retrieved from /home/victor/Área de Trabalho/airflow/venv/lib/python3.10/site-packages/airflow/example_dags/example_nested_branch_dag.py
[2024-03-02T09:42:40.777-0300] {logging_mixin.py:188} INFO - [2024-03-02T09:42:40.776-0300] {dag.py:3047} INFO - Sync 1 DAGs
[2024-03-02T09:42:40.806-0300] {logging_mixin.py:188} INFO - [2024-03-02T09:42:40.806-0300] {dag.py:3834} INFO - Setting next_dagrun for example_nested_branch_dag to 2024-03-01 00:00:00+00:00, run_after=2024-03-02 00:00:00+00:00
[2024-03-02T09:42:40.829-0300] {processor.py:183} INFO - Processing /home/victor/Área de Trabalho/airflow/venv/lib/python3.10/site-packages/airflow/example_dags/example_nested_branch_dag.py took 0.102 seconds
[2024-03-02T09:43:11.857-0300] {processor.py:161} INFO - Started process (PID=14575) to work on /home/victor/Área de Trabalho/airflow/venv/lib/python3.10/site-packages/airflow/example_dags/example_nested_branch_dag.py
[2024-03-02T09:43:11.858-0300] {processor.py:830} INFO - Processing file /home/victor/Área de Trabalho/airflow/venv/lib/python3.10/site-packages/airflow/example_dags/example_nested_branch_dag.py for tasks to queue
[2024-03-02T09:43:11.859-0300] {logging_mixin.py:188} INFO - [2024-03-02T09:43:11.858-0300] {dagbag.py:540} INFO - Filling up the DagBag from /home/victor/Área de Trabalho/airflow/venv/lib/python3.10/site-packages/airflow/example_dags/example_nested_branch_dag.py
[2024-03-02T09:43:11.870-0300] {processor.py:840} INFO - DAG(s) 'example_nested_branch_dag' retrieved from /home/victor/Área de Trabalho/airflow/venv/lib/python3.10/site-packages/airflow/example_dags/example_nested_branch_dag.py
[2024-03-02T09:43:11.905-0300] {logging_mixin.py:188} INFO - [2024-03-02T09:43:11.904-0300] {dag.py:3047} INFO - Sync 1 DAGs
[2024-03-02T09:43:11.930-0300] {logging_mixin.py:188} INFO - [2024-03-02T09:43:11.930-0300] {dag.py:3834} INFO - Setting next_dagrun for example_nested_branch_dag to 2024-03-01 00:00:00+00:00, run_after=2024-03-02 00:00:00+00:00
[2024-03-02T09:43:11.953-0300] {processor.py:183} INFO - Processing /home/victor/Área de Trabalho/airflow/venv/lib/python3.10/site-packages/airflow/example_dags/example_nested_branch_dag.py took 0.099 seconds
[2024-03-02T09:43:42.582-0300] {processor.py:161} INFO - Started process (PID=14900) to work on /home/victor/Área de Trabalho/airflow/venv/lib/python3.10/site-packages/airflow/example_dags/example_nested_branch_dag.py
[2024-03-02T09:43:42.582-0300] {processor.py:830} INFO - Processing file /home/victor/Área de Trabalho/airflow/venv/lib/python3.10/site-packages/airflow/example_dags/example_nested_branch_dag.py for tasks to queue
[2024-03-02T09:43:42.583-0300] {logging_mixin.py:188} INFO - [2024-03-02T09:43:42.583-0300] {dagbag.py:540} INFO - Filling up the DagBag from /home/victor/Área de Trabalho/airflow/venv/lib/python3.10/site-packages/airflow/example_dags/example_nested_branch_dag.py
[2024-03-02T09:43:42.593-0300] {processor.py:840} INFO - DAG(s) 'example_nested_branch_dag' retrieved from /home/victor/Área de Trabalho/airflow/venv/lib/python3.10/site-packages/airflow/example_dags/example_nested_branch_dag.py
[2024-03-02T09:43:42.625-0300] {logging_mixin.py:188} INFO - [2024-03-02T09:43:42.625-0300] {dag.py:3047} INFO - Sync 1 DAGs
[2024-03-02T09:43:42.648-0300] {logging_mixin.py:188} INFO - [2024-03-02T09:43:42.648-0300] {dag.py:3834} INFO - Setting next_dagrun for example_nested_branch_dag to 2024-03-01 00:00:00+00:00, run_after=2024-03-02 00:00:00+00:00
[2024-03-02T09:43:42.669-0300] {processor.py:183} INFO - Processing /home/victor/Área de Trabalho/airflow/venv/lib/python3.10/site-packages/airflow/example_dags/example_nested_branch_dag.py took 0.091 seconds
[2024-03-02T09:44:14.065-0300] {processor.py:161} INFO - Started process (PID=15386) to work on /home/victor/Área de Trabalho/airflow/venv/lib/python3.10/site-packages/airflow/example_dags/example_nested_branch_dag.py
[2024-03-02T09:44:14.066-0300] {processor.py:830} INFO - Processing file /home/victor/Área de Trabalho/airflow/venv/lib/python3.10/site-packages/airflow/example_dags/example_nested_branch_dag.py for tasks to queue
[2024-03-02T09:44:14.067-0300] {logging_mixin.py:188} INFO - [2024-03-02T09:44:14.067-0300] {dagbag.py:540} INFO - Filling up the DagBag from /home/victor/Área de Trabalho/airflow/venv/lib/python3.10/site-packages/airflow/example_dags/example_nested_branch_dag.py
[2024-03-02T09:44:14.077-0300] {processor.py:840} INFO - DAG(s) 'example_nested_branch_dag' retrieved from /home/victor/Área de Trabalho/airflow/venv/lib/python3.10/site-packages/airflow/example_dags/example_nested_branch_dag.py
[2024-03-02T09:44:14.108-0300] {logging_mixin.py:188} INFO - [2024-03-02T09:44:14.108-0300] {dag.py:3047} INFO - Sync 1 DAGs
[2024-03-02T09:44:14.135-0300] {logging_mixin.py:188} INFO - [2024-03-02T09:44:14.135-0300] {dag.py:3834} INFO - Setting next_dagrun for example_nested_branch_dag to 2024-03-01 00:00:00+00:00, run_after=2024-03-02 00:00:00+00:00
[2024-03-02T09:44:14.155-0300] {processor.py:183} INFO - Processing /home/victor/Área de Trabalho/airflow/venv/lib/python3.10/site-packages/airflow/example_dags/example_nested_branch_dag.py took 0.094 seconds
[2024-03-02T09:44:44.777-0300] {processor.py:161} INFO - Started process (PID=15705) to work on /home/victor/Área de Trabalho/airflow/venv/lib/python3.10/site-packages/airflow/example_dags/example_nested_branch_dag.py
[2024-03-02T09:44:44.778-0300] {processor.py:830} INFO - Processing file /home/victor/Área de Trabalho/airflow/venv/lib/python3.10/site-packages/airflow/example_dags/example_nested_branch_dag.py for tasks to queue
[2024-03-02T09:44:44.779-0300] {logging_mixin.py:188} INFO - [2024-03-02T09:44:44.779-0300] {dagbag.py:540} INFO - Filling up the DagBag from /home/victor/Área de Trabalho/airflow/venv/lib/python3.10/site-packages/airflow/example_dags/example_nested_branch_dag.py
[2024-03-02T09:44:44.788-0300] {processor.py:840} INFO - DAG(s) 'example_nested_branch_dag' retrieved from /home/victor/Área de Trabalho/airflow/venv/lib/python3.10/site-packages/airflow/example_dags/example_nested_branch_dag.py
[2024-03-02T09:44:44.821-0300] {logging_mixin.py:188} INFO - [2024-03-02T09:44:44.821-0300] {dag.py:3047} INFO - Sync 1 DAGs
[2024-03-02T09:44:44.854-0300] {logging_mixin.py:188} INFO - [2024-03-02T09:44:44.853-0300] {dag.py:3834} INFO - Setting next_dagrun for example_nested_branch_dag to 2024-03-01 00:00:00+00:00, run_after=2024-03-02 00:00:00+00:00
[2024-03-02T09:44:44.879-0300] {processor.py:183} INFO - Processing /home/victor/Área de Trabalho/airflow/venv/lib/python3.10/site-packages/airflow/example_dags/example_nested_branch_dag.py took 0.104 seconds
[2024-03-02T09:45:15.653-0300] {processor.py:161} INFO - Started process (PID=16198) to work on /home/victor/Área de Trabalho/airflow/venv/lib/python3.10/site-packages/airflow/example_dags/example_nested_branch_dag.py
[2024-03-02T09:45:15.655-0300] {processor.py:830} INFO - Processing file /home/victor/Área de Trabalho/airflow/venv/lib/python3.10/site-packages/airflow/example_dags/example_nested_branch_dag.py for tasks to queue
[2024-03-02T09:45:15.656-0300] {logging_mixin.py:188} INFO - [2024-03-02T09:45:15.655-0300] {dagbag.py:540} INFO - Filling up the DagBag from /home/victor/Área de Trabalho/airflow/venv/lib/python3.10/site-packages/airflow/example_dags/example_nested_branch_dag.py
[2024-03-02T09:45:15.665-0300] {processor.py:840} INFO - DAG(s) 'example_nested_branch_dag' retrieved from /home/victor/Área de Trabalho/airflow/venv/lib/python3.10/site-packages/airflow/example_dags/example_nested_branch_dag.py
[2024-03-02T09:45:15.701-0300] {logging_mixin.py:188} INFO - [2024-03-02T09:45:15.701-0300] {dag.py:3047} INFO - Sync 1 DAGs
[2024-03-02T09:45:15.735-0300] {logging_mixin.py:188} INFO - [2024-03-02T09:45:15.735-0300] {dag.py:3834} INFO - Setting next_dagrun for example_nested_branch_dag to 2024-03-01 00:00:00+00:00, run_after=2024-03-02 00:00:00+00:00
[2024-03-02T09:45:15.764-0300] {processor.py:183} INFO - Processing /home/victor/Área de Trabalho/airflow/venv/lib/python3.10/site-packages/airflow/example_dags/example_nested_branch_dag.py took 0.114 seconds
[2024-03-02T09:45:46.609-0300] {processor.py:161} INFO - Started process (PID=16705) to work on /home/victor/Área de Trabalho/airflow/venv/lib/python3.10/site-packages/airflow/example_dags/example_nested_branch_dag.py
[2024-03-02T09:45:46.609-0300] {processor.py:830} INFO - Processing file /home/victor/Área de Trabalho/airflow/venv/lib/python3.10/site-packages/airflow/example_dags/example_nested_branch_dag.py for tasks to queue
[2024-03-02T09:45:46.610-0300] {logging_mixin.py:188} INFO - [2024-03-02T09:45:46.610-0300] {dagbag.py:540} INFO - Filling up the DagBag from /home/victor/Área de Trabalho/airflow/venv/lib/python3.10/site-packages/airflow/example_dags/example_nested_branch_dag.py
[2024-03-02T09:45:46.619-0300] {processor.py:840} INFO - DAG(s) 'example_nested_branch_dag' retrieved from /home/victor/Área de Trabalho/airflow/venv/lib/python3.10/site-packages/airflow/example_dags/example_nested_branch_dag.py
[2024-03-02T09:45:46.652-0300] {logging_mixin.py:188} INFO - [2024-03-02T09:45:46.652-0300] {dag.py:3047} INFO - Sync 1 DAGs
[2024-03-02T09:45:46.675-0300] {logging_mixin.py:188} INFO - [2024-03-02T09:45:46.675-0300] {dag.py:3834} INFO - Setting next_dagrun for example_nested_branch_dag to 2024-03-01 00:00:00+00:00, run_after=2024-03-02 00:00:00+00:00
[2024-03-02T09:45:46.697-0300] {processor.py:183} INFO - Processing /home/victor/Área de Trabalho/airflow/venv/lib/python3.10/site-packages/airflow/example_dags/example_nested_branch_dag.py took 0.095 seconds
[2024-03-02T09:46:18.285-0300] {processor.py:161} INFO - Started process (PID=17187) to work on /home/victor/Área de Trabalho/airflow/venv/lib/python3.10/site-packages/airflow/example_dags/example_nested_branch_dag.py
[2024-03-02T09:46:18.286-0300] {processor.py:830} INFO - Processing file /home/victor/Área de Trabalho/airflow/venv/lib/python3.10/site-packages/airflow/example_dags/example_nested_branch_dag.py for tasks to queue
[2024-03-02T09:46:18.287-0300] {logging_mixin.py:188} INFO - [2024-03-02T09:46:18.287-0300] {dagbag.py:540} INFO - Filling up the DagBag from /home/victor/Área de Trabalho/airflow/venv/lib/python3.10/site-packages/airflow/example_dags/example_nested_branch_dag.py
[2024-03-02T09:46:18.296-0300] {processor.py:840} INFO - DAG(s) 'example_nested_branch_dag' retrieved from /home/victor/Área de Trabalho/airflow/venv/lib/python3.10/site-packages/airflow/example_dags/example_nested_branch_dag.py
[2024-03-02T09:46:18.328-0300] {logging_mixin.py:188} INFO - [2024-03-02T09:46:18.328-0300] {dag.py:3047} INFO - Sync 1 DAGs
[2024-03-02T09:46:18.353-0300] {logging_mixin.py:188} INFO - [2024-03-02T09:46:18.352-0300] {dag.py:3834} INFO - Setting next_dagrun for example_nested_branch_dag to 2024-03-01 00:00:00+00:00, run_after=2024-03-02 00:00:00+00:00
[2024-03-02T09:46:18.374-0300] {processor.py:183} INFO - Processing /home/victor/Área de Trabalho/airflow/venv/lib/python3.10/site-packages/airflow/example_dags/example_nested_branch_dag.py took 0.091 seconds
[2024-03-02T09:46:48.875-0300] {processor.py:161} INFO - Started process (PID=17511) to work on /home/victor/Área de Trabalho/airflow/venv/lib/python3.10/site-packages/airflow/example_dags/example_nested_branch_dag.py
[2024-03-02T09:46:48.876-0300] {processor.py:830} INFO - Processing file /home/victor/Área de Trabalho/airflow/venv/lib/python3.10/site-packages/airflow/example_dags/example_nested_branch_dag.py for tasks to queue
[2024-03-02T09:46:48.877-0300] {logging_mixin.py:188} INFO - [2024-03-02T09:46:48.876-0300] {dagbag.py:540} INFO - Filling up the DagBag from /home/victor/Área de Trabalho/airflow/venv/lib/python3.10/site-packages/airflow/example_dags/example_nested_branch_dag.py
[2024-03-02T09:46:48.886-0300] {processor.py:840} INFO - DAG(s) 'example_nested_branch_dag' retrieved from /home/victor/Área de Trabalho/airflow/venv/lib/python3.10/site-packages/airflow/example_dags/example_nested_branch_dag.py
[2024-03-02T09:46:48.914-0300] {logging_mixin.py:188} INFO - [2024-03-02T09:46:48.914-0300] {dag.py:3047} INFO - Sync 1 DAGs
[2024-03-02T09:46:48.936-0300] {logging_mixin.py:188} INFO - [2024-03-02T09:46:48.936-0300] {dag.py:3834} INFO - Setting next_dagrun for example_nested_branch_dag to 2024-03-01 00:00:00+00:00, run_after=2024-03-02 00:00:00+00:00
[2024-03-02T09:46:48.955-0300] {processor.py:183} INFO - Processing /home/victor/Área de Trabalho/airflow/venv/lib/python3.10/site-packages/airflow/example_dags/example_nested_branch_dag.py took 0.083 seconds
[2024-03-02T09:47:19.865-0300] {processor.py:161} INFO - Started process (PID=18168) to work on /home/victor/Área de Trabalho/airflow/venv/lib/python3.10/site-packages/airflow/example_dags/example_nested_branch_dag.py
[2024-03-02T09:47:19.866-0300] {processor.py:830} INFO - Processing file /home/victor/Área de Trabalho/airflow/venv/lib/python3.10/site-packages/airflow/example_dags/example_nested_branch_dag.py for tasks to queue
[2024-03-02T09:47:19.868-0300] {logging_mixin.py:188} INFO - [2024-03-02T09:47:19.868-0300] {dagbag.py:540} INFO - Filling up the DagBag from /home/victor/Área de Trabalho/airflow/venv/lib/python3.10/site-packages/airflow/example_dags/example_nested_branch_dag.py
[2024-03-02T09:47:19.877-0300] {processor.py:840} INFO - DAG(s) 'example_nested_branch_dag' retrieved from /home/victor/Área de Trabalho/airflow/venv/lib/python3.10/site-packages/airflow/example_dags/example_nested_branch_dag.py
[2024-03-02T09:47:19.909-0300] {logging_mixin.py:188} INFO - [2024-03-02T09:47:19.909-0300] {dag.py:3047} INFO - Sync 1 DAGs
[2024-03-02T09:47:19.936-0300] {logging_mixin.py:188} INFO - [2024-03-02T09:47:19.936-0300] {dag.py:3834} INFO - Setting next_dagrun for example_nested_branch_dag to 2024-03-01 00:00:00+00:00, run_after=2024-03-02 00:00:00+00:00
[2024-03-02T09:47:19.956-0300] {processor.py:183} INFO - Processing /home/victor/Área de Trabalho/airflow/venv/lib/python3.10/site-packages/airflow/example_dags/example_nested_branch_dag.py took 0.094 seconds
[2024-03-02T09:47:50.457-0300] {processor.py:161} INFO - Started process (PID=18489) to work on /home/victor/Área de Trabalho/airflow/venv/lib/python3.10/site-packages/airflow/example_dags/example_nested_branch_dag.py
[2024-03-02T09:47:50.458-0300] {processor.py:830} INFO - Processing file /home/victor/Área de Trabalho/airflow/venv/lib/python3.10/site-packages/airflow/example_dags/example_nested_branch_dag.py for tasks to queue
[2024-03-02T09:47:50.458-0300] {logging_mixin.py:188} INFO - [2024-03-02T09:47:50.458-0300] {dagbag.py:540} INFO - Filling up the DagBag from /home/victor/Área de Trabalho/airflow/venv/lib/python3.10/site-packages/airflow/example_dags/example_nested_branch_dag.py
[2024-03-02T09:47:50.469-0300] {processor.py:840} INFO - DAG(s) 'example_nested_branch_dag' retrieved from /home/victor/Área de Trabalho/airflow/venv/lib/python3.10/site-packages/airflow/example_dags/example_nested_branch_dag.py
[2024-03-02T09:47:50.501-0300] {logging_mixin.py:188} INFO - [2024-03-02T09:47:50.501-0300] {dag.py:3047} INFO - Sync 1 DAGs
[2024-03-02T09:47:50.523-0300] {logging_mixin.py:188} INFO - [2024-03-02T09:47:50.523-0300] {dag.py:3834} INFO - Setting next_dagrun for example_nested_branch_dag to 2024-03-01 00:00:00+00:00, run_after=2024-03-02 00:00:00+00:00
[2024-03-02T09:47:50.542-0300] {processor.py:183} INFO - Processing /home/victor/Área de Trabalho/airflow/venv/lib/python3.10/site-packages/airflow/example_dags/example_nested_branch_dag.py took 0.088 seconds
[2024-03-02T09:48:21.147-0300] {processor.py:161} INFO - Started process (PID=18975) to work on /home/victor/Área de Trabalho/airflow/venv/lib/python3.10/site-packages/airflow/example_dags/example_nested_branch_dag.py
[2024-03-02T09:48:21.148-0300] {processor.py:830} INFO - Processing file /home/victor/Área de Trabalho/airflow/venv/lib/python3.10/site-packages/airflow/example_dags/example_nested_branch_dag.py for tasks to queue
[2024-03-02T09:48:21.149-0300] {logging_mixin.py:188} INFO - [2024-03-02T09:48:21.149-0300] {dagbag.py:540} INFO - Filling up the DagBag from /home/victor/Área de Trabalho/airflow/venv/lib/python3.10/site-packages/airflow/example_dags/example_nested_branch_dag.py
[2024-03-02T09:48:21.158-0300] {processor.py:840} INFO - DAG(s) 'example_nested_branch_dag' retrieved from /home/victor/Área de Trabalho/airflow/venv/lib/python3.10/site-packages/airflow/example_dags/example_nested_branch_dag.py
[2024-03-02T09:48:21.190-0300] {logging_mixin.py:188} INFO - [2024-03-02T09:48:21.190-0300] {dag.py:3047} INFO - Sync 1 DAGs
[2024-03-02T09:48:21.222-0300] {logging_mixin.py:188} INFO - [2024-03-02T09:48:21.222-0300] {dag.py:3834} INFO - Setting next_dagrun for example_nested_branch_dag to 2024-03-01 00:00:00+00:00, run_after=2024-03-02 00:00:00+00:00
[2024-03-02T09:48:21.245-0300] {processor.py:183} INFO - Processing /home/victor/Área de Trabalho/airflow/venv/lib/python3.10/site-packages/airflow/example_dags/example_nested_branch_dag.py took 0.100 seconds
[2024-03-02T09:48:51.943-0300] {processor.py:161} INFO - Started process (PID=19319) to work on /home/victor/Área de Trabalho/airflow/venv/lib/python3.10/site-packages/airflow/example_dags/example_nested_branch_dag.py
[2024-03-02T09:48:51.944-0300] {processor.py:830} INFO - Processing file /home/victor/Área de Trabalho/airflow/venv/lib/python3.10/site-packages/airflow/example_dags/example_nested_branch_dag.py for tasks to queue
[2024-03-02T09:48:51.946-0300] {logging_mixin.py:188} INFO - [2024-03-02T09:48:51.944-0300] {dagbag.py:540} INFO - Filling up the DagBag from /home/victor/Área de Trabalho/airflow/venv/lib/python3.10/site-packages/airflow/example_dags/example_nested_branch_dag.py
[2024-03-02T09:48:51.961-0300] {processor.py:840} INFO - DAG(s) 'example_nested_branch_dag' retrieved from /home/victor/Área de Trabalho/airflow/venv/lib/python3.10/site-packages/airflow/example_dags/example_nested_branch_dag.py
[2024-03-02T09:48:51.998-0300] {logging_mixin.py:188} INFO - [2024-03-02T09:48:51.998-0300] {dag.py:3047} INFO - Sync 1 DAGs
[2024-03-02T09:48:52.030-0300] {logging_mixin.py:188} INFO - [2024-03-02T09:48:52.029-0300] {dag.py:3834} INFO - Setting next_dagrun for example_nested_branch_dag to 2024-03-01 00:00:00+00:00, run_after=2024-03-02 00:00:00+00:00
[2024-03-02T09:48:52.058-0300] {processor.py:183} INFO - Processing /home/victor/Área de Trabalho/airflow/venv/lib/python3.10/site-packages/airflow/example_dags/example_nested_branch_dag.py took 0.118 seconds
[2024-03-02T09:49:22.691-0300] {processor.py:161} INFO - Started process (PID=19800) to work on /home/victor/Área de Trabalho/airflow/venv/lib/python3.10/site-packages/airflow/example_dags/example_nested_branch_dag.py
[2024-03-02T09:49:22.691-0300] {processor.py:830} INFO - Processing file /home/victor/Área de Trabalho/airflow/venv/lib/python3.10/site-packages/airflow/example_dags/example_nested_branch_dag.py for tasks to queue
[2024-03-02T09:49:22.692-0300] {logging_mixin.py:188} INFO - [2024-03-02T09:49:22.692-0300] {dagbag.py:540} INFO - Filling up the DagBag from /home/victor/Área de Trabalho/airflow/venv/lib/python3.10/site-packages/airflow/example_dags/example_nested_branch_dag.py
[2024-03-02T09:49:22.706-0300] {processor.py:840} INFO - DAG(s) 'example_nested_branch_dag' retrieved from /home/victor/Área de Trabalho/airflow/venv/lib/python3.10/site-packages/airflow/example_dags/example_nested_branch_dag.py
[2024-03-02T09:49:22.736-0300] {logging_mixin.py:188} INFO - [2024-03-02T09:49:22.736-0300] {dag.py:3047} INFO - Sync 1 DAGs
[2024-03-02T09:49:22.762-0300] {logging_mixin.py:188} INFO - [2024-03-02T09:49:22.762-0300] {dag.py:3834} INFO - Setting next_dagrun for example_nested_branch_dag to 2024-03-01 00:00:00+00:00, run_after=2024-03-02 00:00:00+00:00
[2024-03-02T09:49:22.785-0300] {processor.py:183} INFO - Processing /home/victor/Área de Trabalho/airflow/venv/lib/python3.10/site-packages/airflow/example_dags/example_nested_branch_dag.py took 0.097 seconds
[2024-03-02T09:49:53.365-0300] {processor.py:161} INFO - Started process (PID=20122) to work on /home/victor/Área de Trabalho/airflow/venv/lib/python3.10/site-packages/airflow/example_dags/example_nested_branch_dag.py
[2024-03-02T09:49:53.366-0300] {processor.py:830} INFO - Processing file /home/victor/Área de Trabalho/airflow/venv/lib/python3.10/site-packages/airflow/example_dags/example_nested_branch_dag.py for tasks to queue
[2024-03-02T09:49:53.367-0300] {logging_mixin.py:188} INFO - [2024-03-02T09:49:53.367-0300] {dagbag.py:540} INFO - Filling up the DagBag from /home/victor/Área de Trabalho/airflow/venv/lib/python3.10/site-packages/airflow/example_dags/example_nested_branch_dag.py
[2024-03-02T09:49:53.381-0300] {processor.py:840} INFO - DAG(s) 'example_nested_branch_dag' retrieved from /home/victor/Área de Trabalho/airflow/venv/lib/python3.10/site-packages/airflow/example_dags/example_nested_branch_dag.py
[2024-03-02T09:49:53.409-0300] {logging_mixin.py:188} INFO - [2024-03-02T09:49:53.408-0300] {dag.py:3047} INFO - Sync 1 DAGs
[2024-03-02T09:49:53.434-0300] {logging_mixin.py:188} INFO - [2024-03-02T09:49:53.433-0300] {dag.py:3834} INFO - Setting next_dagrun for example_nested_branch_dag to 2024-03-01 00:00:00+00:00, run_after=2024-03-02 00:00:00+00:00
[2024-03-02T09:49:53.459-0300] {processor.py:183} INFO - Processing /home/victor/Área de Trabalho/airflow/venv/lib/python3.10/site-packages/airflow/example_dags/example_nested_branch_dag.py took 0.097 seconds
[2024-03-02T09:50:24.040-0300] {processor.py:161} INFO - Started process (PID=20605) to work on /home/victor/Área de Trabalho/airflow/venv/lib/python3.10/site-packages/airflow/example_dags/example_nested_branch_dag.py
[2024-03-02T09:50:24.041-0300] {processor.py:830} INFO - Processing file /home/victor/Área de Trabalho/airflow/venv/lib/python3.10/site-packages/airflow/example_dags/example_nested_branch_dag.py for tasks to queue
[2024-03-02T09:50:24.042-0300] {logging_mixin.py:188} INFO - [2024-03-02T09:50:24.042-0300] {dagbag.py:540} INFO - Filling up the DagBag from /home/victor/Área de Trabalho/airflow/venv/lib/python3.10/site-packages/airflow/example_dags/example_nested_branch_dag.py
[2024-03-02T09:50:24.052-0300] {processor.py:840} INFO - DAG(s) 'example_nested_branch_dag' retrieved from /home/victor/Área de Trabalho/airflow/venv/lib/python3.10/site-packages/airflow/example_dags/example_nested_branch_dag.py
[2024-03-02T09:50:24.083-0300] {logging_mixin.py:188} INFO - [2024-03-02T09:50:24.083-0300] {dag.py:3047} INFO - Sync 1 DAGs
[2024-03-02T09:50:24.107-0300] {logging_mixin.py:188} INFO - [2024-03-02T09:50:24.107-0300] {dag.py:3834} INFO - Setting next_dagrun for example_nested_branch_dag to 2024-03-01 00:00:00+00:00, run_after=2024-03-02 00:00:00+00:00
[2024-03-02T09:50:24.131-0300] {processor.py:183} INFO - Processing /home/victor/Área de Trabalho/airflow/venv/lib/python3.10/site-packages/airflow/example_dags/example_nested_branch_dag.py took 0.093 seconds
[2024-03-02T09:50:55.469-0300] {processor.py:161} INFO - Started process (PID=20961) to work on /home/victor/Área de Trabalho/airflow/venv/lib/python3.10/site-packages/airflow/example_dags/example_nested_branch_dag.py
[2024-03-02T09:50:55.470-0300] {processor.py:830} INFO - Processing file /home/victor/Área de Trabalho/airflow/venv/lib/python3.10/site-packages/airflow/example_dags/example_nested_branch_dag.py for tasks to queue
[2024-03-02T09:50:55.470-0300] {logging_mixin.py:188} INFO - [2024-03-02T09:50:55.470-0300] {dagbag.py:540} INFO - Filling up the DagBag from /home/victor/Área de Trabalho/airflow/venv/lib/python3.10/site-packages/airflow/example_dags/example_nested_branch_dag.py
[2024-03-02T09:50:55.480-0300] {processor.py:840} INFO - DAG(s) 'example_nested_branch_dag' retrieved from /home/victor/Área de Trabalho/airflow/venv/lib/python3.10/site-packages/airflow/example_dags/example_nested_branch_dag.py
[2024-03-02T09:50:55.513-0300] {logging_mixin.py:188} INFO - [2024-03-02T09:50:55.512-0300] {dag.py:3047} INFO - Sync 1 DAGs
[2024-03-02T09:50:55.534-0300] {logging_mixin.py:188} INFO - [2024-03-02T09:50:55.534-0300] {dag.py:3834} INFO - Setting next_dagrun for example_nested_branch_dag to 2024-03-01 00:00:00+00:00, run_after=2024-03-02 00:00:00+00:00
[2024-03-02T09:50:55.556-0300] {processor.py:183} INFO - Processing /home/victor/Área de Trabalho/airflow/venv/lib/python3.10/site-packages/airflow/example_dags/example_nested_branch_dag.py took 0.091 seconds
[2024-03-02T09:51:26.165-0300] {processor.py:161} INFO - Started process (PID=21442) to work on /home/victor/Área de Trabalho/airflow/venv/lib/python3.10/site-packages/airflow/example_dags/example_nested_branch_dag.py
[2024-03-02T09:51:26.166-0300] {processor.py:830} INFO - Processing file /home/victor/Área de Trabalho/airflow/venv/lib/python3.10/site-packages/airflow/example_dags/example_nested_branch_dag.py for tasks to queue
[2024-03-02T09:51:26.167-0300] {logging_mixin.py:188} INFO - [2024-03-02T09:51:26.166-0300] {dagbag.py:540} INFO - Filling up the DagBag from /home/victor/Área de Trabalho/airflow/venv/lib/python3.10/site-packages/airflow/example_dags/example_nested_branch_dag.py
[2024-03-02T09:51:26.175-0300] {processor.py:840} INFO - DAG(s) 'example_nested_branch_dag' retrieved from /home/victor/Área de Trabalho/airflow/venv/lib/python3.10/site-packages/airflow/example_dags/example_nested_branch_dag.py
[2024-03-02T09:51:26.212-0300] {logging_mixin.py:188} INFO - [2024-03-02T09:51:26.211-0300] {dag.py:3047} INFO - Sync 1 DAGs
[2024-03-02T09:51:26.235-0300] {logging_mixin.py:188} INFO - [2024-03-02T09:51:26.235-0300] {dag.py:3834} INFO - Setting next_dagrun for example_nested_branch_dag to 2024-03-01 00:00:00+00:00, run_after=2024-03-02 00:00:00+00:00
[2024-03-02T09:51:26.257-0300] {processor.py:183} INFO - Processing /home/victor/Área de Trabalho/airflow/venv/lib/python3.10/site-packages/airflow/example_dags/example_nested_branch_dag.py took 0.099 seconds
[2024-03-02T09:51:56.907-0300] {processor.py:161} INFO - Started process (PID=21765) to work on /home/victor/Área de Trabalho/airflow/venv/lib/python3.10/site-packages/airflow/example_dags/example_nested_branch_dag.py
[2024-03-02T09:51:56.908-0300] {processor.py:830} INFO - Processing file /home/victor/Área de Trabalho/airflow/venv/lib/python3.10/site-packages/airflow/example_dags/example_nested_branch_dag.py for tasks to queue
[2024-03-02T09:51:56.909-0300] {logging_mixin.py:188} INFO - [2024-03-02T09:51:56.909-0300] {dagbag.py:540} INFO - Filling up the DagBag from /home/victor/Área de Trabalho/airflow/venv/lib/python3.10/site-packages/airflow/example_dags/example_nested_branch_dag.py
[2024-03-02T09:51:56.922-0300] {processor.py:840} INFO - DAG(s) 'example_nested_branch_dag' retrieved from /home/victor/Área de Trabalho/airflow/venv/lib/python3.10/site-packages/airflow/example_dags/example_nested_branch_dag.py
[2024-03-02T09:51:56.957-0300] {logging_mixin.py:188} INFO - [2024-03-02T09:51:56.956-0300] {dag.py:3047} INFO - Sync 1 DAGs
[2024-03-02T09:51:56.980-0300] {logging_mixin.py:188} INFO - [2024-03-02T09:51:56.979-0300] {dag.py:3834} INFO - Setting next_dagrun for example_nested_branch_dag to 2024-03-01 00:00:00+00:00, run_after=2024-03-02 00:00:00+00:00
[2024-03-02T09:51:57.001-0300] {processor.py:183} INFO - Processing /home/victor/Área de Trabalho/airflow/venv/lib/python3.10/site-packages/airflow/example_dags/example_nested_branch_dag.py took 0.097 seconds
[2024-03-02T09:52:27.430-0300] {processor.py:161} INFO - Started process (PID=22407) to work on /home/victor/Área de Trabalho/airflow/venv/lib/python3.10/site-packages/airflow/example_dags/example_nested_branch_dag.py
[2024-03-02T09:52:27.431-0300] {processor.py:830} INFO - Processing file /home/victor/Área de Trabalho/airflow/venv/lib/python3.10/site-packages/airflow/example_dags/example_nested_branch_dag.py for tasks to queue
[2024-03-02T09:52:27.432-0300] {logging_mixin.py:188} INFO - [2024-03-02T09:52:27.431-0300] {dagbag.py:540} INFO - Filling up the DagBag from /home/victor/Área de Trabalho/airflow/venv/lib/python3.10/site-packages/airflow/example_dags/example_nested_branch_dag.py
[2024-03-02T09:52:27.441-0300] {processor.py:840} INFO - DAG(s) 'example_nested_branch_dag' retrieved from /home/victor/Área de Trabalho/airflow/venv/lib/python3.10/site-packages/airflow/example_dags/example_nested_branch_dag.py
[2024-03-02T09:52:27.472-0300] {logging_mixin.py:188} INFO - [2024-03-02T09:52:27.472-0300] {dag.py:3047} INFO - Sync 1 DAGs
[2024-03-02T09:52:27.498-0300] {logging_mixin.py:188} INFO - [2024-03-02T09:52:27.498-0300] {dag.py:3834} INFO - Setting next_dagrun for example_nested_branch_dag to 2024-03-01 00:00:00+00:00, run_after=2024-03-02 00:00:00+00:00
[2024-03-02T09:52:27.520-0300] {processor.py:183} INFO - Processing /home/victor/Área de Trabalho/airflow/venv/lib/python3.10/site-packages/airflow/example_dags/example_nested_branch_dag.py took 0.093 seconds
[2024-03-02T09:52:58.078-0300] {processor.py:161} INFO - Started process (PID=22731) to work on /home/victor/Área de Trabalho/airflow/venv/lib/python3.10/site-packages/airflow/example_dags/example_nested_branch_dag.py
[2024-03-02T09:52:58.078-0300] {processor.py:830} INFO - Processing file /home/victor/Área de Trabalho/airflow/venv/lib/python3.10/site-packages/airflow/example_dags/example_nested_branch_dag.py for tasks to queue
[2024-03-02T09:52:58.079-0300] {logging_mixin.py:188} INFO - [2024-03-02T09:52:58.079-0300] {dagbag.py:540} INFO - Filling up the DagBag from /home/victor/Área de Trabalho/airflow/venv/lib/python3.10/site-packages/airflow/example_dags/example_nested_branch_dag.py
[2024-03-02T09:52:58.088-0300] {processor.py:840} INFO - DAG(s) 'example_nested_branch_dag' retrieved from /home/victor/Área de Trabalho/airflow/venv/lib/python3.10/site-packages/airflow/example_dags/example_nested_branch_dag.py
[2024-03-02T09:52:58.116-0300] {logging_mixin.py:188} INFO - [2024-03-02T09:52:58.115-0300] {dag.py:3047} INFO - Sync 1 DAGs
[2024-03-02T09:52:58.138-0300] {logging_mixin.py:188} INFO - [2024-03-02T09:52:58.137-0300] {dag.py:3834} INFO - Setting next_dagrun for example_nested_branch_dag to 2024-03-01 00:00:00+00:00, run_after=2024-03-02 00:00:00+00:00
[2024-03-02T09:52:58.159-0300] {processor.py:183} INFO - Processing /home/victor/Área de Trabalho/airflow/venv/lib/python3.10/site-packages/airflow/example_dags/example_nested_branch_dag.py took 0.084 seconds
[2024-03-02T09:53:28.686-0300] {processor.py:161} INFO - Started process (PID=23216) to work on /home/victor/Área de Trabalho/airflow/venv/lib/python3.10/site-packages/airflow/example_dags/example_nested_branch_dag.py
[2024-03-02T09:53:28.687-0300] {processor.py:830} INFO - Processing file /home/victor/Área de Trabalho/airflow/venv/lib/python3.10/site-packages/airflow/example_dags/example_nested_branch_dag.py for tasks to queue
[2024-03-02T09:53:28.688-0300] {logging_mixin.py:188} INFO - [2024-03-02T09:53:28.687-0300] {dagbag.py:540} INFO - Filling up the DagBag from /home/victor/Área de Trabalho/airflow/venv/lib/python3.10/site-packages/airflow/example_dags/example_nested_branch_dag.py
[2024-03-02T09:53:28.696-0300] {processor.py:840} INFO - DAG(s) 'example_nested_branch_dag' retrieved from /home/victor/Área de Trabalho/airflow/venv/lib/python3.10/site-packages/airflow/example_dags/example_nested_branch_dag.py
[2024-03-02T09:53:28.726-0300] {logging_mixin.py:188} INFO - [2024-03-02T09:53:28.725-0300] {dag.py:3047} INFO - Sync 1 DAGs
[2024-03-02T09:53:28.748-0300] {logging_mixin.py:188} INFO - [2024-03-02T09:53:28.748-0300] {dag.py:3834} INFO - Setting next_dagrun for example_nested_branch_dag to 2024-03-01 00:00:00+00:00, run_after=2024-03-02 00:00:00+00:00
[2024-03-02T09:53:28.767-0300] {processor.py:183} INFO - Processing /home/victor/Área de Trabalho/airflow/venv/lib/python3.10/site-packages/airflow/example_dags/example_nested_branch_dag.py took 0.083 seconds
[2024-03-02T09:53:59.217-0300] {processor.py:161} INFO - Started process (PID=23596) to work on /home/victor/Área de Trabalho/airflow/venv/lib/python3.10/site-packages/airflow/example_dags/example_nested_branch_dag.py
[2024-03-02T09:53:59.217-0300] {processor.py:830} INFO - Processing file /home/victor/Área de Trabalho/airflow/venv/lib/python3.10/site-packages/airflow/example_dags/example_nested_branch_dag.py for tasks to queue
[2024-03-02T09:53:59.218-0300] {logging_mixin.py:188} INFO - [2024-03-02T09:53:59.218-0300] {dagbag.py:540} INFO - Filling up the DagBag from /home/victor/Área de Trabalho/airflow/venv/lib/python3.10/site-packages/airflow/example_dags/example_nested_branch_dag.py
[2024-03-02T09:53:59.227-0300] {processor.py:840} INFO - DAG(s) 'example_nested_branch_dag' retrieved from /home/victor/Área de Trabalho/airflow/venv/lib/python3.10/site-packages/airflow/example_dags/example_nested_branch_dag.py
[2024-03-02T09:53:59.258-0300] {logging_mixin.py:188} INFO - [2024-03-02T09:53:59.258-0300] {dag.py:3047} INFO - Sync 1 DAGs
[2024-03-02T09:53:59.282-0300] {logging_mixin.py:188} INFO - [2024-03-02T09:53:59.281-0300] {dag.py:3834} INFO - Setting next_dagrun for example_nested_branch_dag to 2024-03-01 00:00:00+00:00, run_after=2024-03-02 00:00:00+00:00
[2024-03-02T09:53:59.301-0300] {processor.py:183} INFO - Processing /home/victor/Área de Trabalho/airflow/venv/lib/python3.10/site-packages/airflow/example_dags/example_nested_branch_dag.py took 0.087 seconds
[2024-03-02T09:54:30.391-0300] {processor.py:161} INFO - Started process (PID=24179) to work on /home/victor/Área de Trabalho/airflow/venv/lib/python3.10/site-packages/airflow/example_dags/example_nested_branch_dag.py
[2024-03-02T09:54:30.392-0300] {processor.py:830} INFO - Processing file /home/victor/Área de Trabalho/airflow/venv/lib/python3.10/site-packages/airflow/example_dags/example_nested_branch_dag.py for tasks to queue
[2024-03-02T09:54:30.393-0300] {logging_mixin.py:188} INFO - [2024-03-02T09:54:30.392-0300] {dagbag.py:540} INFO - Filling up the DagBag from /home/victor/Área de Trabalho/airflow/venv/lib/python3.10/site-packages/airflow/example_dags/example_nested_branch_dag.py
[2024-03-02T09:54:30.402-0300] {processor.py:840} INFO - DAG(s) 'example_nested_branch_dag' retrieved from /home/victor/Área de Trabalho/airflow/venv/lib/python3.10/site-packages/airflow/example_dags/example_nested_branch_dag.py
[2024-03-02T09:54:30.433-0300] {logging_mixin.py:188} INFO - [2024-03-02T09:54:30.433-0300] {dag.py:3047} INFO - Sync 1 DAGs
[2024-03-02T09:54:30.457-0300] {logging_mixin.py:188} INFO - [2024-03-02T09:54:30.457-0300] {dag.py:3834} INFO - Setting next_dagrun for example_nested_branch_dag to 2024-03-01 00:00:00+00:00, run_after=2024-03-02 00:00:00+00:00
[2024-03-02T09:54:30.480-0300] {processor.py:183} INFO - Processing /home/victor/Área de Trabalho/airflow/venv/lib/python3.10/site-packages/airflow/example_dags/example_nested_branch_dag.py took 0.092 seconds
[2024-03-02T09:55:01.038-0300] {processor.py:161} INFO - Started process (PID=24742) to work on /home/victor/Área de Trabalho/airflow/venv/lib/python3.10/site-packages/airflow/example_dags/example_nested_branch_dag.py
[2024-03-02T09:55:01.039-0300] {processor.py:830} INFO - Processing file /home/victor/Área de Trabalho/airflow/venv/lib/python3.10/site-packages/airflow/example_dags/example_nested_branch_dag.py for tasks to queue
[2024-03-02T09:55:01.040-0300] {logging_mixin.py:188} INFO - [2024-03-02T09:55:01.039-0300] {dagbag.py:540} INFO - Filling up the DagBag from /home/victor/Área de Trabalho/airflow/venv/lib/python3.10/site-packages/airflow/example_dags/example_nested_branch_dag.py
[2024-03-02T09:55:01.049-0300] {processor.py:840} INFO - DAG(s) 'example_nested_branch_dag' retrieved from /home/victor/Área de Trabalho/airflow/venv/lib/python3.10/site-packages/airflow/example_dags/example_nested_branch_dag.py
[2024-03-02T09:55:01.080-0300] {logging_mixin.py:188} INFO - [2024-03-02T09:55:01.079-0300] {dag.py:3047} INFO - Sync 1 DAGs
[2024-03-02T09:55:01.107-0300] {logging_mixin.py:188} INFO - [2024-03-02T09:55:01.107-0300] {dag.py:3834} INFO - Setting next_dagrun for example_nested_branch_dag to 2024-03-01 00:00:00+00:00, run_after=2024-03-02 00:00:00+00:00
[2024-03-02T09:55:01.129-0300] {processor.py:183} INFO - Processing /home/victor/Área de Trabalho/airflow/venv/lib/python3.10/site-packages/airflow/example_dags/example_nested_branch_dag.py took 0.094 seconds
[2024-03-02T09:55:31.772-0300] {processor.py:161} INFO - Started process (PID=25211) to work on /home/victor/Área de Trabalho/airflow/venv/lib/python3.10/site-packages/airflow/example_dags/example_nested_branch_dag.py
[2024-03-02T09:55:31.772-0300] {processor.py:830} INFO - Processing file /home/victor/Área de Trabalho/airflow/venv/lib/python3.10/site-packages/airflow/example_dags/example_nested_branch_dag.py for tasks to queue
[2024-03-02T09:55:31.773-0300] {logging_mixin.py:188} INFO - [2024-03-02T09:55:31.773-0300] {dagbag.py:540} INFO - Filling up the DagBag from /home/victor/Área de Trabalho/airflow/venv/lib/python3.10/site-packages/airflow/example_dags/example_nested_branch_dag.py
[2024-03-02T09:55:31.782-0300] {processor.py:840} INFO - DAG(s) 'example_nested_branch_dag' retrieved from /home/victor/Área de Trabalho/airflow/venv/lib/python3.10/site-packages/airflow/example_dags/example_nested_branch_dag.py
[2024-03-02T09:55:31.810-0300] {logging_mixin.py:188} INFO - [2024-03-02T09:55:31.809-0300] {dag.py:3047} INFO - Sync 1 DAGs
[2024-03-02T09:55:31.831-0300] {logging_mixin.py:188} INFO - [2024-03-02T09:55:31.831-0300] {dag.py:3834} INFO - Setting next_dagrun for example_nested_branch_dag to 2024-03-01 00:00:00+00:00, run_after=2024-03-02 00:00:00+00:00
[2024-03-02T09:55:31.850-0300] {processor.py:183} INFO - Processing /home/victor/Área de Trabalho/airflow/venv/lib/python3.10/site-packages/airflow/example_dags/example_nested_branch_dag.py took 0.081 seconds
[2024-03-02T09:56:02.217-0300] {processor.py:161} INFO - Started process (PID=25717) to work on /home/victor/Área de Trabalho/airflow/venv/lib/python3.10/site-packages/airflow/example_dags/example_nested_branch_dag.py
[2024-03-02T09:56:02.217-0300] {processor.py:830} INFO - Processing file /home/victor/Área de Trabalho/airflow/venv/lib/python3.10/site-packages/airflow/example_dags/example_nested_branch_dag.py for tasks to queue
[2024-03-02T09:56:02.218-0300] {logging_mixin.py:188} INFO - [2024-03-02T09:56:02.218-0300] {dagbag.py:540} INFO - Filling up the DagBag from /home/victor/Área de Trabalho/airflow/venv/lib/python3.10/site-packages/airflow/example_dags/example_nested_branch_dag.py
[2024-03-02T09:56:02.226-0300] {processor.py:840} INFO - DAG(s) 'example_nested_branch_dag' retrieved from /home/victor/Área de Trabalho/airflow/venv/lib/python3.10/site-packages/airflow/example_dags/example_nested_branch_dag.py
[2024-03-02T09:56:02.252-0300] {logging_mixin.py:188} INFO - [2024-03-02T09:56:02.252-0300] {dag.py:3047} INFO - Sync 1 DAGs
[2024-03-02T09:56:02.273-0300] {logging_mixin.py:188} INFO - [2024-03-02T09:56:02.273-0300] {dag.py:3834} INFO - Setting next_dagrun for example_nested_branch_dag to 2024-03-01 00:00:00+00:00, run_after=2024-03-02 00:00:00+00:00
[2024-03-02T09:56:02.295-0300] {processor.py:183} INFO - Processing /home/victor/Área de Trabalho/airflow/venv/lib/python3.10/site-packages/airflow/example_dags/example_nested_branch_dag.py took 0.081 seconds
[2024-03-02T09:56:32.374-0300] {processor.py:161} INFO - Started process (PID=26033) to work on /home/victor/Área de Trabalho/airflow/venv/lib/python3.10/site-packages/airflow/example_dags/example_nested_branch_dag.py
[2024-03-02T09:56:32.375-0300] {processor.py:830} INFO - Processing file /home/victor/Área de Trabalho/airflow/venv/lib/python3.10/site-packages/airflow/example_dags/example_nested_branch_dag.py for tasks to queue
[2024-03-02T09:56:32.376-0300] {logging_mixin.py:188} INFO - [2024-03-02T09:56:32.375-0300] {dagbag.py:540} INFO - Filling up the DagBag from /home/victor/Área de Trabalho/airflow/venv/lib/python3.10/site-packages/airflow/example_dags/example_nested_branch_dag.py
[2024-03-02T09:56:32.383-0300] {processor.py:840} INFO - DAG(s) 'example_nested_branch_dag' retrieved from /home/victor/Área de Trabalho/airflow/venv/lib/python3.10/site-packages/airflow/example_dags/example_nested_branch_dag.py
[2024-03-02T09:56:32.409-0300] {logging_mixin.py:188} INFO - [2024-03-02T09:56:32.409-0300] {dag.py:3047} INFO - Sync 1 DAGs
[2024-03-02T09:56:32.429-0300] {logging_mixin.py:188} INFO - [2024-03-02T09:56:32.428-0300] {dag.py:3834} INFO - Setting next_dagrun for example_nested_branch_dag to 2024-03-01 00:00:00+00:00, run_after=2024-03-02 00:00:00+00:00
[2024-03-02T09:56:32.444-0300] {processor.py:183} INFO - Processing /home/victor/Área de Trabalho/airflow/venv/lib/python3.10/site-packages/airflow/example_dags/example_nested_branch_dag.py took 0.073 seconds
[2024-03-02T09:57:02.619-0300] {processor.py:161} INFO - Started process (PID=26510) to work on /home/victor/Área de Trabalho/airflow/venv/lib/python3.10/site-packages/airflow/example_dags/example_nested_branch_dag.py
[2024-03-02T09:57:02.620-0300] {processor.py:830} INFO - Processing file /home/victor/Área de Trabalho/airflow/venv/lib/python3.10/site-packages/airflow/example_dags/example_nested_branch_dag.py for tasks to queue
[2024-03-02T09:57:02.621-0300] {logging_mixin.py:188} INFO - [2024-03-02T09:57:02.621-0300] {dagbag.py:540} INFO - Filling up the DagBag from /home/victor/Área de Trabalho/airflow/venv/lib/python3.10/site-packages/airflow/example_dags/example_nested_branch_dag.py
[2024-03-02T09:57:02.629-0300] {processor.py:840} INFO - DAG(s) 'example_nested_branch_dag' retrieved from /home/victor/Área de Trabalho/airflow/venv/lib/python3.10/site-packages/airflow/example_dags/example_nested_branch_dag.py
[2024-03-02T09:57:02.655-0300] {logging_mixin.py:188} INFO - [2024-03-02T09:57:02.655-0300] {dag.py:3047} INFO - Sync 1 DAGs
[2024-03-02T09:57:02.676-0300] {logging_mixin.py:188} INFO - [2024-03-02T09:57:02.676-0300] {dag.py:3834} INFO - Setting next_dagrun for example_nested_branch_dag to 2024-03-01 00:00:00+00:00, run_after=2024-03-02 00:00:00+00:00
[2024-03-02T09:57:02.694-0300] {processor.py:183} INFO - Processing /home/victor/Área de Trabalho/airflow/venv/lib/python3.10/site-packages/airflow/example_dags/example_nested_branch_dag.py took 0.078 seconds
[2024-03-02T09:57:33.193-0300] {processor.py:161} INFO - Started process (PID=26992) to work on /home/victor/Área de Trabalho/airflow/venv/lib/python3.10/site-packages/airflow/example_dags/example_nested_branch_dag.py
[2024-03-02T09:57:33.194-0300] {processor.py:830} INFO - Processing file /home/victor/Área de Trabalho/airflow/venv/lib/python3.10/site-packages/airflow/example_dags/example_nested_branch_dag.py for tasks to queue
[2024-03-02T09:57:33.194-0300] {logging_mixin.py:188} INFO - [2024-03-02T09:57:33.194-0300] {dagbag.py:540} INFO - Filling up the DagBag from /home/victor/Área de Trabalho/airflow/venv/lib/python3.10/site-packages/airflow/example_dags/example_nested_branch_dag.py
[2024-03-02T09:57:33.203-0300] {processor.py:840} INFO - DAG(s) 'example_nested_branch_dag' retrieved from /home/victor/Área de Trabalho/airflow/venv/lib/python3.10/site-packages/airflow/example_dags/example_nested_branch_dag.py
[2024-03-02T09:57:33.230-0300] {logging_mixin.py:188} INFO - [2024-03-02T09:57:33.229-0300] {dag.py:3047} INFO - Sync 1 DAGs
[2024-03-02T09:57:33.251-0300] {logging_mixin.py:188} INFO - [2024-03-02T09:57:33.251-0300] {dag.py:3834} INFO - Setting next_dagrun for example_nested_branch_dag to 2024-03-01 00:00:00+00:00, run_after=2024-03-02 00:00:00+00:00
[2024-03-02T09:57:33.268-0300] {processor.py:183} INFO - Processing /home/victor/Área de Trabalho/airflow/venv/lib/python3.10/site-packages/airflow/example_dags/example_nested_branch_dag.py took 0.077 seconds
[2024-03-02T09:58:04.000-0300] {processor.py:161} INFO - Started process (PID=27535) to work on /home/victor/Área de Trabalho/airflow/venv/lib/python3.10/site-packages/airflow/example_dags/example_nested_branch_dag.py
[2024-03-02T09:58:04.001-0300] {processor.py:830} INFO - Processing file /home/victor/Área de Trabalho/airflow/venv/lib/python3.10/site-packages/airflow/example_dags/example_nested_branch_dag.py for tasks to queue
[2024-03-02T09:58:04.001-0300] {logging_mixin.py:188} INFO - [2024-03-02T09:58:04.001-0300] {dagbag.py:540} INFO - Filling up the DagBag from /home/victor/Área de Trabalho/airflow/venv/lib/python3.10/site-packages/airflow/example_dags/example_nested_branch_dag.py
[2024-03-02T09:58:04.012-0300] {processor.py:840} INFO - DAG(s) 'example_nested_branch_dag' retrieved from /home/victor/Área de Trabalho/airflow/venv/lib/python3.10/site-packages/airflow/example_dags/example_nested_branch_dag.py
[2024-03-02T09:58:04.044-0300] {logging_mixin.py:188} INFO - [2024-03-02T09:58:04.044-0300] {dag.py:3047} INFO - Sync 1 DAGs
[2024-03-02T09:58:04.072-0300] {logging_mixin.py:188} INFO - [2024-03-02T09:58:04.071-0300] {dag.py:3834} INFO - Setting next_dagrun for example_nested_branch_dag to 2024-03-01 00:00:00+00:00, run_after=2024-03-02 00:00:00+00:00
[2024-03-02T09:58:04.094-0300] {processor.py:183} INFO - Processing /home/victor/Área de Trabalho/airflow/venv/lib/python3.10/site-packages/airflow/example_dags/example_nested_branch_dag.py took 0.098 seconds
[2024-03-02T09:58:34.619-0300] {processor.py:161} INFO - Started process (PID=28890) to work on /home/victor/Área de Trabalho/airflow/venv/lib/python3.10/site-packages/airflow/example_dags/example_nested_branch_dag.py
[2024-03-02T09:58:34.620-0300] {processor.py:830} INFO - Processing file /home/victor/Área de Trabalho/airflow/venv/lib/python3.10/site-packages/airflow/example_dags/example_nested_branch_dag.py for tasks to queue
[2024-03-02T09:58:34.621-0300] {logging_mixin.py:188} INFO - [2024-03-02T09:58:34.620-0300] {dagbag.py:540} INFO - Filling up the DagBag from /home/victor/Área de Trabalho/airflow/venv/lib/python3.10/site-packages/airflow/example_dags/example_nested_branch_dag.py
[2024-03-02T09:58:34.629-0300] {processor.py:840} INFO - DAG(s) 'example_nested_branch_dag' retrieved from /home/victor/Área de Trabalho/airflow/venv/lib/python3.10/site-packages/airflow/example_dags/example_nested_branch_dag.py
[2024-03-02T09:58:34.663-0300] {logging_mixin.py:188} INFO - [2024-03-02T09:58:34.663-0300] {dag.py:3047} INFO - Sync 1 DAGs
[2024-03-02T09:58:34.686-0300] {logging_mixin.py:188} INFO - [2024-03-02T09:58:34.686-0300] {dag.py:3834} INFO - Setting next_dagrun for example_nested_branch_dag to 2024-03-01 00:00:00+00:00, run_after=2024-03-02 00:00:00+00:00
[2024-03-02T09:58:34.706-0300] {processor.py:183} INFO - Processing /home/victor/Área de Trabalho/airflow/venv/lib/python3.10/site-packages/airflow/example_dags/example_nested_branch_dag.py took 0.091 seconds
[2024-03-02T09:59:05.196-0300] {processor.py:161} INFO - Started process (PID=29424) to work on /home/victor/Área de Trabalho/airflow/venv/lib/python3.10/site-packages/airflow/example_dags/example_nested_branch_dag.py
[2024-03-02T09:59:05.197-0300] {processor.py:830} INFO - Processing file /home/victor/Área de Trabalho/airflow/venv/lib/python3.10/site-packages/airflow/example_dags/example_nested_branch_dag.py for tasks to queue
[2024-03-02T09:59:05.198-0300] {logging_mixin.py:188} INFO - [2024-03-02T09:59:05.197-0300] {dagbag.py:540} INFO - Filling up the DagBag from /home/victor/Área de Trabalho/airflow/venv/lib/python3.10/site-packages/airflow/example_dags/example_nested_branch_dag.py
[2024-03-02T09:59:05.207-0300] {processor.py:840} INFO - DAG(s) 'example_nested_branch_dag' retrieved from /home/victor/Área de Trabalho/airflow/venv/lib/python3.10/site-packages/airflow/example_dags/example_nested_branch_dag.py
[2024-03-02T09:59:05.237-0300] {logging_mixin.py:188} INFO - [2024-03-02T09:59:05.236-0300] {dag.py:3047} INFO - Sync 1 DAGs
[2024-03-02T09:59:05.261-0300] {logging_mixin.py:188} INFO - [2024-03-02T09:59:05.260-0300] {dag.py:3834} INFO - Setting next_dagrun for example_nested_branch_dag to 2024-03-01 00:00:00+00:00, run_after=2024-03-02 00:00:00+00:00
[2024-03-02T09:59:05.280-0300] {processor.py:183} INFO - Processing /home/victor/Área de Trabalho/airflow/venv/lib/python3.10/site-packages/airflow/example_dags/example_nested_branch_dag.py took 0.087 seconds
