[2024-03-02T09:36:59.025-0300] {processor.py:161} INFO - Started process (PID=7958) to work on /home/victor/Área de Trabalho/airflow/venv/lib/python3.10/site-packages/airflow/example_dags/example_external_task_marker_dag.py
[2024-03-02T09:36:59.026-0300] {processor.py:830} INFO - Processing file /home/victor/Área de Trabalho/airflow/venv/lib/python3.10/site-packages/airflow/example_dags/example_external_task_marker_dag.py for tasks to queue
[2024-03-02T09:36:59.026-0300] {logging_mixin.py:188} INFO - [2024-03-02T09:36:59.026-0300] {dagbag.py:540} INFO - Filling up the DagBag from /home/victor/Área de Trabalho/airflow/venv/lib/python3.10/site-packages/airflow/example_dags/example_external_task_marker_dag.py
[2024-03-02T09:36:59.031-0300] {processor.py:840} INFO - DAG(s) 'example_external_task_marker_parent', 'example_external_task_marker_child' retrieved from /home/victor/Área de Trabalho/airflow/venv/lib/python3.10/site-packages/airflow/example_dags/example_external_task_marker_dag.py
[2024-03-02T09:36:59.053-0300] {logging_mixin.py:188} INFO - [2024-03-02T09:36:59.052-0300] {dag.py:3047} INFO - Sync 2 DAGs
[2024-03-02T09:36:59.068-0300] {logging_mixin.py:188} INFO - [2024-03-02T09:36:59.068-0300] {dag.py:3834} INFO - Setting next_dagrun for example_external_task_marker_child to None, run_after=None
[2024-03-02T09:36:59.078-0300] {logging_mixin.py:188} INFO - [2024-03-02T09:36:59.078-0300] {dag.py:3834} INFO - Setting next_dagrun for example_external_task_marker_parent to None, run_after=None
[2024-03-02T09:36:59.095-0300] {processor.py:183} INFO - Processing /home/victor/Área de Trabalho/airflow/venv/lib/python3.10/site-packages/airflow/example_dags/example_external_task_marker_dag.py took 0.073 seconds
[2024-03-02T09:37:30.380-0300] {processor.py:161} INFO - Started process (PID=9369) to work on /home/victor/Área de Trabalho/airflow/venv/lib/python3.10/site-packages/airflow/example_dags/example_external_task_marker_dag.py
[2024-03-02T09:37:30.380-0300] {processor.py:830} INFO - Processing file /home/victor/Área de Trabalho/airflow/venv/lib/python3.10/site-packages/airflow/example_dags/example_external_task_marker_dag.py for tasks to queue
[2024-03-02T09:37:30.381-0300] {logging_mixin.py:188} INFO - [2024-03-02T09:37:30.381-0300] {dagbag.py:540} INFO - Filling up the DagBag from /home/victor/Área de Trabalho/airflow/venv/lib/python3.10/site-packages/airflow/example_dags/example_external_task_marker_dag.py
[2024-03-02T09:37:30.386-0300] {processor.py:840} INFO - DAG(s) 'example_external_task_marker_child', 'example_external_task_marker_parent' retrieved from /home/victor/Área de Trabalho/airflow/venv/lib/python3.10/site-packages/airflow/example_dags/example_external_task_marker_dag.py
[2024-03-02T09:37:30.494-0300] {logging_mixin.py:188} INFO - [2024-03-02T09:37:30.493-0300] {dag.py:3047} INFO - Sync 2 DAGs
[2024-03-02T09:37:30.505-0300] {logging_mixin.py:188} INFO - [2024-03-02T09:37:30.505-0300] {dag.py:3834} INFO - Setting next_dagrun for example_external_task_marker_child to None, run_after=None
[2024-03-02T09:37:30.508-0300] {logging_mixin.py:188} INFO - [2024-03-02T09:37:30.507-0300] {dag.py:3834} INFO - Setting next_dagrun for example_external_task_marker_parent to None, run_after=None
[2024-03-02T09:37:30.524-0300] {processor.py:183} INFO - Processing /home/victor/Área de Trabalho/airflow/venv/lib/python3.10/site-packages/airflow/example_dags/example_external_task_marker_dag.py took 0.148 seconds
[2024-03-02T09:38:00.634-0300] {processor.py:161} INFO - Started process (PID=10035) to work on /home/victor/Área de Trabalho/airflow/venv/lib/python3.10/site-packages/airflow/example_dags/example_external_task_marker_dag.py
[2024-03-02T09:38:00.635-0300] {processor.py:830} INFO - Processing file /home/victor/Área de Trabalho/airflow/venv/lib/python3.10/site-packages/airflow/example_dags/example_external_task_marker_dag.py for tasks to queue
[2024-03-02T09:38:00.636-0300] {logging_mixin.py:188} INFO - [2024-03-02T09:38:00.636-0300] {dagbag.py:540} INFO - Filling up the DagBag from /home/victor/Área de Trabalho/airflow/venv/lib/python3.10/site-packages/airflow/example_dags/example_external_task_marker_dag.py
[2024-03-02T09:38:00.641-0300] {processor.py:840} INFO - DAG(s) 'example_external_task_marker_parent', 'example_external_task_marker_child' retrieved from /home/victor/Área de Trabalho/airflow/venv/lib/python3.10/site-packages/airflow/example_dags/example_external_task_marker_dag.py
[2024-03-02T09:38:00.668-0300] {logging_mixin.py:188} INFO - [2024-03-02T09:38:00.668-0300] {dag.py:3047} INFO - Sync 2 DAGs
[2024-03-02T09:38:00.680-0300] {logging_mixin.py:188} INFO - [2024-03-02T09:38:00.680-0300] {dag.py:3834} INFO - Setting next_dagrun for example_external_task_marker_child to None, run_after=None
[2024-03-02T09:38:00.683-0300] {logging_mixin.py:188} INFO - [2024-03-02T09:38:00.683-0300] {dag.py:3834} INFO - Setting next_dagrun for example_external_task_marker_parent to None, run_after=None
[2024-03-02T09:38:00.699-0300] {processor.py:183} INFO - Processing /home/victor/Área de Trabalho/airflow/venv/lib/python3.10/site-packages/airflow/example_dags/example_external_task_marker_dag.py took 0.067 seconds
[2024-03-02T09:38:32.069-0300] {processor.py:161} INFO - Started process (PID=10349) to work on /home/victor/Área de Trabalho/airflow/venv/lib/python3.10/site-packages/airflow/example_dags/example_external_task_marker_dag.py
[2024-03-02T09:38:32.070-0300] {processor.py:830} INFO - Processing file /home/victor/Área de Trabalho/airflow/venv/lib/python3.10/site-packages/airflow/example_dags/example_external_task_marker_dag.py for tasks to queue
[2024-03-02T09:38:32.071-0300] {logging_mixin.py:188} INFO - [2024-03-02T09:38:32.070-0300] {dagbag.py:540} INFO - Filling up the DagBag from /home/victor/Área de Trabalho/airflow/venv/lib/python3.10/site-packages/airflow/example_dags/example_external_task_marker_dag.py
[2024-03-02T09:38:32.076-0300] {processor.py:840} INFO - DAG(s) 'example_external_task_marker_child', 'example_external_task_marker_parent' retrieved from /home/victor/Área de Trabalho/airflow/venv/lib/python3.10/site-packages/airflow/example_dags/example_external_task_marker_dag.py
[2024-03-02T09:38:32.105-0300] {logging_mixin.py:188} INFO - [2024-03-02T09:38:32.105-0300] {dag.py:3047} INFO - Sync 2 DAGs
[2024-03-02T09:38:32.116-0300] {logging_mixin.py:188} INFO - [2024-03-02T09:38:32.116-0300] {dag.py:3834} INFO - Setting next_dagrun for example_external_task_marker_child to None, run_after=None
[2024-03-02T09:38:32.120-0300] {logging_mixin.py:188} INFO - [2024-03-02T09:38:32.120-0300] {dag.py:3834} INFO - Setting next_dagrun for example_external_task_marker_parent to None, run_after=None
[2024-03-02T09:38:32.137-0300] {processor.py:183} INFO - Processing /home/victor/Área de Trabalho/airflow/venv/lib/python3.10/site-packages/airflow/example_dags/example_external_task_marker_dag.py took 0.071 seconds
[2024-03-02T09:39:03.479-0300] {processor.py:161} INFO - Started process (PID=10912) to work on /home/victor/Área de Trabalho/airflow/venv/lib/python3.10/site-packages/airflow/example_dags/example_external_task_marker_dag.py
[2024-03-02T09:39:03.480-0300] {processor.py:830} INFO - Processing file /home/victor/Área de Trabalho/airflow/venv/lib/python3.10/site-packages/airflow/example_dags/example_external_task_marker_dag.py for tasks to queue
[2024-03-02T09:39:03.481-0300] {logging_mixin.py:188} INFO - [2024-03-02T09:39:03.481-0300] {dagbag.py:540} INFO - Filling up the DagBag from /home/victor/Área de Trabalho/airflow/venv/lib/python3.10/site-packages/airflow/example_dags/example_external_task_marker_dag.py
[2024-03-02T09:39:03.486-0300] {processor.py:840} INFO - DAG(s) 'example_external_task_marker_parent', 'example_external_task_marker_child' retrieved from /home/victor/Área de Trabalho/airflow/venv/lib/python3.10/site-packages/airflow/example_dags/example_external_task_marker_dag.py
[2024-03-02T09:39:03.523-0300] {logging_mixin.py:188} INFO - [2024-03-02T09:39:03.523-0300] {dag.py:3047} INFO - Sync 2 DAGs
[2024-03-02T09:39:03.535-0300] {logging_mixin.py:188} INFO - [2024-03-02T09:39:03.535-0300] {dag.py:3834} INFO - Setting next_dagrun for example_external_task_marker_child to None, run_after=None
[2024-03-02T09:39:03.539-0300] {logging_mixin.py:188} INFO - [2024-03-02T09:39:03.539-0300] {dag.py:3834} INFO - Setting next_dagrun for example_external_task_marker_parent to None, run_after=None
[2024-03-02T09:39:03.556-0300] {processor.py:183} INFO - Processing /home/victor/Área de Trabalho/airflow/venv/lib/python3.10/site-packages/airflow/example_dags/example_external_task_marker_dag.py took 0.080 seconds
[2024-03-02T09:39:34.642-0300] {processor.py:161} INFO - Started process (PID=11507) to work on /home/victor/Área de Trabalho/airflow/venv/lib/python3.10/site-packages/airflow/example_dags/example_external_task_marker_dag.py
[2024-03-02T09:39:34.643-0300] {processor.py:830} INFO - Processing file /home/victor/Área de Trabalho/airflow/venv/lib/python3.10/site-packages/airflow/example_dags/example_external_task_marker_dag.py for tasks to queue
[2024-03-02T09:39:34.644-0300] {logging_mixin.py:188} INFO - [2024-03-02T09:39:34.644-0300] {dagbag.py:540} INFO - Filling up the DagBag from /home/victor/Área de Trabalho/airflow/venv/lib/python3.10/site-packages/airflow/example_dags/example_external_task_marker_dag.py
[2024-03-02T09:39:34.649-0300] {processor.py:840} INFO - DAG(s) 'example_external_task_marker_parent', 'example_external_task_marker_child' retrieved from /home/victor/Área de Trabalho/airflow/venv/lib/python3.10/site-packages/airflow/example_dags/example_external_task_marker_dag.py
[2024-03-02T09:39:34.676-0300] {logging_mixin.py:188} INFO - [2024-03-02T09:39:34.676-0300] {dag.py:3047} INFO - Sync 2 DAGs
[2024-03-02T09:39:34.687-0300] {logging_mixin.py:188} INFO - [2024-03-02T09:39:34.687-0300] {dag.py:3834} INFO - Setting next_dagrun for example_external_task_marker_child to None, run_after=None
[2024-03-02T09:39:34.691-0300] {logging_mixin.py:188} INFO - [2024-03-02T09:39:34.691-0300] {dag.py:3834} INFO - Setting next_dagrun for example_external_task_marker_parent to None, run_after=None
[2024-03-02T09:39:34.706-0300] {processor.py:183} INFO - Processing /home/victor/Área de Trabalho/airflow/venv/lib/python3.10/site-packages/airflow/example_dags/example_external_task_marker_dag.py took 0.067 seconds
[2024-03-02T09:40:05.934-0300] {processor.py:161} INFO - Started process (PID=11983) to work on /home/victor/Área de Trabalho/airflow/venv/lib/python3.10/site-packages/airflow/example_dags/example_external_task_marker_dag.py
[2024-03-02T09:40:05.935-0300] {processor.py:830} INFO - Processing file /home/victor/Área de Trabalho/airflow/venv/lib/python3.10/site-packages/airflow/example_dags/example_external_task_marker_dag.py for tasks to queue
[2024-03-02T09:40:05.935-0300] {logging_mixin.py:188} INFO - [2024-03-02T09:40:05.935-0300] {dagbag.py:540} INFO - Filling up the DagBag from /home/victor/Área de Trabalho/airflow/venv/lib/python3.10/site-packages/airflow/example_dags/example_external_task_marker_dag.py
[2024-03-02T09:40:05.940-0300] {processor.py:840} INFO - DAG(s) 'example_external_task_marker_child', 'example_external_task_marker_parent' retrieved from /home/victor/Área de Trabalho/airflow/venv/lib/python3.10/site-packages/airflow/example_dags/example_external_task_marker_dag.py
[2024-03-02T09:40:05.967-0300] {logging_mixin.py:188} INFO - [2024-03-02T09:40:05.967-0300] {dag.py:3047} INFO - Sync 2 DAGs
[2024-03-02T09:40:05.978-0300] {logging_mixin.py:188} INFO - [2024-03-02T09:40:05.978-0300] {dag.py:3834} INFO - Setting next_dagrun for example_external_task_marker_child to None, run_after=None
[2024-03-02T09:40:05.982-0300] {logging_mixin.py:188} INFO - [2024-03-02T09:40:05.981-0300] {dag.py:3834} INFO - Setting next_dagrun for example_external_task_marker_parent to None, run_after=None
[2024-03-02T09:40:05.997-0300] {processor.py:183} INFO - Processing /home/victor/Área de Trabalho/airflow/venv/lib/python3.10/site-packages/airflow/example_dags/example_external_task_marker_dag.py took 0.066 seconds
[2024-03-02T09:40:37.362-0300] {processor.py:161} INFO - Started process (PID=12359) to work on /home/victor/Área de Trabalho/airflow/venv/lib/python3.10/site-packages/airflow/example_dags/example_external_task_marker_dag.py
[2024-03-02T09:40:37.363-0300] {processor.py:830} INFO - Processing file /home/victor/Área de Trabalho/airflow/venv/lib/python3.10/site-packages/airflow/example_dags/example_external_task_marker_dag.py for tasks to queue
[2024-03-02T09:40:37.364-0300] {logging_mixin.py:188} INFO - [2024-03-02T09:40:37.364-0300] {dagbag.py:540} INFO - Filling up the DagBag from /home/victor/Área de Trabalho/airflow/venv/lib/python3.10/site-packages/airflow/example_dags/example_external_task_marker_dag.py
[2024-03-02T09:40:37.369-0300] {processor.py:840} INFO - DAG(s) 'example_external_task_marker_parent', 'example_external_task_marker_child' retrieved from /home/victor/Área de Trabalho/airflow/venv/lib/python3.10/site-packages/airflow/example_dags/example_external_task_marker_dag.py
[2024-03-02T09:40:37.400-0300] {logging_mixin.py:188} INFO - [2024-03-02T09:40:37.400-0300] {dag.py:3047} INFO - Sync 2 DAGs
[2024-03-02T09:40:37.412-0300] {logging_mixin.py:188} INFO - [2024-03-02T09:40:37.412-0300] {dag.py:3834} INFO - Setting next_dagrun for example_external_task_marker_child to None, run_after=None
[2024-03-02T09:40:37.416-0300] {logging_mixin.py:188} INFO - [2024-03-02T09:40:37.415-0300] {dag.py:3834} INFO - Setting next_dagrun for example_external_task_marker_parent to None, run_after=None
[2024-03-02T09:40:37.434-0300] {processor.py:183} INFO - Processing /home/victor/Área de Trabalho/airflow/venv/lib/python3.10/site-packages/airflow/example_dags/example_external_task_marker_dag.py took 0.075 seconds
[2024-03-02T09:41:08.393-0300] {processor.py:161} INFO - Started process (PID=12837) to work on /home/victor/Área de Trabalho/airflow/venv/lib/python3.10/site-packages/airflow/example_dags/example_external_task_marker_dag.py
[2024-03-02T09:41:08.394-0300] {processor.py:830} INFO - Processing file /home/victor/Área de Trabalho/airflow/venv/lib/python3.10/site-packages/airflow/example_dags/example_external_task_marker_dag.py for tasks to queue
[2024-03-02T09:41:08.395-0300] {logging_mixin.py:188} INFO - [2024-03-02T09:41:08.394-0300] {dagbag.py:540} INFO - Filling up the DagBag from /home/victor/Área de Trabalho/airflow/venv/lib/python3.10/site-packages/airflow/example_dags/example_external_task_marker_dag.py
[2024-03-02T09:41:08.400-0300] {processor.py:840} INFO - DAG(s) 'example_external_task_marker_child', 'example_external_task_marker_parent' retrieved from /home/victor/Área de Trabalho/airflow/venv/lib/python3.10/site-packages/airflow/example_dags/example_external_task_marker_dag.py
[2024-03-02T09:41:08.433-0300] {logging_mixin.py:188} INFO - [2024-03-02T09:41:08.432-0300] {dag.py:3047} INFO - Sync 2 DAGs
[2024-03-02T09:41:08.445-0300] {logging_mixin.py:188} INFO - [2024-03-02T09:41:08.445-0300] {dag.py:3834} INFO - Setting next_dagrun for example_external_task_marker_child to None, run_after=None
[2024-03-02T09:41:08.449-0300] {logging_mixin.py:188} INFO - [2024-03-02T09:41:08.449-0300] {dag.py:3834} INFO - Setting next_dagrun for example_external_task_marker_parent to None, run_after=None
[2024-03-02T09:41:08.466-0300] {processor.py:183} INFO - Processing /home/victor/Área de Trabalho/airflow/venv/lib/python3.10/site-packages/airflow/example_dags/example_external_task_marker_dag.py took 0.076 seconds
[2024-03-02T09:41:39.096-0300] {processor.py:161} INFO - Started process (PID=13152) to work on /home/victor/Área de Trabalho/airflow/venv/lib/python3.10/site-packages/airflow/example_dags/example_external_task_marker_dag.py
[2024-03-02T09:41:39.097-0300] {processor.py:830} INFO - Processing file /home/victor/Área de Trabalho/airflow/venv/lib/python3.10/site-packages/airflow/example_dags/example_external_task_marker_dag.py for tasks to queue
[2024-03-02T09:41:39.097-0300] {logging_mixin.py:188} INFO - [2024-03-02T09:41:39.097-0300] {dagbag.py:540} INFO - Filling up the DagBag from /home/victor/Área de Trabalho/airflow/venv/lib/python3.10/site-packages/airflow/example_dags/example_external_task_marker_dag.py
[2024-03-02T09:41:39.104-0300] {processor.py:840} INFO - DAG(s) 'example_external_task_marker_parent', 'example_external_task_marker_child' retrieved from /home/victor/Área de Trabalho/airflow/venv/lib/python3.10/site-packages/airflow/example_dags/example_external_task_marker_dag.py
[2024-03-02T09:41:39.135-0300] {logging_mixin.py:188} INFO - [2024-03-02T09:41:39.134-0300] {dag.py:3047} INFO - Sync 2 DAGs
[2024-03-02T09:41:39.147-0300] {logging_mixin.py:188} INFO - [2024-03-02T09:41:39.146-0300] {dag.py:3834} INFO - Setting next_dagrun for example_external_task_marker_child to None, run_after=None
[2024-03-02T09:41:39.150-0300] {logging_mixin.py:188} INFO - [2024-03-02T09:41:39.150-0300] {dag.py:3834} INFO - Setting next_dagrun for example_external_task_marker_parent to None, run_after=None
[2024-03-02T09:41:39.169-0300] {processor.py:183} INFO - Processing /home/victor/Área de Trabalho/airflow/venv/lib/python3.10/site-packages/airflow/example_dags/example_external_task_marker_dag.py took 0.076 seconds
[2024-03-02T09:42:09.997-0300] {processor.py:161} INFO - Started process (PID=13788) to work on /home/victor/Área de Trabalho/airflow/venv/lib/python3.10/site-packages/airflow/example_dags/example_external_task_marker_dag.py
[2024-03-02T09:42:09.998-0300] {processor.py:830} INFO - Processing file /home/victor/Área de Trabalho/airflow/venv/lib/python3.10/site-packages/airflow/example_dags/example_external_task_marker_dag.py for tasks to queue
[2024-03-02T09:42:09.999-0300] {logging_mixin.py:188} INFO - [2024-03-02T09:42:09.998-0300] {dagbag.py:540} INFO - Filling up the DagBag from /home/victor/Área de Trabalho/airflow/venv/lib/python3.10/site-packages/airflow/example_dags/example_external_task_marker_dag.py
[2024-03-02T09:42:10.004-0300] {processor.py:840} INFO - DAG(s) 'example_external_task_marker_child', 'example_external_task_marker_parent' retrieved from /home/victor/Área de Trabalho/airflow/venv/lib/python3.10/site-packages/airflow/example_dags/example_external_task_marker_dag.py
[2024-03-02T09:42:10.040-0300] {logging_mixin.py:188} INFO - [2024-03-02T09:42:10.040-0300] {dag.py:3047} INFO - Sync 2 DAGs
[2024-03-02T09:42:10.053-0300] {logging_mixin.py:188} INFO - [2024-03-02T09:42:10.052-0300] {dag.py:3834} INFO - Setting next_dagrun for example_external_task_marker_child to None, run_after=None
[2024-03-02T09:42:10.058-0300] {logging_mixin.py:188} INFO - [2024-03-02T09:42:10.057-0300] {dag.py:3834} INFO - Setting next_dagrun for example_external_task_marker_parent to None, run_after=None
[2024-03-02T09:42:10.077-0300] {processor.py:183} INFO - Processing /home/victor/Área de Trabalho/airflow/venv/lib/python3.10/site-packages/airflow/example_dags/example_external_task_marker_dag.py took 0.084 seconds
[2024-03-02T09:42:40.819-0300] {processor.py:161} INFO - Started process (PID=14104) to work on /home/victor/Área de Trabalho/airflow/venv/lib/python3.10/site-packages/airflow/example_dags/example_external_task_marker_dag.py
[2024-03-02T09:42:40.820-0300] {processor.py:830} INFO - Processing file /home/victor/Área de Trabalho/airflow/venv/lib/python3.10/site-packages/airflow/example_dags/example_external_task_marker_dag.py for tasks to queue
[2024-03-02T09:42:40.821-0300] {logging_mixin.py:188} INFO - [2024-03-02T09:42:40.821-0300] {dagbag.py:540} INFO - Filling up the DagBag from /home/victor/Área de Trabalho/airflow/venv/lib/python3.10/site-packages/airflow/example_dags/example_external_task_marker_dag.py
[2024-03-02T09:42:40.828-0300] {processor.py:840} INFO - DAG(s) 'example_external_task_marker_parent', 'example_external_task_marker_child' retrieved from /home/victor/Área de Trabalho/airflow/venv/lib/python3.10/site-packages/airflow/example_dags/example_external_task_marker_dag.py
[2024-03-02T09:42:40.859-0300] {logging_mixin.py:188} INFO - [2024-03-02T09:42:40.859-0300] {dag.py:3047} INFO - Sync 2 DAGs
[2024-03-02T09:42:40.871-0300] {logging_mixin.py:188} INFO - [2024-03-02T09:42:40.871-0300] {dag.py:3834} INFO - Setting next_dagrun for example_external_task_marker_child to None, run_after=None
[2024-03-02T09:42:40.875-0300] {logging_mixin.py:188} INFO - [2024-03-02T09:42:40.875-0300] {dag.py:3834} INFO - Setting next_dagrun for example_external_task_marker_parent to None, run_after=None
[2024-03-02T09:42:40.899-0300] {processor.py:183} INFO - Processing /home/victor/Área de Trabalho/airflow/venv/lib/python3.10/site-packages/airflow/example_dags/example_external_task_marker_dag.py took 0.083 seconds
[2024-03-02T09:43:11.977-0300] {processor.py:161} INFO - Started process (PID=14584) to work on /home/victor/Área de Trabalho/airflow/venv/lib/python3.10/site-packages/airflow/example_dags/example_external_task_marker_dag.py
[2024-03-02T09:43:11.978-0300] {processor.py:830} INFO - Processing file /home/victor/Área de Trabalho/airflow/venv/lib/python3.10/site-packages/airflow/example_dags/example_external_task_marker_dag.py for tasks to queue
[2024-03-02T09:43:11.979-0300] {logging_mixin.py:188} INFO - [2024-03-02T09:43:11.978-0300] {dagbag.py:540} INFO - Filling up the DagBag from /home/victor/Área de Trabalho/airflow/venv/lib/python3.10/site-packages/airflow/example_dags/example_external_task_marker_dag.py
[2024-03-02T09:43:11.988-0300] {processor.py:840} INFO - DAG(s) 'example_external_task_marker_child', 'example_external_task_marker_parent' retrieved from /home/victor/Área de Trabalho/airflow/venv/lib/python3.10/site-packages/airflow/example_dags/example_external_task_marker_dag.py
[2024-03-02T09:43:12.023-0300] {logging_mixin.py:188} INFO - [2024-03-02T09:43:12.023-0300] {dag.py:3047} INFO - Sync 2 DAGs
[2024-03-02T09:43:12.036-0300] {logging_mixin.py:188} INFO - [2024-03-02T09:43:12.036-0300] {dag.py:3834} INFO - Setting next_dagrun for example_external_task_marker_child to None, run_after=None
[2024-03-02T09:43:12.040-0300] {logging_mixin.py:188} INFO - [2024-03-02T09:43:12.040-0300] {dag.py:3834} INFO - Setting next_dagrun for example_external_task_marker_parent to None, run_after=None
[2024-03-02T09:43:12.063-0300] {processor.py:183} INFO - Processing /home/victor/Área de Trabalho/airflow/venv/lib/python3.10/site-packages/airflow/example_dags/example_external_task_marker_dag.py took 0.089 seconds
[2024-03-02T09:43:42.691-0300] {processor.py:161} INFO - Started process (PID=14908) to work on /home/victor/Área de Trabalho/airflow/venv/lib/python3.10/site-packages/airflow/example_dags/example_external_task_marker_dag.py
[2024-03-02T09:43:42.692-0300] {processor.py:830} INFO - Processing file /home/victor/Área de Trabalho/airflow/venv/lib/python3.10/site-packages/airflow/example_dags/example_external_task_marker_dag.py for tasks to queue
[2024-03-02T09:43:42.692-0300] {logging_mixin.py:188} INFO - [2024-03-02T09:43:42.692-0300] {dagbag.py:540} INFO - Filling up the DagBag from /home/victor/Área de Trabalho/airflow/venv/lib/python3.10/site-packages/airflow/example_dags/example_external_task_marker_dag.py
[2024-03-02T09:43:42.698-0300] {processor.py:840} INFO - DAG(s) 'example_external_task_marker_child', 'example_external_task_marker_parent' retrieved from /home/victor/Área de Trabalho/airflow/venv/lib/python3.10/site-packages/airflow/example_dags/example_external_task_marker_dag.py
[2024-03-02T09:43:42.727-0300] {logging_mixin.py:188} INFO - [2024-03-02T09:43:42.727-0300] {dag.py:3047} INFO - Sync 2 DAGs
[2024-03-02T09:43:42.739-0300] {logging_mixin.py:188} INFO - [2024-03-02T09:43:42.739-0300] {dag.py:3834} INFO - Setting next_dagrun for example_external_task_marker_child to None, run_after=None
[2024-03-02T09:43:42.743-0300] {logging_mixin.py:188} INFO - [2024-03-02T09:43:42.742-0300] {dag.py:3834} INFO - Setting next_dagrun for example_external_task_marker_parent to None, run_after=None
[2024-03-02T09:43:42.762-0300] {processor.py:183} INFO - Processing /home/victor/Área de Trabalho/airflow/venv/lib/python3.10/site-packages/airflow/example_dags/example_external_task_marker_dag.py took 0.074 seconds
[2024-03-02T09:44:14.179-0300] {processor.py:161} INFO - Started process (PID=15396) to work on /home/victor/Área de Trabalho/airflow/venv/lib/python3.10/site-packages/airflow/example_dags/example_external_task_marker_dag.py
[2024-03-02T09:44:14.180-0300] {processor.py:830} INFO - Processing file /home/victor/Área de Trabalho/airflow/venv/lib/python3.10/site-packages/airflow/example_dags/example_external_task_marker_dag.py for tasks to queue
[2024-03-02T09:44:14.181-0300] {logging_mixin.py:188} INFO - [2024-03-02T09:44:14.180-0300] {dagbag.py:540} INFO - Filling up the DagBag from /home/victor/Área de Trabalho/airflow/venv/lib/python3.10/site-packages/airflow/example_dags/example_external_task_marker_dag.py
[2024-03-02T09:44:14.186-0300] {processor.py:840} INFO - DAG(s) 'example_external_task_marker_child', 'example_external_task_marker_parent' retrieved from /home/victor/Área de Trabalho/airflow/venv/lib/python3.10/site-packages/airflow/example_dags/example_external_task_marker_dag.py
[2024-03-02T09:44:14.223-0300] {logging_mixin.py:188} INFO - [2024-03-02T09:44:14.222-0300] {dag.py:3047} INFO - Sync 2 DAGs
[2024-03-02T09:44:14.237-0300] {logging_mixin.py:188} INFO - [2024-03-02T09:44:14.237-0300] {dag.py:3834} INFO - Setting next_dagrun for example_external_task_marker_child to None, run_after=None
[2024-03-02T09:44:14.241-0300] {logging_mixin.py:188} INFO - [2024-03-02T09:44:14.241-0300] {dag.py:3834} INFO - Setting next_dagrun for example_external_task_marker_parent to None, run_after=None
[2024-03-02T09:44:14.260-0300] {processor.py:183} INFO - Processing /home/victor/Área de Trabalho/airflow/venv/lib/python3.10/site-packages/airflow/example_dags/example_external_task_marker_dag.py took 0.084 seconds
[2024-03-02T09:44:44.902-0300] {processor.py:161} INFO - Started process (PID=15715) to work on /home/victor/Área de Trabalho/airflow/venv/lib/python3.10/site-packages/airflow/example_dags/example_external_task_marker_dag.py
[2024-03-02T09:44:44.902-0300] {processor.py:830} INFO - Processing file /home/victor/Área de Trabalho/airflow/venv/lib/python3.10/site-packages/airflow/example_dags/example_external_task_marker_dag.py for tasks to queue
[2024-03-02T09:44:44.903-0300] {logging_mixin.py:188} INFO - [2024-03-02T09:44:44.903-0300] {dagbag.py:540} INFO - Filling up the DagBag from /home/victor/Área de Trabalho/airflow/venv/lib/python3.10/site-packages/airflow/example_dags/example_external_task_marker_dag.py
[2024-03-02T09:44:44.909-0300] {processor.py:840} INFO - DAG(s) 'example_external_task_marker_child', 'example_external_task_marker_parent' retrieved from /home/victor/Área de Trabalho/airflow/venv/lib/python3.10/site-packages/airflow/example_dags/example_external_task_marker_dag.py
[2024-03-02T09:44:44.941-0300] {logging_mixin.py:188} INFO - [2024-03-02T09:44:44.940-0300] {dag.py:3047} INFO - Sync 2 DAGs
[2024-03-02T09:44:44.957-0300] {logging_mixin.py:188} INFO - [2024-03-02T09:44:44.956-0300] {dag.py:3834} INFO - Setting next_dagrun for example_external_task_marker_child to None, run_after=None
[2024-03-02T09:44:44.961-0300] {logging_mixin.py:188} INFO - [2024-03-02T09:44:44.961-0300] {dag.py:3834} INFO - Setting next_dagrun for example_external_task_marker_parent to None, run_after=None
[2024-03-02T09:44:44.983-0300] {processor.py:183} INFO - Processing /home/victor/Área de Trabalho/airflow/venv/lib/python3.10/site-packages/airflow/example_dags/example_external_task_marker_dag.py took 0.084 seconds
[2024-03-02T09:45:15.825-0300] {processor.py:161} INFO - Started process (PID=16204) to work on /home/victor/Área de Trabalho/airflow/venv/lib/python3.10/site-packages/airflow/example_dags/example_external_task_marker_dag.py
[2024-03-02T09:45:15.829-0300] {processor.py:830} INFO - Processing file /home/victor/Área de Trabalho/airflow/venv/lib/python3.10/site-packages/airflow/example_dags/example_external_task_marker_dag.py for tasks to queue
[2024-03-02T09:45:15.830-0300] {logging_mixin.py:188} INFO - [2024-03-02T09:45:15.830-0300] {dagbag.py:540} INFO - Filling up the DagBag from /home/victor/Área de Trabalho/airflow/venv/lib/python3.10/site-packages/airflow/example_dags/example_external_task_marker_dag.py
[2024-03-02T09:45:15.839-0300] {processor.py:840} INFO - DAG(s) 'example_external_task_marker_child', 'example_external_task_marker_parent' retrieved from /home/victor/Área de Trabalho/airflow/venv/lib/python3.10/site-packages/airflow/example_dags/example_external_task_marker_dag.py
[2024-03-02T09:45:15.875-0300] {logging_mixin.py:188} INFO - [2024-03-02T09:45:15.875-0300] {dag.py:3047} INFO - Sync 2 DAGs
[2024-03-02T09:45:15.889-0300] {logging_mixin.py:188} INFO - [2024-03-02T09:45:15.888-0300] {dag.py:3834} INFO - Setting next_dagrun for example_external_task_marker_child to None, run_after=None
[2024-03-02T09:45:15.893-0300] {logging_mixin.py:188} INFO - [2024-03-02T09:45:15.893-0300] {dag.py:3834} INFO - Setting next_dagrun for example_external_task_marker_parent to None, run_after=None
[2024-03-02T09:45:15.915-0300] {processor.py:183} INFO - Processing /home/victor/Área de Trabalho/airflow/venv/lib/python3.10/site-packages/airflow/example_dags/example_external_task_marker_dag.py took 0.095 seconds
[2024-03-02T09:45:46.701-0300] {processor.py:161} INFO - Started process (PID=16711) to work on /home/victor/Área de Trabalho/airflow/venv/lib/python3.10/site-packages/airflow/example_dags/example_external_task_marker_dag.py
[2024-03-02T09:45:46.702-0300] {processor.py:830} INFO - Processing file /home/victor/Área de Trabalho/airflow/venv/lib/python3.10/site-packages/airflow/example_dags/example_external_task_marker_dag.py for tasks to queue
[2024-03-02T09:45:46.702-0300] {logging_mixin.py:188} INFO - [2024-03-02T09:45:46.702-0300] {dagbag.py:540} INFO - Filling up the DagBag from /home/victor/Área de Trabalho/airflow/venv/lib/python3.10/site-packages/airflow/example_dags/example_external_task_marker_dag.py
[2024-03-02T09:45:46.707-0300] {processor.py:840} INFO - DAG(s) 'example_external_task_marker_child', 'example_external_task_marker_parent' retrieved from /home/victor/Área de Trabalho/airflow/venv/lib/python3.10/site-packages/airflow/example_dags/example_external_task_marker_dag.py
[2024-03-02T09:45:46.737-0300] {logging_mixin.py:188} INFO - [2024-03-02T09:45:46.737-0300] {dag.py:3047} INFO - Sync 2 DAGs
[2024-03-02T09:45:46.749-0300] {logging_mixin.py:188} INFO - [2024-03-02T09:45:46.749-0300] {dag.py:3834} INFO - Setting next_dagrun for example_external_task_marker_child to None, run_after=None
[2024-03-02T09:45:46.753-0300] {logging_mixin.py:188} INFO - [2024-03-02T09:45:46.753-0300] {dag.py:3834} INFO - Setting next_dagrun for example_external_task_marker_parent to None, run_after=None
[2024-03-02T09:45:46.770-0300] {processor.py:183} INFO - Processing /home/victor/Área de Trabalho/airflow/venv/lib/python3.10/site-packages/airflow/example_dags/example_external_task_marker_dag.py took 0.072 seconds
[2024-03-02T09:46:18.411-0300] {processor.py:161} INFO - Started process (PID=17194) to work on /home/victor/Área de Trabalho/airflow/venv/lib/python3.10/site-packages/airflow/example_dags/example_external_task_marker_dag.py
[2024-03-02T09:46:18.413-0300] {processor.py:830} INFO - Processing file /home/victor/Área de Trabalho/airflow/venv/lib/python3.10/site-packages/airflow/example_dags/example_external_task_marker_dag.py for tasks to queue
[2024-03-02T09:46:18.414-0300] {logging_mixin.py:188} INFO - [2024-03-02T09:46:18.414-0300] {dagbag.py:540} INFO - Filling up the DagBag from /home/victor/Área de Trabalho/airflow/venv/lib/python3.10/site-packages/airflow/example_dags/example_external_task_marker_dag.py
[2024-03-02T09:46:18.420-0300] {processor.py:840} INFO - DAG(s) 'example_external_task_marker_child', 'example_external_task_marker_parent' retrieved from /home/victor/Área de Trabalho/airflow/venv/lib/python3.10/site-packages/airflow/example_dags/example_external_task_marker_dag.py
[2024-03-02T09:46:18.462-0300] {logging_mixin.py:188} INFO - [2024-03-02T09:46:18.462-0300] {dag.py:3047} INFO - Sync 2 DAGs
[2024-03-02T09:46:18.480-0300] {logging_mixin.py:188} INFO - [2024-03-02T09:46:18.479-0300] {dag.py:3834} INFO - Setting next_dagrun for example_external_task_marker_child to None, run_after=None
[2024-03-02T09:46:18.484-0300] {logging_mixin.py:188} INFO - [2024-03-02T09:46:18.484-0300] {dag.py:3834} INFO - Setting next_dagrun for example_external_task_marker_parent to None, run_after=None
[2024-03-02T09:46:18.508-0300] {processor.py:183} INFO - Processing /home/victor/Área de Trabalho/airflow/venv/lib/python3.10/site-packages/airflow/example_dags/example_external_task_marker_dag.py took 0.102 seconds
[2024-03-02T09:46:48.983-0300] {processor.py:161} INFO - Started process (PID=17517) to work on /home/victor/Área de Trabalho/airflow/venv/lib/python3.10/site-packages/airflow/example_dags/example_external_task_marker_dag.py
[2024-03-02T09:46:48.984-0300] {processor.py:830} INFO - Processing file /home/victor/Área de Trabalho/airflow/venv/lib/python3.10/site-packages/airflow/example_dags/example_external_task_marker_dag.py for tasks to queue
[2024-03-02T09:46:48.985-0300] {logging_mixin.py:188} INFO - [2024-03-02T09:46:48.984-0300] {dagbag.py:540} INFO - Filling up the DagBag from /home/victor/Área de Trabalho/airflow/venv/lib/python3.10/site-packages/airflow/example_dags/example_external_task_marker_dag.py
[2024-03-02T09:46:48.990-0300] {processor.py:840} INFO - DAG(s) 'example_external_task_marker_parent', 'example_external_task_marker_child' retrieved from /home/victor/Área de Trabalho/airflow/venv/lib/python3.10/site-packages/airflow/example_dags/example_external_task_marker_dag.py
[2024-03-02T09:46:49.024-0300] {logging_mixin.py:188} INFO - [2024-03-02T09:46:49.023-0300] {dag.py:3047} INFO - Sync 2 DAGs
[2024-03-02T09:46:49.035-0300] {logging_mixin.py:188} INFO - [2024-03-02T09:46:49.035-0300] {dag.py:3834} INFO - Setting next_dagrun for example_external_task_marker_child to None, run_after=None
[2024-03-02T09:46:49.039-0300] {logging_mixin.py:188} INFO - [2024-03-02T09:46:49.039-0300] {dag.py:3834} INFO - Setting next_dagrun for example_external_task_marker_parent to None, run_after=None
[2024-03-02T09:46:49.061-0300] {processor.py:183} INFO - Processing /home/victor/Área de Trabalho/airflow/venv/lib/python3.10/site-packages/airflow/example_dags/example_external_task_marker_dag.py took 0.081 seconds
[2024-03-02T09:47:19.984-0300] {processor.py:161} INFO - Started process (PID=18174) to work on /home/victor/Área de Trabalho/airflow/venv/lib/python3.10/site-packages/airflow/example_dags/example_external_task_marker_dag.py
[2024-03-02T09:47:19.986-0300] {processor.py:830} INFO - Processing file /home/victor/Área de Trabalho/airflow/venv/lib/python3.10/site-packages/airflow/example_dags/example_external_task_marker_dag.py for tasks to queue
[2024-03-02T09:47:19.987-0300] {logging_mixin.py:188} INFO - [2024-03-02T09:47:19.987-0300] {dagbag.py:540} INFO - Filling up the DagBag from /home/victor/Área de Trabalho/airflow/venv/lib/python3.10/site-packages/airflow/example_dags/example_external_task_marker_dag.py
[2024-03-02T09:47:19.993-0300] {processor.py:840} INFO - DAG(s) 'example_external_task_marker_child', 'example_external_task_marker_parent' retrieved from /home/victor/Área de Trabalho/airflow/venv/lib/python3.10/site-packages/airflow/example_dags/example_external_task_marker_dag.py
[2024-03-02T09:47:20.025-0300] {logging_mixin.py:188} INFO - [2024-03-02T09:47:20.025-0300] {dag.py:3047} INFO - Sync 2 DAGs
[2024-03-02T09:47:20.038-0300] {logging_mixin.py:188} INFO - [2024-03-02T09:47:20.038-0300] {dag.py:3834} INFO - Setting next_dagrun for example_external_task_marker_child to None, run_after=None
[2024-03-02T09:47:20.043-0300] {logging_mixin.py:188} INFO - [2024-03-02T09:47:20.042-0300] {dag.py:3834} INFO - Setting next_dagrun for example_external_task_marker_parent to None, run_after=None
[2024-03-02T09:47:20.061-0300] {processor.py:183} INFO - Processing /home/victor/Área de Trabalho/airflow/venv/lib/python3.10/site-packages/airflow/example_dags/example_external_task_marker_dag.py took 0.079 seconds
[2024-03-02T09:47:50.564-0300] {processor.py:161} INFO - Started process (PID=18497) to work on /home/victor/Área de Trabalho/airflow/venv/lib/python3.10/site-packages/airflow/example_dags/example_external_task_marker_dag.py
[2024-03-02T09:47:50.565-0300] {processor.py:830} INFO - Processing file /home/victor/Área de Trabalho/airflow/venv/lib/python3.10/site-packages/airflow/example_dags/example_external_task_marker_dag.py for tasks to queue
[2024-03-02T09:47:50.566-0300] {logging_mixin.py:188} INFO - [2024-03-02T09:47:50.566-0300] {dagbag.py:540} INFO - Filling up the DagBag from /home/victor/Área de Trabalho/airflow/venv/lib/python3.10/site-packages/airflow/example_dags/example_external_task_marker_dag.py
[2024-03-02T09:47:50.571-0300] {processor.py:840} INFO - DAG(s) 'example_external_task_marker_child', 'example_external_task_marker_parent' retrieved from /home/victor/Área de Trabalho/airflow/venv/lib/python3.10/site-packages/airflow/example_dags/example_external_task_marker_dag.py
[2024-03-02T09:47:50.601-0300] {logging_mixin.py:188} INFO - [2024-03-02T09:47:50.601-0300] {dag.py:3047} INFO - Sync 2 DAGs
[2024-03-02T09:47:50.612-0300] {logging_mixin.py:188} INFO - [2024-03-02T09:47:50.612-0300] {dag.py:3834} INFO - Setting next_dagrun for example_external_task_marker_child to None, run_after=None
[2024-03-02T09:47:50.615-0300] {logging_mixin.py:188} INFO - [2024-03-02T09:47:50.615-0300] {dag.py:3834} INFO - Setting next_dagrun for example_external_task_marker_parent to None, run_after=None
[2024-03-02T09:47:50.634-0300] {processor.py:183} INFO - Processing /home/victor/Área de Trabalho/airflow/venv/lib/python3.10/site-packages/airflow/example_dags/example_external_task_marker_dag.py took 0.073 seconds
[2024-03-02T09:48:21.256-0300] {processor.py:161} INFO - Started process (PID=18982) to work on /home/victor/Área de Trabalho/airflow/venv/lib/python3.10/site-packages/airflow/example_dags/example_external_task_marker_dag.py
[2024-03-02T09:48:21.257-0300] {processor.py:830} INFO - Processing file /home/victor/Área de Trabalho/airflow/venv/lib/python3.10/site-packages/airflow/example_dags/example_external_task_marker_dag.py for tasks to queue
[2024-03-02T09:48:21.258-0300] {logging_mixin.py:188} INFO - [2024-03-02T09:48:21.257-0300] {dagbag.py:540} INFO - Filling up the DagBag from /home/victor/Área de Trabalho/airflow/venv/lib/python3.10/site-packages/airflow/example_dags/example_external_task_marker_dag.py
[2024-03-02T09:48:21.264-0300] {processor.py:840} INFO - DAG(s) 'example_external_task_marker_parent', 'example_external_task_marker_child' retrieved from /home/victor/Área de Trabalho/airflow/venv/lib/python3.10/site-packages/airflow/example_dags/example_external_task_marker_dag.py
[2024-03-02T09:48:21.298-0300] {logging_mixin.py:188} INFO - [2024-03-02T09:48:21.297-0300] {dag.py:3047} INFO - Sync 2 DAGs
[2024-03-02T09:48:21.310-0300] {logging_mixin.py:188} INFO - [2024-03-02T09:48:21.309-0300] {dag.py:3834} INFO - Setting next_dagrun for example_external_task_marker_child to None, run_after=None
[2024-03-02T09:48:21.314-0300] {logging_mixin.py:188} INFO - [2024-03-02T09:48:21.314-0300] {dag.py:3834} INFO - Setting next_dagrun for example_external_task_marker_parent to None, run_after=None
[2024-03-02T09:48:21.335-0300] {processor.py:183} INFO - Processing /home/victor/Área de Trabalho/airflow/venv/lib/python3.10/site-packages/airflow/example_dags/example_external_task_marker_dag.py took 0.082 seconds
[2024-03-02T09:48:52.083-0300] {processor.py:161} INFO - Started process (PID=19327) to work on /home/victor/Área de Trabalho/airflow/venv/lib/python3.10/site-packages/airflow/example_dags/example_external_task_marker_dag.py
[2024-03-02T09:48:52.086-0300] {processor.py:830} INFO - Processing file /home/victor/Área de Trabalho/airflow/venv/lib/python3.10/site-packages/airflow/example_dags/example_external_task_marker_dag.py for tasks to queue
[2024-03-02T09:48:52.087-0300] {logging_mixin.py:188} INFO - [2024-03-02T09:48:52.086-0300] {dagbag.py:540} INFO - Filling up the DagBag from /home/victor/Área de Trabalho/airflow/venv/lib/python3.10/site-packages/airflow/example_dags/example_external_task_marker_dag.py
[2024-03-02T09:48:52.093-0300] {processor.py:840} INFO - DAG(s) 'example_external_task_marker_child', 'example_external_task_marker_parent' retrieved from /home/victor/Área de Trabalho/airflow/venv/lib/python3.10/site-packages/airflow/example_dags/example_external_task_marker_dag.py
[2024-03-02T09:48:52.128-0300] {logging_mixin.py:188} INFO - [2024-03-02T09:48:52.127-0300] {dag.py:3047} INFO - Sync 2 DAGs
[2024-03-02T09:48:52.141-0300] {logging_mixin.py:188} INFO - [2024-03-02T09:48:52.141-0300] {dag.py:3834} INFO - Setting next_dagrun for example_external_task_marker_child to None, run_after=None
[2024-03-02T09:48:52.145-0300] {logging_mixin.py:188} INFO - [2024-03-02T09:48:52.145-0300] {dag.py:3834} INFO - Setting next_dagrun for example_external_task_marker_parent to None, run_after=None
[2024-03-02T09:48:52.167-0300] {processor.py:183} INFO - Processing /home/victor/Área de Trabalho/airflow/venv/lib/python3.10/site-packages/airflow/example_dags/example_external_task_marker_dag.py took 0.087 seconds
[2024-03-02T09:49:22.815-0300] {processor.py:161} INFO - Started process (PID=19807) to work on /home/victor/Área de Trabalho/airflow/venv/lib/python3.10/site-packages/airflow/example_dags/example_external_task_marker_dag.py
[2024-03-02T09:49:22.815-0300] {processor.py:830} INFO - Processing file /home/victor/Área de Trabalho/airflow/venv/lib/python3.10/site-packages/airflow/example_dags/example_external_task_marker_dag.py for tasks to queue
[2024-03-02T09:49:22.816-0300] {logging_mixin.py:188} INFO - [2024-03-02T09:49:22.816-0300] {dagbag.py:540} INFO - Filling up the DagBag from /home/victor/Área de Trabalho/airflow/venv/lib/python3.10/site-packages/airflow/example_dags/example_external_task_marker_dag.py
[2024-03-02T09:49:22.822-0300] {processor.py:840} INFO - DAG(s) 'example_external_task_marker_parent', 'example_external_task_marker_child' retrieved from /home/victor/Área de Trabalho/airflow/venv/lib/python3.10/site-packages/airflow/example_dags/example_external_task_marker_dag.py
[2024-03-02T09:49:22.854-0300] {logging_mixin.py:188} INFO - [2024-03-02T09:49:22.854-0300] {dag.py:3047} INFO - Sync 2 DAGs
[2024-03-02T09:49:22.868-0300] {logging_mixin.py:188} INFO - [2024-03-02T09:49:22.868-0300] {dag.py:3834} INFO - Setting next_dagrun for example_external_task_marker_child to None, run_after=None
[2024-03-02T09:49:22.872-0300] {logging_mixin.py:188} INFO - [2024-03-02T09:49:22.872-0300] {dag.py:3834} INFO - Setting next_dagrun for example_external_task_marker_parent to None, run_after=None
[2024-03-02T09:49:22.890-0300] {processor.py:183} INFO - Processing /home/victor/Área de Trabalho/airflow/venv/lib/python3.10/site-packages/airflow/example_dags/example_external_task_marker_dag.py took 0.079 seconds
[2024-03-02T09:49:53.486-0300] {processor.py:161} INFO - Started process (PID=20130) to work on /home/victor/Área de Trabalho/airflow/venv/lib/python3.10/site-packages/airflow/example_dags/example_external_task_marker_dag.py
[2024-03-02T09:49:53.487-0300] {processor.py:830} INFO - Processing file /home/victor/Área de Trabalho/airflow/venv/lib/python3.10/site-packages/airflow/example_dags/example_external_task_marker_dag.py for tasks to queue
[2024-03-02T09:49:53.488-0300] {logging_mixin.py:188} INFO - [2024-03-02T09:49:53.488-0300] {dagbag.py:540} INFO - Filling up the DagBag from /home/victor/Área de Trabalho/airflow/venv/lib/python3.10/site-packages/airflow/example_dags/example_external_task_marker_dag.py
[2024-03-02T09:49:53.494-0300] {processor.py:840} INFO - DAG(s) 'example_external_task_marker_child', 'example_external_task_marker_parent' retrieved from /home/victor/Área de Trabalho/airflow/venv/lib/python3.10/site-packages/airflow/example_dags/example_external_task_marker_dag.py
[2024-03-02T09:49:53.530-0300] {logging_mixin.py:188} INFO - [2024-03-02T09:49:53.529-0300] {dag.py:3047} INFO - Sync 2 DAGs
[2024-03-02T09:49:53.546-0300] {logging_mixin.py:188} INFO - [2024-03-02T09:49:53.546-0300] {dag.py:3834} INFO - Setting next_dagrun for example_external_task_marker_child to None, run_after=None
[2024-03-02T09:49:53.550-0300] {logging_mixin.py:188} INFO - [2024-03-02T09:49:53.550-0300] {dag.py:3834} INFO - Setting next_dagrun for example_external_task_marker_parent to None, run_after=None
[2024-03-02T09:49:53.573-0300] {processor.py:183} INFO - Processing /home/victor/Área de Trabalho/airflow/venv/lib/python3.10/site-packages/airflow/example_dags/example_external_task_marker_dag.py took 0.090 seconds
[2024-03-02T09:50:24.156-0300] {processor.py:161} INFO - Started process (PID=20611) to work on /home/victor/Área de Trabalho/airflow/venv/lib/python3.10/site-packages/airflow/example_dags/example_external_task_marker_dag.py
[2024-03-02T09:50:24.156-0300] {processor.py:830} INFO - Processing file /home/victor/Área de Trabalho/airflow/venv/lib/python3.10/site-packages/airflow/example_dags/example_external_task_marker_dag.py for tasks to queue
[2024-03-02T09:50:24.157-0300] {logging_mixin.py:188} INFO - [2024-03-02T09:50:24.157-0300] {dagbag.py:540} INFO - Filling up the DagBag from /home/victor/Área de Trabalho/airflow/venv/lib/python3.10/site-packages/airflow/example_dags/example_external_task_marker_dag.py
[2024-03-02T09:50:24.163-0300] {processor.py:840} INFO - DAG(s) 'example_external_task_marker_child', 'example_external_task_marker_parent' retrieved from /home/victor/Área de Trabalho/airflow/venv/lib/python3.10/site-packages/airflow/example_dags/example_external_task_marker_dag.py
[2024-03-02T09:50:24.195-0300] {logging_mixin.py:188} INFO - [2024-03-02T09:50:24.195-0300] {dag.py:3047} INFO - Sync 2 DAGs
[2024-03-02T09:50:24.207-0300] {logging_mixin.py:188} INFO - [2024-03-02T09:50:24.207-0300] {dag.py:3834} INFO - Setting next_dagrun for example_external_task_marker_child to None, run_after=None
[2024-03-02T09:50:24.211-0300] {logging_mixin.py:188} INFO - [2024-03-02T09:50:24.211-0300] {dag.py:3834} INFO - Setting next_dagrun for example_external_task_marker_parent to None, run_after=None
[2024-03-02T09:50:24.228-0300] {processor.py:183} INFO - Processing /home/victor/Área de Trabalho/airflow/venv/lib/python3.10/site-packages/airflow/example_dags/example_external_task_marker_dag.py took 0.075 seconds
[2024-03-02T09:50:55.584-0300] {processor.py:161} INFO - Started process (PID=20969) to work on /home/victor/Área de Trabalho/airflow/venv/lib/python3.10/site-packages/airflow/example_dags/example_external_task_marker_dag.py
[2024-03-02T09:50:55.585-0300] {processor.py:830} INFO - Processing file /home/victor/Área de Trabalho/airflow/venv/lib/python3.10/site-packages/airflow/example_dags/example_external_task_marker_dag.py for tasks to queue
[2024-03-02T09:50:55.586-0300] {logging_mixin.py:188} INFO - [2024-03-02T09:50:55.585-0300] {dagbag.py:540} INFO - Filling up the DagBag from /home/victor/Área de Trabalho/airflow/venv/lib/python3.10/site-packages/airflow/example_dags/example_external_task_marker_dag.py
[2024-03-02T09:50:55.590-0300] {processor.py:840} INFO - DAG(s) 'example_external_task_marker_parent', 'example_external_task_marker_child' retrieved from /home/victor/Área de Trabalho/airflow/venv/lib/python3.10/site-packages/airflow/example_dags/example_external_task_marker_dag.py
[2024-03-02T09:50:55.620-0300] {logging_mixin.py:188} INFO - [2024-03-02T09:50:55.620-0300] {dag.py:3047} INFO - Sync 2 DAGs
[2024-03-02T09:50:55.631-0300] {logging_mixin.py:188} INFO - [2024-03-02T09:50:55.631-0300] {dag.py:3834} INFO - Setting next_dagrun for example_external_task_marker_child to None, run_after=None
[2024-03-02T09:50:55.635-0300] {logging_mixin.py:188} INFO - [2024-03-02T09:50:55.635-0300] {dag.py:3834} INFO - Setting next_dagrun for example_external_task_marker_parent to None, run_after=None
[2024-03-02T09:50:55.654-0300] {processor.py:183} INFO - Processing /home/victor/Área de Trabalho/airflow/venv/lib/python3.10/site-packages/airflow/example_dags/example_external_task_marker_dag.py took 0.073 seconds
[2024-03-02T09:51:26.280-0300] {processor.py:161} INFO - Started process (PID=21450) to work on /home/victor/Área de Trabalho/airflow/venv/lib/python3.10/site-packages/airflow/example_dags/example_external_task_marker_dag.py
[2024-03-02T09:51:26.281-0300] {processor.py:830} INFO - Processing file /home/victor/Área de Trabalho/airflow/venv/lib/python3.10/site-packages/airflow/example_dags/example_external_task_marker_dag.py for tasks to queue
[2024-03-02T09:51:26.282-0300] {logging_mixin.py:188} INFO - [2024-03-02T09:51:26.282-0300] {dagbag.py:540} INFO - Filling up the DagBag from /home/victor/Área de Trabalho/airflow/venv/lib/python3.10/site-packages/airflow/example_dags/example_external_task_marker_dag.py
[2024-03-02T09:51:26.290-0300] {processor.py:840} INFO - DAG(s) 'example_external_task_marker_parent', 'example_external_task_marker_child' retrieved from /home/victor/Área de Trabalho/airflow/venv/lib/python3.10/site-packages/airflow/example_dags/example_external_task_marker_dag.py
[2024-03-02T09:51:26.321-0300] {logging_mixin.py:188} INFO - [2024-03-02T09:51:26.321-0300] {dag.py:3047} INFO - Sync 2 DAGs
[2024-03-02T09:51:26.334-0300] {logging_mixin.py:188} INFO - [2024-03-02T09:51:26.334-0300] {dag.py:3834} INFO - Setting next_dagrun for example_external_task_marker_child to None, run_after=None
[2024-03-02T09:51:26.337-0300] {logging_mixin.py:188} INFO - [2024-03-02T09:51:26.337-0300] {dag.py:3834} INFO - Setting next_dagrun for example_external_task_marker_parent to None, run_after=None
[2024-03-02T09:51:26.357-0300] {processor.py:183} INFO - Processing /home/victor/Área de Trabalho/airflow/venv/lib/python3.10/site-packages/airflow/example_dags/example_external_task_marker_dag.py took 0.079 seconds
[2024-03-02T09:51:57.010-0300] {processor.py:161} INFO - Started process (PID=21771) to work on /home/victor/Área de Trabalho/airflow/venv/lib/python3.10/site-packages/airflow/example_dags/example_external_task_marker_dag.py
[2024-03-02T09:51:57.011-0300] {processor.py:830} INFO - Processing file /home/victor/Área de Trabalho/airflow/venv/lib/python3.10/site-packages/airflow/example_dags/example_external_task_marker_dag.py for tasks to queue
[2024-03-02T09:51:57.012-0300] {logging_mixin.py:188} INFO - [2024-03-02T09:51:57.011-0300] {dagbag.py:540} INFO - Filling up the DagBag from /home/victor/Área de Trabalho/airflow/venv/lib/python3.10/site-packages/airflow/example_dags/example_external_task_marker_dag.py
[2024-03-02T09:51:57.017-0300] {processor.py:840} INFO - DAG(s) 'example_external_task_marker_child', 'example_external_task_marker_parent' retrieved from /home/victor/Área de Trabalho/airflow/venv/lib/python3.10/site-packages/airflow/example_dags/example_external_task_marker_dag.py
[2024-03-02T09:51:57.051-0300] {logging_mixin.py:188} INFO - [2024-03-02T09:51:57.051-0300] {dag.py:3047} INFO - Sync 2 DAGs
[2024-03-02T09:51:57.064-0300] {logging_mixin.py:188} INFO - [2024-03-02T09:51:57.064-0300] {dag.py:3834} INFO - Setting next_dagrun for example_external_task_marker_child to None, run_after=None
[2024-03-02T09:51:57.068-0300] {logging_mixin.py:188} INFO - [2024-03-02T09:51:57.068-0300] {dag.py:3834} INFO - Setting next_dagrun for example_external_task_marker_parent to None, run_after=None
[2024-03-02T09:51:57.085-0300] {processor.py:183} INFO - Processing /home/victor/Área de Trabalho/airflow/venv/lib/python3.10/site-packages/airflow/example_dags/example_external_task_marker_dag.py took 0.078 seconds
[2024-03-02T09:52:27.534-0300] {processor.py:161} INFO - Started process (PID=22414) to work on /home/victor/Área de Trabalho/airflow/venv/lib/python3.10/site-packages/airflow/example_dags/example_external_task_marker_dag.py
[2024-03-02T09:52:27.534-0300] {processor.py:830} INFO - Processing file /home/victor/Área de Trabalho/airflow/venv/lib/python3.10/site-packages/airflow/example_dags/example_external_task_marker_dag.py for tasks to queue
[2024-03-02T09:52:27.535-0300] {logging_mixin.py:188} INFO - [2024-03-02T09:52:27.535-0300] {dagbag.py:540} INFO - Filling up the DagBag from /home/victor/Área de Trabalho/airflow/venv/lib/python3.10/site-packages/airflow/example_dags/example_external_task_marker_dag.py
[2024-03-02T09:52:27.540-0300] {processor.py:840} INFO - DAG(s) 'example_external_task_marker_child', 'example_external_task_marker_parent' retrieved from /home/victor/Área de Trabalho/airflow/venv/lib/python3.10/site-packages/airflow/example_dags/example_external_task_marker_dag.py
[2024-03-02T09:52:27.573-0300] {logging_mixin.py:188} INFO - [2024-03-02T09:52:27.573-0300] {dag.py:3047} INFO - Sync 2 DAGs
[2024-03-02T09:52:27.585-0300] {logging_mixin.py:188} INFO - [2024-03-02T09:52:27.585-0300] {dag.py:3834} INFO - Setting next_dagrun for example_external_task_marker_child to None, run_after=None
[2024-03-02T09:52:27.589-0300] {logging_mixin.py:188} INFO - [2024-03-02T09:52:27.589-0300] {dag.py:3834} INFO - Setting next_dagrun for example_external_task_marker_parent to None, run_after=None
[2024-03-02T09:52:27.609-0300] {processor.py:183} INFO - Processing /home/victor/Área de Trabalho/airflow/venv/lib/python3.10/site-packages/airflow/example_dags/example_external_task_marker_dag.py took 0.079 seconds
[2024-03-02T09:52:58.176-0300] {processor.py:161} INFO - Started process (PID=22739) to work on /home/victor/Área de Trabalho/airflow/venv/lib/python3.10/site-packages/airflow/example_dags/example_external_task_marker_dag.py
[2024-03-02T09:52:58.177-0300] {processor.py:830} INFO - Processing file /home/victor/Área de Trabalho/airflow/venv/lib/python3.10/site-packages/airflow/example_dags/example_external_task_marker_dag.py for tasks to queue
[2024-03-02T09:52:58.178-0300] {logging_mixin.py:188} INFO - [2024-03-02T09:52:58.178-0300] {dagbag.py:540} INFO - Filling up the DagBag from /home/victor/Área de Trabalho/airflow/venv/lib/python3.10/site-packages/airflow/example_dags/example_external_task_marker_dag.py
[2024-03-02T09:52:58.183-0300] {processor.py:840} INFO - DAG(s) 'example_external_task_marker_parent', 'example_external_task_marker_child' retrieved from /home/victor/Área de Trabalho/airflow/venv/lib/python3.10/site-packages/airflow/example_dags/example_external_task_marker_dag.py
[2024-03-02T09:52:58.213-0300] {logging_mixin.py:188} INFO - [2024-03-02T09:52:58.213-0300] {dag.py:3047} INFO - Sync 2 DAGs
[2024-03-02T09:52:58.224-0300] {logging_mixin.py:188} INFO - [2024-03-02T09:52:58.224-0300] {dag.py:3834} INFO - Setting next_dagrun for example_external_task_marker_child to None, run_after=None
[2024-03-02T09:52:58.228-0300] {logging_mixin.py:188} INFO - [2024-03-02T09:52:58.227-0300] {dag.py:3834} INFO - Setting next_dagrun for example_external_task_marker_parent to None, run_after=None
[2024-03-02T09:52:58.245-0300] {processor.py:183} INFO - Processing /home/victor/Área de Trabalho/airflow/venv/lib/python3.10/site-packages/airflow/example_dags/example_external_task_marker_dag.py took 0.072 seconds
[2024-03-02T09:53:28.788-0300] {processor.py:161} INFO - Started process (PID=23222) to work on /home/victor/Área de Trabalho/airflow/venv/lib/python3.10/site-packages/airflow/example_dags/example_external_task_marker_dag.py
[2024-03-02T09:53:28.789-0300] {processor.py:830} INFO - Processing file /home/victor/Área de Trabalho/airflow/venv/lib/python3.10/site-packages/airflow/example_dags/example_external_task_marker_dag.py for tasks to queue
[2024-03-02T09:53:28.790-0300] {logging_mixin.py:188} INFO - [2024-03-02T09:53:28.789-0300] {dagbag.py:540} INFO - Filling up the DagBag from /home/victor/Área de Trabalho/airflow/venv/lib/python3.10/site-packages/airflow/example_dags/example_external_task_marker_dag.py
[2024-03-02T09:53:28.795-0300] {processor.py:840} INFO - DAG(s) 'example_external_task_marker_parent', 'example_external_task_marker_child' retrieved from /home/victor/Área de Trabalho/airflow/venv/lib/python3.10/site-packages/airflow/example_dags/example_external_task_marker_dag.py
[2024-03-02T09:53:28.826-0300] {logging_mixin.py:188} INFO - [2024-03-02T09:53:28.826-0300] {dag.py:3047} INFO - Sync 2 DAGs
[2024-03-02T09:53:28.838-0300] {logging_mixin.py:188} INFO - [2024-03-02T09:53:28.838-0300] {dag.py:3834} INFO - Setting next_dagrun for example_external_task_marker_child to None, run_after=None
[2024-03-02T09:53:28.843-0300] {logging_mixin.py:188} INFO - [2024-03-02T09:53:28.842-0300] {dag.py:3834} INFO - Setting next_dagrun for example_external_task_marker_parent to None, run_after=None
[2024-03-02T09:53:28.861-0300] {processor.py:183} INFO - Processing /home/victor/Área de Trabalho/airflow/venv/lib/python3.10/site-packages/airflow/example_dags/example_external_task_marker_dag.py took 0.076 seconds
[2024-03-02T09:53:59.324-0300] {processor.py:161} INFO - Started process (PID=23604) to work on /home/victor/Área de Trabalho/airflow/venv/lib/python3.10/site-packages/airflow/example_dags/example_external_task_marker_dag.py
[2024-03-02T09:53:59.325-0300] {processor.py:830} INFO - Processing file /home/victor/Área de Trabalho/airflow/venv/lib/python3.10/site-packages/airflow/example_dags/example_external_task_marker_dag.py for tasks to queue
[2024-03-02T09:53:59.326-0300] {logging_mixin.py:188} INFO - [2024-03-02T09:53:59.326-0300] {dagbag.py:540} INFO - Filling up the DagBag from /home/victor/Área de Trabalho/airflow/venv/lib/python3.10/site-packages/airflow/example_dags/example_external_task_marker_dag.py
[2024-03-02T09:53:59.331-0300] {processor.py:840} INFO - DAG(s) 'example_external_task_marker_child', 'example_external_task_marker_parent' retrieved from /home/victor/Área de Trabalho/airflow/venv/lib/python3.10/site-packages/airflow/example_dags/example_external_task_marker_dag.py
[2024-03-02T09:53:59.361-0300] {logging_mixin.py:188} INFO - [2024-03-02T09:53:59.361-0300] {dag.py:3047} INFO - Sync 2 DAGs
[2024-03-02T09:53:59.372-0300] {logging_mixin.py:188} INFO - [2024-03-02T09:53:59.372-0300] {dag.py:3834} INFO - Setting next_dagrun for example_external_task_marker_child to None, run_after=None
[2024-03-02T09:53:59.377-0300] {logging_mixin.py:188} INFO - [2024-03-02T09:53:59.376-0300] {dag.py:3834} INFO - Setting next_dagrun for example_external_task_marker_parent to None, run_after=None
[2024-03-02T09:53:59.395-0300] {processor.py:183} INFO - Processing /home/victor/Área de Trabalho/airflow/venv/lib/python3.10/site-packages/airflow/example_dags/example_external_task_marker_dag.py took 0.074 seconds
[2024-03-02T09:54:30.511-0300] {processor.py:161} INFO - Started process (PID=24188) to work on /home/victor/Área de Trabalho/airflow/venv/lib/python3.10/site-packages/airflow/example_dags/example_external_task_marker_dag.py
[2024-03-02T09:54:30.511-0300] {processor.py:830} INFO - Processing file /home/victor/Área de Trabalho/airflow/venv/lib/python3.10/site-packages/airflow/example_dags/example_external_task_marker_dag.py for tasks to queue
[2024-03-02T09:54:30.512-0300] {logging_mixin.py:188} INFO - [2024-03-02T09:54:30.512-0300] {dagbag.py:540} INFO - Filling up the DagBag from /home/victor/Área de Trabalho/airflow/venv/lib/python3.10/site-packages/airflow/example_dags/example_external_task_marker_dag.py
[2024-03-02T09:54:30.518-0300] {processor.py:840} INFO - DAG(s) 'example_external_task_marker_child', 'example_external_task_marker_parent' retrieved from /home/victor/Área de Trabalho/airflow/venv/lib/python3.10/site-packages/airflow/example_dags/example_external_task_marker_dag.py
[2024-03-02T09:54:30.560-0300] {logging_mixin.py:188} INFO - [2024-03-02T09:54:30.559-0300] {dag.py:3047} INFO - Sync 2 DAGs
[2024-03-02T09:54:30.574-0300] {logging_mixin.py:188} INFO - [2024-03-02T09:54:30.573-0300] {dag.py:3834} INFO - Setting next_dagrun for example_external_task_marker_child to None, run_after=None
[2024-03-02T09:54:30.578-0300] {logging_mixin.py:188} INFO - [2024-03-02T09:54:30.577-0300] {dag.py:3834} INFO - Setting next_dagrun for example_external_task_marker_parent to None, run_after=None
[2024-03-02T09:54:30.598-0300] {processor.py:183} INFO - Processing /home/victor/Área de Trabalho/airflow/venv/lib/python3.10/site-packages/airflow/example_dags/example_external_task_marker_dag.py took 0.091 seconds
[2024-03-02T09:55:01.162-0300] {processor.py:161} INFO - Started process (PID=24748) to work on /home/victor/Área de Trabalho/airflow/venv/lib/python3.10/site-packages/airflow/example_dags/example_external_task_marker_dag.py
[2024-03-02T09:55:01.164-0300] {processor.py:830} INFO - Processing file /home/victor/Área de Trabalho/airflow/venv/lib/python3.10/site-packages/airflow/example_dags/example_external_task_marker_dag.py for tasks to queue
[2024-03-02T09:55:01.165-0300] {logging_mixin.py:188} INFO - [2024-03-02T09:55:01.164-0300] {dagbag.py:540} INFO - Filling up the DagBag from /home/victor/Área de Trabalho/airflow/venv/lib/python3.10/site-packages/airflow/example_dags/example_external_task_marker_dag.py
[2024-03-02T09:55:01.171-0300] {processor.py:840} INFO - DAG(s) 'example_external_task_marker_parent', 'example_external_task_marker_child' retrieved from /home/victor/Área de Trabalho/airflow/venv/lib/python3.10/site-packages/airflow/example_dags/example_external_task_marker_dag.py
[2024-03-02T09:55:01.207-0300] {logging_mixin.py:188} INFO - [2024-03-02T09:55:01.206-0300] {dag.py:3047} INFO - Sync 2 DAGs
[2024-03-02T09:55:01.221-0300] {logging_mixin.py:188} INFO - [2024-03-02T09:55:01.220-0300] {dag.py:3834} INFO - Setting next_dagrun for example_external_task_marker_child to None, run_after=None
[2024-03-02T09:55:01.225-0300] {logging_mixin.py:188} INFO - [2024-03-02T09:55:01.225-0300] {dag.py:3834} INFO - Setting next_dagrun for example_external_task_marker_parent to None, run_after=None
[2024-03-02T09:55:01.249-0300] {processor.py:183} INFO - Processing /home/victor/Área de Trabalho/airflow/venv/lib/python3.10/site-packages/airflow/example_dags/example_external_task_marker_dag.py took 0.091 seconds
[2024-03-02T09:55:31.866-0300] {processor.py:161} INFO - Started process (PID=25219) to work on /home/victor/Área de Trabalho/airflow/venv/lib/python3.10/site-packages/airflow/example_dags/example_external_task_marker_dag.py
[2024-03-02T09:55:31.867-0300] {processor.py:830} INFO - Processing file /home/victor/Área de Trabalho/airflow/venv/lib/python3.10/site-packages/airflow/example_dags/example_external_task_marker_dag.py for tasks to queue
[2024-03-02T09:55:31.867-0300] {logging_mixin.py:188} INFO - [2024-03-02T09:55:31.867-0300] {dagbag.py:540} INFO - Filling up the DagBag from /home/victor/Área de Trabalho/airflow/venv/lib/python3.10/site-packages/airflow/example_dags/example_external_task_marker_dag.py
[2024-03-02T09:55:31.872-0300] {processor.py:840} INFO - DAG(s) 'example_external_task_marker_child', 'example_external_task_marker_parent' retrieved from /home/victor/Área de Trabalho/airflow/venv/lib/python3.10/site-packages/airflow/example_dags/example_external_task_marker_dag.py
[2024-03-02T09:55:31.900-0300] {logging_mixin.py:188} INFO - [2024-03-02T09:55:31.900-0300] {dag.py:3047} INFO - Sync 2 DAGs
[2024-03-02T09:55:31.911-0300] {logging_mixin.py:188} INFO - [2024-03-02T09:55:31.911-0300] {dag.py:3834} INFO - Setting next_dagrun for example_external_task_marker_child to None, run_after=None
[2024-03-02T09:55:31.915-0300] {logging_mixin.py:188} INFO - [2024-03-02T09:55:31.915-0300] {dag.py:3834} INFO - Setting next_dagrun for example_external_task_marker_parent to None, run_after=None
[2024-03-02T09:55:31.931-0300] {processor.py:183} INFO - Processing /home/victor/Área de Trabalho/airflow/venv/lib/python3.10/site-packages/airflow/example_dags/example_external_task_marker_dag.py took 0.068 seconds
[2024-03-02T09:56:02.280-0300] {processor.py:161} INFO - Started process (PID=25723) to work on /home/victor/Área de Trabalho/airflow/venv/lib/python3.10/site-packages/airflow/example_dags/example_external_task_marker_dag.py
[2024-03-02T09:56:02.284-0300] {processor.py:830} INFO - Processing file /home/victor/Área de Trabalho/airflow/venv/lib/python3.10/site-packages/airflow/example_dags/example_external_task_marker_dag.py for tasks to queue
[2024-03-02T09:56:02.284-0300] {logging_mixin.py:188} INFO - [2024-03-02T09:56:02.284-0300] {dagbag.py:540} INFO - Filling up the DagBag from /home/victor/Área de Trabalho/airflow/venv/lib/python3.10/site-packages/airflow/example_dags/example_external_task_marker_dag.py
[2024-03-02T09:56:02.290-0300] {processor.py:840} INFO - DAG(s) 'example_external_task_marker_child', 'example_external_task_marker_parent' retrieved from /home/victor/Área de Trabalho/airflow/venv/lib/python3.10/site-packages/airflow/example_dags/example_external_task_marker_dag.py
[2024-03-02T09:56:02.320-0300] {logging_mixin.py:188} INFO - [2024-03-02T09:56:02.319-0300] {dag.py:3047} INFO - Sync 2 DAGs
[2024-03-02T09:56:02.331-0300] {logging_mixin.py:188} INFO - [2024-03-02T09:56:02.331-0300] {dag.py:3834} INFO - Setting next_dagrun for example_external_task_marker_child to None, run_after=None
[2024-03-02T09:56:02.335-0300] {logging_mixin.py:188} INFO - [2024-03-02T09:56:02.335-0300] {dag.py:3834} INFO - Setting next_dagrun for example_external_task_marker_parent to None, run_after=None
[2024-03-02T09:56:02.352-0300] {processor.py:183} INFO - Processing /home/victor/Área de Trabalho/airflow/venv/lib/python3.10/site-packages/airflow/example_dags/example_external_task_marker_dag.py took 0.074 seconds
[2024-03-02T09:56:32.474-0300] {processor.py:161} INFO - Started process (PID=26042) to work on /home/victor/Área de Trabalho/airflow/venv/lib/python3.10/site-packages/airflow/example_dags/example_external_task_marker_dag.py
[2024-03-02T09:56:32.474-0300] {processor.py:830} INFO - Processing file /home/victor/Área de Trabalho/airflow/venv/lib/python3.10/site-packages/airflow/example_dags/example_external_task_marker_dag.py for tasks to queue
[2024-03-02T09:56:32.475-0300] {logging_mixin.py:188} INFO - [2024-03-02T09:56:32.475-0300] {dagbag.py:540} INFO - Filling up the DagBag from /home/victor/Área de Trabalho/airflow/venv/lib/python3.10/site-packages/airflow/example_dags/example_external_task_marker_dag.py
[2024-03-02T09:56:32.480-0300] {processor.py:840} INFO - DAG(s) 'example_external_task_marker_child', 'example_external_task_marker_parent' retrieved from /home/victor/Área de Trabalho/airflow/venv/lib/python3.10/site-packages/airflow/example_dags/example_external_task_marker_dag.py
[2024-03-02T09:56:32.511-0300] {logging_mixin.py:188} INFO - [2024-03-02T09:56:32.510-0300] {dag.py:3047} INFO - Sync 2 DAGs
[2024-03-02T09:56:32.522-0300] {logging_mixin.py:188} INFO - [2024-03-02T09:56:32.522-0300] {dag.py:3834} INFO - Setting next_dagrun for example_external_task_marker_child to None, run_after=None
[2024-03-02T09:56:32.526-0300] {logging_mixin.py:188} INFO - [2024-03-02T09:56:32.526-0300] {dag.py:3834} INFO - Setting next_dagrun for example_external_task_marker_parent to None, run_after=None
[2024-03-02T09:56:32.546-0300] {processor.py:183} INFO - Processing /home/victor/Área de Trabalho/airflow/venv/lib/python3.10/site-packages/airflow/example_dags/example_external_task_marker_dag.py took 0.075 seconds
[2024-03-02T09:57:02.718-0300] {processor.py:161} INFO - Started process (PID=26521) to work on /home/victor/Área de Trabalho/airflow/venv/lib/python3.10/site-packages/airflow/example_dags/example_external_task_marker_dag.py
[2024-03-02T09:57:02.719-0300] {processor.py:830} INFO - Processing file /home/victor/Área de Trabalho/airflow/venv/lib/python3.10/site-packages/airflow/example_dags/example_external_task_marker_dag.py for tasks to queue
[2024-03-02T09:57:02.720-0300] {logging_mixin.py:188} INFO - [2024-03-02T09:57:02.719-0300] {dagbag.py:540} INFO - Filling up the DagBag from /home/victor/Área de Trabalho/airflow/venv/lib/python3.10/site-packages/airflow/example_dags/example_external_task_marker_dag.py
[2024-03-02T09:57:02.725-0300] {processor.py:840} INFO - DAG(s) 'example_external_task_marker_child', 'example_external_task_marker_parent' retrieved from /home/victor/Área de Trabalho/airflow/venv/lib/python3.10/site-packages/airflow/example_dags/example_external_task_marker_dag.py
[2024-03-02T09:57:02.754-0300] {logging_mixin.py:188} INFO - [2024-03-02T09:57:02.754-0300] {dag.py:3047} INFO - Sync 2 DAGs
[2024-03-02T09:57:02.766-0300] {logging_mixin.py:188} INFO - [2024-03-02T09:57:02.765-0300] {dag.py:3834} INFO - Setting next_dagrun for example_external_task_marker_child to None, run_after=None
[2024-03-02T09:57:02.769-0300] {logging_mixin.py:188} INFO - [2024-03-02T09:57:02.769-0300] {dag.py:3834} INFO - Setting next_dagrun for example_external_task_marker_parent to None, run_after=None
[2024-03-02T09:57:02.787-0300] {processor.py:183} INFO - Processing /home/victor/Área de Trabalho/airflow/venv/lib/python3.10/site-packages/airflow/example_dags/example_external_task_marker_dag.py took 0.072 seconds
[2024-03-02T09:57:33.289-0300] {processor.py:161} INFO - Started process (PID=26998) to work on /home/victor/Área de Trabalho/airflow/venv/lib/python3.10/site-packages/airflow/example_dags/example_external_task_marker_dag.py
[2024-03-02T09:57:33.289-0300] {processor.py:830} INFO - Processing file /home/victor/Área de Trabalho/airflow/venv/lib/python3.10/site-packages/airflow/example_dags/example_external_task_marker_dag.py for tasks to queue
[2024-03-02T09:57:33.290-0300] {logging_mixin.py:188} INFO - [2024-03-02T09:57:33.290-0300] {dagbag.py:540} INFO - Filling up the DagBag from /home/victor/Área de Trabalho/airflow/venv/lib/python3.10/site-packages/airflow/example_dags/example_external_task_marker_dag.py
[2024-03-02T09:57:33.295-0300] {processor.py:840} INFO - DAG(s) 'example_external_task_marker_parent', 'example_external_task_marker_child' retrieved from /home/victor/Área de Trabalho/airflow/venv/lib/python3.10/site-packages/airflow/example_dags/example_external_task_marker_dag.py
[2024-03-02T09:57:33.322-0300] {logging_mixin.py:188} INFO - [2024-03-02T09:57:33.322-0300] {dag.py:3047} INFO - Sync 2 DAGs
[2024-03-02T09:57:33.333-0300] {logging_mixin.py:188} INFO - [2024-03-02T09:57:33.333-0300] {dag.py:3834} INFO - Setting next_dagrun for example_external_task_marker_child to None, run_after=None
[2024-03-02T09:57:33.337-0300] {logging_mixin.py:188} INFO - [2024-03-02T09:57:33.337-0300] {dag.py:3834} INFO - Setting next_dagrun for example_external_task_marker_parent to None, run_after=None
[2024-03-02T09:57:33.354-0300] {processor.py:183} INFO - Processing /home/victor/Área de Trabalho/airflow/venv/lib/python3.10/site-packages/airflow/example_dags/example_external_task_marker_dag.py took 0.068 seconds
[2024-03-02T09:58:04.004-0300] {processor.py:161} INFO - Started process (PID=27538) to work on /home/victor/Área de Trabalho/airflow/venv/lib/python3.10/site-packages/airflow/example_dags/example_external_task_marker_dag.py
[2024-03-02T09:58:04.005-0300] {processor.py:830} INFO - Processing file /home/victor/Área de Trabalho/airflow/venv/lib/python3.10/site-packages/airflow/example_dags/example_external_task_marker_dag.py for tasks to queue
[2024-03-02T09:58:04.006-0300] {logging_mixin.py:188} INFO - [2024-03-02T09:58:04.005-0300] {dagbag.py:540} INFO - Filling up the DagBag from /home/victor/Área de Trabalho/airflow/venv/lib/python3.10/site-packages/airflow/example_dags/example_external_task_marker_dag.py
[2024-03-02T09:58:04.011-0300] {processor.py:840} INFO - DAG(s) 'example_external_task_marker_child', 'example_external_task_marker_parent' retrieved from /home/victor/Área de Trabalho/airflow/venv/lib/python3.10/site-packages/airflow/example_dags/example_external_task_marker_dag.py
[2024-03-02T09:58:04.043-0300] {logging_mixin.py:188} INFO - [2024-03-02T09:58:04.043-0300] {dag.py:3047} INFO - Sync 2 DAGs
[2024-03-02T09:58:04.055-0300] {logging_mixin.py:188} INFO - [2024-03-02T09:58:04.055-0300] {dag.py:3834} INFO - Setting next_dagrun for example_external_task_marker_child to None, run_after=None
[2024-03-02T09:58:04.059-0300] {logging_mixin.py:188} INFO - [2024-03-02T09:58:04.059-0300] {dag.py:3834} INFO - Setting next_dagrun for example_external_task_marker_parent to None, run_after=None
[2024-03-02T09:58:04.079-0300] {processor.py:183} INFO - Processing /home/victor/Área de Trabalho/airflow/venv/lib/python3.10/site-packages/airflow/example_dags/example_external_task_marker_dag.py took 0.078 seconds
[2024-03-02T09:58:34.730-0300] {processor.py:161} INFO - Started process (PID=28899) to work on /home/victor/Área de Trabalho/airflow/venv/lib/python3.10/site-packages/airflow/example_dags/example_external_task_marker_dag.py
[2024-03-02T09:58:34.730-0300] {processor.py:830} INFO - Processing file /home/victor/Área de Trabalho/airflow/venv/lib/python3.10/site-packages/airflow/example_dags/example_external_task_marker_dag.py for tasks to queue
[2024-03-02T09:58:34.731-0300] {logging_mixin.py:188} INFO - [2024-03-02T09:58:34.731-0300] {dagbag.py:540} INFO - Filling up the DagBag from /home/victor/Área de Trabalho/airflow/venv/lib/python3.10/site-packages/airflow/example_dags/example_external_task_marker_dag.py
[2024-03-02T09:58:34.737-0300] {processor.py:840} INFO - DAG(s) 'example_external_task_marker_child', 'example_external_task_marker_parent' retrieved from /home/victor/Área de Trabalho/airflow/venv/lib/python3.10/site-packages/airflow/example_dags/example_external_task_marker_dag.py
[2024-03-02T09:58:34.770-0300] {logging_mixin.py:188} INFO - [2024-03-02T09:58:34.770-0300] {dag.py:3047} INFO - Sync 2 DAGs
[2024-03-02T09:58:34.783-0300] {logging_mixin.py:188} INFO - [2024-03-02T09:58:34.782-0300] {dag.py:3834} INFO - Setting next_dagrun for example_external_task_marker_child to None, run_after=None
[2024-03-02T09:58:34.786-0300] {logging_mixin.py:188} INFO - [2024-03-02T09:58:34.786-0300] {dag.py:3834} INFO - Setting next_dagrun for example_external_task_marker_parent to None, run_after=None
[2024-03-02T09:58:34.805-0300] {processor.py:183} INFO - Processing /home/victor/Área de Trabalho/airflow/venv/lib/python3.10/site-packages/airflow/example_dags/example_external_task_marker_dag.py took 0.078 seconds
[2024-03-02T09:59:05.301-0300] {processor.py:161} INFO - Started process (PID=29433) to work on /home/victor/Área de Trabalho/airflow/venv/lib/python3.10/site-packages/airflow/example_dags/example_external_task_marker_dag.py
[2024-03-02T09:59:05.302-0300] {processor.py:830} INFO - Processing file /home/victor/Área de Trabalho/airflow/venv/lib/python3.10/site-packages/airflow/example_dags/example_external_task_marker_dag.py for tasks to queue
[2024-03-02T09:59:05.303-0300] {logging_mixin.py:188} INFO - [2024-03-02T09:59:05.302-0300] {dagbag.py:540} INFO - Filling up the DagBag from /home/victor/Área de Trabalho/airflow/venv/lib/python3.10/site-packages/airflow/example_dags/example_external_task_marker_dag.py
[2024-03-02T09:59:05.308-0300] {processor.py:840} INFO - DAG(s) 'example_external_task_marker_child', 'example_external_task_marker_parent' retrieved from /home/victor/Área de Trabalho/airflow/venv/lib/python3.10/site-packages/airflow/example_dags/example_external_task_marker_dag.py
[2024-03-02T09:59:05.339-0300] {logging_mixin.py:188} INFO - [2024-03-02T09:59:05.339-0300] {dag.py:3047} INFO - Sync 2 DAGs
[2024-03-02T09:59:05.351-0300] {logging_mixin.py:188} INFO - [2024-03-02T09:59:05.351-0300] {dag.py:3834} INFO - Setting next_dagrun for example_external_task_marker_child to None, run_after=None
[2024-03-02T09:59:05.355-0300] {logging_mixin.py:188} INFO - [2024-03-02T09:59:05.355-0300] {dag.py:3834} INFO - Setting next_dagrun for example_external_task_marker_parent to None, run_after=None
[2024-03-02T09:59:05.372-0300] {processor.py:183} INFO - Processing /home/victor/Área de Trabalho/airflow/venv/lib/python3.10/site-packages/airflow/example_dags/example_external_task_marker_dag.py took 0.074 seconds
