[2024-03-02T09:36:58.095-0300] {processor.py:161} INFO - Started process (PID=7845) to work on /home/victor/Área de Trabalho/airflow/venv/lib/python3.10/site-packages/airflow/example_dags/tutorial_taskflow_api.py
[2024-03-02T09:36:58.096-0300] {processor.py:830} INFO - Processing file /home/victor/Área de Trabalho/airflow/venv/lib/python3.10/site-packages/airflow/example_dags/tutorial_taskflow_api.py for tasks to queue
[2024-03-02T09:36:58.097-0300] {logging_mixin.py:188} INFO - [2024-03-02T09:36:58.097-0300] {dagbag.py:540} INFO - Filling up the DagBag from /home/victor/Área de Trabalho/airflow/venv/lib/python3.10/site-packages/airflow/example_dags/tutorial_taskflow_api.py
[2024-03-02T09:36:58.104-0300] {processor.py:840} INFO - DAG(s) 'tutorial_taskflow_api' retrieved from /home/victor/Área de Trabalho/airflow/venv/lib/python3.10/site-packages/airflow/example_dags/tutorial_taskflow_api.py
[2024-03-02T09:36:58.124-0300] {logging_mixin.py:188} INFO - [2024-03-02T09:36:58.123-0300] {dag.py:3047} INFO - Sync 1 DAGs
[2024-03-02T09:36:58.136-0300] {logging_mixin.py:188} INFO - [2024-03-02T09:36:58.136-0300] {dag.py:3834} INFO - Setting next_dagrun for tutorial_taskflow_api to None, run_after=None
[2024-03-02T09:36:58.155-0300] {processor.py:183} INFO - Processing /home/victor/Área de Trabalho/airflow/venv/lib/python3.10/site-packages/airflow/example_dags/tutorial_taskflow_api.py took 0.063 seconds
[2024-03-02T09:37:28.966-0300] {processor.py:161} INFO - Started process (PID=9267) to work on /home/victor/Área de Trabalho/airflow/venv/lib/python3.10/site-packages/airflow/example_dags/tutorial_taskflow_api.py
[2024-03-02T09:37:28.967-0300] {processor.py:830} INFO - Processing file /home/victor/Área de Trabalho/airflow/venv/lib/python3.10/site-packages/airflow/example_dags/tutorial_taskflow_api.py for tasks to queue
[2024-03-02T09:37:28.967-0300] {logging_mixin.py:188} INFO - [2024-03-02T09:37:28.967-0300] {dagbag.py:540} INFO - Filling up the DagBag from /home/victor/Área de Trabalho/airflow/venv/lib/python3.10/site-packages/airflow/example_dags/tutorial_taskflow_api.py
[2024-03-02T09:37:28.973-0300] {processor.py:840} INFO - DAG(s) 'tutorial_taskflow_api' retrieved from /home/victor/Área de Trabalho/airflow/venv/lib/python3.10/site-packages/airflow/example_dags/tutorial_taskflow_api.py
[2024-03-02T09:37:29.077-0300] {logging_mixin.py:188} INFO - [2024-03-02T09:37:29.077-0300] {dag.py:3047} INFO - Sync 1 DAGs
[2024-03-02T09:37:29.087-0300] {logging_mixin.py:188} INFO - [2024-03-02T09:37:29.087-0300] {dag.py:3834} INFO - Setting next_dagrun for tutorial_taskflow_api to None, run_after=None
[2024-03-02T09:37:29.106-0300] {processor.py:183} INFO - Processing /home/victor/Área de Trabalho/airflow/venv/lib/python3.10/site-packages/airflow/example_dags/tutorial_taskflow_api.py took 0.143 seconds
[2024-03-02T09:37:59.705-0300] {processor.py:161} INFO - Started process (PID=9932) to work on /home/victor/Área de Trabalho/airflow/venv/lib/python3.10/site-packages/airflow/example_dags/tutorial_taskflow_api.py
[2024-03-02T09:37:59.706-0300] {processor.py:830} INFO - Processing file /home/victor/Área de Trabalho/airflow/venv/lib/python3.10/site-packages/airflow/example_dags/tutorial_taskflow_api.py for tasks to queue
[2024-03-02T09:37:59.706-0300] {logging_mixin.py:188} INFO - [2024-03-02T09:37:59.706-0300] {dagbag.py:540} INFO - Filling up the DagBag from /home/victor/Área de Trabalho/airflow/venv/lib/python3.10/site-packages/airflow/example_dags/tutorial_taskflow_api.py
[2024-03-02T09:37:59.712-0300] {processor.py:840} INFO - DAG(s) 'tutorial_taskflow_api' retrieved from /home/victor/Área de Trabalho/airflow/venv/lib/python3.10/site-packages/airflow/example_dags/tutorial_taskflow_api.py
[2024-03-02T09:37:59.738-0300] {logging_mixin.py:188} INFO - [2024-03-02T09:37:59.738-0300] {dag.py:3047} INFO - Sync 1 DAGs
[2024-03-02T09:37:59.750-0300] {logging_mixin.py:188} INFO - [2024-03-02T09:37:59.749-0300] {dag.py:3834} INFO - Setting next_dagrun for tutorial_taskflow_api to None, run_after=None
[2024-03-02T09:37:59.768-0300] {processor.py:183} INFO - Processing /home/victor/Área de Trabalho/airflow/venv/lib/python3.10/site-packages/airflow/example_dags/tutorial_taskflow_api.py took 0.065 seconds
[2024-03-02T09:38:31.154-0300] {processor.py:161} INFO - Started process (PID=10249) to work on /home/victor/Área de Trabalho/airflow/venv/lib/python3.10/site-packages/airflow/example_dags/tutorial_taskflow_api.py
[2024-03-02T09:38:31.155-0300] {processor.py:830} INFO - Processing file /home/victor/Área de Trabalho/airflow/venv/lib/python3.10/site-packages/airflow/example_dags/tutorial_taskflow_api.py for tasks to queue
[2024-03-02T09:38:31.156-0300] {logging_mixin.py:188} INFO - [2024-03-02T09:38:31.155-0300] {dagbag.py:540} INFO - Filling up the DagBag from /home/victor/Área de Trabalho/airflow/venv/lib/python3.10/site-packages/airflow/example_dags/tutorial_taskflow_api.py
[2024-03-02T09:38:31.161-0300] {processor.py:840} INFO - DAG(s) 'tutorial_taskflow_api' retrieved from /home/victor/Área de Trabalho/airflow/venv/lib/python3.10/site-packages/airflow/example_dags/tutorial_taskflow_api.py
[2024-03-02T09:38:31.186-0300] {logging_mixin.py:188} INFO - [2024-03-02T09:38:31.186-0300] {dag.py:3047} INFO - Sync 1 DAGs
[2024-03-02T09:38:31.197-0300] {logging_mixin.py:188} INFO - [2024-03-02T09:38:31.197-0300] {dag.py:3834} INFO - Setting next_dagrun for tutorial_taskflow_api to None, run_after=None
[2024-03-02T09:38:31.214-0300] {processor.py:183} INFO - Processing /home/victor/Área de Trabalho/airflow/venv/lib/python3.10/site-packages/airflow/example_dags/tutorial_taskflow_api.py took 0.063 seconds
[2024-03-02T09:39:02.591-0300] {processor.py:161} INFO - Started process (PID=10784) to work on /home/victor/Área de Trabalho/airflow/venv/lib/python3.10/site-packages/airflow/example_dags/tutorial_taskflow_api.py
[2024-03-02T09:39:02.592-0300] {processor.py:830} INFO - Processing file /home/victor/Área de Trabalho/airflow/venv/lib/python3.10/site-packages/airflow/example_dags/tutorial_taskflow_api.py for tasks to queue
[2024-03-02T09:39:02.593-0300] {logging_mixin.py:188} INFO - [2024-03-02T09:39:02.593-0300] {dagbag.py:540} INFO - Filling up the DagBag from /home/victor/Área de Trabalho/airflow/venv/lib/python3.10/site-packages/airflow/example_dags/tutorial_taskflow_api.py
[2024-03-02T09:39:02.599-0300] {processor.py:840} INFO - DAG(s) 'tutorial_taskflow_api' retrieved from /home/victor/Área de Trabalho/airflow/venv/lib/python3.10/site-packages/airflow/example_dags/tutorial_taskflow_api.py
[2024-03-02T09:39:02.628-0300] {logging_mixin.py:188} INFO - [2024-03-02T09:39:02.627-0300] {dag.py:3047} INFO - Sync 1 DAGs
[2024-03-02T09:39:02.641-0300] {logging_mixin.py:188} INFO - [2024-03-02T09:39:02.641-0300] {dag.py:3834} INFO - Setting next_dagrun for tutorial_taskflow_api to None, run_after=None
[2024-03-02T09:39:02.661-0300] {processor.py:183} INFO - Processing /home/victor/Área de Trabalho/airflow/venv/lib/python3.10/site-packages/airflow/example_dags/tutorial_taskflow_api.py took 0.073 seconds
[2024-03-02T09:39:33.811-0300] {processor.py:161} INFO - Started process (PID=11403) to work on /home/victor/Área de Trabalho/airflow/venv/lib/python3.10/site-packages/airflow/example_dags/tutorial_taskflow_api.py
[2024-03-02T09:39:33.811-0300] {processor.py:830} INFO - Processing file /home/victor/Área de Trabalho/airflow/venv/lib/python3.10/site-packages/airflow/example_dags/tutorial_taskflow_api.py for tasks to queue
[2024-03-02T09:39:33.812-0300] {logging_mixin.py:188} INFO - [2024-03-02T09:39:33.812-0300] {dagbag.py:540} INFO - Filling up the DagBag from /home/victor/Área de Trabalho/airflow/venv/lib/python3.10/site-packages/airflow/example_dags/tutorial_taskflow_api.py
[2024-03-02T09:39:33.818-0300] {processor.py:840} INFO - DAG(s) 'tutorial_taskflow_api' retrieved from /home/victor/Área de Trabalho/airflow/venv/lib/python3.10/site-packages/airflow/example_dags/tutorial_taskflow_api.py
[2024-03-02T09:39:33.844-0300] {logging_mixin.py:188} INFO - [2024-03-02T09:39:33.844-0300] {dag.py:3047} INFO - Sync 1 DAGs
[2024-03-02T09:39:33.855-0300] {logging_mixin.py:188} INFO - [2024-03-02T09:39:33.855-0300] {dag.py:3834} INFO - Setting next_dagrun for tutorial_taskflow_api to None, run_after=None
[2024-03-02T09:39:33.874-0300] {processor.py:183} INFO - Processing /home/victor/Área de Trabalho/airflow/venv/lib/python3.10/site-packages/airflow/example_dags/tutorial_taskflow_api.py took 0.066 seconds
[2024-03-02T09:40:05.130-0300] {processor.py:161} INFO - Started process (PID=11879) to work on /home/victor/Área de Trabalho/airflow/venv/lib/python3.10/site-packages/airflow/example_dags/tutorial_taskflow_api.py
[2024-03-02T09:40:05.131-0300] {processor.py:830} INFO - Processing file /home/victor/Área de Trabalho/airflow/venv/lib/python3.10/site-packages/airflow/example_dags/tutorial_taskflow_api.py for tasks to queue
[2024-03-02T09:40:05.132-0300] {logging_mixin.py:188} INFO - [2024-03-02T09:40:05.132-0300] {dagbag.py:540} INFO - Filling up the DagBag from /home/victor/Área de Trabalho/airflow/venv/lib/python3.10/site-packages/airflow/example_dags/tutorial_taskflow_api.py
[2024-03-02T09:40:05.138-0300] {processor.py:840} INFO - DAG(s) 'tutorial_taskflow_api' retrieved from /home/victor/Área de Trabalho/airflow/venv/lib/python3.10/site-packages/airflow/example_dags/tutorial_taskflow_api.py
[2024-03-02T09:40:05.164-0300] {logging_mixin.py:188} INFO - [2024-03-02T09:40:05.164-0300] {dag.py:3047} INFO - Sync 1 DAGs
[2024-03-02T09:40:05.175-0300] {logging_mixin.py:188} INFO - [2024-03-02T09:40:05.175-0300] {dag.py:3834} INFO - Setting next_dagrun for tutorial_taskflow_api to None, run_after=None
[2024-03-02T09:40:05.194-0300] {processor.py:183} INFO - Processing /home/victor/Área de Trabalho/airflow/venv/lib/python3.10/site-packages/airflow/example_dags/tutorial_taskflow_api.py took 0.067 seconds
[2024-03-02T09:40:36.411-0300] {processor.py:161} INFO - Started process (PID=12256) to work on /home/victor/Área de Trabalho/airflow/venv/lib/python3.10/site-packages/airflow/example_dags/tutorial_taskflow_api.py
[2024-03-02T09:40:36.411-0300] {processor.py:830} INFO - Processing file /home/victor/Área de Trabalho/airflow/venv/lib/python3.10/site-packages/airflow/example_dags/tutorial_taskflow_api.py for tasks to queue
[2024-03-02T09:40:36.412-0300] {logging_mixin.py:188} INFO - [2024-03-02T09:40:36.412-0300] {dagbag.py:540} INFO - Filling up the DagBag from /home/victor/Área de Trabalho/airflow/venv/lib/python3.10/site-packages/airflow/example_dags/tutorial_taskflow_api.py
[2024-03-02T09:40:36.419-0300] {processor.py:840} INFO - DAG(s) 'tutorial_taskflow_api' retrieved from /home/victor/Área de Trabalho/airflow/venv/lib/python3.10/site-packages/airflow/example_dags/tutorial_taskflow_api.py
[2024-03-02T09:40:36.449-0300] {logging_mixin.py:188} INFO - [2024-03-02T09:40:36.448-0300] {dag.py:3047} INFO - Sync 1 DAGs
[2024-03-02T09:40:36.461-0300] {logging_mixin.py:188} INFO - [2024-03-02T09:40:36.460-0300] {dag.py:3834} INFO - Setting next_dagrun for tutorial_taskflow_api to None, run_after=None
[2024-03-02T09:40:36.483-0300] {processor.py:183} INFO - Processing /home/victor/Área de Trabalho/airflow/venv/lib/python3.10/site-packages/airflow/example_dags/tutorial_taskflow_api.py took 0.075 seconds
[2024-03-02T09:41:07.153-0300] {processor.py:161} INFO - Started process (PID=12733) to work on /home/victor/Área de Trabalho/airflow/venv/lib/python3.10/site-packages/airflow/example_dags/tutorial_taskflow_api.py
[2024-03-02T09:41:07.154-0300] {processor.py:830} INFO - Processing file /home/victor/Área de Trabalho/airflow/venv/lib/python3.10/site-packages/airflow/example_dags/tutorial_taskflow_api.py for tasks to queue
[2024-03-02T09:41:07.155-0300] {logging_mixin.py:188} INFO - [2024-03-02T09:41:07.155-0300] {dagbag.py:540} INFO - Filling up the DagBag from /home/victor/Área de Trabalho/airflow/venv/lib/python3.10/site-packages/airflow/example_dags/tutorial_taskflow_api.py
[2024-03-02T09:41:07.161-0300] {processor.py:840} INFO - DAG(s) 'tutorial_taskflow_api' retrieved from /home/victor/Área de Trabalho/airflow/venv/lib/python3.10/site-packages/airflow/example_dags/tutorial_taskflow_api.py
[2024-03-02T09:41:07.192-0300] {logging_mixin.py:188} INFO - [2024-03-02T09:41:07.192-0300] {dag.py:3047} INFO - Sync 1 DAGs
[2024-03-02T09:41:07.205-0300] {logging_mixin.py:188} INFO - [2024-03-02T09:41:07.205-0300] {dag.py:3834} INFO - Setting next_dagrun for tutorial_taskflow_api to None, run_after=None
[2024-03-02T09:41:07.233-0300] {processor.py:183} INFO - Processing /home/victor/Área de Trabalho/airflow/venv/lib/python3.10/site-packages/airflow/example_dags/tutorial_taskflow_api.py took 0.083 seconds
[2024-03-02T09:41:38.151-0300] {processor.py:161} INFO - Started process (PID=13048) to work on /home/victor/Área de Trabalho/airflow/venv/lib/python3.10/site-packages/airflow/example_dags/tutorial_taskflow_api.py
[2024-03-02T09:41:38.152-0300] {processor.py:830} INFO - Processing file /home/victor/Área de Trabalho/airflow/venv/lib/python3.10/site-packages/airflow/example_dags/tutorial_taskflow_api.py for tasks to queue
[2024-03-02T09:41:38.153-0300] {logging_mixin.py:188} INFO - [2024-03-02T09:41:38.153-0300] {dagbag.py:540} INFO - Filling up the DagBag from /home/victor/Área de Trabalho/airflow/venv/lib/python3.10/site-packages/airflow/example_dags/tutorial_taskflow_api.py
[2024-03-02T09:41:38.159-0300] {processor.py:840} INFO - DAG(s) 'tutorial_taskflow_api' retrieved from /home/victor/Área de Trabalho/airflow/venv/lib/python3.10/site-packages/airflow/example_dags/tutorial_taskflow_api.py
[2024-03-02T09:41:38.188-0300] {logging_mixin.py:188} INFO - [2024-03-02T09:41:38.187-0300] {dag.py:3047} INFO - Sync 1 DAGs
[2024-03-02T09:41:38.200-0300] {logging_mixin.py:188} INFO - [2024-03-02T09:41:38.199-0300] {dag.py:3834} INFO - Setting next_dagrun for tutorial_taskflow_api to None, run_after=None
[2024-03-02T09:41:38.224-0300] {processor.py:183} INFO - Processing /home/victor/Área de Trabalho/airflow/venv/lib/python3.10/site-packages/airflow/example_dags/tutorial_taskflow_api.py took 0.077 seconds
[2024-03-02T09:42:08.863-0300] {processor.py:161} INFO - Started process (PID=13680) to work on /home/victor/Área de Trabalho/airflow/venv/lib/python3.10/site-packages/airflow/example_dags/tutorial_taskflow_api.py
[2024-03-02T09:42:08.864-0300] {processor.py:830} INFO - Processing file /home/victor/Área de Trabalho/airflow/venv/lib/python3.10/site-packages/airflow/example_dags/tutorial_taskflow_api.py for tasks to queue
[2024-03-02T09:42:08.865-0300] {logging_mixin.py:188} INFO - [2024-03-02T09:42:08.864-0300] {dagbag.py:540} INFO - Filling up the DagBag from /home/victor/Área de Trabalho/airflow/venv/lib/python3.10/site-packages/airflow/example_dags/tutorial_taskflow_api.py
[2024-03-02T09:42:08.870-0300] {processor.py:840} INFO - DAG(s) 'tutorial_taskflow_api' retrieved from /home/victor/Área de Trabalho/airflow/venv/lib/python3.10/site-packages/airflow/example_dags/tutorial_taskflow_api.py
[2024-03-02T09:42:08.898-0300] {logging_mixin.py:188} INFO - [2024-03-02T09:42:08.898-0300] {dag.py:3047} INFO - Sync 1 DAGs
[2024-03-02T09:42:08.911-0300] {logging_mixin.py:188} INFO - [2024-03-02T09:42:08.910-0300] {dag.py:3834} INFO - Setting next_dagrun for tutorial_taskflow_api to None, run_after=None
[2024-03-02T09:42:08.930-0300] {processor.py:183} INFO - Processing /home/victor/Área de Trabalho/airflow/venv/lib/python3.10/site-packages/airflow/example_dags/tutorial_taskflow_api.py took 0.069 seconds
[2024-03-02T09:42:39.765-0300] {processor.py:161} INFO - Started process (PID=14004) to work on /home/victor/Área de Trabalho/airflow/venv/lib/python3.10/site-packages/airflow/example_dags/tutorial_taskflow_api.py
[2024-03-02T09:42:39.766-0300] {processor.py:830} INFO - Processing file /home/victor/Área de Trabalho/airflow/venv/lib/python3.10/site-packages/airflow/example_dags/tutorial_taskflow_api.py for tasks to queue
[2024-03-02T09:42:39.767-0300] {logging_mixin.py:188} INFO - [2024-03-02T09:42:39.766-0300] {dagbag.py:540} INFO - Filling up the DagBag from /home/victor/Área de Trabalho/airflow/venv/lib/python3.10/site-packages/airflow/example_dags/tutorial_taskflow_api.py
[2024-03-02T09:42:39.773-0300] {processor.py:840} INFO - DAG(s) 'tutorial_taskflow_api' retrieved from /home/victor/Área de Trabalho/airflow/venv/lib/python3.10/site-packages/airflow/example_dags/tutorial_taskflow_api.py
[2024-03-02T09:42:39.800-0300] {logging_mixin.py:188} INFO - [2024-03-02T09:42:39.800-0300] {dag.py:3047} INFO - Sync 1 DAGs
[2024-03-02T09:42:39.816-0300] {logging_mixin.py:188} INFO - [2024-03-02T09:42:39.816-0300] {dag.py:3834} INFO - Setting next_dagrun for tutorial_taskflow_api to None, run_after=None
[2024-03-02T09:42:39.847-0300] {processor.py:183} INFO - Processing /home/victor/Área de Trabalho/airflow/venv/lib/python3.10/site-packages/airflow/example_dags/tutorial_taskflow_api.py took 0.086 seconds
[2024-03-02T09:43:10.899-0300] {processor.py:161} INFO - Started process (PID=14482) to work on /home/victor/Área de Trabalho/airflow/venv/lib/python3.10/site-packages/airflow/example_dags/tutorial_taskflow_api.py
[2024-03-02T09:43:10.900-0300] {processor.py:830} INFO - Processing file /home/victor/Área de Trabalho/airflow/venv/lib/python3.10/site-packages/airflow/example_dags/tutorial_taskflow_api.py for tasks to queue
[2024-03-02T09:43:10.901-0300] {logging_mixin.py:188} INFO - [2024-03-02T09:43:10.900-0300] {dagbag.py:540} INFO - Filling up the DagBag from /home/victor/Área de Trabalho/airflow/venv/lib/python3.10/site-packages/airflow/example_dags/tutorial_taskflow_api.py
[2024-03-02T09:43:10.908-0300] {processor.py:840} INFO - DAG(s) 'tutorial_taskflow_api' retrieved from /home/victor/Área de Trabalho/airflow/venv/lib/python3.10/site-packages/airflow/example_dags/tutorial_taskflow_api.py
[2024-03-02T09:43:10.936-0300] {logging_mixin.py:188} INFO - [2024-03-02T09:43:10.936-0300] {dag.py:3047} INFO - Sync 1 DAGs
[2024-03-02T09:43:10.949-0300] {logging_mixin.py:188} INFO - [2024-03-02T09:43:10.949-0300] {dag.py:3834} INFO - Setting next_dagrun for tutorial_taskflow_api to None, run_after=None
[2024-03-02T09:43:10.971-0300] {processor.py:183} INFO - Processing /home/victor/Área de Trabalho/airflow/venv/lib/python3.10/site-packages/airflow/example_dags/tutorial_taskflow_api.py took 0.077 seconds
[2024-03-02T09:43:41.749-0300] {processor.py:161} INFO - Started process (PID=14803) to work on /home/victor/Área de Trabalho/airflow/venv/lib/python3.10/site-packages/airflow/example_dags/tutorial_taskflow_api.py
[2024-03-02T09:43:41.749-0300] {processor.py:830} INFO - Processing file /home/victor/Área de Trabalho/airflow/venv/lib/python3.10/site-packages/airflow/example_dags/tutorial_taskflow_api.py for tasks to queue
[2024-03-02T09:43:41.750-0300] {logging_mixin.py:188} INFO - [2024-03-02T09:43:41.750-0300] {dagbag.py:540} INFO - Filling up the DagBag from /home/victor/Área de Trabalho/airflow/venv/lib/python3.10/site-packages/airflow/example_dags/tutorial_taskflow_api.py
[2024-03-02T09:43:41.762-0300] {processor.py:840} INFO - DAG(s) 'tutorial_taskflow_api' retrieved from /home/victor/Área de Trabalho/airflow/venv/lib/python3.10/site-packages/airflow/example_dags/tutorial_taskflow_api.py
[2024-03-02T09:43:41.788-0300] {logging_mixin.py:188} INFO - [2024-03-02T09:43:41.788-0300] {dag.py:3047} INFO - Sync 1 DAGs
[2024-03-02T09:43:41.803-0300] {logging_mixin.py:188} INFO - [2024-03-02T09:43:41.803-0300] {dag.py:3834} INFO - Setting next_dagrun for tutorial_taskflow_api to None, run_after=None
[2024-03-02T09:43:41.826-0300] {processor.py:183} INFO - Processing /home/victor/Área de Trabalho/airflow/venv/lib/python3.10/site-packages/airflow/example_dags/tutorial_taskflow_api.py took 0.080 seconds
[2024-03-02T09:44:13.180-0300] {processor.py:161} INFO - Started process (PID=15285) to work on /home/victor/Área de Trabalho/airflow/venv/lib/python3.10/site-packages/airflow/example_dags/tutorial_taskflow_api.py
[2024-03-02T09:44:13.187-0300] {processor.py:830} INFO - Processing file /home/victor/Área de Trabalho/airflow/venv/lib/python3.10/site-packages/airflow/example_dags/tutorial_taskflow_api.py for tasks to queue
[2024-03-02T09:44:13.188-0300] {logging_mixin.py:188} INFO - [2024-03-02T09:44:13.188-0300] {dagbag.py:540} INFO - Filling up the DagBag from /home/victor/Área de Trabalho/airflow/venv/lib/python3.10/site-packages/airflow/example_dags/tutorial_taskflow_api.py
[2024-03-02T09:44:13.194-0300] {processor.py:840} INFO - DAG(s) 'tutorial_taskflow_api' retrieved from /home/victor/Área de Trabalho/airflow/venv/lib/python3.10/site-packages/airflow/example_dags/tutorial_taskflow_api.py
[2024-03-02T09:44:13.223-0300] {logging_mixin.py:188} INFO - [2024-03-02T09:44:13.223-0300] {dag.py:3047} INFO - Sync 1 DAGs
[2024-03-02T09:44:13.236-0300] {logging_mixin.py:188} INFO - [2024-03-02T09:44:13.236-0300] {dag.py:3834} INFO - Setting next_dagrun for tutorial_taskflow_api to None, run_after=None
[2024-03-02T09:44:13.257-0300] {processor.py:183} INFO - Processing /home/victor/Área de Trabalho/airflow/venv/lib/python3.10/site-packages/airflow/example_dags/tutorial_taskflow_api.py took 0.080 seconds
[2024-03-02T09:44:43.849-0300] {processor.py:161} INFO - Started process (PID=15608) to work on /home/victor/Área de Trabalho/airflow/venv/lib/python3.10/site-packages/airflow/example_dags/tutorial_taskflow_api.py
[2024-03-02T09:44:43.850-0300] {processor.py:830} INFO - Processing file /home/victor/Área de Trabalho/airflow/venv/lib/python3.10/site-packages/airflow/example_dags/tutorial_taskflow_api.py for tasks to queue
[2024-03-02T09:44:43.851-0300] {logging_mixin.py:188} INFO - [2024-03-02T09:44:43.850-0300] {dagbag.py:540} INFO - Filling up the DagBag from /home/victor/Área de Trabalho/airflow/venv/lib/python3.10/site-packages/airflow/example_dags/tutorial_taskflow_api.py
[2024-03-02T09:44:43.858-0300] {processor.py:840} INFO - DAG(s) 'tutorial_taskflow_api' retrieved from /home/victor/Área de Trabalho/airflow/venv/lib/python3.10/site-packages/airflow/example_dags/tutorial_taskflow_api.py
[2024-03-02T09:44:43.887-0300] {logging_mixin.py:188} INFO - [2024-03-02T09:44:43.886-0300] {dag.py:3047} INFO - Sync 1 DAGs
[2024-03-02T09:44:43.900-0300] {logging_mixin.py:188} INFO - [2024-03-02T09:44:43.900-0300] {dag.py:3834} INFO - Setting next_dagrun for tutorial_taskflow_api to None, run_after=None
[2024-03-02T09:44:43.925-0300] {processor.py:183} INFO - Processing /home/victor/Área de Trabalho/airflow/venv/lib/python3.10/site-packages/airflow/example_dags/tutorial_taskflow_api.py took 0.079 seconds
[2024-03-02T09:45:14.565-0300] {processor.py:161} INFO - Started process (PID=16093) to work on /home/victor/Área de Trabalho/airflow/venv/lib/python3.10/site-packages/airflow/example_dags/tutorial_taskflow_api.py
[2024-03-02T09:45:14.566-0300] {processor.py:830} INFO - Processing file /home/victor/Área de Trabalho/airflow/venv/lib/python3.10/site-packages/airflow/example_dags/tutorial_taskflow_api.py for tasks to queue
[2024-03-02T09:45:14.567-0300] {logging_mixin.py:188} INFO - [2024-03-02T09:45:14.567-0300] {dagbag.py:540} INFO - Filling up the DagBag from /home/victor/Área de Trabalho/airflow/venv/lib/python3.10/site-packages/airflow/example_dags/tutorial_taskflow_api.py
[2024-03-02T09:45:14.575-0300] {processor.py:840} INFO - DAG(s) 'tutorial_taskflow_api' retrieved from /home/victor/Área de Trabalho/airflow/venv/lib/python3.10/site-packages/airflow/example_dags/tutorial_taskflow_api.py
[2024-03-02T09:45:14.602-0300] {logging_mixin.py:188} INFO - [2024-03-02T09:45:14.601-0300] {dag.py:3047} INFO - Sync 1 DAGs
[2024-03-02T09:45:14.617-0300] {logging_mixin.py:188} INFO - [2024-03-02T09:45:14.616-0300] {dag.py:3834} INFO - Setting next_dagrun for tutorial_taskflow_api to None, run_after=None
[2024-03-02T09:45:14.648-0300] {processor.py:183} INFO - Processing /home/victor/Área de Trabalho/airflow/venv/lib/python3.10/site-packages/airflow/example_dags/tutorial_taskflow_api.py took 0.086 seconds
[2024-03-02T09:45:45.766-0300] {processor.py:161} INFO - Started process (PID=16600) to work on /home/victor/Área de Trabalho/airflow/venv/lib/python3.10/site-packages/airflow/example_dags/tutorial_taskflow_api.py
[2024-03-02T09:45:45.768-0300] {processor.py:830} INFO - Processing file /home/victor/Área de Trabalho/airflow/venv/lib/python3.10/site-packages/airflow/example_dags/tutorial_taskflow_api.py for tasks to queue
[2024-03-02T09:45:45.769-0300] {logging_mixin.py:188} INFO - [2024-03-02T09:45:45.768-0300] {dagbag.py:540} INFO - Filling up the DagBag from /home/victor/Área de Trabalho/airflow/venv/lib/python3.10/site-packages/airflow/example_dags/tutorial_taskflow_api.py
[2024-03-02T09:45:45.775-0300] {processor.py:840} INFO - DAG(s) 'tutorial_taskflow_api' retrieved from /home/victor/Área de Trabalho/airflow/venv/lib/python3.10/site-packages/airflow/example_dags/tutorial_taskflow_api.py
[2024-03-02T09:45:45.802-0300] {logging_mixin.py:188} INFO - [2024-03-02T09:45:45.802-0300] {dag.py:3047} INFO - Sync 1 DAGs
[2024-03-02T09:45:45.815-0300] {logging_mixin.py:188} INFO - [2024-03-02T09:45:45.815-0300] {dag.py:3834} INFO - Setting next_dagrun for tutorial_taskflow_api to None, run_after=None
[2024-03-02T09:45:45.838-0300] {processor.py:183} INFO - Processing /home/victor/Área de Trabalho/airflow/venv/lib/python3.10/site-packages/airflow/example_dags/tutorial_taskflow_api.py took 0.074 seconds
[2024-03-02T09:46:17.267-0300] {processor.py:161} INFO - Started process (PID=17092) to work on /home/victor/Área de Trabalho/airflow/venv/lib/python3.10/site-packages/airflow/example_dags/tutorial_taskflow_api.py
[2024-03-02T09:46:17.267-0300] {processor.py:830} INFO - Processing file /home/victor/Área de Trabalho/airflow/venv/lib/python3.10/site-packages/airflow/example_dags/tutorial_taskflow_api.py for tasks to queue
[2024-03-02T09:46:17.268-0300] {logging_mixin.py:188} INFO - [2024-03-02T09:46:17.268-0300] {dagbag.py:540} INFO - Filling up the DagBag from /home/victor/Área de Trabalho/airflow/venv/lib/python3.10/site-packages/airflow/example_dags/tutorial_taskflow_api.py
[2024-03-02T09:46:17.274-0300] {processor.py:840} INFO - DAG(s) 'tutorial_taskflow_api' retrieved from /home/victor/Área de Trabalho/airflow/venv/lib/python3.10/site-packages/airflow/example_dags/tutorial_taskflow_api.py
[2024-03-02T09:46:17.305-0300] {logging_mixin.py:188} INFO - [2024-03-02T09:46:17.305-0300] {dag.py:3047} INFO - Sync 1 DAGs
[2024-03-02T09:46:17.316-0300] {logging_mixin.py:188} INFO - [2024-03-02T09:46:17.316-0300] {dag.py:3834} INFO - Setting next_dagrun for tutorial_taskflow_api to None, run_after=None
[2024-03-02T09:46:17.339-0300] {processor.py:183} INFO - Processing /home/victor/Área de Trabalho/airflow/venv/lib/python3.10/site-packages/airflow/example_dags/tutorial_taskflow_api.py took 0.076 seconds
[2024-03-02T09:46:48.071-0300] {processor.py:161} INFO - Started process (PID=17414) to work on /home/victor/Área de Trabalho/airflow/venv/lib/python3.10/site-packages/airflow/example_dags/tutorial_taskflow_api.py
[2024-03-02T09:46:48.072-0300] {processor.py:830} INFO - Processing file /home/victor/Área de Trabalho/airflow/venv/lib/python3.10/site-packages/airflow/example_dags/tutorial_taskflow_api.py for tasks to queue
[2024-03-02T09:46:48.073-0300] {logging_mixin.py:188} INFO - [2024-03-02T09:46:48.072-0300] {dagbag.py:540} INFO - Filling up the DagBag from /home/victor/Área de Trabalho/airflow/venv/lib/python3.10/site-packages/airflow/example_dags/tutorial_taskflow_api.py
[2024-03-02T09:46:48.078-0300] {processor.py:840} INFO - DAG(s) 'tutorial_taskflow_api' retrieved from /home/victor/Área de Trabalho/airflow/venv/lib/python3.10/site-packages/airflow/example_dags/tutorial_taskflow_api.py
[2024-03-02T09:46:48.106-0300] {logging_mixin.py:188} INFO - [2024-03-02T09:46:48.106-0300] {dag.py:3047} INFO - Sync 1 DAGs
[2024-03-02T09:46:48.117-0300] {logging_mixin.py:188} INFO - [2024-03-02T09:46:48.117-0300] {dag.py:3834} INFO - Setting next_dagrun for tutorial_taskflow_api to None, run_after=None
[2024-03-02T09:46:48.138-0300] {processor.py:183} INFO - Processing /home/victor/Área de Trabalho/airflow/venv/lib/python3.10/site-packages/airflow/example_dags/tutorial_taskflow_api.py took 0.070 seconds
[2024-03-02T09:47:18.795-0300] {processor.py:161} INFO - Started process (PID=18071) to work on /home/victor/Área de Trabalho/airflow/venv/lib/python3.10/site-packages/airflow/example_dags/tutorial_taskflow_api.py
[2024-03-02T09:47:18.796-0300] {processor.py:830} INFO - Processing file /home/victor/Área de Trabalho/airflow/venv/lib/python3.10/site-packages/airflow/example_dags/tutorial_taskflow_api.py for tasks to queue
[2024-03-02T09:47:18.796-0300] {logging_mixin.py:188} INFO - [2024-03-02T09:47:18.796-0300] {dagbag.py:540} INFO - Filling up the DagBag from /home/victor/Área de Trabalho/airflow/venv/lib/python3.10/site-packages/airflow/example_dags/tutorial_taskflow_api.py
[2024-03-02T09:47:18.802-0300] {processor.py:840} INFO - DAG(s) 'tutorial_taskflow_api' retrieved from /home/victor/Área de Trabalho/airflow/venv/lib/python3.10/site-packages/airflow/example_dags/tutorial_taskflow_api.py
[2024-03-02T09:47:18.832-0300] {logging_mixin.py:188} INFO - [2024-03-02T09:47:18.832-0300] {dag.py:3047} INFO - Sync 1 DAGs
[2024-03-02T09:47:18.844-0300] {logging_mixin.py:188} INFO - [2024-03-02T09:47:18.844-0300] {dag.py:3834} INFO - Setting next_dagrun for tutorial_taskflow_api to None, run_after=None
[2024-03-02T09:47:18.864-0300] {processor.py:183} INFO - Processing /home/victor/Área de Trabalho/airflow/venv/lib/python3.10/site-packages/airflow/example_dags/tutorial_taskflow_api.py took 0.072 seconds
[2024-03-02T09:47:49.621-0300] {processor.py:161} INFO - Started process (PID=18393) to work on /home/victor/Área de Trabalho/airflow/venv/lib/python3.10/site-packages/airflow/example_dags/tutorial_taskflow_api.py
[2024-03-02T09:47:49.623-0300] {processor.py:830} INFO - Processing file /home/victor/Área de Trabalho/airflow/venv/lib/python3.10/site-packages/airflow/example_dags/tutorial_taskflow_api.py for tasks to queue
[2024-03-02T09:47:49.623-0300] {logging_mixin.py:188} INFO - [2024-03-02T09:47:49.623-0300] {dagbag.py:540} INFO - Filling up the DagBag from /home/victor/Área de Trabalho/airflow/venv/lib/python3.10/site-packages/airflow/example_dags/tutorial_taskflow_api.py
[2024-03-02T09:47:49.629-0300] {processor.py:840} INFO - DAG(s) 'tutorial_taskflow_api' retrieved from /home/victor/Área de Trabalho/airflow/venv/lib/python3.10/site-packages/airflow/example_dags/tutorial_taskflow_api.py
[2024-03-02T09:47:49.655-0300] {logging_mixin.py:188} INFO - [2024-03-02T09:47:49.655-0300] {dag.py:3047} INFO - Sync 1 DAGs
[2024-03-02T09:47:49.667-0300] {logging_mixin.py:188} INFO - [2024-03-02T09:47:49.667-0300] {dag.py:3834} INFO - Setting next_dagrun for tutorial_taskflow_api to None, run_after=None
[2024-03-02T09:47:49.688-0300] {processor.py:183} INFO - Processing /home/victor/Área de Trabalho/airflow/venv/lib/python3.10/site-packages/airflow/example_dags/tutorial_taskflow_api.py took 0.071 seconds
[2024-03-02T09:48:20.262-0300] {processor.py:161} INFO - Started process (PID=18879) to work on /home/victor/Área de Trabalho/airflow/venv/lib/python3.10/site-packages/airflow/example_dags/tutorial_taskflow_api.py
[2024-03-02T09:48:20.263-0300] {processor.py:830} INFO - Processing file /home/victor/Área de Trabalho/airflow/venv/lib/python3.10/site-packages/airflow/example_dags/tutorial_taskflow_api.py for tasks to queue
[2024-03-02T09:48:20.264-0300] {logging_mixin.py:188} INFO - [2024-03-02T09:48:20.264-0300] {dagbag.py:540} INFO - Filling up the DagBag from /home/victor/Área de Trabalho/airflow/venv/lib/python3.10/site-packages/airflow/example_dags/tutorial_taskflow_api.py
[2024-03-02T09:48:20.271-0300] {processor.py:840} INFO - DAG(s) 'tutorial_taskflow_api' retrieved from /home/victor/Área de Trabalho/airflow/venv/lib/python3.10/site-packages/airflow/example_dags/tutorial_taskflow_api.py
[2024-03-02T09:48:20.300-0300] {logging_mixin.py:188} INFO - [2024-03-02T09:48:20.300-0300] {dag.py:3047} INFO - Sync 1 DAGs
[2024-03-02T09:48:20.315-0300] {logging_mixin.py:188} INFO - [2024-03-02T09:48:20.314-0300] {dag.py:3834} INFO - Setting next_dagrun for tutorial_taskflow_api to None, run_after=None
[2024-03-02T09:48:20.336-0300] {processor.py:183} INFO - Processing /home/victor/Área de Trabalho/airflow/venv/lib/python3.10/site-packages/airflow/example_dags/tutorial_taskflow_api.py took 0.077 seconds
[2024-03-02T09:48:51.042-0300] {processor.py:161} INFO - Started process (PID=19222) to work on /home/victor/Área de Trabalho/airflow/venv/lib/python3.10/site-packages/airflow/example_dags/tutorial_taskflow_api.py
[2024-03-02T09:48:51.043-0300] {processor.py:830} INFO - Processing file /home/victor/Área de Trabalho/airflow/venv/lib/python3.10/site-packages/airflow/example_dags/tutorial_taskflow_api.py for tasks to queue
[2024-03-02T09:48:51.044-0300] {logging_mixin.py:188} INFO - [2024-03-02T09:48:51.044-0300] {dagbag.py:540} INFO - Filling up the DagBag from /home/victor/Área de Trabalho/airflow/venv/lib/python3.10/site-packages/airflow/example_dags/tutorial_taskflow_api.py
[2024-03-02T09:48:51.049-0300] {processor.py:840} INFO - DAG(s) 'tutorial_taskflow_api' retrieved from /home/victor/Área de Trabalho/airflow/venv/lib/python3.10/site-packages/airflow/example_dags/tutorial_taskflow_api.py
[2024-03-02T09:48:51.079-0300] {logging_mixin.py:188} INFO - [2024-03-02T09:48:51.079-0300] {dag.py:3047} INFO - Sync 1 DAGs
[2024-03-02T09:48:51.092-0300] {logging_mixin.py:188} INFO - [2024-03-02T09:48:51.092-0300] {dag.py:3834} INFO - Setting next_dagrun for tutorial_taskflow_api to None, run_after=None
[2024-03-02T09:48:51.115-0300] {processor.py:183} INFO - Processing /home/victor/Área de Trabalho/airflow/venv/lib/python3.10/site-packages/airflow/example_dags/tutorial_taskflow_api.py took 0.075 seconds
[2024-03-02T09:49:21.783-0300] {processor.py:161} INFO - Started process (PID=19704) to work on /home/victor/Área de Trabalho/airflow/venv/lib/python3.10/site-packages/airflow/example_dags/tutorial_taskflow_api.py
[2024-03-02T09:49:21.784-0300] {processor.py:830} INFO - Processing file /home/victor/Área de Trabalho/airflow/venv/lib/python3.10/site-packages/airflow/example_dags/tutorial_taskflow_api.py for tasks to queue
[2024-03-02T09:49:21.785-0300] {logging_mixin.py:188} INFO - [2024-03-02T09:49:21.784-0300] {dagbag.py:540} INFO - Filling up the DagBag from /home/victor/Área de Trabalho/airflow/venv/lib/python3.10/site-packages/airflow/example_dags/tutorial_taskflow_api.py
[2024-03-02T09:49:21.790-0300] {processor.py:840} INFO - DAG(s) 'tutorial_taskflow_api' retrieved from /home/victor/Área de Trabalho/airflow/venv/lib/python3.10/site-packages/airflow/example_dags/tutorial_taskflow_api.py
[2024-03-02T09:49:21.819-0300] {logging_mixin.py:188} INFO - [2024-03-02T09:49:21.819-0300] {dag.py:3047} INFO - Sync 1 DAGs
[2024-03-02T09:49:21.834-0300] {logging_mixin.py:188} INFO - [2024-03-02T09:49:21.834-0300] {dag.py:3834} INFO - Setting next_dagrun for tutorial_taskflow_api to None, run_after=None
[2024-03-02T09:49:21.854-0300] {processor.py:183} INFO - Processing /home/victor/Área de Trabalho/airflow/venv/lib/python3.10/site-packages/airflow/example_dags/tutorial_taskflow_api.py took 0.074 seconds
[2024-03-02T09:49:52.507-0300] {processor.py:161} INFO - Started process (PID=20026) to work on /home/victor/Área de Trabalho/airflow/venv/lib/python3.10/site-packages/airflow/example_dags/tutorial_taskflow_api.py
[2024-03-02T09:49:52.508-0300] {processor.py:830} INFO - Processing file /home/victor/Área de Trabalho/airflow/venv/lib/python3.10/site-packages/airflow/example_dags/tutorial_taskflow_api.py for tasks to queue
[2024-03-02T09:49:52.508-0300] {logging_mixin.py:188} INFO - [2024-03-02T09:49:52.508-0300] {dagbag.py:540} INFO - Filling up the DagBag from /home/victor/Área de Trabalho/airflow/venv/lib/python3.10/site-packages/airflow/example_dags/tutorial_taskflow_api.py
[2024-03-02T09:49:52.514-0300] {processor.py:840} INFO - DAG(s) 'tutorial_taskflow_api' retrieved from /home/victor/Área de Trabalho/airflow/venv/lib/python3.10/site-packages/airflow/example_dags/tutorial_taskflow_api.py
[2024-03-02T09:49:52.542-0300] {logging_mixin.py:188} INFO - [2024-03-02T09:49:52.542-0300] {dag.py:3047} INFO - Sync 1 DAGs
[2024-03-02T09:49:52.554-0300] {logging_mixin.py:188} INFO - [2024-03-02T09:49:52.554-0300] {dag.py:3834} INFO - Setting next_dagrun for tutorial_taskflow_api to None, run_after=None
[2024-03-02T09:49:52.575-0300] {processor.py:183} INFO - Processing /home/victor/Área de Trabalho/airflow/venv/lib/python3.10/site-packages/airflow/example_dags/tutorial_taskflow_api.py took 0.071 seconds
[2024-03-02T09:50:23.160-0300] {processor.py:161} INFO - Started process (PID=20507) to work on /home/victor/Área de Trabalho/airflow/venv/lib/python3.10/site-packages/airflow/example_dags/tutorial_taskflow_api.py
[2024-03-02T09:50:23.161-0300] {processor.py:830} INFO - Processing file /home/victor/Área de Trabalho/airflow/venv/lib/python3.10/site-packages/airflow/example_dags/tutorial_taskflow_api.py for tasks to queue
[2024-03-02T09:50:23.162-0300] {logging_mixin.py:188} INFO - [2024-03-02T09:50:23.162-0300] {dagbag.py:540} INFO - Filling up the DagBag from /home/victor/Área de Trabalho/airflow/venv/lib/python3.10/site-packages/airflow/example_dags/tutorial_taskflow_api.py
[2024-03-02T09:50:23.167-0300] {processor.py:840} INFO - DAG(s) 'tutorial_taskflow_api' retrieved from /home/victor/Área de Trabalho/airflow/venv/lib/python3.10/site-packages/airflow/example_dags/tutorial_taskflow_api.py
[2024-03-02T09:50:23.193-0300] {logging_mixin.py:188} INFO - [2024-03-02T09:50:23.193-0300] {dag.py:3047} INFO - Sync 1 DAGs
[2024-03-02T09:50:23.205-0300] {logging_mixin.py:188} INFO - [2024-03-02T09:50:23.205-0300] {dag.py:3834} INFO - Setting next_dagrun for tutorial_taskflow_api to None, run_after=None
[2024-03-02T09:50:23.227-0300] {processor.py:183} INFO - Processing /home/victor/Área de Trabalho/airflow/venv/lib/python3.10/site-packages/airflow/example_dags/tutorial_taskflow_api.py took 0.069 seconds
[2024-03-02T09:50:54.617-0300] {processor.py:161} INFO - Started process (PID=20865) to work on /home/victor/Área de Trabalho/airflow/venv/lib/python3.10/site-packages/airflow/example_dags/tutorial_taskflow_api.py
[2024-03-02T09:50:54.618-0300] {processor.py:830} INFO - Processing file /home/victor/Área de Trabalho/airflow/venv/lib/python3.10/site-packages/airflow/example_dags/tutorial_taskflow_api.py for tasks to queue
[2024-03-02T09:50:54.618-0300] {logging_mixin.py:188} INFO - [2024-03-02T09:50:54.618-0300] {dagbag.py:540} INFO - Filling up the DagBag from /home/victor/Área de Trabalho/airflow/venv/lib/python3.10/site-packages/airflow/example_dags/tutorial_taskflow_api.py
[2024-03-02T09:50:54.624-0300] {processor.py:840} INFO - DAG(s) 'tutorial_taskflow_api' retrieved from /home/victor/Área de Trabalho/airflow/venv/lib/python3.10/site-packages/airflow/example_dags/tutorial_taskflow_api.py
[2024-03-02T09:50:54.653-0300] {logging_mixin.py:188} INFO - [2024-03-02T09:50:54.653-0300] {dag.py:3047} INFO - Sync 1 DAGs
[2024-03-02T09:50:54.665-0300] {logging_mixin.py:188} INFO - [2024-03-02T09:50:54.665-0300] {dag.py:3834} INFO - Setting next_dagrun for tutorial_taskflow_api to None, run_after=None
[2024-03-02T09:50:54.688-0300] {processor.py:183} INFO - Processing /home/victor/Área de Trabalho/airflow/venv/lib/python3.10/site-packages/airflow/example_dags/tutorial_taskflow_api.py took 0.075 seconds
[2024-03-02T09:51:25.328-0300] {processor.py:161} INFO - Started process (PID=21346) to work on /home/victor/Área de Trabalho/airflow/venv/lib/python3.10/site-packages/airflow/example_dags/tutorial_taskflow_api.py
[2024-03-02T09:51:25.329-0300] {processor.py:830} INFO - Processing file /home/victor/Área de Trabalho/airflow/venv/lib/python3.10/site-packages/airflow/example_dags/tutorial_taskflow_api.py for tasks to queue
[2024-03-02T09:51:25.330-0300] {logging_mixin.py:188} INFO - [2024-03-02T09:51:25.330-0300] {dagbag.py:540} INFO - Filling up the DagBag from /home/victor/Área de Trabalho/airflow/venv/lib/python3.10/site-packages/airflow/example_dags/tutorial_taskflow_api.py
[2024-03-02T09:51:25.335-0300] {processor.py:840} INFO - DAG(s) 'tutorial_taskflow_api' retrieved from /home/victor/Área de Trabalho/airflow/venv/lib/python3.10/site-packages/airflow/example_dags/tutorial_taskflow_api.py
[2024-03-02T09:51:25.365-0300] {logging_mixin.py:188} INFO - [2024-03-02T09:51:25.365-0300] {dag.py:3047} INFO - Sync 1 DAGs
[2024-03-02T09:51:25.377-0300] {logging_mixin.py:188} INFO - [2024-03-02T09:51:25.377-0300] {dag.py:3834} INFO - Setting next_dagrun for tutorial_taskflow_api to None, run_after=None
[2024-03-02T09:51:25.403-0300] {processor.py:183} INFO - Processing /home/victor/Área de Trabalho/airflow/venv/lib/python3.10/site-packages/airflow/example_dags/tutorial_taskflow_api.py took 0.077 seconds
[2024-03-02T09:51:56.063-0300] {processor.py:161} INFO - Started process (PID=21667) to work on /home/victor/Área de Trabalho/airflow/venv/lib/python3.10/site-packages/airflow/example_dags/tutorial_taskflow_api.py
[2024-03-02T09:51:56.066-0300] {processor.py:830} INFO - Processing file /home/victor/Área de Trabalho/airflow/venv/lib/python3.10/site-packages/airflow/example_dags/tutorial_taskflow_api.py for tasks to queue
[2024-03-02T09:51:56.067-0300] {logging_mixin.py:188} INFO - [2024-03-02T09:51:56.067-0300] {dagbag.py:540} INFO - Filling up the DagBag from /home/victor/Área de Trabalho/airflow/venv/lib/python3.10/site-packages/airflow/example_dags/tutorial_taskflow_api.py
[2024-03-02T09:51:56.072-0300] {processor.py:840} INFO - DAG(s) 'tutorial_taskflow_api' retrieved from /home/victor/Área de Trabalho/airflow/venv/lib/python3.10/site-packages/airflow/example_dags/tutorial_taskflow_api.py
[2024-03-02T09:51:56.098-0300] {logging_mixin.py:188} INFO - [2024-03-02T09:51:56.097-0300] {dag.py:3047} INFO - Sync 1 DAGs
[2024-03-02T09:51:56.111-0300] {logging_mixin.py:188} INFO - [2024-03-02T09:51:56.111-0300] {dag.py:3834} INFO - Setting next_dagrun for tutorial_taskflow_api to None, run_after=None
[2024-03-02T09:51:56.131-0300] {processor.py:183} INFO - Processing /home/victor/Área de Trabalho/airflow/venv/lib/python3.10/site-packages/airflow/example_dags/tutorial_taskflow_api.py took 0.073 seconds
[2024-03-02T09:52:26.467-0300] {processor.py:161} INFO - Started process (PID=22309) to work on /home/victor/Área de Trabalho/airflow/venv/lib/python3.10/site-packages/airflow/example_dags/tutorial_taskflow_api.py
[2024-03-02T09:52:26.467-0300] {processor.py:830} INFO - Processing file /home/victor/Área de Trabalho/airflow/venv/lib/python3.10/site-packages/airflow/example_dags/tutorial_taskflow_api.py for tasks to queue
[2024-03-02T09:52:26.468-0300] {logging_mixin.py:188} INFO - [2024-03-02T09:52:26.468-0300] {dagbag.py:540} INFO - Filling up the DagBag from /home/victor/Área de Trabalho/airflow/venv/lib/python3.10/site-packages/airflow/example_dags/tutorial_taskflow_api.py
[2024-03-02T09:52:26.475-0300] {processor.py:840} INFO - DAG(s) 'tutorial_taskflow_api' retrieved from /home/victor/Área de Trabalho/airflow/venv/lib/python3.10/site-packages/airflow/example_dags/tutorial_taskflow_api.py
[2024-03-02T09:52:26.502-0300] {logging_mixin.py:188} INFO - [2024-03-02T09:52:26.501-0300] {dag.py:3047} INFO - Sync 1 DAGs
[2024-03-02T09:52:26.512-0300] {logging_mixin.py:188} INFO - [2024-03-02T09:52:26.512-0300] {dag.py:3834} INFO - Setting next_dagrun for tutorial_taskflow_api to None, run_after=None
[2024-03-02T09:52:26.531-0300] {processor.py:183} INFO - Processing /home/victor/Área de Trabalho/airflow/venv/lib/python3.10/site-packages/airflow/example_dags/tutorial_taskflow_api.py took 0.068 seconds
[2024-03-02T09:52:57.056-0300] {processor.py:161} INFO - Started process (PID=22634) to work on /home/victor/Área de Trabalho/airflow/venv/lib/python3.10/site-packages/airflow/example_dags/tutorial_taskflow_api.py
[2024-03-02T09:52:57.057-0300] {processor.py:830} INFO - Processing file /home/victor/Área de Trabalho/airflow/venv/lib/python3.10/site-packages/airflow/example_dags/tutorial_taskflow_api.py for tasks to queue
[2024-03-02T09:52:57.058-0300] {logging_mixin.py:188} INFO - [2024-03-02T09:52:57.057-0300] {dagbag.py:540} INFO - Filling up the DagBag from /home/victor/Área de Trabalho/airflow/venv/lib/python3.10/site-packages/airflow/example_dags/tutorial_taskflow_api.py
[2024-03-02T09:52:57.064-0300] {processor.py:840} INFO - DAG(s) 'tutorial_taskflow_api' retrieved from /home/victor/Área de Trabalho/airflow/venv/lib/python3.10/site-packages/airflow/example_dags/tutorial_taskflow_api.py
[2024-03-02T09:52:57.091-0300] {logging_mixin.py:188} INFO - [2024-03-02T09:52:57.090-0300] {dag.py:3047} INFO - Sync 1 DAGs
[2024-03-02T09:52:57.102-0300] {logging_mixin.py:188} INFO - [2024-03-02T09:52:57.102-0300] {dag.py:3834} INFO - Setting next_dagrun for tutorial_taskflow_api to None, run_after=None
[2024-03-02T09:52:57.123-0300] {processor.py:183} INFO - Processing /home/victor/Área de Trabalho/airflow/venv/lib/python3.10/site-packages/airflow/example_dags/tutorial_taskflow_api.py took 0.070 seconds
[2024-03-02T09:53:27.684-0300] {processor.py:161} INFO - Started process (PID=23118) to work on /home/victor/Área de Trabalho/airflow/venv/lib/python3.10/site-packages/airflow/example_dags/tutorial_taskflow_api.py
[2024-03-02T09:53:27.685-0300] {processor.py:830} INFO - Processing file /home/victor/Área de Trabalho/airflow/venv/lib/python3.10/site-packages/airflow/example_dags/tutorial_taskflow_api.py for tasks to queue
[2024-03-02T09:53:27.686-0300] {logging_mixin.py:188} INFO - [2024-03-02T09:53:27.686-0300] {dagbag.py:540} INFO - Filling up the DagBag from /home/victor/Área de Trabalho/airflow/venv/lib/python3.10/site-packages/airflow/example_dags/tutorial_taskflow_api.py
[2024-03-02T09:53:27.692-0300] {processor.py:840} INFO - DAG(s) 'tutorial_taskflow_api' retrieved from /home/victor/Área de Trabalho/airflow/venv/lib/python3.10/site-packages/airflow/example_dags/tutorial_taskflow_api.py
[2024-03-02T09:53:27.717-0300] {logging_mixin.py:188} INFO - [2024-03-02T09:53:27.716-0300] {dag.py:3047} INFO - Sync 1 DAGs
[2024-03-02T09:53:27.728-0300] {logging_mixin.py:188} INFO - [2024-03-02T09:53:27.728-0300] {dag.py:3834} INFO - Setting next_dagrun for tutorial_taskflow_api to None, run_after=None
[2024-03-02T09:53:27.749-0300] {processor.py:183} INFO - Processing /home/victor/Área de Trabalho/airflow/venv/lib/python3.10/site-packages/airflow/example_dags/tutorial_taskflow_api.py took 0.068 seconds
[2024-03-02T09:53:57.926-0300] {processor.py:161} INFO - Started process (PID=23430) to work on /home/victor/Área de Trabalho/airflow/venv/lib/python3.10/site-packages/airflow/example_dags/tutorial_taskflow_api.py
[2024-03-02T09:53:57.927-0300] {processor.py:830} INFO - Processing file /home/victor/Área de Trabalho/airflow/venv/lib/python3.10/site-packages/airflow/example_dags/tutorial_taskflow_api.py for tasks to queue
[2024-03-02T09:53:57.928-0300] {logging_mixin.py:188} INFO - [2024-03-02T09:53:57.927-0300] {dagbag.py:540} INFO - Filling up the DagBag from /home/victor/Área de Trabalho/airflow/venv/lib/python3.10/site-packages/airflow/example_dags/tutorial_taskflow_api.py
[2024-03-02T09:53:57.934-0300] {processor.py:840} INFO - DAG(s) 'tutorial_taskflow_api' retrieved from /home/victor/Área de Trabalho/airflow/venv/lib/python3.10/site-packages/airflow/example_dags/tutorial_taskflow_api.py
[2024-03-02T09:53:57.963-0300] {logging_mixin.py:188} INFO - [2024-03-02T09:53:57.963-0300] {dag.py:3047} INFO - Sync 1 DAGs
[2024-03-02T09:53:57.976-0300] {logging_mixin.py:188} INFO - [2024-03-02T09:53:57.976-0300] {dag.py:3834} INFO - Setting next_dagrun for tutorial_taskflow_api to None, run_after=None
[2024-03-02T09:53:57.999-0300] {processor.py:183} INFO - Processing /home/victor/Área de Trabalho/airflow/venv/lib/python3.10/site-packages/airflow/example_dags/tutorial_taskflow_api.py took 0.076 seconds
[2024-03-02T09:54:28.926-0300] {processor.py:161} INFO - Started process (PID=24076) to work on /home/victor/Área de Trabalho/airflow/venv/lib/python3.10/site-packages/airflow/example_dags/tutorial_taskflow_api.py
[2024-03-02T09:54:28.927-0300] {processor.py:830} INFO - Processing file /home/victor/Área de Trabalho/airflow/venv/lib/python3.10/site-packages/airflow/example_dags/tutorial_taskflow_api.py for tasks to queue
[2024-03-02T09:54:28.928-0300] {logging_mixin.py:188} INFO - [2024-03-02T09:54:28.928-0300] {dagbag.py:540} INFO - Filling up the DagBag from /home/victor/Área de Trabalho/airflow/venv/lib/python3.10/site-packages/airflow/example_dags/tutorial_taskflow_api.py
[2024-03-02T09:54:28.935-0300] {processor.py:840} INFO - DAG(s) 'tutorial_taskflow_api' retrieved from /home/victor/Área de Trabalho/airflow/venv/lib/python3.10/site-packages/airflow/example_dags/tutorial_taskflow_api.py
[2024-03-02T09:54:28.965-0300] {logging_mixin.py:188} INFO - [2024-03-02T09:54:28.965-0300] {dag.py:3047} INFO - Sync 1 DAGs
[2024-03-02T09:54:28.978-0300] {logging_mixin.py:188} INFO - [2024-03-02T09:54:28.978-0300] {dag.py:3834} INFO - Setting next_dagrun for tutorial_taskflow_api to None, run_after=None
[2024-03-02T09:54:29.000-0300] {processor.py:183} INFO - Processing /home/victor/Área de Trabalho/airflow/venv/lib/python3.10/site-packages/airflow/example_dags/tutorial_taskflow_api.py took 0.078 seconds
[2024-03-02T09:54:59.997-0300] {processor.py:161} INFO - Started process (PID=24634) to work on /home/victor/Área de Trabalho/airflow/venv/lib/python3.10/site-packages/airflow/example_dags/tutorial_taskflow_api.py
[2024-03-02T09:54:59.999-0300] {processor.py:830} INFO - Processing file /home/victor/Área de Trabalho/airflow/venv/lib/python3.10/site-packages/airflow/example_dags/tutorial_taskflow_api.py for tasks to queue
[2024-03-02T09:55:00.000-0300] {logging_mixin.py:188} INFO - [2024-03-02T09:55:00.000-0300] {dagbag.py:540} INFO - Filling up the DagBag from /home/victor/Área de Trabalho/airflow/venv/lib/python3.10/site-packages/airflow/example_dags/tutorial_taskflow_api.py
[2024-03-02T09:55:00.006-0300] {processor.py:840} INFO - DAG(s) 'tutorial_taskflow_api' retrieved from /home/victor/Área de Trabalho/airflow/venv/lib/python3.10/site-packages/airflow/example_dags/tutorial_taskflow_api.py
[2024-03-02T09:55:00.030-0300] {logging_mixin.py:188} INFO - [2024-03-02T09:55:00.030-0300] {dag.py:3047} INFO - Sync 1 DAGs
[2024-03-02T09:55:00.041-0300] {logging_mixin.py:188} INFO - [2024-03-02T09:55:00.041-0300] {dag.py:3834} INFO - Setting next_dagrun for tutorial_taskflow_api to None, run_after=None
[2024-03-02T09:55:00.059-0300] {processor.py:183} INFO - Processing /home/victor/Área de Trabalho/airflow/venv/lib/python3.10/site-packages/airflow/example_dags/tutorial_taskflow_api.py took 0.065 seconds
[2024-03-02T09:55:30.595-0300] {processor.py:161} INFO - Started process (PID=25103) to work on /home/victor/Área de Trabalho/airflow/venv/lib/python3.10/site-packages/airflow/example_dags/tutorial_taskflow_api.py
[2024-03-02T09:55:30.596-0300] {processor.py:830} INFO - Processing file /home/victor/Área de Trabalho/airflow/venv/lib/python3.10/site-packages/airflow/example_dags/tutorial_taskflow_api.py for tasks to queue
[2024-03-02T09:55:30.598-0300] {logging_mixin.py:188} INFO - [2024-03-02T09:55:30.598-0300] {dagbag.py:540} INFO - Filling up the DagBag from /home/victor/Área de Trabalho/airflow/venv/lib/python3.10/site-packages/airflow/example_dags/tutorial_taskflow_api.py
[2024-03-02T09:55:30.604-0300] {processor.py:840} INFO - DAG(s) 'tutorial_taskflow_api' retrieved from /home/victor/Área de Trabalho/airflow/venv/lib/python3.10/site-packages/airflow/example_dags/tutorial_taskflow_api.py
[2024-03-02T09:55:30.634-0300] {logging_mixin.py:188} INFO - [2024-03-02T09:55:30.633-0300] {dag.py:3047} INFO - Sync 1 DAGs
[2024-03-02T09:55:30.646-0300] {logging_mixin.py:188} INFO - [2024-03-02T09:55:30.646-0300] {dag.py:3834} INFO - Setting next_dagrun for tutorial_taskflow_api to None, run_after=None
[2024-03-02T09:55:30.730-0300] {processor.py:183} INFO - Processing /home/victor/Área de Trabalho/airflow/venv/lib/python3.10/site-packages/airflow/example_dags/tutorial_taskflow_api.py took 0.137 seconds
[2024-03-02T09:56:00.968-0300] {processor.py:161} INFO - Started process (PID=25608) to work on /home/victor/Área de Trabalho/airflow/venv/lib/python3.10/site-packages/airflow/example_dags/tutorial_taskflow_api.py
[2024-03-02T09:56:00.969-0300] {processor.py:830} INFO - Processing file /home/victor/Área de Trabalho/airflow/venv/lib/python3.10/site-packages/airflow/example_dags/tutorial_taskflow_api.py for tasks to queue
[2024-03-02T09:56:00.970-0300] {logging_mixin.py:188} INFO - [2024-03-02T09:56:00.970-0300] {dagbag.py:540} INFO - Filling up the DagBag from /home/victor/Área de Trabalho/airflow/venv/lib/python3.10/site-packages/airflow/example_dags/tutorial_taskflow_api.py
[2024-03-02T09:56:00.975-0300] {processor.py:840} INFO - DAG(s) 'tutorial_taskflow_api' retrieved from /home/victor/Área de Trabalho/airflow/venv/lib/python3.10/site-packages/airflow/example_dags/tutorial_taskflow_api.py
[2024-03-02T09:56:01.011-0300] {logging_mixin.py:188} INFO - [2024-03-02T09:56:01.010-0300] {dag.py:3047} INFO - Sync 1 DAGs
[2024-03-02T09:56:01.022-0300] {logging_mixin.py:188} INFO - [2024-03-02T09:56:01.022-0300] {dag.py:3834} INFO - Setting next_dagrun for tutorial_taskflow_api to None, run_after=None
[2024-03-02T09:56:01.041-0300] {processor.py:183} INFO - Processing /home/victor/Área de Trabalho/airflow/venv/lib/python3.10/site-packages/airflow/example_dags/tutorial_taskflow_api.py took 0.075 seconds
[2024-03-02T09:56:31.226-0300] {processor.py:161} INFO - Started process (PID=25923) to work on /home/victor/Área de Trabalho/airflow/venv/lib/python3.10/site-packages/airflow/example_dags/tutorial_taskflow_api.py
[2024-03-02T09:56:31.227-0300] {processor.py:830} INFO - Processing file /home/victor/Área de Trabalho/airflow/venv/lib/python3.10/site-packages/airflow/example_dags/tutorial_taskflow_api.py for tasks to queue
[2024-03-02T09:56:31.227-0300] {logging_mixin.py:188} INFO - [2024-03-02T09:56:31.227-0300] {dagbag.py:540} INFO - Filling up the DagBag from /home/victor/Área de Trabalho/airflow/venv/lib/python3.10/site-packages/airflow/example_dags/tutorial_taskflow_api.py
[2024-03-02T09:56:31.232-0300] {processor.py:840} INFO - DAG(s) 'tutorial_taskflow_api' retrieved from /home/victor/Área de Trabalho/airflow/venv/lib/python3.10/site-packages/airflow/example_dags/tutorial_taskflow_api.py
[2024-03-02T09:56:31.260-0300] {logging_mixin.py:188} INFO - [2024-03-02T09:56:31.260-0300] {dag.py:3047} INFO - Sync 1 DAGs
[2024-03-02T09:56:31.272-0300] {logging_mixin.py:188} INFO - [2024-03-02T09:56:31.272-0300] {dag.py:3834} INFO - Setting next_dagrun for tutorial_taskflow_api to None, run_after=None
[2024-03-02T09:56:31.291-0300] {processor.py:183} INFO - Processing /home/victor/Área de Trabalho/airflow/venv/lib/python3.10/site-packages/airflow/example_dags/tutorial_taskflow_api.py took 0.068 seconds
[2024-03-02T09:57:01.556-0300] {processor.py:161} INFO - Started process (PID=26406) to work on /home/victor/Área de Trabalho/airflow/venv/lib/python3.10/site-packages/airflow/example_dags/tutorial_taskflow_api.py
[2024-03-02T09:57:01.557-0300] {processor.py:830} INFO - Processing file /home/victor/Área de Trabalho/airflow/venv/lib/python3.10/site-packages/airflow/example_dags/tutorial_taskflow_api.py for tasks to queue
[2024-03-02T09:57:01.558-0300] {logging_mixin.py:188} INFO - [2024-03-02T09:57:01.557-0300] {dagbag.py:540} INFO - Filling up the DagBag from /home/victor/Área de Trabalho/airflow/venv/lib/python3.10/site-packages/airflow/example_dags/tutorial_taskflow_api.py
[2024-03-02T09:57:01.563-0300] {processor.py:840} INFO - DAG(s) 'tutorial_taskflow_api' retrieved from /home/victor/Área de Trabalho/airflow/venv/lib/python3.10/site-packages/airflow/example_dags/tutorial_taskflow_api.py
[2024-03-02T09:57:01.589-0300] {logging_mixin.py:188} INFO - [2024-03-02T09:57:01.589-0300] {dag.py:3047} INFO - Sync 1 DAGs
[2024-03-02T09:57:01.600-0300] {logging_mixin.py:188} INFO - [2024-03-02T09:57:01.600-0300] {dag.py:3834} INFO - Setting next_dagrun for tutorial_taskflow_api to None, run_after=None
[2024-03-02T09:57:01.619-0300] {processor.py:183} INFO - Processing /home/victor/Área de Trabalho/airflow/venv/lib/python3.10/site-packages/airflow/example_dags/tutorial_taskflow_api.py took 0.066 seconds
[2024-03-02T09:57:32.066-0300] {processor.py:161} INFO - Started process (PID=26885) to work on /home/victor/Área de Trabalho/airflow/venv/lib/python3.10/site-packages/airflow/example_dags/tutorial_taskflow_api.py
[2024-03-02T09:57:32.067-0300] {processor.py:830} INFO - Processing file /home/victor/Área de Trabalho/airflow/venv/lib/python3.10/site-packages/airflow/example_dags/tutorial_taskflow_api.py for tasks to queue
[2024-03-02T09:57:32.067-0300] {logging_mixin.py:188} INFO - [2024-03-02T09:57:32.067-0300] {dagbag.py:540} INFO - Filling up the DagBag from /home/victor/Área de Trabalho/airflow/venv/lib/python3.10/site-packages/airflow/example_dags/tutorial_taskflow_api.py
[2024-03-02T09:57:32.073-0300] {processor.py:840} INFO - DAG(s) 'tutorial_taskflow_api' retrieved from /home/victor/Área de Trabalho/airflow/venv/lib/python3.10/site-packages/airflow/example_dags/tutorial_taskflow_api.py
[2024-03-02T09:57:32.097-0300] {logging_mixin.py:188} INFO - [2024-03-02T09:57:32.097-0300] {dag.py:3047} INFO - Sync 1 DAGs
[2024-03-02T09:57:32.108-0300] {logging_mixin.py:188} INFO - [2024-03-02T09:57:32.108-0300] {dag.py:3834} INFO - Setting next_dagrun for tutorial_taskflow_api to None, run_after=None
[2024-03-02T09:57:32.128-0300] {processor.py:183} INFO - Processing /home/victor/Área de Trabalho/airflow/venv/lib/python3.10/site-packages/airflow/example_dags/tutorial_taskflow_api.py took 0.065 seconds
[2024-03-02T09:58:02.586-0300] {processor.py:161} INFO - Started process (PID=27411) to work on /home/victor/Área de Trabalho/airflow/venv/lib/python3.10/site-packages/airflow/example_dags/tutorial_taskflow_api.py
[2024-03-02T09:58:02.588-0300] {processor.py:830} INFO - Processing file /home/victor/Área de Trabalho/airflow/venv/lib/python3.10/site-packages/airflow/example_dags/tutorial_taskflow_api.py for tasks to queue
[2024-03-02T09:58:02.589-0300] {logging_mixin.py:188} INFO - [2024-03-02T09:58:02.589-0300] {dagbag.py:540} INFO - Filling up the DagBag from /home/victor/Área de Trabalho/airflow/venv/lib/python3.10/site-packages/airflow/example_dags/tutorial_taskflow_api.py
[2024-03-02T09:58:02.597-0300] {processor.py:840} INFO - DAG(s) 'tutorial_taskflow_api' retrieved from /home/victor/Área de Trabalho/airflow/venv/lib/python3.10/site-packages/airflow/example_dags/tutorial_taskflow_api.py
[2024-03-02T09:58:02.626-0300] {logging_mixin.py:188} INFO - [2024-03-02T09:58:02.626-0300] {dag.py:3047} INFO - Sync 1 DAGs
[2024-03-02T09:58:02.638-0300] {logging_mixin.py:188} INFO - [2024-03-02T09:58:02.638-0300] {dag.py:3834} INFO - Setting next_dagrun for tutorial_taskflow_api to None, run_after=None
[2024-03-02T09:58:02.658-0300] {processor.py:183} INFO - Processing /home/victor/Área de Trabalho/airflow/venv/lib/python3.10/site-packages/airflow/example_dags/tutorial_taskflow_api.py took 0.076 seconds
[2024-03-02T09:58:33.198-0300] {processor.py:161} INFO - Started process (PID=28255) to work on /home/victor/Área de Trabalho/airflow/venv/lib/python3.10/site-packages/airflow/example_dags/tutorial_taskflow_api.py
[2024-03-02T09:58:33.199-0300] {processor.py:830} INFO - Processing file /home/victor/Área de Trabalho/airflow/venv/lib/python3.10/site-packages/airflow/example_dags/tutorial_taskflow_api.py for tasks to queue
[2024-03-02T09:58:33.200-0300] {logging_mixin.py:188} INFO - [2024-03-02T09:58:33.199-0300] {dagbag.py:540} INFO - Filling up the DagBag from /home/victor/Área de Trabalho/airflow/venv/lib/python3.10/site-packages/airflow/example_dags/tutorial_taskflow_api.py
[2024-03-02T09:58:33.205-0300] {processor.py:840} INFO - DAG(s) 'tutorial_taskflow_api' retrieved from /home/victor/Área de Trabalho/airflow/venv/lib/python3.10/site-packages/airflow/example_dags/tutorial_taskflow_api.py
[2024-03-02T09:58:33.231-0300] {logging_mixin.py:188} INFO - [2024-03-02T09:58:33.230-0300] {dag.py:3047} INFO - Sync 1 DAGs
[2024-03-02T09:58:33.242-0300] {logging_mixin.py:188} INFO - [2024-03-02T09:58:33.241-0300] {dag.py:3834} INFO - Setting next_dagrun for tutorial_taskflow_api to None, run_after=None
[2024-03-02T09:58:33.261-0300] {processor.py:183} INFO - Processing /home/victor/Área de Trabalho/airflow/venv/lib/python3.10/site-packages/airflow/example_dags/tutorial_taskflow_api.py took 0.065 seconds
[2024-03-02T09:59:03.889-0300] {processor.py:161} INFO - Started process (PID=29319) to work on /home/victor/Área de Trabalho/airflow/venv/lib/python3.10/site-packages/airflow/example_dags/tutorial_taskflow_api.py
[2024-03-02T09:59:03.890-0300] {processor.py:830} INFO - Processing file /home/victor/Área de Trabalho/airflow/venv/lib/python3.10/site-packages/airflow/example_dags/tutorial_taskflow_api.py for tasks to queue
[2024-03-02T09:59:03.891-0300] {logging_mixin.py:188} INFO - [2024-03-02T09:59:03.890-0300] {dagbag.py:540} INFO - Filling up the DagBag from /home/victor/Área de Trabalho/airflow/venv/lib/python3.10/site-packages/airflow/example_dags/tutorial_taskflow_api.py
[2024-03-02T09:59:03.896-0300] {processor.py:840} INFO - DAG(s) 'tutorial_taskflow_api' retrieved from /home/victor/Área de Trabalho/airflow/venv/lib/python3.10/site-packages/airflow/example_dags/tutorial_taskflow_api.py
[2024-03-02T09:59:03.923-0300] {logging_mixin.py:188} INFO - [2024-03-02T09:59:03.922-0300] {dag.py:3047} INFO - Sync 1 DAGs
[2024-03-02T09:59:03.934-0300] {logging_mixin.py:188} INFO - [2024-03-02T09:59:03.934-0300] {dag.py:3834} INFO - Setting next_dagrun for tutorial_taskflow_api to None, run_after=None
[2024-03-02T09:59:03.953-0300] {processor.py:183} INFO - Processing /home/victor/Área de Trabalho/airflow/venv/lib/python3.10/site-packages/airflow/example_dags/tutorial_taskflow_api.py took 0.066 seconds
