[2024-03-02T09:36:58.201-0300] {processor.py:161} INFO - Started process (PID=7857) to work on /home/victor/Área de Trabalho/airflow/venv/lib/python3.10/site-packages/airflow/example_dags/tutorial_taskflow_api_virtualenv.py
[2024-03-02T09:36:58.202-0300] {processor.py:830} INFO - Processing file /home/victor/Área de Trabalho/airflow/venv/lib/python3.10/site-packages/airflow/example_dags/tutorial_taskflow_api_virtualenv.py for tasks to queue
[2024-03-02T09:36:58.203-0300] {logging_mixin.py:188} INFO - [2024-03-02T09:36:58.202-0300] {dagbag.py:540} INFO - Filling up the DagBag from /home/victor/Área de Trabalho/airflow/venv/lib/python3.10/site-packages/airflow/example_dags/tutorial_taskflow_api_virtualenv.py
[2024-03-02T09:36:58.215-0300] {processor.py:840} INFO - DAG(s) 'tutorial_taskflow_api_virtualenv' retrieved from /home/victor/Área de Trabalho/airflow/venv/lib/python3.10/site-packages/airflow/example_dags/tutorial_taskflow_api_virtualenv.py
[2024-03-02T09:36:58.241-0300] {logging_mixin.py:188} INFO - [2024-03-02T09:36:58.240-0300] {dag.py:3047} INFO - Sync 1 DAGs
[2024-03-02T09:36:58.253-0300] {logging_mixin.py:188} INFO - [2024-03-02T09:36:58.253-0300] {dag.py:3834} INFO - Setting next_dagrun for tutorial_taskflow_api_virtualenv to None, run_after=None
[2024-03-02T09:36:58.277-0300] {processor.py:183} INFO - Processing /home/victor/Área de Trabalho/airflow/venv/lib/python3.10/site-packages/airflow/example_dags/tutorial_taskflow_api_virtualenv.py took 0.079 seconds
[2024-03-02T09:37:29.058-0300] {processor.py:161} INFO - Started process (PID=9273) to work on /home/victor/Área de Trabalho/airflow/venv/lib/python3.10/site-packages/airflow/example_dags/tutorial_taskflow_api_virtualenv.py
[2024-03-02T09:37:29.059-0300] {processor.py:830} INFO - Processing file /home/victor/Área de Trabalho/airflow/venv/lib/python3.10/site-packages/airflow/example_dags/tutorial_taskflow_api_virtualenv.py for tasks to queue
[2024-03-02T09:37:29.059-0300] {logging_mixin.py:188} INFO - [2024-03-02T09:37:29.059-0300] {dagbag.py:540} INFO - Filling up the DagBag from /home/victor/Área de Trabalho/airflow/venv/lib/python3.10/site-packages/airflow/example_dags/tutorial_taskflow_api_virtualenv.py
[2024-03-02T09:37:29.068-0300] {processor.py:840} INFO - DAG(s) 'tutorial_taskflow_api_virtualenv' retrieved from /home/victor/Área de Trabalho/airflow/venv/lib/python3.10/site-packages/airflow/example_dags/tutorial_taskflow_api_virtualenv.py
[2024-03-02T09:37:29.163-0300] {logging_mixin.py:188} INFO - [2024-03-02T09:37:29.163-0300] {dag.py:3047} INFO - Sync 1 DAGs
[2024-03-02T09:37:29.173-0300] {logging_mixin.py:188} INFO - [2024-03-02T09:37:29.173-0300] {dag.py:3834} INFO - Setting next_dagrun for tutorial_taskflow_api_virtualenv to None, run_after=None
[2024-03-02T09:37:29.191-0300] {processor.py:183} INFO - Processing /home/victor/Área de Trabalho/airflow/venv/lib/python3.10/site-packages/airflow/example_dags/tutorial_taskflow_api_virtualenv.py took 0.136 seconds
[2024-03-02T09:37:59.743-0300] {processor.py:161} INFO - Started process (PID=9938) to work on /home/victor/Área de Trabalho/airflow/venv/lib/python3.10/site-packages/airflow/example_dags/tutorial_taskflow_api_virtualenv.py
[2024-03-02T09:37:59.744-0300] {processor.py:830} INFO - Processing file /home/victor/Área de Trabalho/airflow/venv/lib/python3.10/site-packages/airflow/example_dags/tutorial_taskflow_api_virtualenv.py for tasks to queue
[2024-03-02T09:37:59.744-0300] {logging_mixin.py:188} INFO - [2024-03-02T09:37:59.744-0300] {dagbag.py:540} INFO - Filling up the DagBag from /home/victor/Área de Trabalho/airflow/venv/lib/python3.10/site-packages/airflow/example_dags/tutorial_taskflow_api_virtualenv.py
[2024-03-02T09:37:59.753-0300] {processor.py:840} INFO - DAG(s) 'tutorial_taskflow_api_virtualenv' retrieved from /home/victor/Área de Trabalho/airflow/venv/lib/python3.10/site-packages/airflow/example_dags/tutorial_taskflow_api_virtualenv.py
[2024-03-02T09:37:59.780-0300] {logging_mixin.py:188} INFO - [2024-03-02T09:37:59.779-0300] {dag.py:3047} INFO - Sync 1 DAGs
[2024-03-02T09:37:59.792-0300] {logging_mixin.py:188} INFO - [2024-03-02T09:37:59.792-0300] {dag.py:3834} INFO - Setting next_dagrun for tutorial_taskflow_api_virtualenv to None, run_after=None
[2024-03-02T09:37:59.811-0300] {processor.py:183} INFO - Processing /home/victor/Área de Trabalho/airflow/venv/lib/python3.10/site-packages/airflow/example_dags/tutorial_taskflow_api_virtualenv.py took 0.071 seconds
[2024-03-02T09:38:31.159-0300] {processor.py:161} INFO - Started process (PID=10252) to work on /home/victor/Área de Trabalho/airflow/venv/lib/python3.10/site-packages/airflow/example_dags/tutorial_taskflow_api_virtualenv.py
[2024-03-02T09:38:31.160-0300] {processor.py:830} INFO - Processing file /home/victor/Área de Trabalho/airflow/venv/lib/python3.10/site-packages/airflow/example_dags/tutorial_taskflow_api_virtualenv.py for tasks to queue
[2024-03-02T09:38:31.161-0300] {logging_mixin.py:188} INFO - [2024-03-02T09:38:31.160-0300] {dagbag.py:540} INFO - Filling up the DagBag from /home/victor/Área de Trabalho/airflow/venv/lib/python3.10/site-packages/airflow/example_dags/tutorial_taskflow_api_virtualenv.py
[2024-03-02T09:38:31.169-0300] {processor.py:840} INFO - DAG(s) 'tutorial_taskflow_api_virtualenv' retrieved from /home/victor/Área de Trabalho/airflow/venv/lib/python3.10/site-packages/airflow/example_dags/tutorial_taskflow_api_virtualenv.py
[2024-03-02T09:38:31.194-0300] {logging_mixin.py:188} INFO - [2024-03-02T09:38:31.194-0300] {dag.py:3047} INFO - Sync 1 DAGs
[2024-03-02T09:38:31.205-0300] {logging_mixin.py:188} INFO - [2024-03-02T09:38:31.204-0300] {dag.py:3834} INFO - Setting next_dagrun for tutorial_taskflow_api_virtualenv to None, run_after=None
[2024-03-02T09:38:31.224-0300] {processor.py:183} INFO - Processing /home/victor/Área de Trabalho/airflow/venv/lib/python3.10/site-packages/airflow/example_dags/tutorial_taskflow_api_virtualenv.py took 0.067 seconds
[2024-03-02T09:39:02.624-0300] {processor.py:161} INFO - Started process (PID=10790) to work on /home/victor/Área de Trabalho/airflow/venv/lib/python3.10/site-packages/airflow/example_dags/tutorial_taskflow_api_virtualenv.py
[2024-03-02T09:39:02.625-0300] {processor.py:830} INFO - Processing file /home/victor/Área de Trabalho/airflow/venv/lib/python3.10/site-packages/airflow/example_dags/tutorial_taskflow_api_virtualenv.py for tasks to queue
[2024-03-02T09:39:02.626-0300] {logging_mixin.py:188} INFO - [2024-03-02T09:39:02.625-0300] {dagbag.py:540} INFO - Filling up the DagBag from /home/victor/Área de Trabalho/airflow/venv/lib/python3.10/site-packages/airflow/example_dags/tutorial_taskflow_api_virtualenv.py
[2024-03-02T09:39:02.635-0300] {processor.py:840} INFO - DAG(s) 'tutorial_taskflow_api_virtualenv' retrieved from /home/victor/Área de Trabalho/airflow/venv/lib/python3.10/site-packages/airflow/example_dags/tutorial_taskflow_api_virtualenv.py
[2024-03-02T09:39:02.666-0300] {logging_mixin.py:188} INFO - [2024-03-02T09:39:02.665-0300] {dag.py:3047} INFO - Sync 1 DAGs
[2024-03-02T09:39:02.679-0300] {logging_mixin.py:188} INFO - [2024-03-02T09:39:02.679-0300] {dag.py:3834} INFO - Setting next_dagrun for tutorial_taskflow_api_virtualenv to None, run_after=None
[2024-03-02T09:39:02.702-0300] {processor.py:183} INFO - Processing /home/victor/Área de Trabalho/airflow/venv/lib/python3.10/site-packages/airflow/example_dags/tutorial_taskflow_api_virtualenv.py took 0.081 seconds
[2024-03-02T09:39:33.837-0300] {processor.py:161} INFO - Started process (PID=11409) to work on /home/victor/Área de Trabalho/airflow/venv/lib/python3.10/site-packages/airflow/example_dags/tutorial_taskflow_api_virtualenv.py
[2024-03-02T09:39:33.839-0300] {processor.py:830} INFO - Processing file /home/victor/Área de Trabalho/airflow/venv/lib/python3.10/site-packages/airflow/example_dags/tutorial_taskflow_api_virtualenv.py for tasks to queue
[2024-03-02T09:39:33.839-0300] {logging_mixin.py:188} INFO - [2024-03-02T09:39:33.839-0300] {dagbag.py:540} INFO - Filling up the DagBag from /home/victor/Área de Trabalho/airflow/venv/lib/python3.10/site-packages/airflow/example_dags/tutorial_taskflow_api_virtualenv.py
[2024-03-02T09:39:33.849-0300] {processor.py:840} INFO - DAG(s) 'tutorial_taskflow_api_virtualenv' retrieved from /home/victor/Área de Trabalho/airflow/venv/lib/python3.10/site-packages/airflow/example_dags/tutorial_taskflow_api_virtualenv.py
[2024-03-02T09:39:33.873-0300] {logging_mixin.py:188} INFO - [2024-03-02T09:39:33.873-0300] {dag.py:3047} INFO - Sync 1 DAGs
[2024-03-02T09:39:33.886-0300] {logging_mixin.py:188} INFO - [2024-03-02T09:39:33.885-0300] {dag.py:3834} INFO - Setting next_dagrun for tutorial_taskflow_api_virtualenv to None, run_after=None
[2024-03-02T09:39:33.905-0300] {processor.py:183} INFO - Processing /home/victor/Área de Trabalho/airflow/venv/lib/python3.10/site-packages/airflow/example_dags/tutorial_taskflow_api_virtualenv.py took 0.072 seconds
[2024-03-02T09:40:05.151-0300] {processor.py:161} INFO - Started process (PID=11885) to work on /home/victor/Área de Trabalho/airflow/venv/lib/python3.10/site-packages/airflow/example_dags/tutorial_taskflow_api_virtualenv.py
[2024-03-02T09:40:05.152-0300] {processor.py:830} INFO - Processing file /home/victor/Área de Trabalho/airflow/venv/lib/python3.10/site-packages/airflow/example_dags/tutorial_taskflow_api_virtualenv.py for tasks to queue
[2024-03-02T09:40:05.153-0300] {logging_mixin.py:188} INFO - [2024-03-02T09:40:05.153-0300] {dagbag.py:540} INFO - Filling up the DagBag from /home/victor/Área de Trabalho/airflow/venv/lib/python3.10/site-packages/airflow/example_dags/tutorial_taskflow_api_virtualenv.py
[2024-03-02T09:40:05.162-0300] {processor.py:840} INFO - DAG(s) 'tutorial_taskflow_api_virtualenv' retrieved from /home/victor/Área de Trabalho/airflow/venv/lib/python3.10/site-packages/airflow/example_dags/tutorial_taskflow_api_virtualenv.py
[2024-03-02T09:40:05.187-0300] {logging_mixin.py:188} INFO - [2024-03-02T09:40:05.187-0300] {dag.py:3047} INFO - Sync 1 DAGs
[2024-03-02T09:40:05.199-0300] {logging_mixin.py:188} INFO - [2024-03-02T09:40:05.198-0300] {dag.py:3834} INFO - Setting next_dagrun for tutorial_taskflow_api_virtualenv to None, run_after=None
[2024-03-02T09:40:05.217-0300] {processor.py:183} INFO - Processing /home/victor/Área de Trabalho/airflow/venv/lib/python3.10/site-packages/airflow/example_dags/tutorial_taskflow_api_virtualenv.py took 0.069 seconds
[2024-03-02T09:40:36.452-0300] {processor.py:161} INFO - Started process (PID=12262) to work on /home/victor/Área de Trabalho/airflow/venv/lib/python3.10/site-packages/airflow/example_dags/tutorial_taskflow_api_virtualenv.py
[2024-03-02T09:40:36.453-0300] {processor.py:830} INFO - Processing file /home/victor/Área de Trabalho/airflow/venv/lib/python3.10/site-packages/airflow/example_dags/tutorial_taskflow_api_virtualenv.py for tasks to queue
[2024-03-02T09:40:36.454-0300] {logging_mixin.py:188} INFO - [2024-03-02T09:40:36.454-0300] {dagbag.py:540} INFO - Filling up the DagBag from /home/victor/Área de Trabalho/airflow/venv/lib/python3.10/site-packages/airflow/example_dags/tutorial_taskflow_api_virtualenv.py
[2024-03-02T09:40:36.463-0300] {processor.py:840} INFO - DAG(s) 'tutorial_taskflow_api_virtualenv' retrieved from /home/victor/Área de Trabalho/airflow/venv/lib/python3.10/site-packages/airflow/example_dags/tutorial_taskflow_api_virtualenv.py
[2024-03-02T09:40:36.494-0300] {logging_mixin.py:188} INFO - [2024-03-02T09:40:36.493-0300] {dag.py:3047} INFO - Sync 1 DAGs
[2024-03-02T09:40:36.505-0300] {logging_mixin.py:188} INFO - [2024-03-02T09:40:36.505-0300] {dag.py:3834} INFO - Setting next_dagrun for tutorial_taskflow_api_virtualenv to None, run_after=None
[2024-03-02T09:40:36.526-0300] {processor.py:183} INFO - Processing /home/victor/Área de Trabalho/airflow/venv/lib/python3.10/site-packages/airflow/example_dags/tutorial_taskflow_api_virtualenv.py took 0.077 seconds
[2024-03-02T09:41:07.253-0300] {processor.py:161} INFO - Started process (PID=12741) to work on /home/victor/Área de Trabalho/airflow/venv/lib/python3.10/site-packages/airflow/example_dags/tutorial_taskflow_api_virtualenv.py
[2024-03-02T09:41:07.254-0300] {processor.py:830} INFO - Processing file /home/victor/Área de Trabalho/airflow/venv/lib/python3.10/site-packages/airflow/example_dags/tutorial_taskflow_api_virtualenv.py for tasks to queue
[2024-03-02T09:41:07.256-0300] {logging_mixin.py:188} INFO - [2024-03-02T09:41:07.255-0300] {dagbag.py:540} INFO - Filling up the DagBag from /home/victor/Área de Trabalho/airflow/venv/lib/python3.10/site-packages/airflow/example_dags/tutorial_taskflow_api_virtualenv.py
[2024-03-02T09:41:07.279-0300] {processor.py:840} INFO - DAG(s) 'tutorial_taskflow_api_virtualenv' retrieved from /home/victor/Área de Trabalho/airflow/venv/lib/python3.10/site-packages/airflow/example_dags/tutorial_taskflow_api_virtualenv.py
[2024-03-02T09:41:07.310-0300] {logging_mixin.py:188} INFO - [2024-03-02T09:41:07.310-0300] {dag.py:3047} INFO - Sync 1 DAGs
[2024-03-02T09:41:07.325-0300] {logging_mixin.py:188} INFO - [2024-03-02T09:41:07.325-0300] {dag.py:3834} INFO - Setting next_dagrun for tutorial_taskflow_api_virtualenv to None, run_after=None
[2024-03-02T09:41:07.348-0300] {processor.py:183} INFO - Processing /home/victor/Área de Trabalho/airflow/venv/lib/python3.10/site-packages/airflow/example_dags/tutorial_taskflow_api_virtualenv.py took 0.099 seconds
[2024-03-02T09:41:38.182-0300] {processor.py:161} INFO - Started process (PID=13054) to work on /home/victor/Área de Trabalho/airflow/venv/lib/python3.10/site-packages/airflow/example_dags/tutorial_taskflow_api_virtualenv.py
[2024-03-02T09:41:38.183-0300] {processor.py:830} INFO - Processing file /home/victor/Área de Trabalho/airflow/venv/lib/python3.10/site-packages/airflow/example_dags/tutorial_taskflow_api_virtualenv.py for tasks to queue
[2024-03-02T09:41:38.184-0300] {logging_mixin.py:188} INFO - [2024-03-02T09:41:38.184-0300] {dagbag.py:540} INFO - Filling up the DagBag from /home/victor/Área de Trabalho/airflow/venv/lib/python3.10/site-packages/airflow/example_dags/tutorial_taskflow_api_virtualenv.py
[2024-03-02T09:41:38.194-0300] {processor.py:840} INFO - DAG(s) 'tutorial_taskflow_api_virtualenv' retrieved from /home/victor/Área de Trabalho/airflow/venv/lib/python3.10/site-packages/airflow/example_dags/tutorial_taskflow_api_virtualenv.py
[2024-03-02T09:41:38.224-0300] {logging_mixin.py:188} INFO - [2024-03-02T09:41:38.224-0300] {dag.py:3047} INFO - Sync 1 DAGs
[2024-03-02T09:41:38.237-0300] {logging_mixin.py:188} INFO - [2024-03-02T09:41:38.237-0300] {dag.py:3834} INFO - Setting next_dagrun for tutorial_taskflow_api_virtualenv to None, run_after=None
[2024-03-02T09:41:38.259-0300] {processor.py:183} INFO - Processing /home/victor/Área de Trabalho/airflow/venv/lib/python3.10/site-packages/airflow/example_dags/tutorial_taskflow_api_virtualenv.py took 0.080 seconds
[2024-03-02T09:42:08.943-0300] {processor.py:161} INFO - Started process (PID=13689) to work on /home/victor/Área de Trabalho/airflow/venv/lib/python3.10/site-packages/airflow/example_dags/tutorial_taskflow_api_virtualenv.py
[2024-03-02T09:42:08.945-0300] {processor.py:830} INFO - Processing file /home/victor/Área de Trabalho/airflow/venv/lib/python3.10/site-packages/airflow/example_dags/tutorial_taskflow_api_virtualenv.py for tasks to queue
[2024-03-02T09:42:08.946-0300] {logging_mixin.py:188} INFO - [2024-03-02T09:42:08.945-0300] {dagbag.py:540} INFO - Filling up the DagBag from /home/victor/Área de Trabalho/airflow/venv/lib/python3.10/site-packages/airflow/example_dags/tutorial_taskflow_api_virtualenv.py
[2024-03-02T09:42:08.955-0300] {processor.py:840} INFO - DAG(s) 'tutorial_taskflow_api_virtualenv' retrieved from /home/victor/Área de Trabalho/airflow/venv/lib/python3.10/site-packages/airflow/example_dags/tutorial_taskflow_api_virtualenv.py
[2024-03-02T09:42:08.980-0300] {logging_mixin.py:188} INFO - [2024-03-02T09:42:08.980-0300] {dag.py:3047} INFO - Sync 1 DAGs
[2024-03-02T09:42:08.993-0300] {logging_mixin.py:188} INFO - [2024-03-02T09:42:08.993-0300] {dag.py:3834} INFO - Setting next_dagrun for tutorial_taskflow_api_virtualenv to None, run_after=None
[2024-03-02T09:42:09.013-0300] {processor.py:183} INFO - Processing /home/victor/Área de Trabalho/airflow/venv/lib/python3.10/site-packages/airflow/example_dags/tutorial_taskflow_api_virtualenv.py took 0.073 seconds
[2024-03-02T09:42:39.781-0300] {processor.py:161} INFO - Started process (PID=14007) to work on /home/victor/Área de Trabalho/airflow/venv/lib/python3.10/site-packages/airflow/example_dags/tutorial_taskflow_api_virtualenv.py
[2024-03-02T09:42:39.781-0300] {processor.py:830} INFO - Processing file /home/victor/Área de Trabalho/airflow/venv/lib/python3.10/site-packages/airflow/example_dags/tutorial_taskflow_api_virtualenv.py for tasks to queue
[2024-03-02T09:42:39.782-0300] {logging_mixin.py:188} INFO - [2024-03-02T09:42:39.782-0300] {dagbag.py:540} INFO - Filling up the DagBag from /home/victor/Área de Trabalho/airflow/venv/lib/python3.10/site-packages/airflow/example_dags/tutorial_taskflow_api_virtualenv.py
[2024-03-02T09:42:39.795-0300] {processor.py:840} INFO - DAG(s) 'tutorial_taskflow_api_virtualenv' retrieved from /home/victor/Área de Trabalho/airflow/venv/lib/python3.10/site-packages/airflow/example_dags/tutorial_taskflow_api_virtualenv.py
[2024-03-02T09:42:39.830-0300] {logging_mixin.py:188} INFO - [2024-03-02T09:42:39.829-0300] {dag.py:3047} INFO - Sync 1 DAGs
[2024-03-02T09:42:39.845-0300] {logging_mixin.py:188} INFO - [2024-03-02T09:42:39.845-0300] {dag.py:3834} INFO - Setting next_dagrun for tutorial_taskflow_api_virtualenv to None, run_after=None
[2024-03-02T09:42:39.871-0300] {processor.py:183} INFO - Processing /home/victor/Área de Trabalho/airflow/venv/lib/python3.10/site-packages/airflow/example_dags/tutorial_taskflow_api_virtualenv.py took 0.093 seconds
[2024-03-02T09:43:10.967-0300] {processor.py:161} INFO - Started process (PID=14488) to work on /home/victor/Área de Trabalho/airflow/venv/lib/python3.10/site-packages/airflow/example_dags/tutorial_taskflow_api_virtualenv.py
[2024-03-02T09:43:10.969-0300] {processor.py:830} INFO - Processing file /home/victor/Área de Trabalho/airflow/venv/lib/python3.10/site-packages/airflow/example_dags/tutorial_taskflow_api_virtualenv.py for tasks to queue
[2024-03-02T09:43:10.969-0300] {logging_mixin.py:188} INFO - [2024-03-02T09:43:10.969-0300] {dagbag.py:540} INFO - Filling up the DagBag from /home/victor/Área de Trabalho/airflow/venv/lib/python3.10/site-packages/airflow/example_dags/tutorial_taskflow_api_virtualenv.py
[2024-03-02T09:43:10.980-0300] {processor.py:840} INFO - DAG(s) 'tutorial_taskflow_api_virtualenv' retrieved from /home/victor/Área de Trabalho/airflow/venv/lib/python3.10/site-packages/airflow/example_dags/tutorial_taskflow_api_virtualenv.py
[2024-03-02T09:43:11.013-0300] {logging_mixin.py:188} INFO - [2024-03-02T09:43:11.013-0300] {dag.py:3047} INFO - Sync 1 DAGs
[2024-03-02T09:43:11.028-0300] {logging_mixin.py:188} INFO - [2024-03-02T09:43:11.027-0300] {dag.py:3834} INFO - Setting next_dagrun for tutorial_taskflow_api_virtualenv to None, run_after=None
[2024-03-02T09:43:11.052-0300] {processor.py:183} INFO - Processing /home/victor/Área de Trabalho/airflow/venv/lib/python3.10/site-packages/airflow/example_dags/tutorial_taskflow_api_virtualenv.py took 0.090 seconds
[2024-03-02T09:43:41.807-0300] {processor.py:161} INFO - Started process (PID=14809) to work on /home/victor/Área de Trabalho/airflow/venv/lib/python3.10/site-packages/airflow/example_dags/tutorial_taskflow_api_virtualenv.py
[2024-03-02T09:43:41.807-0300] {processor.py:830} INFO - Processing file /home/victor/Área de Trabalho/airflow/venv/lib/python3.10/site-packages/airflow/example_dags/tutorial_taskflow_api_virtualenv.py for tasks to queue
[2024-03-02T09:43:41.808-0300] {logging_mixin.py:188} INFO - [2024-03-02T09:43:41.808-0300] {dagbag.py:540} INFO - Filling up the DagBag from /home/victor/Área de Trabalho/airflow/venv/lib/python3.10/site-packages/airflow/example_dags/tutorial_taskflow_api_virtualenv.py
[2024-03-02T09:43:41.818-0300] {processor.py:840} INFO - DAG(s) 'tutorial_taskflow_api_virtualenv' retrieved from /home/victor/Área de Trabalho/airflow/venv/lib/python3.10/site-packages/airflow/example_dags/tutorial_taskflow_api_virtualenv.py
[2024-03-02T09:43:41.846-0300] {logging_mixin.py:188} INFO - [2024-03-02T09:43:41.846-0300] {dag.py:3047} INFO - Sync 1 DAGs
[2024-03-02T09:43:41.859-0300] {logging_mixin.py:188} INFO - [2024-03-02T09:43:41.859-0300] {dag.py:3834} INFO - Setting next_dagrun for tutorial_taskflow_api_virtualenv to None, run_after=None
[2024-03-02T09:43:41.880-0300] {processor.py:183} INFO - Processing /home/victor/Área de Trabalho/airflow/venv/lib/python3.10/site-packages/airflow/example_dags/tutorial_taskflow_api_virtualenv.py took 0.076 seconds
[2024-03-02T09:44:13.252-0300] {processor.py:161} INFO - Started process (PID=15291) to work on /home/victor/Área de Trabalho/airflow/venv/lib/python3.10/site-packages/airflow/example_dags/tutorial_taskflow_api_virtualenv.py
[2024-03-02T09:44:13.253-0300] {processor.py:830} INFO - Processing file /home/victor/Área de Trabalho/airflow/venv/lib/python3.10/site-packages/airflow/example_dags/tutorial_taskflow_api_virtualenv.py for tasks to queue
[2024-03-02T09:44:13.254-0300] {logging_mixin.py:188} INFO - [2024-03-02T09:44:13.254-0300] {dagbag.py:540} INFO - Filling up the DagBag from /home/victor/Área de Trabalho/airflow/venv/lib/python3.10/site-packages/airflow/example_dags/tutorial_taskflow_api_virtualenv.py
[2024-03-02T09:44:13.264-0300] {processor.py:840} INFO - DAG(s) 'tutorial_taskflow_api_virtualenv' retrieved from /home/victor/Área de Trabalho/airflow/venv/lib/python3.10/site-packages/airflow/example_dags/tutorial_taskflow_api_virtualenv.py
[2024-03-02T09:44:13.293-0300] {logging_mixin.py:188} INFO - [2024-03-02T09:44:13.293-0300] {dag.py:3047} INFO - Sync 1 DAGs
[2024-03-02T09:44:13.311-0300] {logging_mixin.py:188} INFO - [2024-03-02T09:44:13.311-0300] {dag.py:3834} INFO - Setting next_dagrun for tutorial_taskflow_api_virtualenv to None, run_after=None
[2024-03-02T09:44:13.337-0300] {processor.py:183} INFO - Processing /home/victor/Área de Trabalho/airflow/venv/lib/python3.10/site-packages/airflow/example_dags/tutorial_taskflow_api_virtualenv.py took 0.087 seconds
[2024-03-02T09:44:43.917-0300] {processor.py:161} INFO - Started process (PID=15614) to work on /home/victor/Área de Trabalho/airflow/venv/lib/python3.10/site-packages/airflow/example_dags/tutorial_taskflow_api_virtualenv.py
[2024-03-02T09:44:43.918-0300] {processor.py:830} INFO - Processing file /home/victor/Área de Trabalho/airflow/venv/lib/python3.10/site-packages/airflow/example_dags/tutorial_taskflow_api_virtualenv.py for tasks to queue
[2024-03-02T09:44:43.919-0300] {logging_mixin.py:188} INFO - [2024-03-02T09:44:43.918-0300] {dagbag.py:540} INFO - Filling up the DagBag from /home/victor/Área de Trabalho/airflow/venv/lib/python3.10/site-packages/airflow/example_dags/tutorial_taskflow_api_virtualenv.py
[2024-03-02T09:44:43.931-0300] {processor.py:840} INFO - DAG(s) 'tutorial_taskflow_api_virtualenv' retrieved from /home/victor/Área de Trabalho/airflow/venv/lib/python3.10/site-packages/airflow/example_dags/tutorial_taskflow_api_virtualenv.py
[2024-03-02T09:44:43.963-0300] {logging_mixin.py:188} INFO - [2024-03-02T09:44:43.963-0300] {dag.py:3047} INFO - Sync 1 DAGs
[2024-03-02T09:44:43.977-0300] {logging_mixin.py:188} INFO - [2024-03-02T09:44:43.977-0300] {dag.py:3834} INFO - Setting next_dagrun for tutorial_taskflow_api_virtualenv to None, run_after=None
[2024-03-02T09:44:44.002-0300] {processor.py:183} INFO - Processing /home/victor/Área de Trabalho/airflow/venv/lib/python3.10/site-packages/airflow/example_dags/tutorial_taskflow_api_virtualenv.py took 0.088 seconds
[2024-03-02T09:45:14.647-0300] {processor.py:161} INFO - Started process (PID=16099) to work on /home/victor/Área de Trabalho/airflow/venv/lib/python3.10/site-packages/airflow/example_dags/tutorial_taskflow_api_virtualenv.py
[2024-03-02T09:45:14.649-0300] {processor.py:830} INFO - Processing file /home/victor/Área de Trabalho/airflow/venv/lib/python3.10/site-packages/airflow/example_dags/tutorial_taskflow_api_virtualenv.py for tasks to queue
[2024-03-02T09:45:14.650-0300] {logging_mixin.py:188} INFO - [2024-03-02T09:45:14.650-0300] {dagbag.py:540} INFO - Filling up the DagBag from /home/victor/Área de Trabalho/airflow/venv/lib/python3.10/site-packages/airflow/example_dags/tutorial_taskflow_api_virtualenv.py
[2024-03-02T09:45:14.660-0300] {processor.py:840} INFO - DAG(s) 'tutorial_taskflow_api_virtualenv' retrieved from /home/victor/Área de Trabalho/airflow/venv/lib/python3.10/site-packages/airflow/example_dags/tutorial_taskflow_api_virtualenv.py
[2024-03-02T09:45:14.703-0300] {logging_mixin.py:188} INFO - [2024-03-02T09:45:14.703-0300] {dag.py:3047} INFO - Sync 1 DAGs
[2024-03-02T09:45:14.715-0300] {logging_mixin.py:188} INFO - [2024-03-02T09:45:14.715-0300] {dag.py:3834} INFO - Setting next_dagrun for tutorial_taskflow_api_virtualenv to None, run_after=None
[2024-03-02T09:45:14.736-0300] {processor.py:183} INFO - Processing /home/victor/Área de Trabalho/airflow/venv/lib/python3.10/site-packages/airflow/example_dags/tutorial_taskflow_api_virtualenv.py took 0.092 seconds
[2024-03-02T09:45:45.832-0300] {processor.py:161} INFO - Started process (PID=16606) to work on /home/victor/Área de Trabalho/airflow/venv/lib/python3.10/site-packages/airflow/example_dags/tutorial_taskflow_api_virtualenv.py
[2024-03-02T09:45:45.832-0300] {processor.py:830} INFO - Processing file /home/victor/Área de Trabalho/airflow/venv/lib/python3.10/site-packages/airflow/example_dags/tutorial_taskflow_api_virtualenv.py for tasks to queue
[2024-03-02T09:45:45.833-0300] {logging_mixin.py:188} INFO - [2024-03-02T09:45:45.833-0300] {dagbag.py:540} INFO - Filling up the DagBag from /home/victor/Área de Trabalho/airflow/venv/lib/python3.10/site-packages/airflow/example_dags/tutorial_taskflow_api_virtualenv.py
[2024-03-02T09:45:45.848-0300] {processor.py:840} INFO - DAG(s) 'tutorial_taskflow_api_virtualenv' retrieved from /home/victor/Área de Trabalho/airflow/venv/lib/python3.10/site-packages/airflow/example_dags/tutorial_taskflow_api_virtualenv.py
[2024-03-02T09:45:45.875-0300] {logging_mixin.py:188} INFO - [2024-03-02T09:45:45.875-0300] {dag.py:3047} INFO - Sync 1 DAGs
[2024-03-02T09:45:45.887-0300] {logging_mixin.py:188} INFO - [2024-03-02T09:45:45.887-0300] {dag.py:3834} INFO - Setting next_dagrun for tutorial_taskflow_api_virtualenv to None, run_after=None
[2024-03-02T09:45:45.910-0300] {processor.py:183} INFO - Processing /home/victor/Área de Trabalho/airflow/venv/lib/python3.10/site-packages/airflow/example_dags/tutorial_taskflow_api_virtualenv.py took 0.081 seconds
[2024-03-02T09:46:17.338-0300] {processor.py:161} INFO - Started process (PID=17098) to work on /home/victor/Área de Trabalho/airflow/venv/lib/python3.10/site-packages/airflow/example_dags/tutorial_taskflow_api_virtualenv.py
[2024-03-02T09:46:17.340-0300] {processor.py:830} INFO - Processing file /home/victor/Área de Trabalho/airflow/venv/lib/python3.10/site-packages/airflow/example_dags/tutorial_taskflow_api_virtualenv.py for tasks to queue
[2024-03-02T09:46:17.341-0300] {logging_mixin.py:188} INFO - [2024-03-02T09:46:17.341-0300] {dagbag.py:540} INFO - Filling up the DagBag from /home/victor/Área de Trabalho/airflow/venv/lib/python3.10/site-packages/airflow/example_dags/tutorial_taskflow_api_virtualenv.py
[2024-03-02T09:46:17.350-0300] {processor.py:840} INFO - DAG(s) 'tutorial_taskflow_api_virtualenv' retrieved from /home/victor/Área de Trabalho/airflow/venv/lib/python3.10/site-packages/airflow/example_dags/tutorial_taskflow_api_virtualenv.py
[2024-03-02T09:46:17.382-0300] {logging_mixin.py:188} INFO - [2024-03-02T09:46:17.381-0300] {dag.py:3047} INFO - Sync 1 DAGs
[2024-03-02T09:46:17.404-0300] {logging_mixin.py:188} INFO - [2024-03-02T09:46:17.404-0300] {dag.py:3834} INFO - Setting next_dagrun for tutorial_taskflow_api_virtualenv to None, run_after=None
[2024-03-02T09:46:17.432-0300] {processor.py:183} INFO - Processing /home/victor/Área de Trabalho/airflow/venv/lib/python3.10/site-packages/airflow/example_dags/tutorial_taskflow_api_virtualenv.py took 0.099 seconds
[2024-03-02T09:46:48.130-0300] {processor.py:161} INFO - Started process (PID=17420) to work on /home/victor/Área de Trabalho/airflow/venv/lib/python3.10/site-packages/airflow/example_dags/tutorial_taskflow_api_virtualenv.py
[2024-03-02T09:46:48.131-0300] {processor.py:830} INFO - Processing file /home/victor/Área de Trabalho/airflow/venv/lib/python3.10/site-packages/airflow/example_dags/tutorial_taskflow_api_virtualenv.py for tasks to queue
[2024-03-02T09:46:48.131-0300] {logging_mixin.py:188} INFO - [2024-03-02T09:46:48.131-0300] {dagbag.py:540} INFO - Filling up the DagBag from /home/victor/Área de Trabalho/airflow/venv/lib/python3.10/site-packages/airflow/example_dags/tutorial_taskflow_api_virtualenv.py
[2024-03-02T09:46:48.140-0300] {processor.py:840} INFO - DAG(s) 'tutorial_taskflow_api_virtualenv' retrieved from /home/victor/Área de Trabalho/airflow/venv/lib/python3.10/site-packages/airflow/example_dags/tutorial_taskflow_api_virtualenv.py
[2024-03-02T09:46:48.169-0300] {logging_mixin.py:188} INFO - [2024-03-02T09:46:48.169-0300] {dag.py:3047} INFO - Sync 1 DAGs
[2024-03-02T09:46:48.181-0300] {logging_mixin.py:188} INFO - [2024-03-02T09:46:48.180-0300] {dag.py:3834} INFO - Setting next_dagrun for tutorial_taskflow_api_virtualenv to None, run_after=None
[2024-03-02T09:46:48.205-0300] {processor.py:183} INFO - Processing /home/victor/Área de Trabalho/airflow/venv/lib/python3.10/site-packages/airflow/example_dags/tutorial_taskflow_api_virtualenv.py took 0.078 seconds
[2024-03-02T09:47:18.888-0300] {processor.py:161} INFO - Started process (PID=18080) to work on /home/victor/Área de Trabalho/airflow/venv/lib/python3.10/site-packages/airflow/example_dags/tutorial_taskflow_api_virtualenv.py
[2024-03-02T09:47:18.889-0300] {processor.py:830} INFO - Processing file /home/victor/Área de Trabalho/airflow/venv/lib/python3.10/site-packages/airflow/example_dags/tutorial_taskflow_api_virtualenv.py for tasks to queue
[2024-03-02T09:47:18.889-0300] {logging_mixin.py:188} INFO - [2024-03-02T09:47:18.889-0300] {dagbag.py:540} INFO - Filling up the DagBag from /home/victor/Área de Trabalho/airflow/venv/lib/python3.10/site-packages/airflow/example_dags/tutorial_taskflow_api_virtualenv.py
[2024-03-02T09:47:18.898-0300] {processor.py:840} INFO - DAG(s) 'tutorial_taskflow_api_virtualenv' retrieved from /home/victor/Área de Trabalho/airflow/venv/lib/python3.10/site-packages/airflow/example_dags/tutorial_taskflow_api_virtualenv.py
[2024-03-02T09:47:18.925-0300] {logging_mixin.py:188} INFO - [2024-03-02T09:47:18.925-0300] {dag.py:3047} INFO - Sync 1 DAGs
[2024-03-02T09:47:18.937-0300] {logging_mixin.py:188} INFO - [2024-03-02T09:47:18.936-0300] {dag.py:3834} INFO - Setting next_dagrun for tutorial_taskflow_api_virtualenv to None, run_after=None
[2024-03-02T09:47:18.970-0300] {processor.py:183} INFO - Processing /home/victor/Área de Trabalho/airflow/venv/lib/python3.10/site-packages/airflow/example_dags/tutorial_taskflow_api_virtualenv.py took 0.085 seconds
[2024-03-02T09:47:49.684-0300] {processor.py:161} INFO - Started process (PID=18399) to work on /home/victor/Área de Trabalho/airflow/venv/lib/python3.10/site-packages/airflow/example_dags/tutorial_taskflow_api_virtualenv.py
[2024-03-02T09:47:49.685-0300] {processor.py:830} INFO - Processing file /home/victor/Área de Trabalho/airflow/venv/lib/python3.10/site-packages/airflow/example_dags/tutorial_taskflow_api_virtualenv.py for tasks to queue
[2024-03-02T09:47:49.686-0300] {logging_mixin.py:188} INFO - [2024-03-02T09:47:49.686-0300] {dagbag.py:540} INFO - Filling up the DagBag from /home/victor/Área de Trabalho/airflow/venv/lib/python3.10/site-packages/airflow/example_dags/tutorial_taskflow_api_virtualenv.py
[2024-03-02T09:47:49.696-0300] {processor.py:840} INFO - DAG(s) 'tutorial_taskflow_api_virtualenv' retrieved from /home/victor/Área de Trabalho/airflow/venv/lib/python3.10/site-packages/airflow/example_dags/tutorial_taskflow_api_virtualenv.py
[2024-03-02T09:47:49.723-0300] {logging_mixin.py:188} INFO - [2024-03-02T09:47:49.723-0300] {dag.py:3047} INFO - Sync 1 DAGs
[2024-03-02T09:47:49.736-0300] {logging_mixin.py:188} INFO - [2024-03-02T09:47:49.736-0300] {dag.py:3834} INFO - Setting next_dagrun for tutorial_taskflow_api_virtualenv to None, run_after=None
[2024-03-02T09:47:49.756-0300] {processor.py:183} INFO - Processing /home/victor/Área de Trabalho/airflow/venv/lib/python3.10/site-packages/airflow/example_dags/tutorial_taskflow_api_virtualenv.py took 0.080 seconds
[2024-03-02T09:48:20.323-0300] {processor.py:161} INFO - Started process (PID=18885) to work on /home/victor/Área de Trabalho/airflow/venv/lib/python3.10/site-packages/airflow/example_dags/tutorial_taskflow_api_virtualenv.py
[2024-03-02T09:48:20.324-0300] {processor.py:830} INFO - Processing file /home/victor/Área de Trabalho/airflow/venv/lib/python3.10/site-packages/airflow/example_dags/tutorial_taskflow_api_virtualenv.py for tasks to queue
[2024-03-02T09:48:20.325-0300] {logging_mixin.py:188} INFO - [2024-03-02T09:48:20.325-0300] {dagbag.py:540} INFO - Filling up the DagBag from /home/victor/Área de Trabalho/airflow/venv/lib/python3.10/site-packages/airflow/example_dags/tutorial_taskflow_api_virtualenv.py
[2024-03-02T09:48:20.337-0300] {processor.py:840} INFO - DAG(s) 'tutorial_taskflow_api_virtualenv' retrieved from /home/victor/Área de Trabalho/airflow/venv/lib/python3.10/site-packages/airflow/example_dags/tutorial_taskflow_api_virtualenv.py
[2024-03-02T09:48:20.366-0300] {logging_mixin.py:188} INFO - [2024-03-02T09:48:20.366-0300] {dag.py:3047} INFO - Sync 1 DAGs
[2024-03-02T09:48:20.378-0300] {logging_mixin.py:188} INFO - [2024-03-02T09:48:20.378-0300] {dag.py:3834} INFO - Setting next_dagrun for tutorial_taskflow_api_virtualenv to None, run_after=None
[2024-03-02T09:48:20.399-0300] {processor.py:183} INFO - Processing /home/victor/Área de Trabalho/airflow/venv/lib/python3.10/site-packages/airflow/example_dags/tutorial_taskflow_api_virtualenv.py took 0.079 seconds
[2024-03-02T09:48:51.089-0300] {processor.py:161} INFO - Started process (PID=19228) to work on /home/victor/Área de Trabalho/airflow/venv/lib/python3.10/site-packages/airflow/example_dags/tutorial_taskflow_api_virtualenv.py
[2024-03-02T09:48:51.089-0300] {processor.py:830} INFO - Processing file /home/victor/Área de Trabalho/airflow/venv/lib/python3.10/site-packages/airflow/example_dags/tutorial_taskflow_api_virtualenv.py for tasks to queue
[2024-03-02T09:48:51.090-0300] {logging_mixin.py:188} INFO - [2024-03-02T09:48:51.090-0300] {dagbag.py:540} INFO - Filling up the DagBag from /home/victor/Área de Trabalho/airflow/venv/lib/python3.10/site-packages/airflow/example_dags/tutorial_taskflow_api_virtualenv.py
[2024-03-02T09:48:51.100-0300] {processor.py:840} INFO - DAG(s) 'tutorial_taskflow_api_virtualenv' retrieved from /home/victor/Área de Trabalho/airflow/venv/lib/python3.10/site-packages/airflow/example_dags/tutorial_taskflow_api_virtualenv.py
[2024-03-02T09:48:51.128-0300] {logging_mixin.py:188} INFO - [2024-03-02T09:48:51.127-0300] {dag.py:3047} INFO - Sync 1 DAGs
[2024-03-02T09:48:51.145-0300] {logging_mixin.py:188} INFO - [2024-03-02T09:48:51.145-0300] {dag.py:3834} INFO - Setting next_dagrun for tutorial_taskflow_api_virtualenv to None, run_after=None
[2024-03-02T09:48:51.168-0300] {processor.py:183} INFO - Processing /home/victor/Área de Trabalho/airflow/venv/lib/python3.10/site-packages/airflow/example_dags/tutorial_taskflow_api_virtualenv.py took 0.083 seconds
[2024-03-02T09:49:21.855-0300] {processor.py:161} INFO - Started process (PID=19710) to work on /home/victor/Área de Trabalho/airflow/venv/lib/python3.10/site-packages/airflow/example_dags/tutorial_taskflow_api_virtualenv.py
[2024-03-02T09:49:21.857-0300] {processor.py:830} INFO - Processing file /home/victor/Área de Trabalho/airflow/venv/lib/python3.10/site-packages/airflow/example_dags/tutorial_taskflow_api_virtualenv.py for tasks to queue
[2024-03-02T09:49:21.858-0300] {logging_mixin.py:188} INFO - [2024-03-02T09:49:21.858-0300] {dagbag.py:540} INFO - Filling up the DagBag from /home/victor/Área de Trabalho/airflow/venv/lib/python3.10/site-packages/airflow/example_dags/tutorial_taskflow_api_virtualenv.py
[2024-03-02T09:49:21.868-0300] {processor.py:840} INFO - DAG(s) 'tutorial_taskflow_api_virtualenv' retrieved from /home/victor/Área de Trabalho/airflow/venv/lib/python3.10/site-packages/airflow/example_dags/tutorial_taskflow_api_virtualenv.py
[2024-03-02T09:49:21.895-0300] {logging_mixin.py:188} INFO - [2024-03-02T09:49:21.894-0300] {dag.py:3047} INFO - Sync 1 DAGs
[2024-03-02T09:49:21.907-0300] {logging_mixin.py:188} INFO - [2024-03-02T09:49:21.907-0300] {dag.py:3834} INFO - Setting next_dagrun for tutorial_taskflow_api_virtualenv to None, run_after=None
[2024-03-02T09:49:21.925-0300] {processor.py:183} INFO - Processing /home/victor/Área de Trabalho/airflow/venv/lib/python3.10/site-packages/airflow/example_dags/tutorial_taskflow_api_virtualenv.py took 0.073 seconds
[2024-03-02T09:49:52.579-0300] {processor.py:161} INFO - Started process (PID=20032) to work on /home/victor/Área de Trabalho/airflow/venv/lib/python3.10/site-packages/airflow/example_dags/tutorial_taskflow_api_virtualenv.py
[2024-03-02T09:49:52.580-0300] {processor.py:830} INFO - Processing file /home/victor/Área de Trabalho/airflow/venv/lib/python3.10/site-packages/airflow/example_dags/tutorial_taskflow_api_virtualenv.py for tasks to queue
[2024-03-02T09:49:52.581-0300] {logging_mixin.py:188} INFO - [2024-03-02T09:49:52.581-0300] {dagbag.py:540} INFO - Filling up the DagBag from /home/victor/Área de Trabalho/airflow/venv/lib/python3.10/site-packages/airflow/example_dags/tutorial_taskflow_api_virtualenv.py
[2024-03-02T09:49:52.590-0300] {processor.py:840} INFO - DAG(s) 'tutorial_taskflow_api_virtualenv' retrieved from /home/victor/Área de Trabalho/airflow/venv/lib/python3.10/site-packages/airflow/example_dags/tutorial_taskflow_api_virtualenv.py
[2024-03-02T09:49:52.617-0300] {logging_mixin.py:188} INFO - [2024-03-02T09:49:52.617-0300] {dag.py:3047} INFO - Sync 1 DAGs
[2024-03-02T09:49:52.629-0300] {logging_mixin.py:188} INFO - [2024-03-02T09:49:52.629-0300] {dag.py:3834} INFO - Setting next_dagrun for tutorial_taskflow_api_virtualenv to None, run_after=None
[2024-03-02T09:49:52.650-0300] {processor.py:183} INFO - Processing /home/victor/Área de Trabalho/airflow/venv/lib/python3.10/site-packages/airflow/example_dags/tutorial_taskflow_api_virtualenv.py took 0.073 seconds
[2024-03-02T09:50:23.216-0300] {processor.py:161} INFO - Started process (PID=20513) to work on /home/victor/Área de Trabalho/airflow/venv/lib/python3.10/site-packages/airflow/example_dags/tutorial_taskflow_api_virtualenv.py
[2024-03-02T09:50:23.217-0300] {processor.py:830} INFO - Processing file /home/victor/Área de Trabalho/airflow/venv/lib/python3.10/site-packages/airflow/example_dags/tutorial_taskflow_api_virtualenv.py for tasks to queue
[2024-03-02T09:50:23.218-0300] {logging_mixin.py:188} INFO - [2024-03-02T09:50:23.217-0300] {dagbag.py:540} INFO - Filling up the DagBag from /home/victor/Área de Trabalho/airflow/venv/lib/python3.10/site-packages/airflow/example_dags/tutorial_taskflow_api_virtualenv.py
[2024-03-02T09:50:23.228-0300] {processor.py:840} INFO - DAG(s) 'tutorial_taskflow_api_virtualenv' retrieved from /home/victor/Área de Trabalho/airflow/venv/lib/python3.10/site-packages/airflow/example_dags/tutorial_taskflow_api_virtualenv.py
[2024-03-02T09:50:23.257-0300] {logging_mixin.py:188} INFO - [2024-03-02T09:50:23.257-0300] {dag.py:3047} INFO - Sync 1 DAGs
[2024-03-02T09:50:23.272-0300] {logging_mixin.py:188} INFO - [2024-03-02T09:50:23.272-0300] {dag.py:3834} INFO - Setting next_dagrun for tutorial_taskflow_api_virtualenv to None, run_after=None
[2024-03-02T09:50:23.295-0300] {processor.py:183} INFO - Processing /home/victor/Área de Trabalho/airflow/venv/lib/python3.10/site-packages/airflow/example_dags/tutorial_taskflow_api_virtualenv.py took 0.082 seconds
[2024-03-02T09:50:54.669-0300] {processor.py:161} INFO - Started process (PID=20871) to work on /home/victor/Área de Trabalho/airflow/venv/lib/python3.10/site-packages/airflow/example_dags/tutorial_taskflow_api_virtualenv.py
[2024-03-02T09:50:54.672-0300] {processor.py:830} INFO - Processing file /home/victor/Área de Trabalho/airflow/venv/lib/python3.10/site-packages/airflow/example_dags/tutorial_taskflow_api_virtualenv.py for tasks to queue
[2024-03-02T09:50:54.673-0300] {logging_mixin.py:188} INFO - [2024-03-02T09:50:54.672-0300] {dagbag.py:540} INFO - Filling up the DagBag from /home/victor/Área de Trabalho/airflow/venv/lib/python3.10/site-packages/airflow/example_dags/tutorial_taskflow_api_virtualenv.py
[2024-03-02T09:50:54.684-0300] {processor.py:840} INFO - DAG(s) 'tutorial_taskflow_api_virtualenv' retrieved from /home/victor/Área de Trabalho/airflow/venv/lib/python3.10/site-packages/airflow/example_dags/tutorial_taskflow_api_virtualenv.py
[2024-03-02T09:50:54.713-0300] {logging_mixin.py:188} INFO - [2024-03-02T09:50:54.713-0300] {dag.py:3047} INFO - Sync 1 DAGs
[2024-03-02T09:50:54.727-0300] {logging_mixin.py:188} INFO - [2024-03-02T09:50:54.727-0300] {dag.py:3834} INFO - Setting next_dagrun for tutorial_taskflow_api_virtualenv to None, run_after=None
[2024-03-02T09:50:54.751-0300] {processor.py:183} INFO - Processing /home/victor/Área de Trabalho/airflow/venv/lib/python3.10/site-packages/airflow/example_dags/tutorial_taskflow_api_virtualenv.py took 0.085 seconds
[2024-03-02T09:51:25.401-0300] {processor.py:161} INFO - Started process (PID=21352) to work on /home/victor/Área de Trabalho/airflow/venv/lib/python3.10/site-packages/airflow/example_dags/tutorial_taskflow_api_virtualenv.py
[2024-03-02T09:51:25.402-0300] {processor.py:830} INFO - Processing file /home/victor/Área de Trabalho/airflow/venv/lib/python3.10/site-packages/airflow/example_dags/tutorial_taskflow_api_virtualenv.py for tasks to queue
[2024-03-02T09:51:25.403-0300] {logging_mixin.py:188} INFO - [2024-03-02T09:51:25.402-0300] {dagbag.py:540} INFO - Filling up the DagBag from /home/victor/Área de Trabalho/airflow/venv/lib/python3.10/site-packages/airflow/example_dags/tutorial_taskflow_api_virtualenv.py
[2024-03-02T09:51:25.413-0300] {processor.py:840} INFO - DAG(s) 'tutorial_taskflow_api_virtualenv' retrieved from /home/victor/Área de Trabalho/airflow/venv/lib/python3.10/site-packages/airflow/example_dags/tutorial_taskflow_api_virtualenv.py
[2024-03-02T09:51:25.440-0300] {logging_mixin.py:188} INFO - [2024-03-02T09:51:25.440-0300] {dag.py:3047} INFO - Sync 1 DAGs
[2024-03-02T09:51:25.454-0300] {logging_mixin.py:188} INFO - [2024-03-02T09:51:25.453-0300] {dag.py:3834} INFO - Setting next_dagrun for tutorial_taskflow_api_virtualenv to None, run_after=None
[2024-03-02T09:51:25.473-0300] {processor.py:183} INFO - Processing /home/victor/Área de Trabalho/airflow/venv/lib/python3.10/site-packages/airflow/example_dags/tutorial_taskflow_api_virtualenv.py took 0.075 seconds
[2024-03-02T09:51:56.142-0300] {processor.py:161} INFO - Started process (PID=21674) to work on /home/victor/Área de Trabalho/airflow/venv/lib/python3.10/site-packages/airflow/example_dags/tutorial_taskflow_api_virtualenv.py
[2024-03-02T09:51:56.145-0300] {processor.py:830} INFO - Processing file /home/victor/Área de Trabalho/airflow/venv/lib/python3.10/site-packages/airflow/example_dags/tutorial_taskflow_api_virtualenv.py for tasks to queue
[2024-03-02T09:51:56.146-0300] {logging_mixin.py:188} INFO - [2024-03-02T09:51:56.146-0300] {dagbag.py:540} INFO - Filling up the DagBag from /home/victor/Área de Trabalho/airflow/venv/lib/python3.10/site-packages/airflow/example_dags/tutorial_taskflow_api_virtualenv.py
[2024-03-02T09:51:56.156-0300] {processor.py:840} INFO - DAG(s) 'tutorial_taskflow_api_virtualenv' retrieved from /home/victor/Área de Trabalho/airflow/venv/lib/python3.10/site-packages/airflow/example_dags/tutorial_taskflow_api_virtualenv.py
[2024-03-02T09:51:56.183-0300] {logging_mixin.py:188} INFO - [2024-03-02T09:51:56.182-0300] {dag.py:3047} INFO - Sync 1 DAGs
[2024-03-02T09:51:56.195-0300] {logging_mixin.py:188} INFO - [2024-03-02T09:51:56.195-0300] {dag.py:3834} INFO - Setting next_dagrun for tutorial_taskflow_api_virtualenv to None, run_after=None
[2024-03-02T09:51:56.214-0300] {processor.py:183} INFO - Processing /home/victor/Área de Trabalho/airflow/venv/lib/python3.10/site-packages/airflow/example_dags/tutorial_taskflow_api_virtualenv.py took 0.076 seconds
[2024-03-02T09:52:26.559-0300] {processor.py:161} INFO - Started process (PID=22315) to work on /home/victor/Área de Trabalho/airflow/venv/lib/python3.10/site-packages/airflow/example_dags/tutorial_taskflow_api_virtualenv.py
[2024-03-02T09:52:26.560-0300] {processor.py:830} INFO - Processing file /home/victor/Área de Trabalho/airflow/venv/lib/python3.10/site-packages/airflow/example_dags/tutorial_taskflow_api_virtualenv.py for tasks to queue
[2024-03-02T09:52:26.561-0300] {logging_mixin.py:188} INFO - [2024-03-02T09:52:26.561-0300] {dagbag.py:540} INFO - Filling up the DagBag from /home/victor/Área de Trabalho/airflow/venv/lib/python3.10/site-packages/airflow/example_dags/tutorial_taskflow_api_virtualenv.py
[2024-03-02T09:52:26.570-0300] {processor.py:840} INFO - DAG(s) 'tutorial_taskflow_api_virtualenv' retrieved from /home/victor/Área de Trabalho/airflow/venv/lib/python3.10/site-packages/airflow/example_dags/tutorial_taskflow_api_virtualenv.py
[2024-03-02T09:52:26.597-0300] {logging_mixin.py:188} INFO - [2024-03-02T09:52:26.596-0300] {dag.py:3047} INFO - Sync 1 DAGs
[2024-03-02T09:52:26.607-0300] {logging_mixin.py:188} INFO - [2024-03-02T09:52:26.607-0300] {dag.py:3834} INFO - Setting next_dagrun for tutorial_taskflow_api_virtualenv to None, run_after=None
[2024-03-02T09:52:26.630-0300] {processor.py:183} INFO - Processing /home/victor/Área de Trabalho/airflow/venv/lib/python3.10/site-packages/airflow/example_dags/tutorial_taskflow_api_virtualenv.py took 0.073 seconds
[2024-03-02T09:52:57.149-0300] {processor.py:161} INFO - Started process (PID=22640) to work on /home/victor/Área de Trabalho/airflow/venv/lib/python3.10/site-packages/airflow/example_dags/tutorial_taskflow_api_virtualenv.py
[2024-03-02T09:52:57.150-0300] {processor.py:830} INFO - Processing file /home/victor/Área de Trabalho/airflow/venv/lib/python3.10/site-packages/airflow/example_dags/tutorial_taskflow_api_virtualenv.py for tasks to queue
[2024-03-02T09:52:57.151-0300] {logging_mixin.py:188} INFO - [2024-03-02T09:52:57.151-0300] {dagbag.py:540} INFO - Filling up the DagBag from /home/victor/Área de Trabalho/airflow/venv/lib/python3.10/site-packages/airflow/example_dags/tutorial_taskflow_api_virtualenv.py
[2024-03-02T09:52:57.161-0300] {processor.py:840} INFO - DAG(s) 'tutorial_taskflow_api_virtualenv' retrieved from /home/victor/Área de Trabalho/airflow/venv/lib/python3.10/site-packages/airflow/example_dags/tutorial_taskflow_api_virtualenv.py
[2024-03-02T09:52:57.190-0300] {logging_mixin.py:188} INFO - [2024-03-02T09:52:57.190-0300] {dag.py:3047} INFO - Sync 1 DAGs
[2024-03-02T09:52:57.204-0300] {logging_mixin.py:188} INFO - [2024-03-02T09:52:57.204-0300] {dag.py:3834} INFO - Setting next_dagrun for tutorial_taskflow_api_virtualenv to None, run_after=None
[2024-03-02T09:52:57.225-0300] {processor.py:183} INFO - Processing /home/victor/Área de Trabalho/airflow/venv/lib/python3.10/site-packages/airflow/example_dags/tutorial_taskflow_api_virtualenv.py took 0.080 seconds
[2024-03-02T09:53:27.777-0300] {processor.py:161} INFO - Started process (PID=23124) to work on /home/victor/Área de Trabalho/airflow/venv/lib/python3.10/site-packages/airflow/example_dags/tutorial_taskflow_api_virtualenv.py
[2024-03-02T09:53:27.778-0300] {processor.py:830} INFO - Processing file /home/victor/Área de Trabalho/airflow/venv/lib/python3.10/site-packages/airflow/example_dags/tutorial_taskflow_api_virtualenv.py for tasks to queue
[2024-03-02T09:53:27.779-0300] {logging_mixin.py:188} INFO - [2024-03-02T09:53:27.778-0300] {dagbag.py:540} INFO - Filling up the DagBag from /home/victor/Área de Trabalho/airflow/venv/lib/python3.10/site-packages/airflow/example_dags/tutorial_taskflow_api_virtualenv.py
[2024-03-02T09:53:27.795-0300] {processor.py:840} INFO - DAG(s) 'tutorial_taskflow_api_virtualenv' retrieved from /home/victor/Área de Trabalho/airflow/venv/lib/python3.10/site-packages/airflow/example_dags/tutorial_taskflow_api_virtualenv.py
[2024-03-02T09:53:27.827-0300] {logging_mixin.py:188} INFO - [2024-03-02T09:53:27.826-0300] {dag.py:3047} INFO - Sync 1 DAGs
[2024-03-02T09:53:27.841-0300] {logging_mixin.py:188} INFO - [2024-03-02T09:53:27.841-0300] {dag.py:3834} INFO - Setting next_dagrun for tutorial_taskflow_api_virtualenv to None, run_after=None
[2024-03-02T09:53:27.861-0300] {processor.py:183} INFO - Processing /home/victor/Área de Trabalho/airflow/venv/lib/python3.10/site-packages/airflow/example_dags/tutorial_taskflow_api_virtualenv.py took 0.086 seconds
[2024-03-02T09:53:58.024-0300] {processor.py:161} INFO - Started process (PID=23436) to work on /home/victor/Área de Trabalho/airflow/venv/lib/python3.10/site-packages/airflow/example_dags/tutorial_taskflow_api_virtualenv.py
[2024-03-02T09:53:58.025-0300] {processor.py:830} INFO - Processing file /home/victor/Área de Trabalho/airflow/venv/lib/python3.10/site-packages/airflow/example_dags/tutorial_taskflow_api_virtualenv.py for tasks to queue
[2024-03-02T09:53:58.026-0300] {logging_mixin.py:188} INFO - [2024-03-02T09:53:58.026-0300] {dagbag.py:540} INFO - Filling up the DagBag from /home/victor/Área de Trabalho/airflow/venv/lib/python3.10/site-packages/airflow/example_dags/tutorial_taskflow_api_virtualenv.py
[2024-03-02T09:53:58.037-0300] {processor.py:840} INFO - DAG(s) 'tutorial_taskflow_api_virtualenv' retrieved from /home/victor/Área de Trabalho/airflow/venv/lib/python3.10/site-packages/airflow/example_dags/tutorial_taskflow_api_virtualenv.py
[2024-03-02T09:53:58.065-0300] {logging_mixin.py:188} INFO - [2024-03-02T09:53:58.064-0300] {dag.py:3047} INFO - Sync 1 DAGs
[2024-03-02T09:53:58.076-0300] {logging_mixin.py:188} INFO - [2024-03-02T09:53:58.076-0300] {dag.py:3834} INFO - Setting next_dagrun for tutorial_taskflow_api_virtualenv to None, run_after=None
[2024-03-02T09:53:58.096-0300] {processor.py:183} INFO - Processing /home/victor/Área de Trabalho/airflow/venv/lib/python3.10/site-packages/airflow/example_dags/tutorial_taskflow_api_virtualenv.py took 0.075 seconds
[2024-03-02T09:54:29.009-0300] {processor.py:161} INFO - Started process (PID=24082) to work on /home/victor/Área de Trabalho/airflow/venv/lib/python3.10/site-packages/airflow/example_dags/tutorial_taskflow_api_virtualenv.py
[2024-03-02T09:54:29.010-0300] {processor.py:830} INFO - Processing file /home/victor/Área de Trabalho/airflow/venv/lib/python3.10/site-packages/airflow/example_dags/tutorial_taskflow_api_virtualenv.py for tasks to queue
[2024-03-02T09:54:29.011-0300] {logging_mixin.py:188} INFO - [2024-03-02T09:54:29.011-0300] {dagbag.py:540} INFO - Filling up the DagBag from /home/victor/Área de Trabalho/airflow/venv/lib/python3.10/site-packages/airflow/example_dags/tutorial_taskflow_api_virtualenv.py
[2024-03-02T09:54:29.021-0300] {processor.py:840} INFO - DAG(s) 'tutorial_taskflow_api_virtualenv' retrieved from /home/victor/Área de Trabalho/airflow/venv/lib/python3.10/site-packages/airflow/example_dags/tutorial_taskflow_api_virtualenv.py
[2024-03-02T09:54:29.049-0300] {logging_mixin.py:188} INFO - [2024-03-02T09:54:29.049-0300] {dag.py:3047} INFO - Sync 1 DAGs
[2024-03-02T09:54:29.063-0300] {logging_mixin.py:188} INFO - [2024-03-02T09:54:29.063-0300] {dag.py:3834} INFO - Setting next_dagrun for tutorial_taskflow_api_virtualenv to None, run_after=None
[2024-03-02T09:54:29.086-0300] {processor.py:183} INFO - Processing /home/victor/Área de Trabalho/airflow/venv/lib/python3.10/site-packages/airflow/example_dags/tutorial_taskflow_api_virtualenv.py took 0.080 seconds
[2024-03-02T09:55:00.083-0300] {processor.py:161} INFO - Started process (PID=24643) to work on /home/victor/Área de Trabalho/airflow/venv/lib/python3.10/site-packages/airflow/example_dags/tutorial_taskflow_api_virtualenv.py
[2024-03-02T09:55:00.084-0300] {processor.py:830} INFO - Processing file /home/victor/Área de Trabalho/airflow/venv/lib/python3.10/site-packages/airflow/example_dags/tutorial_taskflow_api_virtualenv.py for tasks to queue
[2024-03-02T09:55:00.085-0300] {logging_mixin.py:188} INFO - [2024-03-02T09:55:00.085-0300] {dagbag.py:540} INFO - Filling up the DagBag from /home/victor/Área de Trabalho/airflow/venv/lib/python3.10/site-packages/airflow/example_dags/tutorial_taskflow_api_virtualenv.py
[2024-03-02T09:55:00.094-0300] {processor.py:840} INFO - DAG(s) 'tutorial_taskflow_api_virtualenv' retrieved from /home/victor/Área de Trabalho/airflow/venv/lib/python3.10/site-packages/airflow/example_dags/tutorial_taskflow_api_virtualenv.py
[2024-03-02T09:55:00.120-0300] {logging_mixin.py:188} INFO - [2024-03-02T09:55:00.120-0300] {dag.py:3047} INFO - Sync 1 DAGs
[2024-03-02T09:55:00.131-0300] {logging_mixin.py:188} INFO - [2024-03-02T09:55:00.131-0300] {dag.py:3834} INFO - Setting next_dagrun for tutorial_taskflow_api_virtualenv to None, run_after=None
[2024-03-02T09:55:00.149-0300] {processor.py:183} INFO - Processing /home/victor/Área de Trabalho/airflow/venv/lib/python3.10/site-packages/airflow/example_dags/tutorial_taskflow_api_virtualenv.py took 0.068 seconds
[2024-03-02T09:55:30.729-0300] {processor.py:161} INFO - Started process (PID=25110) to work on /home/victor/Área de Trabalho/airflow/venv/lib/python3.10/site-packages/airflow/example_dags/tutorial_taskflow_api_virtualenv.py
[2024-03-02T09:55:30.730-0300] {processor.py:830} INFO - Processing file /home/victor/Área de Trabalho/airflow/venv/lib/python3.10/site-packages/airflow/example_dags/tutorial_taskflow_api_virtualenv.py for tasks to queue
[2024-03-02T09:55:30.731-0300] {logging_mixin.py:188} INFO - [2024-03-02T09:55:30.731-0300] {dagbag.py:540} INFO - Filling up the DagBag from /home/victor/Área de Trabalho/airflow/venv/lib/python3.10/site-packages/airflow/example_dags/tutorial_taskflow_api_virtualenv.py
[2024-03-02T09:55:30.741-0300] {processor.py:840} INFO - DAG(s) 'tutorial_taskflow_api_virtualenv' retrieved from /home/victor/Área de Trabalho/airflow/venv/lib/python3.10/site-packages/airflow/example_dags/tutorial_taskflow_api_virtualenv.py
[2024-03-02T09:55:30.772-0300] {logging_mixin.py:188} INFO - [2024-03-02T09:55:30.772-0300] {dag.py:3047} INFO - Sync 1 DAGs
[2024-03-02T09:55:30.786-0300] {logging_mixin.py:188} INFO - [2024-03-02T09:55:30.785-0300] {dag.py:3834} INFO - Setting next_dagrun for tutorial_taskflow_api_virtualenv to None, run_after=None
[2024-03-02T09:55:30.805-0300] {processor.py:183} INFO - Processing /home/victor/Área de Trabalho/airflow/venv/lib/python3.10/site-packages/airflow/example_dags/tutorial_taskflow_api_virtualenv.py took 0.078 seconds
[2024-03-02T09:56:01.067-0300] {processor.py:161} INFO - Started process (PID=25616) to work on /home/victor/Área de Trabalho/airflow/venv/lib/python3.10/site-packages/airflow/example_dags/tutorial_taskflow_api_virtualenv.py
[2024-03-02T09:56:01.068-0300] {processor.py:830} INFO - Processing file /home/victor/Área de Trabalho/airflow/venv/lib/python3.10/site-packages/airflow/example_dags/tutorial_taskflow_api_virtualenv.py for tasks to queue
[2024-03-02T09:56:01.069-0300] {logging_mixin.py:188} INFO - [2024-03-02T09:56:01.068-0300] {dagbag.py:540} INFO - Filling up the DagBag from /home/victor/Área de Trabalho/airflow/venv/lib/python3.10/site-packages/airflow/example_dags/tutorial_taskflow_api_virtualenv.py
[2024-03-02T09:56:01.078-0300] {processor.py:840} INFO - DAG(s) 'tutorial_taskflow_api_virtualenv' retrieved from /home/victor/Área de Trabalho/airflow/venv/lib/python3.10/site-packages/airflow/example_dags/tutorial_taskflow_api_virtualenv.py
[2024-03-02T09:56:01.107-0300] {logging_mixin.py:188} INFO - [2024-03-02T09:56:01.107-0300] {dag.py:3047} INFO - Sync 1 DAGs
[2024-03-02T09:56:01.119-0300] {logging_mixin.py:188} INFO - [2024-03-02T09:56:01.119-0300] {dag.py:3834} INFO - Setting next_dagrun for tutorial_taskflow_api_virtualenv to None, run_after=None
[2024-03-02T09:56:01.141-0300] {processor.py:183} INFO - Processing /home/victor/Área de Trabalho/airflow/venv/lib/python3.10/site-packages/airflow/example_dags/tutorial_taskflow_api_virtualenv.py took 0.077 seconds
[2024-03-02T09:56:31.226-0300] {processor.py:161} INFO - Started process (PID=25924) to work on /home/victor/Área de Trabalho/airflow/venv/lib/python3.10/site-packages/airflow/example_dags/tutorial_taskflow_api_virtualenv.py
[2024-03-02T09:56:31.226-0300] {processor.py:830} INFO - Processing file /home/victor/Área de Trabalho/airflow/venv/lib/python3.10/site-packages/airflow/example_dags/tutorial_taskflow_api_virtualenv.py for tasks to queue
[2024-03-02T09:56:31.227-0300] {logging_mixin.py:188} INFO - [2024-03-02T09:56:31.227-0300] {dagbag.py:540} INFO - Filling up the DagBag from /home/victor/Área de Trabalho/airflow/venv/lib/python3.10/site-packages/airflow/example_dags/tutorial_taskflow_api_virtualenv.py
[2024-03-02T09:56:31.235-0300] {processor.py:840} INFO - DAG(s) 'tutorial_taskflow_api_virtualenv' retrieved from /home/victor/Área de Trabalho/airflow/venv/lib/python3.10/site-packages/airflow/example_dags/tutorial_taskflow_api_virtualenv.py
[2024-03-02T09:56:31.260-0300] {logging_mixin.py:188} INFO - [2024-03-02T09:56:31.260-0300] {dag.py:3047} INFO - Sync 1 DAGs
[2024-03-02T09:56:31.272-0300] {logging_mixin.py:188} INFO - [2024-03-02T09:56:31.272-0300] {dag.py:3834} INFO - Setting next_dagrun for tutorial_taskflow_api_virtualenv to None, run_after=None
[2024-03-02T09:56:31.291-0300] {processor.py:183} INFO - Processing /home/victor/Área de Trabalho/airflow/venv/lib/python3.10/site-packages/airflow/example_dags/tutorial_taskflow_api_virtualenv.py took 0.069 seconds
[2024-03-02T09:57:01.561-0300] {processor.py:161} INFO - Started process (PID=26409) to work on /home/victor/Área de Trabalho/airflow/venv/lib/python3.10/site-packages/airflow/example_dags/tutorial_taskflow_api_virtualenv.py
[2024-03-02T09:57:01.562-0300] {processor.py:830} INFO - Processing file /home/victor/Área de Trabalho/airflow/venv/lib/python3.10/site-packages/airflow/example_dags/tutorial_taskflow_api_virtualenv.py for tasks to queue
[2024-03-02T09:57:01.563-0300] {logging_mixin.py:188} INFO - [2024-03-02T09:57:01.563-0300] {dagbag.py:540} INFO - Filling up the DagBag from /home/victor/Área de Trabalho/airflow/venv/lib/python3.10/site-packages/airflow/example_dags/tutorial_taskflow_api_virtualenv.py
[2024-03-02T09:57:01.572-0300] {processor.py:840} INFO - DAG(s) 'tutorial_taskflow_api_virtualenv' retrieved from /home/victor/Área de Trabalho/airflow/venv/lib/python3.10/site-packages/airflow/example_dags/tutorial_taskflow_api_virtualenv.py
[2024-03-02T09:57:01.598-0300] {logging_mixin.py:188} INFO - [2024-03-02T09:57:01.598-0300] {dag.py:3047} INFO - Sync 1 DAGs
[2024-03-02T09:57:01.610-0300] {logging_mixin.py:188} INFO - [2024-03-02T09:57:01.610-0300] {dag.py:3834} INFO - Setting next_dagrun for tutorial_taskflow_api_virtualenv to None, run_after=None
[2024-03-02T09:57:01.628-0300] {processor.py:183} INFO - Processing /home/victor/Área de Trabalho/airflow/venv/lib/python3.10/site-packages/airflow/example_dags/tutorial_taskflow_api_virtualenv.py took 0.070 seconds
[2024-03-02T09:57:32.148-0300] {processor.py:161} INFO - Started process (PID=26894) to work on /home/victor/Área de Trabalho/airflow/venv/lib/python3.10/site-packages/airflow/example_dags/tutorial_taskflow_api_virtualenv.py
[2024-03-02T09:57:32.149-0300] {processor.py:830} INFO - Processing file /home/victor/Área de Trabalho/airflow/venv/lib/python3.10/site-packages/airflow/example_dags/tutorial_taskflow_api_virtualenv.py for tasks to queue
[2024-03-02T09:57:32.150-0300] {logging_mixin.py:188} INFO - [2024-03-02T09:57:32.149-0300] {dagbag.py:540} INFO - Filling up the DagBag from /home/victor/Área de Trabalho/airflow/venv/lib/python3.10/site-packages/airflow/example_dags/tutorial_taskflow_api_virtualenv.py
[2024-03-02T09:57:32.158-0300] {processor.py:840} INFO - DAG(s) 'tutorial_taskflow_api_virtualenv' retrieved from /home/victor/Área de Trabalho/airflow/venv/lib/python3.10/site-packages/airflow/example_dags/tutorial_taskflow_api_virtualenv.py
[2024-03-02T09:57:32.183-0300] {logging_mixin.py:188} INFO - [2024-03-02T09:57:32.183-0300] {dag.py:3047} INFO - Sync 1 DAGs
[2024-03-02T09:57:32.194-0300] {logging_mixin.py:188} INFO - [2024-03-02T09:57:32.193-0300] {dag.py:3834} INFO - Setting next_dagrun for tutorial_taskflow_api_virtualenv to None, run_after=None
[2024-03-02T09:57:32.212-0300] {processor.py:183} INFO - Processing /home/victor/Área de Trabalho/airflow/venv/lib/python3.10/site-packages/airflow/example_dags/tutorial_taskflow_api_virtualenv.py took 0.066 seconds
[2024-03-02T09:58:02.687-0300] {processor.py:161} INFO - Started process (PID=27421) to work on /home/victor/Área de Trabalho/airflow/venv/lib/python3.10/site-packages/airflow/example_dags/tutorial_taskflow_api_virtualenv.py
[2024-03-02T09:58:02.688-0300] {processor.py:830} INFO - Processing file /home/victor/Área de Trabalho/airflow/venv/lib/python3.10/site-packages/airflow/example_dags/tutorial_taskflow_api_virtualenv.py for tasks to queue
[2024-03-02T09:58:02.689-0300] {logging_mixin.py:188} INFO - [2024-03-02T09:58:02.688-0300] {dagbag.py:540} INFO - Filling up the DagBag from /home/victor/Área de Trabalho/airflow/venv/lib/python3.10/site-packages/airflow/example_dags/tutorial_taskflow_api_virtualenv.py
[2024-03-02T09:58:02.698-0300] {processor.py:840} INFO - DAG(s) 'tutorial_taskflow_api_virtualenv' retrieved from /home/victor/Área de Trabalho/airflow/venv/lib/python3.10/site-packages/airflow/example_dags/tutorial_taskflow_api_virtualenv.py
[2024-03-02T09:58:02.723-0300] {logging_mixin.py:188} INFO - [2024-03-02T09:58:02.723-0300] {dag.py:3047} INFO - Sync 1 DAGs
[2024-03-02T09:58:02.734-0300] {logging_mixin.py:188} INFO - [2024-03-02T09:58:02.734-0300] {dag.py:3834} INFO - Setting next_dagrun for tutorial_taskflow_api_virtualenv to None, run_after=None
[2024-03-02T09:58:02.753-0300] {processor.py:183} INFO - Processing /home/victor/Área de Trabalho/airflow/venv/lib/python3.10/site-packages/airflow/example_dags/tutorial_taskflow_api_virtualenv.py took 0.069 seconds
[2024-03-02T09:58:33.285-0300] {processor.py:161} INFO - Started process (PID=28288) to work on /home/victor/Área de Trabalho/airflow/venv/lib/python3.10/site-packages/airflow/example_dags/tutorial_taskflow_api_virtualenv.py
[2024-03-02T09:58:33.285-0300] {processor.py:830} INFO - Processing file /home/victor/Área de Trabalho/airflow/venv/lib/python3.10/site-packages/airflow/example_dags/tutorial_taskflow_api_virtualenv.py for tasks to queue
[2024-03-02T09:58:33.286-0300] {logging_mixin.py:188} INFO - [2024-03-02T09:58:33.286-0300] {dagbag.py:540} INFO - Filling up the DagBag from /home/victor/Área de Trabalho/airflow/venv/lib/python3.10/site-packages/airflow/example_dags/tutorial_taskflow_api_virtualenv.py
[2024-03-02T09:58:33.296-0300] {processor.py:840} INFO - DAG(s) 'tutorial_taskflow_api_virtualenv' retrieved from /home/victor/Área de Trabalho/airflow/venv/lib/python3.10/site-packages/airflow/example_dags/tutorial_taskflow_api_virtualenv.py
[2024-03-02T09:58:33.322-0300] {logging_mixin.py:188} INFO - [2024-03-02T09:58:33.322-0300] {dag.py:3047} INFO - Sync 1 DAGs
[2024-03-02T09:58:33.334-0300] {logging_mixin.py:188} INFO - [2024-03-02T09:58:33.334-0300] {dag.py:3834} INFO - Setting next_dagrun for tutorial_taskflow_api_virtualenv to None, run_after=None
[2024-03-02T09:58:33.354-0300] {processor.py:183} INFO - Processing /home/victor/Área de Trabalho/airflow/venv/lib/python3.10/site-packages/airflow/example_dags/tutorial_taskflow_api_virtualenv.py took 0.073 seconds
[2024-03-02T09:59:03.976-0300] {processor.py:161} INFO - Started process (PID=29329) to work on /home/victor/Área de Trabalho/airflow/venv/lib/python3.10/site-packages/airflow/example_dags/tutorial_taskflow_api_virtualenv.py
[2024-03-02T09:59:03.977-0300] {processor.py:830} INFO - Processing file /home/victor/Área de Trabalho/airflow/venv/lib/python3.10/site-packages/airflow/example_dags/tutorial_taskflow_api_virtualenv.py for tasks to queue
[2024-03-02T09:59:03.977-0300] {logging_mixin.py:188} INFO - [2024-03-02T09:59:03.977-0300] {dagbag.py:540} INFO - Filling up the DagBag from /home/victor/Área de Trabalho/airflow/venv/lib/python3.10/site-packages/airflow/example_dags/tutorial_taskflow_api_virtualenv.py
[2024-03-02T09:59:03.986-0300] {processor.py:840} INFO - DAG(s) 'tutorial_taskflow_api_virtualenv' retrieved from /home/victor/Área de Trabalho/airflow/venv/lib/python3.10/site-packages/airflow/example_dags/tutorial_taskflow_api_virtualenv.py
[2024-03-02T09:59:04.013-0300] {logging_mixin.py:188} INFO - [2024-03-02T09:59:04.013-0300] {dag.py:3047} INFO - Sync 1 DAGs
[2024-03-02T09:59:04.025-0300] {logging_mixin.py:188} INFO - [2024-03-02T09:59:04.025-0300] {dag.py:3834} INFO - Setting next_dagrun for tutorial_taskflow_api_virtualenv to None, run_after=None
[2024-03-02T09:59:04.046-0300] {processor.py:183} INFO - Processing /home/victor/Área de Trabalho/airflow/venv/lib/python3.10/site-packages/airflow/example_dags/tutorial_taskflow_api_virtualenv.py took 0.073 seconds
