[2024-03-02T09:36:57.656-0300] {processor.py:161} INFO - Started process (PID=7805) to work on /home/victor/Área de Trabalho/airflow/venv/lib/python3.10/site-packages/airflow/example_dags/tutorial_objectstorage.py
[2024-03-02T09:36:57.657-0300] {processor.py:830} INFO - Processing file /home/victor/Área de Trabalho/airflow/venv/lib/python3.10/site-packages/airflow/example_dags/tutorial_objectstorage.py for tasks to queue
[2024-03-02T09:36:57.657-0300] {logging_mixin.py:188} INFO - [2024-03-02T09:36:57.657-0300] {dagbag.py:540} INFO - Filling up the DagBag from /home/victor/Área de Trabalho/airflow/venv/lib/python3.10/site-packages/airflow/example_dags/tutorial_objectstorage.py
[2024-03-02T09:36:57.664-0300] {processor.py:840} INFO - DAG(s) 'tutorial_objectstorage' retrieved from /home/victor/Área de Trabalho/airflow/venv/lib/python3.10/site-packages/airflow/example_dags/tutorial_objectstorage.py
[2024-03-02T09:36:57.683-0300] {logging_mixin.py:188} INFO - [2024-03-02T09:36:57.683-0300] {dag.py:3047} INFO - Sync 1 DAGs
[2024-03-02T09:36:57.695-0300] {logging_mixin.py:188} INFO - [2024-03-02T09:36:57.695-0300] {dag.py:3834} INFO - Setting next_dagrun for tutorial_objectstorage to None, run_after=None
[2024-03-02T09:36:57.716-0300] {processor.py:183} INFO - Processing /home/victor/Área de Trabalho/airflow/venv/lib/python3.10/site-packages/airflow/example_dags/tutorial_objectstorage.py took 0.064 seconds
[2024-03-02T09:37:28.355-0300] {processor.py:161} INFO - Started process (PID=9225) to work on /home/victor/Área de Trabalho/airflow/venv/lib/python3.10/site-packages/airflow/example_dags/tutorial_objectstorage.py
[2024-03-02T09:37:28.356-0300] {processor.py:830} INFO - Processing file /home/victor/Área de Trabalho/airflow/venv/lib/python3.10/site-packages/airflow/example_dags/tutorial_objectstorage.py for tasks to queue
[2024-03-02T09:37:28.357-0300] {logging_mixin.py:188} INFO - [2024-03-02T09:37:28.357-0300] {dagbag.py:540} INFO - Filling up the DagBag from /home/victor/Área de Trabalho/airflow/venv/lib/python3.10/site-packages/airflow/example_dags/tutorial_objectstorage.py
[2024-03-02T09:37:28.363-0300] {processor.py:840} INFO - DAG(s) 'tutorial_objectstorage' retrieved from /home/victor/Área de Trabalho/airflow/venv/lib/python3.10/site-packages/airflow/example_dags/tutorial_objectstorage.py
[2024-03-02T09:37:28.461-0300] {logging_mixin.py:188} INFO - [2024-03-02T09:37:28.461-0300] {dag.py:3047} INFO - Sync 1 DAGs
[2024-03-02T09:37:28.470-0300] {logging_mixin.py:188} INFO - [2024-03-02T09:37:28.470-0300] {dag.py:3834} INFO - Setting next_dagrun for tutorial_objectstorage to None, run_after=None
[2024-03-02T09:37:28.488-0300] {processor.py:183} INFO - Processing /home/victor/Área de Trabalho/airflow/venv/lib/python3.10/site-packages/airflow/example_dags/tutorial_objectstorage.py took 0.136 seconds
[2024-03-02T09:37:59.366-0300] {processor.py:161} INFO - Started process (PID=9889) to work on /home/victor/Área de Trabalho/airflow/venv/lib/python3.10/site-packages/airflow/example_dags/tutorial_objectstorage.py
[2024-03-02T09:37:59.367-0300] {processor.py:830} INFO - Processing file /home/victor/Área de Trabalho/airflow/venv/lib/python3.10/site-packages/airflow/example_dags/tutorial_objectstorage.py for tasks to queue
[2024-03-02T09:37:59.368-0300] {logging_mixin.py:188} INFO - [2024-03-02T09:37:59.368-0300] {dagbag.py:540} INFO - Filling up the DagBag from /home/victor/Área de Trabalho/airflow/venv/lib/python3.10/site-packages/airflow/example_dags/tutorial_objectstorage.py
[2024-03-02T09:37:59.373-0300] {processor.py:840} INFO - DAG(s) 'tutorial_objectstorage' retrieved from /home/victor/Área de Trabalho/airflow/venv/lib/python3.10/site-packages/airflow/example_dags/tutorial_objectstorage.py
[2024-03-02T09:37:59.398-0300] {logging_mixin.py:188} INFO - [2024-03-02T09:37:59.398-0300] {dag.py:3047} INFO - Sync 1 DAGs
[2024-03-02T09:37:59.408-0300] {logging_mixin.py:188} INFO - [2024-03-02T09:37:59.408-0300] {dag.py:3834} INFO - Setting next_dagrun for tutorial_objectstorage to None, run_after=None
[2024-03-02T09:37:59.426-0300] {processor.py:183} INFO - Processing /home/victor/Área de Trabalho/airflow/venv/lib/python3.10/site-packages/airflow/example_dags/tutorial_objectstorage.py took 0.063 seconds
[2024-03-02T09:38:30.790-0300] {processor.py:161} INFO - Started process (PID=10206) to work on /home/victor/Área de Trabalho/airflow/venv/lib/python3.10/site-packages/airflow/example_dags/tutorial_objectstorage.py
[2024-03-02T09:38:30.791-0300] {processor.py:830} INFO - Processing file /home/victor/Área de Trabalho/airflow/venv/lib/python3.10/site-packages/airflow/example_dags/tutorial_objectstorage.py for tasks to queue
[2024-03-02T09:38:30.792-0300] {logging_mixin.py:188} INFO - [2024-03-02T09:38:30.792-0300] {dagbag.py:540} INFO - Filling up the DagBag from /home/victor/Área de Trabalho/airflow/venv/lib/python3.10/site-packages/airflow/example_dags/tutorial_objectstorage.py
[2024-03-02T09:38:30.798-0300] {processor.py:840} INFO - DAG(s) 'tutorial_objectstorage' retrieved from /home/victor/Área de Trabalho/airflow/venv/lib/python3.10/site-packages/airflow/example_dags/tutorial_objectstorage.py
[2024-03-02T09:38:30.823-0300] {logging_mixin.py:188} INFO - [2024-03-02T09:38:30.823-0300] {dag.py:3047} INFO - Sync 1 DAGs
[2024-03-02T09:38:30.834-0300] {logging_mixin.py:188} INFO - [2024-03-02T09:38:30.833-0300] {dag.py:3834} INFO - Setting next_dagrun for tutorial_objectstorage to None, run_after=None
[2024-03-02T09:38:30.852-0300] {processor.py:183} INFO - Processing /home/victor/Área de Trabalho/airflow/venv/lib/python3.10/site-packages/airflow/example_dags/tutorial_objectstorage.py took 0.064 seconds
[2024-03-02T09:39:02.191-0300] {processor.py:161} INFO - Started process (PID=10729) to work on /home/victor/Área de Trabalho/airflow/venv/lib/python3.10/site-packages/airflow/example_dags/tutorial_objectstorage.py
[2024-03-02T09:39:02.192-0300] {processor.py:830} INFO - Processing file /home/victor/Área de Trabalho/airflow/venv/lib/python3.10/site-packages/airflow/example_dags/tutorial_objectstorage.py for tasks to queue
[2024-03-02T09:39:02.192-0300] {logging_mixin.py:188} INFO - [2024-03-02T09:39:02.192-0300] {dagbag.py:540} INFO - Filling up the DagBag from /home/victor/Área de Trabalho/airflow/venv/lib/python3.10/site-packages/airflow/example_dags/tutorial_objectstorage.py
[2024-03-02T09:39:02.198-0300] {processor.py:840} INFO - DAG(s) 'tutorial_objectstorage' retrieved from /home/victor/Área de Trabalho/airflow/venv/lib/python3.10/site-packages/airflow/example_dags/tutorial_objectstorage.py
[2024-03-02T09:39:02.226-0300] {logging_mixin.py:188} INFO - [2024-03-02T09:39:02.226-0300] {dag.py:3047} INFO - Sync 1 DAGs
[2024-03-02T09:39:02.241-0300] {logging_mixin.py:188} INFO - [2024-03-02T09:39:02.241-0300] {dag.py:3834} INFO - Setting next_dagrun for tutorial_objectstorage to None, run_after=None
[2024-03-02T09:39:02.262-0300] {processor.py:183} INFO - Processing /home/victor/Área de Trabalho/airflow/venv/lib/python3.10/site-packages/airflow/example_dags/tutorial_objectstorage.py took 0.073 seconds
[2024-03-02T09:39:33.444-0300] {processor.py:161} INFO - Started process (PID=11360) to work on /home/victor/Área de Trabalho/airflow/venv/lib/python3.10/site-packages/airflow/example_dags/tutorial_objectstorage.py
[2024-03-02T09:39:33.446-0300] {processor.py:830} INFO - Processing file /home/victor/Área de Trabalho/airflow/venv/lib/python3.10/site-packages/airflow/example_dags/tutorial_objectstorage.py for tasks to queue
[2024-03-02T09:39:33.446-0300] {logging_mixin.py:188} INFO - [2024-03-02T09:39:33.446-0300] {dagbag.py:540} INFO - Filling up the DagBag from /home/victor/Área de Trabalho/airflow/venv/lib/python3.10/site-packages/airflow/example_dags/tutorial_objectstorage.py
[2024-03-02T09:39:33.452-0300] {processor.py:840} INFO - DAG(s) 'tutorial_objectstorage' retrieved from /home/victor/Área de Trabalho/airflow/venv/lib/python3.10/site-packages/airflow/example_dags/tutorial_objectstorage.py
[2024-03-02T09:39:33.476-0300] {logging_mixin.py:188} INFO - [2024-03-02T09:39:33.476-0300] {dag.py:3047} INFO - Sync 1 DAGs
[2024-03-02T09:39:33.487-0300] {logging_mixin.py:188} INFO - [2024-03-02T09:39:33.486-0300] {dag.py:3834} INFO - Setting next_dagrun for tutorial_objectstorage to None, run_after=None
[2024-03-02T09:39:33.507-0300] {processor.py:183} INFO - Processing /home/victor/Área de Trabalho/airflow/venv/lib/python3.10/site-packages/airflow/example_dags/tutorial_objectstorage.py took 0.065 seconds
[2024-03-02T09:40:04.768-0300] {processor.py:161} INFO - Started process (PID=11836) to work on /home/victor/Área de Trabalho/airflow/venv/lib/python3.10/site-packages/airflow/example_dags/tutorial_objectstorage.py
[2024-03-02T09:40:04.769-0300] {processor.py:830} INFO - Processing file /home/victor/Área de Trabalho/airflow/venv/lib/python3.10/site-packages/airflow/example_dags/tutorial_objectstorage.py for tasks to queue
[2024-03-02T09:40:04.769-0300] {logging_mixin.py:188} INFO - [2024-03-02T09:40:04.769-0300] {dagbag.py:540} INFO - Filling up the DagBag from /home/victor/Área de Trabalho/airflow/venv/lib/python3.10/site-packages/airflow/example_dags/tutorial_objectstorage.py
[2024-03-02T09:40:04.775-0300] {processor.py:840} INFO - DAG(s) 'tutorial_objectstorage' retrieved from /home/victor/Área de Trabalho/airflow/venv/lib/python3.10/site-packages/airflow/example_dags/tutorial_objectstorage.py
[2024-03-02T09:40:04.799-0300] {logging_mixin.py:188} INFO - [2024-03-02T09:40:04.799-0300] {dag.py:3047} INFO - Sync 1 DAGs
[2024-03-02T09:40:04.809-0300] {logging_mixin.py:188} INFO - [2024-03-02T09:40:04.809-0300] {dag.py:3834} INFO - Setting next_dagrun for tutorial_objectstorage to None, run_after=None
[2024-03-02T09:40:04.829-0300] {processor.py:183} INFO - Processing /home/victor/Área de Trabalho/airflow/venv/lib/python3.10/site-packages/airflow/example_dags/tutorial_objectstorage.py took 0.064 seconds
[2024-03-02T09:40:36.010-0300] {processor.py:161} INFO - Started process (PID=12214) to work on /home/victor/Área de Trabalho/airflow/venv/lib/python3.10/site-packages/airflow/example_dags/tutorial_objectstorage.py
[2024-03-02T09:40:36.011-0300] {processor.py:830} INFO - Processing file /home/victor/Área de Trabalho/airflow/venv/lib/python3.10/site-packages/airflow/example_dags/tutorial_objectstorage.py for tasks to queue
[2024-03-02T09:40:36.013-0300] {logging_mixin.py:188} INFO - [2024-03-02T09:40:36.012-0300] {dagbag.py:540} INFO - Filling up the DagBag from /home/victor/Área de Trabalho/airflow/venv/lib/python3.10/site-packages/airflow/example_dags/tutorial_objectstorage.py
[2024-03-02T09:40:36.019-0300] {processor.py:840} INFO - DAG(s) 'tutorial_objectstorage' retrieved from /home/victor/Área de Trabalho/airflow/venv/lib/python3.10/site-packages/airflow/example_dags/tutorial_objectstorage.py
[2024-03-02T09:40:36.054-0300] {logging_mixin.py:188} INFO - [2024-03-02T09:40:36.054-0300] {dag.py:3047} INFO - Sync 1 DAGs
[2024-03-02T09:40:36.069-0300] {logging_mixin.py:188} INFO - [2024-03-02T09:40:36.068-0300] {dag.py:3834} INFO - Setting next_dagrun for tutorial_objectstorage to None, run_after=None
[2024-03-02T09:40:36.093-0300] {processor.py:183} INFO - Processing /home/victor/Área de Trabalho/airflow/venv/lib/python3.10/site-packages/airflow/example_dags/tutorial_objectstorage.py took 0.086 seconds
[2024-03-02T09:41:06.676-0300] {processor.py:161} INFO - Started process (PID=12688) to work on /home/victor/Área de Trabalho/airflow/venv/lib/python3.10/site-packages/airflow/example_dags/tutorial_objectstorage.py
[2024-03-02T09:41:06.677-0300] {processor.py:830} INFO - Processing file /home/victor/Área de Trabalho/airflow/venv/lib/python3.10/site-packages/airflow/example_dags/tutorial_objectstorage.py for tasks to queue
[2024-03-02T09:41:06.678-0300] {logging_mixin.py:188} INFO - [2024-03-02T09:41:06.677-0300] {dagbag.py:540} INFO - Filling up the DagBag from /home/victor/Área de Trabalho/airflow/venv/lib/python3.10/site-packages/airflow/example_dags/tutorial_objectstorage.py
[2024-03-02T09:41:06.684-0300] {processor.py:840} INFO - DAG(s) 'tutorial_objectstorage' retrieved from /home/victor/Área de Trabalho/airflow/venv/lib/python3.10/site-packages/airflow/example_dags/tutorial_objectstorage.py
[2024-03-02T09:41:06.712-0300] {logging_mixin.py:188} INFO - [2024-03-02T09:41:06.712-0300] {dag.py:3047} INFO - Sync 1 DAGs
[2024-03-02T09:41:06.727-0300] {logging_mixin.py:188} INFO - [2024-03-02T09:41:06.727-0300] {dag.py:3834} INFO - Setting next_dagrun for tutorial_objectstorage to None, run_after=None
[2024-03-02T09:41:06.752-0300] {processor.py:183} INFO - Processing /home/victor/Área de Trabalho/airflow/venv/lib/python3.10/site-packages/airflow/example_dags/tutorial_objectstorage.py took 0.079 seconds
[2024-03-02T09:41:37.701-0300] {processor.py:161} INFO - Started process (PID=13004) to work on /home/victor/Área de Trabalho/airflow/venv/lib/python3.10/site-packages/airflow/example_dags/tutorial_objectstorage.py
[2024-03-02T09:41:37.702-0300] {processor.py:830} INFO - Processing file /home/victor/Área de Trabalho/airflow/venv/lib/python3.10/site-packages/airflow/example_dags/tutorial_objectstorage.py for tasks to queue
[2024-03-02T09:41:37.702-0300] {logging_mixin.py:188} INFO - [2024-03-02T09:41:37.702-0300] {dagbag.py:540} INFO - Filling up the DagBag from /home/victor/Área de Trabalho/airflow/venv/lib/python3.10/site-packages/airflow/example_dags/tutorial_objectstorage.py
[2024-03-02T09:41:37.709-0300] {processor.py:840} INFO - DAG(s) 'tutorial_objectstorage' retrieved from /home/victor/Área de Trabalho/airflow/venv/lib/python3.10/site-packages/airflow/example_dags/tutorial_objectstorage.py
[2024-03-02T09:41:37.742-0300] {logging_mixin.py:188} INFO - [2024-03-02T09:41:37.742-0300] {dag.py:3047} INFO - Sync 1 DAGs
[2024-03-02T09:41:37.754-0300] {logging_mixin.py:188} INFO - [2024-03-02T09:41:37.753-0300] {dag.py:3834} INFO - Setting next_dagrun for tutorial_objectstorage to None, run_after=None
[2024-03-02T09:41:37.777-0300] {processor.py:183} INFO - Processing /home/victor/Área de Trabalho/airflow/venv/lib/python3.10/site-packages/airflow/example_dags/tutorial_objectstorage.py took 0.079 seconds
[2024-03-02T09:42:08.310-0300] {processor.py:161} INFO - Started process (PID=13638) to work on /home/victor/Área de Trabalho/airflow/venv/lib/python3.10/site-packages/airflow/example_dags/tutorial_objectstorage.py
[2024-03-02T09:42:08.311-0300] {processor.py:830} INFO - Processing file /home/victor/Área de Trabalho/airflow/venv/lib/python3.10/site-packages/airflow/example_dags/tutorial_objectstorage.py for tasks to queue
[2024-03-02T09:42:08.312-0300] {logging_mixin.py:188} INFO - [2024-03-02T09:42:08.312-0300] {dagbag.py:540} INFO - Filling up the DagBag from /home/victor/Área de Trabalho/airflow/venv/lib/python3.10/site-packages/airflow/example_dags/tutorial_objectstorage.py
[2024-03-02T09:42:08.319-0300] {processor.py:840} INFO - DAG(s) 'tutorial_objectstorage' retrieved from /home/victor/Área de Trabalho/airflow/venv/lib/python3.10/site-packages/airflow/example_dags/tutorial_objectstorage.py
[2024-03-02T09:42:08.348-0300] {logging_mixin.py:188} INFO - [2024-03-02T09:42:08.348-0300] {dag.py:3047} INFO - Sync 1 DAGs
[2024-03-02T09:42:08.360-0300] {logging_mixin.py:188} INFO - [2024-03-02T09:42:08.360-0300] {dag.py:3834} INFO - Setting next_dagrun for tutorial_objectstorage to None, run_after=None
[2024-03-02T09:42:08.385-0300] {processor.py:183} INFO - Processing /home/victor/Área de Trabalho/airflow/venv/lib/python3.10/site-packages/airflow/example_dags/tutorial_objectstorage.py took 0.077 seconds
[2024-03-02T09:42:38.851-0300] {processor.py:161} INFO - Started process (PID=13947) to work on /home/victor/Área de Trabalho/airflow/venv/lib/python3.10/site-packages/airflow/example_dags/tutorial_objectstorage.py
[2024-03-02T09:42:38.852-0300] {processor.py:830} INFO - Processing file /home/victor/Área de Trabalho/airflow/venv/lib/python3.10/site-packages/airflow/example_dags/tutorial_objectstorage.py for tasks to queue
[2024-03-02T09:42:38.853-0300] {logging_mixin.py:188} INFO - [2024-03-02T09:42:38.853-0300] {dagbag.py:540} INFO - Filling up the DagBag from /home/victor/Área de Trabalho/airflow/venv/lib/python3.10/site-packages/airflow/example_dags/tutorial_objectstorage.py
[2024-03-02T09:42:38.862-0300] {processor.py:840} INFO - DAG(s) 'tutorial_objectstorage' retrieved from /home/victor/Área de Trabalho/airflow/venv/lib/python3.10/site-packages/airflow/example_dags/tutorial_objectstorage.py
[2024-03-02T09:42:38.893-0300] {logging_mixin.py:188} INFO - [2024-03-02T09:42:38.892-0300] {dag.py:3047} INFO - Sync 1 DAGs
[2024-03-02T09:42:38.907-0300] {logging_mixin.py:188} INFO - [2024-03-02T09:42:38.907-0300] {dag.py:3834} INFO - Setting next_dagrun for tutorial_objectstorage to None, run_after=None
[2024-03-02T09:42:38.930-0300] {processor.py:183} INFO - Processing /home/victor/Área de Trabalho/airflow/venv/lib/python3.10/site-packages/airflow/example_dags/tutorial_objectstorage.py took 0.082 seconds
[2024-03-02T09:43:08.957-0300] {processor.py:161} INFO - Started process (PID=14418) to work on /home/victor/Área de Trabalho/airflow/venv/lib/python3.10/site-packages/airflow/example_dags/tutorial_objectstorage.py
[2024-03-02T09:43:08.958-0300] {processor.py:830} INFO - Processing file /home/victor/Área de Trabalho/airflow/venv/lib/python3.10/site-packages/airflow/example_dags/tutorial_objectstorage.py for tasks to queue
[2024-03-02T09:43:08.959-0300] {logging_mixin.py:188} INFO - [2024-03-02T09:43:08.959-0300] {dagbag.py:540} INFO - Filling up the DagBag from /home/victor/Área de Trabalho/airflow/venv/lib/python3.10/site-packages/airflow/example_dags/tutorial_objectstorage.py
[2024-03-02T09:43:08.966-0300] {processor.py:840} INFO - DAG(s) 'tutorial_objectstorage' retrieved from /home/victor/Área de Trabalho/airflow/venv/lib/python3.10/site-packages/airflow/example_dags/tutorial_objectstorage.py
[2024-03-02T09:43:08.991-0300] {logging_mixin.py:188} INFO - [2024-03-02T09:43:08.991-0300] {dag.py:3047} INFO - Sync 1 DAGs
[2024-03-02T09:43:09.003-0300] {logging_mixin.py:188} INFO - [2024-03-02T09:43:09.003-0300] {dag.py:3834} INFO - Setting next_dagrun for tutorial_objectstorage to None, run_after=None
[2024-03-02T09:43:09.022-0300] {processor.py:183} INFO - Processing /home/victor/Área de Trabalho/airflow/venv/lib/python3.10/site-packages/airflow/example_dags/tutorial_objectstorage.py took 0.067 seconds
[2024-03-02T09:43:39.878-0300] {processor.py:161} INFO - Started process (PID=14739) to work on /home/victor/Área de Trabalho/airflow/venv/lib/python3.10/site-packages/airflow/example_dags/tutorial_objectstorage.py
[2024-03-02T09:43:39.879-0300] {processor.py:830} INFO - Processing file /home/victor/Área de Trabalho/airflow/venv/lib/python3.10/site-packages/airflow/example_dags/tutorial_objectstorage.py for tasks to queue
[2024-03-02T09:43:39.880-0300] {logging_mixin.py:188} INFO - [2024-03-02T09:43:39.880-0300] {dagbag.py:540} INFO - Filling up the DagBag from /home/victor/Área de Trabalho/airflow/venv/lib/python3.10/site-packages/airflow/example_dags/tutorial_objectstorage.py
[2024-03-02T09:43:39.886-0300] {processor.py:840} INFO - DAG(s) 'tutorial_objectstorage' retrieved from /home/victor/Área de Trabalho/airflow/venv/lib/python3.10/site-packages/airflow/example_dags/tutorial_objectstorage.py
[2024-03-02T09:43:39.913-0300] {logging_mixin.py:188} INFO - [2024-03-02T09:43:39.913-0300] {dag.py:3047} INFO - Sync 1 DAGs
[2024-03-02T09:43:39.924-0300] {logging_mixin.py:188} INFO - [2024-03-02T09:43:39.924-0300] {dag.py:3834} INFO - Setting next_dagrun for tutorial_objectstorage to None, run_after=None
[2024-03-02T09:43:39.943-0300] {processor.py:183} INFO - Processing /home/victor/Área de Trabalho/airflow/venv/lib/python3.10/site-packages/airflow/example_dags/tutorial_objectstorage.py took 0.068 seconds
[2024-03-02T09:44:10.283-0300] {processor.py:161} INFO - Started process (PID=15221) to work on /home/victor/Área de Trabalho/airflow/venv/lib/python3.10/site-packages/airflow/example_dags/tutorial_objectstorage.py
[2024-03-02T09:44:10.284-0300] {processor.py:830} INFO - Processing file /home/victor/Área de Trabalho/airflow/venv/lib/python3.10/site-packages/airflow/example_dags/tutorial_objectstorage.py for tasks to queue
[2024-03-02T09:44:10.285-0300] {logging_mixin.py:188} INFO - [2024-03-02T09:44:10.284-0300] {dagbag.py:540} INFO - Filling up the DagBag from /home/victor/Área de Trabalho/airflow/venv/lib/python3.10/site-packages/airflow/example_dags/tutorial_objectstorage.py
[2024-03-02T09:44:10.292-0300] {processor.py:840} INFO - DAG(s) 'tutorial_objectstorage' retrieved from /home/victor/Área de Trabalho/airflow/venv/lib/python3.10/site-packages/airflow/example_dags/tutorial_objectstorage.py
[2024-03-02T09:44:10.321-0300] {logging_mixin.py:188} INFO - [2024-03-02T09:44:10.321-0300] {dag.py:3047} INFO - Sync 1 DAGs
[2024-03-02T09:44:10.333-0300] {logging_mixin.py:188} INFO - [2024-03-02T09:44:10.333-0300] {dag.py:3834} INFO - Setting next_dagrun for tutorial_objectstorage to None, run_after=None
[2024-03-02T09:44:10.352-0300] {processor.py:183} INFO - Processing /home/victor/Área de Trabalho/airflow/venv/lib/python3.10/site-packages/airflow/example_dags/tutorial_objectstorage.py took 0.071 seconds
[2024-03-02T09:44:40.890-0300] {processor.py:161} INFO - Started process (PID=15544) to work on /home/victor/Área de Trabalho/airflow/venv/lib/python3.10/site-packages/airflow/example_dags/tutorial_objectstorage.py
[2024-03-02T09:44:40.891-0300] {processor.py:830} INFO - Processing file /home/victor/Área de Trabalho/airflow/venv/lib/python3.10/site-packages/airflow/example_dags/tutorial_objectstorage.py for tasks to queue
[2024-03-02T09:44:40.899-0300] {logging_mixin.py:188} INFO - [2024-03-02T09:44:40.899-0300] {dagbag.py:540} INFO - Filling up the DagBag from /home/victor/Área de Trabalho/airflow/venv/lib/python3.10/site-packages/airflow/example_dags/tutorial_objectstorage.py
[2024-03-02T09:44:40.908-0300] {processor.py:840} INFO - DAG(s) 'tutorial_objectstorage' retrieved from /home/victor/Área de Trabalho/airflow/venv/lib/python3.10/site-packages/airflow/example_dags/tutorial_objectstorage.py
[2024-03-02T09:44:40.936-0300] {logging_mixin.py:188} INFO - [2024-03-02T09:44:40.936-0300] {dag.py:3047} INFO - Sync 1 DAGs
[2024-03-02T09:44:40.950-0300] {logging_mixin.py:188} INFO - [2024-03-02T09:44:40.949-0300] {dag.py:3834} INFO - Setting next_dagrun for tutorial_objectstorage to None, run_after=None
[2024-03-02T09:44:40.969-0300] {processor.py:183} INFO - Processing /home/victor/Área de Trabalho/airflow/venv/lib/python3.10/site-packages/airflow/example_dags/tutorial_objectstorage.py took 0.083 seconds
[2024-03-02T09:45:11.606-0300] {processor.py:161} INFO - Started process (PID=16029) to work on /home/victor/Área de Trabalho/airflow/venv/lib/python3.10/site-packages/airflow/example_dags/tutorial_objectstorage.py
[2024-03-02T09:45:11.607-0300] {processor.py:830} INFO - Processing file /home/victor/Área de Trabalho/airflow/venv/lib/python3.10/site-packages/airflow/example_dags/tutorial_objectstorage.py for tasks to queue
[2024-03-02T09:45:11.608-0300] {logging_mixin.py:188} INFO - [2024-03-02T09:45:11.607-0300] {dagbag.py:540} INFO - Filling up the DagBag from /home/victor/Área de Trabalho/airflow/venv/lib/python3.10/site-packages/airflow/example_dags/tutorial_objectstorage.py
[2024-03-02T09:45:11.615-0300] {processor.py:840} INFO - DAG(s) 'tutorial_objectstorage' retrieved from /home/victor/Área de Trabalho/airflow/venv/lib/python3.10/site-packages/airflow/example_dags/tutorial_objectstorage.py
[2024-03-02T09:45:11.646-0300] {logging_mixin.py:188} INFO - [2024-03-02T09:45:11.645-0300] {dag.py:3047} INFO - Sync 1 DAGs
[2024-03-02T09:45:11.663-0300] {logging_mixin.py:188} INFO - [2024-03-02T09:45:11.662-0300] {dag.py:3834} INFO - Setting next_dagrun for tutorial_objectstorage to None, run_after=None
[2024-03-02T09:45:11.694-0300] {processor.py:183} INFO - Processing /home/victor/Área de Trabalho/airflow/venv/lib/python3.10/site-packages/airflow/example_dags/tutorial_objectstorage.py took 0.091 seconds
[2024-03-02T09:45:41.905-0300] {processor.py:161} INFO - Started process (PID=16536) to work on /home/victor/Área de Trabalho/airflow/venv/lib/python3.10/site-packages/airflow/example_dags/tutorial_objectstorage.py
[2024-03-02T09:45:41.906-0300] {processor.py:830} INFO - Processing file /home/victor/Área de Trabalho/airflow/venv/lib/python3.10/site-packages/airflow/example_dags/tutorial_objectstorage.py for tasks to queue
[2024-03-02T09:45:41.906-0300] {logging_mixin.py:188} INFO - [2024-03-02T09:45:41.906-0300] {dagbag.py:540} INFO - Filling up the DagBag from /home/victor/Área de Trabalho/airflow/venv/lib/python3.10/site-packages/airflow/example_dags/tutorial_objectstorage.py
[2024-03-02T09:45:41.912-0300] {processor.py:840} INFO - DAG(s) 'tutorial_objectstorage' retrieved from /home/victor/Área de Trabalho/airflow/venv/lib/python3.10/site-packages/airflow/example_dags/tutorial_objectstorage.py
[2024-03-02T09:45:41.940-0300] {logging_mixin.py:188} INFO - [2024-03-02T09:45:41.940-0300] {dag.py:3047} INFO - Sync 1 DAGs
[2024-03-02T09:45:41.951-0300] {logging_mixin.py:188} INFO - [2024-03-02T09:45:41.950-0300] {dag.py:3834} INFO - Setting next_dagrun for tutorial_objectstorage to None, run_after=None
[2024-03-02T09:45:41.972-0300] {processor.py:183} INFO - Processing /home/victor/Área de Trabalho/airflow/venv/lib/python3.10/site-packages/airflow/example_dags/tutorial_objectstorage.py took 0.070 seconds
[2024-03-02T09:46:12.317-0300] {processor.py:161} INFO - Started process (PID=17020) to work on /home/victor/Área de Trabalho/airflow/venv/lib/python3.10/site-packages/airflow/example_dags/tutorial_objectstorage.py
[2024-03-02T09:46:12.318-0300] {processor.py:830} INFO - Processing file /home/victor/Área de Trabalho/airflow/venv/lib/python3.10/site-packages/airflow/example_dags/tutorial_objectstorage.py for tasks to queue
[2024-03-02T09:46:12.318-0300] {logging_mixin.py:188} INFO - [2024-03-02T09:46:12.318-0300] {dagbag.py:540} INFO - Filling up the DagBag from /home/victor/Área de Trabalho/airflow/venv/lib/python3.10/site-packages/airflow/example_dags/tutorial_objectstorage.py
[2024-03-02T09:46:12.324-0300] {processor.py:840} INFO - DAG(s) 'tutorial_objectstorage' retrieved from /home/victor/Área de Trabalho/airflow/venv/lib/python3.10/site-packages/airflow/example_dags/tutorial_objectstorage.py
[2024-03-02T09:46:12.351-0300] {logging_mixin.py:188} INFO - [2024-03-02T09:46:12.351-0300] {dag.py:3047} INFO - Sync 1 DAGs
[2024-03-02T09:46:12.364-0300] {logging_mixin.py:188} INFO - [2024-03-02T09:46:12.364-0300] {dag.py:3834} INFO - Setting next_dagrun for tutorial_objectstorage to None, run_after=None
[2024-03-02T09:46:12.386-0300] {processor.py:183} INFO - Processing /home/victor/Área de Trabalho/airflow/venv/lib/python3.10/site-packages/airflow/example_dags/tutorial_objectstorage.py took 0.072 seconds
[2024-03-02T09:46:43.152-0300] {processor.py:161} INFO - Started process (PID=17342) to work on /home/victor/Área de Trabalho/airflow/venv/lib/python3.10/site-packages/airflow/example_dags/tutorial_objectstorage.py
[2024-03-02T09:46:43.154-0300] {processor.py:830} INFO - Processing file /home/victor/Área de Trabalho/airflow/venv/lib/python3.10/site-packages/airflow/example_dags/tutorial_objectstorage.py for tasks to queue
[2024-03-02T09:46:43.155-0300] {logging_mixin.py:188} INFO - [2024-03-02T09:46:43.154-0300] {dagbag.py:540} INFO - Filling up the DagBag from /home/victor/Área de Trabalho/airflow/venv/lib/python3.10/site-packages/airflow/example_dags/tutorial_objectstorage.py
[2024-03-02T09:46:43.161-0300] {processor.py:840} INFO - DAG(s) 'tutorial_objectstorage' retrieved from /home/victor/Área de Trabalho/airflow/venv/lib/python3.10/site-packages/airflow/example_dags/tutorial_objectstorage.py
[2024-03-02T09:46:43.187-0300] {logging_mixin.py:188} INFO - [2024-03-02T09:46:43.187-0300] {dag.py:3047} INFO - Sync 1 DAGs
[2024-03-02T09:46:43.199-0300] {logging_mixin.py:188} INFO - [2024-03-02T09:46:43.199-0300] {dag.py:3834} INFO - Setting next_dagrun for tutorial_objectstorage to None, run_after=None
[2024-03-02T09:46:43.219-0300] {processor.py:183} INFO - Processing /home/victor/Área de Trabalho/airflow/venv/lib/python3.10/site-packages/airflow/example_dags/tutorial_objectstorage.py took 0.069 seconds
[2024-03-02T09:47:13.766-0300] {processor.py:161} INFO - Started process (PID=18002) to work on /home/victor/Área de Trabalho/airflow/venv/lib/python3.10/site-packages/airflow/example_dags/tutorial_objectstorage.py
[2024-03-02T09:47:13.768-0300] {processor.py:830} INFO - Processing file /home/victor/Área de Trabalho/airflow/venv/lib/python3.10/site-packages/airflow/example_dags/tutorial_objectstorage.py for tasks to queue
[2024-03-02T09:47:13.769-0300] {logging_mixin.py:188} INFO - [2024-03-02T09:47:13.768-0300] {dagbag.py:540} INFO - Filling up the DagBag from /home/victor/Área de Trabalho/airflow/venv/lib/python3.10/site-packages/airflow/example_dags/tutorial_objectstorage.py
[2024-03-02T09:47:13.775-0300] {processor.py:840} INFO - DAG(s) 'tutorial_objectstorage' retrieved from /home/victor/Área de Trabalho/airflow/venv/lib/python3.10/site-packages/airflow/example_dags/tutorial_objectstorage.py
[2024-03-02T09:47:13.804-0300] {logging_mixin.py:188} INFO - [2024-03-02T09:47:13.804-0300] {dag.py:3047} INFO - Sync 1 DAGs
[2024-03-02T09:47:13.815-0300] {logging_mixin.py:188} INFO - [2024-03-02T09:47:13.814-0300] {dag.py:3834} INFO - Setting next_dagrun for tutorial_objectstorage to None, run_after=None
[2024-03-02T09:47:13.836-0300] {processor.py:183} INFO - Processing /home/victor/Área de Trabalho/airflow/venv/lib/python3.10/site-packages/airflow/example_dags/tutorial_objectstorage.py took 0.074 seconds
[2024-03-02T09:47:44.749-0300] {processor.py:161} INFO - Started process (PID=18321) to work on /home/victor/Área de Trabalho/airflow/venv/lib/python3.10/site-packages/airflow/example_dags/tutorial_objectstorage.py
[2024-03-02T09:47:44.750-0300] {processor.py:830} INFO - Processing file /home/victor/Área de Trabalho/airflow/venv/lib/python3.10/site-packages/airflow/example_dags/tutorial_objectstorage.py for tasks to queue
[2024-03-02T09:47:44.751-0300] {logging_mixin.py:188} INFO - [2024-03-02T09:47:44.751-0300] {dagbag.py:540} INFO - Filling up the DagBag from /home/victor/Área de Trabalho/airflow/venv/lib/python3.10/site-packages/airflow/example_dags/tutorial_objectstorage.py
[2024-03-02T09:47:44.757-0300] {processor.py:840} INFO - DAG(s) 'tutorial_objectstorage' retrieved from /home/victor/Área de Trabalho/airflow/venv/lib/python3.10/site-packages/airflow/example_dags/tutorial_objectstorage.py
[2024-03-02T09:47:44.783-0300] {logging_mixin.py:188} INFO - [2024-03-02T09:47:44.783-0300] {dag.py:3047} INFO - Sync 1 DAGs
[2024-03-02T09:47:44.794-0300] {logging_mixin.py:188} INFO - [2024-03-02T09:47:44.794-0300] {dag.py:3834} INFO - Setting next_dagrun for tutorial_objectstorage to None, run_after=None
[2024-03-02T09:47:44.811-0300] {processor.py:183} INFO - Processing /home/victor/Área de Trabalho/airflow/venv/lib/python3.10/site-packages/airflow/example_dags/tutorial_objectstorage.py took 0.065 seconds
[2024-03-02T09:48:15.357-0300] {processor.py:161} INFO - Started process (PID=18807) to work on /home/victor/Área de Trabalho/airflow/venv/lib/python3.10/site-packages/airflow/example_dags/tutorial_objectstorage.py
[2024-03-02T09:48:15.358-0300] {processor.py:830} INFO - Processing file /home/victor/Área de Trabalho/airflow/venv/lib/python3.10/site-packages/airflow/example_dags/tutorial_objectstorage.py for tasks to queue
[2024-03-02T09:48:15.359-0300] {logging_mixin.py:188} INFO - [2024-03-02T09:48:15.359-0300] {dagbag.py:540} INFO - Filling up the DagBag from /home/victor/Área de Trabalho/airflow/venv/lib/python3.10/site-packages/airflow/example_dags/tutorial_objectstorage.py
[2024-03-02T09:48:15.366-0300] {processor.py:840} INFO - DAG(s) 'tutorial_objectstorage' retrieved from /home/victor/Área de Trabalho/airflow/venv/lib/python3.10/site-packages/airflow/example_dags/tutorial_objectstorage.py
[2024-03-02T09:48:15.392-0300] {logging_mixin.py:188} INFO - [2024-03-02T09:48:15.391-0300] {dag.py:3047} INFO - Sync 1 DAGs
[2024-03-02T09:48:15.402-0300] {logging_mixin.py:188} INFO - [2024-03-02T09:48:15.401-0300] {dag.py:3834} INFO - Setting next_dagrun for tutorial_objectstorage to None, run_after=None
[2024-03-02T09:48:15.421-0300] {processor.py:183} INFO - Processing /home/victor/Área de Trabalho/airflow/venv/lib/python3.10/site-packages/airflow/example_dags/tutorial_objectstorage.py took 0.066 seconds
[2024-03-02T09:48:46.008-0300] {processor.py:161} INFO - Started process (PID=19150) to work on /home/victor/Área de Trabalho/airflow/venv/lib/python3.10/site-packages/airflow/example_dags/tutorial_objectstorage.py
[2024-03-02T09:48:46.009-0300] {processor.py:830} INFO - Processing file /home/victor/Área de Trabalho/airflow/venv/lib/python3.10/site-packages/airflow/example_dags/tutorial_objectstorage.py for tasks to queue
[2024-03-02T09:48:46.010-0300] {logging_mixin.py:188} INFO - [2024-03-02T09:48:46.010-0300] {dagbag.py:540} INFO - Filling up the DagBag from /home/victor/Área de Trabalho/airflow/venv/lib/python3.10/site-packages/airflow/example_dags/tutorial_objectstorage.py
[2024-03-02T09:48:46.018-0300] {processor.py:840} INFO - DAG(s) 'tutorial_objectstorage' retrieved from /home/victor/Área de Trabalho/airflow/venv/lib/python3.10/site-packages/airflow/example_dags/tutorial_objectstorage.py
[2024-03-02T09:48:46.049-0300] {logging_mixin.py:188} INFO - [2024-03-02T09:48:46.049-0300] {dag.py:3047} INFO - Sync 1 DAGs
[2024-03-02T09:48:46.065-0300] {logging_mixin.py:188} INFO - [2024-03-02T09:48:46.065-0300] {dag.py:3834} INFO - Setting next_dagrun for tutorial_objectstorage to None, run_after=None
[2024-03-02T09:48:46.089-0300] {processor.py:183} INFO - Processing /home/victor/Área de Trabalho/airflow/venv/lib/python3.10/site-packages/airflow/example_dags/tutorial_objectstorage.py took 0.084 seconds
[2024-03-02T09:49:16.907-0300] {processor.py:161} INFO - Started process (PID=19632) to work on /home/victor/Área de Trabalho/airflow/venv/lib/python3.10/site-packages/airflow/example_dags/tutorial_objectstorage.py
[2024-03-02T09:49:16.908-0300] {processor.py:830} INFO - Processing file /home/victor/Área de Trabalho/airflow/venv/lib/python3.10/site-packages/airflow/example_dags/tutorial_objectstorage.py for tasks to queue
[2024-03-02T09:49:16.909-0300] {logging_mixin.py:188} INFO - [2024-03-02T09:49:16.909-0300] {dagbag.py:540} INFO - Filling up the DagBag from /home/victor/Área de Trabalho/airflow/venv/lib/python3.10/site-packages/airflow/example_dags/tutorial_objectstorage.py
[2024-03-02T09:49:16.916-0300] {processor.py:840} INFO - DAG(s) 'tutorial_objectstorage' retrieved from /home/victor/Área de Trabalho/airflow/venv/lib/python3.10/site-packages/airflow/example_dags/tutorial_objectstorage.py
[2024-03-02T09:49:16.945-0300] {logging_mixin.py:188} INFO - [2024-03-02T09:49:16.945-0300] {dag.py:3047} INFO - Sync 1 DAGs
[2024-03-02T09:49:16.959-0300] {logging_mixin.py:188} INFO - [2024-03-02T09:49:16.958-0300] {dag.py:3834} INFO - Setting next_dagrun for tutorial_objectstorage to None, run_after=None
[2024-03-02T09:49:16.986-0300] {processor.py:183} INFO - Processing /home/victor/Área de Trabalho/airflow/venv/lib/python3.10/site-packages/airflow/example_dags/tutorial_objectstorage.py took 0.082 seconds
[2024-03-02T09:49:47.622-0300] {processor.py:161} INFO - Started process (PID=19954) to work on /home/victor/Área de Trabalho/airflow/venv/lib/python3.10/site-packages/airflow/example_dags/tutorial_objectstorage.py
[2024-03-02T09:49:47.623-0300] {processor.py:830} INFO - Processing file /home/victor/Área de Trabalho/airflow/venv/lib/python3.10/site-packages/airflow/example_dags/tutorial_objectstorage.py for tasks to queue
[2024-03-02T09:49:47.624-0300] {logging_mixin.py:188} INFO - [2024-03-02T09:49:47.623-0300] {dagbag.py:540} INFO - Filling up the DagBag from /home/victor/Área de Trabalho/airflow/venv/lib/python3.10/site-packages/airflow/example_dags/tutorial_objectstorage.py
[2024-03-02T09:49:47.630-0300] {processor.py:840} INFO - DAG(s) 'tutorial_objectstorage' retrieved from /home/victor/Área de Trabalho/airflow/venv/lib/python3.10/site-packages/airflow/example_dags/tutorial_objectstorage.py
[2024-03-02T09:49:47.660-0300] {logging_mixin.py:188} INFO - [2024-03-02T09:49:47.660-0300] {dag.py:3047} INFO - Sync 1 DAGs
[2024-03-02T09:49:47.672-0300] {logging_mixin.py:188} INFO - [2024-03-02T09:49:47.671-0300] {dag.py:3834} INFO - Setting next_dagrun for tutorial_objectstorage to None, run_after=None
[2024-03-02T09:49:47.692-0300] {processor.py:183} INFO - Processing /home/victor/Área de Trabalho/airflow/venv/lib/python3.10/site-packages/airflow/example_dags/tutorial_objectstorage.py took 0.073 seconds
[2024-03-02T09:50:18.271-0300] {processor.py:161} INFO - Started process (PID=20435) to work on /home/victor/Área de Trabalho/airflow/venv/lib/python3.10/site-packages/airflow/example_dags/tutorial_objectstorage.py
[2024-03-02T09:50:18.272-0300] {processor.py:830} INFO - Processing file /home/victor/Área de Trabalho/airflow/venv/lib/python3.10/site-packages/airflow/example_dags/tutorial_objectstorage.py for tasks to queue
[2024-03-02T09:50:18.273-0300] {logging_mixin.py:188} INFO - [2024-03-02T09:50:18.273-0300] {dagbag.py:540} INFO - Filling up the DagBag from /home/victor/Área de Trabalho/airflow/venv/lib/python3.10/site-packages/airflow/example_dags/tutorial_objectstorage.py
[2024-03-02T09:50:18.279-0300] {processor.py:840} INFO - DAG(s) 'tutorial_objectstorage' retrieved from /home/victor/Área de Trabalho/airflow/venv/lib/python3.10/site-packages/airflow/example_dags/tutorial_objectstorage.py
[2024-03-02T09:50:18.305-0300] {logging_mixin.py:188} INFO - [2024-03-02T09:50:18.305-0300] {dag.py:3047} INFO - Sync 1 DAGs
[2024-03-02T09:50:18.316-0300] {logging_mixin.py:188} INFO - [2024-03-02T09:50:18.316-0300] {dag.py:3834} INFO - Setting next_dagrun for tutorial_objectstorage to None, run_after=None
[2024-03-02T09:50:18.338-0300] {processor.py:183} INFO - Processing /home/victor/Área de Trabalho/airflow/venv/lib/python3.10/site-packages/airflow/example_dags/tutorial_objectstorage.py took 0.069 seconds
[2024-03-02T09:50:48.692-0300] {processor.py:161} INFO - Started process (PID=20787) to work on /home/victor/Área de Trabalho/airflow/venv/lib/python3.10/site-packages/airflow/example_dags/tutorial_objectstorage.py
[2024-03-02T09:50:48.693-0300] {processor.py:830} INFO - Processing file /home/victor/Área de Trabalho/airflow/venv/lib/python3.10/site-packages/airflow/example_dags/tutorial_objectstorage.py for tasks to queue
[2024-03-02T09:50:48.694-0300] {logging_mixin.py:188} INFO - [2024-03-02T09:50:48.694-0300] {dagbag.py:540} INFO - Filling up the DagBag from /home/victor/Área de Trabalho/airflow/venv/lib/python3.10/site-packages/airflow/example_dags/tutorial_objectstorage.py
[2024-03-02T09:50:48.699-0300] {processor.py:840} INFO - DAG(s) 'tutorial_objectstorage' retrieved from /home/victor/Área de Trabalho/airflow/venv/lib/python3.10/site-packages/airflow/example_dags/tutorial_objectstorage.py
[2024-03-02T09:50:48.723-0300] {logging_mixin.py:188} INFO - [2024-03-02T09:50:48.723-0300] {dag.py:3047} INFO - Sync 1 DAGs
[2024-03-02T09:50:48.734-0300] {logging_mixin.py:188} INFO - [2024-03-02T09:50:48.734-0300] {dag.py:3834} INFO - Setting next_dagrun for tutorial_objectstorage to None, run_after=None
[2024-03-02T09:50:48.751-0300] {processor.py:183} INFO - Processing /home/victor/Área de Trabalho/airflow/venv/lib/python3.10/site-packages/airflow/example_dags/tutorial_objectstorage.py took 0.061 seconds
[2024-03-02T09:51:19.441-0300] {processor.py:161} INFO - Started process (PID=21273) to work on /home/victor/Área de Trabalho/airflow/venv/lib/python3.10/site-packages/airflow/example_dags/tutorial_objectstorage.py
[2024-03-02T09:51:19.442-0300] {processor.py:830} INFO - Processing file /home/victor/Área de Trabalho/airflow/venv/lib/python3.10/site-packages/airflow/example_dags/tutorial_objectstorage.py for tasks to queue
[2024-03-02T09:51:19.442-0300] {logging_mixin.py:188} INFO - [2024-03-02T09:51:19.442-0300] {dagbag.py:540} INFO - Filling up the DagBag from /home/victor/Área de Trabalho/airflow/venv/lib/python3.10/site-packages/airflow/example_dags/tutorial_objectstorage.py
[2024-03-02T09:51:19.448-0300] {processor.py:840} INFO - DAG(s) 'tutorial_objectstorage' retrieved from /home/victor/Área de Trabalho/airflow/venv/lib/python3.10/site-packages/airflow/example_dags/tutorial_objectstorage.py
[2024-03-02T09:51:19.476-0300] {logging_mixin.py:188} INFO - [2024-03-02T09:51:19.475-0300] {dag.py:3047} INFO - Sync 1 DAGs
[2024-03-02T09:51:19.486-0300] {logging_mixin.py:188} INFO - [2024-03-02T09:51:19.486-0300] {dag.py:3834} INFO - Setting next_dagrun for tutorial_objectstorage to None, run_after=None
[2024-03-02T09:51:19.503-0300] {processor.py:183} INFO - Processing /home/victor/Área de Trabalho/airflow/venv/lib/python3.10/site-packages/airflow/example_dags/tutorial_objectstorage.py took 0.066 seconds
[2024-03-02T09:51:49.961-0300] {processor.py:161} INFO - Started process (PID=21594) to work on /home/victor/Área de Trabalho/airflow/venv/lib/python3.10/site-packages/airflow/example_dags/tutorial_objectstorage.py
[2024-03-02T09:51:49.962-0300] {processor.py:830} INFO - Processing file /home/victor/Área de Trabalho/airflow/venv/lib/python3.10/site-packages/airflow/example_dags/tutorial_objectstorage.py for tasks to queue
[2024-03-02T09:51:49.963-0300] {logging_mixin.py:188} INFO - [2024-03-02T09:51:49.962-0300] {dagbag.py:540} INFO - Filling up the DagBag from /home/victor/Área de Trabalho/airflow/venv/lib/python3.10/site-packages/airflow/example_dags/tutorial_objectstorage.py
[2024-03-02T09:51:49.969-0300] {processor.py:840} INFO - DAG(s) 'tutorial_objectstorage' retrieved from /home/victor/Área de Trabalho/airflow/venv/lib/python3.10/site-packages/airflow/example_dags/tutorial_objectstorage.py
[2024-03-02T09:51:49.997-0300] {logging_mixin.py:188} INFO - [2024-03-02T09:51:49.996-0300] {dag.py:3047} INFO - Sync 1 DAGs
[2024-03-02T09:51:50.008-0300] {logging_mixin.py:188} INFO - [2024-03-02T09:51:50.008-0300] {dag.py:3834} INFO - Setting next_dagrun for tutorial_objectstorage to None, run_after=None
[2024-03-02T09:51:50.028-0300] {processor.py:183} INFO - Processing /home/victor/Área de Trabalho/airflow/venv/lib/python3.10/site-packages/airflow/example_dags/tutorial_objectstorage.py took 0.070 seconds
[2024-03-02T09:52:20.654-0300] {processor.py:161} INFO - Started process (PID=22238) to work on /home/victor/Área de Trabalho/airflow/venv/lib/python3.10/site-packages/airflow/example_dags/tutorial_objectstorage.py
[2024-03-02T09:52:20.654-0300] {processor.py:830} INFO - Processing file /home/victor/Área de Trabalho/airflow/venv/lib/python3.10/site-packages/airflow/example_dags/tutorial_objectstorage.py for tasks to queue
[2024-03-02T09:52:20.655-0300] {logging_mixin.py:188} INFO - [2024-03-02T09:52:20.655-0300] {dagbag.py:540} INFO - Filling up the DagBag from /home/victor/Área de Trabalho/airflow/venv/lib/python3.10/site-packages/airflow/example_dags/tutorial_objectstorage.py
[2024-03-02T09:52:20.662-0300] {processor.py:840} INFO - DAG(s) 'tutorial_objectstorage' retrieved from /home/victor/Área de Trabalho/airflow/venv/lib/python3.10/site-packages/airflow/example_dags/tutorial_objectstorage.py
[2024-03-02T09:52:20.689-0300] {logging_mixin.py:188} INFO - [2024-03-02T09:52:20.689-0300] {dag.py:3047} INFO - Sync 1 DAGs
[2024-03-02T09:52:20.701-0300] {logging_mixin.py:188} INFO - [2024-03-02T09:52:20.701-0300] {dag.py:3834} INFO - Setting next_dagrun for tutorial_objectstorage to None, run_after=None
[2024-03-02T09:52:20.727-0300] {processor.py:183} INFO - Processing /home/victor/Área de Trabalho/airflow/venv/lib/python3.10/site-packages/airflow/example_dags/tutorial_objectstorage.py took 0.077 seconds
[2024-03-02T09:52:51.334-0300] {processor.py:161} INFO - Started process (PID=22560) to work on /home/victor/Área de Trabalho/airflow/venv/lib/python3.10/site-packages/airflow/example_dags/tutorial_objectstorage.py
[2024-03-02T09:52:51.335-0300] {processor.py:830} INFO - Processing file /home/victor/Área de Trabalho/airflow/venv/lib/python3.10/site-packages/airflow/example_dags/tutorial_objectstorage.py for tasks to queue
[2024-03-02T09:52:51.335-0300] {logging_mixin.py:188} INFO - [2024-03-02T09:52:51.335-0300] {dagbag.py:540} INFO - Filling up the DagBag from /home/victor/Área de Trabalho/airflow/venv/lib/python3.10/site-packages/airflow/example_dags/tutorial_objectstorage.py
[2024-03-02T09:52:51.341-0300] {processor.py:840} INFO - DAG(s) 'tutorial_objectstorage' retrieved from /home/victor/Área de Trabalho/airflow/venv/lib/python3.10/site-packages/airflow/example_dags/tutorial_objectstorage.py
[2024-03-02T09:52:51.369-0300] {logging_mixin.py:188} INFO - [2024-03-02T09:52:51.369-0300] {dag.py:3047} INFO - Sync 1 DAGs
[2024-03-02T09:52:51.381-0300] {logging_mixin.py:188} INFO - [2024-03-02T09:52:51.380-0300] {dag.py:3834} INFO - Setting next_dagrun for tutorial_objectstorage to None, run_after=None
[2024-03-02T09:52:51.402-0300] {processor.py:183} INFO - Processing /home/victor/Área de Trabalho/airflow/venv/lib/python3.10/site-packages/airflow/example_dags/tutorial_objectstorage.py took 0.071 seconds
[2024-03-02T09:53:21.971-0300] {processor.py:161} INFO - Started process (PID=23046) to work on /home/victor/Área de Trabalho/airflow/venv/lib/python3.10/site-packages/airflow/example_dags/tutorial_objectstorage.py
[2024-03-02T09:53:21.971-0300] {processor.py:830} INFO - Processing file /home/victor/Área de Trabalho/airflow/venv/lib/python3.10/site-packages/airflow/example_dags/tutorial_objectstorage.py for tasks to queue
[2024-03-02T09:53:21.972-0300] {logging_mixin.py:188} INFO - [2024-03-02T09:53:21.972-0300] {dagbag.py:540} INFO - Filling up the DagBag from /home/victor/Área de Trabalho/airflow/venv/lib/python3.10/site-packages/airflow/example_dags/tutorial_objectstorage.py
[2024-03-02T09:53:21.978-0300] {processor.py:840} INFO - DAG(s) 'tutorial_objectstorage' retrieved from /home/victor/Área de Trabalho/airflow/venv/lib/python3.10/site-packages/airflow/example_dags/tutorial_objectstorage.py
[2024-03-02T09:53:22.004-0300] {logging_mixin.py:188} INFO - [2024-03-02T09:53:22.004-0300] {dag.py:3047} INFO - Sync 1 DAGs
[2024-03-02T09:53:22.015-0300] {logging_mixin.py:188} INFO - [2024-03-02T09:53:22.015-0300] {dag.py:3834} INFO - Setting next_dagrun for tutorial_objectstorage to None, run_after=None
[2024-03-02T09:53:22.035-0300] {processor.py:183} INFO - Processing /home/victor/Área de Trabalho/airflow/venv/lib/python3.10/site-packages/airflow/example_dags/tutorial_objectstorage.py took 0.067 seconds
[2024-03-02T09:53:52.394-0300] {processor.py:161} INFO - Started process (PID=23367) to work on /home/victor/Área de Trabalho/airflow/venv/lib/python3.10/site-packages/airflow/example_dags/tutorial_objectstorage.py
[2024-03-02T09:53:52.395-0300] {processor.py:830} INFO - Processing file /home/victor/Área de Trabalho/airflow/venv/lib/python3.10/site-packages/airflow/example_dags/tutorial_objectstorage.py for tasks to queue
[2024-03-02T09:53:52.396-0300] {logging_mixin.py:188} INFO - [2024-03-02T09:53:52.395-0300] {dagbag.py:540} INFO - Filling up the DagBag from /home/victor/Área de Trabalho/airflow/venv/lib/python3.10/site-packages/airflow/example_dags/tutorial_objectstorage.py
[2024-03-02T09:53:52.405-0300] {processor.py:840} INFO - DAG(s) 'tutorial_objectstorage' retrieved from /home/victor/Área de Trabalho/airflow/venv/lib/python3.10/site-packages/airflow/example_dags/tutorial_objectstorage.py
[2024-03-02T09:53:52.431-0300] {logging_mixin.py:188} INFO - [2024-03-02T09:53:52.430-0300] {dag.py:3047} INFO - Sync 1 DAGs
[2024-03-02T09:53:52.443-0300] {logging_mixin.py:188} INFO - [2024-03-02T09:53:52.443-0300] {dag.py:3834} INFO - Setting next_dagrun for tutorial_objectstorage to None, run_after=None
[2024-03-02T09:53:52.462-0300] {processor.py:183} INFO - Processing /home/victor/Área de Trabalho/airflow/venv/lib/python3.10/site-packages/airflow/example_dags/tutorial_objectstorage.py took 0.071 seconds
[2024-03-02T09:54:23.257-0300] {processor.py:161} INFO - Started process (PID=24013) to work on /home/victor/Área de Trabalho/airflow/venv/lib/python3.10/site-packages/airflow/example_dags/tutorial_objectstorage.py
[2024-03-02T09:54:23.258-0300] {processor.py:830} INFO - Processing file /home/victor/Área de Trabalho/airflow/venv/lib/python3.10/site-packages/airflow/example_dags/tutorial_objectstorage.py for tasks to queue
[2024-03-02T09:54:23.259-0300] {logging_mixin.py:188} INFO - [2024-03-02T09:54:23.258-0300] {dagbag.py:540} INFO - Filling up the DagBag from /home/victor/Área de Trabalho/airflow/venv/lib/python3.10/site-packages/airflow/example_dags/tutorial_objectstorage.py
[2024-03-02T09:54:23.269-0300] {processor.py:840} INFO - DAG(s) 'tutorial_objectstorage' retrieved from /home/victor/Área de Trabalho/airflow/venv/lib/python3.10/site-packages/airflow/example_dags/tutorial_objectstorage.py
[2024-03-02T09:54:23.301-0300] {logging_mixin.py:188} INFO - [2024-03-02T09:54:23.301-0300] {dag.py:3047} INFO - Sync 1 DAGs
[2024-03-02T09:54:23.321-0300] {logging_mixin.py:188} INFO - [2024-03-02T09:54:23.321-0300] {dag.py:3834} INFO - Setting next_dagrun for tutorial_objectstorage to None, run_after=None
[2024-03-02T09:54:23.347-0300] {processor.py:183} INFO - Processing /home/victor/Área de Trabalho/airflow/venv/lib/python3.10/site-packages/airflow/example_dags/tutorial_objectstorage.py took 0.095 seconds
[2024-03-02T09:54:53.466-0300] {processor.py:161} INFO - Started process (PID=24409) to work on /home/victor/Área de Trabalho/airflow/venv/lib/python3.10/site-packages/airflow/example_dags/tutorial_objectstorage.py
[2024-03-02T09:54:53.467-0300] {processor.py:830} INFO - Processing file /home/victor/Área de Trabalho/airflow/venv/lib/python3.10/site-packages/airflow/example_dags/tutorial_objectstorage.py for tasks to queue
[2024-03-02T09:54:53.467-0300] {logging_mixin.py:188} INFO - [2024-03-02T09:54:53.467-0300] {dagbag.py:540} INFO - Filling up the DagBag from /home/victor/Área de Trabalho/airflow/venv/lib/python3.10/site-packages/airflow/example_dags/tutorial_objectstorage.py
[2024-03-02T09:54:53.473-0300] {processor.py:840} INFO - DAG(s) 'tutorial_objectstorage' retrieved from /home/victor/Área de Trabalho/airflow/venv/lib/python3.10/site-packages/airflow/example_dags/tutorial_objectstorage.py
[2024-03-02T09:54:53.498-0300] {logging_mixin.py:188} INFO - [2024-03-02T09:54:53.498-0300] {dag.py:3047} INFO - Sync 1 DAGs
[2024-03-02T09:54:53.508-0300] {logging_mixin.py:188} INFO - [2024-03-02T09:54:53.508-0300] {dag.py:3834} INFO - Setting next_dagrun for tutorial_objectstorage to None, run_after=None
[2024-03-02T09:54:53.530-0300] {processor.py:183} INFO - Processing /home/victor/Área de Trabalho/airflow/venv/lib/python3.10/site-packages/airflow/example_dags/tutorial_objectstorage.py took 0.067 seconds
[2024-03-02T09:55:23.997-0300] {processor.py:161} INFO - Started process (PID=25042) to work on /home/victor/Área de Trabalho/airflow/venv/lib/python3.10/site-packages/airflow/example_dags/tutorial_objectstorage.py
[2024-03-02T09:55:23.998-0300] {processor.py:830} INFO - Processing file /home/victor/Área de Trabalho/airflow/venv/lib/python3.10/site-packages/airflow/example_dags/tutorial_objectstorage.py for tasks to queue
[2024-03-02T09:55:23.999-0300] {logging_mixin.py:188} INFO - [2024-03-02T09:55:23.999-0300] {dagbag.py:540} INFO - Filling up the DagBag from /home/victor/Área de Trabalho/airflow/venv/lib/python3.10/site-packages/airflow/example_dags/tutorial_objectstorage.py
[2024-03-02T09:55:24.005-0300] {processor.py:840} INFO - DAG(s) 'tutorial_objectstorage' retrieved from /home/victor/Área de Trabalho/airflow/venv/lib/python3.10/site-packages/airflow/example_dags/tutorial_objectstorage.py
[2024-03-02T09:55:24.029-0300] {logging_mixin.py:188} INFO - [2024-03-02T09:55:24.029-0300] {dag.py:3047} INFO - Sync 1 DAGs
[2024-03-02T09:55:24.039-0300] {logging_mixin.py:188} INFO - [2024-03-02T09:55:24.039-0300] {dag.py:3834} INFO - Setting next_dagrun for tutorial_objectstorage to None, run_after=None
[2024-03-02T09:55:24.056-0300] {processor.py:183} INFO - Processing /home/victor/Área de Trabalho/airflow/venv/lib/python3.10/site-packages/airflow/example_dags/tutorial_objectstorage.py took 0.061 seconds
[2024-03-02T09:55:54.545-0300] {processor.py:161} INFO - Started process (PID=25372) to work on /home/victor/Área de Trabalho/airflow/venv/lib/python3.10/site-packages/airflow/example_dags/tutorial_objectstorage.py
[2024-03-02T09:55:54.546-0300] {processor.py:830} INFO - Processing file /home/victor/Área de Trabalho/airflow/venv/lib/python3.10/site-packages/airflow/example_dags/tutorial_objectstorage.py for tasks to queue
[2024-03-02T09:55:54.547-0300] {logging_mixin.py:188} INFO - [2024-03-02T09:55:54.546-0300] {dagbag.py:540} INFO - Filling up the DagBag from /home/victor/Área de Trabalho/airflow/venv/lib/python3.10/site-packages/airflow/example_dags/tutorial_objectstorage.py
[2024-03-02T09:55:54.552-0300] {processor.py:840} INFO - DAG(s) 'tutorial_objectstorage' retrieved from /home/victor/Área de Trabalho/airflow/venv/lib/python3.10/site-packages/airflow/example_dags/tutorial_objectstorage.py
[2024-03-02T09:55:54.577-0300] {logging_mixin.py:188} INFO - [2024-03-02T09:55:54.577-0300] {dag.py:3047} INFO - Sync 1 DAGs
[2024-03-02T09:55:54.588-0300] {logging_mixin.py:188} INFO - [2024-03-02T09:55:54.587-0300] {dag.py:3834} INFO - Setting next_dagrun for tutorial_objectstorage to None, run_after=None
[2024-03-02T09:55:54.605-0300] {processor.py:183} INFO - Processing /home/victor/Área de Trabalho/airflow/venv/lib/python3.10/site-packages/airflow/example_dags/tutorial_objectstorage.py took 0.062 seconds
[2024-03-02T09:56:24.814-0300] {processor.py:161} INFO - Started process (PID=25868) to work on /home/victor/Área de Trabalho/airflow/venv/lib/python3.10/site-packages/airflow/example_dags/tutorial_objectstorage.py
[2024-03-02T09:56:24.814-0300] {processor.py:830} INFO - Processing file /home/victor/Área de Trabalho/airflow/venv/lib/python3.10/site-packages/airflow/example_dags/tutorial_objectstorage.py for tasks to queue
[2024-03-02T09:56:24.815-0300] {logging_mixin.py:188} INFO - [2024-03-02T09:56:24.815-0300] {dagbag.py:540} INFO - Filling up the DagBag from /home/victor/Área de Trabalho/airflow/venv/lib/python3.10/site-packages/airflow/example_dags/tutorial_objectstorage.py
[2024-03-02T09:56:24.821-0300] {processor.py:840} INFO - DAG(s) 'tutorial_objectstorage' retrieved from /home/victor/Área de Trabalho/airflow/venv/lib/python3.10/site-packages/airflow/example_dags/tutorial_objectstorage.py
[2024-03-02T09:56:24.845-0300] {logging_mixin.py:188} INFO - [2024-03-02T09:56:24.845-0300] {dag.py:3047} INFO - Sync 1 DAGs
[2024-03-02T09:56:24.855-0300] {logging_mixin.py:188} INFO - [2024-03-02T09:56:24.855-0300] {dag.py:3834} INFO - Setting next_dagrun for tutorial_objectstorage to None, run_after=None
[2024-03-02T09:56:24.873-0300] {processor.py:183} INFO - Processing /home/victor/Área de Trabalho/airflow/venv/lib/python3.10/site-packages/airflow/example_dags/tutorial_objectstorage.py took 0.062 seconds
[2024-03-02T09:56:55.117-0300] {processor.py:161} INFO - Started process (PID=26191) to work on /home/victor/Área de Trabalho/airflow/venv/lib/python3.10/site-packages/airflow/example_dags/tutorial_objectstorage.py
[2024-03-02T09:56:55.117-0300] {processor.py:830} INFO - Processing file /home/victor/Área de Trabalho/airflow/venv/lib/python3.10/site-packages/airflow/example_dags/tutorial_objectstorage.py for tasks to queue
[2024-03-02T09:56:55.118-0300] {logging_mixin.py:188} INFO - [2024-03-02T09:56:55.118-0300] {dagbag.py:540} INFO - Filling up the DagBag from /home/victor/Área de Trabalho/airflow/venv/lib/python3.10/site-packages/airflow/example_dags/tutorial_objectstorage.py
[2024-03-02T09:56:55.124-0300] {processor.py:840} INFO - DAG(s) 'tutorial_objectstorage' retrieved from /home/victor/Área de Trabalho/airflow/venv/lib/python3.10/site-packages/airflow/example_dags/tutorial_objectstorage.py
[2024-03-02T09:56:55.150-0300] {logging_mixin.py:188} INFO - [2024-03-02T09:56:55.149-0300] {dag.py:3047} INFO - Sync 1 DAGs
[2024-03-02T09:56:55.161-0300] {logging_mixin.py:188} INFO - [2024-03-02T09:56:55.160-0300] {dag.py:3834} INFO - Setting next_dagrun for tutorial_objectstorage to None, run_after=None
[2024-03-02T09:56:55.178-0300] {processor.py:183} INFO - Processing /home/victor/Área de Trabalho/airflow/venv/lib/python3.10/site-packages/airflow/example_dags/tutorial_objectstorage.py took 0.064 seconds
[2024-03-02T09:57:25.735-0300] {processor.py:161} INFO - Started process (PID=26833) to work on /home/victor/Área de Trabalho/airflow/venv/lib/python3.10/site-packages/airflow/example_dags/tutorial_objectstorage.py
[2024-03-02T09:57:25.735-0300] {processor.py:830} INFO - Processing file /home/victor/Área de Trabalho/airflow/venv/lib/python3.10/site-packages/airflow/example_dags/tutorial_objectstorage.py for tasks to queue
[2024-03-02T09:57:25.736-0300] {logging_mixin.py:188} INFO - [2024-03-02T09:57:25.736-0300] {dagbag.py:540} INFO - Filling up the DagBag from /home/victor/Área de Trabalho/airflow/venv/lib/python3.10/site-packages/airflow/example_dags/tutorial_objectstorage.py
[2024-03-02T09:57:25.742-0300] {processor.py:840} INFO - DAG(s) 'tutorial_objectstorage' retrieved from /home/victor/Área de Trabalho/airflow/venv/lib/python3.10/site-packages/airflow/example_dags/tutorial_objectstorage.py
[2024-03-02T09:57:25.766-0300] {logging_mixin.py:188} INFO - [2024-03-02T09:57:25.766-0300] {dag.py:3047} INFO - Sync 1 DAGs
[2024-03-02T09:57:25.776-0300] {logging_mixin.py:188} INFO - [2024-03-02T09:57:25.776-0300] {dag.py:3834} INFO - Setting next_dagrun for tutorial_objectstorage to None, run_after=None
[2024-03-02T09:57:25.791-0300] {processor.py:183} INFO - Processing /home/victor/Área de Trabalho/airflow/venv/lib/python3.10/site-packages/airflow/example_dags/tutorial_objectstorage.py took 0.060 seconds
[2024-03-02T09:57:56.217-0300] {processor.py:161} INFO - Started process (PID=27158) to work on /home/victor/Área de Trabalho/airflow/venv/lib/python3.10/site-packages/airflow/example_dags/tutorial_objectstorage.py
[2024-03-02T09:57:56.218-0300] {processor.py:830} INFO - Processing file /home/victor/Área de Trabalho/airflow/venv/lib/python3.10/site-packages/airflow/example_dags/tutorial_objectstorage.py for tasks to queue
[2024-03-02T09:57:56.219-0300] {logging_mixin.py:188} INFO - [2024-03-02T09:57:56.219-0300] {dagbag.py:540} INFO - Filling up the DagBag from /home/victor/Área de Trabalho/airflow/venv/lib/python3.10/site-packages/airflow/example_dags/tutorial_objectstorage.py
[2024-03-02T09:57:56.225-0300] {processor.py:840} INFO - DAG(s) 'tutorial_objectstorage' retrieved from /home/victor/Área de Trabalho/airflow/venv/lib/python3.10/site-packages/airflow/example_dags/tutorial_objectstorage.py
[2024-03-02T09:57:56.251-0300] {logging_mixin.py:188} INFO - [2024-03-02T09:57:56.251-0300] {dag.py:3047} INFO - Sync 1 DAGs
[2024-03-02T09:57:56.262-0300] {logging_mixin.py:188} INFO - [2024-03-02T09:57:56.262-0300] {dag.py:3834} INFO - Setting next_dagrun for tutorial_objectstorage to None, run_after=None
[2024-03-02T09:57:56.279-0300] {processor.py:183} INFO - Processing /home/victor/Área de Trabalho/airflow/venv/lib/python3.10/site-packages/airflow/example_dags/tutorial_objectstorage.py took 0.064 seconds
[2024-03-02T09:58:26.880-0300] {processor.py:161} INFO - Started process (PID=27746) to work on /home/victor/Área de Trabalho/airflow/venv/lib/python3.10/site-packages/airflow/example_dags/tutorial_objectstorage.py
[2024-03-02T09:58:26.881-0300] {processor.py:830} INFO - Processing file /home/victor/Área de Trabalho/airflow/venv/lib/python3.10/site-packages/airflow/example_dags/tutorial_objectstorage.py for tasks to queue
[2024-03-02T09:58:26.882-0300] {logging_mixin.py:188} INFO - [2024-03-02T09:58:26.882-0300] {dagbag.py:540} INFO - Filling up the DagBag from /home/victor/Área de Trabalho/airflow/venv/lib/python3.10/site-packages/airflow/example_dags/tutorial_objectstorage.py
[2024-03-02T09:58:26.888-0300] {processor.py:840} INFO - DAG(s) 'tutorial_objectstorage' retrieved from /home/victor/Área de Trabalho/airflow/venv/lib/python3.10/site-packages/airflow/example_dags/tutorial_objectstorage.py
[2024-03-02T09:58:26.912-0300] {logging_mixin.py:188} INFO - [2024-03-02T09:58:26.912-0300] {dag.py:3047} INFO - Sync 1 DAGs
[2024-03-02T09:58:26.923-0300] {logging_mixin.py:188} INFO - [2024-03-02T09:58:26.922-0300] {dag.py:3834} INFO - Setting next_dagrun for tutorial_objectstorage to None, run_after=None
[2024-03-02T09:58:26.939-0300] {processor.py:183} INFO - Processing /home/victor/Área de Trabalho/airflow/venv/lib/python3.10/site-packages/airflow/example_dags/tutorial_objectstorage.py took 0.062 seconds
[2024-03-02T09:58:57.545-0300] {processor.py:161} INFO - Started process (PID=29091) to work on /home/victor/Área de Trabalho/airflow/venv/lib/python3.10/site-packages/airflow/example_dags/tutorial_objectstorage.py
[2024-03-02T09:58:57.546-0300] {processor.py:830} INFO - Processing file /home/victor/Área de Trabalho/airflow/venv/lib/python3.10/site-packages/airflow/example_dags/tutorial_objectstorage.py for tasks to queue
[2024-03-02T09:58:57.547-0300] {logging_mixin.py:188} INFO - [2024-03-02T09:58:57.546-0300] {dagbag.py:540} INFO - Filling up the DagBag from /home/victor/Área de Trabalho/airflow/venv/lib/python3.10/site-packages/airflow/example_dags/tutorial_objectstorage.py
[2024-03-02T09:58:57.552-0300] {processor.py:840} INFO - DAG(s) 'tutorial_objectstorage' retrieved from /home/victor/Área de Trabalho/airflow/venv/lib/python3.10/site-packages/airflow/example_dags/tutorial_objectstorage.py
[2024-03-02T09:58:57.579-0300] {logging_mixin.py:188} INFO - [2024-03-02T09:58:57.579-0300] {dag.py:3047} INFO - Sync 1 DAGs
[2024-03-02T09:58:57.591-0300] {logging_mixin.py:188} INFO - [2024-03-02T09:58:57.590-0300] {dag.py:3834} INFO - Setting next_dagrun for tutorial_objectstorage to None, run_after=None
[2024-03-02T09:58:57.609-0300] {processor.py:183} INFO - Processing /home/victor/Área de Trabalho/airflow/venv/lib/python3.10/site-packages/airflow/example_dags/tutorial_objectstorage.py took 0.067 seconds
