[2024-03-02T09:36:57.997-0300] {processor.py:161} INFO - Started process (PID=7835) to work on /home/victor/Área de Trabalho/airflow/venv/lib/python3.10/site-packages/airflow/example_dags/tutorial_dag.py
[2024-03-02T09:36:57.997-0300] {processor.py:830} INFO - Processing file /home/victor/Área de Trabalho/airflow/venv/lib/python3.10/site-packages/airflow/example_dags/tutorial_dag.py for tasks to queue
[2024-03-02T09:36:57.998-0300] {logging_mixin.py:188} INFO - [2024-03-02T09:36:57.998-0300] {dagbag.py:540} INFO - Filling up the DagBag from /home/victor/Área de Trabalho/airflow/venv/lib/python3.10/site-packages/airflow/example_dags/tutorial_dag.py
[2024-03-02T09:36:58.004-0300] {processor.py:840} INFO - DAG(s) 'tutorial_dag' retrieved from /home/victor/Área de Trabalho/airflow/venv/lib/python3.10/site-packages/airflow/example_dags/tutorial_dag.py
[2024-03-02T09:36:58.022-0300] {logging_mixin.py:188} INFO - [2024-03-02T09:36:58.022-0300] {dag.py:3047} INFO - Sync 1 DAGs
[2024-03-02T09:36:58.034-0300] {logging_mixin.py:188} INFO - [2024-03-02T09:36:58.034-0300] {dag.py:3834} INFO - Setting next_dagrun for tutorial_dag to None, run_after=None
[2024-03-02T09:36:58.054-0300] {processor.py:183} INFO - Processing /home/victor/Área de Trabalho/airflow/venv/lib/python3.10/site-packages/airflow/example_dags/tutorial_dag.py took 0.060 seconds
[2024-03-02T09:37:28.784-0300] {processor.py:161} INFO - Started process (PID=9255) to work on /home/victor/Área de Trabalho/airflow/venv/lib/python3.10/site-packages/airflow/example_dags/tutorial_dag.py
[2024-03-02T09:37:28.785-0300] {processor.py:830} INFO - Processing file /home/victor/Área de Trabalho/airflow/venv/lib/python3.10/site-packages/airflow/example_dags/tutorial_dag.py for tasks to queue
[2024-03-02T09:37:28.785-0300] {logging_mixin.py:188} INFO - [2024-03-02T09:37:28.785-0300] {dagbag.py:540} INFO - Filling up the DagBag from /home/victor/Área de Trabalho/airflow/venv/lib/python3.10/site-packages/airflow/example_dags/tutorial_dag.py
[2024-03-02T09:37:28.790-0300] {processor.py:840} INFO - DAG(s) 'tutorial_dag' retrieved from /home/victor/Área de Trabalho/airflow/venv/lib/python3.10/site-packages/airflow/example_dags/tutorial_dag.py
[2024-03-02T09:37:28.903-0300] {logging_mixin.py:188} INFO - [2024-03-02T09:37:28.902-0300] {dag.py:3047} INFO - Sync 1 DAGs
[2024-03-02T09:37:28.913-0300] {logging_mixin.py:188} INFO - [2024-03-02T09:37:28.912-0300] {dag.py:3834} INFO - Setting next_dagrun for tutorial_dag to None, run_after=None
[2024-03-02T09:37:28.932-0300] {processor.py:183} INFO - Processing /home/victor/Área de Trabalho/airflow/venv/lib/python3.10/site-packages/airflow/example_dags/tutorial_dag.py took 0.153 seconds
[2024-03-02T09:37:59.625-0300] {processor.py:161} INFO - Started process (PID=9920) to work on /home/victor/Área de Trabalho/airflow/venv/lib/python3.10/site-packages/airflow/example_dags/tutorial_dag.py
[2024-03-02T09:37:59.626-0300] {processor.py:830} INFO - Processing file /home/victor/Área de Trabalho/airflow/venv/lib/python3.10/site-packages/airflow/example_dags/tutorial_dag.py for tasks to queue
[2024-03-02T09:37:59.627-0300] {logging_mixin.py:188} INFO - [2024-03-02T09:37:59.626-0300] {dagbag.py:540} INFO - Filling up the DagBag from /home/victor/Área de Trabalho/airflow/venv/lib/python3.10/site-packages/airflow/example_dags/tutorial_dag.py
[2024-03-02T09:37:59.631-0300] {processor.py:840} INFO - DAG(s) 'tutorial_dag' retrieved from /home/victor/Área de Trabalho/airflow/venv/lib/python3.10/site-packages/airflow/example_dags/tutorial_dag.py
[2024-03-02T09:37:59.656-0300] {logging_mixin.py:188} INFO - [2024-03-02T09:37:59.656-0300] {dag.py:3047} INFO - Sync 1 DAGs
[2024-03-02T09:37:59.667-0300] {logging_mixin.py:188} INFO - [2024-03-02T09:37:59.667-0300] {dag.py:3834} INFO - Setting next_dagrun for tutorial_dag to None, run_after=None
[2024-03-02T09:37:59.686-0300] {processor.py:183} INFO - Processing /home/victor/Área de Trabalho/airflow/venv/lib/python3.10/site-packages/airflow/example_dags/tutorial_dag.py took 0.064 seconds
[2024-03-02T09:38:30.989-0300] {processor.py:161} INFO - Started process (PID=10234) to work on /home/victor/Área de Trabalho/airflow/venv/lib/python3.10/site-packages/airflow/example_dags/tutorial_dag.py
[2024-03-02T09:38:30.989-0300] {processor.py:830} INFO - Processing file /home/victor/Área de Trabalho/airflow/venv/lib/python3.10/site-packages/airflow/example_dags/tutorial_dag.py for tasks to queue
[2024-03-02T09:38:30.990-0300] {logging_mixin.py:188} INFO - [2024-03-02T09:38:30.990-0300] {dagbag.py:540} INFO - Filling up the DagBag from /home/victor/Área de Trabalho/airflow/venv/lib/python3.10/site-packages/airflow/example_dags/tutorial_dag.py
[2024-03-02T09:38:30.994-0300] {processor.py:840} INFO - DAG(s) 'tutorial_dag' retrieved from /home/victor/Área de Trabalho/airflow/venv/lib/python3.10/site-packages/airflow/example_dags/tutorial_dag.py
[2024-03-02T09:38:31.019-0300] {logging_mixin.py:188} INFO - [2024-03-02T09:38:31.018-0300] {dag.py:3047} INFO - Sync 1 DAGs
[2024-03-02T09:38:31.029-0300] {logging_mixin.py:188} INFO - [2024-03-02T09:38:31.029-0300] {dag.py:3834} INFO - Setting next_dagrun for tutorial_dag to None, run_after=None
[2024-03-02T09:38:31.048-0300] {processor.py:183} INFO - Processing /home/victor/Área de Trabalho/airflow/venv/lib/python3.10/site-packages/airflow/example_dags/tutorial_dag.py took 0.062 seconds
[2024-03-02T09:39:02.500-0300] {processor.py:161} INFO - Started process (PID=10772) to work on /home/victor/Área de Trabalho/airflow/venv/lib/python3.10/site-packages/airflow/example_dags/tutorial_dag.py
[2024-03-02T09:39:02.501-0300] {processor.py:830} INFO - Processing file /home/victor/Área de Trabalho/airflow/venv/lib/python3.10/site-packages/airflow/example_dags/tutorial_dag.py for tasks to queue
[2024-03-02T09:39:02.502-0300] {logging_mixin.py:188} INFO - [2024-03-02T09:39:02.501-0300] {dagbag.py:540} INFO - Filling up the DagBag from /home/victor/Área de Trabalho/airflow/venv/lib/python3.10/site-packages/airflow/example_dags/tutorial_dag.py
[2024-03-02T09:39:02.507-0300] {processor.py:840} INFO - DAG(s) 'tutorial_dag' retrieved from /home/victor/Área de Trabalho/airflow/venv/lib/python3.10/site-packages/airflow/example_dags/tutorial_dag.py
[2024-03-02T09:39:02.535-0300] {logging_mixin.py:188} INFO - [2024-03-02T09:39:02.534-0300] {dag.py:3047} INFO - Sync 1 DAGs
[2024-03-02T09:39:02.547-0300] {logging_mixin.py:188} INFO - [2024-03-02T09:39:02.546-0300] {dag.py:3834} INFO - Setting next_dagrun for tutorial_dag to None, run_after=None
[2024-03-02T09:39:02.568-0300] {processor.py:183} INFO - Processing /home/victor/Área de Trabalho/airflow/venv/lib/python3.10/site-packages/airflow/example_dags/tutorial_dag.py took 0.071 seconds
[2024-03-02T09:39:33.725-0300] {processor.py:161} INFO - Started process (PID=11391) to work on /home/victor/Área de Trabalho/airflow/venv/lib/python3.10/site-packages/airflow/example_dags/tutorial_dag.py
[2024-03-02T09:39:33.725-0300] {processor.py:830} INFO - Processing file /home/victor/Área de Trabalho/airflow/venv/lib/python3.10/site-packages/airflow/example_dags/tutorial_dag.py for tasks to queue
[2024-03-02T09:39:33.726-0300] {logging_mixin.py:188} INFO - [2024-03-02T09:39:33.726-0300] {dagbag.py:540} INFO - Filling up the DagBag from /home/victor/Área de Trabalho/airflow/venv/lib/python3.10/site-packages/airflow/example_dags/tutorial_dag.py
[2024-03-02T09:39:33.731-0300] {processor.py:840} INFO - DAG(s) 'tutorial_dag' retrieved from /home/victor/Área de Trabalho/airflow/venv/lib/python3.10/site-packages/airflow/example_dags/tutorial_dag.py
[2024-03-02T09:39:33.756-0300] {logging_mixin.py:188} INFO - [2024-03-02T09:39:33.756-0300] {dag.py:3047} INFO - Sync 1 DAGs
[2024-03-02T09:39:33.768-0300] {logging_mixin.py:188} INFO - [2024-03-02T09:39:33.767-0300] {dag.py:3834} INFO - Setting next_dagrun for tutorial_dag to None, run_after=None
[2024-03-02T09:39:33.787-0300] {processor.py:183} INFO - Processing /home/victor/Área de Trabalho/airflow/venv/lib/python3.10/site-packages/airflow/example_dags/tutorial_dag.py took 0.066 seconds
[2024-03-02T09:40:05.045-0300] {processor.py:161} INFO - Started process (PID=11869) to work on /home/victor/Área de Trabalho/airflow/venv/lib/python3.10/site-packages/airflow/example_dags/tutorial_dag.py
[2024-03-02T09:40:05.046-0300] {processor.py:830} INFO - Processing file /home/victor/Área de Trabalho/airflow/venv/lib/python3.10/site-packages/airflow/example_dags/tutorial_dag.py for tasks to queue
[2024-03-02T09:40:05.047-0300] {logging_mixin.py:188} INFO - [2024-03-02T09:40:05.046-0300] {dagbag.py:540} INFO - Filling up the DagBag from /home/victor/Área de Trabalho/airflow/venv/lib/python3.10/site-packages/airflow/example_dags/tutorial_dag.py
[2024-03-02T09:40:05.051-0300] {processor.py:840} INFO - DAG(s) 'tutorial_dag' retrieved from /home/victor/Área de Trabalho/airflow/venv/lib/python3.10/site-packages/airflow/example_dags/tutorial_dag.py
[2024-03-02T09:40:05.078-0300] {logging_mixin.py:188} INFO - [2024-03-02T09:40:05.078-0300] {dag.py:3047} INFO - Sync 1 DAGs
[2024-03-02T09:40:05.090-0300] {logging_mixin.py:188} INFO - [2024-03-02T09:40:05.090-0300] {dag.py:3834} INFO - Setting next_dagrun for tutorial_dag to None, run_after=None
[2024-03-02T09:40:05.109-0300] {processor.py:183} INFO - Processing /home/victor/Área de Trabalho/airflow/venv/lib/python3.10/site-packages/airflow/example_dags/tutorial_dag.py took 0.067 seconds
[2024-03-02T09:40:36.304-0300] {processor.py:161} INFO - Started process (PID=12244) to work on /home/victor/Área de Trabalho/airflow/venv/lib/python3.10/site-packages/airflow/example_dags/tutorial_dag.py
[2024-03-02T09:40:36.305-0300] {processor.py:830} INFO - Processing file /home/victor/Área de Trabalho/airflow/venv/lib/python3.10/site-packages/airflow/example_dags/tutorial_dag.py for tasks to queue
[2024-03-02T09:40:36.306-0300] {logging_mixin.py:188} INFO - [2024-03-02T09:40:36.305-0300] {dagbag.py:540} INFO - Filling up the DagBag from /home/victor/Área de Trabalho/airflow/venv/lib/python3.10/site-packages/airflow/example_dags/tutorial_dag.py
[2024-03-02T09:40:36.315-0300] {processor.py:840} INFO - DAG(s) 'tutorial_dag' retrieved from /home/victor/Área de Trabalho/airflow/venv/lib/python3.10/site-packages/airflow/example_dags/tutorial_dag.py
[2024-03-02T09:40:36.350-0300] {logging_mixin.py:188} INFO - [2024-03-02T09:40:36.350-0300] {dag.py:3047} INFO - Sync 1 DAGs
[2024-03-02T09:40:36.362-0300] {logging_mixin.py:188} INFO - [2024-03-02T09:40:36.361-0300] {dag.py:3834} INFO - Setting next_dagrun for tutorial_dag to None, run_after=None
[2024-03-02T09:40:36.382-0300] {processor.py:183} INFO - Processing /home/victor/Área de Trabalho/airflow/venv/lib/python3.10/site-packages/airflow/example_dags/tutorial_dag.py took 0.080 seconds
[2024-03-02T09:41:07.040-0300] {processor.py:161} INFO - Started process (PID=12722) to work on /home/victor/Área de Trabalho/airflow/venv/lib/python3.10/site-packages/airflow/example_dags/tutorial_dag.py
[2024-03-02T09:41:07.048-0300] {processor.py:830} INFO - Processing file /home/victor/Área de Trabalho/airflow/venv/lib/python3.10/site-packages/airflow/example_dags/tutorial_dag.py for tasks to queue
[2024-03-02T09:41:07.049-0300] {logging_mixin.py:188} INFO - [2024-03-02T09:41:07.049-0300] {dagbag.py:540} INFO - Filling up the DagBag from /home/victor/Área de Trabalho/airflow/venv/lib/python3.10/site-packages/airflow/example_dags/tutorial_dag.py
[2024-03-02T09:41:07.055-0300] {processor.py:840} INFO - DAG(s) 'tutorial_dag' retrieved from /home/victor/Área de Trabalho/airflow/venv/lib/python3.10/site-packages/airflow/example_dags/tutorial_dag.py
[2024-03-02T09:41:07.083-0300] {logging_mixin.py:188} INFO - [2024-03-02T09:41:07.083-0300] {dag.py:3047} INFO - Sync 1 DAGs
[2024-03-02T09:41:07.101-0300] {logging_mixin.py:188} INFO - [2024-03-02T09:41:07.100-0300] {dag.py:3834} INFO - Setting next_dagrun for tutorial_dag to None, run_after=None
[2024-03-02T09:41:07.125-0300] {processor.py:183} INFO - Processing /home/victor/Área de Trabalho/airflow/venv/lib/python3.10/site-packages/airflow/example_dags/tutorial_dag.py took 0.093 seconds
[2024-03-02T09:41:38.047-0300] {processor.py:161} INFO - Started process (PID=13036) to work on /home/victor/Área de Trabalho/airflow/venv/lib/python3.10/site-packages/airflow/example_dags/tutorial_dag.py
[2024-03-02T09:41:38.052-0300] {processor.py:830} INFO - Processing file /home/victor/Área de Trabalho/airflow/venv/lib/python3.10/site-packages/airflow/example_dags/tutorial_dag.py for tasks to queue
[2024-03-02T09:41:38.052-0300] {logging_mixin.py:188} INFO - [2024-03-02T09:41:38.052-0300] {dagbag.py:540} INFO - Filling up the DagBag from /home/victor/Área de Trabalho/airflow/venv/lib/python3.10/site-packages/airflow/example_dags/tutorial_dag.py
[2024-03-02T09:41:38.057-0300] {processor.py:840} INFO - DAG(s) 'tutorial_dag' retrieved from /home/victor/Área de Trabalho/airflow/venv/lib/python3.10/site-packages/airflow/example_dags/tutorial_dag.py
[2024-03-02T09:41:38.087-0300] {logging_mixin.py:188} INFO - [2024-03-02T09:41:38.087-0300] {dag.py:3047} INFO - Sync 1 DAGs
[2024-03-02T09:41:38.099-0300] {logging_mixin.py:188} INFO - [2024-03-02T09:41:38.098-0300] {dag.py:3834} INFO - Setting next_dagrun for tutorial_dag to None, run_after=None
[2024-03-02T09:41:38.123-0300] {processor.py:183} INFO - Processing /home/victor/Área de Trabalho/airflow/venv/lib/python3.10/site-packages/airflow/example_dags/tutorial_dag.py took 0.079 seconds
[2024-03-02T09:42:08.766-0300] {processor.py:161} INFO - Started process (PID=13669) to work on /home/victor/Área de Trabalho/airflow/venv/lib/python3.10/site-packages/airflow/example_dags/tutorial_dag.py
[2024-03-02T09:42:08.766-0300] {processor.py:830} INFO - Processing file /home/victor/Área de Trabalho/airflow/venv/lib/python3.10/site-packages/airflow/example_dags/tutorial_dag.py for tasks to queue
[2024-03-02T09:42:08.767-0300] {logging_mixin.py:188} INFO - [2024-03-02T09:42:08.767-0300] {dagbag.py:540} INFO - Filling up the DagBag from /home/victor/Área de Trabalho/airflow/venv/lib/python3.10/site-packages/airflow/example_dags/tutorial_dag.py
[2024-03-02T09:42:08.773-0300] {processor.py:840} INFO - DAG(s) 'tutorial_dag' retrieved from /home/victor/Área de Trabalho/airflow/venv/lib/python3.10/site-packages/airflow/example_dags/tutorial_dag.py
[2024-03-02T09:42:08.802-0300] {logging_mixin.py:188} INFO - [2024-03-02T09:42:08.802-0300] {dag.py:3047} INFO - Sync 1 DAGs
[2024-03-02T09:42:08.815-0300] {logging_mixin.py:188} INFO - [2024-03-02T09:42:08.815-0300] {dag.py:3834} INFO - Setting next_dagrun for tutorial_dag to None, run_after=None
[2024-03-02T09:42:08.837-0300] {processor.py:183} INFO - Processing /home/victor/Área de Trabalho/airflow/venv/lib/python3.10/site-packages/airflow/example_dags/tutorial_dag.py took 0.075 seconds
[2024-03-02T09:42:39.554-0300] {processor.py:161} INFO - Started process (PID=13989) to work on /home/victor/Área de Trabalho/airflow/venv/lib/python3.10/site-packages/airflow/example_dags/tutorial_dag.py
[2024-03-02T09:42:39.554-0300] {processor.py:830} INFO - Processing file /home/victor/Área de Trabalho/airflow/venv/lib/python3.10/site-packages/airflow/example_dags/tutorial_dag.py for tasks to queue
[2024-03-02T09:42:39.555-0300] {logging_mixin.py:188} INFO - [2024-03-02T09:42:39.555-0300] {dagbag.py:540} INFO - Filling up the DagBag from /home/victor/Área de Trabalho/airflow/venv/lib/python3.10/site-packages/airflow/example_dags/tutorial_dag.py
[2024-03-02T09:42:39.561-0300] {processor.py:840} INFO - DAG(s) 'tutorial_dag' retrieved from /home/victor/Área de Trabalho/airflow/venv/lib/python3.10/site-packages/airflow/example_dags/tutorial_dag.py
[2024-03-02T09:42:39.588-0300] {logging_mixin.py:188} INFO - [2024-03-02T09:42:39.587-0300] {dag.py:3047} INFO - Sync 1 DAGs
[2024-03-02T09:42:39.599-0300] {logging_mixin.py:188} INFO - [2024-03-02T09:42:39.599-0300] {dag.py:3834} INFO - Setting next_dagrun for tutorial_dag to None, run_after=None
[2024-03-02T09:42:39.620-0300] {processor.py:183} INFO - Processing /home/victor/Área de Trabalho/airflow/venv/lib/python3.10/site-packages/airflow/example_dags/tutorial_dag.py took 0.070 seconds
[2024-03-02T09:43:10.791-0300] {processor.py:161} INFO - Started process (PID=14470) to work on /home/victor/Área de Trabalho/airflow/venv/lib/python3.10/site-packages/airflow/example_dags/tutorial_dag.py
[2024-03-02T09:43:10.792-0300] {processor.py:830} INFO - Processing file /home/victor/Área de Trabalho/airflow/venv/lib/python3.10/site-packages/airflow/example_dags/tutorial_dag.py for tasks to queue
[2024-03-02T09:43:10.793-0300] {logging_mixin.py:188} INFO - [2024-03-02T09:43:10.793-0300] {dagbag.py:540} INFO - Filling up the DagBag from /home/victor/Área de Trabalho/airflow/venv/lib/python3.10/site-packages/airflow/example_dags/tutorial_dag.py
[2024-03-02T09:43:10.799-0300] {processor.py:840} INFO - DAG(s) 'tutorial_dag' retrieved from /home/victor/Área de Trabalho/airflow/venv/lib/python3.10/site-packages/airflow/example_dags/tutorial_dag.py
[2024-03-02T09:43:10.830-0300] {logging_mixin.py:188} INFO - [2024-03-02T09:43:10.829-0300] {dag.py:3047} INFO - Sync 1 DAGs
[2024-03-02T09:43:10.844-0300] {logging_mixin.py:188} INFO - [2024-03-02T09:43:10.843-0300] {dag.py:3834} INFO - Setting next_dagrun for tutorial_dag to None, run_after=None
[2024-03-02T09:43:10.866-0300] {processor.py:183} INFO - Processing /home/victor/Área de Trabalho/airflow/venv/lib/python3.10/site-packages/airflow/example_dags/tutorial_dag.py took 0.078 seconds
[2024-03-02T09:43:41.649-0300] {processor.py:161} INFO - Started process (PID=14791) to work on /home/victor/Área de Trabalho/airflow/venv/lib/python3.10/site-packages/airflow/example_dags/tutorial_dag.py
[2024-03-02T09:43:41.650-0300] {processor.py:830} INFO - Processing file /home/victor/Área de Trabalho/airflow/venv/lib/python3.10/site-packages/airflow/example_dags/tutorial_dag.py for tasks to queue
[2024-03-02T09:43:41.651-0300] {logging_mixin.py:188} INFO - [2024-03-02T09:43:41.651-0300] {dagbag.py:540} INFO - Filling up the DagBag from /home/victor/Área de Trabalho/airflow/venv/lib/python3.10/site-packages/airflow/example_dags/tutorial_dag.py
[2024-03-02T09:43:41.658-0300] {processor.py:840} INFO - DAG(s) 'tutorial_dag' retrieved from /home/victor/Área de Trabalho/airflow/venv/lib/python3.10/site-packages/airflow/example_dags/tutorial_dag.py
[2024-03-02T09:43:41.689-0300] {logging_mixin.py:188} INFO - [2024-03-02T09:43:41.688-0300] {dag.py:3047} INFO - Sync 1 DAGs
[2024-03-02T09:43:41.701-0300] {logging_mixin.py:188} INFO - [2024-03-02T09:43:41.701-0300] {dag.py:3834} INFO - Setting next_dagrun for tutorial_dag to None, run_after=None
[2024-03-02T09:43:41.721-0300] {processor.py:183} INFO - Processing /home/victor/Área de Trabalho/airflow/venv/lib/python3.10/site-packages/airflow/example_dags/tutorial_dag.py took 0.075 seconds
[2024-03-02T09:44:13.085-0300] {processor.py:161} INFO - Started process (PID=15273) to work on /home/victor/Área de Trabalho/airflow/venv/lib/python3.10/site-packages/airflow/example_dags/tutorial_dag.py
[2024-03-02T09:44:13.086-0300] {processor.py:830} INFO - Processing file /home/victor/Área de Trabalho/airflow/venv/lib/python3.10/site-packages/airflow/example_dags/tutorial_dag.py for tasks to queue
[2024-03-02T09:44:13.087-0300] {logging_mixin.py:188} INFO - [2024-03-02T09:44:13.087-0300] {dagbag.py:540} INFO - Filling up the DagBag from /home/victor/Área de Trabalho/airflow/venv/lib/python3.10/site-packages/airflow/example_dags/tutorial_dag.py
[2024-03-02T09:44:13.092-0300] {processor.py:840} INFO - DAG(s) 'tutorial_dag' retrieved from /home/victor/Área de Trabalho/airflow/venv/lib/python3.10/site-packages/airflow/example_dags/tutorial_dag.py
[2024-03-02T09:44:13.122-0300] {logging_mixin.py:188} INFO - [2024-03-02T09:44:13.122-0300] {dag.py:3047} INFO - Sync 1 DAGs
[2024-03-02T09:44:13.135-0300] {logging_mixin.py:188} INFO - [2024-03-02T09:44:13.135-0300] {dag.py:3834} INFO - Setting next_dagrun for tutorial_dag to None, run_after=None
[2024-03-02T09:44:13.156-0300] {processor.py:183} INFO - Processing /home/victor/Área de Trabalho/airflow/venv/lib/python3.10/site-packages/airflow/example_dags/tutorial_dag.py took 0.075 seconds
[2024-03-02T09:44:43.730-0300] {processor.py:161} INFO - Started process (PID=15596) to work on /home/victor/Área de Trabalho/airflow/venv/lib/python3.10/site-packages/airflow/example_dags/tutorial_dag.py
[2024-03-02T09:44:43.731-0300] {processor.py:830} INFO - Processing file /home/victor/Área de Trabalho/airflow/venv/lib/python3.10/site-packages/airflow/example_dags/tutorial_dag.py for tasks to queue
[2024-03-02T09:44:43.731-0300] {logging_mixin.py:188} INFO - [2024-03-02T09:44:43.731-0300] {dagbag.py:540} INFO - Filling up the DagBag from /home/victor/Área de Trabalho/airflow/venv/lib/python3.10/site-packages/airflow/example_dags/tutorial_dag.py
[2024-03-02T09:44:43.738-0300] {processor.py:840} INFO - DAG(s) 'tutorial_dag' retrieved from /home/victor/Área de Trabalho/airflow/venv/lib/python3.10/site-packages/airflow/example_dags/tutorial_dag.py
[2024-03-02T09:44:43.768-0300] {logging_mixin.py:188} INFO - [2024-03-02T09:44:43.767-0300] {dag.py:3047} INFO - Sync 1 DAGs
[2024-03-02T09:44:43.784-0300] {logging_mixin.py:188} INFO - [2024-03-02T09:44:43.783-0300] {dag.py:3834} INFO - Setting next_dagrun for tutorial_dag to None, run_after=None
[2024-03-02T09:44:43.810-0300] {processor.py:183} INFO - Processing /home/victor/Área de Trabalho/airflow/venv/lib/python3.10/site-packages/airflow/example_dags/tutorial_dag.py took 0.083 seconds
[2024-03-02T09:45:14.465-0300] {processor.py:161} INFO - Started process (PID=16081) to work on /home/victor/Área de Trabalho/airflow/venv/lib/python3.10/site-packages/airflow/example_dags/tutorial_dag.py
[2024-03-02T09:45:14.467-0300] {processor.py:830} INFO - Processing file /home/victor/Área de Trabalho/airflow/venv/lib/python3.10/site-packages/airflow/example_dags/tutorial_dag.py for tasks to queue
[2024-03-02T09:45:14.468-0300] {logging_mixin.py:188} INFO - [2024-03-02T09:45:14.467-0300] {dagbag.py:540} INFO - Filling up the DagBag from /home/victor/Área de Trabalho/airflow/venv/lib/python3.10/site-packages/airflow/example_dags/tutorial_dag.py
[2024-03-02T09:45:14.472-0300] {processor.py:840} INFO - DAG(s) 'tutorial_dag' retrieved from /home/victor/Área de Trabalho/airflow/venv/lib/python3.10/site-packages/airflow/example_dags/tutorial_dag.py
[2024-03-02T09:45:14.509-0300] {logging_mixin.py:188} INFO - [2024-03-02T09:45:14.508-0300] {dag.py:3047} INFO - Sync 1 DAGs
[2024-03-02T09:45:14.521-0300] {logging_mixin.py:188} INFO - [2024-03-02T09:45:14.520-0300] {dag.py:3834} INFO - Setting next_dagrun for tutorial_dag to None, run_after=None
[2024-03-02T09:45:14.542-0300] {processor.py:183} INFO - Processing /home/victor/Área de Trabalho/airflow/venv/lib/python3.10/site-packages/airflow/example_dags/tutorial_dag.py took 0.080 seconds
[2024-03-02T09:45:45.679-0300] {processor.py:161} INFO - Started process (PID=16587) to work on /home/victor/Área de Trabalho/airflow/venv/lib/python3.10/site-packages/airflow/example_dags/tutorial_dag.py
[2024-03-02T09:45:45.680-0300] {processor.py:830} INFO - Processing file /home/victor/Área de Trabalho/airflow/venv/lib/python3.10/site-packages/airflow/example_dags/tutorial_dag.py for tasks to queue
[2024-03-02T09:45:45.680-0300] {logging_mixin.py:188} INFO - [2024-03-02T09:45:45.680-0300] {dagbag.py:540} INFO - Filling up the DagBag from /home/victor/Área de Trabalho/airflow/venv/lib/python3.10/site-packages/airflow/example_dags/tutorial_dag.py
[2024-03-02T09:45:45.685-0300] {processor.py:840} INFO - DAG(s) 'tutorial_dag' retrieved from /home/victor/Área de Trabalho/airflow/venv/lib/python3.10/site-packages/airflow/example_dags/tutorial_dag.py
[2024-03-02T09:45:45.713-0300] {logging_mixin.py:188} INFO - [2024-03-02T09:45:45.712-0300] {dag.py:3047} INFO - Sync 1 DAGs
[2024-03-02T09:45:45.724-0300] {logging_mixin.py:188} INFO - [2024-03-02T09:45:45.724-0300] {dag.py:3834} INFO - Setting next_dagrun for tutorial_dag to None, run_after=None
[2024-03-02T09:45:45.745-0300] {processor.py:183} INFO - Processing /home/victor/Área de Trabalho/airflow/venv/lib/python3.10/site-packages/airflow/example_dags/tutorial_dag.py took 0.070 seconds
[2024-03-02T09:46:17.161-0300] {processor.py:161} INFO - Started process (PID=17080) to work on /home/victor/Área de Trabalho/airflow/venv/lib/python3.10/site-packages/airflow/example_dags/tutorial_dag.py
[2024-03-02T09:46:17.162-0300] {processor.py:830} INFO - Processing file /home/victor/Área de Trabalho/airflow/venv/lib/python3.10/site-packages/airflow/example_dags/tutorial_dag.py for tasks to queue
[2024-03-02T09:46:17.163-0300] {logging_mixin.py:188} INFO - [2024-03-02T09:46:17.163-0300] {dagbag.py:540} INFO - Filling up the DagBag from /home/victor/Área de Trabalho/airflow/venv/lib/python3.10/site-packages/airflow/example_dags/tutorial_dag.py
[2024-03-02T09:46:17.168-0300] {processor.py:840} INFO - DAG(s) 'tutorial_dag' retrieved from /home/victor/Área de Trabalho/airflow/venv/lib/python3.10/site-packages/airflow/example_dags/tutorial_dag.py
[2024-03-02T09:46:17.197-0300] {logging_mixin.py:188} INFO - [2024-03-02T09:46:17.197-0300] {dag.py:3047} INFO - Sync 1 DAGs
[2024-03-02T09:46:17.213-0300] {logging_mixin.py:188} INFO - [2024-03-02T09:46:17.213-0300] {dag.py:3834} INFO - Setting next_dagrun for tutorial_dag to None, run_after=None
[2024-03-02T09:46:17.238-0300] {processor.py:183} INFO - Processing /home/victor/Área de Trabalho/airflow/venv/lib/python3.10/site-packages/airflow/example_dags/tutorial_dag.py took 0.079 seconds
[2024-03-02T09:46:47.973-0300] {processor.py:161} INFO - Started process (PID=17402) to work on /home/victor/Área de Trabalho/airflow/venv/lib/python3.10/site-packages/airflow/example_dags/tutorial_dag.py
[2024-03-02T09:46:47.974-0300] {processor.py:830} INFO - Processing file /home/victor/Área de Trabalho/airflow/venv/lib/python3.10/site-packages/airflow/example_dags/tutorial_dag.py for tasks to queue
[2024-03-02T09:46:47.975-0300] {logging_mixin.py:188} INFO - [2024-03-02T09:46:47.975-0300] {dagbag.py:540} INFO - Filling up the DagBag from /home/victor/Área de Trabalho/airflow/venv/lib/python3.10/site-packages/airflow/example_dags/tutorial_dag.py
[2024-03-02T09:46:47.980-0300] {processor.py:840} INFO - DAG(s) 'tutorial_dag' retrieved from /home/victor/Área de Trabalho/airflow/venv/lib/python3.10/site-packages/airflow/example_dags/tutorial_dag.py
[2024-03-02T09:46:48.007-0300] {logging_mixin.py:188} INFO - [2024-03-02T09:46:48.007-0300] {dag.py:3047} INFO - Sync 1 DAGs
[2024-03-02T09:46:48.019-0300] {logging_mixin.py:188} INFO - [2024-03-02T09:46:48.019-0300] {dag.py:3834} INFO - Setting next_dagrun for tutorial_dag to None, run_after=None
[2024-03-02T09:46:48.043-0300] {processor.py:183} INFO - Processing /home/victor/Área de Trabalho/airflow/venv/lib/python3.10/site-packages/airflow/example_dags/tutorial_dag.py took 0.072 seconds
[2024-03-02T09:47:18.699-0300] {processor.py:161} INFO - Started process (PID=18062) to work on /home/victor/Área de Trabalho/airflow/venv/lib/python3.10/site-packages/airflow/example_dags/tutorial_dag.py
[2024-03-02T09:47:18.699-0300] {processor.py:830} INFO - Processing file /home/victor/Área de Trabalho/airflow/venv/lib/python3.10/site-packages/airflow/example_dags/tutorial_dag.py for tasks to queue
[2024-03-02T09:47:18.700-0300] {logging_mixin.py:188} INFO - [2024-03-02T09:47:18.700-0300] {dagbag.py:540} INFO - Filling up the DagBag from /home/victor/Área de Trabalho/airflow/venv/lib/python3.10/site-packages/airflow/example_dags/tutorial_dag.py
[2024-03-02T09:47:18.705-0300] {processor.py:840} INFO - DAG(s) 'tutorial_dag' retrieved from /home/victor/Área de Trabalho/airflow/venv/lib/python3.10/site-packages/airflow/example_dags/tutorial_dag.py
[2024-03-02T09:47:18.733-0300] {logging_mixin.py:188} INFO - [2024-03-02T09:47:18.732-0300] {dag.py:3047} INFO - Sync 1 DAGs
[2024-03-02T09:47:18.745-0300] {logging_mixin.py:188} INFO - [2024-03-02T09:47:18.745-0300] {dag.py:3834} INFO - Setting next_dagrun for tutorial_dag to None, run_after=None
[2024-03-02T09:47:18.767-0300] {processor.py:183} INFO - Processing /home/victor/Área de Trabalho/airflow/venv/lib/python3.10/site-packages/airflow/example_dags/tutorial_dag.py took 0.071 seconds
[2024-03-02T09:47:49.530-0300] {processor.py:161} INFO - Started process (PID=18381) to work on /home/victor/Área de Trabalho/airflow/venv/lib/python3.10/site-packages/airflow/example_dags/tutorial_dag.py
[2024-03-02T09:47:49.531-0300] {processor.py:830} INFO - Processing file /home/victor/Área de Trabalho/airflow/venv/lib/python3.10/site-packages/airflow/example_dags/tutorial_dag.py for tasks to queue
[2024-03-02T09:47:49.532-0300] {logging_mixin.py:188} INFO - [2024-03-02T09:47:49.532-0300] {dagbag.py:540} INFO - Filling up the DagBag from /home/victor/Área de Trabalho/airflow/venv/lib/python3.10/site-packages/airflow/example_dags/tutorial_dag.py
[2024-03-02T09:47:49.536-0300] {processor.py:840} INFO - DAG(s) 'tutorial_dag' retrieved from /home/victor/Área de Trabalho/airflow/venv/lib/python3.10/site-packages/airflow/example_dags/tutorial_dag.py
[2024-03-02T09:47:49.564-0300] {logging_mixin.py:188} INFO - [2024-03-02T09:47:49.563-0300] {dag.py:3047} INFO - Sync 1 DAGs
[2024-03-02T09:47:49.575-0300] {logging_mixin.py:188} INFO - [2024-03-02T09:47:49.575-0300] {dag.py:3834} INFO - Setting next_dagrun for tutorial_dag to None, run_after=None
[2024-03-02T09:47:49.595-0300] {processor.py:183} INFO - Processing /home/victor/Área de Trabalho/airflow/venv/lib/python3.10/site-packages/airflow/example_dags/tutorial_dag.py took 0.069 seconds
[2024-03-02T09:48:20.159-0300] {processor.py:161} INFO - Started process (PID=18867) to work on /home/victor/Área de Trabalho/airflow/venv/lib/python3.10/site-packages/airflow/example_dags/tutorial_dag.py
[2024-03-02T09:48:20.160-0300] {processor.py:830} INFO - Processing file /home/victor/Área de Trabalho/airflow/venv/lib/python3.10/site-packages/airflow/example_dags/tutorial_dag.py for tasks to queue
[2024-03-02T09:48:20.161-0300] {logging_mixin.py:188} INFO - [2024-03-02T09:48:20.160-0300] {dagbag.py:540} INFO - Filling up the DagBag from /home/victor/Área de Trabalho/airflow/venv/lib/python3.10/site-packages/airflow/example_dags/tutorial_dag.py
[2024-03-02T09:48:20.176-0300] {processor.py:840} INFO - DAG(s) 'tutorial_dag' retrieved from /home/victor/Área de Trabalho/airflow/venv/lib/python3.10/site-packages/airflow/example_dags/tutorial_dag.py
[2024-03-02T09:48:20.203-0300] {logging_mixin.py:188} INFO - [2024-03-02T09:48:20.202-0300] {dag.py:3047} INFO - Sync 1 DAGs
[2024-03-02T09:48:20.215-0300] {logging_mixin.py:188} INFO - [2024-03-02T09:48:20.215-0300] {dag.py:3834} INFO - Setting next_dagrun for tutorial_dag to None, run_after=None
[2024-03-02T09:48:20.237-0300] {processor.py:183} INFO - Processing /home/victor/Área de Trabalho/airflow/venv/lib/python3.10/site-packages/airflow/example_dags/tutorial_dag.py took 0.080 seconds
[2024-03-02T09:48:50.943-0300] {processor.py:161} INFO - Started process (PID=19209) to work on /home/victor/Área de Trabalho/airflow/venv/lib/python3.10/site-packages/airflow/example_dags/tutorial_dag.py
[2024-03-02T09:48:50.944-0300] {processor.py:830} INFO - Processing file /home/victor/Área de Trabalho/airflow/venv/lib/python3.10/site-packages/airflow/example_dags/tutorial_dag.py for tasks to queue
[2024-03-02T09:48:50.945-0300] {logging_mixin.py:188} INFO - [2024-03-02T09:48:50.944-0300] {dagbag.py:540} INFO - Filling up the DagBag from /home/victor/Área de Trabalho/airflow/venv/lib/python3.10/site-packages/airflow/example_dags/tutorial_dag.py
[2024-03-02T09:48:50.951-0300] {processor.py:840} INFO - DAG(s) 'tutorial_dag' retrieved from /home/victor/Área de Trabalho/airflow/venv/lib/python3.10/site-packages/airflow/example_dags/tutorial_dag.py
[2024-03-02T09:48:50.981-0300] {logging_mixin.py:188} INFO - [2024-03-02T09:48:50.981-0300] {dag.py:3047} INFO - Sync 1 DAGs
[2024-03-02T09:48:50.993-0300] {logging_mixin.py:188} INFO - [2024-03-02T09:48:50.993-0300] {dag.py:3834} INFO - Setting next_dagrun for tutorial_dag to None, run_after=None
[2024-03-02T09:48:51.019-0300] {processor.py:183} INFO - Processing /home/victor/Área de Trabalho/airflow/venv/lib/python3.10/site-packages/airflow/example_dags/tutorial_dag.py took 0.080 seconds
[2024-03-02T09:49:21.680-0300] {processor.py:161} INFO - Started process (PID=19691) to work on /home/victor/Área de Trabalho/airflow/venv/lib/python3.10/site-packages/airflow/example_dags/tutorial_dag.py
[2024-03-02T09:49:21.681-0300] {processor.py:830} INFO - Processing file /home/victor/Área de Trabalho/airflow/venv/lib/python3.10/site-packages/airflow/example_dags/tutorial_dag.py for tasks to queue
[2024-03-02T09:49:21.682-0300] {logging_mixin.py:188} INFO - [2024-03-02T09:49:21.681-0300] {dagbag.py:540} INFO - Filling up the DagBag from /home/victor/Área de Trabalho/airflow/venv/lib/python3.10/site-packages/airflow/example_dags/tutorial_dag.py
[2024-03-02T09:49:21.687-0300] {processor.py:840} INFO - DAG(s) 'tutorial_dag' retrieved from /home/victor/Área de Trabalho/airflow/venv/lib/python3.10/site-packages/airflow/example_dags/tutorial_dag.py
[2024-03-02T09:49:21.716-0300] {logging_mixin.py:188} INFO - [2024-03-02T09:49:21.716-0300] {dag.py:3047} INFO - Sync 1 DAGs
[2024-03-02T09:49:21.732-0300] {logging_mixin.py:188} INFO - [2024-03-02T09:49:21.732-0300] {dag.py:3834} INFO - Setting next_dagrun for tutorial_dag to None, run_after=None
[2024-03-02T09:49:21.754-0300] {processor.py:183} INFO - Processing /home/victor/Área de Trabalho/airflow/venv/lib/python3.10/site-packages/airflow/example_dags/tutorial_dag.py took 0.077 seconds
[2024-03-02T09:49:52.413-0300] {processor.py:161} INFO - Started process (PID=20014) to work on /home/victor/Área de Trabalho/airflow/venv/lib/python3.10/site-packages/airflow/example_dags/tutorial_dag.py
[2024-03-02T09:49:52.414-0300] {processor.py:830} INFO - Processing file /home/victor/Área de Trabalho/airflow/venv/lib/python3.10/site-packages/airflow/example_dags/tutorial_dag.py for tasks to queue
[2024-03-02T09:49:52.415-0300] {logging_mixin.py:188} INFO - [2024-03-02T09:49:52.415-0300] {dagbag.py:540} INFO - Filling up the DagBag from /home/victor/Área de Trabalho/airflow/venv/lib/python3.10/site-packages/airflow/example_dags/tutorial_dag.py
[2024-03-02T09:49:52.420-0300] {processor.py:840} INFO - DAG(s) 'tutorial_dag' retrieved from /home/victor/Área de Trabalho/airflow/venv/lib/python3.10/site-packages/airflow/example_dags/tutorial_dag.py
[2024-03-02T09:49:52.447-0300] {logging_mixin.py:188} INFO - [2024-03-02T09:49:52.447-0300] {dag.py:3047} INFO - Sync 1 DAGs
[2024-03-02T09:49:52.459-0300] {logging_mixin.py:188} INFO - [2024-03-02T09:49:52.459-0300] {dag.py:3834} INFO - Setting next_dagrun for tutorial_dag to None, run_after=None
[2024-03-02T09:49:52.480-0300] {processor.py:183} INFO - Processing /home/victor/Área de Trabalho/airflow/venv/lib/python3.10/site-packages/airflow/example_dags/tutorial_dag.py took 0.069 seconds
[2024-03-02T09:50:23.067-0300] {processor.py:161} INFO - Started process (PID=20495) to work on /home/victor/Área de Trabalho/airflow/venv/lib/python3.10/site-packages/airflow/example_dags/tutorial_dag.py
[2024-03-02T09:50:23.069-0300] {processor.py:830} INFO - Processing file /home/victor/Área de Trabalho/airflow/venv/lib/python3.10/site-packages/airflow/example_dags/tutorial_dag.py for tasks to queue
[2024-03-02T09:50:23.069-0300] {logging_mixin.py:188} INFO - [2024-03-02T09:50:23.069-0300] {dagbag.py:540} INFO - Filling up the DagBag from /home/victor/Área de Trabalho/airflow/venv/lib/python3.10/site-packages/airflow/example_dags/tutorial_dag.py
[2024-03-02T09:50:23.074-0300] {processor.py:840} INFO - DAG(s) 'tutorial_dag' retrieved from /home/victor/Área de Trabalho/airflow/venv/lib/python3.10/site-packages/airflow/example_dags/tutorial_dag.py
[2024-03-02T09:50:23.105-0300] {logging_mixin.py:188} INFO - [2024-03-02T09:50:23.104-0300] {dag.py:3047} INFO - Sync 1 DAGs
[2024-03-02T09:50:23.117-0300] {logging_mixin.py:188} INFO - [2024-03-02T09:50:23.116-0300] {dag.py:3834} INFO - Setting next_dagrun for tutorial_dag to None, run_after=None
[2024-03-02T09:50:23.137-0300] {processor.py:183} INFO - Processing /home/victor/Área de Trabalho/airflow/venv/lib/python3.10/site-packages/airflow/example_dags/tutorial_dag.py took 0.073 seconds
[2024-03-02T09:50:54.516-0300] {processor.py:161} INFO - Started process (PID=20853) to work on /home/victor/Área de Trabalho/airflow/venv/lib/python3.10/site-packages/airflow/example_dags/tutorial_dag.py
[2024-03-02T09:50:54.517-0300] {processor.py:830} INFO - Processing file /home/victor/Área de Trabalho/airflow/venv/lib/python3.10/site-packages/airflow/example_dags/tutorial_dag.py for tasks to queue
[2024-03-02T09:50:54.518-0300] {logging_mixin.py:188} INFO - [2024-03-02T09:50:54.518-0300] {dagbag.py:540} INFO - Filling up the DagBag from /home/victor/Área de Trabalho/airflow/venv/lib/python3.10/site-packages/airflow/example_dags/tutorial_dag.py
[2024-03-02T09:50:54.523-0300] {processor.py:840} INFO - DAG(s) 'tutorial_dag' retrieved from /home/victor/Área de Trabalho/airflow/venv/lib/python3.10/site-packages/airflow/example_dags/tutorial_dag.py
[2024-03-02T09:50:54.551-0300] {logging_mixin.py:188} INFO - [2024-03-02T09:50:54.550-0300] {dag.py:3047} INFO - Sync 1 DAGs
[2024-03-02T09:50:54.564-0300] {logging_mixin.py:188} INFO - [2024-03-02T09:50:54.563-0300] {dag.py:3834} INFO - Setting next_dagrun for tutorial_dag to None, run_after=None
[2024-03-02T09:50:54.589-0300] {processor.py:183} INFO - Processing /home/victor/Área de Trabalho/airflow/venv/lib/python3.10/site-packages/airflow/example_dags/tutorial_dag.py took 0.076 seconds
[2024-03-02T09:51:25.230-0300] {processor.py:161} INFO - Started process (PID=21333) to work on /home/victor/Área de Trabalho/airflow/venv/lib/python3.10/site-packages/airflow/example_dags/tutorial_dag.py
[2024-03-02T09:51:25.231-0300] {processor.py:830} INFO - Processing file /home/victor/Área de Trabalho/airflow/venv/lib/python3.10/site-packages/airflow/example_dags/tutorial_dag.py for tasks to queue
[2024-03-02T09:51:25.232-0300] {logging_mixin.py:188} INFO - [2024-03-02T09:51:25.231-0300] {dagbag.py:540} INFO - Filling up the DagBag from /home/victor/Área de Trabalho/airflow/venv/lib/python3.10/site-packages/airflow/example_dags/tutorial_dag.py
[2024-03-02T09:51:25.236-0300] {processor.py:840} INFO - DAG(s) 'tutorial_dag' retrieved from /home/victor/Área de Trabalho/airflow/venv/lib/python3.10/site-packages/airflow/example_dags/tutorial_dag.py
[2024-03-02T09:51:25.268-0300] {logging_mixin.py:188} INFO - [2024-03-02T09:51:25.268-0300] {dag.py:3047} INFO - Sync 1 DAGs
[2024-03-02T09:51:25.282-0300] {logging_mixin.py:188} INFO - [2024-03-02T09:51:25.282-0300] {dag.py:3834} INFO - Setting next_dagrun for tutorial_dag to None, run_after=None
[2024-03-02T09:51:25.302-0300] {processor.py:183} INFO - Processing /home/victor/Área de Trabalho/airflow/venv/lib/python3.10/site-packages/airflow/example_dags/tutorial_dag.py took 0.075 seconds
[2024-03-02T09:51:55.945-0300] {processor.py:161} INFO - Started process (PID=21654) to work on /home/victor/Área de Trabalho/airflow/venv/lib/python3.10/site-packages/airflow/example_dags/tutorial_dag.py
[2024-03-02T09:51:55.946-0300] {processor.py:830} INFO - Processing file /home/victor/Área de Trabalho/airflow/venv/lib/python3.10/site-packages/airflow/example_dags/tutorial_dag.py for tasks to queue
[2024-03-02T09:51:55.947-0300] {logging_mixin.py:188} INFO - [2024-03-02T09:51:55.947-0300] {dagbag.py:540} INFO - Filling up the DagBag from /home/victor/Área de Trabalho/airflow/venv/lib/python3.10/site-packages/airflow/example_dags/tutorial_dag.py
[2024-03-02T09:51:55.952-0300] {processor.py:840} INFO - DAG(s) 'tutorial_dag' retrieved from /home/victor/Área de Trabalho/airflow/venv/lib/python3.10/site-packages/airflow/example_dags/tutorial_dag.py
[2024-03-02T09:51:55.980-0300] {logging_mixin.py:188} INFO - [2024-03-02T09:51:55.980-0300] {dag.py:3047} INFO - Sync 1 DAGs
[2024-03-02T09:51:55.992-0300] {logging_mixin.py:188} INFO - [2024-03-02T09:51:55.992-0300] {dag.py:3834} INFO - Setting next_dagrun for tutorial_dag to None, run_after=None
[2024-03-02T09:51:56.012-0300] {processor.py:183} INFO - Processing /home/victor/Área de Trabalho/airflow/venv/lib/python3.10/site-packages/airflow/example_dags/tutorial_dag.py took 0.070 seconds
[2024-03-02T09:52:26.239-0300] {processor.py:161} INFO - Started process (PID=22296) to work on /home/victor/Área de Trabalho/airflow/venv/lib/python3.10/site-packages/airflow/example_dags/tutorial_dag.py
[2024-03-02T09:52:26.240-0300] {processor.py:830} INFO - Processing file /home/victor/Área de Trabalho/airflow/venv/lib/python3.10/site-packages/airflow/example_dags/tutorial_dag.py for tasks to queue
[2024-03-02T09:52:26.240-0300] {logging_mixin.py:188} INFO - [2024-03-02T09:52:26.240-0300] {dagbag.py:540} INFO - Filling up the DagBag from /home/victor/Área de Trabalho/airflow/venv/lib/python3.10/site-packages/airflow/example_dags/tutorial_dag.py
[2024-03-02T09:52:26.246-0300] {processor.py:840} INFO - DAG(s) 'tutorial_dag' retrieved from /home/victor/Área de Trabalho/airflow/venv/lib/python3.10/site-packages/airflow/example_dags/tutorial_dag.py
[2024-03-02T09:52:26.279-0300] {logging_mixin.py:188} INFO - [2024-03-02T09:52:26.278-0300] {dag.py:3047} INFO - Sync 1 DAGs
[2024-03-02T09:52:26.293-0300] {logging_mixin.py:188} INFO - [2024-03-02T09:52:26.292-0300] {dag.py:3834} INFO - Setting next_dagrun for tutorial_dag to None, run_after=None
[2024-03-02T09:52:26.312-0300] {processor.py:183} INFO - Processing /home/victor/Área de Trabalho/airflow/venv/lib/python3.10/site-packages/airflow/example_dags/tutorial_dag.py took 0.075 seconds
[2024-03-02T09:52:56.835-0300] {processor.py:161} INFO - Started process (PID=22612) to work on /home/victor/Área de Trabalho/airflow/venv/lib/python3.10/site-packages/airflow/example_dags/tutorial_dag.py
[2024-03-02T09:52:56.835-0300] {processor.py:830} INFO - Processing file /home/victor/Área de Trabalho/airflow/venv/lib/python3.10/site-packages/airflow/example_dags/tutorial_dag.py for tasks to queue
[2024-03-02T09:52:56.836-0300] {logging_mixin.py:188} INFO - [2024-03-02T09:52:56.836-0300] {dagbag.py:540} INFO - Filling up the DagBag from /home/victor/Área de Trabalho/airflow/venv/lib/python3.10/site-packages/airflow/example_dags/tutorial_dag.py
[2024-03-02T09:52:56.841-0300] {processor.py:840} INFO - DAG(s) 'tutorial_dag' retrieved from /home/victor/Área de Trabalho/airflow/venv/lib/python3.10/site-packages/airflow/example_dags/tutorial_dag.py
[2024-03-02T09:52:56.869-0300] {logging_mixin.py:188} INFO - [2024-03-02T09:52:56.869-0300] {dag.py:3047} INFO - Sync 1 DAGs
[2024-03-02T09:52:56.882-0300] {logging_mixin.py:188} INFO - [2024-03-02T09:52:56.881-0300] {dag.py:3834} INFO - Setting next_dagrun for tutorial_dag to None, run_after=None
[2024-03-02T09:52:56.902-0300] {processor.py:183} INFO - Processing /home/victor/Área de Trabalho/airflow/venv/lib/python3.10/site-packages/airflow/example_dags/tutorial_dag.py took 0.070 seconds
[2024-03-02T09:53:27.459-0300] {processor.py:161} INFO - Started process (PID=23096) to work on /home/victor/Área de Trabalho/airflow/venv/lib/python3.10/site-packages/airflow/example_dags/tutorial_dag.py
[2024-03-02T09:53:27.460-0300] {processor.py:830} INFO - Processing file /home/victor/Área de Trabalho/airflow/venv/lib/python3.10/site-packages/airflow/example_dags/tutorial_dag.py for tasks to queue
[2024-03-02T09:53:27.460-0300] {logging_mixin.py:188} INFO - [2024-03-02T09:53:27.460-0300] {dagbag.py:540} INFO - Filling up the DagBag from /home/victor/Área de Trabalho/airflow/venv/lib/python3.10/site-packages/airflow/example_dags/tutorial_dag.py
[2024-03-02T09:53:27.466-0300] {processor.py:840} INFO - DAG(s) 'tutorial_dag' retrieved from /home/victor/Área de Trabalho/airflow/venv/lib/python3.10/site-packages/airflow/example_dags/tutorial_dag.py
[2024-03-02T09:53:27.503-0300] {logging_mixin.py:188} INFO - [2024-03-02T09:53:27.503-0300] {dag.py:3047} INFO - Sync 1 DAGs
[2024-03-02T09:53:27.515-0300] {logging_mixin.py:188} INFO - [2024-03-02T09:53:27.515-0300] {dag.py:3834} INFO - Setting next_dagrun for tutorial_dag to None, run_after=None
[2024-03-02T09:53:27.537-0300] {processor.py:183} INFO - Processing /home/victor/Área de Trabalho/airflow/venv/lib/python3.10/site-packages/airflow/example_dags/tutorial_dag.py took 0.081 seconds
[2024-03-02T09:53:57.702-0300] {processor.py:161} INFO - Started process (PID=23413) to work on /home/victor/Área de Trabalho/airflow/venv/lib/python3.10/site-packages/airflow/example_dags/tutorial_dag.py
[2024-03-02T09:53:57.707-0300] {processor.py:830} INFO - Processing file /home/victor/Área de Trabalho/airflow/venv/lib/python3.10/site-packages/airflow/example_dags/tutorial_dag.py for tasks to queue
[2024-03-02T09:53:57.708-0300] {logging_mixin.py:188} INFO - [2024-03-02T09:53:57.708-0300] {dagbag.py:540} INFO - Filling up the DagBag from /home/victor/Área de Trabalho/airflow/venv/lib/python3.10/site-packages/airflow/example_dags/tutorial_dag.py
[2024-03-02T09:53:57.712-0300] {processor.py:840} INFO - DAG(s) 'tutorial_dag' retrieved from /home/victor/Área de Trabalho/airflow/venv/lib/python3.10/site-packages/airflow/example_dags/tutorial_dag.py
[2024-03-02T09:53:57.745-0300] {logging_mixin.py:188} INFO - [2024-03-02T09:53:57.745-0300] {dag.py:3047} INFO - Sync 1 DAGs
[2024-03-02T09:53:57.756-0300] {logging_mixin.py:188} INFO - [2024-03-02T09:53:57.756-0300] {dag.py:3834} INFO - Setting next_dagrun for tutorial_dag to None, run_after=None
[2024-03-02T09:53:57.777-0300] {processor.py:183} INFO - Processing /home/victor/Área de Trabalho/airflow/venv/lib/python3.10/site-packages/airflow/example_dags/tutorial_dag.py took 0.078 seconds
[2024-03-02T09:54:28.815-0300] {processor.py:161} INFO - Started process (PID=24063) to work on /home/victor/Área de Trabalho/airflow/venv/lib/python3.10/site-packages/airflow/example_dags/tutorial_dag.py
[2024-03-02T09:54:28.816-0300] {processor.py:830} INFO - Processing file /home/victor/Área de Trabalho/airflow/venv/lib/python3.10/site-packages/airflow/example_dags/tutorial_dag.py for tasks to queue
[2024-03-02T09:54:28.818-0300] {logging_mixin.py:188} INFO - [2024-03-02T09:54:28.818-0300] {dagbag.py:540} INFO - Filling up the DagBag from /home/victor/Área de Trabalho/airflow/venv/lib/python3.10/site-packages/airflow/example_dags/tutorial_dag.py
[2024-03-02T09:54:28.824-0300] {processor.py:840} INFO - DAG(s) 'tutorial_dag' retrieved from /home/victor/Área de Trabalho/airflow/venv/lib/python3.10/site-packages/airflow/example_dags/tutorial_dag.py
[2024-03-02T09:54:28.860-0300] {logging_mixin.py:188} INFO - [2024-03-02T09:54:28.859-0300] {dag.py:3047} INFO - Sync 1 DAGs
[2024-03-02T09:54:28.871-0300] {logging_mixin.py:188} INFO - [2024-03-02T09:54:28.871-0300] {dag.py:3834} INFO - Setting next_dagrun for tutorial_dag to None, run_after=None
[2024-03-02T09:54:28.891-0300] {processor.py:183} INFO - Processing /home/victor/Área de Trabalho/airflow/venv/lib/python3.10/site-packages/airflow/example_dags/tutorial_dag.py took 0.079 seconds
[2024-03-02T09:54:59.809-0300] {processor.py:161} INFO - Started process (PID=24621) to work on /home/victor/Área de Trabalho/airflow/venv/lib/python3.10/site-packages/airflow/example_dags/tutorial_dag.py
[2024-03-02T09:54:59.810-0300] {processor.py:830} INFO - Processing file /home/victor/Área de Trabalho/airflow/venv/lib/python3.10/site-packages/airflow/example_dags/tutorial_dag.py for tasks to queue
[2024-03-02T09:54:59.811-0300] {logging_mixin.py:188} INFO - [2024-03-02T09:54:59.811-0300] {dagbag.py:540} INFO - Filling up the DagBag from /home/victor/Área de Trabalho/airflow/venv/lib/python3.10/site-packages/airflow/example_dags/tutorial_dag.py
[2024-03-02T09:54:59.815-0300] {processor.py:840} INFO - DAG(s) 'tutorial_dag' retrieved from /home/victor/Área de Trabalho/airflow/venv/lib/python3.10/site-packages/airflow/example_dags/tutorial_dag.py
[2024-03-02T09:54:59.842-0300] {logging_mixin.py:188} INFO - [2024-03-02T09:54:59.842-0300] {dag.py:3047} INFO - Sync 1 DAGs
[2024-03-02T09:54:59.857-0300] {logging_mixin.py:188} INFO - [2024-03-02T09:54:59.857-0300] {dag.py:3834} INFO - Setting next_dagrun for tutorial_dag to None, run_after=None
[2024-03-02T09:54:59.877-0300] {processor.py:183} INFO - Processing /home/victor/Área de Trabalho/airflow/venv/lib/python3.10/site-packages/airflow/example_dags/tutorial_dag.py took 0.070 seconds
[2024-03-02T09:55:30.398-0300] {processor.py:161} INFO - Started process (PID=25089) to work on /home/victor/Área de Trabalho/airflow/venv/lib/python3.10/site-packages/airflow/example_dags/tutorial_dag.py
[2024-03-02T09:55:30.399-0300] {processor.py:830} INFO - Processing file /home/victor/Área de Trabalho/airflow/venv/lib/python3.10/site-packages/airflow/example_dags/tutorial_dag.py for tasks to queue
[2024-03-02T09:55:30.400-0300] {logging_mixin.py:188} INFO - [2024-03-02T09:55:30.400-0300] {dagbag.py:540} INFO - Filling up the DagBag from /home/victor/Área de Trabalho/airflow/venv/lib/python3.10/site-packages/airflow/example_dags/tutorial_dag.py
[2024-03-02T09:55:30.405-0300] {processor.py:840} INFO - DAG(s) 'tutorial_dag' retrieved from /home/victor/Área de Trabalho/airflow/venv/lib/python3.10/site-packages/airflow/example_dags/tutorial_dag.py
[2024-03-02T09:55:30.436-0300] {logging_mixin.py:188} INFO - [2024-03-02T09:55:30.436-0300] {dag.py:3047} INFO - Sync 1 DAGs
[2024-03-02T09:55:30.452-0300] {logging_mixin.py:188} INFO - [2024-03-02T09:55:30.451-0300] {dag.py:3834} INFO - Setting next_dagrun for tutorial_dag to None, run_after=None
[2024-03-02T09:55:30.472-0300] {processor.py:183} INFO - Processing /home/victor/Área de Trabalho/airflow/venv/lib/python3.10/site-packages/airflow/example_dags/tutorial_dag.py took 0.078 seconds
[2024-03-02T09:56:00.800-0300] {processor.py:161} INFO - Started process (PID=25587) to work on /home/victor/Área de Trabalho/airflow/venv/lib/python3.10/site-packages/airflow/example_dags/tutorial_dag.py
[2024-03-02T09:56:00.801-0300] {processor.py:830} INFO - Processing file /home/victor/Área de Trabalho/airflow/venv/lib/python3.10/site-packages/airflow/example_dags/tutorial_dag.py for tasks to queue
[2024-03-02T09:56:00.801-0300] {logging_mixin.py:188} INFO - [2024-03-02T09:56:00.801-0300] {dagbag.py:540} INFO - Filling up the DagBag from /home/victor/Área de Trabalho/airflow/venv/lib/python3.10/site-packages/airflow/example_dags/tutorial_dag.py
[2024-03-02T09:56:00.806-0300] {processor.py:840} INFO - DAG(s) 'tutorial_dag' retrieved from /home/victor/Área de Trabalho/airflow/venv/lib/python3.10/site-packages/airflow/example_dags/tutorial_dag.py
[2024-03-02T09:56:00.833-0300] {logging_mixin.py:188} INFO - [2024-03-02T09:56:00.832-0300] {dag.py:3047} INFO - Sync 1 DAGs
[2024-03-02T09:56:00.843-0300] {logging_mixin.py:188} INFO - [2024-03-02T09:56:00.843-0300] {dag.py:3834} INFO - Setting next_dagrun for tutorial_dag to None, run_after=None
[2024-03-02T09:56:00.860-0300] {processor.py:183} INFO - Processing /home/victor/Área de Trabalho/airflow/venv/lib/python3.10/site-packages/airflow/example_dags/tutorial_dag.py took 0.063 seconds
[2024-03-02T09:56:31.052-0300] {processor.py:161} INFO - Started process (PID=25910) to work on /home/victor/Área de Trabalho/airflow/venv/lib/python3.10/site-packages/airflow/example_dags/tutorial_dag.py
[2024-03-02T09:56:31.053-0300] {processor.py:830} INFO - Processing file /home/victor/Área de Trabalho/airflow/venv/lib/python3.10/site-packages/airflow/example_dags/tutorial_dag.py for tasks to queue
[2024-03-02T09:56:31.054-0300] {logging_mixin.py:188} INFO - [2024-03-02T09:56:31.054-0300] {dagbag.py:540} INFO - Filling up the DagBag from /home/victor/Área de Trabalho/airflow/venv/lib/python3.10/site-packages/airflow/example_dags/tutorial_dag.py
[2024-03-02T09:56:31.058-0300] {processor.py:840} INFO - DAG(s) 'tutorial_dag' retrieved from /home/victor/Área de Trabalho/airflow/venv/lib/python3.10/site-packages/airflow/example_dags/tutorial_dag.py
[2024-03-02T09:56:31.083-0300] {logging_mixin.py:188} INFO - [2024-03-02T09:56:31.082-0300] {dag.py:3047} INFO - Sync 1 DAGs
[2024-03-02T09:56:31.094-0300] {logging_mixin.py:188} INFO - [2024-03-02T09:56:31.094-0300] {dag.py:3834} INFO - Setting next_dagrun for tutorial_dag to None, run_after=None
[2024-03-02T09:56:31.111-0300] {processor.py:183} INFO - Processing /home/victor/Área de Trabalho/airflow/venv/lib/python3.10/site-packages/airflow/example_dags/tutorial_dag.py took 0.061 seconds
[2024-03-02T09:57:01.389-0300] {processor.py:161} INFO - Started process (PID=26393) to work on /home/victor/Área de Trabalho/airflow/venv/lib/python3.10/site-packages/airflow/example_dags/tutorial_dag.py
[2024-03-02T09:57:01.390-0300] {processor.py:830} INFO - Processing file /home/victor/Área de Trabalho/airflow/venv/lib/python3.10/site-packages/airflow/example_dags/tutorial_dag.py for tasks to queue
[2024-03-02T09:57:01.391-0300] {logging_mixin.py:188} INFO - [2024-03-02T09:57:01.390-0300] {dagbag.py:540} INFO - Filling up the DagBag from /home/victor/Área de Trabalho/airflow/venv/lib/python3.10/site-packages/airflow/example_dags/tutorial_dag.py
[2024-03-02T09:57:01.395-0300] {processor.py:840} INFO - DAG(s) 'tutorial_dag' retrieved from /home/victor/Área de Trabalho/airflow/venv/lib/python3.10/site-packages/airflow/example_dags/tutorial_dag.py
[2024-03-02T09:57:01.419-0300] {logging_mixin.py:188} INFO - [2024-03-02T09:57:01.419-0300] {dag.py:3047} INFO - Sync 1 DAGs
[2024-03-02T09:57:01.430-0300] {logging_mixin.py:188} INFO - [2024-03-02T09:57:01.429-0300] {dag.py:3834} INFO - Setting next_dagrun for tutorial_dag to None, run_after=None
[2024-03-02T09:57:01.447-0300] {processor.py:183} INFO - Processing /home/victor/Área de Trabalho/airflow/venv/lib/python3.10/site-packages/airflow/example_dags/tutorial_dag.py took 0.061 seconds
[2024-03-02T09:57:31.983-0300] {processor.py:161} INFO - Started process (PID=26875) to work on /home/victor/Área de Trabalho/airflow/venv/lib/python3.10/site-packages/airflow/example_dags/tutorial_dag.py
[2024-03-02T09:57:31.984-0300] {processor.py:830} INFO - Processing file /home/victor/Área de Trabalho/airflow/venv/lib/python3.10/site-packages/airflow/example_dags/tutorial_dag.py for tasks to queue
[2024-03-02T09:57:31.985-0300] {logging_mixin.py:188} INFO - [2024-03-02T09:57:31.984-0300] {dagbag.py:540} INFO - Filling up the DagBag from /home/victor/Área de Trabalho/airflow/venv/lib/python3.10/site-packages/airflow/example_dags/tutorial_dag.py
[2024-03-02T09:57:31.988-0300] {processor.py:840} INFO - DAG(s) 'tutorial_dag' retrieved from /home/victor/Área de Trabalho/airflow/venv/lib/python3.10/site-packages/airflow/example_dags/tutorial_dag.py
[2024-03-02T09:57:32.012-0300] {logging_mixin.py:188} INFO - [2024-03-02T09:57:32.012-0300] {dag.py:3047} INFO - Sync 1 DAGs
[2024-03-02T09:57:32.023-0300] {logging_mixin.py:188} INFO - [2024-03-02T09:57:32.023-0300] {dag.py:3834} INFO - Setting next_dagrun for tutorial_dag to None, run_after=None
[2024-03-02T09:57:32.040-0300] {processor.py:183} INFO - Processing /home/victor/Área de Trabalho/airflow/venv/lib/python3.10/site-packages/airflow/example_dags/tutorial_dag.py took 0.059 seconds
[2024-03-02T09:58:02.487-0300] {processor.py:161} INFO - Started process (PID=27403) to work on /home/victor/Área de Trabalho/airflow/venv/lib/python3.10/site-packages/airflow/example_dags/tutorial_dag.py
[2024-03-02T09:58:02.487-0300] {processor.py:830} INFO - Processing file /home/victor/Área de Trabalho/airflow/venv/lib/python3.10/site-packages/airflow/example_dags/tutorial_dag.py for tasks to queue
[2024-03-02T09:58:02.488-0300] {logging_mixin.py:188} INFO - [2024-03-02T09:58:02.488-0300] {dagbag.py:540} INFO - Filling up the DagBag from /home/victor/Área de Trabalho/airflow/venv/lib/python3.10/site-packages/airflow/example_dags/tutorial_dag.py
[2024-03-02T09:58:02.493-0300] {processor.py:840} INFO - DAG(s) 'tutorial_dag' retrieved from /home/victor/Área de Trabalho/airflow/venv/lib/python3.10/site-packages/airflow/example_dags/tutorial_dag.py
[2024-03-02T09:58:02.521-0300] {logging_mixin.py:188} INFO - [2024-03-02T09:58:02.520-0300] {dag.py:3047} INFO - Sync 1 DAGs
[2024-03-02T09:58:02.533-0300] {logging_mixin.py:188} INFO - [2024-03-02T09:58:02.533-0300] {dag.py:3834} INFO - Setting next_dagrun for tutorial_dag to None, run_after=None
[2024-03-02T09:58:02.552-0300] {processor.py:183} INFO - Processing /home/victor/Área de Trabalho/airflow/venv/lib/python3.10/site-packages/airflow/example_dags/tutorial_dag.py took 0.069 seconds
[2024-03-02T09:58:33.113-0300] {processor.py:161} INFO - Started process (PID=28172) to work on /home/victor/Área de Trabalho/airflow/venv/lib/python3.10/site-packages/airflow/example_dags/tutorial_dag.py
[2024-03-02T09:58:33.114-0300] {processor.py:830} INFO - Processing file /home/victor/Área de Trabalho/airflow/venv/lib/python3.10/site-packages/airflow/example_dags/tutorial_dag.py for tasks to queue
[2024-03-02T09:58:33.115-0300] {logging_mixin.py:188} INFO - [2024-03-02T09:58:33.115-0300] {dagbag.py:540} INFO - Filling up the DagBag from /home/victor/Área de Trabalho/airflow/venv/lib/python3.10/site-packages/airflow/example_dags/tutorial_dag.py
[2024-03-02T09:58:33.119-0300] {processor.py:840} INFO - DAG(s) 'tutorial_dag' retrieved from /home/victor/Área de Trabalho/airflow/venv/lib/python3.10/site-packages/airflow/example_dags/tutorial_dag.py
[2024-03-02T09:58:33.143-0300] {logging_mixin.py:188} INFO - [2024-03-02T09:58:33.143-0300] {dag.py:3047} INFO - Sync 1 DAGs
[2024-03-02T09:58:33.154-0300] {logging_mixin.py:188} INFO - [2024-03-02T09:58:33.154-0300] {dag.py:3834} INFO - Setting next_dagrun for tutorial_dag to None, run_after=None
[2024-03-02T09:58:33.173-0300] {processor.py:183} INFO - Processing /home/victor/Área de Trabalho/airflow/venv/lib/python3.10/site-packages/airflow/example_dags/tutorial_dag.py took 0.062 seconds
[2024-03-02T09:59:03.804-0300] {processor.py:161} INFO - Started process (PID=29310) to work on /home/victor/Área de Trabalho/airflow/venv/lib/python3.10/site-packages/airflow/example_dags/tutorial_dag.py
[2024-03-02T09:59:03.804-0300] {processor.py:830} INFO - Processing file /home/victor/Área de Trabalho/airflow/venv/lib/python3.10/site-packages/airflow/example_dags/tutorial_dag.py for tasks to queue
[2024-03-02T09:59:03.805-0300] {logging_mixin.py:188} INFO - [2024-03-02T09:59:03.805-0300] {dagbag.py:540} INFO - Filling up the DagBag from /home/victor/Área de Trabalho/airflow/venv/lib/python3.10/site-packages/airflow/example_dags/tutorial_dag.py
[2024-03-02T09:59:03.809-0300] {processor.py:840} INFO - DAG(s) 'tutorial_dag' retrieved from /home/victor/Área de Trabalho/airflow/venv/lib/python3.10/site-packages/airflow/example_dags/tutorial_dag.py
[2024-03-02T09:59:03.836-0300] {logging_mixin.py:188} INFO - [2024-03-02T09:59:03.836-0300] {dag.py:3047} INFO - Sync 1 DAGs
[2024-03-02T09:59:03.847-0300] {logging_mixin.py:188} INFO - [2024-03-02T09:59:03.847-0300] {dag.py:3834} INFO - Setting next_dagrun for tutorial_dag to None, run_after=None
[2024-03-02T09:59:03.865-0300] {processor.py:183} INFO - Processing /home/victor/Área de Trabalho/airflow/venv/lib/python3.10/site-packages/airflow/example_dags/tutorial_dag.py took 0.064 seconds
